---------------------------------------------------------------------------
Ejecutando: r_mnist_dist1_quant2_ex1
---------------------------------------------------------------------------
Número total de imágenes en entrenamiento: 10622
Número total de imágenes en validación: 11996

Clases: ['0', '1', '2', '3', '4', '5', '6', '7', '8', '9']
[0, 1.885276198387146, 1.063889503479004, 0.649049699306488, 0.6433120849974698, 0.6434173410472466, '01:20']
[0, 0.7209298610687256, 0.5829861760139465, 0.8110203146934509, 0.8084019966778451, 0.8106168910904289, '01:09']
[1, 0.32214727997779846, 0.4027084410190582, 0.8698732852935791, 0.8684718038430835, 0.8693223251013652, '01:10']
[2, 0.14969868957996368, 0.2839016318321228, 0.912387490272522, 0.9107967251079098, 0.9115685122617823, '01:11']
[3, 0.0838390588760376, 0.28046947717666626, 0.9145548343658447, 0.9130398492224966, 0.9141857745021094, '01:07']
[4, 0.066291444003582, 0.258074551820755, 0.9271423816680908, 0.9262954100378196, 0.9265768484864637, '01:08']
[5, 0.06676896661520004, 0.43038731813430786, 0.8852117657661438, 0.8832018595364989, 0.8811050883802723, '01:08']
[6, 0.06642404198646545, 0.4255593717098236, 0.888962984085083, 0.8892515371334655, 0.8907861042486342, '01:08']
[7, 0.062316104769706726, 0.3245912194252014, 0.9198899865150452, 0.9201669071539402, 0.920629942407753, '01:09']
[8, 0.046904295682907104, 0.2480524331331253, 0.9387295842170715, 0.9386033268526519, 0.93809920057457, '01:15']
[9, 0.04004130885004997, 0.2616786062717438, 0.9401467442512512, 0.940227825048547, 0.9397316178324182, '01:10']
[10, 0.03348563238978386, 0.16394251585006714, 0.96065354347229, 0.9603307604070647, 0.9604017022466731, '01:08']
[11, 0.024301933124661446, 0.21042630076408386, 0.947982668876648, 0.9465415144422977, 0.9479102947169779, '01:08']
[12, 0.033630240708589554, 0.2450626641511917, 0.9431477189064026, 0.9426886846216209, 0.9433400575100555, '01:08']
[13, 0.024447202682495117, 0.15257251262664795, 0.9648216366767883, 0.9640844627577294, 0.9643197608867607, '01:08']
[14, 0.009722215123474598, 0.16905291378498077, 0.9615705013275146, 0.9605642748780451, 0.9612651600701552, '01:08']
[15, 0.011076937429606915, 0.17094293236732483, 0.9623207449913025, 0.961930423844044, 0.9618517009494972, '01:09']
[16, 0.013629288412630558, 0.1425034999847412, 0.9674891829490662, 0.9670641004440867, 0.9671827531221517, '01:10']
[17, 0.006505842320621014, 0.11873689293861389, 0.9756585359573364, 0.9754755169659104, 0.9754657167694013, '01:08']
[18, 0.005196110345423222, 0.10033933073282242, 0.9791597127914429, 0.9789172452567663, 0.9789226778835877, '01:07']
[19, 0.006068516988307238, 0.11445244401693344, 0.973991334438324, 0.9737751493851103, 0.97376242298216, '01:09']
[20, 0.0027783378027379513, 0.12377679347991943, 0.9742414355278015, 0.9742494327335967, 0.9739694637957754, '01:08']
[21, 0.0025079017505049706, 0.0995941087603569, 0.9793264269828796, 0.9789430595495817, 0.9790519623679428, '01:08']
[22, 0.0011015039635822177, 0.08856174349784851, 0.9814104437828064, 0.9811871274477229, 0.9812061286259606, '01:08']
[23, 0.0015378230018541217, 0.09305654466152191, 0.9807435870170593, 0.980442820662258, 0.980545865810394, '01:12']
[24, 0.0010198429226875305, 0.09266478568315506, 0.9808269143104553, 0.9805130480563751, 0.9806655315207273, '01:13']
[25, 0.0005853842594660819, 0.0886259600520134, 0.9820773601531982, 0.9818215969392996, 0.981921241544083, '01:13']
[26, 0.0002549017663113773, 0.08870907127857208, 0.9815772175788879, 0.9813698881711537, 0.9813858726671434, '01:13']
[27, 0.00016866122314240783, 0.08877868950366974, 0.9814938306808472, 0.9812738284567976, 0.9813113569431995, '01:14']
No improvement since epoch 22: early stopping

Tiempo de entrenamiento: 2040.62 segundos
/mnt/homeGPU/haoweihu/TFG/lib/python3.10/site-packages/fastai/learner.py:455: UserWarning: load_learner` uses Python's insecure pickle module, which can execute malicious arbitrary code when loading. Only load files you trust.
If you only need to load model weights and optimizer state, use the safe `Learner.load` instead.
  warn("load_learner` uses Python's insecure pickle module, which can execute malicious arbitrary code when loading. Only load files you trust.\nIf you only need to load model weights and optimizer state, use the safe `Learner.load` instead.")
Loss: 0.0888
Accuracy: 0.9815
Recall: 0.9813
F1-Score: 0.9813
Loss: 0.07608222216367722
Accuracy: 0.9817708134651184
Recall (macro): 0.9815349955054676
F1 Score (macro): 0.981592682116465
---------------------------------------------------------------------------
Ejecutando: r_mnist_dist1_quant2_ex2
---------------------------------------------------------------------------
Número total de imágenes en entrenamiento: 10622
Número total de imágenes en validación: 11996

Clases: ['0', '1', '2', '3', '4', '5', '6', '7', '8', '9']
[0, 1.892285704612732, 1.0916301012039185, 0.6437979340553284, 0.6377462776654682, 0.6354268569802185, '01:20']
[0, 0.7206029295921326, 0.4609701335430145, 0.8512837886810303, 0.8495151437519368, 0.8491334226275418, '01:08']
[1, 0.2942154109477997, 0.3256121873855591, 0.9003000855445862, 0.8993370493998742, 0.8989210952557446, '01:08']
[2, 0.13867665827274323, 0.3309967815876007, 0.9006335735321045, 0.9001067145002711, 0.900081816487711, '01:09']
[3, 0.09468020498752594, 0.9832358956336975, 0.7879292964935303, 0.7848971579217643, 0.7558102957188715, '01:10']
[4, 0.06492116302251816, 0.2485862523317337, 0.928392767906189, 0.9276148548199086, 0.9280151268684911, '01:08']
[5, 0.07465767115354538, 0.3528328239917755, 0.9068022966384888, 0.9049497743890319, 0.9043282821441159, '01:08']
[6, 0.07347193360328674, 0.34001103043556213, 0.9144715070724487, 0.9135302830005301, 0.9135722418442234, '01:09']
[7, 0.07139600813388824, 0.3931383788585663, 0.9043847918510437, 0.9034004594916191, 0.9051806395728728, '01:08']
[8, 0.051080524921417236, 0.20754374563694, 0.9473157525062561, 0.9469767162964879, 0.9471940375165563, '01:08']
[9, 0.03738515079021454, 0.3868410289287567, 0.8996332287788391, 0.8975441314463343, 0.9005097917061512, '01:08']
[10, 0.03312576934695244, 0.2152976095676422, 0.9463987946510315, 0.9466011586604497, 0.9465377325790376, '01:09']
[11, 0.023640386760234833, 0.13492652773857117, 0.9668222665786743, 0.9668472923196127, 0.9665908367868583, '01:08']
[12, 0.025782570242881775, 0.157954603433609, 0.9604034423828125, 0.9599288378480904, 0.9602688793105069, '01:08']
[13, 0.019214801490306854, 0.1699899286031723, 0.9622374176979065, 0.9619465470719184, 0.9620065395704029, '01:09']
[14, 0.008489545434713364, 0.13639622926712036, 0.97024005651474, 0.9700107220547236, 0.9699084754547938, '01:09']
[15, 0.02004283480346203, 0.16756892204284668, 0.9641547203063965, 0.9640105609289783, 0.9639083035726944, '01:08']
[16, 0.01210985891520977, 0.15232156217098236, 0.9653217792510986, 0.9645318198945052, 0.9650077162208843, '01:07']
No improvement since epoch 11: early stopping

Tiempo de entrenamiento: 1253.42 segundos
/mnt/homeGPU/haoweihu/TFG/lib/python3.10/site-packages/fastai/learner.py:455: UserWarning: load_learner` uses Python's insecure pickle module, which can execute malicious arbitrary code when loading. Only load files you trust.
If you only need to load model weights and optimizer state, use the safe `Learner.load` instead.
  warn("load_learner` uses Python's insecure pickle module, which can execute malicious arbitrary code when loading. Only load files you trust.\nIf you only need to load model weights and optimizer state, use the safe `Learner.load` instead.")
Loss: 0.1523
Accuracy: 0.9653
Recall: 0.9645
F1-Score: 0.9650
Loss: 0.1363736093044281
Accuracy: 0.9691506624221802
Recall (macro): 0.9680277681123439
F1 Score (macro): 0.9686206217421096
---------------------------------------------------------------------------
Ejecutando: r_mnist_dist1_quant2_ex3
---------------------------------------------------------------------------
Número total de imágenes en entrenamiento: 10622
Número total de imágenes en validación: 11996

Clases: ['0', '1', '2', '3', '4', '5', '6', '7', '8', '9']
[0, 1.82864511013031, 1.0488908290863037, 0.6497165560722351, 0.6438181363724096, 0.6390601349674413, '01:20']
[0, 0.6560171842575073, 0.4514177739620209, 0.8522007465362549, 0.8496250933226396, 0.8491712964606494, '01:08']
[1, 0.27355849742889404, 0.3205888569355011, 0.898549497127533, 0.8970790114798003, 0.896930435645752, '01:09']
[2, 0.13686037063598633, 0.32575851678848267, 0.9011337161064148, 0.8994566904131818, 0.8998927451615956, '01:09']
[3, 0.08080510050058365, 0.33631736040115356, 0.9036345481872559, 0.9023208921419157, 0.9022702517132746, '01:08']
[4, 0.07664301246404648, 0.5943305492401123, 0.8469489812850952, 0.8438908099635751, 0.8455779343344549, '01:08']
[5, 0.05948547646403313, 0.316247820854187, 0.9137212634086609, 0.9132667811927991, 0.9127150196275531, '01:09']
[6, 0.06357591599225998, 0.26312899589538574, 0.9308936595916748, 0.930622346622226, 0.9310354514006816, '01:08']
[7, 0.05547013878822327, 0.7859126925468445, 0.8386962413787842, 0.8352194498120553, 0.8403279758867361, '01:08']
[8, 0.052728407084941864, 0.1579522341489792, 0.9574858546257019, 0.9567469046264316, 0.957192696214457, '01:10']
[9, 0.04495057091116905, 0.307909220457077, 0.9257252216339111, 0.9255096951588232, 0.924630533132289, '01:09']
[10, 0.03667762130498886, 0.15602006018161774, 0.9594031572341919, 0.9595724611595058, 0.9594614354846852, '01:08']
[11, 0.021525049582123756, 0.18773064017295837, 0.9542347192764282, 0.9537445737015042, 0.9545562500993107, '01:08']
[12, 0.020674139261245728, 0.1805427521467209, 0.9575691819190979, 0.9564638862717614, 0.9571127484387473, '01:09']
[13, 0.020756486803293228, 0.12225846201181412, 0.9679893255233765, 0.9676292724724312, 0.967721359457987, '01:09']
[14, 0.013766429387032986, 0.12714405357837677, 0.9688229560852051, 0.9685162609611048, 0.9686003977511083, '01:08']
[15, 0.016040077432990074, 0.1311478465795517, 0.97024005651474, 0.9698923380131454, 0.9698366094641123, '01:08']
[16, 0.014740838669240475, 0.1896863728761673, 0.9587362408638, 0.9579469758746069, 0.9583596873549048, '01:09']
[17, 0.008440487086772919, 0.10559067130088806, 0.974574863910675, 0.9742483139873748, 0.9743743725878702, '01:09']
[18, 0.004268361255526543, 0.09790736436843872, 0.9768255949020386, 0.9766853439533982, 0.9766134689419834, '01:09']
[19, 0.008702312596142292, 0.09565502405166626, 0.9765755534172058, 0.9763905243655893, 0.9764446750512565, '01:08']
[20, 0.0020045123528689146, 0.08320438861846924, 0.9783260822296143, 0.9780520268660089, 0.978263080385549, '01:09']
[21, 0.0018120803870260715, 0.08217901736497879, 0.9794931411743164, 0.9793327435677843, 0.9793978438723713, '01:09']
[22, 0.0012241314398124814, 0.08871599286794662, 0.9783260822296143, 0.9782445989060781, 0.9782214487615388, '01:08']
[23, 0.001204865868203342, 0.08565099537372589, 0.9809936881065369, 0.980761483492083, 0.9808654583064605, '01:07']
[24, 0.0004289323987904936, 0.08300255984067917, 0.9806602001190186, 0.9804481871328982, 0.9805230273606795, '01:08']
[25, 0.0002061132836388424, 0.08413150906562805, 0.9799099564552307, 0.9797118069239067, 0.9797696088993749, '01:07']
[26, 0.0004313323588576168, 0.08345875144004822, 0.9807435870170593, 0.9805743038693684, 0.9806166797920046, '01:07']
No improvement since epoch 21: early stopping

Tiempo de entrenamiento: 1938.45 segundos
/mnt/homeGPU/haoweihu/TFG/lib/python3.10/site-packages/fastai/learner.py:455: UserWarning: load_learner` uses Python's insecure pickle module, which can execute malicious arbitrary code when loading. Only load files you trust.
If you only need to load model weights and optimizer state, use the safe `Learner.load` instead.
  warn("load_learner` uses Python's insecure pickle module, which can execute malicious arbitrary code when loading. Only load files you trust.\nIf you only need to load model weights and optimizer state, use the safe `Learner.load` instead.")
Loss: 0.0835
Accuracy: 0.9807
Recall: 0.9806
F1-Score: 0.9806
Loss: 0.07984109222888947
Accuracy: 0.9808694124221802
Recall (macro): 0.9807618413555812
F1 Score (macro): 0.9807970309354166
---------------------------------------------------------------------------
Ejecutando: r_mnist_dist5_quant2_ex1
---------------------------------------------------------------------------
Número total de imágenes en entrenamiento: 9814
Número total de imágenes en validación: 11996

Clases: ['0', '1', '2', '3', '4', '5', '6', '7', '8', '9']
[0, 1.824328899383545, 1.0484540462493896, 0.658636212348938, 0.6525974533562985, 0.6510776617598512, '01:04']
[0, 0.7099154591560364, 0.42628875374794006, 0.862954318523407, 0.8617110521770849, 0.8610932309518147, '01:06']
[1, 0.31916773319244385, 0.33539605140686035, 0.8977159261703491, 0.8971122856949266, 0.8970260177700332, '01:06']
[2, 0.16080355644226074, 0.27518144249916077, 0.914971649646759, 0.9144467617851145, 0.9142423962565605, '01:06']
[3, 0.0945439487695694, 0.254271537065506, 0.9231410622596741, 0.9226785653411982, 0.9223611642333633, '01:06']
[4, 0.06121956929564476, 0.30890724062919617, 0.9118039608001709, 0.9117316120472223, 0.9096225472772501, '01:06']
[5, 0.06638253480195999, 0.35563498735427856, 0.9043014049530029, 0.9034531792924707, 0.9048869854456691, '01:05']
[6, 0.08129069209098816, 0.38639453053474426, 0.9084694981575012, 0.9066086358839367, 0.9097068689865303, '01:06']
[7, 0.054397255182266235, 0.407831609249115, 0.9028009176254272, 0.9005406556795815, 0.8975660440707166, '01:07']
[8, 0.057590875774621964, 0.3177909255027771, 0.932144045829773, 0.9315236530817795, 0.9312345228643595, '01:05']
No improvement since epoch 3: early stopping

Tiempo de entrenamiento: 662.66 segundos
/mnt/homeGPU/haoweihu/TFG/lib/python3.10/site-packages/fastai/learner.py:455: UserWarning: load_learner` uses Python's insecure pickle module, which can execute malicious arbitrary code when loading. Only load files you trust.
If you only need to load model weights and optimizer state, use the safe `Learner.load` instead.
  warn("load_learner` uses Python's insecure pickle module, which can execute malicious arbitrary code when loading. Only load files you trust.\nIf you only need to load model weights and optimizer state, use the safe `Learner.load` instead.")
Loss: 0.3178
Accuracy: 0.9321
Recall: 0.9315
F1-Score: 0.9312
Loss: 0.31600651144981384
Accuracy: 0.9281851053237915
Recall (macro): 0.9275759003781301
F1 Score (macro): 0.9278132111290016
---------------------------------------------------------------------------
Ejecutando: r_mnist_dist5_quant2_ex2
---------------------------------------------------------------------------
Número total de imágenes en entrenamiento: 9814
Número total de imágenes en validación: 11996

Clases: ['0', '1', '2', '3', '4', '5', '6', '7', '8', '9']
[0, 1.8654086589813232, 1.052030086517334, 0.6531344056129456, 0.647015390701816, 0.6441884177019626, '01:04']
[0, 0.7660123705863953, 0.4710977077484131, 0.8454484939575195, 0.8434931196387916, 0.8431195396919351, '01:06']
[1, 0.32344064116477966, 0.39837029576301575, 0.8726242184638977, 0.8715615710619545, 0.8715222557263589, '01:06']
[2, 0.1491633504629135, 0.3750334084033966, 0.8847115635871887, 0.8832346671958081, 0.8849795018982037, '01:05']
[3, 0.08542060106992722, 0.29038286209106445, 0.9131377339363098, 0.9122224800952654, 0.9116640805266456, '01:06']
[4, 0.08837157487869263, 0.3652271628379822, 0.8975492119789124, 0.8948860780187804, 0.8949983040002929, '01:06']
[5, 0.06353863328695297, 0.29542022943496704, 0.9175558686256409, 0.916432347281835, 0.9165757531760527, '01:06']
[6, 0.056257836520671844, 0.3472667932510376, 0.9138879776000977, 0.9128359129820629, 0.9106526965927106, '01:05']
[7, 0.06101272255182266, 0.2007976472377777, 0.9473991394042969, 0.9464374180581521, 0.9468706991045733, '01:07']
[8, 0.06868995726108551, 0.26281216740608215, 0.9342280626296997, 0.9340150200920778, 0.9340132251221606, '01:06']
[9, 0.038964349776506424, 0.4343140125274658, 0.9041346907615662, 0.9045179136987771, 0.9001789657079844, '01:06']
[10, 0.03917219489812851, 0.24828951060771942, 0.9391463994979858, 0.9387970893305152, 0.9375248302326622, '01:06']
[11, 0.0262443907558918, 0.14579349756240845, 0.9642381072044373, 0.9639096825834781, 0.9639725575134334, '01:07']
[12, 0.022760532796382904, 0.16285403072834015, 0.9602367281913757, 0.9601404387464045, 0.9601002784461578, '01:06']
[13, 0.023357238620519638, 0.21098506450653076, 0.9498165845870972, 0.949078802296438, 0.9483339797759023, '01:07']
[14, 0.019705837592482567, 0.21678584814071655, 0.952400803565979, 0.9507511841830167, 0.9513096474507545, '01:04']
[15, 0.012548045255243778, 0.15641643106937408, 0.9648216366767883, 0.9645394284050625, 0.9645736670654873, '01:04']
[16, 0.009029543027281761, 0.11820820719003677, 0.9714071154594421, 0.9711772745454933, 0.971198751444879, '01:05']
[17, 0.009427348151803017, 0.1878660023212433, 0.9587362408638, 0.958204685639536, 0.9584851783043667, '01:05']
[18, 0.008258853107690811, 0.12514406442642212, 0.9723241329193115, 0.9720645114530331, 0.972091189828719, '01:05']
[19, 0.0031464367639273405, 0.10992999374866486, 0.9753251075744629, 0.9751514100243373, 0.9751857217989317, '01:05']
[20, 0.004858208820223808, 0.12709176540374756, 0.9740747213363647, 0.9738484031320823, 0.9738412327785527, '01:05']
[21, 0.0012097477447241545, 0.1083938255906105, 0.9758252501487732, 0.9757391787994951, 0.9756685765910984, '01:05']
[22, 0.00125227402895689, 0.10879452526569366, 0.976492166519165, 0.9765001560480716, 0.9763197207342763, '01:05']
[23, 0.000447695521870628, 0.10550519078969955, 0.9772424101829529, 0.977174964879503, 0.9771055901214509, '01:04']
[24, 0.0009428429766558111, 0.09567739069461823, 0.9791597127914429, 0.9791089669980403, 0.9790434746253036, '01:07']
[25, 0.00012674613390117884, 0.09386003017425537, 0.979659914970398, 0.9795896692393761, 0.979529434727785, '01:10']
[26, 0.00016138952923938632, 0.09728570282459259, 0.9789929986000061, 0.9788641032565885, 0.9788568063706746, '01:06']
[27, 0.00010214649955742061, 0.09575934708118439, 0.9799933433532715, 0.9799303471392872, 0.9798639546166852, '01:06']
[28, 0.0001429673284292221, 0.09688782691955566, 0.9789929986000061, 0.9789949258886569, 0.9788374594218638, '01:07']
[29, 9.532079275231808e-05, 0.09663597494363785, 0.9793264269828796, 0.9792489824838005, 0.9791725114615918, '01:07']

Tiempo de entrenamiento: 2052.85 segundos
/mnt/homeGPU/haoweihu/TFG/lib/python3.10/site-packages/fastai/learner.py:455: UserWarning: load_learner` uses Python's insecure pickle module, which can execute malicious arbitrary code when loading. Only load files you trust.
If you only need to load model weights and optimizer state, use the safe `Learner.load` instead.
  warn("load_learner` uses Python's insecure pickle module, which can execute malicious arbitrary code when loading. Only load files you trust.\nIf you only need to load model weights and optimizer state, use the safe `Learner.load` instead.")
Loss: 0.0966
Accuracy: 0.9793
Recall: 0.9792
F1-Score: 0.9792
Loss: 0.08574344962835312
Accuracy: 0.9808694124221802
Recall (macro): 0.9807623462234794
F1 Score (macro): 0.9807486833579657
---------------------------------------------------------------------------
Ejecutando: r_mnist_dist5_quant2_ex3
---------------------------------------------------------------------------
Número total de imágenes en entrenamiento: 9814
Número total de imágenes en validación: 11996

Clases: ['0', '1', '2', '3', '4', '5', '6', '7', '8', '9']
[0, 1.8208098411560059, 1.1157312393188477, 0.6377959251403809, 0.6318557818850496, 0.6290518485154089, '01:05']
[0, 0.7672967910766602, 0.5197887420654297, 0.8326942324638367, 0.8291491427192785, 0.828299778913048, '01:06']
[1, 0.3501160442829132, 0.3772329092025757, 0.8822941184043884, 0.8802130731336396, 0.8813559927588333, '01:06']
[2, 0.1765180379152298, 0.3089973032474518, 0.9020506739616394, 0.9002902921716706, 0.9011726642231445, '01:06']
[3, 0.11147484183311462, 0.31603148579597473, 0.9079692959785461, 0.9070001466694331, 0.907432383979895, '01:06']
[4, 0.0797218382358551, 0.6161087155342102, 0.8522007465362549, 0.8506163290821431, 0.8570779560054023, '01:06']
[5, 0.07399516552686691, 0.3063865005970001, 0.9190563559532166, 0.9193353171048712, 0.9187256344452068, '01:07']
[6, 0.06928626447916031, 0.44672057032585144, 0.8881293535232544, 0.8875324102107565, 0.8886513702405047, '01:07']
[7, 0.06957186013460159, 2.505553722381592, 0.6701400279998779, 0.670465399147572, 0.6723103203430215, '01:05']
[8, 0.04786957427859306, 0.4876951277256012, 0.8907135725021362, 0.8878814833039576, 0.8900943519871785, '01:07']
[9, 0.05035438388586044, 0.2457616925239563, 0.9413971304893494, 0.940192912200686, 0.9413368038669525, '01:07']
[10, 0.03707947954535484, 0.33932438492774963, 0.92705899477005, 0.9258089329701094, 0.9271998267979409, '01:06']
[11, 0.03176286444067955, 0.17456573247909546, 0.9584028124809265, 0.9579234218490171, 0.958158805533167, '01:06']
[12, 0.02577652782201767, 0.2709120512008667, 0.9381460547447205, 0.9375610175381626, 0.9359010810090836, '01:05']
[13, 0.02251497283577919, 0.1743595451116562, 0.960070013999939, 0.9595836467834975, 0.9598198587948902, '01:04']
[14, 0.01875418797135353, 0.16879390180110931, 0.9583194255828857, 0.9580981255311933, 0.9581740609623763, '01:05']
[15, 0.01251181773841381, 0.13848106563091278, 0.9674891829490662, 0.9671357018852305, 0.9672713058244339, '01:05']
[16, 0.010502695105969906, 0.19410164654254913, 0.958152711391449, 0.9576121586803799, 0.9578093408879719, '01:04']
[17, 0.009213684126734734, 0.14598461985588074, 0.9676558971405029, 0.9674143712021396, 0.9673400654878715, '01:04']
[18, 0.006747965235263109, 0.11641906201839447, 0.9751583933830261, 0.9748033443692059, 0.9749613367842951, '01:05']
[19, 0.0038279134314507246, 0.17968164384365082, 0.9641547203063965, 0.9638021224955476, 0.9634824256951265, '01:04']
[20, 0.0019461209885776043, 0.11959125846624374, 0.9753251075744629, 0.9749140146747353, 0.975074219929079, '01:05']
[21, 0.0013407199876382947, 0.10898661613464355, 0.9763254523277283, 0.9760705175732968, 0.9761525652808762, '01:05']
[22, 0.0015471938531845808, 0.11959262937307358, 0.9750750064849854, 0.9749287991747867, 0.9748556261310535, '01:08']
[23, 0.0013141613453626633, 0.1105678603053093, 0.9776592254638672, 0.9775932535822873, 0.9775476285336324, '01:09']
[24, 0.0003232356102671474, 0.1040601059794426, 0.9794098138809204, 0.9792855233949082, 0.9792779859681884, '01:07']
[25, 0.0002634192642290145, 0.10573364049196243, 0.9794098138809204, 0.9792528200290687, 0.9792865578162795, '01:06']
[26, 0.00016340261208824813, 0.1042068749666214, 0.9801600575447083, 0.9800363850286444, 0.9800111793733863, '01:07']
[27, 0.00039463717257604003, 0.10452724248170853, 0.9799099564552307, 0.9798209499750975, 0.9797665857861766, '01:07']
[28, 0.00030671892454847693, 0.10289312154054642, 0.979743242263794, 0.979600243318757, 0.9795964230375367, '01:06']
[29, 0.0002091327914968133, 0.10397125035524368, 0.9809103012084961, 0.9807811131166387, 0.9807702247423832, '01:06']

Tiempo de entrenamiento: 2056.01 segundos
/mnt/homeGPU/haoweihu/TFG/lib/python3.10/site-packages/fastai/learner.py:455: UserWarning: load_learner` uses Python's insecure pickle module, which can execute malicious arbitrary code when loading. Only load files you trust.
If you only need to load model weights and optimizer state, use the safe `Learner.load` instead.
  warn("load_learner` uses Python's insecure pickle module, which can execute malicious arbitrary code when loading. Only load files you trust.\nIf you only need to load model weights and optimizer state, use the safe `Learner.load` instead.")
Loss: 0.1040
Accuracy: 0.9809
Recall: 0.9808
F1-Score: 0.9808
Loss: 0.08844228088855743
Accuracy: 0.9802684187889099
Recall (macro): 0.9801293605252722
F1 Score (macro): 0.9801667262490469
---------------------------------------------------------------------------
Ejecutando: r_mnist_dist01_quant2_ex1
---------------------------------------------------------------------------
Número total de imágenes en entrenamiento: 21714
Número total de imágenes en validación: 11996

Clases: ['0', '1', '2', '3', '4', '5', '6', '7', '8', '9']
[0, 1.6092121601104736, 1.1867040395736694, 0.5946982502937317, 0.5901269802445748, 0.5812420829465322, '01:41']
[0, 0.3784331977367401, 0.38735446333885193, 0.8774591684341431, 0.877317886432893, 0.8771066101849179, '01:46']
[1, 0.16311120986938477, 0.26700279116630554, 0.9141380190849304, 0.9134316229270778, 0.9142145773291043, '01:47']
[2, 0.0953165590763092, 0.4399130344390869, 0.8631210327148438, 0.8604620092621854, 0.855130762950521, '01:45']
[3, 0.07056747376918793, 0.22800743579864502, 0.9310603737831116, 0.9307091207368074, 0.9306198761335815, '01:46']
[4, 0.06588335335254669, 0.2661052644252777, 0.9331443905830383, 0.9331284280850918, 0.9334931806007463, '01:45']
[5, 0.059634704142808914, 0.5814905166625977, 0.8621206879615784, 0.8612143962286588, 0.8652248489055656, '01:43']
[6, 0.0504324845969677, 0.19901704788208008, 0.9482327699661255, 0.9476074680202906, 0.9473223926378479, '01:45']
[7, 0.045056529343128204, 0.15900130569934845, 0.9564021229743958, 0.9559509306861245, 0.9564933889540702, '01:44']
[8, 0.04160574451088905, 0.2859119474887848, 0.9320606589317322, 0.9320320355294518, 0.9335421733283564, '01:43']
[9, 0.023228010162711143, 0.1233687475323677, 0.9689062833786011, 0.9690468327851784, 0.968641975607395, '01:44']
[10, 0.025811105966567993, 0.27242574095726013, 0.9452317357063293, 0.9442763822117314, 0.9450928619627419, '01:44']
[11, 0.019764956086874008, 0.09330138564109802, 0.9783260822296143, 0.9779743870548071, 0.9780257108729613, '01:44']
[12, 0.023685084655880928, 0.16587390005588531, 0.9585695266723633, 0.957668087140811, 0.9583371956636111, '01:45']
[13, 0.012161053717136383, 0.1657002866268158, 0.9641547203063965, 0.9636984970215481, 0.9634627145137313, '01:41']
[14, 0.015184283256530762, 0.11867702752351761, 0.9719906449317932, 0.9720691810005799, 0.9717504606610416, '01:42']
[15, 0.010879983194172382, 0.13056573271751404, 0.9736579060554504, 0.9734327298018867, 0.9734451699508762, '01:43']
[16, 0.005882852710783482, 0.09894485771656036, 0.9781593680381775, 0.9778682643553867, 0.9779267750817274, '01:40']
No improvement since epoch 11: early stopping

Tiempo de entrenamiento: 1876.39 segundos
/mnt/homeGPU/haoweihu/TFG/lib/python3.10/site-packages/fastai/learner.py:455: UserWarning: load_learner` uses Python's insecure pickle module, which can execute malicious arbitrary code when loading. Only load files you trust.
If you only need to load model weights and optimizer state, use the safe `Learner.load` instead.
  warn("load_learner` uses Python's insecure pickle module, which can execute malicious arbitrary code when loading. Only load files you trust.\nIf you only need to load model weights and optimizer state, use the safe `Learner.load` instead.")
Loss: 0.0989
Accuracy: 0.9782
Recall: 0.9779
F1-Score: 0.9779
Loss: 0.09655248373746872
Accuracy: 0.9775640964508057
Recall (macro): 0.9773528506611762
F1 Score (macro): 0.9775237853818199
---------------------------------------------------------------------------
Ejecutando: r_mnist_dist01_quant2_ex2
---------------------------------------------------------------------------
Número total de imágenes en entrenamiento: 21714
Número total de imágenes en validación: 11996

Clases: ['0', '1', '2', '3', '4', '5', '6', '7', '8', '9']
[0, 1.6534596681594849, 1.1607333421707153, 0.6151217222213745, 0.6060020633425629, 0.5932694041781976, '01:54']
[0, 0.4242374897003174, 0.45186787843704224, 0.8554518222808838, 0.8549542626170403, 0.8555341586599134, '01:40']
[1, 0.20162314176559448, 0.3936927020549774, 0.8753751516342163, 0.8746445309792239, 0.8693026572091276, '01:40']
[2, 0.10190311074256897, 0.3014318645000458, 0.9122207164764404, 0.9112031968583121, 0.9089337605931955, '01:40']
[3, 0.06906013935804367, 0.31844744086265564, 0.9098866581916809, 0.9093895038567726, 0.9096523791027341, '01:42']
[4, 0.060498353093862534, 0.45791152119636536, 0.884544849395752, 0.8832613358854058, 0.8879768724538261, '01:40']
[5, 0.058006446808576584, 0.20397686958312988, 0.9451484084129333, 0.945028104540295, 0.9444001985235374, '01:41']
[6, 0.048192527145147324, 0.37164849042892456, 0.912470817565918, 0.9097376354971262, 0.9098266975218067, '01:41']
[7, 0.03930896520614624, 0.20512185990810394, 0.9454818367958069, 0.9452425451340197, 0.9452786128027173, '01:42']
[8, 0.03509407863020897, 0.14392663538455963, 0.9637379050254822, 0.9639258999765363, 0.9637224822841887, '01:43']
[9, 0.025591634213924408, 0.13252446055412292, 0.9691563844680786, 0.9690471590873309, 0.9689722090733872, '01:40']
[10, 0.026081012561917305, 0.23797374963760376, 0.9490663409233093, 0.9495010669102413, 0.9498419147018187, '01:42']
[11, 0.0224935133010149, 0.11839885264635086, 0.9710736870765686, 0.9712321250422811, 0.9709544390412083, '01:41']
[12, 0.015866104513406754, 0.27432379126548767, 0.938479483127594, 0.9375981731705924, 0.9364037471954699, '01:41']
[13, 0.016263466328382492, 0.09122081845998764, 0.9764087796211243, 0.9761480379353573, 0.9762028354270061, '01:42']
[14, 0.010472162626683712, 0.11025474220514297, 0.9744914770126343, 0.9742516558929106, 0.9744955936608818, '01:40']
[15, 0.009171923622488976, 0.1213536411523819, 0.972740888595581, 0.9725741564053461, 0.9725797037410707, '01:42']
[16, 0.007923650555312634, 0.09644923359155655, 0.9789929986000061, 0.9788959224849026, 0.9789436618108812, '01:40']
[17, 0.005158870480954647, 0.09691906720399857, 0.9804101586341858, 0.9803370380542665, 0.9803146286364324, '01:41']
[18, 0.004032608587294817, 0.09297222644090652, 0.9809936881065369, 0.9809934419776256, 0.980895317821618, '01:41']
No improvement since epoch 13: early stopping

Tiempo de entrenamiento: 2042.89 segundos
/mnt/homeGPU/haoweihu/TFG/lib/python3.10/site-packages/fastai/learner.py:455: UserWarning: load_learner` uses Python's insecure pickle module, which can execute malicious arbitrary code when loading. Only load files you trust.
If you only need to load model weights and optimizer state, use the safe `Learner.load` instead.
  warn("load_learner` uses Python's insecure pickle module, which can execute malicious arbitrary code when loading. Only load files you trust.\nIf you only need to load model weights and optimizer state, use the safe `Learner.load` instead.")
Loss: 0.0930
Accuracy: 0.9810
Recall: 0.9810
F1-Score: 0.9809
Loss: 0.07199398428201675
Accuracy: 0.9836738705635071
Recall (macro): 0.9835886967276298
F1 Score (macro): 0.9836058347730983
---------------------------------------------------------------------------
Ejecutando: r_mnist_dist01_quant2_ex3
---------------------------------------------------------------------------
Número total de imágenes en entrenamiento: 21714
Número total de imágenes en validación: 11996

Clases: ['0', '1', '2', '3', '4', '5', '6', '7', '8', '9']
[0, 1.6737594604492188, 1.0939806699752808, 0.6585528254508972, 0.6527083306315602, 0.6503651864246678, '01:55']
[0, 0.43249058723449707, 0.3688354790210724, 0.8884628415107727, 0.887761282053714, 0.8882631587079514, '01:40']
[1, 0.18050171434879303, 0.29295578598976135, 0.9079692959785461, 0.9073498982595789, 0.9072244239608059, '01:42']
[2, 0.11537281423807144, 0.2661895751953125, 0.9196398854255676, 0.9200403868639911, 0.919678591632706, '01:41']
[3, 0.07700084894895554, 0.27999967336654663, 0.9190563559532166, 0.9192734669491806, 0.9205631569479689, '01:41']
[4, 0.06013353168964386, 0.2614934742450714, 0.9252250790596008, 0.9241819792987558, 0.9244718046270725, '01:42']
[5, 0.050433170050382614, 0.20285800099372864, 0.9435645341873169, 0.9435661519905361, 0.9441312556812516, '01:40']
[6, 0.055542051792144775, 0.26929721236228943, 0.9363120794296265, 0.9352010620043089, 0.9359165205589148, '01:42']
[7, 0.05071964114904404, 0.20111200213432312, 0.9502333998680115, 0.9496206541269411, 0.9506811127881525, '01:41']
[8, 0.04517820104956627, 0.4884936809539795, 0.8897966146469116, 0.8884614870723544, 0.8918187710168543, '01:42']
[9, 0.029658658429980278, 0.15434864163398743, 0.9640713334083557, 0.9635732525955932, 0.963715753027724, '01:42']
[10, 0.029008179903030396, 0.20808054506778717, 0.9534844756126404, 0.9532948900120276, 0.9533214918761977, '01:42']
[11, 0.030011354014277458, 0.11878228187561035, 0.9709903597831726, 0.9711693039689383, 0.9709246462214438, '01:42']
[12, 0.014118378981947899, 0.11089153587818146, 0.9734078049659729, 0.9734397020830714, 0.9735166927785949, '01:41']
[13, 0.014991412870585918, 0.11036418378353119, 0.9760753512382507, 0.9761583296852692, 0.9760287645890926, '01:42']
[14, 0.012907013297080994, 0.13715864717960358, 0.9691563844680786, 0.9692934606092878, 0.9690562146801863, '01:41']
[15, 0.006563031114637852, 0.09206802397966385, 0.9794931411743164, 0.9795453481762515, 0.9794294556584564, '01:41']
[16, 0.011168766766786575, 0.11107446998357773, 0.9741580486297607, 0.9744999423054843, 0.9742179562126841, '01:42']
[17, 0.008442673832178116, 0.11799437552690506, 0.9744081497192383, 0.9744161052547232, 0.97445599350816, '01:41']
[18, 0.006731119006872177, 0.08680707216262817, 0.9817439317703247, 0.9817932353975273, 0.981754732279347, '01:43']
[19, 0.001413745223544538, 0.08110971748828888, 0.9825775027275085, 0.982502816308678, 0.982576030640924, '01:41']
[20, 0.0018445774912834167, 0.0813579335808754, 0.982244074344635, 0.9822740149479661, 0.982221034614821, '01:40']
[21, 0.0009347059531137347, 0.07732437551021576, 0.9836612343788147, 0.9837167229718901, 0.9836757471639276, '01:42']
[22, 0.0006926899659447372, 0.08290921896696091, 0.9839112758636475, 0.9839785941055876, 0.9838816502191727, '01:40']
[23, 0.00041033781599253416, 0.07191889733076096, 0.9854951500892639, 0.9855285357315534, 0.9854978064494537, '01:42']
[24, 0.0002906193840317428, 0.074583999812603, 0.9849950075149536, 0.9851377409411175, 0.9850290710492711, '01:41']
[25, 0.0002977888798341155, 0.07461739331483841, 0.9849950075149536, 0.9851289308607768, 0.9850578529237517, '01:41']
[26, 7.324854232138023e-05, 0.07322950661182404, 0.9850783348083496, 0.9851169169165134, 0.9851006274489787, '01:41']
[27, 0.00016046612290665507, 0.07258019596338272, 0.9856618642807007, 0.9856898102460885, 0.985681903393153, '01:41']
[28, 0.00017988108447752893, 0.07274635881185532, 0.9853284358978271, 0.9853834852293806, 0.9853462444548006, '01:42']
No improvement since epoch 23: early stopping

Tiempo de entrenamiento: 3066.75 segundos
/mnt/homeGPU/haoweihu/TFG/lib/python3.10/site-packages/fastai/learner.py:455: UserWarning: load_learner` uses Python's insecure pickle module, which can execute malicious arbitrary code when loading. Only load files you trust.
If you only need to load model weights and optimizer state, use the safe `Learner.load` instead.
  warn("load_learner` uses Python's insecure pickle module, which can execute malicious arbitrary code when loading. Only load files you trust.\nIf you only need to load model weights and optimizer state, use the safe `Learner.load` instead.")
Loss: 0.0727
Accuracy: 0.9853
Recall: 0.9854
F1-Score: 0.9853
Loss: 0.05510946363210678
Accuracy: 0.9884815812110901
Recall (macro): 0.9883856790409835
F1 Score (macro): 0.9884197224752322
mail: cannot send message: Process exited with a non-zero status
