---------------------------------------------------------------------------
Ejecutando: r_mnist_dist1_otsu_ex1
---------------------------------------------------------------------------
Número total de imágenes en entrenamiento: 10622
Número total de imágenes en validación: 11996

Clases: ['0', '1', '2', '3', '4', '5', '6', '7', '8', '9']
[0, 1.418831467628479, 0.840594470500946, 0.7233244180679321, 0.7188993019465075, 0.7174178253662253, '01:06']
[0, 0.5167216658592224, 0.39268505573272705, 0.8781260251998901, 0.8762911719096289, 0.8767993079616108, '01:06']
[1, 0.2288786619901657, 0.29682227969169617, 0.9093864560127258, 0.9080939817696656, 0.9085566396305176, '01:09']
[2, 0.1028398796916008, 0.24897482991218567, 0.924474835395813, 0.9237602417328764, 0.9234940145603796, '01:12']
[3, 0.060658376663923264, 0.36057981848716736, 0.9018839597702026, 0.9000519104820528, 0.9021619654149671, '01:10']
[4, 0.0663292184472084, 0.4498535692691803, 0.8906301856040955, 0.8900715468168483, 0.8930708293000743, '01:09']
[5, 0.058662764728069305, 0.42765602469444275, 0.8929643034934998, 0.8933638632176658, 0.8892766465681637, '01:11']
[6, 0.06762402504682541, 1.2167813777923584, 0.8035178184509277, 0.8010265059415825, 0.7873878927365838, '01:08']
[7, 0.0560678169131279, 0.30644461512565613, 0.9216405749320984, 0.9212081105115631, 0.9219019422334643, '01:08']
No improvement since epoch 2: early stopping

Tiempo de entrenamiento: 624.20 segundos
/mnt/homeGPU/haoweihu/TFG/lib/python3.10/site-packages/fastai/learner.py:455: UserWarning: load_learner` uses Python's insecure pickle module, which can execute malicious arbitrary code when loading. Only load files you trust.
If you only need to load model weights and optimizer state, use the safe `Learner.load` instead.
  warn("load_learner` uses Python's insecure pickle module, which can execute malicious arbitrary code when loading. Only load files you trust.\nIf you only need to load model weights and optimizer state, use the safe `Learner.load` instead.")
Loss: 0.3064
Accuracy: 0.9216
Recall: 0.9212
F1-Score: 0.9219
Loss: 0.280630499124527
Accuracy: 0.9251803159713745
Recall (macro): 0.9246408235244589
F1 Score (macro): 0.9259922640971168
---------------------------------------------------------------------------
Ejecutando: r_mnist_dist1_otsu_ex2
---------------------------------------------------------------------------
Número total de imágenes en entrenamiento: 10622
Número total de imágenes en validación: 11996

Clases: ['0', '1', '2', '3', '4', '5', '6', '7', '8', '9']
[0, 1.3621906042099, 0.8237482309341431, 0.7247415781021118, 0.7208703484580882, 0.7230750668878336, '01:06']
[0, 0.46906518936157227, 0.3717907667160034, 0.8839613199234009, 0.8826651885444946, 0.8826033488440886, '01:08']
[1, 0.2181020826101303, 0.28770941495895386, 0.9133044481277466, 0.9125195914064115, 0.9125757082905128, '01:07']
[2, 0.10805380344390869, 0.24360133707523346, 0.9241414070129395, 0.923394116339777, 0.9238384329601892, '01:08']
[3, 0.062065113335847855, 0.24526992440223694, 0.9290596842765808, 0.9284149776586487, 0.9282266533128496, '01:08']
[4, 0.07062499970197678, 0.2460402250289917, 0.9324774742126465, 0.9315965991587303, 0.9321065072281634, '01:08']
[5, 0.06087665259838104, 0.34622108936309814, 0.9093031287193298, 0.9090802046701985, 0.9079700457561692, '01:08']
[6, 0.06769521534442902, 0.2841625511646271, 0.928392767906189, 0.9277673606190809, 0.9281981955268822, '01:08']
[7, 0.05753149464726448, 0.17362260818481445, 0.9545682072639465, 0.9536168750032695, 0.9540718022479149, '01:07']
[8, 0.041438549757003784, 0.16041156649589539, 0.9598199129104614, 0.9595674091426158, 0.9596440520194388, '01:07']
[9, 0.04901739954948425, 0.12954486906528473, 0.96640545129776, 0.9662570295153857, 0.9660112356465467, '01:08']
[10, 0.044257745146751404, 0.529952347278595, 0.8849616646766663, 0.8850167436577673, 0.8862072151273438, '01:07']
[11, 0.03032301366329193, 0.43196380138397217, 0.9025508761405945, 0.9024013537663016, 0.905601847630027, '01:09']
[12, 0.015727749094367027, 0.17818282544612885, 0.9565688371658325, 0.9561637515600869, 0.9562006939092592, '01:07']
[13, 0.025651784613728523, 0.15760330855846405, 0.9660720229148865, 0.9657684024881631, 0.9658138246289983, '01:07']
[14, 0.016733763739466667, 0.11927913129329681, 0.9719073176383972, 0.9718233270819633, 0.971736763522148, '01:06']
[15, 0.01139451377093792, 0.10767734050750732, 0.974574863910675, 0.9742229730911459, 0.9743691301154845, '01:08']
[16, 0.007642481476068497, 0.10821063071489334, 0.9723241329193115, 0.9723392404340834, 0.972170024640221, '01:07']
[17, 0.007514810189604759, 0.10746292769908905, 0.9749082922935486, 0.9746682590703383, 0.9747817968346759, '01:06']
[18, 0.0028625468257814646, 0.09874141961336136, 0.9759920239448547, 0.9759302949534053, 0.9758813480965332, '01:06']
[19, 0.004189460072666407, 0.08280377835035324, 0.9789096117019653, 0.9787739666637781, 0.9788578165827108, '01:07']
[20, 0.0022939417976886034, 0.0957595631480217, 0.9774091243743896, 0.9773811740718523, 0.9771996690186959, '01:05']
[21, 0.0022603687830269337, 0.11154064536094666, 0.974658191204071, 0.974387185353333, 0.9744545603355503, '01:06']
[22, 0.00170100387185812, 0.08477059006690979, 0.9799099564552307, 0.9798073333600831, 0.97971249356625, '01:19']
[23, 0.00043562674545682967, 0.08494849503040314, 0.979743242263794, 0.9797156235429654, 0.9796445647801117, '01:13']
[24, 0.0009020183351822197, 0.09140018373727798, 0.9791597127914429, 0.9791557925884016, 0.9790427137893672, '01:06']
No improvement since epoch 19: early stopping

Tiempo de entrenamiento: 1773.96 segundos
/mnt/homeGPU/haoweihu/TFG/lib/python3.10/site-packages/fastai/learner.py:455: UserWarning: load_learner` uses Python's insecure pickle module, which can execute malicious arbitrary code when loading. Only load files you trust.
If you only need to load model weights and optimizer state, use the safe `Learner.load` instead.
  warn("load_learner` uses Python's insecure pickle module, which can execute malicious arbitrary code when loading. Only load files you trust.\nIf you only need to load model weights and optimizer state, use the safe `Learner.load` instead.")
Loss: 0.0914
Accuracy: 0.9792
Recall: 0.9792
F1-Score: 0.9790
Loss: 0.07469888031482697
Accuracy: 0.9831730723381042
Recall (macro): 0.9830692976749209
F1 Score (macro): 0.9829557518681294
---------------------------------------------------------------------------
Ejecutando: r_mnist_dist1_otsu_ex3
---------------------------------------------------------------------------
Número total de imágenes en entrenamiento: 10622
Número total de imágenes en validación: 11996

Clases: ['0', '1', '2', '3', '4', '5', '6', '7', '8', '9']
[0, 1.3285166025161743, 0.7475028038024902, 0.7498332858085632, 0.7450432750992356, 0.7441925218184413, '01:18']
[0, 0.4425036907196045, 0.3624517619609833, 0.885128378868103, 0.8842986525056806, 0.8841688483754371, '01:05']
[1, 0.18477514386177063, 0.25509563088417053, 0.9200567007064819, 0.9187468483213562, 0.9192677486719907, '01:06']
[2, 0.09912611544132233, 0.20759525895118713, 0.9372290968894958, 0.9367495410082741, 0.9366917766867872, '01:06']
[3, 0.06538163125514984, 0.19868013262748718, 0.942230761051178, 0.9417562939183164, 0.9416667481287941, '01:06']
[4, 0.04814515635371208, 0.21276354789733887, 0.9423974752426147, 0.9417504986428631, 0.9417753993431704, '01:06']
[5, 0.07007108628749847, 0.19762347638607025, 0.948566198348999, 0.94746280032516, 0.9479319246926377, '01:06']
[6, 0.06658536195755005, 0.15676350891590118, 0.9603201150894165, 0.9594104460730373, 0.9598649697981605, '01:12']
[7, 0.04600846394896507, 0.19740206003189087, 0.952400803565979, 0.9511353810385446, 0.9514450177980981, '01:06']
[8, 0.043564535677433014, 0.18942268192768097, 0.9551517367362976, 0.954856344922338, 0.9552138813928895, '01:05']
[9, 0.037191834300756454, 0.17137064039707184, 0.9597365856170654, 0.9591984511052194, 0.9595920173789512, '01:06']
[10, 0.023461734876036644, 0.1621176302433014, 0.9587362408638, 0.9582576112196423, 0.958531645806555, '01:06']
[11, 0.029072493314743042, 0.1618259996175766, 0.9611537456512451, 0.9605209332979081, 0.9605216089651908, '01:06']
No improvement since epoch 6: early stopping

Tiempo de entrenamiento: 883.16 segundos
/mnt/homeGPU/haoweihu/TFG/lib/python3.10/site-packages/fastai/learner.py:455: UserWarning: load_learner` uses Python's insecure pickle module, which can execute malicious arbitrary code when loading. Only load files you trust.
If you only need to load model weights and optimizer state, use the safe `Learner.load` instead.
  warn("load_learner` uses Python's insecure pickle module, which can execute malicious arbitrary code when loading. Only load files you trust.\nIf you only need to load model weights and optimizer state, use the safe `Learner.load` instead.")
Loss: 0.1618
Accuracy: 0.9612
Recall: 0.9605
F1-Score: 0.9605
Loss: 0.15510837733745575
Accuracy: 0.9634414911270142
Recall (macro): 0.9631926982193709
F1 Score (macro): 0.9629149371771211

