---------------------------------------------------------------------------
--------------------------MODELOS mnist -----------------------------
---------------------------------------------------------------------------
---------------------------------------------------------------------------
Ejecutando: r_mnist_dist1_ex1
---------------------------------------------------------------------------
Número total de imágenes en entrenamiento: 10622
Número total de imágenes en validación: 11996

Clases: ['0', '1', '2', '3', '4', '5', '6', '7', '8', '9']
[0, 1.5545974969863892, 0.7798307538032532, 0.7479159832000732, 0.7435380419189132, 0.7426654551017975, '02:59']
[0, 0.5315700173377991, 0.3745101988315582, 0.8833777904510498, 0.8810957281043003, 0.8818336333413237, '01:23']
[1, 0.21594806015491486, 0.3111112117767334, 0.9017172455787659, 0.9007775424887294, 0.9002134349013959, '01:18']
[2, 0.11066241562366486, 0.2551611363887787, 0.9233911037445068, 0.9223827035744172, 0.9222156317000781, '01:20']
[3, 0.07679103314876556, 0.2776775360107422, 0.9195564985275269, 0.918955485687494, 0.9182789596410561, '01:19']
[4, 0.07100578397512436, 0.4955282509326935, 0.8695398569107056, 0.8693139694752103, 0.8722203791781435, '01:18']
[5, 0.06410925835371017, 0.20735812187194824, 0.9389796853065491, 0.9387608117073845, 0.93837929754972, '01:17']
[6, 0.06215730309486389, 0.5968783497810364, 0.8647049069404602, 0.8606940127061957, 0.8681384598679468, '01:17']
[7, 0.05794137343764305, 0.17558586597442627, 0.9525675177574158, 0.9515139467473496, 0.9523199028802802, '01:17']
[8, 0.04476025328040123, 0.13858631253242493, 0.962487518787384, 0.9620050497856736, 0.9622069287212858, '01:27']
[9, 0.044124819338321686, 0.2711639106273651, 0.9340613484382629, 0.9334015795323424, 0.9336388132668396, '01:25']
[10, 0.0336521677672863, 0.1336524784564972, 0.9655718803405762, 0.9650096743636603, 0.9653633635339214, '01:17']
[11, 0.031455282121896744, 0.1803208738565445, 0.9535678625106812, 0.9537670661238599, 0.9535485398201018, '01:18']
[12, 0.02154702879488468, 0.13799290359020233, 0.9654051065444946, 0.9650243003148068, 0.9649397314263467, '01:18']
[13, 0.019294772297143936, 0.147501602768898, 0.9649883508682251, 0.9645327556901832, 0.9649556838077581, '01:18']
[14, 0.01672654040157795, 0.2353787124156952, 0.946732223033905, 0.9463053462840272, 0.9467545397499194, '01:18']
[15, 0.012547102756798267, 0.09952080249786377, 0.9772424101829529, 0.9770703403001202, 0.9771083438924795, '01:19']
[16, 0.012077146209776402, 0.12111147493124008, 0.9710736870765686, 0.9708534222266796, 0.9709864709446775, '01:20']
[17, 0.006393068935722113, 0.11887063086032867, 0.9737412333488464, 0.9734630955534312, 0.973793888748036, '01:17']
[18, 0.0050569321028888226, 0.1183629184961319, 0.9752417206764221, 0.9748966487787591, 0.9750224087908614, '01:25']
[19, 0.0030816460493952036, 0.10103099048137665, 0.9780760407447815, 0.9776161864371528, 0.9778519970074644, '01:17']
[20, 0.0014348989352583885, 0.0862795040011406, 0.9813271164894104, 0.9811045213192007, 0.9812018622342349, '01:25']
[21, 0.0005343447555787861, 0.08270755410194397, 0.9809936881065369, 0.9807527422557062, 0.9808211426898353, '01:17']
[22, 0.000937778502702713, 0.08033081889152527, 0.982244074344635, 0.9820924594256535, 0.9821414555246287, '01:45']
[23, 0.0009431747603230178, 0.07683975249528885, 0.9828276038169861, 0.9824961570741173, 0.9826630269880162, '01:21']
[24, 0.0002068800968118012, 0.06832506507635117, 0.9848282933235168, 0.9847080801822697, 0.9847351277300446, '01:18']
[25, 0.000100534271041397, 0.0672801285982132, 0.9854118227958679, 0.9852661622428915, 0.9853079408976585, '01:18']
[26, 0.00033824099227786064, 0.06700538098812103, 0.9851617217063904, 0.9850278292659971, 0.9850638099029523, '01:18']
[27, 0.0003143201756756753, 0.06750964373350143, 0.9850783348083496, 0.9849326637557724, 0.9849866316363327, '01:23']
[28, 7.912990258773789e-05, 0.06990910321474075, 0.9848282933235168, 0.9846858388785469, 0.9847550002556099, '01:20']
[29, 0.0001101577072404325, 0.06870006769895554, 0.9844948053359985, 0.984362303344675, 0.9844014147093189, '01:34']

Tiempo de entrenamiento: 2621.93 segundos
/mnt/homeGPU/haoweihu/TFG/lib/python3.10/site-packages/fastai/learner.py:455: UserWarning: load_learner` uses Python's insecure pickle module, which can execute malicious arbitrary code when loading. Only load files you trust.
If you only need to load model weights and optimizer state, use the safe `Learner.load` instead.
  warn("load_learner` uses Python's insecure pickle module, which can execute malicious arbitrary code when loading. Only load files you trust.\nIf you only need to load model weights and optimizer state, use the safe `Learner.load` instead.")
Loss: 0.0687
Accuracy: 0.9845
Recall: 0.9844
F1-Score: 0.9844
Loss: 0.05787985026836395
Accuracy: 0.9866786599159241
Recall (macro): 0.9864956741277426
F1 Score (macro): 0.9865467669898373
---------------------------------------------------------------------------
Ejecutando: r_mnist_dist1_ex2
---------------------------------------------------------------------------
Número total de imágenes en entrenamiento: 10622
Número total de imágenes en validación: 11996

Clases: ['0', '1', '2', '3', '4', '5', '6', '7', '8', '9']
[0, 1.4696698188781738, 0.7493554353713989, 0.7506669163703918, 0.7464072270271387, 0.7441707531813676, '03:05']
[0, 0.49139779806137085, 0.3576045036315918, 0.8888795971870422, 0.8880195650758222, 0.88765796996807, '01:18']
[1, 0.2011772096157074, 0.26188161969184875, 0.9233911037445068, 0.9223133740198444, 0.9226373977935045, '01:19']
[2, 0.09478427469730377, 0.2500765919685364, 0.9288095831871033, 0.9278659414052413, 0.9280134922731588, '01:19']
[3, 0.054981302469968796, 0.29899832606315613, 0.9137212634086609, 0.911711364049659, 0.9128738219240793, '01:19']
[4, 0.05669605731964111, 0.2971747815608978, 0.9193897843360901, 0.9188430291184799, 0.9183767316958562, '01:18']
[5, 0.07369479537010193, 0.2127310186624527, 0.9416472315788269, 0.9405159197370058, 0.9412193235333939, '01:18']
[6, 0.06363119184970856, 0.20571529865264893, 0.9509003162384033, 0.9505371492988373, 0.9506122471908732, '01:19']
[7, 0.04404211416840553, 0.6042361855506897, 0.8752917647361755, 0.8734647343878816, 0.8847076216136411, '01:19']
[8, 0.04504770040512085, 0.30082401633262634, 0.9299766421318054, 0.9276765200273923, 0.9284876167902212, '01:18']
[9, 0.03247468173503876, 0.3262203633785248, 0.9314771294593811, 0.9308763144262325, 0.9316699853036156, '01:17']
[10, 0.032045695930719376, 0.27772730588912964, 0.9345614910125732, 0.9316561227220117, 0.9316553872877386, '01:18']
[11, 0.041982438415288925, 0.17126093804836273, 0.960570216178894, 0.9598442155106504, 0.9602526540567924, '01:18']
[12, 0.026532797142863274, 0.1462024301290512, 0.9661554098129272, 0.9657272548015587, 0.9658569017574636, '01:20']
[13, 0.01542953122407198, 0.1066824197769165, 0.9747415781021118, 0.9746872112637947, 0.9744310423865871, '01:18']
[14, 0.012724343687295914, 0.15514105558395386, 0.9674891829490662, 0.9670231074174109, 0.967323637856639, '01:18']
[15, 0.013270621187984943, 0.1569099724292755, 0.9654051065444946, 0.964944379043259, 0.9652075886587074, '01:18']
[16, 0.01026893313974142, 0.11971281468868256, 0.9723241329193115, 0.972205627859694, 0.9721012271556168, '01:18']
[17, 0.005525605287402868, 0.1162346601486206, 0.972074031829834, 0.9718596921912275, 0.9720712679098984, '01:18']
[18, 0.003945992793887854, 0.08693280816078186, 0.9799099564552307, 0.9798722610299471, 0.979802537193731, '01:18']
[19, 0.004058138933032751, 0.13928857445716858, 0.970156729221344, 0.9699905563641881, 0.9698811025763259, '01:19']
[20, 0.006101530976593494, 0.15718209743499756, 0.9689896702766418, 0.9687538184744657, 0.9688459128857965, '01:19']
[21, 0.002362617291510105, 0.0942860096693039, 0.9800766706466675, 0.979958566175154, 0.9800038365183271, '01:18']
[22, 0.0023566503077745438, 0.09279824793338776, 0.9805768728256226, 0.9804435923147962, 0.9805447282660268, '01:18']
[23, 0.0007265229942277074, 0.08887234330177307, 0.9818272590637207, 0.9817264032782089, 0.981723044461239, '01:18']
No improvement since epoch 18: early stopping

Tiempo de entrenamiento: 2078.45 segundos
/mnt/homeGPU/haoweihu/TFG/lib/python3.10/site-packages/fastai/learner.py:455: UserWarning: load_learner` uses Python's insecure pickle module, which can execute malicious arbitrary code when loading. Only load files you trust.
If you only need to load model weights and optimizer state, use the safe `Learner.load` instead.
  warn("load_learner` uses Python's insecure pickle module, which can execute malicious arbitrary code when loading. Only load files you trust.\nIf you only need to load model weights and optimizer state, use the safe `Learner.load` instead.")
Loss: 0.0889
Accuracy: 0.9818
Recall: 0.9817
F1-Score: 0.9817
Loss: 0.06310256570577621
Accuracy: 0.9856770634651184
Recall (macro): 0.9855523057386479
F1 Score (macro): 0.9856138259966108
---------------------------------------------------------------------------
Ejecutando: r_mnist_dist1_ex3
---------------------------------------------------------------------------
Número total de imágenes en entrenamiento: 10622
Número total de imágenes en validación: 11996

Clases: ['0', '1', '2', '3', '4', '5', '6', '7', '8', '9']
[0, 1.4673867225646973, 0.7636880874633789, 0.75383460521698, 0.7490793773798642, 0.748489166111783, '02:42']
[0, 0.48535287380218506, 0.31353652477264404, 0.9014671444892883, 0.900570555099802, 0.900189530658215, '01:18']
[1, 0.20437471568584442, 0.2543778419494629, 0.9216405749320984, 0.9210877883133204, 0.9204490053547045, '01:18']
[2, 0.10127478837966919, 0.24233384430408478, 0.9307268857955933, 0.9303691056351975, 0.930707800795038, '01:20']
[3, 0.071614108979702, 0.2510306239128113, 0.9303101301193237, 0.9288062433207871, 0.9301137449604827, '01:19']
[4, 0.05876779183745384, 0.21997281908988953, 0.9382293820381165, 0.9367030021941339, 0.937034011992945, '01:18']
[5, 0.061412520706653595, 0.1643400341272354, 0.9533177614212036, 0.9529810122987568, 0.9528158477424116, '01:18']
[6, 0.054546043276786804, 0.4020760953426361, 0.9039679765701294, 0.902835837552076, 0.9043045895133683, '01:19']
[7, 0.06285829842090607, 0.19431307911872864, 0.9501500725746155, 0.9501514786082854, 0.9496433615480007, '01:18']
[8, 0.048706598579883575, 0.1783185750246048, 0.9569023251533508, 0.9561417181432912, 0.9566422786157108, '01:20']
[9, 0.04457845166325569, 0.14758291840553284, 0.9639880061149597, 0.9636272200685454, 0.963778444047519, '01:19']
[10, 0.031187845394015312, 0.13857078552246094, 0.9678226113319397, 0.9673826705799267, 0.9675617599164719, '01:20']
[11, 0.02638779953122139, 0.12969811260700226, 0.9729076623916626, 0.9730550472721056, 0.9728296871263634, '01:19']
[12, 0.02731725014746189, 0.1893300563097, 0.9565688371658325, 0.9567524628760229, 0.9568670224715422, '01:19']
[13, 0.024883069097995758, 0.16566061973571777, 0.9649049639701843, 0.9643476056146552, 0.9645432831789427, '01:18']
[14, 0.024534830823540688, 0.15280954539775848, 0.9602367281913757, 0.9598345617020498, 0.9600793450935345, '01:18']
[15, 0.008807182312011719, 0.10268717259168625, 0.9769923090934753, 0.9768929618977452, 0.9768634013101645, '01:23']
[16, 0.00903982575982809, 0.11148496717214584, 0.9758252501487732, 0.9756680441313115, 0.975702787500693, '01:20']
[17, 0.0059619927778840065, 0.08358369022607803, 0.982244074344635, 0.9821103425119151, 0.9821165843562071, '01:19']
[18, 0.005066084675490856, 0.08647944778203964, 0.9815772175788879, 0.9814352776894332, 0.9814086838484641, '01:20']
[19, 0.00434986362233758, 0.10677357763051987, 0.9787428975105286, 0.9786526395738692, 0.9785419801683821, '01:18']
[20, 0.004376477561891079, 0.10386453568935394, 0.980326771736145, 0.9802960083276601, 0.9801853713137134, '01:19']
[21, 0.0033462410792708397, 0.08486483246088028, 0.9826608896255493, 0.9824622610237975, 0.9825199275343748, '01:18']
[22, 0.001857004244811833, 0.08479781448841095, 0.9826608896255493, 0.9825063539219651, 0.9824936986585421, '01:20']
No improvement since epoch 17: early stopping

Tiempo de entrenamiento: 1992.47 segundos
/mnt/homeGPU/haoweihu/TFG/lib/python3.10/site-packages/fastai/learner.py:455: UserWarning: load_learner` uses Python's insecure pickle module, which can execute malicious arbitrary code when loading. Only load files you trust.
If you only need to load model weights and optimizer state, use the safe `Learner.load` instead.
  warn("load_learner` uses Python's insecure pickle module, which can execute malicious arbitrary code when loading. Only load files you trust.\nIf you only need to load model weights and optimizer state, use the safe `Learner.load` instead.")
Loss: 0.0848
Accuracy: 0.9827
Recall: 0.9825
F1-Score: 0.9825
Loss: 0.08270389586687088
Accuracy: 0.9819711446762085
Recall (macro): 0.9817595699743578
F1 Score (macro): 0.9818294301470163
---------------------------------------------------------------------------
Ejecutando: r_mnist_dist5_ex1
---------------------------------------------------------------------------
Número total de imágenes en entrenamiento: 9814
Número total de imágenes en validación: 11996

Clases: ['0', '1', '2', '3', '4', '5', '6', '7', '8', '9']
[0, 1.4925528764724731, 0.7361171841621399, 0.760086715221405, 0.7547507573112584, 0.7522278263155168, '02:35']
[0, 0.5383759140968323, 0.38178566098213196, 0.8777925968170166, 0.8736381922204919, 0.8736459702110041, '01:16']
[1, 0.23736846446990967, 0.267772376537323, 0.914971649646759, 0.9134806278742337, 0.9140787894656761, '01:15']
[2, 0.1068229004740715, 0.2538425624370575, 0.9209736585617065, 0.9206247796374033, 0.9195952756174822, '01:30']
[3, 0.08143249154090881, 0.39522916078567505, 0.8852117657661438, 0.8831966598433066, 0.8882812704298768, '01:19']
[4, 0.05990452319383621, 0.27612513303756714, 0.9237245917320251, 0.9215234648868933, 0.9216920478409543, '01:16']
[5, 0.07562937587499619, 0.2965385913848877, 0.9246415495872498, 0.9211565334229327, 0.9205900667833316, '01:16']
[6, 0.06344417482614517, 0.2691847085952759, 0.9307268857955933, 0.9294495974278801, 0.9306311561032796, '01:16']
[7, 0.06444128602743149, 0.5329399108886719, 0.8904634714126587, 0.885360053743289, 0.8787892147712555, '01:15']
No improvement since epoch 2: early stopping

Tiempo de entrenamiento: 782.23 segundos
/mnt/homeGPU/haoweihu/TFG/lib/python3.10/site-packages/fastai/learner.py:455: UserWarning: load_learner` uses Python's insecure pickle module, which can execute malicious arbitrary code when loading. Only load files you trust.
If you only need to load model weights and optimizer state, use the safe `Learner.load` instead.
  warn("load_learner` uses Python's insecure pickle module, which can execute malicious arbitrary code when loading. Only load files you trust.\nIf you only need to load model weights and optimizer state, use the safe `Learner.load` instead.")
Loss: 0.5329
Accuracy: 0.8905
Recall: 0.8854
F1-Score: 0.8788
Loss: 0.5114257335662842
Accuracy: 0.8942307829856873
Recall (macro): 0.8887098071124319
F1 Score (macro): 0.8839183388718389
---------------------------------------------------------------------------
Ejecutando: r_mnist_dist5_ex2
---------------------------------------------------------------------------
Número total de imágenes en entrenamiento: 9814
Número total de imágenes en validación: 11996

Clases: ['0', '1', '2', '3', '4', '5', '6', '7', '8', '9']
[0, 1.556290626525879, 0.827571451663971, 0.7291597127914429, 0.7247895180102161, 0.7232828559459967, '02:34']
[0, 0.5755157470703125, 0.37602660059928894, 0.882710874080658, 0.8806143791728502, 0.8809197374275539, '01:13']
[1, 0.24731206893920898, 0.2943664491176605, 0.9099699854850769, 0.9085790579418365, 0.9089471332489392, '01:15']
[2, 0.10477656871080399, 0.24875450134277344, 0.9253917932510376, 0.9248946500020001, 0.9244939626030806, '01:17']
[3, 0.05608081817626953, 0.3263682425022125, 0.9107202291488647, 0.9108360025247672, 0.910918510856321, '01:12']
[4, 0.05500960350036621, 0.42439574003219604, 0.8914638161659241, 0.8898652745719102, 0.8926057480628939, '01:13']
[5, 0.07058760523796082, 0.5910722017288208, 0.8546181917190552, 0.8532103887317734, 0.8556641051331649, '01:17']
[6, 0.06242582947015762, 0.37599167227745056, 0.9074691534042358, 0.9060974844210973, 0.9077173203122483, '01:11']
[7, 0.05406121537089348, 0.29479020833969116, 0.9284761548042297, 0.9286809400722376, 0.9272369418706573, '01:12']
No improvement since epoch 2: early stopping

Tiempo de entrenamiento: 749.16 segundos
/mnt/homeGPU/haoweihu/TFG/lib/python3.10/site-packages/fastai/learner.py:455: UserWarning: load_learner` uses Python's insecure pickle module, which can execute malicious arbitrary code when loading. Only load files you trust.
If you only need to load model weights and optimizer state, use the safe `Learner.load` instead.
  warn("load_learner` uses Python's insecure pickle module, which can execute malicious arbitrary code when loading. Only load files you trust.\nIf you only need to load model weights and optimizer state, use the safe `Learner.load` instead.")
Loss: 0.2948
Accuracy: 0.9285
Recall: 0.9287
F1-Score: 0.9272
Loss: 0.27079588174819946
Accuracy: 0.9342948794364929
Recall (macro): 0.9344015253632569
F1 Score (macro): 0.932918185660888
---------------------------------------------------------------------------
Ejecutando: r_mnist_dist5_ex3
---------------------------------------------------------------------------
Número total de imágenes en entrenamiento: 9814
Número total de imágenes en validación: 11996

Clases: ['0', '1', '2', '3', '4', '5', '6', '7', '8', '9']
[0, 1.6366169452667236, 0.8489139676094055, 0.7224074602127075, 0.717968604480533, 0.716735618001288, '02:48']
[0, 0.6304952502250671, 0.41743922233581543, 0.8676225543022156, 0.8654389422387805, 0.8663434391199232, '01:12']
[1, 0.27781030535697937, 0.3035876452922821, 0.9069690108299255, 0.905601950469476, 0.9058069982852827, '01:13']
[2, 0.12637671828269958, 0.25621047616004944, 0.9260587096214294, 0.925171483962513, 0.9250740118276349, '01:12']
[3, 0.08442289382219315, 0.31747007369995117, 0.9050517082214355, 0.9047473734529715, 0.9047065974285557, '01:12']
[4, 0.08071153610944748, 0.43850579857826233, 0.8817939162254333, 0.8806500373174757, 0.8836893835494699, '01:16']
[5, 0.05950101092457771, 0.4240327477455139, 0.8957986235618591, 0.8945884286877434, 0.8925933281532151, '01:12']
[6, 0.06676740944385529, 0.3543967008590698, 0.9157218933105469, 0.9148225973372035, 0.9115893147330583, '01:15']
[7, 0.0683111697435379, 0.3050038814544678, 0.9227242469787598, 0.9218804879799352, 0.922711430498562, '01:12']
No improvement since epoch 2: early stopping

Tiempo de entrenamiento: 756.13 segundos
/mnt/homeGPU/haoweihu/TFG/lib/python3.10/site-packages/fastai/learner.py:455: UserWarning: load_learner` uses Python's insecure pickle module, which can execute malicious arbitrary code when loading. Only load files you trust.
If you only need to load model weights and optimizer state, use the safe `Learner.load` instead.
  warn("load_learner` uses Python's insecure pickle module, which can execute malicious arbitrary code when loading. Only load files you trust.\nIf you only need to load model weights and optimizer state, use the safe `Learner.load` instead.")
Loss: 0.3050
Accuracy: 0.9227
Recall: 0.9219
F1-Score: 0.9227
Loss: 0.27903231978416443
Accuracy: 0.9275841116905212
Recall (macro): 0.9270476690043834
F1 Score (macro): 0.9276050858359548
---------------------------------------------------------------------------
Ejecutando: r_mnist_dist01_ex1
---------------------------------------------------------------------------
Número total de imágenes en entrenamiento: 21714
Número total de imágenes en validación: 11996

Clases: ['0', '1', '2', '3', '4', '5', '6', '7', '8', '9']
[0, 1.1704895496368408, 0.8899421691894531, 0.7019839882850647, 0.6988262986968236, 0.6998367529616967, '03:57']
[0, 0.2355162352323532, 0.27701130509376526, 0.9157218933105469, 0.9150372945694792, 0.9152982041473117, '01:53']
[1, 0.10028836131095886, 0.3044848144054413, 0.9114704728126526, 0.9092067548491112, 0.9105047002769536, '01:57']
[2, 0.051854316145181656, 0.2534753084182739, 0.9307268857955933, 0.9290452475721092, 0.9290994809270108, '02:03']
[3, 0.04236617684364319, 0.1916523575782776, 0.947982668876648, 0.9485110588039651, 0.9478248483518283, '01:55']
[4, 0.04406305402517319, 0.1530018299818039, 0.9575691819190979, 0.9571029316093551, 0.9572954977133945, '01:53']
[5, 0.0474013052880764, 0.28424152731895447, 0.9295598268508911, 0.9295307802015058, 0.9284733522744787, '01:54']
[6, 0.04478493705391884, 0.12999550998210907, 0.9639880061149597, 0.9640874541122312, 0.9636107402575366, '01:54']
[7, 0.03569641336798668, 0.4297088384628296, 0.9043014049530029, 0.9028198702665267, 0.9016257103793655, '02:00']
[8, 0.02925654500722885, 0.24787700176239014, 0.9454818367958069, 0.9456091180407136, 0.9455104836092667, '01:58']
[9, 0.020876789465546608, 0.0963347926735878, 0.9732410907745361, 0.9730170727159398, 0.9729074234455783, '01:58']
[10, 0.020677490159869194, 0.1550852656364441, 0.96257084608078, 0.9619505666723607, 0.9623575262126101, '01:57']
[11, 0.01793590746819973, 0.09478109329938889, 0.9766588807106018, 0.9765088713203, 0.9764205956056742, '01:55']
[12, 0.011308219283819199, 0.14268335700035095, 0.9674891829490662, 0.967195772029051, 0.967050861562425, '01:54']
[13, 0.012548845261335373, 0.16177596151828766, 0.9608202576637268, 0.9603721591886429, 0.9613313936083173, '01:56']
[14, 0.007380479946732521, 0.08178326487541199, 0.9804101586341858, 0.9802926978641041, 0.9803212673463859, '01:54']
[15, 0.0070378417149186134, 0.08326788246631622, 0.9814104437828064, 0.9812826485248222, 0.9813392480816494, '01:56']
[16, 0.007390136364847422, 0.07503333687782288, 0.9834111332893372, 0.9833201347324115, 0.9832863506098141, '01:56']
[17, 0.008138391189277172, 0.08999806642532349, 0.9794931411743164, 0.9793444734330906, 0.9793150311606199, '01:55']
[18, 0.004424580838531256, 0.05896618217229843, 0.986078679561615, 0.9859863141593646, 0.9859740683158826, '01:56']
[19, 0.002594257239252329, 0.06321419775485992, 0.9859119653701782, 0.9858316837471396, 0.9858495482041922, '01:55']
[20, 0.001173656084574759, 0.06711144745349884, 0.9859119653701782, 0.9858121603901594, 0.9858332491023611, '01:54']
[21, 0.0009504207409918308, 0.06995072215795517, 0.9849950075149536, 0.984830210920401, 0.984832678374745, '01:54']
[22, 0.0003173950535710901, 0.06334830820560455, 0.9871624112129211, 0.9871549381600027, 0.9870928113111264, '01:53']
[23, 0.0002795971813611686, 0.058391548693180084, 0.9880793690681458, 0.9880236973827152, 0.9879892846708931, '01:53']
[24, 0.00023246969794854522, 0.05965546518564224, 0.987912654876709, 0.987852565781181, 0.9878351751325555, '01:54']
[25, 8.679379243403673e-05, 0.06174279376864433, 0.9882460832595825, 0.988249069204618, 0.9882054721261865, '01:54']
[26, 0.00013508742267731577, 0.06212049350142479, 0.9878292679786682, 0.9877633013975216, 0.9877189187790973, '01:54']
[27, 0.00022784083557780832, 0.059144649654626846, 0.9888296127319336, 0.9887891916301333, 0.9887628086281536, '01:53']
[28, 0.00021806391305290163, 0.06153057515621185, 0.987912654876709, 0.9878558557945254, 0.9878121400758133, '01:54']
No improvement since epoch 23: early stopping

Tiempo de entrenamiento: 3591.87 segundos
/mnt/homeGPU/haoweihu/TFG/lib/python3.10/site-packages/fastai/learner.py:455: UserWarning: load_learner` uses Python's insecure pickle module, which can execute malicious arbitrary code when loading. Only load files you trust.
If you only need to load model weights and optimizer state, use the safe `Learner.load` instead.
  warn("load_learner` uses Python's insecure pickle module, which can execute malicious arbitrary code when loading. Only load files you trust.\nIf you only need to load model weights and optimizer state, use the safe `Learner.load` instead.")
Loss: 0.0615
Accuracy: 0.9879
Recall: 0.9879
F1-Score: 0.9878
Loss: 0.049158889800310135
Accuracy: 0.9905849099159241
Recall (macro): 0.9905021038390238
F1 Score (macro): 0.9905389960339288
---------------------------------------------------------------------------
Ejecutando: r_mnist_dist01_ex2
---------------------------------------------------------------------------
Número total de imágenes en entrenamiento: 21714
Número total de imágenes en validación: 11996

Clases: ['0', '1', '2', '3', '4', '5', '6', '7', '8', '9']
[0, 1.1203651428222656, 0.8168432712554932, 0.7249082922935486, 0.7192462804646967, 0.7172634088323198, '03:48']
[0, 0.24231268465518951, 0.24268238246440887, 0.9277259111404419, 0.9269227762059391, 0.9268802361255034, '02:10']
[1, 0.10146687179803848, 0.2574527859687805, 0.9267255663871765, 0.9270701761697298, 0.9265608051938571, '01:57']
[2, 0.05950987711548805, 0.4048767685890198, 0.8897132277488708, 0.88732491279951, 0.8900618964546307, '01:53']
[3, 0.049127016216516495, 0.20795084536075592, 0.9433144330978394, 0.9427923431112795, 0.9428901820555946, '01:53']
[4, 0.04731844365596771, 0.41420841217041016, 0.900383472442627, 0.8992034230733961, 0.8995639466039064, '01:53']
[5, 0.042393650859594345, 0.27329838275909424, 0.9323107600212097, 0.9295063082129402, 0.9296962481267632, '01:56']
[6, 0.027612630277872086, 0.14359211921691895, 0.9659886360168457, 0.9658429307845806, 0.9656550005188571, '01:54']
[7, 0.040620721876621246, 0.1232469230890274, 0.9689062833786011, 0.969015367893773, 0.968703099057155, '01:54']
[8, 0.024528726935386658, 0.18434922397136688, 0.9579026103019714, 0.9578096235712092, 0.9571721353470469, '01:54']
[9, 0.01994306407868862, 0.16337893903255463, 0.9629876613616943, 0.9623018219784847, 0.9631292448772155, '01:54']
[10, 0.014947828836739063, 0.1172652468085289, 0.9695731997489929, 0.9688430066248623, 0.9693880714784789, '01:55']
[11, 0.02043185569345951, 0.11652772128582001, 0.9726575613021851, 0.9725484857868103, 0.9722977034616213, '01:54']
[12, 0.01530755590647459, 0.09356605261564255, 0.9781593680381775, 0.9780456319991391, 0.9781051605057192, '01:53']
[13, 0.00819455087184906, 0.10123229026794434, 0.9749082922935486, 0.974809978239058, 0.9746378647003267, '01:53']
[14, 0.016137102618813515, 0.09845850616693497, 0.978409469127655, 0.9782789195819784, 0.9783441963882348, '01:54']
[15, 0.0061349510215222836, 0.08361878991127014, 0.9811604022979736, 0.9810396647786964, 0.9811114921580734, '01:55']
[16, 0.002458476461470127, 0.07241431623697281, 0.9831610321998596, 0.9831519835583276, 0.9830895709928195, '01:53']
[17, 0.00399499386548996, 0.06876039505004883, 0.9831610321998596, 0.9830179008073238, 0.9830574281375386, '01:53']
[18, 0.000581905769649893, 0.07193919271230698, 0.9836612343788147, 0.9836477893745762, 0.9835753354492571, '01:53']
[19, 0.0015674954047426581, 0.08311083912849426, 0.9828276038169861, 0.9827732954236333, 0.9827007361801714, '01:55']
[20, 0.0005037549999542534, 0.06739889085292816, 0.9853284358978271, 0.985249170122678, 0.9852943072848998, '01:57']
[21, 0.001127994037233293, 0.0731847882270813, 0.9846615791320801, 0.9846231461447905, 0.9846308650641156, '01:53']
[22, 0.0004960577934980392, 0.07159032672643661, 0.9844948053359985, 0.9844855402742665, 0.9844354512260518, '01:54']
[23, 0.00014917648513801396, 0.06868831813335419, 0.9852451086044312, 0.9852176278619696, 0.9851873596937996, '01:55']
[24, 0.00018981928587891161, 0.06989623606204987, 0.9856618642807007, 0.9855804879527719, 0.985631287305015, '01:57']
[25, 4.0135309973265976e-05, 0.06803017109632492, 0.9853284358978271, 0.9852523140786147, 0.9852659901696436, '01:57']
No improvement since epoch 20: early stopping

Tiempo de entrenamiento: 3228.98 segundos
/mnt/homeGPU/haoweihu/TFG/lib/python3.10/site-packages/fastai/learner.py:455: UserWarning: load_learner` uses Python's insecure pickle module, which can execute malicious arbitrary code when loading. Only load files you trust.
If you only need to load model weights and optimizer state, use the safe `Learner.load` instead.
  warn("load_learner` uses Python's insecure pickle module, which can execute malicious arbitrary code when loading. Only load files you trust.\nIf you only need to load model weights and optimizer state, use the safe `Learner.load` instead.")
Loss: 0.0680
Accuracy: 0.9853
Recall: 0.9853
F1-Score: 0.9853
Loss: 0.05590226128697395
Accuracy: 0.9883813858032227
Recall (macro): 0.9882290729758736
F1 Score (macro): 0.9882654282587607
---------------------------------------------------------------------------
Ejecutando: r_mnist_dist01_ex3
---------------------------------------------------------------------------
Número total de imágenes en entrenamiento: 21714
Número total de imágenes en validación: 11996

Clases: ['0', '1', '2', '3', '4', '5', '6', '7', '8', '9']
[0, 1.2149240970611572, 1.041369915008545, 0.6475492119789124, 0.6403863668581633, 0.6377827872801708, '03:50']
[0, 0.26844361424446106, 0.29346296191215515, 0.9122207164764404, 0.9116186450740583, 0.9114789366491763, '01:53']
[1, 0.10933282971382141, 0.20328985154628754, 0.9388129115104675, 0.9387555112957002, 0.9385670436021434, '01:53']
[2, 0.05263243988156319, 0.26680639386177063, 0.9202234148979187, 0.9196253388793434, 0.9201377851738993, '01:53']
[3, 0.03557201102375984, 0.5741632580757141, 0.8607869148254395, 0.8591383898461261, 0.862511883962506, '01:58']
[4, 0.03392007574439049, 0.14170221984386444, 0.9598199129104614, 0.9594792160007317, 0.9596578838975098, '01:53']
[5, 0.04961645230650902, 0.19240625202655792, 0.9475658535957336, 0.9474901253643455, 0.947705357384983, '01:53']
[6, 0.0413268581032753, 0.2801755964756012, 0.9339780211448669, 0.9338114491301898, 0.9342679049154183, '01:54']
[7, 0.031004812568426132, 0.14451424777507782, 0.9637379050254822, 0.9634561971300577, 0.963667293487822, '01:53']
[8, 0.018376098945736885, 0.11330918967723846, 0.9714905023574829, 0.9713948297365909, 0.9713812959525893, '01:54']
[9, 0.024997131898999214, 0.17567281424999237, 0.9575691819190979, 0.9572401873309653, 0.9571428280813306, '01:53']
[10, 0.021500030532479286, 0.1011040210723877, 0.9742414355278015, 0.9738630419010672, 0.9740779359261337, '01:53']
[11, 0.013784434646368027, 0.11468309164047241, 0.9723241329193115, 0.9719505721306886, 0.972008359289155, '01:53']
[12, 0.01671368069946766, 0.10892093926668167, 0.9732410907745361, 0.9728500323231521, 0.9731817977818051, '01:54']
[13, 0.010447589680552483, 0.08761171996593475, 0.979743242263794, 0.9796204900188398, 0.9797408415645075, '01:53']
[14, 0.006253392435610294, 0.08224809169769287, 0.9813271164894104, 0.9812254837875047, 0.981226491990653, '01:54']
[15, 0.009607275016605854, 0.09714961051940918, 0.9782427549362183, 0.9780652852738523, 0.9782157859961916, '01:57']
[16, 0.0044261557050049305, 0.09101197868585587, 0.9791597127914429, 0.978792597586474, 0.979057505145108, '01:54']
[17, 0.007687845733016729, 0.08412661403417587, 0.9819939732551575, 0.9818258960602432, 0.9818874398640048, '01:54']
[18, 0.000863591325469315, 0.0797627866268158, 0.9845781922340393, 0.984531469795693, 0.984564794272797, '01:53']
[19, 0.0012391065247356892, 0.08673115074634552, 0.9835778474807739, 0.9834336123233394, 0.9834879094914648, '02:01']
[20, 0.0011083760764449835, 0.08126015216112137, 0.9850783348083496, 0.9849456056966964, 0.9850338999546464, '01:58']
[21, 0.0005023123230785131, 0.08019224554300308, 0.9846615791320801, 0.9845067470894616, 0.984613106275423, '01:54']
[22, 0.001159096835181117, 0.08034893870353699, 0.9851617217063904, 0.9849598743824893, 0.9851006860255469, '01:54']
[23, 0.0003176003519911319, 0.07593527436256409, 0.9864954948425293, 0.9864214609948838, 0.9864800468747628, '01:53']
[24, 0.0004263510927557945, 0.07281026244163513, 0.9869123101234436, 0.9868183843530135, 0.9868604974057682, '01:55']
[25, 7.901553181000054e-05, 0.07441779971122742, 0.9864121079444885, 0.9862719332054043, 0.986361862277738, '01:54']
[26, 9.197912731906399e-05, 0.07703797519207001, 0.9864121079444885, 0.9862989791231339, 0.9863547518379345, '01:55']
[27, 3.858007403323427e-05, 0.07789769768714905, 0.9864954948425293, 0.9863494754714168, 0.9864603359988683, '01:53']
[28, 3.729216041392647e-05, 0.07707583159208298, 0.9861620664596558, 0.9859983808552439, 0.9861074708467081, '01:54']
[29, 0.00010588827717583627, 0.07599050551652908, 0.9865788817405701, 0.9864529191650823, 0.9865211315717545, '01:55']
No improvement since epoch 24: early stopping

Tiempo de entrenamiento: 3674.12 segundos
/mnt/homeGPU/haoweihu/TFG/lib/python3.10/site-packages/fastai/learner.py:455: UserWarning: load_learner` uses Python's insecure pickle module, which can execute malicious arbitrary code when loading. Only load files you trust.
If you only need to load model weights and optimizer state, use the safe `Learner.load` instead.
  warn("load_learner` uses Python's insecure pickle module, which can execute malicious arbitrary code when loading. Only load files you trust.\nIf you only need to load model weights and optimizer state, use the safe `Learner.load` instead.")
Loss: 0.0760
Accuracy: 0.9866
Recall: 0.9865
F1-Score: 0.9865
Loss: 0.052083034068346024
Accuracy: 0.9880809187889099
Recall (macro): 0.9878763433324966
F1 Score (macro): 0.9879961783017448
mail: cannot send message: Process exited with a non-zero status
