---------------------------------------------------------------------------
Ejecutando: cifar_rgb_10pct_phash_quant
---------------------------------------------------------------------------
Número total de imágenes en entrenamiento: 4000
Número total de imágenes en validación: 10000

Clases: ['airplane', 'automobile', 'bird', 'cat', 'deer', 'dog', 'frog', 'horse', 'ship', 'truck']
[0, 2.302689552307129, 2.3012146949768066, 0.12039999663829803, 0.1204, 0.04113980536407807, '01:18']
[1, 2.2951555252075195, 2.2847228050231934, 0.15940000116825104, 0.1594, 0.11194242937461045, '00:32']
[2, 2.236478567123413, 2.21219801902771, 0.16699999570846558, 0.16699999999999998, 0.11775622102321984, '00:22']
[3, 2.1469502449035645, 2.111725091934204, 0.23489999771118164, 0.23490000000000003, 0.20627708462193053, '00:22']
[4, 2.0173752307891846, 1.9908431768417358, 0.2727999985218048, 0.2728, 0.2502657517873832, '00:33']
[5, 1.8897103071212769, 1.955583930015564, 0.2897000014781952, 0.2897, 0.27150375156771805, '00:32']
[6, 1.8004980087280273, 1.913577914237976, 0.30309998989105225, 0.30310000000000004, 0.29479123054960776, '00:22']
[7, 1.7275923490524292, 1.8905314207077026, 0.3149999976158142, 0.31500000000000006, 0.3024469458693259, '00:24']
[8, 1.6894880533218384, 1.879531979560852, 0.32580000162124634, 0.3258, 0.3214379046840708, '00:26']
[9, 1.6298472881317139, 1.8558343648910522, 0.34040001034736633, 0.3404, 0.3354514777618739, '00:39']
[10, 1.5988517999649048, 1.877416968345642, 0.3398999869823456, 0.3399, 0.33199823343247226, '00:26']
[11, 1.562503695487976, 1.8478257656097412, 0.35120001435279846, 0.35120000000000007, 0.34787125295861937, '00:24']
[12, 1.5229103565216064, 1.8778886795043945, 0.34779998660087585, 0.3478, 0.33326955025807525, '00:24']
[13, 1.4968608617782593, 1.8286994695663452, 0.35350000858306885, 0.3535, 0.3494203333435118, '00:24']
[14, 1.4369946718215942, 1.8427239656448364, 0.35920000076293945, 0.3592, 0.3530102508723879, '00:24']
[15, 1.3955570459365845, 1.879998803138733, 0.3474000096321106, 0.34740000000000004, 0.33750027613900413, '00:24']
[16, 1.3712607622146606, 1.859377384185791, 0.3587999939918518, 0.35879999999999995, 0.3567743537997667, '00:24']
[17, 1.3271147012710571, 1.9102624654769897, 0.3589000105857849, 0.3589, 0.35542976825781664, '00:26']
[18, 1.2892986536026, 1.8737688064575195, 0.36809998750686646, 0.3681, 0.3626073144415434, '00:25']
No improvement since epoch 13: early stopping

Tiempo de entrenamiento: 561.37 segundos
/mnt/homeGPU/haoweihu/TFG/lib/python3.10/site-packages/fastai/learner.py:455: UserWarning: load_learner` uses Python's insecure pickle module, which can execute malicious arbitrary code when loading. Only load files you trust.
If you only need to load model weights and optimizer state, use the safe `Learner.load` instead.
  warn("load_learner` uses Python's insecure pickle module, which can execute malicious arbitrary code when loading. Only load files you trust.\nIf you only need to load model weights and optimizer state, use the safe `Learner.load` instead.")
Loss: 1.8738
Accuracy: 0.3681
Recall: 0.3681
F1-Score: 0.3626
Loss: 1.8763065338134766
Accuracy: 0.36448317766189575
Recall (macro): 0.36448753293024444
F1 Score (macro): 0.3596113678478319
---------------------------------------------------------------------------
Ejecutando: cifar_rgb_10pct_fps_quant
---------------------------------------------------------------------------
Número total de imágenes en entrenamiento: 4000
Número total de imágenes en validación: 10000

Clases: ['airplane', 'automobile', 'bird', 'cat', 'deer', 'dog', 'frog', 'horse', 'ship', 'truck']
[0, 2.301658868789673, 2.3002166748046875, 0.13249999284744263, 0.1325, 0.046267136065222834, '00:44']
[1, 2.2946672439575195, 2.284123182296753, 0.156700000166893, 0.1567, 0.09607914897672729, '00:24']
[2, 2.250800371170044, 2.1924192905426025, 0.19979999959468842, 0.1998, 0.15937182920237913, '00:24']
[3, 2.1650378704071045, 2.1476926803588867, 0.21699999272823334, 0.217, 0.20224791616426482, '00:24']
[4, 2.044646739959717, 1.9737988710403442, 0.28360000252723694, 0.2836, 0.26423720809633033, '00:24']
[5, 1.9563838243484497, 1.9705138206481934, 0.28780001401901245, 0.2878, 0.2684888877642682, '00:25']
[6, 1.8958231210708618, 1.9732078313827515, 0.2840999960899353, 0.2841000000000001, 0.26254807564794835, '00:31']
[7, 1.8413442373275757, 1.9157992601394653, 0.31130000948905945, 0.3113, 0.29870012083575703, '00:27']
[8, 1.809755802154541, 1.9352834224700928, 0.29600000381469727, 0.296, 0.2815227984651776, '00:24']
[9, 1.75673246383667, 1.884048581123352, 0.32670000195503235, 0.3267, 0.31302427084983436, '00:24']
[10, 1.7260706424713135, 1.9318474531173706, 0.29910001158714294, 0.2991, 0.29365442865059926, '00:24']
[11, 1.6959189176559448, 1.8725025653839111, 0.33469998836517334, 0.33470000000000005, 0.3199722943881271, '00:24']
[12, 1.645422101020813, 1.9026257991790771, 0.32089999318122864, 0.3209, 0.3104097567769353, '00:24']
[13, 1.5994499921798706, 1.911285400390625, 0.33169999718666077, 0.3317, 0.3234302383872585, '00:24']
[14, 1.5600172281265259, 1.8709322214126587, 0.33959999680519104, 0.3396, 0.33452506868259235, '00:24']
[15, 1.50531005859375, 1.9820204973220825, 0.311599999666214, 0.3116, 0.30423673311573246, '00:26']
[16, 1.4690536260604858, 1.9225125312805176, 0.3328000009059906, 0.3328, 0.32713586903653724, '00:24']
[17, 1.417635440826416, 1.959945559501648, 0.3296000063419342, 0.3296, 0.32151935030111367, '00:24']
[18, 1.3771001100540161, 1.9650789499282837, 0.32679998874664307, 0.3268, 0.3239234366872781, '00:24']
[19, 1.3347268104553223, 1.9834800958633423, 0.3337000012397766, 0.3337, 0.3268953774928546, '00:24']
No improvement since epoch 14: early stopping

Tiempo de entrenamiento: 528.28 segundos
/mnt/homeGPU/haoweihu/TFG/lib/python3.10/site-packages/fastai/learner.py:455: UserWarning: load_learner` uses Python's insecure pickle module, which can execute malicious arbitrary code when loading. Only load files you trust.
If you only need to load model weights and optimizer state, use the safe `Learner.load` instead.
  warn("load_learner` uses Python's insecure pickle module, which can execute malicious arbitrary code when loading. Only load files you trust.\nIf you only need to load model weights and optimizer state, use the safe `Learner.load` instead.")
Loss: 1.9835
Accuracy: 0.3337
Recall: 0.3337
F1-Score: 0.3269
Loss: 1.9988138675689697
Accuracy: 0.3249198794364929
Recall (macro): 0.32490465676096936
F1 Score (macro): 0.31821291344250424
---------------------------------------------------------------------------
Ejecutando: cifar_rgb_10pct_kmeans_quant
---------------------------------------------------------------------------
Número total de imágenes en entrenamiento: 4000
Número total de imágenes en validación: 10000

Clases: ['airplane', 'automobile', 'bird', 'cat', 'deer', 'dog', 'frog', 'horse', 'ship', 'truck']
[0, 2.303380012512207, 2.302589178085327, 0.10189999639987946, 0.10190000000000002, 0.03006465740481231, '00:39']
[1, 2.3004257678985596, 2.2956461906433105, 0.14810000360012054, 0.14809999999999998, 0.08931047787235177, '00:25']
[2, 2.272873640060425, 2.216292142868042, 0.1834000051021576, 0.1834, 0.12808303361414422, '00:24']
[3, 2.192535877227783, 2.113128185272217, 0.2206999957561493, 0.22069999999999998, 0.2015247498080983, '00:24']
[4, 2.095078229904175, 2.0437848567962646, 0.25380000472068787, 0.25379999999999997, 0.2306021015579484, '00:25']
[5, 2.0221099853515625, 1.9753859043121338, 0.2775000035762787, 0.27749999999999997, 0.2594030211564348, '00:26']
[6, 1.9524339437484741, 1.9307796955108643, 0.295199990272522, 0.29519999999999996, 0.29216097660382945, '00:26']
[7, 1.8969502449035645, 1.9139055013656616, 0.30059999227523804, 0.30060000000000003, 0.2934888397893056, '00:26']
[8, 1.8486148118972778, 1.9043495655059814, 0.3133000135421753, 0.3133, 0.3025036499713627, '00:26']
[9, 1.7996470928192139, 1.8936136960983276, 0.3147999942302704, 0.3148, 0.3063347409602543, '00:26']
[10, 1.7567267417907715, 1.9094785451889038, 0.3188000023365021, 0.3188, 0.30749027446454513, '00:26']
[11, 1.7185413837432861, 1.8844423294067383, 0.3278999924659729, 0.3279, 0.3209101978897935, '00:26']
[12, 1.6738576889038086, 1.871670126914978, 0.3314000070095062, 0.33140000000000003, 0.32796197339791267, '00:25']
[13, 1.6288771629333496, 1.8973034620285034, 0.3319999873638153, 0.332, 0.33008631492077817, '00:29']
[14, 1.5901395082473755, 1.9043506383895874, 0.3287000060081482, 0.3287, 0.3229343273968327, '00:31']
[15, 1.5439058542251587, 1.9244433641433716, 0.3353999853134155, 0.3354, 0.3301378011260528, '00:25']
[16, 1.4890061616897583, 1.9299931526184082, 0.3361999988555908, 0.3362, 0.33456485641015277, '00:25']
[17, 1.4511947631835938, 1.954701542854309, 0.3325999975204468, 0.33260000000000006, 0.3254851637335704, '00:25']
No improvement since epoch 12: early stopping

Tiempo de entrenamiento: 485.09 segundos
/mnt/homeGPU/haoweihu/TFG/lib/python3.10/site-packages/fastai/learner.py:455: UserWarning: load_learner` uses Python's insecure pickle module, which can execute malicious arbitrary code when loading. Only load files you trust.
If you only need to load model weights and optimizer state, use the safe `Learner.load` instead.
  warn("load_learner` uses Python's insecure pickle module, which can execute malicious arbitrary code when loading. Only load files you trust.\nIf you only need to load model weights and optimizer state, use the safe `Learner.load` instead.")
Loss: 1.9547
Accuracy: 0.3326
Recall: 0.3326
F1-Score: 0.3255
Loss: 1.9400110244750977
Accuracy: 0.33363381028175354
Recall (macro): 0.33358521011762865
F1 Score (macro): 0.32802653996016035
---------------------------------------------------------------------------
Ejecutando: cifar_rgb_20pct_phash_quant
---------------------------------------------------------------------------
Número total de imágenes en entrenamiento: 8000
Número total de imágenes en validación: 10000

Clases: ['airplane', 'automobile', 'bird', 'cat', 'deer', 'dog', 'frog', 'horse', 'ship', 'truck']
[0, 2.3030202388763428, 2.3019912242889404, 0.09839999675750732, 0.0984, 0.019706646037423694, '00:54']
[1, 2.280475616455078, 2.2442471981048584, 0.1590999960899353, 0.1591, 0.09476136788742225, '00:33']
[2, 2.1485159397125244, 2.0972630977630615, 0.2433999925851822, 0.24339999999999998, 0.22125697140180006, '00:33']
[3, 1.9919979572296143, 1.967177391052246, 0.29910001158714294, 0.29910000000000003, 0.2954423313989624, '00:34']
[4, 1.889566421508789, 1.9478365182876587, 0.28999999165534973, 0.29000000000000004, 0.26373740326404105, '00:34']
[5, 1.8173753023147583, 1.8611867427825928, 0.3314000070095062, 0.33140000000000003, 0.3154616781922475, '00:33']
[6, 1.7764681577682495, 1.873594880104065, 0.3303000032901764, 0.3303, 0.3241130031835381, '00:32']
[7, 1.7265691757202148, 1.8485443592071533, 0.3327000141143799, 0.3327, 0.32185507345644504, '00:32']
[8, 1.692026138305664, 1.7899726629257202, 0.3562000095844269, 0.3562, 0.3394817881140261, '00:32']
[9, 1.6538121700286865, 1.7602025270462036, 0.36800000071525574, 0.368, 0.3559613631410362, '00:32']
[10, 1.6044570207595825, 1.75957190990448, 0.37400001287460327, 0.374, 0.3618814291898785, '00:32']
[11, 1.5669385194778442, 1.7307294607162476, 0.3864000141620636, 0.38639999999999997, 0.37839178230665055, '00:32']
[12, 1.5199564695358276, 1.750486135482788, 0.38019999861717224, 0.3802, 0.36788580094445966, '00:32']
[13, 1.489456295967102, 1.7244151830673218, 0.3880000114440918, 0.388, 0.37936130731379614, '00:32']
[14, 1.443716287612915, 1.7281858921051025, 0.38960000872612, 0.3896, 0.38078227096175327, '00:34']
[15, 1.4037011861801147, 1.734650731086731, 0.39579999446868896, 0.39580000000000004, 0.3854315325887887, '00:34']
[16, 1.3760600090026855, 1.7168195247650146, 0.3995000123977661, 0.3995, 0.3964739716834328, '00:43']
[17, 1.3357690572738647, 1.7103642225265503, 0.40560001134872437, 0.4056, 0.4006075680952298, '00:32']
[18, 1.301069974899292, 1.7453222274780273, 0.4011000096797943, 0.4011, 0.393961188623681, '00:32']
[19, 1.2674486637115479, 1.765335202217102, 0.39989998936653137, 0.3999, 0.39178675988277434, '00:32']
[20, 1.2340962886810303, 1.7478269338607788, 0.4052000045776367, 0.40520000000000006, 0.4017161171996473, '00:32']
[21, 1.2027544975280762, 1.7617114782333374, 0.4027999937534332, 0.40280000000000005, 0.3986780022428358, '00:32']
[22, 1.1652730703353882, 1.7741172313690186, 0.40560001134872437, 0.40560000000000007, 0.4022382259731804, '00:32']
No improvement since epoch 17: early stopping

Tiempo de entrenamiento: 793.92 segundos
/mnt/homeGPU/haoweihu/TFG/lib/python3.10/site-packages/fastai/learner.py:455: UserWarning: load_learner` uses Python's insecure pickle module, which can execute malicious arbitrary code when loading. Only load files you trust.
If you only need to load model weights and optimizer state, use the safe `Learner.load` instead.
  warn("load_learner` uses Python's insecure pickle module, which can execute malicious arbitrary code when loading. Only load files you trust.\nIf you only need to load model weights and optimizer state, use the safe `Learner.load` instead.")
Loss: 1.7741
Accuracy: 0.4056
Recall: 0.4056
F1-Score: 0.4022
Loss: 1.7768415212631226
Accuracy: 0.40094152092933655
Recall (macro): 0.40094780894567694
F1 Score (macro): 0.39790703341065636
---------------------------------------------------------------------------
Ejecutando: cifar_rgb_20pct_fps_quant
---------------------------------------------------------------------------
Número total de imágenes en entrenamiento: 8000
Número total de imágenes en validación: 10000

Clases: ['airplane', 'automobile', 'bird', 'cat', 'deer', 'dog', 'frog', 'horse', 'ship', 'truck']
[0, 2.298950433731079, 2.295048236846924, 0.1370999962091446, 0.1371, 0.07555644490901628, '00:50']
[1, 2.250911235809326, 2.2120838165283203, 0.18459999561309814, 0.18460000000000001, 0.13783081506948935, '00:33']
[2, 2.159313678741455, 2.122587203979492, 0.22750000655651093, 0.22749999999999998, 0.19218554951665348, '00:32']
[3, 2.0379040241241455, 1.9996439218521118, 0.26499998569488525, 0.265, 0.23755035665635518, '00:32']
[4, 1.9490326642990112, 1.932327389717102, 0.28459998965263367, 0.2846, 0.25851231976802114, '00:32']
[5, 1.870451807975769, 1.9008795022964478, 0.304500013589859, 0.30450000000000005, 0.28602182424932454, '00:34']
[6, 1.8495973348617554, 1.8711470365524292, 0.32249999046325684, 0.3225, 0.30895282520953965, '00:43']
[7, 1.8044410943984985, 1.8417316675186157, 0.3343000113964081, 0.33430000000000004, 0.3109973334767317, '00:54']
[8, 1.783022165298462, 1.8220542669296265, 0.33980000019073486, 0.3398, 0.32789387338895515, '00:43']
[9, 1.7310677766799927, 1.8119648694992065, 0.3578000068664551, 0.3578, 0.3525377709022638, '00:32']
[10, 1.703465223312378, 1.829972267150879, 0.350600004196167, 0.35059999999999997, 0.34355248247563347, '00:32']
[11, 1.6534439325332642, 1.7844700813293457, 0.3580000102519989, 0.35800000000000004, 0.35983849362647885, '00:32']
[12, 1.618888020515442, 1.7844290733337402, 0.3677999973297119, 0.3678, 0.3597627048590374, '00:32']
[13, 1.5856393575668335, 1.800362467765808, 0.366100013256073, 0.3661, 0.35396134187000333, '00:32']
[14, 1.549399495124817, 1.78121018409729, 0.38040000200271606, 0.3804, 0.3714549484754305, '00:32']
[15, 1.5174721479415894, 1.7818536758422852, 0.37790000438690186, 0.3779, 0.37213233377815125, '00:32']
[16, 1.4673576354980469, 1.8291232585906982, 0.3662000000476837, 0.36619999999999997, 0.36582471064812705, '00:32']
[17, 1.4468014240264893, 1.7910470962524414, 0.3797000050544739, 0.3797, 0.37346517142622093, '00:32']
[18, 1.402018666267395, 1.788083553314209, 0.38119998574256897, 0.38120000000000004, 0.3790700825003183, '00:32']
[19, 1.3662716150283813, 1.8270703554153442, 0.37880000472068787, 0.37879999999999997, 0.37053578483162397, '00:32']
No improvement since epoch 14: early stopping

Tiempo de entrenamiento: 719.61 segundos
/mnt/homeGPU/haoweihu/TFG/lib/python3.10/site-packages/fastai/learner.py:455: UserWarning: load_learner` uses Python's insecure pickle module, which can execute malicious arbitrary code when loading. Only load files you trust.
If you only need to load model weights and optimizer state, use the safe `Learner.load` instead.
  warn("load_learner` uses Python's insecure pickle module, which can execute malicious arbitrary code when loading. Only load files you trust.\nIf you only need to load model weights and optimizer state, use the safe `Learner.load` instead.")
Loss: 1.8271
Accuracy: 0.3788
Recall: 0.3788
F1-Score: 0.3705
Loss: 1.8259224891662598
Accuracy: 0.37099358439445496
Recall (macro): 0.3710087294109379
F1 Score (macro): 0.3633151827860627
---------------------------------------------------------------------------
Ejecutando: cifar_rgb_20pct_kmeans_quant
---------------------------------------------------------------------------
Número total de imágenes en entrenamiento: 8000
Número total de imágenes en validación: 10000

Clases: ['airplane', 'automobile', 'bird', 'cat', 'deer', 'dog', 'frog', 'horse', 'ship', 'truck']
[0, 2.30336332321167, 2.302222967147827, 0.10869999974966049, 0.10869999999999999, 0.034752441875729546, '00:57']
[1, 2.294358015060425, 2.277824640274048, 0.1703999936580658, 0.17039999999999997, 0.11685566647342789, '00:38']
[2, 2.170530080795288, 2.1046195030212402, 0.2526000142097473, 0.2526, 0.22438908904983074, '00:33']
[3, 2.0567517280578613, 1.9917685985565186, 0.28220000863075256, 0.28219999999999995, 0.26156830058522357, '00:32']
[4, 1.9432637691497803, 1.9277236461639404, 0.3034000098705292, 0.3034, 0.2884992030259984, '00:32']
[5, 1.8981599807739258, 1.9025968313217163, 0.3075000047683716, 0.3075, 0.27586104431691616, '00:33']
[6, 1.8580611944198608, 1.8555240631103516, 0.3319999873638153, 0.332, 0.32317881889943195, '00:32']
[7, 1.7939399480819702, 1.8160672187805176, 0.35010001063346863, 0.3501, 0.3393122851076046, '00:33']
[8, 1.7529672384262085, 1.8185995817184448, 0.35260000824928284, 0.3526, 0.3377524446324819, '00:32']
[9, 1.7189356088638306, 1.7890355587005615, 0.3555000126361847, 0.35550000000000004, 0.3497764083080113, '00:32']
[10, 1.6761422157287598, 1.7931548357009888, 0.36570000648498535, 0.3657, 0.36280805762859286, '00:32']
[11, 1.622727394104004, 1.7587666511535645, 0.37279999256134033, 0.37279999999999996, 0.36348437012361967, '00:32']
[12, 1.5977922677993774, 1.731113314628601, 0.3813999891281128, 0.3814000000000001, 0.371527909020246, '00:33']
[13, 1.548540472984314, 1.7491317987442017, 0.38440001010894775, 0.3844, 0.38046861173334967, '00:32']
[14, 1.527967095375061, 1.7275267839431763, 0.390500009059906, 0.39049999999999996, 0.38411785715845376, '00:32']
[15, 1.4647082090377808, 1.7448982000350952, 0.391400009393692, 0.3914, 0.3909724440812718, '00:31']
[16, 1.4369149208068848, 1.7483206987380981, 0.3903000056743622, 0.3903, 0.38615044913109264, '00:32']
[17, 1.3995790481567383, 1.7395837306976318, 0.39480000734329224, 0.39480000000000004, 0.3884272442985025, '00:33']
[18, 1.3688095808029175, 1.743160605430603, 0.4011000096797943, 0.4010999999999999, 0.3925655625988934, '00:32']
[19, 1.325379490852356, 1.7800894975662231, 0.39629998803138733, 0.3963, 0.38991457565575954, '00:31']
No improvement since epoch 14: early stopping

Tiempo de entrenamiento: 685.68 segundos
/mnt/homeGPU/haoweihu/TFG/lib/python3.10/site-packages/fastai/learner.py:455: UserWarning: load_learner` uses Python's insecure pickle module, which can execute malicious arbitrary code when loading. Only load files you trust.
If you only need to load model weights and optimizer state, use the safe `Learner.load` instead.
  warn("load_learner` uses Python's insecure pickle module, which can execute malicious arbitrary code when loading. Only load files you trust.\nIf you only need to load model weights and optimizer state, use the safe `Learner.load` instead.")
Loss: 1.7801
Accuracy: 0.3963
Recall: 0.3963
F1-Score: 0.3899
Loss: 1.7714788913726807
Accuracy: 0.39653444290161133
Recall (macro): 0.39644715714988255
F1 Score (macro): 0.39209027074607233
---------------------------------------------------------------------------
Ejecutando: cifar_rgb_30pct_phash_quant
---------------------------------------------------------------------------
Número total de imágenes en entrenamiento: 12000
Número total de imágenes en validación: 10000

Clases: ['airplane', 'automobile', 'bird', 'cat', 'deer', 'dog', 'frog', 'horse', 'ship', 'truck']
[0, 2.2965855598449707, 2.291330575942993, 0.14300000667572021, 0.143, 0.056581214742712715, '01:08']
[1, 2.2011194229125977, 2.1769747734069824, 0.20280000567436218, 0.2028, 0.1787993177768713, '00:39']
[2, 2.0519044399261475, 2.035623073577881, 0.24410000443458557, 0.24410000000000004, 0.21359629233679556, '00:39']
[3, 1.9239970445632935, 1.9254461526870728, 0.30320000648498535, 0.3032, 0.2956223337848177, '00:39']
[4, 1.8839975595474243, 1.8967499732971191, 0.31349998712539673, 0.3135, 0.3081102611793855, '00:38']
[5, 1.8289028406143188, 1.8594692945480347, 0.32829999923706055, 0.32830000000000004, 0.31398992499226147, '00:39']
[6, 1.8064161539077759, 1.8168580532073975, 0.34689998626708984, 0.34690000000000004, 0.335667325719441, '00:39']
[7, 1.7537024021148682, 1.797549843788147, 0.3562000095844269, 0.3562, 0.34674832979776393, '00:39']
[8, 1.7072420120239258, 1.7920759916305542, 0.3610000014305115, 0.36100000000000004, 0.35822197798959277, '00:39']
[9, 1.6670082807540894, 1.7448408603668213, 0.3808000087738037, 0.38079999999999997, 0.3799536637358063, '00:40']
[10, 1.6392070055007935, 1.7564646005630493, 0.3792000114917755, 0.37920000000000004, 0.37173625704632246, '00:39']
[11, 1.5923413038253784, 1.7188507318496704, 0.3855000138282776, 0.3855, 0.3744390981823624, '00:39']
[12, 1.5467551946640015, 1.7115414142608643, 0.3953000009059906, 0.39530000000000004, 0.3877738083396737, '00:40']
[13, 1.5447568893432617, 1.7119009494781494, 0.38999998569488525, 0.39, 0.38196680792829285, '00:42']
[14, 1.4600750207901, 1.7464449405670166, 0.39010000228881836, 0.3901, 0.3818173567500393, '00:42']
[15, 1.4380426406860352, 1.6891878843307495, 0.4059999883174896, 0.406, 0.40163956961111474, '00:51']
[16, 1.383526086807251, 1.7145447731018066, 0.4025000035762787, 0.4025, 0.3976293508435168, '00:57']
[17, 1.3572348356246948, 1.711045742034912, 0.40400001406669617, 0.404, 0.3963434572868584, '00:48']
[18, 1.3137685060501099, 1.7315661907196045, 0.40400001406669617, 0.404, 0.39723123753881195, '00:39']
[19, 1.2560464143753052, 1.7546919584274292, 0.40709999203681946, 0.40709999999999996, 0.4015266869749651, '00:39']
[20, 1.234525203704834, 1.7405240535736084, 0.4120999872684479, 0.4121, 0.41195541130113006, '00:41']
No improvement since epoch 15: early stopping

Tiempo de entrenamiento: 905.63 segundos
/mnt/homeGPU/haoweihu/TFG/lib/python3.10/site-packages/fastai/learner.py:455: UserWarning: load_learner` uses Python's insecure pickle module, which can execute malicious arbitrary code when loading. Only load files you trust.
If you only need to load model weights and optimizer state, use the safe `Learner.load` instead.
  warn("load_learner` uses Python's insecure pickle module, which can execute malicious arbitrary code when loading. Only load files you trust.\nIf you only need to load model weights and optimizer state, use the safe `Learner.load` instead.")
Loss: 1.7405
Accuracy: 0.4121
Recall: 0.4121
F1-Score: 0.4120
Loss: 1.7326651811599731
Accuracy: 0.41015625
Recall (macro): 0.4102119391149128
F1 Score (macro): 0.40965349161783154
---------------------------------------------------------------------------
Ejecutando: cifar_rgb_30pct_fps_quant
---------------------------------------------------------------------------
Número total de imágenes en entrenamiento: 12000
Número total de imágenes en validación: 10000

Clases: ['airplane', 'automobile', 'bird', 'cat', 'deer', 'dog', 'frog', 'horse', 'ship', 'truck']
[0, 2.2967660427093506, 2.2921926975250244, 0.147599995136261, 0.1476, 0.11194194243601985, '01:09']
[1, 2.216132879257202, 2.1861302852630615, 0.19949999451637268, 0.1995, 0.15572456845363516, '00:39']
[2, 2.0931172370910645, 2.0327250957489014, 0.26100000739097595, 0.261, 0.24838993832312575, '00:39']
[3, 1.927533507347107, 1.8953949213027954, 0.32089999318122864, 0.32089999999999996, 0.31080184737261557, '00:39']
[4, 1.8790730237960815, 1.8733261823654175, 0.32440000772476196, 0.3244, 0.3212306367813246, '00:39']
[5, 1.8359893560409546, 1.8291758298873901, 0.3345000147819519, 0.33449999999999996, 0.32546892911502556, '00:39']
[6, 1.7948368787765503, 1.8053678274154663, 0.34790000319480896, 0.3479, 0.3356888109886423, '00:39']
[7, 1.743813395500183, 1.7863179445266724, 0.35109999775886536, 0.3511, 0.34406359275339715, '00:40']
[8, 1.7116714715957642, 1.772222876548767, 0.365200012922287, 0.3652, 0.3567563180582757, '00:39']
[9, 1.6800974607467651, 1.736608624458313, 0.3790000081062317, 0.379, 0.37476747607124705, '00:39']
[10, 1.628318190574646, 1.7450144290924072, 0.3779999911785126, 0.378, 0.36395629966510556, '00:41']
[11, 1.5740060806274414, 1.7391945123672485, 0.38280001282691956, 0.38280000000000003, 0.37671355052470873, '00:49']
[12, 1.548976182937622, 1.7083138227462769, 0.3968999981880188, 0.3969, 0.385084136653865, '00:39']
[13, 1.48826265335083, 1.7527601718902588, 0.39739999175071716, 0.39740000000000003, 0.3917021782903885, '00:39']
[14, 1.4590349197387695, 1.7229976654052734, 0.4000999927520752, 0.4001, 0.3961758917156889, '00:39']
[15, 1.4111506938934326, 1.7295215129852295, 0.3968999981880188, 0.39690000000000003, 0.39181375250660283, '00:39']
[16, 1.3872565031051636, 1.7318943738937378, 0.39649999141693115, 0.3965, 0.3941291521268763, '00:41']
[17, 1.3377585411071777, 1.7295691967010498, 0.40709999203681946, 0.40709999999999996, 0.39963782760234545, '00:41']
No improvement since epoch 12: early stopping

Tiempo de entrenamiento: 760.66 segundos
/mnt/homeGPU/haoweihu/TFG/lib/python3.10/site-packages/fastai/learner.py:455: UserWarning: load_learner` uses Python's insecure pickle module, which can execute malicious arbitrary code when loading. Only load files you trust.
If you only need to load model weights and optimizer state, use the safe `Learner.load` instead.
  warn("load_learner` uses Python's insecure pickle module, which can execute malicious arbitrary code when loading. Only load files you trust.\nIf you only need to load model weights and optimizer state, use the safe `Learner.load` instead.")
Loss: 1.7296
Accuracy: 0.4071
Recall: 0.4071
F1-Score: 0.3996
Loss: 1.7488144636154175
Accuracy: 0.39142629504203796
Recall (macro): 0.3914206235694824
F1 Score (macro): 0.38180760232199706
---------------------------------------------------------------------------
Ejecutando: cifar_rgb_30pct_kmeans_quant
---------------------------------------------------------------------------
Número total de imágenes en entrenamiento: 12000
Número total de imágenes en validación: 10000

Clases: ['airplane', 'automobile', 'bird', 'cat', 'deer', 'dog', 'frog', 'horse', 'ship', 'truck']
[0, 2.3003811836242676, 2.2993879318237305, 0.14419999718666077, 0.1442, 0.07019430334819335, '01:21']
[1, 2.2298741340637207, 2.1513638496398926, 0.22769999504089355, 0.2277, 0.18220627027593556, '00:44']
[2, 2.0050723552703857, 2.007683038711548, 0.25200000405311584, 0.252, 0.21813374613345166, '00:45']
[3, 1.9400683641433716, 1.9390336275100708, 0.29820001125335693, 0.29819999999999997, 0.2841113225507742, '00:39']
[4, 1.8815356492996216, 1.8658148050308228, 0.3278999924659729, 0.3279, 0.31742574011693825, '00:39']
[5, 1.8434491157531738, 1.8740564584732056, 0.3163999915122986, 0.31639999999999996, 0.2936093437038527, '00:39']
[6, 1.812790870666504, 1.8683136701583862, 0.32280001044273376, 0.32280000000000003, 0.3022947974621329, '00:39']
[7, 1.7668029069900513, 1.7982679605484009, 0.35899999737739563, 0.35900000000000004, 0.3449040667819415, '00:39']
[8, 1.7252117395401, 1.7776167392730713, 0.37310001254081726, 0.3731, 0.36856330783203023, '00:39']
[9, 1.6649988889694214, 1.7647459506988525, 0.3693000078201294, 0.3693, 0.35461916855696973, '00:39']
[10, 1.6334079504013062, 1.7281560897827148, 0.39239999651908875, 0.39239999999999997, 0.38585643268190944, '00:39']
[11, 1.5856633186340332, 1.711120367050171, 0.3953000009059906, 0.39530000000000004, 0.3774804788322268, '00:40']
[12, 1.5614855289459229, 1.7079517841339111, 0.398499995470047, 0.3985, 0.39174524553419754, '00:40']
[13, 1.5069468021392822, 1.7007263898849487, 0.4059999883174896, 0.406, 0.3985853840325765, '00:39']
[14, 1.4696677923202515, 1.696289300918579, 0.4090999960899353, 0.4091, 0.3914130689898062, '00:39']
[15, 1.4321353435516357, 1.695408821105957, 0.40950000286102295, 0.4095000000000001, 0.40492701951878673, '00:39']
[16, 1.4274263381958008, 1.6827151775360107, 0.41600000858306885, 0.41600000000000004, 0.4112682817358765, '00:39']
[17, 1.3802334070205688, 1.7102810144424438, 0.4120999872684479, 0.4121, 0.40620761222995716, '00:38']
[18, 1.3325622081756592, 1.712952971458435, 0.4156999886035919, 0.4157, 0.40949389119182406, '00:39']
[19, 1.3146973848342896, 1.7161874771118164, 0.41659998893737793, 0.41659999999999997, 0.41317781717808744, '00:39']
[20, 1.2690163850784302, 1.756424069404602, 0.4154999852180481, 0.4154999999999999, 0.40625309390198927, '00:39']
[21, 1.2156563997268677, 1.7441859245300293, 0.4203999936580658, 0.42040000000000005, 0.417002986487807, '00:38']
No improvement since epoch 16: early stopping

Tiempo de entrenamiento: 923.52 segundos
/mnt/homeGPU/haoweihu/TFG/lib/python3.10/site-packages/fastai/learner.py:455: UserWarning: load_learner` uses Python's insecure pickle module, which can execute malicious arbitrary code when loading. Only load files you trust.
If you only need to load model weights and optimizer state, use the safe `Learner.load` instead.
  warn("load_learner` uses Python's insecure pickle module, which can execute malicious arbitrary code when loading. Only load files you trust.\nIf you only need to load model weights and optimizer state, use the safe `Learner.load` instead.")
Loss: 1.7442
Accuracy: 0.4204
Recall: 0.4204
F1-Score: 0.4170
Loss: 1.7371609210968018
Accuracy: 0.4188701808452606
Recall (macro): 0.418875486628672
F1 Score (macro): 0.4147233421303958
---------------------------------------------------------------------------
Ejecutando: cifar_rgb_40pct_phash_quant
---------------------------------------------------------------------------
Número total de imágenes en entrenamiento: 16000
Número total de imágenes en validación: 10000

Clases: ['airplane', 'automobile', 'bird', 'cat', 'deer', 'dog', 'frog', 'horse', 'ship', 'truck']
[0, 2.2957663536071777, 2.288012981414795, 0.18539999425411224, 0.1854, 0.11847016229165244, '01:31']
[1, 2.158430814743042, 2.1290693283081055, 0.22190000116825104, 0.2219, 0.18611706131658334, '00:45']
[2, 2.0839271545410156, 2.045814275741577, 0.26179999113082886, 0.2618, 0.24935697195359235, '00:45']
[3, 1.9982750415802002, 1.9604994058609009, 0.2994000017642975, 0.2994, 0.28932004364711295, '00:45']
[4, 1.9275625944137573, 1.9097200632095337, 0.3091000020503998, 0.3091, 0.28643370684933556, '00:46']
[5, 1.8959848880767822, 1.8425393104553223, 0.33489999175071716, 0.33490000000000003, 0.3306163481045471, '00:46']
[6, 1.8518239259719849, 1.8260935544967651, 0.3370000123977661, 0.3369999999999999, 0.33145408484525235, '00:45']
[7, 1.8275694847106934, 1.8143599033355713, 0.34940001368522644, 0.34940000000000004, 0.3256767212860568, '00:48']
[8, 1.7715206146240234, 1.743646502494812, 0.3741999864578247, 0.3742, 0.3710961200051481, '00:47']
[9, 1.724083662033081, 1.747666597366333, 0.3700999915599823, 0.3701, 0.36102387153564913, '00:47']
[10, 1.684124231338501, 1.7202367782592773, 0.3815000057220459, 0.3815, 0.36919044323421274, '00:46']
[11, 1.6204476356506348, 1.722594141960144, 0.3849000036716461, 0.3849, 0.37819502146762196, '00:56']
[12, 1.6041280031204224, 1.6864259243011475, 0.3959999978542328, 0.396, 0.38959335149118257, '00:49']
[13, 1.564781904220581, 1.6858035326004028, 0.39800000190734863, 0.398, 0.3921696411364583, '00:47']
[14, 1.5247427225112915, 1.6892484426498413, 0.40290001034736633, 0.4029, 0.3957179973821766, '01:15']
[15, 1.4675021171569824, 1.6809947490692139, 0.40849998593330383, 0.4085, 0.40712527096400286, '00:56']
[16, 1.4278485774993896, 1.6723506450653076, 0.41029998660087585, 0.41030000000000005, 0.4050637605484909, '00:47']
[17, 1.3746620416641235, 1.7016063928604126, 0.40369999408721924, 0.4036999999999999, 0.4016058935987211, '00:47']
[18, 1.3695287704467773, 1.717729926109314, 0.40639999508857727, 0.4064, 0.40463059207400837, '00:47']
[19, 1.3061015605926514, 1.7129853963851929, 0.40549999475479126, 0.4055000000000001, 0.40163725851395665, '00:47']
[20, 1.2691842317581177, 1.7164818048477173, 0.41280001401901245, 0.41279999999999994, 0.4073788111770349, '00:47']
[21, 1.2429437637329102, 1.7269431352615356, 0.41280001401901245, 0.4128, 0.4075390312014398, '00:47']
No improvement since epoch 16: early stopping

Tiempo de entrenamiento: 1125.29 segundos
/mnt/homeGPU/haoweihu/TFG/lib/python3.10/site-packages/fastai/learner.py:455: UserWarning: load_learner` uses Python's insecure pickle module, which can execute malicious arbitrary code when loading. Only load files you trust.
If you only need to load model weights and optimizer state, use the safe `Learner.load` instead.
  warn("load_learner` uses Python's insecure pickle module, which can execute malicious arbitrary code when loading. Only load files you trust.\nIf you only need to load model weights and optimizer state, use the safe `Learner.load` instead.")
Loss: 1.7269
Accuracy: 0.4128
Recall: 0.4128
F1-Score: 0.4075
Loss: 1.7388616800308228
Accuracy: 0.4172676205635071
Recall (macro): 0.41730424279049777
F1 Score (macro): 0.41187981495501813
---------------------------------------------------------------------------
Ejecutando: cifar_rgb_40pct_fps_quant
---------------------------------------------------------------------------
Número total de imágenes en entrenamiento: 16000
Número total de imágenes en validación: 10000

Clases: ['airplane', 'automobile', 'bird', 'cat', 'deer', 'dog', 'frog', 'horse', 'ship', 'truck']
[0, 2.295062303543091, 2.2864997386932373, 0.15960000455379486, 0.1596, 0.12801170749155305, '01:25']
[1, 2.1910059452056885, 2.1519088745117188, 0.2087000012397766, 0.20869999999999997, 0.15710588412353368, '00:48']
[2, 1.991789698600769, 1.9398763179779053, 0.2976999878883362, 0.29769999999999996, 0.282424646455809, '00:50']
[3, 1.8679296970367432, 1.8627996444702148, 0.328900009393692, 0.3289, 0.3156359978040144, '00:47']
[4, 1.834494948387146, 1.8401316404342651, 0.33379998803138733, 0.3338, 0.32756266903036807, '00:47']
[5, 1.8073740005493164, 1.8448240756988525, 0.3377000093460083, 0.3377, 0.31539155737768726, '00:47']
[6, 1.753872036933899, 1.770966649055481, 0.35989999771118164, 0.3599, 0.35244752087422887, '00:47']
[7, 1.7151379585266113, 1.7724089622497559, 0.36820000410079956, 0.36819999999999997, 0.3616736979042505, '00:46']
[8, 1.6549054384231567, 1.721798062324524, 0.38960000872612, 0.38959999999999995, 0.3819645397511896, '00:47']
[9, 1.6421712636947632, 1.7070115804672241, 0.39660000801086426, 0.39659999999999995, 0.3904204578336145, '00:47']
[10, 1.584932804107666, 1.706773042678833, 0.3944999873638153, 0.3945, 0.38883529212788215, '00:47']
[11, 1.5534358024597168, 1.678781270980835, 0.4066999852657318, 0.4067, 0.40577093578295526, '00:47']
[12, 1.5123450756072998, 1.6758862733840942, 0.39959999918937683, 0.3996, 0.39576208993540385, '00:46']
[13, 1.4756189584732056, 1.6755168437957764, 0.41940000653266907, 0.4194, 0.4137548909892511, '00:47']
[14, 1.4330512285232544, 1.6771445274353027, 0.41499999165534973, 0.41500000000000004, 0.4144032542792573, '00:47']
[15, 1.4048951864242554, 1.6994644403457642, 0.4088999927043915, 0.40890000000000004, 0.39962623902250816, '00:47']
[16, 1.3689985275268555, 1.6954721212387085, 0.41119998693466187, 0.4112, 0.40332233048975513, '00:47']
[17, 1.326828956604004, 1.706575632095337, 0.41350001096725464, 0.4135, 0.4077674424979678, '00:47']
[18, 1.263649821281433, 1.7343425750732422, 0.41510000824928284, 0.41509999999999997, 0.40844812713833845, '00:47']
No improvement since epoch 13: early stopping

Tiempo de entrenamiento: 939.74 segundos
/mnt/homeGPU/haoweihu/TFG/lib/python3.10/site-packages/fastai/learner.py:455: UserWarning: load_learner` uses Python's insecure pickle module, which can execute malicious arbitrary code when loading. Only load files you trust.
If you only need to load model weights and optimizer state, use the safe `Learner.load` instead.
  warn("load_learner` uses Python's insecure pickle module, which can execute malicious arbitrary code when loading. Only load files you trust.\nIf you only need to load model weights and optimizer state, use the safe `Learner.load` instead.")
Loss: 1.7343
Accuracy: 0.4151
Recall: 0.4151
F1-Score: 0.4084
Loss: 1.746817946434021
Accuracy: 0.41015625
Recall (macro): 0.4102232778877225
F1 Score (macro): 0.4019370001477058
---------------------------------------------------------------------------
Ejecutando: cifar_rgb_40pct_kmeans_quant
---------------------------------------------------------------------------
Número total de imágenes en entrenamiento: 16000
Número total de imágenes en validación: 10000

Clases: ['airplane', 'automobile', 'bird', 'cat', 'deer', 'dog', 'frog', 'horse', 'ship', 'truck']
[0, 2.298205614089966, 2.295196771621704, 0.1282999962568283, 0.1283, 0.04545018404038537, '01:26']
[1, 2.186516046524048, 2.1498377323150635, 0.219200000166893, 0.2192, 0.18037040435924453, '00:47']
[2, 2.015079975128174, 1.9851658344268799, 0.27219998836517334, 0.2722, 0.2511786040190373, '00:47']
[3, 1.896517276763916, 1.8736886978149414, 0.31859999895095825, 0.3186, 0.30850474084645013, '00:48']
[4, 1.8411425352096558, 1.8392187356948853, 0.3296000063419342, 0.3296, 0.32078962699630104, '00:55']
[5, 1.817986249923706, 1.8134710788726807, 0.35010001063346863, 0.35009999999999997, 0.33393699869573223, '01:02']
[6, 1.770430326461792, 1.8837486505508423, 0.32030001282691956, 0.3203, 0.29706453206833305, '00:47']
[7, 1.7204043865203857, 1.7778922319412231, 0.3513999879360199, 0.35140000000000005, 0.35239219530823124, '00:47']
[8, 1.657371997833252, 1.702322244644165, 0.38749998807907104, 0.38750000000000007, 0.37531873563907825, '00:46']
[9, 1.6326695680618286, 1.7181874513626099, 0.3864000141620636, 0.3864, 0.37729555959270505, '00:47']
[10, 1.592139720916748, 1.6622976064682007, 0.40639999508857727, 0.4064, 0.3972495279431846, '00:47']
[11, 1.554866909980774, 1.6714519262313843, 0.3968000113964081, 0.39679999999999993, 0.3977614036973394, '00:47']
[12, 1.509950876235962, 1.6459462642669678, 0.41589999198913574, 0.4159, 0.4080859723031782, '00:46']
[13, 1.4776556491851807, 1.64375901222229, 0.41530001163482666, 0.41529999999999995, 0.4053975423817012, '00:48']
[14, 1.4309937953948975, 1.626715064048767, 0.42260000109672546, 0.4225999999999999, 0.4189032703079028, '00:47']
[15, 1.4066129922866821, 1.6683292388916016, 0.4115000069141388, 0.41150000000000003, 0.4045400764241614, '00:47']
[16, 1.354238510131836, 1.6414408683776855, 0.42489999532699585, 0.42489999999999994, 0.41683089677809343, '00:48']
[17, 1.3513269424438477, 1.6219125986099243, 0.4287000000476837, 0.42869999999999997, 0.42261558565876617, '00:47']
[18, 1.2954453229904175, 1.640939474105835, 0.42730000615119934, 0.42729999999999996, 0.42717850901973575, '00:49']
[19, 1.2589688301086426, 1.6423423290252686, 0.42980000376701355, 0.4298, 0.4297559717036779, '00:48']
[20, 1.2273445129394531, 1.6538441181182861, 0.42879998683929443, 0.42879999999999996, 0.42137734178646047, '00:47']
[21, 1.2029798030853271, 1.6630679368972778, 0.43290001153945923, 0.43290000000000006, 0.42825471222919786, '00:49']
[22, 1.1742843389511108, 1.6694613695144653, 0.429500013589859, 0.4295, 0.42635194588637165, '00:48']
No improvement since epoch 17: early stopping

Tiempo de entrenamiento: 1157.62 segundos
/mnt/homeGPU/haoweihu/TFG/lib/python3.10/site-packages/fastai/learner.py:455: UserWarning: load_learner` uses Python's insecure pickle module, which can execute malicious arbitrary code when loading. Only load files you trust.
If you only need to load model weights and optimizer state, use the safe `Learner.load` instead.
  warn("load_learner` uses Python's insecure pickle module, which can execute malicious arbitrary code when loading. Only load files you trust.\nIf you only need to load model weights and optimizer state, use the safe `Learner.load` instead.")
Loss: 1.6695
Accuracy: 0.4295
Recall: 0.4295
F1-Score: 0.4264
Loss: 1.6635448932647705
Accuracy: 0.4294871687889099
Recall (macro): 0.4295162746975675
F1 Score (macro): 0.42624058437926005
---------------------------------------------------------------------------
Ejecutando: cifar_rgb_50pct_phash_quant
---------------------------------------------------------------------------
Número total de imágenes en entrenamiento: 20000
Número total de imágenes en validación: 10000

Clases: ['airplane', 'automobile', 'bird', 'cat', 'deer', 'dog', 'frog', 'horse', 'ship', 'truck']
[0, 2.2961061000823975, 2.2858383655548096, 0.15330000221729279, 0.1533, 0.0814188666774394, '01:50']
[1, 2.1656720638275146, 2.1492385864257812, 0.2125999927520752, 0.21259999999999998, 0.17786177242837328, '00:54']
[2, 2.029341697692871, 2.009434938430786, 0.27219998836517334, 0.27220000000000005, 0.25260921683590964, '00:55']
[3, 1.9493154287338257, 1.9063010215759277, 0.29440000653266907, 0.2944, 0.27487623422825697, '00:54']
[4, 1.8964226245880127, 1.8284504413604736, 0.3409999907016754, 0.341, 0.33490001955455023, '00:54']
[5, 1.8653556108474731, 1.8566561937332153, 0.3287000060081482, 0.3287, 0.31567124209156844, '01:11']
[6, 1.8026771545410156, 1.769537091255188, 0.3596000075340271, 0.35960000000000003, 0.3468334576783447, '01:15']
[7, 1.764585256576538, 1.761723279953003, 0.36800000071525574, 0.368, 0.355125722137945, '00:54']
[8, 1.7343695163726807, 1.7081146240234375, 0.39149999618530273, 0.3915, 0.3845473837832615, '00:54']
[9, 1.695057988166809, 1.6901371479034424, 0.40049999952316284, 0.40049999999999997, 0.39738727993296685, '00:54']
[10, 1.6269161701202393, 1.6808675527572632, 0.40230000019073486, 0.4023, 0.39228684865311586, '00:54']
[11, 1.6011264324188232, 1.6646562814712524, 0.41350001096725464, 0.4135, 0.4074727700155144, '00:55']
[12, 1.5665994882583618, 1.636791467666626, 0.4260999858379364, 0.42610000000000003, 0.4210824834630248, '00:54']
[13, 1.524673581123352, 1.6735203266143799, 0.41609999537467957, 0.41609999999999997, 0.4088436190360559, '00:55']
[14, 1.478922963142395, 1.6418814659118652, 0.4275999963283539, 0.4276, 0.42264176482102495, '00:56']
[15, 1.4276074171066284, 1.6537140607833862, 0.42410001158714294, 0.4241, 0.4166357189698055, '00:54']
[16, 1.415177822113037, 1.6293865442276, 0.42910000681877136, 0.42910000000000004, 0.42436189927741397, '00:55']
[17, 1.3624147176742554, 1.6394330263137817, 0.4302000105381012, 0.43019999999999997, 0.4291800169599245, '00:54']
[18, 1.331128478050232, 1.655743956565857, 0.435699999332428, 0.43570000000000003, 0.4330747451098552, '00:53']
[19, 1.2785989046096802, 1.6856263875961304, 0.4325000047683716, 0.4325, 0.42860258286056474, '00:54']
[20, 1.249645471572876, 1.6834276914596558, 0.43160000443458557, 0.4316, 0.4278252864194341, '00:54']
[21, 1.224462866783142, 1.6851836442947388, 0.43549999594688416, 0.43550000000000005, 0.43228325867054407, '00:55']
No improvement since epoch 16: early stopping

Tiempo de entrenamiento: 1295.66 segundos
/mnt/homeGPU/haoweihu/TFG/lib/python3.10/site-packages/fastai/learner.py:455: UserWarning: load_learner` uses Python's insecure pickle module, which can execute malicious arbitrary code when loading. Only load files you trust.
If you only need to load model weights and optimizer state, use the safe `Learner.load` instead.
  warn("load_learner` uses Python's insecure pickle module, which can execute malicious arbitrary code when loading. Only load files you trust.\nIf you only need to load model weights and optimizer state, use the safe `Learner.load` instead.")
Loss: 1.6852
Accuracy: 0.4355
Recall: 0.4355
F1-Score: 0.4323
Loss: 1.6772546768188477
Accuracy: 0.4296875
Recall (macro): 0.42970395603833733
F1 Score (macro): 0.42665106427815813
---------------------------------------------------------------------------
Ejecutando: cifar_rgb_50pct_fps_quant
---------------------------------------------------------------------------
Número total de imágenes en entrenamiento: 20000
Número total de imágenes en validación: 10000

Clases: ['airplane', 'automobile', 'bird', 'cat', 'deer', 'dog', 'frog', 'horse', 'ship', 'truck']
[0, 2.2940709590911865, 2.285125255584717, 0.14419999718666077, 0.1442, 0.0863738056571464, '01:41']
[1, 2.14442777633667, 2.099468231201172, 0.24390000104904175, 0.2439, 0.21848653033976184, '00:55']
[2, 1.9468239545822144, 1.9385849237442017, 0.30379998683929443, 0.30379999999999996, 0.28920339752698043, '00:54']
[3, 1.8738988637924194, 1.8519690036773682, 0.3319999873638153, 0.332, 0.32557586827717316, '00:54']
[4, 1.8003734350204468, 1.8525011539459229, 0.3337000012397766, 0.3337, 0.3089369610966339, '00:53']
[5, 1.760326862335205, 1.7743781805038452, 0.36169999837875366, 0.36169999999999997, 0.3556716180082734, '00:53']
[6, 1.715266227722168, 1.7511653900146484, 0.3734999895095825, 0.37350000000000005, 0.3615468762788135, '00:54']
[7, 1.692321538925171, 1.717285394668579, 0.3828999996185303, 0.3829, 0.3705056603958562, '01:12']
[8, 1.6540164947509766, 1.6800494194030762, 0.4050999879837036, 0.4051, 0.4040724554019028, '00:54']
[9, 1.605271816253662, 1.6961045265197754, 0.4009999930858612, 0.40099999999999997, 0.3990782069407465, '00:54']
[10, 1.5480366945266724, 1.6510556936264038, 0.4117000102996826, 0.4117, 0.40594975721764026, '00:58']
[11, 1.5193297863006592, 1.6541454792022705, 0.41510000824928284, 0.4151000000000001, 0.4035844754920926, '01:17']
[12, 1.4882704019546509, 1.6417025327682495, 0.4205000102519989, 0.4205, 0.41773883207759993, '01:08']
[13, 1.43858003616333, 1.6174713373184204, 0.43209999799728394, 0.43210000000000004, 0.42939997130832863, '00:54']
[14, 1.3982235193252563, 1.6348719596862793, 0.4284000098705292, 0.4284, 0.41807722797926755, '00:54']
[15, 1.3714908361434937, 1.6277662515640259, 0.43059998750686646, 0.4306, 0.4187020940207001, '00:54']
[16, 1.3558030128479004, 1.6246764659881592, 0.4339999854564667, 0.434, 0.430309619969527, '00:54']
[17, 1.3042553663253784, 1.6324577331542969, 0.4352000057697296, 0.4351999999999999, 0.4292379973086239, '00:54']
[18, 1.255975365638733, 1.6440362930297852, 0.4352000057697296, 0.43520000000000003, 0.42867243723477333, '00:54']
No improvement since epoch 13: early stopping

Tiempo de entrenamiento: 1139.28 segundos
/mnt/homeGPU/haoweihu/TFG/lib/python3.10/site-packages/fastai/learner.py:455: UserWarning: load_learner` uses Python's insecure pickle module, which can execute malicious arbitrary code when loading. Only load files you trust.
If you only need to load model weights and optimizer state, use the safe `Learner.load` instead.
  warn("load_learner` uses Python's insecure pickle module, which can execute malicious arbitrary code when loading. Only load files you trust.\nIf you only need to load model weights and optimizer state, use the safe `Learner.load` instead.")
Loss: 1.6440
Accuracy: 0.4352
Recall: 0.4352
F1-Score: 0.4287
Loss: 1.6489877700805664
Accuracy: 0.43349358439445496
Recall (macro): 0.43348633914425294
F1 Score (macro): 0.42603263169906896
---------------------------------------------------------------------------
Ejecutando: cifar_rgb_50pct_kmeans_quant
---------------------------------------------------------------------------
Número total de imágenes en entrenamiento: 20000
Número total de imágenes en validación: 10000

Clases: ['airplane', 'automobile', 'bird', 'cat', 'deer', 'dog', 'frog', 'horse', 'ship', 'truck']
[0, 2.2754909992218018, 2.258183479309082, 0.17470000684261322, 0.17470000000000002, 0.12589886501025768, '01:47']
[1, 2.1365983486175537, 2.1085362434387207, 0.2370000034570694, 0.23700000000000002, 0.2139441921280436, '00:55']
[2, 1.9535852670669556, 1.9491355419158936, 0.2976999878883362, 0.29769999999999996, 0.2809501896064826, '00:54']
[3, 1.8971935510635376, 1.9123458862304688, 0.3228999972343445, 0.3229, 0.3171463578600858, '00:54']
[4, 1.8419475555419922, 1.8363444805145264, 0.34529998898506165, 0.34530000000000005, 0.33121257306001983, '00:54']
[5, 1.8192775249481201, 1.8127808570861816, 0.352400004863739, 0.35239999999999994, 0.34363490727011087, '00:54']
[6, 1.7813907861709595, 1.8181849718093872, 0.35249999165534973, 0.3525, 0.34233442778177237, '00:54']
[7, 1.7452651262283325, 1.7704083919525146, 0.3693999946117401, 0.36940000000000006, 0.3633236262261297, '00:57']
[8, 1.7157654762268066, 1.7358351945877075, 0.38449999690055847, 0.3845, 0.3797442337199528, '01:11']
[9, 1.6494871377944946, 1.7459239959716797, 0.3806000053882599, 0.3806, 0.3674965363706454, '00:55']
[10, 1.6183463335037231, 1.7387371063232422, 0.38749998807907104, 0.3875, 0.3905125663010498, '00:58']
[11, 1.5527863502502441, 1.6879947185516357, 0.4016999900341034, 0.40170000000000006, 0.3971278780695916, '00:55']
[12, 1.5246882438659668, 1.7011966705322266, 0.4023999869823456, 0.4024, 0.3962648198354379, '00:53']
[13, 1.4912186861038208, 1.6972897052764893, 0.4056999981403351, 0.40569999999999995, 0.39793966052127877, '00:54']
[14, 1.423661470413208, 1.6835142374038696, 0.4115000069141388, 0.4114999999999999, 0.4078483021324786, '00:53']
[15, 1.394062876701355, 1.7117862701416016, 0.4047999978065491, 0.40479999999999994, 0.3987807470534927, '00:53']
[16, 1.35647714138031, 1.7322847843170166, 0.4023999869823456, 0.4024, 0.40287076513559195, '00:53']
[17, 1.3095030784606934, 1.7173163890838623, 0.41019999980926514, 0.4102, 0.4098292053447021, '00:53']
[18, 1.2632038593292236, 1.737357258796692, 0.41600000858306885, 0.41600000000000004, 0.41297948900320847, '00:53']
[19, 1.2072064876556396, 1.7788937091827393, 0.4097999930381775, 0.40980000000000005, 0.40601840674446066, '00:55']
No improvement since epoch 14: early stopping

Tiempo de entrenamiento: 1162.79 segundos
/mnt/homeGPU/haoweihu/TFG/lib/python3.10/site-packages/fastai/learner.py:455: UserWarning: load_learner` uses Python's insecure pickle module, which can execute malicious arbitrary code when loading. Only load files you trust.
If you only need to load model weights and optimizer state, use the safe `Learner.load` instead.
  warn("load_learner` uses Python's insecure pickle module, which can execute malicious arbitrary code when loading. Only load files you trust.\nIf you only need to load model weights and optimizer state, use the safe `Learner.load` instead.")
Loss: 1.7789
Accuracy: 0.4098
Recall: 0.4098
F1-Score: 0.4060
Loss: 1.7913678884506226
Accuracy: 0.4092548191547394
Recall (macro): 0.40923579486935724
F1 Score (macro): 0.4045793657884766
---------------------------------------------------------------------------
Ejecutando: cifar_rgb_60pct_phash_quant
---------------------------------------------------------------------------
Número total de imágenes en entrenamiento: 24000
Número total de imágenes en validación: 10000

Clases: ['airplane', 'automobile', 'bird', 'cat', 'deer', 'dog', 'frog', 'horse', 'ship', 'truck']
[0, 2.2776546478271484, 2.259124517440796, 0.1673000007867813, 0.1673, 0.11471008978527064, '01:54']
[1, 2.1177268028259277, 2.067103624343872, 0.2567000091075897, 0.25670000000000004, 0.2294817289449303, '01:00']
[2, 1.9586753845214844, 1.915743112564087, 0.3082999885082245, 0.30829999999999996, 0.2987608302921434, '01:00']
[3, 1.91054105758667, 1.8864771127700806, 0.3142000138759613, 0.31420000000000003, 0.296631155067976, '01:00']
[4, 1.8781460523605347, 1.8192416429519653, 0.34700000286102295, 0.347, 0.3399232248794725, '01:01']
[5, 1.8182659149169922, 1.7891056537628174, 0.3578000068664551, 0.3578, 0.34513174941695557, '01:00']
[6, 1.7660648822784424, 1.7262439727783203, 0.3871999979019165, 0.3872, 0.38587314274823714, '01:01']
[7, 1.7172362804412842, 1.6884396076202393, 0.3912000060081482, 0.3912, 0.38243073872568245, '01:00']
[8, 1.6607275009155273, 1.6533249616622925, 0.4099999964237213, 0.41, 0.4046259857677885, '01:00']
[9, 1.6281408071517944, 1.6046940088272095, 0.4302999973297119, 0.4303, 0.4256550042821215, '01:00']
[10, 1.5797070264816284, 1.5951271057128906, 0.43540000915527344, 0.4353999999999999, 0.43758165625932854, '01:00']
[11, 1.5729880332946777, 1.5856614112854004, 0.43869999051094055, 0.4387, 0.42999689366853416, '01:03']
[12, 1.5120315551757812, 1.5790913105010986, 0.4429999887943268, 0.44300000000000006, 0.4371149940925112, '01:01']
[13, 1.4930726289749146, 1.5760297775268555, 0.4442000091075897, 0.44419999999999993, 0.4446639881350333, '01:02']
[14, 1.4478205442428589, 1.5593945980072021, 0.45350000262260437, 0.4535, 0.44825496589448577, '01:20']
[15, 1.397902488708496, 1.5792930126190186, 0.4512999951839447, 0.4513, 0.444129754905886, '01:07']
[16, 1.3892126083374023, 1.56373131275177, 0.4546000063419342, 0.45459999999999995, 0.449609519984539, '01:03']
[17, 1.3590067625045776, 1.5849727392196655, 0.44999998807907104, 0.45, 0.4441925718187886, '01:03']
[18, 1.3058152198791504, 1.582627296447754, 0.45210000872612, 0.45210000000000006, 0.44290737725631785, '01:03']
[19, 1.2862603664398193, 1.5706859827041626, 0.46380001306533813, 0.4638, 0.46107920351747955, '01:03']
No improvement since epoch 14: early stopping

Tiempo de entrenamiento: 1313.94 segundos
/mnt/homeGPU/haoweihu/TFG/lib/python3.10/site-packages/fastai/learner.py:455: UserWarning: load_learner` uses Python's insecure pickle module, which can execute malicious arbitrary code when loading. Only load files you trust.
If you only need to load model weights and optimizer state, use the safe `Learner.load` instead.
  warn("load_learner` uses Python's insecure pickle module, which can execute malicious arbitrary code when loading. Only load files you trust.\nIf you only need to load model weights and optimizer state, use the safe `Learner.load` instead.")
Loss: 1.5707
Accuracy: 0.4638
Recall: 0.4638
F1-Score: 0.4611
Loss: 1.5827724933624268
Accuracy: 0.45512819290161133
Recall (macro): 0.4551586813894562
F1 Score (macro): 0.45143440722727535
---------------------------------------------------------------------------
Ejecutando: cifar_rgb_60pct_fps_quant
---------------------------------------------------------------------------
Número total de imágenes en entrenamiento: 24000
Número total de imágenes en validación: 10000

Clases: ['airplane', 'automobile', 'bird', 'cat', 'deer', 'dog', 'frog', 'horse', 'ship', 'truck']
[0, 2.2706620693206787, 2.251422166824341, 0.15559999644756317, 0.15560000000000002, 0.09861191924235975, '02:09']
[1, 2.1033575534820557, 2.0649735927581787, 0.259799987077713, 0.2598, 0.24309932749484736, '01:03']
[2, 1.9687026739120483, 1.9464261531829834, 0.29660001397132874, 0.2966, 0.2843077984108476, '01:03']
[3, 1.9001966714859009, 1.8996211290359497, 0.31610000133514404, 0.3161, 0.3068049206344368, '01:05']
[4, 1.8549933433532715, 1.8672142028808594, 0.3314000070095062, 0.33140000000000003, 0.3236052625960209, '01:05']
[5, 1.7966865301132202, 1.7620859146118164, 0.3709999918937683, 0.371, 0.3639303456016342, '01:05']
[6, 1.7517000436782837, 1.7431777715682983, 0.3752000033855438, 0.37520000000000003, 0.35939527979387265, '01:04']
[7, 1.6776448488235474, 1.7005361318588257, 0.39590001106262207, 0.39590000000000003, 0.38449441711842053, '01:03']
[8, 1.6422818899154663, 1.677841067314148, 0.4074999988079071, 0.40750000000000003, 0.39869350537311626, '01:03']
[9, 1.5936205387115479, 1.638567566871643, 0.4212999939918518, 0.4213, 0.4161056436812977, '01:03']
[10, 1.556337594985962, 1.6227055788040161, 0.42660000920295715, 0.4266, 0.4174143085438281, '01:03']
[11, 1.5427577495574951, 1.6293730735778809, 0.42910000681877136, 0.42910000000000004, 0.4321073712528021, '01:06']
[12, 1.483160376548767, 1.5965543985366821, 0.43959999084472656, 0.4396, 0.43226364445925364, '01:05']
[13, 1.4411263465881348, 1.60853111743927, 0.43549999594688416, 0.43550000000000005, 0.4350345327301154, '01:03']
[14, 1.4065277576446533, 1.646070957183838, 0.4323999881744385, 0.4324, 0.43150686950819334, '01:04']
[15, 1.3768513202667236, 1.5986398458480835, 0.4431999921798706, 0.44320000000000004, 0.43854484264128174, '01:04']
[16, 1.3229659795761108, 1.626991629600525, 0.43689998984336853, 0.43689999999999996, 0.4423216628006032, '01:27']
[17, 1.3028314113616943, 1.6161991357803345, 0.4505000114440918, 0.4505, 0.44635042086822674, '01:19']
No improvement since epoch 12: early stopping

Tiempo de entrenamiento: 1264.15 segundos
/mnt/homeGPU/haoweihu/TFG/lib/python3.10/site-packages/fastai/learner.py:455: UserWarning: load_learner` uses Python's insecure pickle module, which can execute malicious arbitrary code when loading. Only load files you trust.
If you only need to load model weights and optimizer state, use the safe `Learner.load` instead.
  warn("load_learner` uses Python's insecure pickle module, which can execute malicious arbitrary code when loading. Only load files you trust.\nIf you only need to load model weights and optimizer state, use the safe `Learner.load` instead.")
Loss: 1.6162
Accuracy: 0.4505
Recall: 0.4505
F1-Score: 0.4464
Loss: 1.6324700117111206
Accuracy: 0.43439504504203796
Recall (macro): 0.43434856352625006
F1 Score (macro): 0.43078962011712435
---------------------------------------------------------------------------
Ejecutando: cifar_rgb_60pct_kmeans_quant
---------------------------------------------------------------------------
Número total de imágenes en entrenamiento: 24000
Número total de imágenes en validación: 10000

Clases: ['airplane', 'automobile', 'bird', 'cat', 'deer', 'dog', 'frog', 'horse', 'ship', 'truck']
[0, 2.281298875808716, 2.2648332118988037, 0.1923999935388565, 0.19240000000000002, 0.14252446768440125, '02:10']
[1, 2.0896146297454834, 2.0532877445220947, 0.257999986410141, 0.258, 0.23093811226341118, '01:03']
[2, 1.8979144096374512, 1.8793468475341797, 0.32269999384880066, 0.3227, 0.3118835341518108, '01:03']
[3, 1.8408820629119873, 1.8420804738998413, 0.3352000117301941, 0.3352, 0.3259546390172577, '01:10']
[4, 1.7757039070129395, 1.7877060174942017, 0.35839998722076416, 0.3584, 0.3518939977054624, '01:34']
[5, 1.7257261276245117, 1.7634549140930176, 0.376800000667572, 0.37679999999999997, 0.36852686129460854, '01:05']
[6, 1.6728543043136597, 1.6817831993103027, 0.4023999869823456, 0.4024, 0.39743077942480404, '01:03']
[7, 1.624247431755066, 1.7096738815307617, 0.39010000228881836, 0.3901, 0.3821638991041076, '01:03']
[8, 1.5901715755462646, 1.6402353048324585, 0.4178999960422516, 0.41790000000000005, 0.4110027562169714, '01:04']
[9, 1.5498828887939453, 1.621187686920166, 0.4293999969959259, 0.42939999999999995, 0.42171967632409846, '01:04']
[10, 1.5237618684768677, 1.5964208841323853, 0.4357999861240387, 0.4358000000000001, 0.42496222253497906, '01:03']
[11, 1.4632729291915894, 1.6087607145309448, 0.4359999895095825, 0.43600000000000005, 0.43081658997506816, '01:03']
[12, 1.430617332458496, 1.5902533531188965, 0.43880000710487366, 0.43879999999999997, 0.4331080080916549, '01:05']
[13, 1.3915987014770508, 1.6168863773345947, 0.4375, 0.4375, 0.4338595981922719, '01:06']
[14, 1.3377736806869507, 1.593369960784912, 0.4433000087738037, 0.44329999999999997, 0.443215422588323, '01:05']
[15, 1.3255579471588135, 1.602645993232727, 0.44859999418258667, 0.44860000000000005, 0.4360436976358912, '01:03']
[16, 1.278197169303894, 1.6095865964889526, 0.44670000672340393, 0.4467, 0.43742875451307883, '01:04']
[17, 1.2244689464569092, 1.5726768970489502, 0.46239998936653137, 0.4624, 0.46137250409038605, '01:01']
[18, 1.1936923265457153, 1.579005479812622, 0.4602999985218048, 0.46030000000000004, 0.4542077600152754, '01:01']
[19, 1.1537988185882568, 1.5894455909729004, 0.4643000066280365, 0.4643, 0.46317659808692124, '01:01']
[20, 1.1366968154907227, 1.6224009990692139, 0.46309998631477356, 0.4631, 0.4619511071288172, '01:03']
[21, 1.089026927947998, 1.6413213014602661, 0.461899995803833, 0.4619, 0.45807660907288233, '01:01']
[22, 1.0720652341842651, 1.6424285173416138, 0.46070000529289246, 0.46069999999999994, 0.45624030306258784, '01:01']
No improvement since epoch 17: early stopping

Tiempo de entrenamiento: 1568.36 segundos
/mnt/homeGPU/haoweihu/TFG/lib/python3.10/site-packages/fastai/learner.py:455: UserWarning: load_learner` uses Python's insecure pickle module, which can execute malicious arbitrary code when loading. Only load files you trust.
If you only need to load model weights and optimizer state, use the safe `Learner.load` instead.
  warn("load_learner` uses Python's insecure pickle module, which can execute malicious arbitrary code when loading. Only load files you trust.\nIf you only need to load model weights and optimizer state, use the safe `Learner.load` instead.")
Loss: 1.6424
Accuracy: 0.4607
Recall: 0.4607
F1-Score: 0.4562
Loss: 1.6734182834625244
Accuracy: 0.44731569290161133
Recall (macro): 0.447250851055074
F1 Score (macro): 0.4416502678774563
---------------------------------------------------------------------------
Ejecutando: cifar_rgb_70pct_phash_quant
---------------------------------------------------------------------------
Número total de imágenes en entrenamiento: 28000
Número total de imágenes en validación: 10000

Clases: ['airplane', 'automobile', 'bird', 'cat', 'deer', 'dog', 'frog', 'horse', 'ship', 'truck']
[0, 2.283118486404419, 2.266540288925171, 0.21490000188350677, 0.2149, 0.18026551737287225, '02:24']
[1, 2.1172707080841064, 2.088953971862793, 0.24570000171661377, 0.24569999999999997, 0.22368104441595968, '01:08']
[2, 1.9500267505645752, 1.9344488382339478, 0.30239999294281006, 0.3024, 0.2779457965040522, '01:08']
[3, 1.886834979057312, 1.8267372846603394, 0.3359000086784363, 0.3359, 0.32538071458720735, '01:10']
[4, 1.817832112312317, 1.7757642269134521, 0.36250001192092896, 0.3625, 0.35339823856707603, '01:08']
[5, 1.7787069082260132, 1.7263847589492798, 0.3813000023365021, 0.3813, 0.3711225764329723, '01:08']
[6, 1.7304235696792603, 1.703537940979004, 0.3986000120639801, 0.3986, 0.3805956245591535, '01:07']
[7, 1.6893008947372437, 1.655741810798645, 0.41749998927116394, 0.4175, 0.4025530197108115, '01:09']
[8, 1.6198848485946655, 1.6356159448623657, 0.4171000123023987, 0.4171, 0.4076851634572634, '01:10']
[9, 1.6043319702148438, 1.593747615814209, 0.43470001220703125, 0.4347, 0.4240200175302486, '01:08']
[10, 1.561044692993164, 1.6103355884552002, 0.42419999837875366, 0.4242, 0.40471835365553777, '01:11']
[11, 1.5166468620300293, 1.61293363571167, 0.42579999566078186, 0.4258, 0.42511118739107195, '01:22']
[12, 1.4899513721466064, 1.5450927019119263, 0.45410001277923584, 0.45409999999999995, 0.44942332413488284, '01:08']
[13, 1.4782952070236206, 1.5350197553634644, 0.4560999870300293, 0.4561, 0.4518121625452495, '01:08']
[14, 1.40079927444458, 1.5271275043487549, 0.4661000072956085, 0.46609999999999996, 0.45863382344954334, '01:10']
[15, 1.3794358968734741, 1.5490587949752808, 0.4560000002384186, 0.45599999999999996, 0.45477042731789236, '01:11']
[16, 1.349502444267273, 1.5510488748550415, 0.4652000069618225, 0.4652000000000001, 0.45573753005391693, '01:10']
[17, 1.3034085035324097, 1.533422827720642, 0.47189998626708984, 0.47190000000000004, 0.46614998490452264, '01:09']
[18, 1.2841434478759766, 1.5586693286895752, 0.4625999927520752, 0.4626000000000001, 0.45336571313778434, '01:19']
[19, 1.2240679264068604, 1.5515013933181763, 0.47119998931884766, 0.47119999999999995, 0.4710145846447512, '01:08']
No improvement since epoch 14: early stopping

Tiempo de entrenamiento: 1485.90 segundos
/mnt/homeGPU/haoweihu/TFG/lib/python3.10/site-packages/fastai/learner.py:455: UserWarning: load_learner` uses Python's insecure pickle module, which can execute malicious arbitrary code when loading. Only load files you trust.
If you only need to load model weights and optimizer state, use the safe `Learner.load` instead.
  warn("load_learner` uses Python's insecure pickle module, which can execute malicious arbitrary code when loading. Only load files you trust.\nIf you only need to load model weights and optimizer state, use the safe `Learner.load` instead.")
Loss: 1.5515
Accuracy: 0.4712
Recall: 0.4712
F1-Score: 0.4710
Loss: 1.5334079265594482
Accuracy: 0.47215545177459717
Recall (macro): 0.47222423032858324
F1 Score (macro): 0.47230049009796693
---------------------------------------------------------------------------
Ejecutando: cifar_rgb_70pct_fps_quant
---------------------------------------------------------------------------
Número total de imágenes en entrenamiento: 28000
Número total de imágenes en validación: 10000

Clases: ['airplane', 'automobile', 'bird', 'cat', 'deer', 'dog', 'frog', 'horse', 'ship', 'truck']
[0, 2.243851661682129, 2.218689203262329, 0.18960000574588776, 0.18960000000000002, 0.14601633595856228, '01:29']
[1, 2.098588466644287, 2.0574872493743896, 0.27000001072883606, 0.26999999999999996, 0.2441598634633669, '01:09']
[2, 1.924502968788147, 1.896285891532898, 0.3230000138282776, 0.32299999999999995, 0.3126633227014163, '01:08']
[3, 1.8591586351394653, 1.8460041284561157, 0.34040001034736633, 0.34040000000000004, 0.33436927317179765, '01:08']
[4, 1.8101491928100586, 1.7991676330566406, 0.3555000126361847, 0.35550000000000004, 0.3479867622212677, '01:08']
[5, 1.7832039594650269, 1.7586277723312378, 0.3700000047683716, 0.37000000000000005, 0.3599075095560992, '01:08']
[6, 1.7109957933425903, 1.7421948909759521, 0.3817000091075897, 0.38170000000000004, 0.377183483784664, '01:08']
[7, 1.6912386417388916, 1.6829628944396973, 0.3995000123977661, 0.3995, 0.393604324377731, '01:08']
[8, 1.6339707374572754, 1.6915987730026245, 0.39430001378059387, 0.3943, 0.3900856152342071, '01:08']
[9, 1.5845829248428345, 1.6525609493255615, 0.41670000553131104, 0.41669999999999996, 0.4086472273531747, '01:12']
[10, 1.5356991291046143, 1.6364712715148926, 0.4185999929904938, 0.41859999999999997, 0.40819720409930305, '01:14']
[11, 1.4772306680679321, 1.6109989881515503, 0.4311999976634979, 0.4312, 0.4265869941638991, '01:07']
[12, 1.4557431936264038, 1.6226401329040527, 0.4359999895095825, 0.43599999999999994, 0.4356991687768166, '01:08']
[13, 1.4384504556655884, 1.6262966394424438, 0.4327000081539154, 0.4327, 0.42527677701884026, '01:07']
[14, 1.4009242057800293, 1.5951892137527466, 0.4431999921798706, 0.44320000000000004, 0.43823523182110913, '01:07']
[15, 1.356717824935913, 1.6139092445373535, 0.43869999051094055, 0.4387, 0.43530145329473563, '01:08']
[16, 1.3283058404922485, 1.6116119623184204, 0.4408000111579895, 0.4408, 0.4409623993156564, '01:09']
[17, 1.2673101425170898, 1.618072509765625, 0.4449000060558319, 0.44489999999999996, 0.44228806748560545, '01:15']
[18, 1.2585055828094482, 1.649678111076355, 0.44429999589920044, 0.44430000000000003, 0.44124021286295234, '01:08']
[19, 1.2262250185012817, 1.6386367082595825, 0.44440001249313354, 0.4444, 0.44132774697975885, '01:07']
No improvement since epoch 14: early stopping

Tiempo de entrenamiento: 1408.09 segundos
/mnt/homeGPU/haoweihu/TFG/lib/python3.10/site-packages/fastai/learner.py:455: UserWarning: load_learner` uses Python's insecure pickle module, which can execute malicious arbitrary code when loading. Only load files you trust.
If you only need to load model weights and optimizer state, use the safe `Learner.load` instead.
  warn("load_learner` uses Python's insecure pickle module, which can execute malicious arbitrary code when loading. Only load files you trust.\nIf you only need to load model weights and optimizer state, use the safe `Learner.load` instead.")
Loss: 1.6386
Accuracy: 0.4444
Recall: 0.4444
F1-Score: 0.4413
Loss: 1.655422329902649
Accuracy: 0.44781652092933655
Recall (macro): 0.44771184201175906
F1 Score (macro): 0.4439928088845864
---------------------------------------------------------------------------
Ejecutando: cifar_rgb_70pct_kmeans_quant
---------------------------------------------------------------------------
Número total de imágenes en entrenamiento: 28000
Número total de imágenes en validación: 10000

Clases: ['airplane', 'automobile', 'bird', 'cat', 'deer', 'dog', 'frog', 'horse', 'ship', 'truck']
[0, 2.252610445022583, 2.2286887168884277, 0.18960000574588776, 0.1896, 0.1513338483147614, '01:22']
[1, 2.0863564014434814, 2.0398569107055664, 0.2766000032424927, 0.2766, 0.2666721947805738, '01:08']
[2, 1.9072985649108887, 1.8802810907363892, 0.33090001344680786, 0.3309, 0.3216795095394164, '01:08']
[3, 1.8319844007492065, 1.8170605897903442, 0.3488999903202057, 0.3489, 0.3394910000675062, '01:10']
[4, 1.8032233715057373, 1.7814363241195679, 0.3653999865055084, 0.3654, 0.34924315287496493, '01:10']
[5, 1.7347379922866821, 1.7515097856521606, 0.3752000033855438, 0.3752, 0.36345697571451885, '01:36']
[6, 1.6931296586990356, 1.7026472091674805, 0.39989998936653137, 0.39990000000000003, 0.3921191919882324, '01:16']
[7, 1.6480636596679688, 1.6933921575546265, 0.40220001339912415, 0.4022, 0.38629486751379477, '01:08']
[8, 1.5794894695281982, 1.6641130447387695, 0.4138000011444092, 0.4138, 0.4063862661201467, '01:08']
[9, 1.567138671875, 1.6230061054229736, 0.42980000376701355, 0.4298, 0.42166102715093257, '01:08']
[10, 1.4994605779647827, 1.6155515909194946, 0.4325000047683716, 0.4325, 0.42987649218131685, '01:08']
[11, 1.473085880279541, 1.5992552042007446, 0.4404999911785126, 0.4405, 0.44106427833149314, '01:08']
[12, 1.4280081987380981, 1.6015467643737793, 0.44179999828338623, 0.4418, 0.43886889128782336, '01:08']
[13, 1.3886175155639648, 1.5846915245056152, 0.4471000134944916, 0.4471, 0.4465317753182257, '01:09']
[14, 1.3796677589416504, 1.579862356185913, 0.44929999113082886, 0.4492999999999999, 0.44777605842755974, '01:26']
[15, 1.341995358467102, 1.6109520196914673, 0.45419999957084656, 0.4542, 0.4535104581351882, '01:25']
[16, 1.3147274255752563, 1.590536117553711, 0.45339998602867126, 0.45339999999999997, 0.4505835860852859, '01:08']
[17, 1.2656961679458618, 1.58576500415802, 0.4560000002384186, 0.45599999999999996, 0.45385702316754173, '01:07']
[18, 1.2313432693481445, 1.6267213821411133, 0.4505000114440918, 0.4505, 0.4486623125620125, '01:08']
[19, 1.1939703226089478, 1.607027530670166, 0.4625000059604645, 0.4625, 0.4559301773766644, '01:08']
No improvement since epoch 14: early stopping

Tiempo de entrenamiento: 1456.10 segundos
/mnt/homeGPU/haoweihu/TFG/lib/python3.10/site-packages/fastai/learner.py:455: UserWarning: load_learner` uses Python's insecure pickle module, which can execute malicious arbitrary code when loading. Only load files you trust.
If you only need to load model weights and optimizer state, use the safe `Learner.load` instead.
  warn("load_learner` uses Python's insecure pickle module, which can execute malicious arbitrary code when loading. Only load files you trust.\nIf you only need to load model weights and optimizer state, use the safe `Learner.load` instead.")
Loss: 1.6070
Accuracy: 0.4625
Recall: 0.4625
F1-Score: 0.4559
Loss: 1.6047998666763306
Accuracy: 0.4574318826198578
Recall (macro): 0.45746069230761616
F1 Score (macro): 0.45023023897451875
---------------------------------------------------------------------------
Ejecutando: cifar_rgb_80pct_phash_quant
---------------------------------------------------------------------------
Número total de imágenes en entrenamiento: 32000
Número total de imágenes en validación: 10000

Clases: ['airplane', 'automobile', 'bird', 'cat', 'deer', 'dog', 'frog', 'horse', 'ship', 'truck']
[0, 2.2431411743164062, 2.2074108123779297, 0.18880000710487366, 0.18880000000000002, 0.15488005514262504, '01:56']
[1, 2.0907280445098877, 2.0338268280029297, 0.2750000059604645, 0.275, 0.2667553272265926, '01:18']
[2, 1.9622219800949097, 1.906660795211792, 0.3052999973297119, 0.3053, 0.2952385241742688, '01:26']
[3, 1.9017891883850098, 1.8564972877502441, 0.3310999870300293, 0.3311, 0.3279577334030035, '01:15']
[4, 1.8519842624664307, 1.8161664009094238, 0.3513000011444092, 0.3513, 0.34543296998635864, '01:14']
[5, 1.8149648904800415, 1.7732208967208862, 0.36649999022483826, 0.3665, 0.3595002192093186, '01:16']
[6, 1.7814103364944458, 1.7233999967575073, 0.3806999921798706, 0.3807, 0.3769751574909054, '01:17']
[7, 1.7150315046310425, 1.671897292137146, 0.40119999647140503, 0.40120000000000006, 0.39806998764328705, '01:18']
[8, 1.6600064039230347, 1.6486902236938477, 0.4113999903202057, 0.4114, 0.40207811644373137, '01:15']
[9, 1.6177090406417847, 1.612919807434082, 0.41999998688697815, 0.42000000000000004, 0.40850194425769953, '01:15']
[10, 1.5603333711624146, 1.598419427871704, 0.4262000024318695, 0.42619999999999997, 0.4227236594284177, '01:15']
[11, 1.5439954996109009, 1.5841952562332153, 0.43630000948905945, 0.4363, 0.43120029691405587, '01:15']
[12, 1.4917556047439575, 1.5753365755081177, 0.4372999966144562, 0.4373, 0.43098764167653, '01:16']
[13, 1.4529999494552612, 1.5687881708145142, 0.4438999891281128, 0.4439, 0.4402254795928311, '01:15']
[14, 1.4246225357055664, 1.567088007926941, 0.4449999928474426, 0.44499999999999995, 0.44111736325324974, '01:16']
[15, 1.3771357536315918, 1.56204354763031, 0.4537999927997589, 0.45380000000000004, 0.44893980790507826, '01:15']
[16, 1.3571871519088745, 1.5776162147521973, 0.44830000400543213, 0.4483, 0.4464545817678857, '01:14']
[17, 1.3150612115859985, 1.5872910022735596, 0.45179998874664307, 0.4518, 0.44504439012710134, '01:15']
[18, 1.2879453897476196, 1.595943808555603, 0.45579999685287476, 0.4558, 0.4515095960321891, '01:15']
[19, 1.2527836561203003, 1.602875828742981, 0.45649999380111694, 0.4565, 0.45628146621637117, '01:25']
[20, 1.2132855653762817, 1.6143827438354492, 0.4537000060081482, 0.4537000000000001, 0.4504867148672164, '01:19']
No improvement since epoch 15: early stopping

Tiempo de entrenamiento: 1658.45 segundos
/mnt/homeGPU/haoweihu/TFG/lib/python3.10/site-packages/fastai/learner.py:455: UserWarning: load_learner` uses Python's insecure pickle module, which can execute malicious arbitrary code when loading. Only load files you trust.
If you only need to load model weights and optimizer state, use the safe `Learner.load` instead.
  warn("load_learner` uses Python's insecure pickle module, which can execute malicious arbitrary code when loading. Only load files you trust.\nIf you only need to load model weights and optimizer state, use the safe `Learner.load` instead.")
Loss: 1.6144
Accuracy: 0.4537
Recall: 0.4537
F1-Score: 0.4505
Loss: 1.6179172992706299
Accuracy: 0.44931891560554504
Recall (macro): 0.4492517563936314
F1 Score (macro): 0.446272484315173
---------------------------------------------------------------------------
Ejecutando: cifar_rgb_80pct_fps_quant
---------------------------------------------------------------------------
Número total de imágenes en entrenamiento: 32000
Número total de imágenes en validación: 10000

Clases: ['airplane', 'automobile', 'bird', 'cat', 'deer', 'dog', 'frog', 'horse', 'ship', 'truck']
[0, 2.2059407234191895, 2.1710309982299805, 0.20649999380111694, 0.2065, 0.18543315638116953, '01:31']
[1, 1.9930365085601807, 1.950256109237671, 0.3027999997138977, 0.30279999999999996, 0.29263710365806384, '01:15']
[2, 1.9046822786331177, 1.9050047397613525, 0.3176000118255615, 0.3176, 0.29803552464205685, '01:15']
[3, 1.832782506942749, 1.8030871152877808, 0.35120001435279846, 0.3512, 0.3453742406641309, '01:15']
[4, 1.7852095365524292, 1.7387529611587524, 0.3741999864578247, 0.3742, 0.36653572731384626, '01:17']
[5, 1.7368850708007812, 1.6932240724563599, 0.388700008392334, 0.3887, 0.38246846658497113, '01:31']
[6, 1.669442057609558, 1.7014878988265991, 0.3887999951839447, 0.38880000000000003, 0.3755149573773822, '01:24']
[7, 1.6392097473144531, 1.624556064605713, 0.4271000027656555, 0.4271, 0.413280839228434, '01:15']
[8, 1.5620592832565308, 1.5847433805465698, 0.43779999017715454, 0.4378, 0.4340157066574015, '01:16']
[9, 1.5315977334976196, 1.5622109174728394, 0.4449000060558319, 0.44489999999999996, 0.4421298094673511, '01:15']
[10, 1.4837881326675415, 1.5467272996902466, 0.4564000070095062, 0.45640000000000003, 0.45353445181143465, '01:15']
[11, 1.4489109516143799, 1.5645266771316528, 0.454800009727478, 0.4548, 0.443942611269863, '01:15']
[12, 1.4276024103164673, 1.5124568939208984, 0.46650001406669617, 0.4665, 0.46159958010418417, '01:15']
[13, 1.3635358810424805, 1.5196868181228638, 0.4668000042438507, 0.4668, 0.46496203787181684, '01:15']
[14, 1.3347160816192627, 1.5084434747695923, 0.47450000047683716, 0.47450000000000003, 0.46886691048288875, '01:15']
[15, 1.3272819519042969, 1.514618158340454, 0.477400004863739, 0.4774, 0.4751346702012749, '01:15']
[16, 1.246301293373108, 1.5264289379119873, 0.4763000011444092, 0.4763, 0.4743479963462914, '01:15']
[17, 1.2331172227859497, 1.5212632417678833, 0.4790000021457672, 0.479, 0.47692304039532, '01:15']
[18, 1.2316148281097412, 1.5278950929641724, 0.47859999537467957, 0.47859999999999997, 0.47349997825536316, '01:15']
[19, 1.170243501663208, 1.523296594619751, 0.478300005197525, 0.47830000000000006, 0.47482427786549397, '01:15']
No improvement since epoch 14: early stopping

Tiempo de entrenamiento: 1553.96 segundos
/mnt/homeGPU/haoweihu/TFG/lib/python3.10/site-packages/fastai/learner.py:455: UserWarning: load_learner` uses Python's insecure pickle module, which can execute malicious arbitrary code when loading. Only load files you trust.
If you only need to load model weights and optimizer state, use the safe `Learner.load` instead.
  warn("load_learner` uses Python's insecure pickle module, which can execute malicious arbitrary code when loading. Only load files you trust.\nIf you only need to load model weights and optimizer state, use the safe `Learner.load` instead.")
Loss: 1.5233
Accuracy: 0.4783
Recall: 0.4783
F1-Score: 0.4748
Loss: 1.549254059791565
Accuracy: 0.47776442766189575
Recall (macro): 0.4777727933770636
F1 Score (macro): 0.47461814750988934
---------------------------------------------------------------------------
Ejecutando: cifar_rgb_80pct_kmeans_quant
---------------------------------------------------------------------------
Número total de imágenes en entrenamiento: 32000
Número total de imágenes en validación: 10000

Clases: ['airplane', 'automobile', 'bird', 'cat', 'deer', 'dog', 'frog', 'horse', 'ship', 'truck']
[0, 2.2425172328948975, 2.2149221897125244, 0.1818999946117401, 0.1819, 0.1291060602095939, '01:31']
[1, 2.0724635124206543, 2.0410807132720947, 0.266400009393692, 0.2664, 0.25564206708278425, '01:15']
[2, 1.9202747344970703, 1.9058599472045898, 0.3138999938964844, 0.31389999999999996, 0.3008561514246025, '01:38']
[3, 1.8479933738708496, 1.8467901945114136, 0.33309999108314514, 0.3331, 0.32617108842361237, '01:31']
[4, 1.7794800996780396, 1.7838058471679688, 0.3617999851703644, 0.3618, 0.3549470010746738, '01:17']
[5, 1.7392306327819824, 1.789599061012268, 0.35740000009536743, 0.35740000000000005, 0.3492603447418775, '01:15']
[6, 1.6928263902664185, 1.7043777704238892, 0.38909998536109924, 0.3891, 0.3824254349777723, '01:15']
[7, 1.626432180404663, 1.6672372817993164, 0.4056999981403351, 0.40570000000000006, 0.4032193155685594, '01:15']
[8, 1.5876497030258179, 1.6263707876205444, 0.41290000081062317, 0.41290000000000004, 0.3954876445372762, '01:14']
[9, 1.536505103111267, 1.6132351160049438, 0.428600013256073, 0.42860000000000004, 0.42046393391238046, '01:15']
[10, 1.5130077600479126, 1.5842654705047607, 0.4361000061035156, 0.4361, 0.4281441965865582, '01:16']
[11, 1.4597452878952026, 1.5772225856781006, 0.4424000084400177, 0.44239999999999996, 0.43954635997316194, '01:15']
[12, 1.4273273944854736, 1.5462292432785034, 0.45080000162124634, 0.4508, 0.44782119542384413, '01:15']
[13, 1.3890355825424194, 1.5498617887496948, 0.45820000767707825, 0.4582, 0.4531038432386364, '01:15']
[14, 1.3464933633804321, 1.5494731664657593, 0.45590001344680786, 0.4559, 0.45573637530459077, '01:18']
[15, 1.3262592554092407, 1.5357846021652222, 0.4629000127315521, 0.4629, 0.45841594650422823, '01:34']
[16, 1.260056495666504, 1.5552259683609009, 0.4684999883174896, 0.4685, 0.4634220834797341, '01:17']
[17, 1.2278445959091187, 1.5427923202514648, 0.4745999872684479, 0.47459999999999997, 0.4690625173459929, '01:15']
[18, 1.2091901302337646, 1.5545059442520142, 0.4713999927043915, 0.47140000000000004, 0.46954816566480684, '01:15']
[19, 1.186569094657898, 1.5590763092041016, 0.46880000829696655, 0.46880000000000005, 0.46584233239286377, '01:15']
[20, 1.1393917798995972, 1.5749616622924805, 0.474700003862381, 0.4747, 0.47227347214556836, '01:16']
No improvement since epoch 15: early stopping

Tiempo de entrenamiento: 1669.87 segundos
/mnt/homeGPU/haoweihu/TFG/lib/python3.10/site-packages/fastai/learner.py:455: UserWarning: load_learner` uses Python's insecure pickle module, which can execute malicious arbitrary code when loading. Only load files you trust.
If you only need to load model weights and optimizer state, use the safe `Learner.load` instead.
  warn("load_learner` uses Python's insecure pickle module, which can execute malicious arbitrary code when loading. Only load files you trust.\nIf you only need to load model weights and optimizer state, use the safe `Learner.load` instead.")
Loss: 1.5750
Accuracy: 0.4747
Recall: 0.4747
F1-Score: 0.4723
Loss: 1.5653669834136963
Accuracy: 0.4680488705635071
Recall (macro): 0.4680322453940584
F1 Score (macro): 0.465076269236204
---------------------------------------------------------------------------
Ejecutando: cifar_rgb_90pct_phash_quant
---------------------------------------------------------------------------
Número total de imágenes en entrenamiento: 36000
Número total de imágenes en validación: 10000

Clases: ['airplane', 'automobile', 'bird', 'cat', 'deer', 'dog', 'frog', 'horse', 'ship', 'truck']
[0, 2.2242636680603027, 2.194455146789551, 0.19480000436306, 0.1948, 0.14787398366036406, '01:59']
[1, 2.029571056365967, 1.9752691984176636, 0.29330000281333923, 0.2933, 0.2766053319373752, '01:23']
[2, 1.89650297164917, 1.8711169958114624, 0.3248000144958496, 0.3248, 0.3065769057293347, '01:23']
[3, 1.8359522819519043, 1.7855867147445679, 0.35910001397132874, 0.3591, 0.34493014858457904, '01:23']
[4, 1.7884448766708374, 1.7301404476165771, 0.3815000057220459, 0.38149999999999995, 0.36825234636283727, '02:26']
[5, 1.715719223022461, 1.678472876548767, 0.40220001339912415, 0.4022, 0.39392446433129796, '01:26']
[6, 1.6619633436203003, 1.6490129232406616, 0.41670000553131104, 0.41669999999999996, 0.41304774779085884, '01:30']
[7, 1.6094242334365845, 1.5866906642913818, 0.43309998512268066, 0.43310000000000004, 0.4256416720947607, '01:26']
[8, 1.6052438020706177, 1.5634280443191528, 0.4388999938964844, 0.4389, 0.4313462503555714, '01:22']
[9, 1.503144383430481, 1.5597257614135742, 0.44830000400543213, 0.44830000000000003, 0.45041076321076357, '01:22']
[10, 1.4947952032089233, 1.5350062847137451, 0.4562000036239624, 0.45620000000000005, 0.45091933040542964, '01:23']
[11, 1.4511682987213135, 1.5127345323562622, 0.46540001034736633, 0.4654, 0.4566101002264533, '01:22']
[12, 1.4199488162994385, 1.5186688899993896, 0.46639999747276306, 0.46640000000000004, 0.46115121879204224, '01:35']
[13, 1.3807531595230103, 1.4961265325546265, 0.4758000075817108, 0.4758, 0.46530536780355886, '01:22']
[14, 1.3324424028396606, 1.5168837308883667, 0.46459999680519104, 0.4646, 0.4566822616794422, '01:22']
[15, 1.3259440660476685, 1.5015403032302856, 0.47350001335144043, 0.4734999999999999, 0.46711694643255475, '01:22']
[16, 1.283848762512207, 1.512916922569275, 0.47049999237060547, 0.4705000000000001, 0.46695052750960186, '01:24']
[17, 1.2644356489181519, 1.5006622076034546, 0.4788999855518341, 0.4789, 0.47270925054106405, '01:22']
[18, 1.2207720279693604, 1.5188839435577393, 0.47780001163482666, 0.47779999999999995, 0.47229220323592525, '01:24']
No improvement since epoch 13: early stopping

Tiempo de entrenamiento: 1704.95 segundos
/mnt/homeGPU/haoweihu/TFG/lib/python3.10/site-packages/fastai/learner.py:455: UserWarning: load_learner` uses Python's insecure pickle module, which can execute malicious arbitrary code when loading. Only load files you trust.
If you only need to load model weights and optimizer state, use the safe `Learner.load` instead.
  warn("load_learner` uses Python's insecure pickle module, which can execute malicious arbitrary code when loading. Only load files you trust.\nIf you only need to load model weights and optimizer state, use the safe `Learner.load` instead.")
Loss: 1.5189
Accuracy: 0.4778
Recall: 0.4778
F1-Score: 0.4723
Loss: 1.5541126728057861
Accuracy: 0.47475960850715637
Recall (macro): 0.47480001442241926
F1 Score (macro): 0.47051125561653756
---------------------------------------------------------------------------
Ejecutando: cifar_rgb_90pct_fps_quant
---------------------------------------------------------------------------
Número total de imágenes en entrenamiento: 36000
Número total de imágenes en validación: 10000

Clases: ['airplane', 'automobile', 'bird', 'cat', 'deer', 'dog', 'frog', 'horse', 'ship', 'truck']
[0, 2.226557731628418, 2.1989457607269287, 0.19140000641345978, 0.1914, 0.13442574464306573, '01:40']
[1, 1.9860708713531494, 1.9619364738464355, 0.2782999873161316, 0.27830000000000005, 0.2430722159113953, '01:22']
[2, 1.88292396068573, 1.8785794973373413, 0.31369999051094055, 0.3137, 0.29758868245515535, '01:22']
[3, 1.8301804065704346, 1.8217558860778809, 0.3409999907016754, 0.341, 0.3208592290311618, '01:25']
[4, 1.7677299976348877, 1.761521339416504, 0.3619999885559082, 0.362, 0.3469686117983934, '01:27']
[5, 1.7196345329284668, 1.7196087837219238, 0.3871999979019165, 0.3872, 0.3735654019199237, '01:34']
[6, 1.6972285509109497, 1.6644076108932495, 0.40619999170303345, 0.4062, 0.3971528360996693, '01:22']
[7, 1.6183605194091797, 1.6319555044174194, 0.4239000082015991, 0.4239, 0.4115195161483756, '01:23']
[8, 1.570266604423523, 1.5936983823776245, 0.43790000677108765, 0.43789999999999996, 0.4278019144671272, '01:22']
[9, 1.5318031311035156, 1.589746356010437, 0.4426000118255615, 0.4426, 0.434696040931222, '01:23']
[10, 1.4864636659622192, 1.5665255784988403, 0.45010000467300415, 0.45010000000000006, 0.4349366009533354, '01:22']
[11, 1.4786819219589233, 1.5380033254623413, 0.46299999952316284, 0.46299999999999997, 0.457549844396144, '01:23']
[12, 1.4155542850494385, 1.549027442932129, 0.4596000015735626, 0.4596, 0.45833779450895556, '01:22']
[13, 1.3965270519256592, 1.5687644481658936, 0.4546000063419342, 0.4546, 0.44360250620614516, '01:22']
[14, 1.3500442504882812, 1.5505660772323608, 0.45750001072883606, 0.4574999999999999, 0.4579020871748133, '01:23']
[15, 1.3099547624588013, 1.5389909744262695, 0.46860000491142273, 0.4686, 0.461570721559891, '01:33']
[16, 1.2750061750411987, 1.5187568664550781, 0.4747999906539917, 0.47479999999999994, 0.4733477654916819, '01:52']
[17, 1.2575535774230957, 1.5217822790145874, 0.47600001096725464, 0.476, 0.47299203279262103, '01:29']
[18, 1.2402710914611816, 1.5317898988723755, 0.47920000553131104, 0.47919999999999996, 0.4731674099287764, '01:22']
[19, 1.2142754793167114, 1.5260945558547974, 0.475600004196167, 0.4756, 0.4746398282269026, '01:22']
[20, 1.1865376234054565, 1.530511736869812, 0.4819999933242798, 0.48200000000000004, 0.48001539407401533, '01:22']
[21, 1.1545499563217163, 1.5506280660629272, 0.4772999882698059, 0.47730000000000006, 0.475622305354785, '01:22']
No improvement since epoch 16: early stopping

Tiempo de entrenamiento: 1906.39 segundos
/mnt/homeGPU/haoweihu/TFG/lib/python3.10/site-packages/fastai/learner.py:455: UserWarning: load_learner` uses Python's insecure pickle module, which can execute malicious arbitrary code when loading. Only load files you trust.
If you only need to load model weights and optimizer state, use the safe `Learner.load` instead.
  warn("load_learner` uses Python's insecure pickle module, which can execute malicious arbitrary code when loading. Only load files you trust.\nIf you only need to load model weights and optimizer state, use the safe `Learner.load` instead.")
Loss: 1.5506
Accuracy: 0.4773
Recall: 0.4773
F1-Score: 0.4756
Loss: 1.5334783792495728
Accuracy: 0.48407453298568726
Recall (macro): 0.4840535337877762
F1 Score (macro): 0.48144736791888637
---------------------------------------------------------------------------
Ejecutando: cifar_rgb_90pct_kmeans_quant
---------------------------------------------------------------------------
Número total de imágenes en entrenamiento: 36000
Número total de imágenes en validación: 10000

Clases: ['airplane', 'automobile', 'bird', 'cat', 'deer', 'dog', 'frog', 'horse', 'ship', 'truck']
[0, 2.218289613723755, 2.181737184524536, 0.20270000398159027, 0.20269999999999996, 0.18542499131858498, '01:46']
[1, 2.0088655948638916, 1.9834339618682861, 0.2937999963760376, 0.29379999999999995, 0.2832673536283079, '01:25']
[2, 1.8905514478683472, 1.871199369430542, 0.3239000141620636, 0.32389999999999997, 0.31007414323811, '01:25']
[3, 1.8234282732009888, 1.8122947216033936, 0.35040000081062317, 0.3504, 0.34221824764000014, '01:22']
[4, 1.7628734111785889, 1.7448235750198364, 0.3714999854564667, 0.3715, 0.362168347977344, '01:24']
[5, 1.7178752422332764, 1.7077624797821045, 0.3862999975681305, 0.38630000000000003, 0.3728387275974302, '01:22']
[6, 1.667553424835205, 1.6639093160629272, 0.4041000008583069, 0.40409999999999996, 0.39408996010330377, '01:23']
[7, 1.6108959913253784, 1.621816635131836, 0.4262999892234802, 0.4263, 0.4183985021753114, '01:23']
[8, 1.5813835859298706, 1.594726800918579, 0.4357999861240387, 0.4358000000000001, 0.42860657425607257, '01:23']
[9, 1.5205475091934204, 1.6086974143981934, 0.4359999895095825, 0.43600000000000005, 0.42987698140577707, '01:22']
[10, 1.5060017108917236, 1.575013279914856, 0.4490000009536743, 0.449, 0.4459993755224624, '01:24']
[11, 1.4473904371261597, 1.5548816919326782, 0.45739999413490295, 0.4574, 0.4494269238771939, '01:22']
[12, 1.406549096107483, 1.5380243062973022, 0.46369999647140503, 0.46370000000000006, 0.45710007986005347, '01:23']
[13, 1.3600343465805054, 1.5566997528076172, 0.4578000009059906, 0.45779999999999993, 0.45193832657261696, '01:22']
[14, 1.3532332181930542, 1.5503416061401367, 0.4593999981880188, 0.4593999999999999, 0.45508138832468426, '01:22']
[15, 1.3210670948028564, 1.5685503482818604, 0.4578999876976013, 0.4579, 0.45392246253979635, '01:23']
[16, 1.2847156524658203, 1.5578320026397705, 0.4650000035762787, 0.465, 0.45591648903547355, '01:41']
[17, 1.2471016645431519, 1.5674985647201538, 0.4650000035762787, 0.465, 0.460495520571795, '01:24']
No improvement since epoch 12: early stopping

Tiempo de entrenamiento: 1546.83 segundos
/mnt/homeGPU/haoweihu/TFG/lib/python3.10/site-packages/fastai/learner.py:455: UserWarning: load_learner` uses Python's insecure pickle module, which can execute malicious arbitrary code when loading. Only load files you trust.
If you only need to load model weights and optimizer state, use the safe `Learner.load` instead.
  warn("load_learner` uses Python's insecure pickle module, which can execute malicious arbitrary code when loading. Only load files you trust.\nIf you only need to load model weights and optimizer state, use the safe `Learner.load` instead.")
Loss: 1.5675
Accuracy: 0.4650
Recall: 0.4650
F1-Score: 0.4605
Loss: 1.575522541999817
Accuracy: 0.46864983439445496
Recall (macro): 0.4686051485671368
F1 Score (macro): 0.4634099773520296
mail: cannot send message: Process exited with a non-zero status
