---------------------------------------------------------------------------
Ejecutando: fmnist_10pct_example1_quant
---------------------------------------------------------------------------
Número total de imágenes en entrenamiento: 4800
Número total de imágenes en validación: 12000

Clases: ['Ankle boot', 'Bag', 'Coat', 'Dress', 'Pullover', 'Sandal', 'Shirt', 'Sneaker', 'T-shirt', 'Trouser']
[0, 2.28959059715271, 2.2751476764678955, 0.26633334159851074, 0.26633333333333337, 0.15695070529897648, '00:27']
[1, 2.157724142074585, 1.884453296661377, 0.4404166638851166, 0.4404166666666667, 0.3454028052186634, '00:26']
[2, 1.40485680103302, 1.0605528354644775, 0.6120833158493042, 0.6120833333333333, 0.5671526960368476, '00:32']
[3, 1.011381983757019, 0.9037860631942749, 0.6654999852180481, 0.6655, 0.6369482483570538, '00:26']
[4, 0.8383734822273254, 0.790727972984314, 0.6973333358764648, 0.6973333333333332, 0.680495708341676, '00:27']
[5, 0.7567654848098755, 0.7457154989242554, 0.7100833058357239, 0.7100833333333333, 0.6912918793482894, '00:41']
[6, 0.6994958519935608, 0.7400136590003967, 0.7239166498184204, 0.7239166666666667, 0.6960389785644945, '00:30']
[7, 0.6652331352233887, 0.6980546116828918, 0.7323333621025085, 0.7323333333333333, 0.7252054846036531, '00:26']
[8, 0.6137305498123169, 0.6491333246231079, 0.7524166703224182, 0.7524166666666667, 0.7364060089343262, '00:26']
[9, 0.5917840600013733, 0.6061116456985474, 0.765749990940094, 0.7657499999999999, 0.7650211695936304, '00:26']
[10, 0.5603188276290894, 0.5975997447967529, 0.762583315372467, 0.7625833333333334, 0.7476630746690981, '00:26']
[11, 0.5302423238754272, 0.5805478096008301, 0.7763333320617676, 0.7763333333333333, 0.7631510562643345, '00:26']
[12, 0.519375741481781, 0.5793395042419434, 0.7773333191871643, 0.7773333333333333, 0.7638376607534353, '00:26']
[13, 0.4990212023258209, 0.5592333674430847, 0.7974166870117188, 0.7974166666666667, 0.7933260308820368, '00:26']
[14, 0.4892202913761139, 0.5301344990730286, 0.8052499890327454, 0.8052500000000002, 0.8024589003683141, '00:26']
[15, 0.4633677899837494, 0.5332943201065063, 0.8070833086967468, 0.8070833333333335, 0.8059815559472069, '00:26']
[16, 0.44700998067855835, 0.526398777961731, 0.8059999942779541, 0.806, 0.801648200663647, '00:26']
[17, 0.44069886207580566, 0.5350381135940552, 0.8049166798591614, 0.8049166666666666, 0.8070141744338732, '00:26']
[18, 0.42055565118789673, 0.5200167298316956, 0.8125, 0.8125, 0.8047257056189491, '00:26']
[19, 0.4171079993247986, 0.5169605612754822, 0.8160833120346069, 0.8160833333333333, 0.8115966622737171, '00:26']
[20, 0.406094491481781, 0.5171875357627869, 0.8141666650772095, 0.8141666666666667, 0.8079410141414114, '00:26']
[21, 0.3897739052772522, 0.5020538568496704, 0.8206666707992554, 0.8206666666666667, 0.8195112925140607, '00:26']
[22, 0.38696274161338806, 0.499042272567749, 0.8216666579246521, 0.8216666666666667, 0.8196540153248743, '00:26']
[23, 0.3819562792778015, 0.49865636229515076, 0.8214166760444641, 0.8214166666666667, 0.819082889872932, '00:26']
[24, 0.36945828795433044, 0.5045205354690552, 0.8208333253860474, 0.8208333333333334, 0.8210809307518593, '00:26']
[25, 0.35990387201309204, 0.4985106587409973, 0.8220833539962769, 0.8220833333333333, 0.8187610371662004, '00:26']
[26, 0.357992947101593, 0.49650993943214417, 0.8233333230018616, 0.8233333333333333, 0.8213056009885964, '00:26']
[27, 0.35345837473869324, 0.4963354766368866, 0.824916660785675, 0.8249166666666667, 0.8230915820010498, '00:26']
[28, 0.35166218876838684, 0.4960172474384308, 0.8247500061988831, 0.8247500000000001, 0.8222801249384931, '00:26']
[29, 0.3516192138195038, 0.495881050825119, 0.824833333492279, 0.8248333333333333, 0.8225108489512067, '00:26']

Tiempo de entrenamiento: 816.18 segundos
/mnt/homeGPU/haoweihu/TFG/lib/python3.10/site-packages/fastai/learner.py:455: UserWarning: load_learner` uses Python's insecure pickle module, which can execute malicious arbitrary code when loading. Only load files you trust.
If you only need to load model weights and optimizer state, use the safe `Learner.load` instead.
  warn("load_learner` uses Python's insecure pickle module, which can execute malicious arbitrary code when loading. Only load files you trust.\nIf you only need to load model weights and optimizer state, use the safe `Learner.load` instead.")
Loss: 0.4959
Accuracy: 0.8248
Recall: 0.8248
F1-Score: 0.8225
Loss: 2.329108715057373
Accuracy: 0.6474359035491943
Recall (macro): 0.647519335783926
F1 Score (macro): 0.6462688405063859
---------------------------------------------------------------------------
Ejecutando: fmnist_10pct_example2_quant
---------------------------------------------------------------------------
Número total de imágenes en entrenamiento: 4800
Número total de imágenes en validación: 12000

Clases: ['Ankle boot', 'Bag', 'Coat', 'Dress', 'Pullover', 'Sandal', 'Shirt', 'Sneaker', 'T-shirt', 'Trouser']
[0, 2.299518585205078, 2.295414447784424, 0.09983333200216293, 0.09983333333333334, 0.01832284747061829, '00:31']
[1, 2.261286973953247, 2.1756904125213623, 0.40674999356269836, 0.40675, 0.3519540760986216, '00:26']
[2, 1.7796412706375122, 1.242917776107788, 0.5982499718666077, 0.5982500000000001, 0.5424803357708872, '00:26']
[3, 1.1366554498672485, 0.8690328001976013, 0.6650000214576721, 0.665, 0.6326558665919148, '00:26']
[4, 0.8648548126220703, 0.7450869679450989, 0.7206666469573975, 0.7206666666666666, 0.6916719556811659, '00:26']
[5, 0.7556366324424744, 0.6986368894577026, 0.7323333621025085, 0.7323333333333334, 0.7044455159097245, '00:26']
[6, 0.6945918798446655, 0.6587634086608887, 0.7557500004768372, 0.7557499999999999, 0.7539865787678685, '00:26']
[7, 0.6565232276916504, 0.6871505379676819, 0.7350000143051147, 0.7350000000000001, 0.7134394911616937, '00:26']
[8, 0.6171544790267944, 0.6146441698074341, 0.762583315372467, 0.7625833333333334, 0.743889383056577, '00:26']
[9, 0.5920846462249756, 0.6179413199424744, 0.762499988079071, 0.7625000000000001, 0.7447945716640013, '00:41']
[10, 0.5648070573806763, 0.5795446634292603, 0.784250020980835, 0.78425, 0.7791634037793409, '00:42']
[11, 0.5442343354225159, 0.5577259063720703, 0.7950833439826965, 0.7950833333333334, 0.7897329214563125, '00:36']
[12, 0.5190876722335815, 0.5514612793922424, 0.7997499704360962, 0.79975, 0.7875199240065778, '00:26']
[13, 0.5016134977340698, 0.5453221797943115, 0.7978333234786987, 0.7978333333333334, 0.7893211931588364, '00:26']
[14, 0.4866865873336792, 0.5387067198753357, 0.8027499914169312, 0.8027500000000002, 0.7957952757320236, '00:26']
[15, 0.4725300073623657, 0.5285274386405945, 0.8102499842643738, 0.8102499999999999, 0.8050721985699723, '00:26']
[16, 0.45252153277397156, 0.5224330425262451, 0.809249997138977, 0.8092500000000001, 0.8030478704738453, '00:26']
[17, 0.44241783022880554, 0.5169676542282104, 0.8090833425521851, 0.8090833333333334, 0.8054093347149918, '00:26']
[18, 0.4391438663005829, 0.524146318435669, 0.8104166388511658, 0.8104166666666666, 0.8041743222871893, '00:43']
[19, 0.4142798185348511, 0.5324512720108032, 0.8048333525657654, 0.8048333333333334, 0.7996103365898984, '00:30']
[20, 0.4002852737903595, 0.505023181438446, 0.8179166913032532, 0.8179166666666667, 0.8115212659493061, '00:26']
[21, 0.3936060070991516, 0.5047109127044678, 0.8202499747276306, 0.82025, 0.8140811105846215, '00:26']
[22, 0.3909589350223541, 0.49511396884918213, 0.8206666707992554, 0.8206666666666667, 0.8190534701974446, '00:36']
[23, 0.3796851933002472, 0.496554970741272, 0.8236666917800903, 0.8236666666666667, 0.8228451219706787, '00:29']
[24, 0.3655197024345398, 0.49091801047325134, 0.8244166374206543, 0.8244166666666668, 0.819905122030437, '00:26']
[25, 0.3636729419231415, 0.4918982684612274, 0.8215833306312561, 0.8215833333333332, 0.8186737780212285, '00:26']
[26, 0.36286038160324097, 0.49031203985214233, 0.8234999775886536, 0.8234999999999999, 0.8222178328415236, '00:26']
[27, 0.3619481325149536, 0.48719093203544617, 0.8243333101272583, 0.8243333333333334, 0.8221413731450984, '00:26']
[28, 0.3578261137008667, 0.486873984336853, 0.8238333463668823, 0.8238333333333333, 0.8214758661680601, '00:26']
[29, 0.357909619808197, 0.4870040714740753, 0.8240000009536743, 0.8239999999999998, 0.8215982827315573, '00:28']

Tiempo de entrenamiento: 873.10 segundos
/mnt/homeGPU/haoweihu/TFG/lib/python3.10/site-packages/fastai/learner.py:455: UserWarning: load_learner` uses Python's insecure pickle module, which can execute malicious arbitrary code when loading. Only load files you trust.
If you only need to load model weights and optimizer state, use the safe `Learner.load` instead.
  warn("load_learner` uses Python's insecure pickle module, which can execute malicious arbitrary code when loading. Only load files you trust.\nIf you only need to load model weights and optimizer state, use the safe `Learner.load` instead.")
Loss: 0.4870
Accuracy: 0.8240
Recall: 0.8240
F1-Score: 0.8216
Loss: 2.4710850715637207
Accuracy: 0.6458333134651184
Recall (macro): 0.6459818398247864
F1 Score (macro): 0.6470683605276055
---------------------------------------------------------------------------
Ejecutando: fmnist_20pct_example1_quant
---------------------------------------------------------------------------
Número total de imágenes en entrenamiento: 9600
Número total de imágenes en validación: 12000

Clases: ['Ankle boot', 'Bag', 'Coat', 'Dress', 'Pullover', 'Sandal', 'Shirt', 'Sneaker', 'T-shirt', 'Trouser']
[0, 2.2583401203155518, 2.214236259460449, 0.43024998903274536, 0.43025, 0.31266971741017313, '00:42']
[1, 1.5296398401260376, 1.2144850492477417, 0.5699999928474426, 0.5700000000000001, 0.5175410555775379, '00:33']
[2, 0.9442549347877502, 0.8752943277359009, 0.6800833344459534, 0.6800833333333334, 0.6763019529165214, '00:33']
[3, 0.7944875955581665, 0.7711862921714783, 0.7152500152587891, 0.7152499999999999, 0.6899651453193596, '00:33']
[4, 0.7328467965126038, 0.7150918245315552, 0.7255833148956299, 0.7255833333333334, 0.7136278699471681, '00:33']
[5, 0.679537296295166, 0.6604334115982056, 0.7397500276565552, 0.7397500000000001, 0.736002419994216, '00:33']
[6, 0.616895318031311, 0.6147158741950989, 0.7593333125114441, 0.7593333333333334, 0.7405356134635508, '00:34']
[7, 0.5945204496383667, 0.604947566986084, 0.781416654586792, 0.7814166666666666, 0.7830418567116135, '00:33']
[8, 0.5741755366325378, 0.5713499188423157, 0.7883333563804626, 0.7883333333333333, 0.7818849142801269, '00:33']
[9, 0.5297864079475403, 0.5494547486305237, 0.7908333539962769, 0.7908333333333333, 0.7827907783004118, '00:33']
[10, 0.5122172236442566, 0.5348634123802185, 0.7983333468437195, 0.7983333333333333, 0.7957065700275554, '00:33']
[11, 0.4819645881652832, 0.5089054703712463, 0.8115833401679993, 0.8115833333333333, 0.8091812676895325, '00:33']
[12, 0.46223995089530945, 0.5082403421401978, 0.812749981880188, 0.81275, 0.8044497777359683, '00:33']
[13, 0.4367341101169586, 0.49826347827911377, 0.8135833144187927, 0.8135833333333332, 0.7988021500638853, '00:36']
[14, 0.4087703227996826, 0.48954805731773376, 0.8164166808128357, 0.8164166666666668, 0.8073468107571115, '00:33']
[15, 0.4024898409843445, 0.46523723006248474, 0.8265833258628845, 0.8265833333333333, 0.8258598836897569, '00:33']
[16, 0.3937876522541046, 0.4642201364040375, 0.8294166922569275, 0.8294166666666667, 0.8251156841796234, '00:34']
[17, 0.3806508183479309, 0.46130117774009705, 0.8291666507720947, 0.8291666666666668, 0.8278067942202394, '00:33']
[18, 0.36676692962646484, 0.4760119616985321, 0.8255833387374878, 0.8255833333333333, 0.8148921450633291, '00:34']
[19, 0.34702184796333313, 0.4438514709472656, 0.8364999890327454, 0.8365, 0.833623347327752, '00:33']
[20, 0.35134533047676086, 0.4402470290660858, 0.8389166593551636, 0.8389166666666666, 0.8377194988820801, '00:34']
[21, 0.33968695998191833, 0.4390959143638611, 0.8397499918937683, 0.8397499999999999, 0.8386317616987655, '00:33']
[22, 0.32352161407470703, 0.4473860561847687, 0.8370833396911621, 0.8370833333333332, 0.8331353592064688, '00:33']
[23, 0.324011892080307, 0.43719685077667236, 0.840583324432373, 0.8405833333333333, 0.8391722874264103, '00:34']
[24, 0.30936115980148315, 0.44029009342193604, 0.8403333425521851, 0.8403333333333334, 0.8385579917757789, '00:34']
[25, 0.2964205741882324, 0.4377216696739197, 0.8395833373069763, 0.8395833333333333, 0.8369800019693285, '00:33']
[26, 0.2999245226383209, 0.43703413009643555, 0.8385833501815796, 0.8385833333333335, 0.8368651632374806, '00:34']
[27, 0.2986454963684082, 0.43649059534072876, 0.8400833606719971, 0.8400833333333333, 0.8384160880643975, '00:35']
[28, 0.2908245027065277, 0.4354774057865143, 0.8410833477973938, 0.8410833333333333, 0.8395719613483115, '00:34']
[29, 0.2943263649940491, 0.43518298864364624, 0.8410833477973938, 0.8410833333333333, 0.8395806343078007, '00:34']

Tiempo de entrenamiento: 1029.41 segundos
/mnt/homeGPU/haoweihu/TFG/lib/python3.10/site-packages/fastai/learner.py:455: UserWarning: load_learner` uses Python's insecure pickle module, which can execute malicious arbitrary code when loading. Only load files you trust.
If you only need to load model weights and optimizer state, use the safe `Learner.load` instead.
  warn("load_learner` uses Python's insecure pickle module, which can execute malicious arbitrary code when loading. Only load files you trust.\nIf you only need to load model weights and optimizer state, use the safe `Learner.load` instead.")
Loss: 0.4352
Accuracy: 0.8411
Recall: 0.8411
F1-Score: 0.8396
Loss: 2.5575544834136963
Accuracy: 0.6639623641967773
Recall (macro): 0.6637283973014158
F1 Score (macro): 0.6631024825617293
---------------------------------------------------------------------------
Ejecutando: fmnist_20pct_example2_quant
---------------------------------------------------------------------------
Número total de imágenes en entrenamiento: 9600
Número total de imágenes en validación: 12000

Clases: ['Ankle boot', 'Bag', 'Coat', 'Dress', 'Pullover', 'Sandal', 'Shirt', 'Sneaker', 'T-shirt', 'Trouser']
[0, 2.2702138423919678, 2.2367637157440186, 0.3695833384990692, 0.3695833333333334, 0.2653934434776776, '00:41']
[1, 1.6452133655548096, 1.2351974248886108, 0.6113333106040955, 0.6113333333333333, 0.569494868016635, '00:34']
[2, 0.8908272981643677, 0.7924056649208069, 0.7081666588783264, 0.7081666666666665, 0.6962728808947147, '00:33']
[3, 0.7287164926528931, 0.6871852874755859, 0.737583339214325, 0.7375833333333334, 0.716950700658538, '00:34']
[4, 0.6735966205596924, 0.6301252841949463, 0.7603333592414856, 0.7603333333333333, 0.7400017856267997, '00:33']
[5, 0.6380674242973328, 0.6612658500671387, 0.7543333172798157, 0.7543333333333334, 0.7378668443359416, '00:33']
[6, 0.6053237318992615, 0.5756826996803284, 0.7770833373069763, 0.7770833333333333, 0.7592898894112532, '00:33']
[7, 0.5590525269508362, 0.5685901641845703, 0.7870000004768372, 0.787, 0.7840237434682178, '00:33']
[8, 0.5292588472366333, 0.5402963161468506, 0.7889999747276306, 0.789, 0.7838885121000105, '00:33']
[9, 0.4959133565425873, 0.5188549757003784, 0.8065000176429749, 0.8065000000000001, 0.7996137395741252, '00:34']
[10, 0.4597315490245819, 0.4822106659412384, 0.8190833330154419, 0.8190833333333334, 0.8103208065034977, '00:33']
[11, 0.4577316641807556, 0.4841764271259308, 0.8181666731834412, 0.8181666666666667, 0.8133499384190868, '00:35']
[12, 0.423154354095459, 0.46314123272895813, 0.8256666660308838, 0.8256666666666668, 0.8174230558733528, '00:33']
[13, 0.4155977666378021, 0.45760494470596313, 0.8332499861717224, 0.8332499999999999, 0.8335660832573811, '00:33']
[14, 0.3883398771286011, 0.4452913701534271, 0.8385833501815796, 0.8385833333333332, 0.8374368799502531, '00:57']
[15, 0.38665878772735596, 0.44310420751571655, 0.8360000252723694, 0.836, 0.8372842692303102, '00:48']
[16, 0.35777175426483154, 0.43259483575820923, 0.8426666855812073, 0.8426666666666668, 0.8420464980827912, '00:33']
[17, 0.34634897112846375, 0.43072643876075745, 0.8429166674613953, 0.8429166666666668, 0.8417133413734914, '00:46']
[18, 0.330867201089859, 0.4366686940193176, 0.844083309173584, 0.8440833333333334, 0.8432568116074195, '00:33']
[19, 0.31849998235702515, 0.42534831166267395, 0.8502500057220459, 0.85025, 0.8492081189052516, '00:33']
[20, 0.3023330867290497, 0.4380556643009186, 0.843416690826416, 0.8434166666666666, 0.8438598228355525, '00:33']
[21, 0.2951798439025879, 0.42741093039512634, 0.8482499718666077, 0.84825, 0.84355847843094, '00:33']
[22, 0.29104912281036377, 0.4259059727191925, 0.8504999876022339, 0.8504999999999999, 0.8454430875790273, '00:34']
[23, 0.27803999185562134, 0.4239965081214905, 0.8516666889190674, 0.8516666666666668, 0.8500154573370834, '00:33']
[24, 0.27340251207351685, 0.42467400431632996, 0.8508333563804626, 0.8508333333333333, 0.8500002218831639, '00:38']
[25, 0.2723155617713928, 0.4231932759284973, 0.8509166836738586, 0.8509166666666668, 0.8500937989555869, '00:43']
[26, 0.26528626680374146, 0.42236828804016113, 0.8521666526794434, 0.8521666666666666, 0.8513555471134829, '00:34']
[27, 0.27338558435440063, 0.4220004081726074, 0.8525833487510681, 0.8525833333333332, 0.8510550374287951, '00:34']
[28, 0.2662748396396637, 0.42166057229042053, 0.8529999852180481, 0.8530000000000001, 0.8517781461478402, '00:34']
[29, 0.26086536049842834, 0.42167165875434875, 0.8528333306312561, 0.8528333333333334, 0.8515994853010515, '00:35']

Tiempo de entrenamiento: 1094.21 segundos
/mnt/homeGPU/haoweihu/TFG/lib/python3.10/site-packages/fastai/learner.py:455: UserWarning: load_learner` uses Python's insecure pickle module, which can execute malicious arbitrary code when loading. Only load files you trust.
If you only need to load model weights and optimizer state, use the safe `Learner.load` instead.
  warn("load_learner` uses Python's insecure pickle module, which can execute malicious arbitrary code when loading. Only load files you trust.\nIf you only need to load model weights and optimizer state, use the safe `Learner.load` instead.")
Loss: 0.4217
Accuracy: 0.8528
Recall: 0.8528
F1-Score: 0.8516
Loss: 2.6718506813049316
Accuracy: 0.6708734035491943
Recall (macro): 0.6710094620939374
F1 Score (macro): 0.6710607064690878
---------------------------------------------------------------------------
Ejecutando: fmnist_30pct_example1_quant
---------------------------------------------------------------------------
Número total de imágenes en entrenamiento: 14400
Número total de imágenes en validación: 12000

Clases: ['Ankle boot', 'Bag', 'Coat', 'Dress', 'Pullover', 'Sandal', 'Shirt', 'Sneaker', 'T-shirt', 'Trouser']
[0, 2.217398166656494, 2.1259634494781494, 0.4827499985694885, 0.48275000000000007, 0.4182871437351686, '00:50']
[1, 1.1255050897598267, 0.9924114346504211, 0.6230833530426025, 0.6230833333333333, 0.6058251058637575, '00:41']
[2, 0.7800842523574829, 0.7710081934928894, 0.6988333463668823, 0.6988333333333333, 0.67584463014439, '00:41']
[3, 0.6807966828346252, 0.6953363418579102, 0.737416684627533, 0.7374166666666666, 0.7135094194983289, '00:41']
[4, 0.6221491694450378, 0.6409214735031128, 0.7515000104904175, 0.7515, 0.7449517869590793, '00:41']
[5, 0.5733917951583862, 0.593988835811615, 0.7634999752044678, 0.7635000000000001, 0.7539649490100861, '00:41']
[6, 0.5444501638412476, 0.5455976724624634, 0.7929999828338623, 0.793, 0.7905543738617175, '00:41']
[7, 0.5121796131134033, 0.5506954193115234, 0.7910833358764648, 0.7910833333333335, 0.7672827298881071, '00:41']
[8, 0.473388135433197, 0.5037135481834412, 0.8152499794960022, 0.81525, 0.8152620077659003, '00:41']
[9, 0.43470242619514465, 0.5127590894699097, 0.8100000023841858, 0.8099999999999999, 0.807874159820684, '00:41']
[10, 0.43398264050483704, 0.4692157506942749, 0.8287500143051147, 0.82875, 0.8264964672552942, '00:42']
[11, 0.41068434715270996, 0.47524192929267883, 0.8257499933242798, 0.82575, 0.8264582146950102, '00:41']
[12, 0.38739272952079773, 0.44920435547828674, 0.8386666774749756, 0.8386666666666667, 0.8341179896488946, '00:41']
[13, 0.3832641541957855, 0.4493250846862793, 0.840583324432373, 0.8405833333333332, 0.8400655230214047, '00:41']
[14, 0.3821130096912384, 0.4496033489704132, 0.8390833139419556, 0.8390833333333333, 0.8378015091793625, '00:46']
[15, 0.3463324010372162, 0.41334068775177, 0.8512499928474426, 0.85125, 0.8503499914863957, '00:41']
[16, 0.35289984941482544, 0.4210081398487091, 0.8482499718666077, 0.84825, 0.8482248289045977, '00:41']
[17, 0.3289981484413147, 0.4254333972930908, 0.8449166417121887, 0.8449166666666666, 0.8453937909967474, '00:41']
[18, 0.3102506101131439, 0.42180582880973816, 0.8493333458900452, 0.8493333333333333, 0.8489082013135805, '00:41']
[19, 0.29974478483200073, 0.41584643721580505, 0.8552500009536743, 0.8552500000000001, 0.8542378002489194, '00:41']
[20, 0.29324594140052795, 0.419295072555542, 0.8495000004768372, 0.8495000000000001, 0.8490174043804085, '00:41']
No improvement since epoch 15: early stopping

Tiempo de entrenamiento: 886.86 segundos
/mnt/homeGPU/haoweihu/TFG/lib/python3.10/site-packages/fastai/learner.py:455: UserWarning: load_learner` uses Python's insecure pickle module, which can execute malicious arbitrary code when loading. Only load files you trust.
If you only need to load model weights and optimizer state, use the safe `Learner.load` instead.
  warn("load_learner` uses Python's insecure pickle module, which can execute malicious arbitrary code when loading. Only load files you trust.\nIf you only need to load model weights and optimizer state, use the safe `Learner.load` instead.")
Loss: 0.4193
Accuracy: 0.8495
Recall: 0.8495
F1-Score: 0.8490
Loss: 2.491015672683716
Accuracy: 0.6791867017745972
Recall (macro): 0.6792506801796179
F1 Score (macro): 0.6746202637553657
---------------------------------------------------------------------------
Ejecutando: fmnist_30pct_example2_quant
---------------------------------------------------------------------------
Número total de imágenes en entrenamiento: 14400
Número total de imágenes en validación: 12000

Clases: ['Ankle boot', 'Bag', 'Coat', 'Dress', 'Pullover', 'Sandal', 'Shirt', 'Sneaker', 'T-shirt', 'Trouser']
[0, 2.172560214996338, 2.0547430515289307, 0.3606666624546051, 0.36066666666666664, 0.2632710101995349, '00:56']
[1, 1.084885597229004, 0.9433197379112244, 0.653166651725769, 0.6531666666666667, 0.6132368287276232, '00:41']
[2, 0.7961680293083191, 0.7906515002250671, 0.6965833306312561, 0.6965833333333333, 0.6810419243170974, '00:41']
[3, 0.7075307965278625, 0.6772521734237671, 0.7490000128746033, 0.749, 0.7343803363009561, '00:41']
[4, 0.6440026164054871, 0.662077009677887, 0.7544166445732117, 0.7544166666666667, 0.7431473358484978, '00:41']
[5, 0.6061029434204102, 0.5794333219528198, 0.7821666598320007, 0.7821666666666666, 0.7807775247530219, '00:41']
[6, 0.5296963453292847, 0.5393869876861572, 0.7946666479110718, 0.7946666666666666, 0.7838765578974053, '00:41']
[7, 0.5083088278770447, 0.519411027431488, 0.8055833578109741, 0.8055833333333332, 0.7916142714551755, '00:41']
[8, 0.48079898953437805, 0.4927455186843872, 0.8171666860580444, 0.8171666666666667, 0.8075810044735295, '00:41']
[9, 0.4485458433628082, 0.4791072607040405, 0.8202499747276306, 0.82025, 0.8168922257649331, '00:41']
[10, 0.4372280538082123, 0.4395730793476105, 0.8374166488647461, 0.8374166666666667, 0.8328623663298866, '00:41']
[11, 0.4145324230194092, 0.4416019022464752, 0.8362500071525574, 0.83625, 0.8338217685043523, '00:41']
[12, 0.3981148600578308, 0.439902126789093, 0.8389166593551636, 0.8389166666666666, 0.8363809637380759, '00:43']
[13, 0.3712717890739441, 0.42156317830085754, 0.8460833430290222, 0.8460833333333333, 0.8460771809504036, '01:06']
[14, 0.35342228412628174, 0.4153943359851837, 0.8457499742507935, 0.84575, 0.8434716966886848, '00:41']
[15, 0.34837764501571655, 0.4173715114593506, 0.8481666445732117, 0.8481666666666667, 0.8488375863973733, '00:41']
[16, 0.3362232446670532, 0.41228747367858887, 0.8486666679382324, 0.8486666666666668, 0.8481208575231751, '00:41']
[17, 0.3067950904369354, 0.40358710289001465, 0.856083333492279, 0.8560833333333333, 0.8556737324249843, '00:41']
[18, 0.3081563413143158, 0.4130682051181793, 0.8490833044052124, 0.8490833333333334, 0.8504500519556301, '00:41']
[19, 0.2929566502571106, 0.41681694984436035, 0.8521666526794434, 0.8521666666666666, 0.8492901731488816, '00:52']
[20, 0.29265931248664856, 0.4041537642478943, 0.859499990940094, 0.8595, 0.8602548802554144, '01:06']
[21, 0.27414071559906006, 0.4085674285888672, 0.8559166789054871, 0.8559166666666667, 0.8552508206378164, '00:45']
[22, 0.2665879726409912, 0.40245532989501953, 0.8586666584014893, 0.8586666666666666, 0.8580812719307568, '00:41']
[23, 0.2654561996459961, 0.4067595601081848, 0.8579999804496765, 0.858, 0.858041656423065, '00:56']
[24, 0.23912504315376282, 0.4104045331478119, 0.8598333597183228, 0.8598333333333334, 0.8589219238449433, '00:48']
[25, 0.24519827961921692, 0.40799662470817566, 0.859499990940094, 0.8594999999999999, 0.8591447981780904, '00:43']
[26, 0.24046531319618225, 0.4073725640773773, 0.8604166507720947, 0.8604166666666666, 0.8598965635114808, '00:41']
[27, 0.2328183650970459, 0.4072611629962921, 0.85958331823349, 0.8595833333333334, 0.8591441851319521, '00:41']
No improvement since epoch 22: early stopping

Tiempo de entrenamiento: 1263.99 segundos
/mnt/homeGPU/haoweihu/TFG/lib/python3.10/site-packages/fastai/learner.py:455: UserWarning: load_learner` uses Python's insecure pickle module, which can execute malicious arbitrary code when loading. Only load files you trust.
If you only need to load model weights and optimizer state, use the safe `Learner.load` instead.
  warn("load_learner` uses Python's insecure pickle module, which can execute malicious arbitrary code when loading. Only load files you trust.\nIf you only need to load model weights and optimizer state, use the safe `Learner.load` instead.")
Loss: 0.4073
Accuracy: 0.8596
Recall: 0.8596
F1-Score: 0.8591
Loss: 2.7507638931274414
Accuracy: 0.6784855723381042
Recall (macro): 0.6786177489539647
F1 Score (macro): 0.6783440208906589
---------------------------------------------------------------------------
Ejecutando: fmnist_40pct_example1_quant
---------------------------------------------------------------------------
Número total de imágenes en entrenamiento: 19200
Número total de imágenes en validación: 12000

Clases: ['Ankle boot', 'Bag', 'Coat', 'Dress', 'Pullover', 'Sandal', 'Shirt', 'Sneaker', 'T-shirt', 'Trouser']
[0, 1.9085071086883545, 1.6721320152282715, 0.5220833420753479, 0.5220833333333333, 0.46495979916703634, '00:59']
[1, 0.9245414137840271, 0.8497095704078674, 0.6943333148956299, 0.6943333333333335, 0.6858021403981899, '00:49']
[2, 0.7581031322479248, 0.7141616940498352, 0.7322499752044678, 0.7322500000000001, 0.728145581416771, '00:50']
[3, 0.6886683106422424, 0.6522457003593445, 0.7461666464805603, 0.7461666666666666, 0.737894441790801, '00:49']
[4, 0.6131260991096497, 0.5886850953102112, 0.7731666564941406, 0.7731666666666667, 0.7673125892047856, '00:49']
[5, 0.5447496175765991, 0.5386304259300232, 0.7933333516120911, 0.7933333333333333, 0.7842985737136654, '00:48']
[6, 0.504442572593689, 0.49285033345222473, 0.8149166703224182, 0.8149166666666666, 0.8090405378840269, '00:48']
[7, 0.4877597391605377, 0.46010303497314453, 0.8275833129882812, 0.8275833333333334, 0.8254631431320499, '00:51']
[8, 0.45440083742141724, 0.46357351541519165, 0.8275833129882812, 0.8275833333333333, 0.8253715117670725, '00:48']
[9, 0.4510006010532379, 0.4404269754886627, 0.8421666622161865, 0.8421666666666665, 0.8437358984171726, '00:49']
[10, 0.4118931293487549, 0.4264470636844635, 0.8415833115577698, 0.8415833333333333, 0.842125219536773, '00:48']
[11, 0.38318902254104614, 0.4108280837535858, 0.846750020980835, 0.8467499999999999, 0.8444078347309334, '00:49']
[12, 0.36498647928237915, 0.385342538356781, 0.85958331823349, 0.8595833333333334, 0.8603119895636185, '00:49']
[13, 0.3530472218990326, 0.3961730897426605, 0.8527500033378601, 0.85275, 0.850995045842892, '00:53']
[14, 0.34026288986206055, 0.38244950771331787, 0.8617500066757202, 0.86175, 0.8623567525586351, '00:49']
[15, 0.3224852979183197, 0.3781163692474365, 0.8600833415985107, 0.8600833333333334, 0.8599374170238334, '00:49']
[16, 0.30223116278648376, 0.37210819125175476, 0.8670833110809326, 0.8670833333333332, 0.8675878293010155, '00:49']
[17, 0.2923305332660675, 0.3786318302154541, 0.8619166612625122, 0.8619166666666667, 0.8636753766120456, '00:51']
[18, 0.2769313454627991, 0.3608354926109314, 0.8702499866485596, 0.8702500000000001, 0.8702047316586367, '00:49']
[19, 0.2814938724040985, 0.3627324104309082, 0.8684166669845581, 0.8684166666666668, 0.8669938951931202, '00:49']
[20, 0.2552555799484253, 0.36030977964401245, 0.8709999918937683, 0.8710000000000001, 0.8695904229153124, '00:49']
[21, 0.24517792463302612, 0.3669913411140442, 0.8703333139419556, 0.8703333333333333, 0.8708466463435197, '00:49']
[22, 0.2317899465560913, 0.37063565850257874, 0.8684999942779541, 0.8685, 0.8693259018379843, '00:49']
[23, 0.22416356205940247, 0.364472895860672, 0.8736666440963745, 0.8736666666666666, 0.8726231115771576, '00:50']
[24, 0.23422347009181976, 0.3643340766429901, 0.8710833191871643, 0.8710833333333333, 0.870549634543039, '00:48']
[25, 0.21769538521766663, 0.3659946024417877, 0.871999979019165, 0.8719999999999999, 0.8715352655270406, '00:49']
No improvement since epoch 20: early stopping

Tiempo de entrenamiento: 1303.70 segundos
/mnt/homeGPU/haoweihu/TFG/lib/python3.10/site-packages/fastai/learner.py:455: UserWarning: load_learner` uses Python's insecure pickle module, which can execute malicious arbitrary code when loading. Only load files you trust.
If you only need to load model weights and optimizer state, use the safe `Learner.load` instead.
  warn("load_learner` uses Python's insecure pickle module, which can execute malicious arbitrary code when loading. Only load files you trust.\nIf you only need to load model weights and optimizer state, use the safe `Learner.load` instead.")
Loss: 0.3660
Accuracy: 0.8720
Recall: 0.8720
F1-Score: 0.8715
Loss: 3.0900652408599854
Accuracy: 0.6819911599159241
Recall (macro): 0.6821635876805342
F1 Score (macro): 0.6829476905385564
---------------------------------------------------------------------------
Ejecutando: fmnist_40pct_example2_quant
---------------------------------------------------------------------------
Número total de imágenes en entrenamiento: 19200
Número total de imágenes en validación: 12000

Clases: ['Ankle boot', 'Bag', 'Coat', 'Dress', 'Pullover', 'Sandal', 'Shirt', 'Sneaker', 'T-shirt', 'Trouser']
[0, 2.0259876251220703, 1.8303133249282837, 0.4076666533946991, 0.4076666666666666, 0.32157343225692686, '00:59']
[1, 0.9589216709136963, 0.8812262415885925, 0.6540833115577698, 0.6540833333333333, 0.6419312443331264, '00:50']
[2, 0.781578540802002, 0.7242848873138428, 0.734000027179718, 0.734, 0.7271875174420759, '00:48']
[3, 0.7020350098609924, 0.6734317541122437, 0.7475833296775818, 0.7475833333333334, 0.7362469831428395, '00:49']
[4, 0.6324743628501892, 0.6245115399360657, 0.76583331823349, 0.7658333333333334, 0.7502437744812809, '00:49']
[5, 0.5891504883766174, 0.5709143280982971, 0.7874166369438171, 0.7874166666666668, 0.7876251254476425, '00:49']
[6, 0.5242801904678345, 0.5432565212249756, 0.7979166507720947, 0.7979166666666666, 0.794308756827395, '00:50']
[7, 0.48067426681518555, 0.4755130112171173, 0.8241666555404663, 0.8241666666666667, 0.824153176594125, '00:49']
[8, 0.46913307905197144, 0.47036632895469666, 0.824833333492279, 0.8248333333333333, 0.8198657018090841, '00:49']
[9, 0.44814831018447876, 0.4472392499446869, 0.8339166641235352, 0.8339166666666665, 0.8318176973967253, '00:49']
[10, 0.416719913482666, 0.44359493255615234, 0.8333333134651184, 0.8333333333333333, 0.8318547830371775, '00:48']
[11, 0.4037896692752838, 0.42393189668655396, 0.8432499766349792, 0.84325, 0.8426897307275223, '00:49']
[12, 0.3763216435909271, 0.40736567974090576, 0.8483333587646484, 0.8483333333333333, 0.84661373286688, '00:58']
[13, 0.3607630431652069, 0.4102393090724945, 0.8491666913032532, 0.8491666666666665, 0.847211507402921, '00:49']
[14, 0.35294309258461, 0.4012988805770874, 0.8550000190734863, 0.8550000000000001, 0.8530482485399752, '00:48']
[15, 0.33914315700531006, 0.40070223808288574, 0.8537499904632568, 0.85375, 0.8528840235716156, '00:49']
[16, 0.32837358117103577, 0.40597453713417053, 0.8492500185966492, 0.84925, 0.8498010569495001, '00:55']
[17, 0.30397170782089233, 0.40445423126220703, 0.8488333225250244, 0.8488333333333333, 0.8491391453176093, '00:54']
[18, 0.29451823234558105, 0.3944818079471588, 0.8547499775886536, 0.8547499999999999, 0.8556913064045689, '00:49']
[19, 0.27765092253685, 0.3928719162940979, 0.8614166378974915, 0.8614166666666666, 0.8599116932386707, '00:49']
[20, 0.2695395052433014, 0.3903120160102844, 0.8628333210945129, 0.8628333333333333, 0.8626600908677176, '00:48']
[21, 0.2556297481060028, 0.3950672745704651, 0.8604166507720947, 0.8604166666666668, 0.8609236648600985, '00:49']
[22, 0.24877513945102692, 0.38761523365974426, 0.8631666898727417, 0.8631666666666667, 0.8631734668993971, '00:49']
[23, 0.24444568157196045, 0.38741445541381836, 0.8622499704360962, 0.8622500000000001, 0.8624096394756903, '00:49']
[24, 0.2278909981250763, 0.39380472898483276, 0.8608333468437195, 0.8608333333333335, 0.8599550146717645, '00:49']
[25, 0.22278419137001038, 0.3924628794193268, 0.8634166717529297, 0.8634166666666667, 0.8630846513236241, '00:49']
[26, 0.21428066492080688, 0.39122146368026733, 0.8634999990463257, 0.8634999999999998, 0.8628858055150748, '00:49']
[27, 0.2224549651145935, 0.39222416281700134, 0.8643333315849304, 0.8643333333333333, 0.8640167331649646, '00:49']
[28, 0.20911215245723724, 0.39200517535209656, 0.8647500276565552, 0.8647500000000001, 0.8643466859215534, '00:49']
No improvement since epoch 23: early stopping

Tiempo de entrenamiento: 1460.72 segundos
/mnt/homeGPU/haoweihu/TFG/lib/python3.10/site-packages/fastai/learner.py:455: UserWarning: load_learner` uses Python's insecure pickle module, which can execute malicious arbitrary code when loading. Only load files you trust.
If you only need to load model weights and optimizer state, use the safe `Learner.load` instead.
  warn("load_learner` uses Python's insecure pickle module, which can execute malicious arbitrary code when loading. Only load files you trust.\nIf you only need to load model weights and optimizer state, use the safe `Learner.load` instead.")
Loss: 0.3920
Accuracy: 0.8648
Recall: 0.8648
F1-Score: 0.8643
Loss: 3.2129414081573486
Accuracy: 0.6808894276618958
Recall (macro): 0.6808320943358301
F1 Score (macro): 0.6802540399522136
---------------------------------------------------------------------------
Ejecutando: fmnist_50pct_example1_quant
---------------------------------------------------------------------------
Número total de imágenes en entrenamiento: 24000
Número total de imágenes en validación: 12000

Clases: ['Ankle boot', 'Bag', 'Coat', 'Dress', 'Pullover', 'Sandal', 'Shirt', 'Sneaker', 'T-shirt', 'Trouser']
[0, 1.8828909397125244, 1.6908342838287354, 0.4723333418369293, 0.4723333333333334, 0.39850737400304775, '01:49']
[1, 0.8769770264625549, 0.8321554064750671, 0.6894166469573975, 0.6894166666666666, 0.6623669614090726, '01:06']
[2, 0.7229186296463013, 0.7003639340400696, 0.7371666431427002, 0.7371666666666666, 0.7214957007951988, '00:56']
[3, 0.6397131085395813, 0.6473522782325745, 0.7543333172798157, 0.7543333333333333, 0.7355940609079115, '00:56']
[4, 0.5891121029853821, 0.5692379474639893, 0.7910000085830688, 0.7909999999999999, 0.7890045292505407, '00:56']
[5, 0.5360925793647766, 0.5514611601829529, 0.7961666584014893, 0.7961666666666667, 0.7957673239744737, '00:56']
[6, 0.4929680824279785, 0.47935986518859863, 0.8236666917800903, 0.8236666666666667, 0.8215653203501608, '00:56']
[7, 0.46407073736190796, 0.47176313400268555, 0.8267499804496765, 0.82675, 0.8275928553911441, '00:56']
[8, 0.41840389370918274, 0.4373989999294281, 0.8399166464805603, 0.8399166666666668, 0.8401822098364455, '00:56']
[9, 0.40697455406188965, 0.4210720956325531, 0.846750020980835, 0.8467500000000001, 0.8449184303030164, '00:56']
[10, 0.3720467984676361, 0.43293628096580505, 0.843833327293396, 0.8438333333333334, 0.8406460623542955, '00:58']
[11, 0.35228002071380615, 0.4060867428779602, 0.8519166707992554, 0.8519166666666667, 0.8514268401054602, '00:56']
[12, 0.3472367823123932, 0.39965376257896423, 0.8584166765213013, 0.8584166666666666, 0.8567519685778008, '00:56']
[13, 0.3242710530757904, 0.40532398223876953, 0.8556666374206543, 0.8556666666666667, 0.8539474221503335, '00:56']
[14, 0.31884798407554626, 0.4015890657901764, 0.8534166812896729, 0.8534166666666666, 0.8513158363975174, '00:56']
[15, 0.3156244158744812, 0.39752256870269775, 0.8587499856948853, 0.8587499999999999, 0.8551259852563511, '00:56']
[16, 0.2897178530693054, 0.3901878297328949, 0.8585000038146973, 0.8585, 0.8596645216906399, '00:56']
[17, 0.289326936006546, 0.3931247293949127, 0.85916668176651, 0.8591666666666665, 0.8563722327536072, '00:57']
[18, 0.262729287147522, 0.3940199017524719, 0.8582500219345093, 0.85825, 0.8596870087202003, '00:56']
[19, 0.2556098401546478, 0.3850540220737457, 0.8647500276565552, 0.8647499999999999, 0.8631682625235788, '00:58']
[20, 0.24756404757499695, 0.39204052090644836, 0.8648333549499512, 0.8648333333333333, 0.8635322714028346, '00:56']
[21, 0.24384786188602448, 0.3947160243988037, 0.8650000095367432, 0.865, 0.8644923796429465, '00:56']
[22, 0.23445694148540497, 0.3921482264995575, 0.8661666512489319, 0.8661666666666665, 0.8642888154973086, '01:19']
[23, 0.2240724265575409, 0.4006243050098419, 0.8641666769981384, 0.8641666666666667, 0.8646159106002831, '01:13']
[24, 0.2060837745666504, 0.3952319324016571, 0.8679166436195374, 0.8679166666666667, 0.8670781900969786, '00:56']
No improvement since epoch 19: early stopping

Tiempo de entrenamiento: 1519.64 segundos
/mnt/homeGPU/haoweihu/TFG/lib/python3.10/site-packages/fastai/learner.py:455: UserWarning: load_learner` uses Python's insecure pickle module, which can execute malicious arbitrary code when loading. Only load files you trust.
If you only need to load model weights and optimizer state, use the safe `Learner.load` instead.
  warn("load_learner` uses Python's insecure pickle module, which can execute malicious arbitrary code when loading. Only load files you trust.\nIf you only need to load model weights and optimizer state, use the safe `Learner.load` instead.")
Loss: 0.3952
Accuracy: 0.8679
Recall: 0.8679
F1-Score: 0.8671
Loss: 3.573904275894165
Accuracy: 0.6823918223381042
Recall (macro): 0.6824163712559501
F1 Score (macro): 0.6819122957131851
---------------------------------------------------------------------------
Ejecutando: fmnist_50pct_example2_quant
---------------------------------------------------------------------------
Número total de imágenes en entrenamiento: 24000
Número total de imágenes en validación: 12000

Clases: ['Ankle boot', 'Bag', 'Coat', 'Dress', 'Pullover', 'Sandal', 'Shirt', 'Sneaker', 'T-shirt', 'Trouser']
[0, 1.8073606491088867, 1.556365728378296, 0.5072500109672546, 0.50725, 0.42482271703848545, '01:08']
[1, 0.9089376926422119, 0.8593035340309143, 0.6862499713897705, 0.68625, 0.6567708646811397, '00:58']
[2, 0.7269963026046753, 0.7126386761665344, 0.7323333621025085, 0.7323333333333333, 0.7136933933561808, '00:56']
[3, 0.642878532409668, 0.6441477537155151, 0.7548333406448364, 0.7548333333333332, 0.7395088617332413, '00:56']
[4, 0.581061065196991, 0.585307240486145, 0.7679166793823242, 0.7679166666666666, 0.7549527342900842, '00:56']
[5, 0.5315120220184326, 0.5106360912322998, 0.8041666746139526, 0.8041666666666668, 0.7875983794493611, '00:56']
[6, 0.4867951571941376, 0.48421192169189453, 0.8145833611488342, 0.8145833333333334, 0.8118862452518896, '00:57']
[7, 0.4460405707359314, 0.4593767821788788, 0.82833331823349, 0.8283333333333334, 0.8277991582940833, '00:56']
[8, 0.4350073039531708, 0.4581795334815979, 0.8321666717529297, 0.8321666666666667, 0.8327696202652948, '00:56']
[9, 0.4036730229854584, 0.42585912346839905, 0.8430833220481873, 0.8430833333333334, 0.8437987688954125, '00:56']
[10, 0.3733402490615845, 0.4178604185581207, 0.8472499847412109, 0.8472500000000001, 0.8476770176355627, '00:58']
[11, 0.35785841941833496, 0.4216499328613281, 0.843666672706604, 0.8436666666666668, 0.8392031980033584, '00:56']
[12, 0.34787890315055847, 0.40305742621421814, 0.8514166474342346, 0.8514166666666668, 0.8454613454034432, '00:56']
[13, 0.3412095904350281, 0.40127983689308167, 0.8522499799728394, 0.85225, 0.8518074097905121, '00:56']
[14, 0.30219167470932007, 0.39611268043518066, 0.8575000166893005, 0.8575000000000002, 0.8535551968514362, '00:56']
[15, 0.3087621033191681, 0.3723505139350891, 0.8633333444595337, 0.8633333333333333, 0.8620938394995497, '00:58']
[16, 0.29397594928741455, 0.3773191273212433, 0.8636666536331177, 0.8636666666666667, 0.8632651044371116, '00:56']
[17, 0.27748119831085205, 0.3800523281097412, 0.8650833368301392, 0.8650833333333334, 0.8633107049259902, '00:56']
[18, 0.2845286726951599, 0.3697340786457062, 0.8665833473205566, 0.8665833333333334, 0.8659932670209807, '00:56']
[19, 0.2708626091480255, 0.3760055601596832, 0.8666666746139526, 0.8666666666666666, 0.864498492508371, '01:09']
[20, 0.24578285217285156, 0.36834219098091125, 0.8700000047683716, 0.8699999999999999, 0.8691448854092905, '00:56']
[21, 0.23245684802532196, 0.3767673075199127, 0.8677499890327454, 0.86775, 0.8667783045893381, '00:56']
[22, 0.22240176796913147, 0.3802533745765686, 0.8712499737739563, 0.8712500000000001, 0.8705535093198209, '00:56']
[23, 0.21946312487125397, 0.3773995041847229, 0.8684166669845581, 0.8684166666666666, 0.8679209264840052, '00:55']
[24, 0.21696364879608154, 0.3801521956920624, 0.8688333630561829, 0.8688333333333332, 0.8682773757017971, '00:57']
[25, 0.195852130651474, 0.38204288482666016, 0.8697500228881836, 0.86975, 0.8700415753188768, '00:56']
No improvement since epoch 20: early stopping

Tiempo de entrenamiento: 1501.68 segundos
/mnt/homeGPU/haoweihu/TFG/lib/python3.10/site-packages/fastai/learner.py:455: UserWarning: load_learner` uses Python's insecure pickle module, which can execute malicious arbitrary code when loading. Only load files you trust.
If you only need to load model weights and optimizer state, use the safe `Learner.load` instead.
  warn("load_learner` uses Python's insecure pickle module, which can execute malicious arbitrary code when loading. Only load files you trust.\nIf you only need to load model weights and optimizer state, use the safe `Learner.load` instead.")
Loss: 0.3820
Accuracy: 0.8698
Recall: 0.8698
F1-Score: 0.8700
Loss: 3.150902509689331
Accuracy: 0.6879006624221802
Recall (macro): 0.6879933094278315
F1 Score (macro): 0.6862936747470347
---------------------------------------------------------------------------
Ejecutando: fmnist_60pct_example1_quant
---------------------------------------------------------------------------
Número total de imágenes en entrenamiento: 28800
Número total de imágenes en validación: 12000

Clases: ['Ankle boot', 'Bag', 'Coat', 'Dress', 'Pullover', 'Sandal', 'Shirt', 'Sneaker', 'T-shirt', 'Trouser']
[0, 1.6522555351257324, 1.4226760864257812, 0.5849999785423279, 0.5850000000000001, 0.5561239845372694, '01:19']
[1, 0.7946085333824158, 0.783353865146637, 0.7089166641235352, 0.7089166666666668, 0.6966200224831601, '01:04']
[2, 0.6467128992080688, 0.6614238619804382, 0.7459166646003723, 0.7459166666666668, 0.7332265103489018, '01:03']
[3, 0.5928040146827698, 0.5914053916931152, 0.7740833163261414, 0.7740833333333332, 0.7627971056087854, '01:04']
[4, 0.531720757484436, 0.5614273548126221, 0.7992500066757202, 0.79925, 0.7937831141682854, '01:04']
[5, 0.4601407051086426, 0.5062165856361389, 0.8151666522026062, 0.8151666666666666, 0.8059436745715611, '01:05']
[6, 0.44372814893722534, 0.45093461871147156, 0.8321666717529297, 0.8321666666666667, 0.8334607425992692, '01:04']
[7, 0.4003722667694092, 0.42273542284965515, 0.8485833406448364, 0.8485833333333334, 0.8442811028571541, '01:04']
[8, 0.3824738562107086, 0.410494863986969, 0.8488333225250244, 0.8488333333333333, 0.8484232327019701, '01:04']
[9, 0.3634082078933716, 0.4015747606754303, 0.8551666736602783, 0.8551666666666666, 0.8560339467547043, '01:04']
[10, 0.3450964093208313, 0.3706766366958618, 0.8639166951179504, 0.8639166666666667, 0.8635758159546549, '01:04']
[11, 0.3194860517978668, 0.38578251004219055, 0.8566666841506958, 0.8566666666666667, 0.8557189078079522, '01:04']
[12, 0.3173094093799591, 0.38902828097343445, 0.8619999885559082, 0.8620000000000001, 0.8586514802723517, '01:04']
[13, 0.29137852787971497, 0.3756313621997833, 0.8629999756813049, 0.8629999999999999, 0.8615745720041469, '01:26']
[14, 0.2839222550392151, 0.3894801735877991, 0.85916668176651, 0.8591666666666666, 0.8589693940173599, '01:04']
[15, 0.279056578874588, 0.3678096830844879, 0.8684166669845581, 0.8684166666666666, 0.8683269574287984, '01:03']
[16, 0.259611576795578, 0.36363154649734497, 0.8694999814033508, 0.8695, 0.8696836535799773, '01:04']
[17, 0.25098124146461487, 0.3823269009590149, 0.8635833263397217, 0.8635833333333334, 0.8632267765934547, '01:04']
[18, 0.2393191009759903, 0.3829537332057953, 0.8684166669845581, 0.8684166666666666, 0.8672056704367593, '01:04']
[19, 0.23756468296051025, 0.3746524155139923, 0.8705833554267883, 0.8705833333333333, 0.8714587957890391, '01:03']
[20, 0.21945062279701233, 0.37555164098739624, 0.8709166646003723, 0.8709166666666667, 0.8698157949226358, '01:04']
[21, 0.20587202906608582, 0.3806181252002716, 0.8723333477973938, 0.8723333333333333, 0.8724574692707096, '01:04']
No improvement since epoch 16: early stopping

Tiempo de entrenamiento: 1449.63 segundos
/mnt/homeGPU/haoweihu/TFG/lib/python3.10/site-packages/fastai/learner.py:455: UserWarning: load_learner` uses Python's insecure pickle module, which can execute malicious arbitrary code when loading. Only load files you trust.
If you only need to load model weights and optimizer state, use the safe `Learner.load` instead.
  warn("load_learner` uses Python's insecure pickle module, which can execute malicious arbitrary code when loading. Only load files you trust.\nIf you only need to load model weights and optimizer state, use the safe `Learner.load` instead.")
Loss: 0.3806
Accuracy: 0.8723
Recall: 0.8723
F1-Score: 0.8725
Loss: 3.290886163711548
Accuracy: 0.6870993375778198
Recall (macro): 0.6871845126274303
F1 Score (macro): 0.6862441267696171
---------------------------------------------------------------------------
Ejecutando: fmnist_60pct_example2_quant
---------------------------------------------------------------------------
Número total de imágenes en entrenamiento: 28800
Número total de imágenes en validación: 12000

Clases: ['Ankle boot', 'Bag', 'Coat', 'Dress', 'Pullover', 'Sandal', 'Shirt', 'Sneaker', 'T-shirt', 'Trouser']
[0, 1.6557070016860962, 1.4432377815246582, 0.5711666941642761, 0.5711666666666667, 0.49861567590734, '01:18']
[1, 0.8326818346977234, 0.797195315361023, 0.6959166526794434, 0.6959166666666666, 0.6789545981623129, '01:04']
[2, 0.666773796081543, 0.6546008586883545, 0.7511666417121887, 0.7511666666666666, 0.726140580824163, '01:03']
[3, 0.5896816253662109, 0.5824359655380249, 0.7763333320617676, 0.7763333333333333, 0.7559036894233057, '01:03']
[4, 0.5195926427841187, 0.516380786895752, 0.8112499713897705, 0.8112499999999999, 0.8070556323691644, '01:04']
[5, 0.4823512136936188, 0.47987988591194153, 0.8217499852180481, 0.8217500000000001, 0.8207741210957625, '01:04']
[6, 0.4503176808357239, 0.4374594986438751, 0.8416666388511658, 0.8416666666666666, 0.8382140383143983, '01:04']
[7, 0.4204231798648834, 0.4348912835121155, 0.8384166955947876, 0.8384166666666667, 0.8398285926944971, '01:04']
[8, 0.39852139353752136, 0.39211732149124146, 0.8550000190734863, 0.8549999999999999, 0.8547705206430344, '01:04']
[9, 0.37000787258148193, 0.409834623336792, 0.8488333225250244, 0.8488333333333333, 0.8498405886376798, '01:04']
[10, 0.35483789443969727, 0.3754158616065979, 0.859333336353302, 0.8593333333333334, 0.8594787776297794, '01:04']
[11, 0.33218732476234436, 0.38920775055885315, 0.8585833311080933, 0.8585833333333334, 0.8583050151575862, '01:29']
[12, 0.33125007152557373, 0.37220120429992676, 0.862333357334137, 0.8623333333333333, 0.8622176352547379, '01:04']
[13, 0.3169596195220947, 0.36694955825805664, 0.8633333444595337, 0.8633333333333333, 0.8609281550040266, '01:04']
[14, 0.29432356357574463, 0.3634539246559143, 0.8641666769981384, 0.8641666666666665, 0.8619674145507853, '01:04']
[15, 0.28579774498939514, 0.3594905734062195, 0.8681666851043701, 0.8681666666666666, 0.8650737089913763, '01:04']
[16, 0.2785598933696747, 0.3665802478790283, 0.8651666641235352, 0.8651666666666668, 0.8662225403337807, '01:04']
[17, 0.26222342252731323, 0.3586142957210541, 0.8700833320617676, 0.8700833333333333, 0.8698971226520426, '01:04']
[18, 0.26004987955093384, 0.353210985660553, 0.8691666722297668, 0.8691666666666666, 0.8681944239366037, '01:26']
[19, 0.24438200891017914, 0.357550710439682, 0.8682500123977661, 0.8682500000000001, 0.8687761250178243, '01:25']
[20, 0.22495445609092712, 0.3656049370765686, 0.871999979019165, 0.8720000000000001, 0.8706000225334247, '01:34']
[21, 0.2203376591205597, 0.3551205098628998, 0.8738333582878113, 0.8738333333333334, 0.87421239301619, '01:15']
[22, 0.22138607501983643, 0.3568978011608124, 0.8730833530426025, 0.8730833333333334, 0.8732484030606671, '01:04']
[23, 0.20933425426483154, 0.36244356632232666, 0.871999979019165, 0.8719999999999999, 0.8714345668743129, '01:04']
No improvement since epoch 18: early stopping

Tiempo de entrenamiento: 1666.39 segundos
/mnt/homeGPU/haoweihu/TFG/lib/python3.10/site-packages/fastai/learner.py:455: UserWarning: load_learner` uses Python's insecure pickle module, which can execute malicious arbitrary code when loading. Only load files you trust.
If you only need to load model weights and optimizer state, use the safe `Learner.load` instead.
  warn("load_learner` uses Python's insecure pickle module, which can execute malicious arbitrary code when loading. Only load files you trust.\nIf you only need to load model weights and optimizer state, use the safe `Learner.load` instead.")
Loss: 0.3624
Accuracy: 0.8720
Recall: 0.8720
F1-Score: 0.8714
Loss: 3.443361759185791
Accuracy: 0.6870993375778198
Recall (macro): 0.6869847192311839
F1 Score (macro): 0.6878323941578565
---------------------------------------------------------------------------
Ejecutando: fmnist_70pct_example1_quant
---------------------------------------------------------------------------
Número total de imágenes en entrenamiento: 33600
Número total de imágenes en validación: 12000

Clases: ['Ankle boot', 'Bag', 'Coat', 'Dress', 'Pullover', 'Sandal', 'Shirt', 'Sneaker', 'T-shirt', 'Trouser']
[0, 1.3581010103225708, 1.1928316354751587, 0.5625, 0.5625, 0.5186714043357725, '01:26']
[1, 0.7348642349243164, 0.7341853976249695, 0.7141666412353516, 0.7141666666666666, 0.6890599101849249, '01:14']
[2, 0.630695104598999, 0.6337652802467346, 0.7490000128746033, 0.7489999999999999, 0.7396344501514913, '01:11']
[3, 0.5461369156837463, 0.5651559829711914, 0.7804166674613953, 0.7804166666666668, 0.7678885587736927, '01:13']
[4, 0.5363509058952332, 0.5250449180603027, 0.8013333082199097, 0.8013333333333333, 0.8013403598044746, '01:11']
[5, 0.48396599292755127, 0.49869880080223083, 0.8114166855812073, 0.8114166666666666, 0.8005882762430481, '01:11']
[6, 0.45020267367362976, 0.4582943916320801, 0.8258333206176758, 0.8258333333333333, 0.8180052709151259, '01:11']
[7, 0.41571593284606934, 0.43328675627708435, 0.8330000042915344, 0.833, 0.8345101363576581, '01:11']
[8, 0.39642035961151123, 0.3960169553756714, 0.8497499823570251, 0.84975, 0.8478596446412222, '01:12']
[9, 0.37984955310821533, 0.3911360204219818, 0.8516666889190674, 0.8516666666666666, 0.8471158027549768, '01:13']
[10, 0.3504294753074646, 0.39911556243896484, 0.8503333330154419, 0.8503333333333332, 0.8478580270102778, '01:13']
[11, 0.35072124004364014, 0.3741280436515808, 0.8569166660308838, 0.8569166666666668, 0.8568687025925928, '01:11']
[12, 0.3162461221218109, 0.37317538261413574, 0.8584166765213013, 0.8584166666666666, 0.8582806512349439, '01:11']
[13, 0.32026463747024536, 0.38622230291366577, 0.8540833592414856, 0.8540833333333333, 0.8548495102736435, '01:11']
[14, 0.29702794551849365, 0.3657602071762085, 0.862583339214325, 0.8625833333333335, 0.8608365357894833, '01:11']
[15, 0.2841728627681732, 0.36979955434799194, 0.8631666898727417, 0.8631666666666667, 0.8635832059973929, '01:13']
[16, 0.2737416625022888, 0.3624456822872162, 0.8684166669845581, 0.8684166666666668, 0.8674702404396001, '01:13']
[17, 0.2545536756515503, 0.37316468358039856, 0.8652499914169312, 0.86525, 0.8638760630634067, '01:12']
[18, 0.24024760723114014, 0.36736035346984863, 0.8678333163261414, 0.8678333333333332, 0.8674916141012234, '01:11']
[19, 0.244476780295372, 0.3651832640171051, 0.8712499737739563, 0.8712500000000001, 0.8694022450310255, '01:11']
[20, 0.22774043679237366, 0.3753344416618347, 0.8711666464805603, 0.8711666666666668, 0.8697624737814641, '01:11']
[21, 0.21677270531654358, 0.3728208541870117, 0.8694999814033508, 0.8695, 0.8699049630008219, '01:11']
No improvement since epoch 16: early stopping

Tiempo de entrenamiento: 1604.02 segundos
/mnt/homeGPU/haoweihu/TFG/lib/python3.10/site-packages/fastai/learner.py:455: UserWarning: load_learner` uses Python's insecure pickle module, which can execute malicious arbitrary code when loading. Only load files you trust.
If you only need to load model weights and optimizer state, use the safe `Learner.load` instead.
  warn("load_learner` uses Python's insecure pickle module, which can execute malicious arbitrary code when loading. Only load files you trust.\nIf you only need to load model weights and optimizer state, use the safe `Learner.load` instead.")
Loss: 0.3728
Accuracy: 0.8695
Recall: 0.8695
F1-Score: 0.8699
Loss: 3.6401188373565674
Accuracy: 0.6903044581413269
Recall (macro): 0.6904404551086887
F1 Score (macro): 0.6894733123637542
---------------------------------------------------------------------------
Ejecutando: fmnist_70pct_example2_quant
---------------------------------------------------------------------------
Número total de imágenes en entrenamiento: 33600
Número total de imágenes en validación: 12000

Clases: ['Ankle boot', 'Bag', 'Coat', 'Dress', 'Pullover', 'Sandal', 'Shirt', 'Sneaker', 'T-shirt', 'Trouser']
[0, 1.4589345455169678, 1.2981956005096436, 0.5584999918937683, 0.5584999999999999, 0.5079372086121249, '01:38']
[1, 0.8212454915046692, 0.7963548302650452, 0.7085833549499512, 0.7085833333333333, 0.6897869164158041, '01:29']
[2, 0.6950951218605042, 0.691478431224823, 0.7362499833106995, 0.7362500000000001, 0.7248227156036114, '01:11']
[3, 0.6014518737792969, 0.6407356262207031, 0.7524999976158142, 0.7525000000000001, 0.7360910882626144, '01:11']
[4, 0.5647623538970947, 0.5312912464141846, 0.7984166741371155, 0.7984166666666667, 0.7956998720578372, '01:11']
[5, 0.4959876835346222, 0.476245641708374, 0.824833333492279, 0.8248333333333333, 0.8208486183890941, '01:10']
[6, 0.4284975230693817, 0.47891947627067566, 0.8240000009536743, 0.8240000000000001, 0.8193504444138984, '01:15']
[7, 0.4186128079891205, 0.4619911015033722, 0.8292499780654907, 0.82925, 0.8209767673192576, '01:28']
[8, 0.40630263090133667, 0.42826807498931885, 0.840583324432373, 0.8405833333333333, 0.8420147116913561, '01:33']
[9, 0.37607574462890625, 0.40603235363960266, 0.8523333072662354, 0.8523333333333334, 0.8511746263625117, '01:11']
[10, 0.35012197494506836, 0.38043877482414246, 0.8616666793823242, 0.8616666666666667, 0.8610493958739468, '01:11']
[11, 0.32864388823509216, 0.37782809138298035, 0.8615000247955322, 0.8615, 0.8608809672411285, '01:11']
[12, 0.3172356188297272, 0.37513411045074463, 0.8617500066757202, 0.86175, 0.8611886180457347, '01:11']
[13, 0.31066077947616577, 0.3660469949245453, 0.8634999990463257, 0.8634999999999999, 0.8639201490449679, '01:11']
[14, 0.3001197874546051, 0.3623656928539276, 0.8676666617393494, 0.8676666666666666, 0.867641809749468, '01:11']
[15, 0.290730357170105, 0.36632466316223145, 0.8676666617393494, 0.8676666666666666, 0.867987497355031, '01:11']
[16, 0.28048640489578247, 0.3607017695903778, 0.8664166927337646, 0.8664166666666666, 0.8671499005882277, '01:11']
[17, 0.26078107953071594, 0.3586500585079193, 0.8688333630561829, 0.8688333333333332, 0.8690618742050551, '01:11']
[18, 0.24887718260288239, 0.3574175238609314, 0.871916651725769, 0.8719166666666667, 0.8709669723418774, '01:11']
[19, 0.24826768040657043, 0.36663171648979187, 0.8671666383743286, 0.8671666666666666, 0.867814787702615, '01:11']
[20, 0.2220681607723236, 0.3709299862384796, 0.8714166879653931, 0.8714166666666667, 0.87204285068878, '01:11']
[21, 0.20016726851463318, 0.3665335178375244, 0.8736666440963745, 0.8736666666666666, 0.8738723232594763, '01:11']
[22, 0.20382201671600342, 0.36628007888793945, 0.8743333220481873, 0.8743333333333334, 0.873947373849074, '01:11']
[23, 0.20270921289920807, 0.3728151321411133, 0.8714166879653931, 0.8714166666666667, 0.8721697908343093, '01:11']
No improvement since epoch 18: early stopping

Tiempo de entrenamiento: 1803.36 segundos
/mnt/homeGPU/haoweihu/TFG/lib/python3.10/site-packages/fastai/learner.py:455: UserWarning: load_learner` uses Python's insecure pickle module, which can execute malicious arbitrary code when loading. Only load files you trust.
If you only need to load model weights and optimizer state, use the safe `Learner.load` instead.
  warn("load_learner` uses Python's insecure pickle module, which can execute malicious arbitrary code when loading. Only load files you trust.\nIf you only need to load model weights and optimizer state, use the safe `Learner.load` instead.")
Loss: 0.3728
Accuracy: 0.8714
Recall: 0.8714
F1-Score: 0.8722
Loss: 3.4838414192199707
Accuracy: 0.6909054517745972
Recall (macro): 0.6909497069673256
F1 Score (macro): 0.6900807424970038
---------------------------------------------------------------------------
Ejecutando: fmnist_80pct_example1_quant
---------------------------------------------------------------------------
Número total de imágenes en entrenamiento: 38400
Número total de imágenes en validación: 12000

Clases: ['Ankle boot', 'Bag', 'Coat', 'Dress', 'Pullover', 'Sandal', 'Shirt', 'Sneaker', 'T-shirt', 'Trouser']
[0, 1.3292973041534424, 1.1982592344284058, 0.6351666450500488, 0.6351666666666667, 0.6192507183922216, '02:30']
[1, 0.7545031905174255, 0.7546471357345581, 0.7072499990463257, 0.7072499999999999, 0.6847045824661698, '01:18']
[2, 0.6582098007202148, 0.6268327832221985, 0.762499988079071, 0.7625, 0.7518471837100438, '01:19']
[3, 0.5799540877342224, 0.561659038066864, 0.7922499775886536, 0.79225, 0.7856548036540373, '01:19']
[4, 0.5270447731018066, 0.49384212493896484, 0.8189166784286499, 0.8189166666666667, 0.8131433307562229, '01:19']
[5, 0.47635170817375183, 0.45073649287223816, 0.8323333263397217, 0.8323333333333334, 0.8316316053287286, '01:19']
[6, 0.4129045903682709, 0.41874605417251587, 0.8461666703224182, 0.8461666666666666, 0.8456857859268583, '01:18']
[7, 0.3880089223384857, 0.4012799859046936, 0.8496666550636292, 0.8496666666666666, 0.8502062970357708, '01:18']
[8, 0.3781180679798126, 0.3883735239505768, 0.8552500009536743, 0.8552500000000001, 0.852085428961438, '01:18']
[9, 0.3538835346698761, 0.3817974030971527, 0.8560000061988831, 0.8560000000000001, 0.8541930259451493, '01:44']
[10, 0.3463839888572693, 0.3682747483253479, 0.8620833158493042, 0.8620833333333333, 0.8613249025312226, '01:38']
[11, 0.33506184816360474, 0.36279407143592834, 0.8660833239555359, 0.8660833333333333, 0.865915333114559, '01:19']
[12, 0.3075113892555237, 0.3515259921550751, 0.8703333139419556, 0.8703333333333333, 0.869943577696026, '01:19']
[13, 0.31850531697273254, 0.3547424376010895, 0.8705833554267883, 0.8705833333333335, 0.8710355216000838, '01:19']
[14, 0.30387261509895325, 0.3455580770969391, 0.8730000257492065, 0.873, 0.8735693026222162, '01:19']
[15, 0.28716954588890076, 0.3530292510986328, 0.8736666440963745, 0.8736666666666666, 0.8729084814610262, '01:19']
[16, 0.2621554136276245, 0.34538355469703674, 0.874916672706604, 0.8749166666666668, 0.8746894232594361, '01:21']
[17, 0.24511322379112244, 0.34035658836364746, 0.8788333535194397, 0.8788333333333334, 0.8785733994248117, '01:19']
[18, 0.24187004566192627, 0.3529823422431946, 0.878000020980835, 0.8779999999999999, 0.8776143274360779, '01:18']
[19, 0.2336566299200058, 0.35463738441467285, 0.878083348274231, 0.8780833333333333, 0.8768413696176124, '01:18']
[20, 0.22415347397327423, 0.35685428977012634, 0.8764166831970215, 0.8764166666666668, 0.8773934121321265, '01:18']
[21, 0.21607616543769836, 0.35346731543540955, 0.878083348274231, 0.8780833333333332, 0.8777763522727444, '01:44']
[22, 0.2000114470720291, 0.35258948802948, 0.8805833458900452, 0.8805833333333334, 0.8796795124914194, '01:36']
No improvement since epoch 17: early stopping

Tiempo de entrenamiento: 1980.69 segundos
/mnt/homeGPU/haoweihu/TFG/lib/python3.10/site-packages/fastai/learner.py:455: UserWarning: load_learner` uses Python's insecure pickle module, which can execute malicious arbitrary code when loading. Only load files you trust.
If you only need to load model weights and optimizer state, use the safe `Learner.load` instead.
  warn("load_learner` uses Python's insecure pickle module, which can execute malicious arbitrary code when loading. Only load files you trust.\nIf you only need to load model weights and optimizer state, use the safe `Learner.load` instead.")
Loss: 0.3526
Accuracy: 0.8806
Recall: 0.8806
F1-Score: 0.8797
Loss: 3.527064085006714
Accuracy: 0.6906049847602844
Recall (macro): 0.6907668036025207
F1 Score (macro): 0.6911184006918015
---------------------------------------------------------------------------
Ejecutando: fmnist_80pct_example2_quant
---------------------------------------------------------------------------
Número total de imágenes en entrenamiento: 38400
Número total de imágenes en validación: 12000

Clases: ['Ankle boot', 'Bag', 'Coat', 'Dress', 'Pullover', 'Sandal', 'Shirt', 'Sneaker', 'T-shirt', 'Trouser']
[0, 1.2079946994781494, 1.1154204607009888, 0.5867499709129333, 0.58675, 0.5599471358183513, '02:29']
[1, 0.7939277291297913, 0.7799787521362305, 0.7119166851043701, 0.7119166666666665, 0.6916905206687921, '01:18']
[2, 0.6664507985115051, 0.6968657970428467, 0.7280833125114441, 0.7280833333333334, 0.6993567803905679, '01:18']
[3, 0.584160327911377, 0.5782606601715088, 0.7864999771118164, 0.7865, 0.7767253348189429, '01:18']
[4, 0.5414458513259888, 0.5306442975997925, 0.8011666536331177, 0.8011666666666667, 0.7895890729926065, '01:23']
[5, 0.4810623526573181, 0.4913795590400696, 0.8183333277702332, 0.8183333333333334, 0.8151906385473853, '01:22']
[6, 0.44722920656204224, 0.45205652713775635, 0.8325833082199097, 0.8325833333333333, 0.8228607114552198, '01:21']
[7, 0.3959122598171234, 0.4206094443798065, 0.846666693687439, 0.8466666666666667, 0.8439903367556741, '01:19']
[8, 0.38077935576438904, 0.4105857014656067, 0.8497499823570251, 0.84975, 0.8491307994144017, '01:19']
[9, 0.3591915965080261, 0.40852871537208557, 0.846833348274231, 0.8468333333333332, 0.8398762498102792, '01:19']
[10, 0.33508971333503723, 0.37605422735214233, 0.8627499938011169, 0.8627499999999999, 0.8609098371264403, '01:21']
[11, 0.3275752067565918, 0.40047526359558105, 0.8558333516120911, 0.8558333333333333, 0.854358893220313, '01:16']
[12, 0.32765817642211914, 0.378737211227417, 0.8644999861717224, 0.8644999999999999, 0.864017652924362, '01:16']
[13, 0.3047342002391815, 0.36778146028518677, 0.8672500252723694, 0.8672500000000001, 0.8668477652851324, '01:16']
[14, 0.292725533246994, 0.37187883257865906, 0.8641666769981384, 0.8641666666666665, 0.8637008975034748, '01:16']
[15, 0.2665101885795593, 0.3650807738304138, 0.8691666722297668, 0.8691666666666666, 0.8692754810421576, '01:16']
[16, 0.2614833116531372, 0.3605233132839203, 0.8703333139419556, 0.8703333333333333, 0.8693449476914358, '01:16']
[17, 0.2509676516056061, 0.3622487485408783, 0.871999979019165, 0.8720000000000001, 0.8730582576526181, '01:29']
[18, 0.24367108941078186, 0.35832035541534424, 0.874833345413208, 0.8748333333333335, 0.8746527422728996, '01:16']
[19, 0.23815655708312988, 0.3716198205947876, 0.8702499866485596, 0.8702500000000001, 0.8698448864765496, '01:16']
[20, 0.20804178714752197, 0.369373619556427, 0.8774999976158142, 0.8774999999999998, 0.8761488554589967, '01:16']
[21, 0.21149732172489166, 0.3715343773365021, 0.8766666650772095, 0.8766666666666667, 0.8769385880342373, '01:16']
[22, 0.19750072062015533, 0.3728131055831909, 0.8759166598320007, 0.8759166666666666, 0.875139585920125, '01:16']
[23, 0.1939774602651596, 0.3760916292667389, 0.8744999766349792, 0.8744999999999999, 0.8742653175219344, '01:18']
No improvement since epoch 18: early stopping

Tiempo de entrenamiento: 1961.60 segundos
/mnt/homeGPU/haoweihu/TFG/lib/python3.10/site-packages/fastai/learner.py:455: UserWarning: load_learner` uses Python's insecure pickle module, which can execute malicious arbitrary code when loading. Only load files you trust.
If you only need to load model weights and optimizer state, use the safe `Learner.load` instead.
  warn("load_learner` uses Python's insecure pickle module, which can execute malicious arbitrary code when loading. Only load files you trust.\nIf you only need to load model weights and optimizer state, use the safe `Learner.load` instead.")
Loss: 0.3761
Accuracy: 0.8745
Recall: 0.8745
F1-Score: 0.8743
Loss: 3.520665407180786
Accuracy: 0.6924078464508057
Recall (macro): 0.6925110179112158
F1 Score (macro): 0.6911573017746206
---------------------------------------------------------------------------
Ejecutando: fmnist_90pct_example1_quant
---------------------------------------------------------------------------
Número total de imágenes en entrenamiento: 43200
Número total de imágenes en validación: 12000

Clases: ['Ankle boot', 'Bag', 'Coat', 'Dress', 'Pullover', 'Sandal', 'Shirt', 'Sneaker', 'T-shirt', 'Trouser']
[0, 1.1889021396636963, 1.0537217855453491, 0.6422500014305115, 0.64225, 0.6252967459749839, '02:49']
[1, 0.7249934077262878, 0.7148277163505554, 0.7266666889190674, 0.7266666666666668, 0.7219412075305923, '01:23']
[2, 0.6199412941932678, 0.5927577614784241, 0.7650833129882812, 0.7650833333333333, 0.7486248197857377, '01:23']
[3, 0.5379508137702942, 0.5238119959831238, 0.7980833053588867, 0.7980833333333333, 0.7896932508598802, '01:23']
[4, 0.4813997745513916, 0.4644547402858734, 0.8270000219345093, 0.827, 0.825261717141262, '02:08']
[5, 0.4136016070842743, 0.42356303334236145, 0.8432499766349792, 0.84325, 0.8433442255032528, '01:23']
[6, 0.39468082785606384, 0.39881426095962524, 0.8528333306312561, 0.8528333333333332, 0.8532525095945926, '01:23']
[7, 0.360960453748703, 0.3783218562602997, 0.859749972820282, 0.85975, 0.8587925903595208, '01:23']
[8, 0.35924285650253296, 0.40060099959373474, 0.8544999957084656, 0.8545, 0.8476829449362914, '01:44']
[9, 0.3301328122615814, 0.3746574819087982, 0.8614166378974915, 0.8614166666666667, 0.8610586601744821, '01:40']
[10, 0.3108709156513214, 0.3670089542865753, 0.8669999837875366, 0.867, 0.8645553361344666, '01:31']
[11, 0.2900294065475464, 0.3472904562950134, 0.8726666569709778, 0.8726666666666667, 0.8721199057406406, '01:30']
[12, 0.2871257960796356, 0.3904867470264435, 0.8570833206176758, 0.8570833333333333, 0.8570076328876601, '01:30']
[13, 0.2771065831184387, 0.3560335338115692, 0.8738333582878113, 0.8738333333333335, 0.8715742055203146, '01:28']
[14, 0.27920594811439514, 0.3610515594482422, 0.8678333163261414, 0.8678333333333335, 0.8685869103792919, '01:25']
[15, 0.2554279565811157, 0.36315324902534485, 0.8714166879653931, 0.8714166666666665, 0.8724323076517789, '01:58']
[16, 0.23585942387580872, 0.36419788002967834, 0.8741666674613953, 0.8741666666666668, 0.8727827946724485, '01:36']
No improvement since epoch 11: early stopping

Tiempo de entrenamiento: 1667.20 segundos
/mnt/homeGPU/haoweihu/TFG/lib/python3.10/site-packages/fastai/learner.py:455: UserWarning: load_learner` uses Python's insecure pickle module, which can execute malicious arbitrary code when loading. Only load files you trust.
If you only need to load model weights and optimizer state, use the safe `Learner.load` instead.
  warn("load_learner` uses Python's insecure pickle module, which can execute malicious arbitrary code when loading. Only load files you trust.\nIf you only need to load model weights and optimizer state, use the safe `Learner.load` instead.")
Loss: 0.3642
Accuracy: 0.8742
Recall: 0.8742
F1-Score: 0.8728
Loss: 3.436174154281616
Accuracy: 0.6806890964508057
Recall (macro): 0.6807872933016967
F1 Score (macro): 0.6837953748227571
---------------------------------------------------------------------------
Ejecutando: fmnist_90pct_example2_quant
---------------------------------------------------------------------------
Número total de imágenes en entrenamiento: 43200
Número total de imágenes en validación: 12000

Clases: ['Ankle boot', 'Bag', 'Coat', 'Dress', 'Pullover', 'Sandal', 'Shirt', 'Sneaker', 'T-shirt', 'Trouser']
[0, 1.1894623041152954, 1.1203454732894897, 0.6205833554267883, 0.6205833333333333, 0.5903909263463455, '02:53']
[1, 0.7894086837768555, 0.7746354937553406, 0.7251666784286499, 0.7251666666666667, 0.7045289619684008, '01:26']
[2, 0.6402660608291626, 0.6353426575660706, 0.7569166421890259, 0.7569166666666667, 0.7449497003619057, '01:26']
[3, 0.5514698028564453, 0.5651593804359436, 0.7869166731834412, 0.7869166666666667, 0.7849792300653793, '01:30']
[4, 0.5170419216156006, 0.4971435070037842, 0.8193333148956299, 0.8193333333333334, 0.8178686419859584, '01:27']
[5, 0.4375983774662018, 0.48202449083328247, 0.8183333277702332, 0.8183333333333331, 0.8145114774047153, '01:27']
[6, 0.41360345482826233, 0.4229264259338379, 0.8462499976158142, 0.8462499999999998, 0.8455020870406112, '01:32']
[7, 0.3771114945411682, 0.4022884964942932, 0.8510000109672546, 0.8510000000000002, 0.8491880126519673, '01:27']
[8, 0.3662314713001251, 0.39102405309677124, 0.8568333387374878, 0.8568333333333333, 0.8575334932303654, '01:29']
[9, 0.3350672423839569, 0.3603709638118744, 0.8659166693687439, 0.8659166666666668, 0.8647575625976011, '01:28']
[10, 0.323677659034729, 0.3607540726661682, 0.8644999861717224, 0.8644999999999999, 0.8635248285585927, '01:27']
[11, 0.317016065120697, 0.3536486327648163, 0.8691666722297668, 0.8691666666666666, 0.8699890781347002, '01:27']
[12, 0.3025958240032196, 0.3554864227771759, 0.8684999942779541, 0.8685, 0.8694230398324431, '01:40']
[13, 0.28332945704460144, 0.3559240698814392, 0.8692499995231628, 0.8692499999999999, 0.8679949942435098, '01:27']
[14, 0.2644228935241699, 0.35262158513069153, 0.8708333373069763, 0.8708333333333333, 0.8683560078441703, '01:29']
[15, 0.2635287344455719, 0.3492567539215088, 0.8736666440963745, 0.8736666666666668, 0.871310514971935, '01:41']
[16, 0.24783693253993988, 0.3593265116214752, 0.8703333139419556, 0.8703333333333333, 0.8698115544630995, '01:27']
[17, 0.23761862516403198, 0.3390655815601349, 0.8777499794960022, 0.87775, 0.8777362264684274, '01:27']
[18, 0.22122223675251007, 0.34312865138053894, 0.8788333535194397, 0.8788333333333334, 0.879140269667262, '01:27']
[19, 0.20663872361183167, 0.3548317849636078, 0.8794166445732117, 0.8794166666666667, 0.8796972435180994, '01:27']
[20, 0.20300717651844025, 0.35427966713905334, 0.8800833225250244, 0.8800833333333333, 0.8796322674773058, '02:13']
[21, 0.20706604421138763, 0.355567991733551, 0.8787500262260437, 0.8787499999999999, 0.8786093281287982, '01:27']
[22, 0.164993554353714, 0.36204877495765686, 0.8797500133514404, 0.8797500000000001, 0.879619486765748, '01:27']
No improvement since epoch 17: early stopping

Tiempo de entrenamiento: 2181.80 segundos
/mnt/homeGPU/haoweihu/TFG/lib/python3.10/site-packages/fastai/learner.py:455: UserWarning: load_learner` uses Python's insecure pickle module, which can execute malicious arbitrary code when loading. Only load files you trust.
If you only need to load model weights and optimizer state, use the safe `Learner.load` instead.
  warn("load_learner` uses Python's insecure pickle module, which can execute malicious arbitrary code when loading. Only load files you trust.\nIf you only need to load model weights and optimizer state, use the safe `Learner.load` instead.")
Loss: 0.3620
Accuracy: 0.8798
Recall: 0.8798
F1-Score: 0.8796
Loss: 3.960331916809082
Accuracy: 0.6970152258872986
Recall (macro): 0.6971960347616699
F1 Score (macro): 0.6956085538278317
mail: cannot send message: Process exited with a non-zero status
