/mnt/homeGPU/haoweihu/TFG/lib/python3.10/site-packages/torchvision/models/_utils.py:208: UserWarning: The parameter 'pretrained' is deprecated since 0.13 and may be removed in the future, please use 'weights' instead.
  warnings.warn(
/mnt/homeGPU/haoweihu/TFG/lib/python3.10/site-packages/torchvision/models/_utils.py:223: UserWarning: Arguments other than a weight enum or `None` for 'weights' are deprecated since 0.13 and may be removed in the future. The current behavior is equivalent to passing `weights=EfficientNet_V2_S_Weights.IMAGENET1K_V1`. You can also use `weights=EfficientNet_V2_S_Weights.DEFAULT` to get the most up-to-date weights.
  warnings.warn(msg)
---------------------------------------------------------------------------
Ejecutando: cifar_10pct_effnetv2s_fps_quant
---------------------------------------------------------------------------
False
Número total de imágenes en entrenamiento: 4000
Número total de imágenes en validación: 10000
Clases: ['airplane', 'automobile', 'bird', 'cat', 'deer', 'dog', 'frog', 'horse', 'ship', 'truck']
weights = None
[0, 3.623033285140991, 2.6550371646881104, 0.14180000126361847, 0.14179999999999998, 0.12658289400155567, '00:59']
[1, 3.267801523208618, 2.280285120010376, 0.23170000314712524, 0.23170000000000002, 0.22636644042271342, '00:49']
[2, 3.005878210067749, 2.127098321914673, 0.29280000925064087, 0.2928, 0.2889019909601569, '00:49']
[3, 2.8576388359069824, 2.039400100708008, 0.31470000743865967, 0.31470000000000004, 0.31317253866174555, '00:50']
[4, 2.64754319190979, 2.036233425140381, 0.3197000026702881, 0.3197, 0.31659274326481135, '00:50']
[5, 2.472059965133667, 1.9489494562149048, 0.3314000070095062, 0.33140000000000003, 0.3267786635180034, '00:50']
[6, 2.3179023265838623, 1.8687664270401, 0.3443000018596649, 0.34430000000000005, 0.34164068930596303, '00:50']
[7, 2.1841604709625244, 1.897218108177185, 0.3474000096321106, 0.34739999999999993, 0.34337532604089144, '00:50']
[8, 2.0794715881347656, 1.8092665672302246, 0.36309999227523804, 0.3631, 0.36117412263141535, '00:50']
[9, 2.021831512451172, 1.778921127319336, 0.3743000030517578, 0.3743, 0.3696282001343542, '00:50']
[10, 1.9487435817718506, 1.765810489654541, 0.3912000060081482, 0.3912, 0.37820951929409075, '00:50']
[11, 1.8890016078948975, 1.7272692918777466, 0.4050000011920929, 0.40499999999999997, 0.3984051351800466, '00:49']
[12, 1.8381850719451904, 1.6835120916366577, 0.4115000069141388, 0.41150000000000003, 0.3965168725541846, '00:49']
[13, 1.7791414260864258, 1.6978185176849365, 0.4180000126361847, 0.418, 0.4073892462395543, '00:49']
[14, 1.749790072441101, 1.6115838289260864, 0.42820000648498535, 0.4282, 0.42366229010254297, '00:50']
[15, 1.7121615409851074, 1.6311815977096558, 0.430400013923645, 0.4304, 0.4252151975183319, '00:50']
[16, 1.6852351427078247, 1.6067545413970947, 0.43650001287460327, 0.4365, 0.4284345996262206, '00:49']
[17, 1.618384838104248, 1.5620307922363281, 0.4505000114440918, 0.4505, 0.4412178195868135, '00:50']
[18, 1.592229962348938, 1.5458427667617798, 0.4560999870300293, 0.4561, 0.44924630362374973, '00:50']
[19, 1.5514651536941528, 1.5423351526260376, 0.460999995470047, 0.461, 0.45509357102558984, '00:50']
[20, 1.5314099788665771, 1.5207936763763428, 0.4634999930858612, 0.46349999999999997, 0.4559833285817653, '00:50']
[21, 1.4894744157791138, 1.5017435550689697, 0.4690000116825104, 0.46900000000000003, 0.4633921010968164, '00:50']
[22, 1.470623254776001, 1.4906609058380127, 0.4726000130176544, 0.4726000000000001, 0.4671198499434894, '00:50']
[23, 1.4437485933303833, 1.4988080263137817, 0.47589999437332153, 0.47590000000000005, 0.4712643351352456, '00:50']
[24, 1.4432415962219238, 1.48195219039917, 0.47859999537467957, 0.47859999999999997, 0.4734481260418721, '00:50']
[25, 1.4227970838546753, 1.4691450595855713, 0.4803999960422516, 0.48040000000000005, 0.47588829521748044, '00:49']
[26, 1.4276487827301025, 1.4831382036209106, 0.47749999165534973, 0.47750000000000004, 0.47173325702378416, '00:50']
[27, 1.4083327054977417, 1.4735369682312012, 0.4781000018119812, 0.4781000000000001, 0.47264834444229675, '00:49']
[28, 1.3949213027954102, 1.4808536767959595, 0.48030000925064087, 0.4803, 0.47407510067557224, '00:49']
[29, 1.4164584875106812, 1.4742697477340698, 0.47929999232292175, 0.4793, 0.47413914718341255, '00:50']

Tiempo de entrenamiento: 1511.30 segundos
/mnt/homeGPU/haoweihu/TFG/lib/python3.10/site-packages/fastai/learner.py:455: UserWarning: load_learner` uses Python's insecure pickle module, which can execute malicious arbitrary code when loading. Only load files you trust.
If you only need to load model weights and optimizer state, use the safe `Learner.load` instead.
  warn("load_learner` uses Python's insecure pickle module, which can execute malicious arbitrary code when loading. Only load files you trust.\nIf you only need to load model weights and optimizer state, use the safe `Learner.load` instead.")
Loss (valid): 1.4743
Accuracy (valid): 0.4793
Recall (valid): 0.4793
F1-Score (valid): 0.4741
/mnt/homeGPU/haoweihu/TFG/lib/python3.10/site-packages/torchvision/models/_utils.py:208: UserWarning: The parameter 'pretrained' is deprecated since 0.13 and may be removed in the future, please use 'weights' instead.
  warnings.warn(
/mnt/homeGPU/haoweihu/TFG/lib/python3.10/site-packages/torchvision/models/_utils.py:223: UserWarning: Arguments other than a weight enum or `None` for 'weights' are deprecated since 0.13 and may be removed in the future. The current behavior is equivalent to passing `weights=EfficientNet_V2_S_Weights.IMAGENET1K_V1`. You can also use `weights=EfficientNet_V2_S_Weights.DEFAULT` to get the most up-to-date weights.
  warnings.warn(msg)
Loss (test): 1.4896
Accuracy (test): 0.4754
Recall (test): 0.4753
F1-Score (test): 0.4699
---------------------------------------------------------------------------
Ejecutando: cifar_20pct_effnetv2s_fps_quant
---------------------------------------------------------------------------
False
Número total de imágenes en entrenamiento: 8000
Número total de imágenes en validación: 10000
Clases: ['airplane', 'automobile', 'bird', 'cat', 'deer', 'dog', 'frog', 'horse', 'ship', 'truck']
weights = None
[0, 3.3929543495178223, 2.378958225250244, 0.19200000166893005, 0.192, 0.18823247077812727, '01:23']
[1, 3.051968812942505, 2.1356089115142822, 0.27709999680519104, 0.2771, 0.2735175835974334, '01:08']
[2, 2.81895112991333, 2.0465075969696045, 0.31459999084472656, 0.3146, 0.3044986205824306, '01:08']
[3, 2.5660219192504883, 1.9894511699676514, 0.32440000772476196, 0.32439999999999997, 0.3170086774104733, '01:11']
[4, 2.31972336769104, 1.8522593975067139, 0.351500004529953, 0.35150000000000003, 0.3444012756107683, '01:10']
[5, 2.1355926990509033, 1.7878295183181763, 0.3732999861240387, 0.3733000000000001, 0.36560171379268314, '01:09']
[6, 2.012077569961548, 1.7294154167175293, 0.38920000195503235, 0.3892, 0.3847852963039801, '01:09']
[7, 1.8768097162246704, 1.689577341079712, 0.40380001068115234, 0.40379999999999994, 0.3905749974183711, '01:09']
[8, 1.8058056831359863, 1.6012301445007324, 0.4375, 0.4375, 0.4260820110129764, '01:09']
[9, 1.7426505088806152, 1.5634347200393677, 0.44279998540878296, 0.4428000000000001, 0.4384848672181585, '01:09']
[10, 1.657178282737732, 1.5293015241622925, 0.461899995803833, 0.4619, 0.45101875356304727, '01:09']
[11, 1.5553359985351562, 1.469101905822754, 0.48179998993873596, 0.48179999999999995, 0.47309504110171313, '01:09']
[12, 1.4983255863189697, 1.4270710945129395, 0.49810001254081726, 0.4981, 0.49076936592011833, '01:09']
[13, 1.4295215606689453, 1.398505449295044, 0.5123000144958496, 0.5123, 0.5095130994646799, '01:09']
[14, 1.382660150527954, 1.3450595140457153, 0.5242999792098999, 0.5243, 0.5175666734197263, '01:09']
[15, 1.3506667613983154, 1.339521050453186, 0.5286999940872192, 0.5287, 0.5226238891452787, '01:09']
[16, 1.2930996417999268, 1.3128175735473633, 0.5432999730110168, 0.5433, 0.5373728060390869, '01:09']
[17, 1.254083514213562, 1.2736879587173462, 0.5557000041007996, 0.5557, 0.551051933559361, '01:09']
[18, 1.2324244976043701, 1.261749505996704, 0.5629000067710876, 0.5629000000000001, 0.5566685814004994, '01:09']
[19, 1.2013311386108398, 1.247413158416748, 0.5669000148773193, 0.5669000000000001, 0.5629815861720189, '01:09']
[20, 1.1880805492401123, 1.2428480386734009, 0.5701000094413757, 0.5700999999999999, 0.5639465361916385, '01:09']
[21, 1.1541112661361694, 1.2309092283248901, 0.5756000280380249, 0.5756, 0.571381731264998, '01:09']
[22, 1.1455154418945312, 1.2250229120254517, 0.5781999826431274, 0.5782, 0.5717905247583361, '01:09']
[23, 1.119115948677063, 1.2157145738601685, 0.5823000073432922, 0.5822999999999998, 0.5772598473572572, '01:09']
[24, 1.099564552307129, 1.2207950353622437, 0.5806000232696533, 0.5806, 0.574754239349064, '01:09']
[25, 1.0786763429641724, 1.2120451927185059, 0.5810999870300293, 0.5811, 0.5766323637234902, '01:09']
[26, 1.0892342329025269, 1.2097456455230713, 0.5828999876976013, 0.5829000000000001, 0.577845638155026, '01:09']
[27, 1.0750086307525635, 1.2071443796157837, 0.5853000283241272, 0.5852999999999999, 0.5799937440340395, '01:09']
[28, 1.0882165431976318, 1.2041687965393066, 0.583899974822998, 0.5839000000000001, 0.5790389226274539, '01:10']
[29, 1.0528916120529175, 1.2093143463134766, 0.5821999907493591, 0.5822, 0.5775416831606346, '01:09']

Tiempo de entrenamiento: 2101.81 segundos
/mnt/homeGPU/haoweihu/TFG/lib/python3.10/site-packages/fastai/learner.py:455: UserWarning: load_learner` uses Python's insecure pickle module, which can execute malicious arbitrary code when loading. Only load files you trust.
If you only need to load model weights and optimizer state, use the safe `Learner.load` instead.
  warn("load_learner` uses Python's insecure pickle module, which can execute malicious arbitrary code when loading. Only load files you trust.\nIf you only need to load model weights and optimizer state, use the safe `Learner.load` instead.")
Loss (valid): 1.2093
Accuracy (valid): 0.5822
Recall (valid): 0.5822
F1-Score (valid): 0.5775
/mnt/homeGPU/haoweihu/TFG/lib/python3.10/site-packages/torchvision/models/_utils.py:208: UserWarning: The parameter 'pretrained' is deprecated since 0.13 and may be removed in the future, please use 'weights' instead.
  warnings.warn(
/mnt/homeGPU/haoweihu/TFG/lib/python3.10/site-packages/torchvision/models/_utils.py:223: UserWarning: Arguments other than a weight enum or `None` for 'weights' are deprecated since 0.13 and may be removed in the future. The current behavior is equivalent to passing `weights=EfficientNet_V2_S_Weights.IMAGENET1K_V1`. You can also use `weights=EfficientNet_V2_S_Weights.DEFAULT` to get the most up-to-date weights.
  warnings.warn(msg)
Loss (test): 1.2037
Accuracy (test): 0.5821
Recall (test): 0.5822
F1-Score (test): 0.5770
---------------------------------------------------------------------------
Ejecutando: cifar_30pct_effnetv2s_fps_quant
---------------------------------------------------------------------------
False
Número total de imágenes en entrenamiento: 12000
Número total de imágenes en validación: 10000
Clases: ['airplane', 'automobile', 'bird', 'cat', 'deer', 'dog', 'frog', 'horse', 'ship', 'truck']
weights = None
[0, 3.288175106048584, 2.2957942485809326, 0.225600004196167, 0.22559999999999997, 0.21715968220621237, '01:40']
[1, 2.8959479331970215, 2.068711280822754, 0.29510000348091125, 0.29510000000000003, 0.2867932941037272, '01:27']
[2, 2.6393258571624756, 1.9470511674880981, 0.3280999958515167, 0.3281, 0.3213502937614407, '01:27']
[3, 2.347290277481079, 1.8111320734024048, 0.36239999532699585, 0.3624, 0.35943666397055535, '01:26']
[4, 2.099142551422119, 1.7499370574951172, 0.3785000145435333, 0.3785, 0.3720243661062872, '01:26']
[5, 1.9681774377822876, 1.6597275733947754, 0.41019999980926514, 0.4102, 0.40209715119234, '01:27']
[6, 1.8563774824142456, 1.5713279247283936, 0.4408999979496002, 0.44090000000000007, 0.4271192945526209, '01:27']
[7, 1.7438486814498901, 1.5620023012161255, 0.46549999713897705, 0.4654999999999999, 0.458924653951496, '01:27']
[8, 1.6254059076309204, 1.461470365524292, 0.4871000051498413, 0.4871, 0.4846748066192538, '01:27']
[9, 1.5547535419464111, 1.383440613746643, 0.5113000273704529, 0.5113, 0.5036016420802031, '01:27']
[10, 1.439361333847046, 1.3119887113571167, 0.5357999801635742, 0.5358, 0.5321128899320613, '01:27']
[11, 1.3759021759033203, 1.2633545398712158, 0.5559999942779541, 0.556, 0.5507705607168146, '01:30']
[12, 1.3126161098480225, 1.23923921585083, 0.5631999969482422, 0.5631999999999999, 0.5560685118066941, '01:31']
[13, 1.2542363405227661, 1.192543387413025, 0.5792999863624573, 0.5793, 0.575171775042181, '01:28']
[14, 1.2186466455459595, 1.1671196222305298, 0.5895000100135803, 0.5894999999999999, 0.5853082330105261, '01:28']
[15, 1.1974879503250122, 1.152165174484253, 0.5943999886512756, 0.5944, 0.5905754557812947, '01:28']
[16, 1.1425046920776367, 1.13744056224823, 0.6015999913215637, 0.6016, 0.5977258355100609, '01:28']
[17, 1.1157430410385132, 1.1077046394348145, 0.61080002784729, 0.6108, 0.6092096202398395, '01:28']
[18, 1.0784209966659546, 1.1094204187393188, 0.6107000112533569, 0.6106999999999999, 0.6073482658588942, '01:28']
[19, 1.061633586883545, 1.098103642463684, 0.6157000064849854, 0.6157, 0.6114752136079824, '01:28']
[20, 1.0424370765686035, 1.0850836038589478, 0.6227999925613403, 0.6228, 0.6202453042046685, '01:28']
[21, 1.0133429765701294, 1.0849158763885498, 0.623199999332428, 0.6232, 0.6196330373629955, '01:28']
[22, 1.0032230615615845, 1.0845513343811035, 0.623199999332428, 0.6232, 0.6196228670942265, '01:28']
[23, 0.9921999573707581, 1.0779486894607544, 0.6258999705314636, 0.6259, 0.6231789262776923, '01:28']
[24, 0.9728879332542419, 1.068142056465149, 0.6266999840736389, 0.6267, 0.6248266880711171, '01:28']
[25, 0.9565677046775818, 1.0698751211166382, 0.6266000270843506, 0.6266, 0.6240799257471147, '01:28']
[26, 0.9474205374717712, 1.0713984966278076, 0.6244000196456909, 0.6244000000000001, 0.6215380233167137, '01:28']
[27, 0.9634131193161011, 1.0771232843399048, 0.625, 0.6250000000000001, 0.6211403730295803, '01:29']
[28, 0.9507060647010803, 1.0685778856277466, 0.625, 0.625, 0.6229755720094101, '01:28']
[29, 0.9466134309768677, 1.0681711435317993, 0.6280999779701233, 0.6281, 0.6259445558183242, '01:28']
No improvement since epoch 24: early stopping

Tiempo de entrenamiento: 2659.48 segundos
/mnt/homeGPU/haoweihu/TFG/lib/python3.10/site-packages/fastai/learner.py:455: UserWarning: load_learner` uses Python's insecure pickle module, which can execute malicious arbitrary code when loading. Only load files you trust.
If you only need to load model weights and optimizer state, use the safe `Learner.load` instead.
  warn("load_learner` uses Python's insecure pickle module, which can execute malicious arbitrary code when loading. Only load files you trust.\nIf you only need to load model weights and optimizer state, use the safe `Learner.load` instead.")
Loss (valid): 1.0682
Accuracy (valid): 0.6281
Recall (valid): 0.6281
F1-Score (valid): 0.6259
/mnt/homeGPU/haoweihu/TFG/lib/python3.10/site-packages/torchvision/models/_utils.py:208: UserWarning: The parameter 'pretrained' is deprecated since 0.13 and may be removed in the future, please use 'weights' instead.
  warnings.warn(
/mnt/homeGPU/haoweihu/TFG/lib/python3.10/site-packages/torchvision/models/_utils.py:223: UserWarning: Arguments other than a weight enum or `None` for 'weights' are deprecated since 0.13 and may be removed in the future. The current behavior is equivalent to passing `weights=EfficientNet_V2_S_Weights.IMAGENET1K_V1`. You can also use `weights=EfficientNet_V2_S_Weights.DEFAULT` to get the most up-to-date weights.
  warnings.warn(msg)
Loss (test): 1.0896
Accuracy (test): 0.6203
Recall (test): 0.6202
F1-Score (test): 0.6173
---------------------------------------------------------------------------
Ejecutando: cifar_40pct_effnetv2s_fps_quant
---------------------------------------------------------------------------
False
Número total de imágenes en entrenamiento: 16000
Número total de imágenes en validación: 10000
Clases: ['airplane', 'automobile', 'bird', 'cat', 'deer', 'dog', 'frog', 'horse', 'ship', 'truck']
weights = None
[0, 3.093332290649414, 2.2045490741729736, 0.2572999894618988, 0.2573, 0.24789858158234113, '02:02']
[1, 2.7361652851104736, 1.978715181350708, 0.3240000009536743, 0.32399999999999995, 0.31775637742325186, '01:46']
[2, 2.4726145267486572, 1.8572477102279663, 0.3522999882698059, 0.35229999999999995, 0.3439323133674488, '01:46']
[3, 2.171562433242798, 1.7776029109954834, 0.37450000643730164, 0.3745, 0.3706298915040971, '01:46']
[4, 1.9719399213790894, 1.6473177671432495, 0.413100004196167, 0.4131, 0.4023090190236339, '01:46']
[5, 1.8267059326171875, 1.5701243877410889, 0.43529999256134033, 0.43529999999999996, 0.429741098257076, '01:46']
[6, 1.7178364992141724, 1.4880460500717163, 0.4699999988079071, 0.4699999999999999, 0.4614545478975927, '01:46']
[7, 1.535469651222229, 1.3835171461105347, 0.5044999718666077, 0.5045, 0.49096100674601706, '01:46']
[8, 1.4684725999832153, 1.3042020797729492, 0.532800018787384, 0.5327999999999999, 0.5272066839373444, '01:46']
[9, 1.3559379577636719, 1.2287269830703735, 0.5629000067710876, 0.5629000000000001, 0.5586864839617449, '01:46']
[10, 1.3061507940292358, 1.1836597919464111, 0.5791000127792358, 0.5791000000000002, 0.5759629664736493, '01:46']
[11, 1.2325451374053955, 1.1456193923950195, 0.593500018119812, 0.5934999999999999, 0.5899115831002203, '01:45']
[12, 1.1906569004058838, 1.117297887802124, 0.6003999710083008, 0.6004, 0.5950129179305162, '01:46']
[13, 1.1591160297393799, 1.0940321683883667, 0.6159999966621399, 0.6159999999999999, 0.6137820093522574, '01:46']
[14, 1.0862460136413574, 1.0734033584594727, 0.6215999722480774, 0.6215999999999999, 0.6191299733700145, '01:50']
[15, 1.0670382976531982, 1.0628982782363892, 0.6283000111579895, 0.6283000000000001, 0.6260899277571889, '01:49']
[16, 1.0694584846496582, 1.0453293323516846, 0.6366999745368958, 0.6367, 0.6345312244698094, '01:47']
[17, 1.0222206115722656, 1.0442835092544556, 0.635699987411499, 0.6356999999999999, 0.6336340818140632, '01:47']
[18, 0.9972738027572632, 1.0381070375442505, 0.6366000175476074, 0.6365999999999999, 0.6325719655148725, '01:47']
[19, 0.9788735508918762, 1.0261633396148682, 0.642799973487854, 0.6428, 0.6406913684745796, '01:47']
[20, 0.9611979126930237, 1.022005319595337, 0.6459000110626221, 0.6459, 0.6418439290241024, '01:47']
[21, 0.9290295839309692, 1.0200090408325195, 0.6431999802589417, 0.6432, 0.640200042851416, '01:47']
[22, 0.9135120511054993, 1.0155644416809082, 0.647599995136261, 0.6476, 0.6445235310144579, '01:47']
[23, 0.9147397875785828, 1.0098637342453003, 0.6492000222206116, 0.6492, 0.6462439045749966, '01:47']
[24, 0.8995514512062073, 1.009519100189209, 0.6502000093460083, 0.6502000000000001, 0.6473551712964472, '01:47']
[25, 0.8733287453651428, 1.0136749744415283, 0.647599995136261, 0.6476, 0.6447939541188801, '01:47']
[26, 0.8704106211662292, 1.0135670900344849, 0.649399995803833, 0.6494, 0.6472356292128537, '01:47']
[27, 0.9000697135925293, 1.0138394832611084, 0.6480000019073486, 0.6479999999999999, 0.645386186287064, '01:47']
[28, 0.870283305644989, 1.008726716041565, 0.6489999890327454, 0.649, 0.6469493967252677, '01:47']
[29, 0.8751486539840698, 1.0080077648162842, 0.6503999829292297, 0.6504, 0.6481051377089907, '01:47']

Tiempo de entrenamiento: 3229.54 segundos
/mnt/homeGPU/haoweihu/TFG/lib/python3.10/site-packages/fastai/learner.py:455: UserWarning: load_learner` uses Python's insecure pickle module, which can execute malicious arbitrary code when loading. Only load files you trust.
If you only need to load model weights and optimizer state, use the safe `Learner.load` instead.
  warn("load_learner` uses Python's insecure pickle module, which can execute malicious arbitrary code when loading. Only load files you trust.\nIf you only need to load model weights and optimizer state, use the safe `Learner.load` instead.")
Loss (valid): 1.0080
Accuracy (valid): 0.6504
Recall (valid): 0.6504
F1-Score (valid): 0.6481
/mnt/homeGPU/haoweihu/TFG/lib/python3.10/site-packages/torchvision/models/_utils.py:208: UserWarning: The parameter 'pretrained' is deprecated since 0.13 and may be removed in the future, please use 'weights' instead.
  warnings.warn(
/mnt/homeGPU/haoweihu/TFG/lib/python3.10/site-packages/torchvision/models/_utils.py:223: UserWarning: Arguments other than a weight enum or `None` for 'weights' are deprecated since 0.13 and may be removed in the future. The current behavior is equivalent to passing `weights=EfficientNet_V2_S_Weights.IMAGENET1K_V1`. You can also use `weights=EfficientNet_V2_S_Weights.DEFAULT` to get the most up-to-date weights.
  warnings.warn(msg)
Loss (test): 1.0085
Accuracy (test): 0.6521
Recall (test): 0.6521
F1-Score (test): 0.6494
---------------------------------------------------------------------------
Ejecutando: cifar_50pct_effnetv2s_fps_quant
---------------------------------------------------------------------------
False
Número total de imágenes en entrenamiento: 20000
Número total de imágenes en validación: 10000
Clases: ['airplane', 'automobile', 'bird', 'cat', 'deer', 'dog', 'frog', 'horse', 'ship', 'truck']
weights = None
[0, 3.020730972290039, 2.154855489730835, 0.2721000015735626, 0.27209999999999995, 0.26042775187834866, '02:22']
[1, 2.6797993183135986, 1.9643203020095825, 0.32269999384880066, 0.32270000000000004, 0.3099715858955844, '02:06']
[2, 2.345187187194824, 1.821163535118103, 0.35749998688697815, 0.35749999999999993, 0.34121909855508686, '02:06']
[3, 2.0830576419830322, 1.7066420316696167, 0.3889999985694885, 0.389, 0.3837371387512376, '02:06']
[4, 1.8958790302276611, 1.6249587535858154, 0.4284000098705292, 0.4284, 0.4186452356313243, '02:06']
[5, 1.7515794038772583, 1.4931972026824951, 0.4675999879837036, 0.4676, 0.4610828897654421, '02:05']
[6, 1.6062895059585571, 1.4177454710006714, 0.4966000020503998, 0.49659999999999993, 0.49001540410876077, '02:05']
[7, 1.4433653354644775, 1.3000372648239136, 0.5349000096321106, 0.5349, 0.5299378135420109, '02:04']
[8, 1.3736470937728882, 1.2345094680786133, 0.5633000135421753, 0.5633000000000001, 0.5603571397177596, '02:04']
[9, 1.2664155960083008, 1.1659122705459595, 0.5874000191688538, 0.5874, 0.5856292832334675, '02:04']
[10, 1.2039567232131958, 1.1334182024002075, 0.6011999845504761, 0.6012, 0.5957573989926651, '02:05']
[11, 1.1716525554656982, 1.1080924272537231, 0.6104000210762024, 0.6104, 0.6054303962806765, '02:04']
[12, 1.1086739301681519, 1.0848968029022217, 0.6234999895095825, 0.6235, 0.6204922961928869, '02:04']
[13, 1.0931050777435303, 1.0556602478027344, 0.6309999823570251, 0.631, 0.6290949179848223, '02:05']
[14, 1.0477522611618042, 1.0412514209747314, 0.6348000168800354, 0.6347999999999999, 0.6319622800534099, '02:04']
[15, 1.0271984338760376, 1.0242063999176025, 0.6431000232696533, 0.6431, 0.6398389967488682, '02:05']
[16, 0.9874162077903748, 1.0264371633529663, 0.6431999802589417, 0.6432, 0.6398963077423928, '02:05']
[17, 0.9599255919456482, 1.0095373392105103, 0.6481000185012817, 0.6481, 0.6450249678205899, '02:05']
[18, 0.934572160243988, 0.9992868900299072, 0.6541000008583069, 0.6541, 0.6514149254222072, '02:05']
[19, 0.9444109201431274, 0.9954845905303955, 0.6575999855995178, 0.6576, 0.655161992400547, '02:05']
[20, 0.9457175135612488, 0.9989256858825684, 0.6585000157356262, 0.6585, 0.6556229285407356, '02:10']
[21, 0.8919886946678162, 0.9840482473373413, 0.6632000207901001, 0.6632, 0.6610013106543198, '02:08']
[22, 0.8755974173545837, 0.9898934364318848, 0.6610000133514404, 0.661, 0.6578573655496386, '02:06']
[23, 0.8726834654808044, 0.9849644303321838, 0.6628000140190125, 0.6628000000000001, 0.6607609757205599, '02:06']
[24, 0.8542322516441345, 0.9800743460655212, 0.6682999730110168, 0.6683, 0.6656171835354479, '02:06']
[25, 0.8709096312522888, 0.9850102663040161, 0.6657000184059143, 0.6657, 0.6630930527788642, '02:06']
[26, 0.8708814382553101, 0.982554018497467, 0.6668000221252441, 0.6668, 0.6649003832393474, '02:07']
[27, 0.8523998260498047, 0.9823612570762634, 0.6654999852180481, 0.6655, 0.6634379780375659, '02:06']
[28, 0.835908055305481, 0.9830793142318726, 0.6632000207901001, 0.6632, 0.6606910883703699, '02:06']
[29, 0.8265568614006042, 0.9796687364578247, 0.6658999919891357, 0.6658999999999999, 0.6638988489422568, '02:07']

Tiempo de entrenamiento: 3797.45 segundos
/mnt/homeGPU/haoweihu/TFG/lib/python3.10/site-packages/fastai/learner.py:455: UserWarning: load_learner` uses Python's insecure pickle module, which can execute malicious arbitrary code when loading. Only load files you trust.
If you only need to load model weights and optimizer state, use the safe `Learner.load` instead.
  warn("load_learner` uses Python's insecure pickle module, which can execute malicious arbitrary code when loading. Only load files you trust.\nIf you only need to load model weights and optimizer state, use the safe `Learner.load` instead.")
Loss (valid): 0.9797
Accuracy (valid): 0.6659
Recall (valid): 0.6659
F1-Score (valid): 0.6639
/mnt/homeGPU/haoweihu/TFG/lib/python3.10/site-packages/torchvision/models/_utils.py:208: UserWarning: The parameter 'pretrained' is deprecated since 0.13 and may be removed in the future, please use 'weights' instead.
  warnings.warn(
/mnt/homeGPU/haoweihu/TFG/lib/python3.10/site-packages/torchvision/models/_utils.py:223: UserWarning: Arguments other than a weight enum or `None` for 'weights' are deprecated since 0.13 and may be removed in the future. The current behavior is equivalent to passing `weights=EfficientNet_V2_S_Weights.IMAGENET1K_V1`. You can also use `weights=EfficientNet_V2_S_Weights.DEFAULT` to get the most up-to-date weights.
  warnings.warn(msg)
Loss (test): 0.9657
Accuracy (test): 0.6666
Recall (test): 0.6666
F1-Score (test): 0.6645
---------------------------------------------------------------------------
Ejecutando: cifar_60pct_effnetv2s_fps_quant
---------------------------------------------------------------------------
False
Número total de imágenes en entrenamiento: 24000
Número total de imágenes en validación: 10000
Clases: ['airplane', 'automobile', 'bird', 'cat', 'deer', 'dog', 'frog', 'horse', 'ship', 'truck']
weights = None
[0, 3.038240671157837, 2.1478538513183594, 0.2782999873161316, 0.2783, 0.2669488628404868, '02:42']
[1, 2.6301634311676025, 1.917419195175171, 0.3377000093460083, 0.3377, 0.3260105190529147, '02:26']
[2, 2.2954678535461426, 1.757272481918335, 0.3767000138759613, 0.37670000000000003, 0.36884473896176073, '02:26']
[3, 2.0279738903045654, 1.6745728254318237, 0.4122999906539917, 0.4123, 0.39585762913506767, '02:26']
[4, 1.859803318977356, 1.5603880882263184, 0.44679999351501465, 0.4468, 0.43489154651656853, '02:26']
[5, 1.665521502494812, 1.4387553930282593, 0.4846000075340271, 0.48460000000000003, 0.4703234689125132, '02:26']
[6, 1.4959673881530762, 1.290872573852539, 0.541100025177002, 0.5411, 0.5351155741760053, '02:26']
[7, 1.3831340074539185, 1.18976891040802, 0.5781999826431274, 0.5782, 0.5745468097335554, '02:26']
[8, 1.3096948862075806, 1.1220613718032837, 0.5952000021934509, 0.5952, 0.5884525432397769, '02:26']
[9, 1.1940019130706787, 1.0708144903182983, 0.6148999929428101, 0.6149, 0.6105802309003076, '02:26']
[10, 1.169729471206665, 1.0481802225112915, 0.6301000118255615, 0.6301, 0.6246302578660687, '02:26']
[11, 1.1301374435424805, 1.0067486763000488, 0.6396999955177307, 0.6397, 0.6354408928258608, '02:26']
[12, 1.0925647020339966, 0.9867939352989197, 0.6535999774932861, 0.6536000000000001, 0.6498479711273835, '02:25']
[13, 1.0659517049789429, 0.9735956788063049, 0.659500002861023, 0.6594999999999999, 0.6568601806269403, '02:25']
[14, 1.014388084411621, 0.9626448154449463, 0.6611999869346619, 0.6612, 0.6577322183962934, '02:24']
[15, 1.002485752105713, 0.9462369084358215, 0.6675999760627747, 0.6676, 0.6645842259393223, '02:25']
[16, 0.9840327501296997, 0.9390073418617249, 0.6715999841690063, 0.6716, 0.6686649834370813, '02:25']
[17, 0.9644851684570312, 0.9322795867919922, 0.6797000169754028, 0.6797, 0.6763787746251689, '02:25']
[18, 0.9442959427833557, 0.9226334095001221, 0.6798999905586243, 0.6799000000000001, 0.676959319228165, '02:25']
[19, 0.9098284244537354, 0.9179159998893738, 0.6815999746322632, 0.6816, 0.6789932705650259, '02:25']
[20, 0.9229548573493958, 0.9139207005500793, 0.6848000288009644, 0.6848, 0.6819720735858248, '02:25']
[21, 0.873045027256012, 0.9047441482543945, 0.6852999925613403, 0.6853, 0.683463985758174, '02:25']
[22, 0.8781712055206299, 0.9047589898109436, 0.6870999932289124, 0.6870999999999999, 0.685068399265994, '02:26']
[23, 0.8661521077156067, 0.9010385870933533, 0.6869999766349792, 0.687, 0.6844733512294676, '02:25']
[24, 0.8451268672943115, 0.9005069136619568, 0.6891000270843506, 0.6891, 0.6870815059504293, '02:28']
[25, 0.8628583550453186, 0.9017652273178101, 0.6881999969482422, 0.6881999999999999, 0.6852698289715888, '02:31']
[26, 0.8315252065658569, 0.9003782272338867, 0.6890000104904175, 0.689, 0.6871143893476421, '02:27']
[27, 0.8184568881988525, 0.9010224342346191, 0.6883000135421753, 0.6883, 0.6860516543850498, '02:27']
[28, 0.8281034231185913, 0.9025898575782776, 0.6891000270843506, 0.6890999999999999, 0.6867918803800288, '02:27']
[29, 0.8162192702293396, 0.8970378637313843, 0.6897000074386597, 0.6897, 0.688005939128957, '02:27']

Tiempo de entrenamiento: 4408.96 segundos
/mnt/homeGPU/haoweihu/TFG/lib/python3.10/site-packages/fastai/learner.py:455: UserWarning: load_learner` uses Python's insecure pickle module, which can execute malicious arbitrary code when loading. Only load files you trust.
If you only need to load model weights and optimizer state, use the safe `Learner.load` instead.
  warn("load_learner` uses Python's insecure pickle module, which can execute malicious arbitrary code when loading. Only load files you trust.\nIf you only need to load model weights and optimizer state, use the safe `Learner.load` instead.")
Loss (valid): 0.8970
Accuracy (valid): 0.6897
Recall (valid): 0.6897
F1-Score (valid): 0.6880
/mnt/homeGPU/haoweihu/TFG/lib/python3.10/site-packages/torchvision/models/_utils.py:208: UserWarning: The parameter 'pretrained' is deprecated since 0.13 and may be removed in the future, please use 'weights' instead.
  warnings.warn(
/mnt/homeGPU/haoweihu/TFG/lib/python3.10/site-packages/torchvision/models/_utils.py:223: UserWarning: Arguments other than a weight enum or `None` for 'weights' are deprecated since 0.13 and may be removed in the future. The current behavior is equivalent to passing `weights=EfficientNet_V2_S_Weights.IMAGENET1K_V1`. You can also use `weights=EfficientNet_V2_S_Weights.DEFAULT` to get the most up-to-date weights.
  warnings.warn(msg)
Loss (test): 0.9356
Accuracy (test): 0.6788
Recall (test): 0.6788
F1-Score (test): 0.6768
---------------------------------------------------------------------------
Ejecutando: cifar_70pct_effnetv2s_fps_quant
---------------------------------------------------------------------------
False
Número total de imágenes en entrenamiento: 28000
Número total de imágenes en validación: 10000
Clases: ['airplane', 'automobile', 'bird', 'cat', 'deer', 'dog', 'frog', 'horse', 'ship', 'truck']
weights = None
[0, 2.9440457820892334, 2.089867353439331, 0.28130000829696655, 0.2813, 0.27077632655073064, '03:05']
[1, 2.5614750385284424, 1.9221928119659424, 0.33250001072883606, 0.33249999999999996, 0.32546442671269354, '02:46']
[2, 2.1988165378570557, 1.7566572427749634, 0.374099999666214, 0.3741, 0.36754958794484754, '02:46']
[3, 1.9626051187515259, 1.642524242401123, 0.4174000024795532, 0.41739999999999994, 0.41083936063160414, '02:46']
[4, 1.7616862058639526, 1.5055367946624756, 0.4564000070095062, 0.45640000000000003, 0.44641725114317393, '02:46']
[5, 1.585383415222168, 1.3559372425079346, 0.5166000127792358, 0.5166000000000001, 0.5129406608926582, '02:46']
[6, 1.4191439151763916, 1.242294192314148, 0.5619000196456909, 0.5619, 0.5579448344380424, '02:46']
[7, 1.311553716659546, 1.1524385213851929, 0.5928000211715698, 0.5928, 0.5889369991989293, '02:46']
[8, 1.2305920124053955, 1.0970511436462402, 0.6157000064849854, 0.6157, 0.6123193955083334, '02:47']
[9, 1.1853890419006348, 1.0429894924163818, 0.6306999921798706, 0.6307, 0.629371896858508, '02:46']
[10, 1.1173603534698486, 1.0056062936782837, 0.6510000228881836, 0.651, 0.6483719743706015, '02:46']
[11, 1.1035820245742798, 0.9887828826904297, 0.656499981880188, 0.6565000000000001, 0.6543070479482944, '02:46']
[12, 1.0482051372528076, 0.9821078181266785, 0.6624000072479248, 0.6624, 0.6581339320092777, '02:47']
[13, 1.0067051649093628, 0.9592046141624451, 0.6660000085830688, 0.666, 0.6640088411481674, '02:46']
[14, 1.0043246746063232, 0.9454110264778137, 0.671500027179718, 0.6715, 0.6693196545900556, '02:46']
[15, 0.9764533042907715, 0.9340881705284119, 0.6744999885559082, 0.6745, 0.6722133784642276, '02:46']
[16, 0.9302586317062378, 0.9296368956565857, 0.6776000261306763, 0.6776, 0.677179924866753, '02:46']
[17, 0.9525892734527588, 0.9150861501693726, 0.6855999827384949, 0.6856, 0.6839411344086609, '02:46']
[18, 0.9104132652282715, 0.9133176803588867, 0.6819000244140625, 0.6819000000000001, 0.6804018353196356, '02:45']
[19, 0.9164040088653564, 0.9046768546104431, 0.6869999766349792, 0.6869999999999999, 0.6867215558086788, '02:46']
[20, 0.8639424443244934, 0.9036397337913513, 0.6915000081062317, 0.6914999999999999, 0.6903703444728134, '02:44']
[21, 0.8413071036338806, 0.906958281993866, 0.6887000203132629, 0.6887000000000001, 0.6857034152551649, '02:44']
[22, 0.853411078453064, 0.9046834111213684, 0.6901999711990356, 0.6902, 0.6893730903465695, '02:44']
[23, 0.8365949392318726, 0.903858482837677, 0.6933000087738037, 0.6932999999999999, 0.6916654710487897, '02:44']
[24, 0.819444477558136, 0.9008850455284119, 0.6905999779701233, 0.6905999999999999, 0.6889101465802391, '02:44']
[25, 0.8061420917510986, 0.9005004167556763, 0.6924999952316284, 0.6925, 0.6911545697888327, '02:45']
[26, 0.8037633895874023, 0.8981789946556091, 0.6920999884605408, 0.6920999999999999, 0.690933967852928, '02:44']
[27, 0.843895673751831, 0.8992675542831421, 0.6916999816894531, 0.6917000000000001, 0.6899894587617917, '02:43']
[28, 0.833453893661499, 0.9011217951774597, 0.6922000050544739, 0.6922, 0.69092468952076, '02:45']
[29, 0.8060241937637329, 0.901067852973938, 0.6930000185966492, 0.6930000000000001, 0.690966777307765, '02:52']

Tiempo de entrenamiento: 5004.18 segundos
/mnt/homeGPU/haoweihu/TFG/lib/python3.10/site-packages/fastai/learner.py:455: UserWarning: load_learner` uses Python's insecure pickle module, which can execute malicious arbitrary code when loading. Only load files you trust.
If you only need to load model weights and optimizer state, use the safe `Learner.load` instead.
  warn("load_learner` uses Python's insecure pickle module, which can execute malicious arbitrary code when loading. Only load files you trust.\nIf you only need to load model weights and optimizer state, use the safe `Learner.load` instead.")
Loss (valid): 0.9011
Accuracy (valid): 0.6930
Recall (valid): 0.6930
F1-Score (valid): 0.6910
/mnt/homeGPU/haoweihu/TFG/lib/python3.10/site-packages/torchvision/models/_utils.py:208: UserWarning: The parameter 'pretrained' is deprecated since 0.13 and may be removed in the future, please use 'weights' instead.
  warnings.warn(
/mnt/homeGPU/haoweihu/TFG/lib/python3.10/site-packages/torchvision/models/_utils.py:223: UserWarning: Arguments other than a weight enum or `None` for 'weights' are deprecated since 0.13 and may be removed in the future. The current behavior is equivalent to passing `weights=EfficientNet_V2_S_Weights.IMAGENET1K_V1`. You can also use `weights=EfficientNet_V2_S_Weights.DEFAULT` to get the most up-to-date weights.
  warnings.warn(msg)
Loss (test): 0.9172
Accuracy (test): 0.6892
Recall (test): 0.6893
F1-Score (test): 0.6860
---------------------------------------------------------------------------
Ejecutando: cifar_80pct_effnetv2s_fps_quant
---------------------------------------------------------------------------
False
Número total de imágenes en entrenamiento: 32000
Número total de imágenes en validación: 10000
Clases: ['airplane', 'automobile', 'bird', 'cat', 'deer', 'dog', 'frog', 'horse', 'ship', 'truck']
weights = None
[0, 2.9276535511016846, 2.0485408306121826, 0.30169999599456787, 0.30169999999999997, 0.2904860968999851, '03:23']
[1, 2.4914662837982178, 1.8470091819763184, 0.3571000099182129, 0.3571000000000001, 0.3474532324809841, '03:05']
[2, 2.1543707847595215, 1.7034177780151367, 0.4007999897003174, 0.4008, 0.3936066731019386, '03:05']
[3, 1.917609691619873, 1.5582492351531982, 0.4465000033378601, 0.4465, 0.4344068746097056, '03:05']
[4, 1.7215338945388794, 1.4453245401382446, 0.4837000072002411, 0.4837000000000001, 0.4731097561592881, '03:06']
[5, 1.4942235946655273, 1.3009737730026245, 0.539900004863739, 0.5399, 0.5316274210526294, '03:07']
[6, 1.3934783935546875, 1.1854218244552612, 0.5777999758720398, 0.5778000000000001, 0.5730025736350877, '03:07']
[7, 1.2720303535461426, 1.1166119575500488, 0.6036999821662903, 0.6037, 0.5968265603459664, '03:07']
[8, 1.1993310451507568, 1.0494085550308228, 0.6266999840736389, 0.6266999999999999, 0.6238847354505812, '03:07']
[9, 1.1305710077285767, 1.0025774240493774, 0.6431000232696533, 0.6431, 0.6406580202137842, '03:06']
[10, 1.0878716707229614, 0.9695730209350586, 0.6539000272750854, 0.6538999999999999, 0.65056436238632, '03:06']
[11, 1.0882105827331543, 0.9401365518569946, 0.6614999771118164, 0.6615, 0.6603732896229475, '03:06']
[12, 1.036949634552002, 0.9307016730308533, 0.6664999723434448, 0.6665, 0.6639022888488221, '03:06']
[13, 0.9999242424964905, 0.9155324101448059, 0.675599992275238, 0.6756, 0.672590267247532, '03:05']
[14, 0.9848026037216187, 0.8991851806640625, 0.6854000091552734, 0.6853999999999999, 0.6829860263953973, '03:05']
[15, 0.94597327709198, 0.9006151556968689, 0.6854000091552734, 0.6854, 0.6823360125096147, '03:05']
[16, 0.9348366856575012, 0.8861467838287354, 0.6848000288009644, 0.6848, 0.6823255423955207, '03:06']
[17, 0.8992048501968384, 0.8825768828392029, 0.6906999945640564, 0.6906999999999999, 0.6879693689088636, '03:05']
[18, 0.8982937335968018, 0.8816460967063904, 0.6905999779701233, 0.6906000000000001, 0.6868917474972278, '03:05']
[19, 0.8582971692085266, 0.8702160120010376, 0.6948999762535095, 0.6949, 0.6928392682459209, '03:07']
[20, 0.8667935132980347, 0.8698935508728027, 0.6947000026702881, 0.6947, 0.692682197433409, '03:06']
[21, 0.8487327694892883, 0.8661172986030579, 0.6955999732017517, 0.6956, 0.6943829753007934, '03:05']
[22, 0.8214976191520691, 0.8631970882415771, 0.6969000101089478, 0.6969000000000001, 0.695223642111014, '03:04']
[23, 0.8294410705566406, 0.866191029548645, 0.6991000175476074, 0.6990999999999999, 0.6968572938350439, '03:03']
[24, 0.8171928524971008, 0.8615433573722839, 0.7016000151634216, 0.7016, 0.69975451193105, '03:04']
[25, 0.8120501041412354, 0.8605552911758423, 0.7009999752044678, 0.701, 0.6990656950181846, '03:04']
[26, 0.7966890931129456, 0.8642509579658508, 0.6988999843597412, 0.6989000000000001, 0.6965892848406849, '03:04']
[27, 0.8147884011268616, 0.8620774149894714, 0.6985999941825867, 0.6986000000000001, 0.696239580529103, '03:03']
[28, 0.7899713516235352, 0.8641900420188904, 0.7006000280380249, 0.7006, 0.6984045188215392, '03:03']
[29, 0.8130642771720886, 0.8639633655548096, 0.6988000273704529, 0.6988, 0.6963868067386498, '03:04']

Tiempo de entrenamiento: 5588.36 segundos
/mnt/homeGPU/haoweihu/TFG/lib/python3.10/site-packages/fastai/learner.py:455: UserWarning: load_learner` uses Python's insecure pickle module, which can execute malicious arbitrary code when loading. Only load files you trust.
If you only need to load model weights and optimizer state, use the safe `Learner.load` instead.
  warn("load_learner` uses Python's insecure pickle module, which can execute malicious arbitrary code when loading. Only load files you trust.\nIf you only need to load model weights and optimizer state, use the safe `Learner.load` instead.")
Loss (valid): 0.8640
Accuracy (valid): 0.6988
Recall (valid): 0.6988
F1-Score (valid): 0.6964
/mnt/homeGPU/haoweihu/TFG/lib/python3.10/site-packages/torchvision/models/_utils.py:208: UserWarning: The parameter 'pretrained' is deprecated since 0.13 and may be removed in the future, please use 'weights' instead.
  warnings.warn(
/mnt/homeGPU/haoweihu/TFG/lib/python3.10/site-packages/torchvision/models/_utils.py:223: UserWarning: Arguments other than a weight enum or `None` for 'weights' are deprecated since 0.13 and may be removed in the future. The current behavior is equivalent to passing `weights=EfficientNet_V2_S_Weights.IMAGENET1K_V1`. You can also use `weights=EfficientNet_V2_S_Weights.DEFAULT` to get the most up-to-date weights.
  warnings.warn(msg)
Loss (test): 0.8998
Accuracy (test): 0.6921
Recall (test): 0.6921
F1-Score (test): 0.6889
---------------------------------------------------------------------------
Ejecutando: cifar_90pct_effnetv2s_fps_quant
---------------------------------------------------------------------------
False
Número total de imágenes en entrenamiento: 36000
Número total de imágenes en validación: 10000
Clases: ['airplane', 'automobile', 'bird', 'cat', 'deer', 'dog', 'frog', 'horse', 'ship', 'truck']
weights = None
[0, 2.8814995288848877, 2.053797721862793, 0.3018999993801117, 0.3019, 0.2916303109640207, '03:54']
[1, 2.4143319129943848, 1.8425589799880981, 0.3594000041484833, 0.35940000000000005, 0.34888585527895194, '03:24']
[2, 2.112360715866089, 1.7070688009262085, 0.40290001034736633, 0.4029, 0.3963998747452459, '03:24']
[3, 1.823348879814148, 1.5744887590408325, 0.4496000111103058, 0.44960000000000006, 0.44104900559999505, '03:25']
[4, 1.6476974487304688, 1.4665307998657227, 0.48500001430511475, 0.485, 0.4753387122559428, '03:25']
[5, 1.4454375505447388, 1.275852084159851, 0.5468000173568726, 0.5468, 0.5430917770625896, '03:26']
[6, 1.3109471797943115, 1.1603648662567139, 0.5860999822616577, 0.5861, 0.5816659359895733, '03:25']
[7, 1.2315099239349365, 1.0839192867279053, 0.618399977684021, 0.6184000000000001, 0.6156570308843199, '03:25']
[8, 1.176964521408081, 1.0369009971618652, 0.635699987411499, 0.6357, 0.6339106642301358, '03:26']
[9, 1.0920847654342651, 1.0121718645095825, 0.6452999711036682, 0.6453000000000001, 0.6405534660705073, '03:25']
[10, 1.0682207345962524, 0.9832404255867004, 0.6577000021934509, 0.6577, 0.6550109547686007, '03:25']
[11, 1.046180248260498, 0.9513107538223267, 0.6705999970436096, 0.6706000000000001, 0.6689722980276628, '03:25']
[12, 0.9834372997283936, 0.9411414861679077, 0.6730999946594238, 0.6731, 0.6728814872505091, '03:25']
[13, 0.9575530886650085, 0.9261993169784546, 0.6786999702453613, 0.6787000000000001, 0.6774367059887831, '03:26']
[14, 0.928626537322998, 0.9174535274505615, 0.6827999949455261, 0.6828, 0.6821041337261586, '03:26']
[15, 0.9340614080429077, 0.9132113456726074, 0.6855000257492065, 0.6855, 0.6844315783820479, '03:26']
[16, 0.8817005157470703, 0.9063413143157959, 0.6868000030517578, 0.6868000000000001, 0.6844610548713772, '03:28']
[17, 0.9012901186943054, 0.895781934261322, 0.6912000179290771, 0.6912, 0.6896289072480968, '03:26']
[18, 0.8864899277687073, 0.8920272588729858, 0.6916000247001648, 0.6916, 0.6903110713877364, '03:26']
[19, 0.8625518679618835, 0.8879799842834473, 0.692300021648407, 0.6923, 0.690916641914445, '03:26']
[20, 0.8474951386451721, 0.8810072541236877, 0.6948000192642212, 0.6948000000000001, 0.6937697636692505, '03:25']
[21, 0.8420407772064209, 0.8860539793968201, 0.6965000033378601, 0.6965, 0.6951490199366266, '03:25']
[22, 0.8385875225067139, 0.8820109367370605, 0.6973000168800354, 0.6973, 0.6956523740385244, '03:25']
[23, 0.7862563729286194, 0.8804963827133179, 0.698199987411499, 0.6982000000000002, 0.6962597735907339, '03:25']
[24, 0.7991419434547424, 0.8800144791603088, 0.699400007724762, 0.6994, 0.6979493548297487, '03:25']
[25, 0.781650722026825, 0.8814535140991211, 0.6984999775886536, 0.6985, 0.6966054259987899, '03:25']
[26, 0.7969083189964294, 0.8818445205688477, 0.6991000175476074, 0.6990999999999999, 0.6969664570778049, '03:24']
[27, 0.8046537637710571, 0.8772144317626953, 0.7009000182151794, 0.7009000000000001, 0.6998449623069355, '03:21']
[28, 0.7899712324142456, 0.8779513835906982, 0.697700023651123, 0.6976999999999999, 0.6957348813299313, '03:22']
[29, 0.7912694215774536, 0.8752663135528564, 0.7008000016212463, 0.7008000000000001, 0.6992437053313851, '03:21']

Tiempo de entrenamiento: 6195.33 segundos
/mnt/homeGPU/haoweihu/TFG/lib/python3.10/site-packages/fastai/learner.py:455: UserWarning: load_learner` uses Python's insecure pickle module, which can execute malicious arbitrary code when loading. Only load files you trust.
If you only need to load model weights and optimizer state, use the safe `Learner.load` instead.
  warn("load_learner` uses Python's insecure pickle module, which can execute malicious arbitrary code when loading. Only load files you trust.\nIf you only need to load model weights and optimizer state, use the safe `Learner.load` instead.")
Loss (valid): 0.8753
Accuracy (valid): 0.7008
Recall (valid): 0.7008
F1-Score (valid): 0.6992
Loss (test): 0.8865
Accuracy (test): 0.6962
Recall (test): 0.6961
F1-Score (test): 0.6937
mail: cannot send message: Process exited with a non-zero status
