/mnt/homeGPU/haoweihu/TFG/lib/python3.10/site-packages/torchvision/models/_utils.py:208: UserWarning: The parameter 'pretrained' is deprecated since 0.13 and may be removed in the future, please use 'weights' instead.
  warnings.warn(
/mnt/homeGPU/haoweihu/TFG/lib/python3.10/site-packages/torchvision/models/_utils.py:223: UserWarning: Arguments other than a weight enum or `None` for 'weights' are deprecated since 0.13 and may be removed in the future. The current behavior is equivalent to passing `weights=EfficientNet_V2_S_Weights.IMAGENET1K_V1`. You can also use `weights=EfficientNet_V2_S_Weights.DEFAULT` to get the most up-to-date weights.
  warnings.warn(msg)
---------------------------------------------------------------------------
Ejecutando: cifar_10pct_effnetv2s_fps
---------------------------------------------------------------------------
False
Número total de imágenes en entrenamiento: 4000
Número total de imágenes en validación: 10000
Clases: ['airplane', 'automobile', 'bird', 'cat', 'deer', 'dog', 'frog', 'horse', 'ship', 'truck']
weights = None
[0, 3.228799343109131, 1.9961570501327515, 0.3312000036239624, 0.3312, 0.3223816955237335, '01:00']
[1, 2.4683456420898438, 8.87049674987793, 0.567799985408783, 0.5678, 0.5656616233118726, '00:51']
[2, 1.9112976789474487, 1.3110250234603882, 0.6693000197410583, 0.6693, 0.6709614858672064, '00:54']
[3, 1.5370707511901855, 6.70509147644043, 0.7325999736785889, 0.7326, 0.7318784799134902, '00:51']
[4, 1.218543291091919, 0.7456216812133789, 0.7702999711036682, 0.7703000000000001, 0.7703199927605244, '00:50']
[5, 1.034080147743225, 4.271043300628662, 0.796999990940094, 0.7969999999999999, 0.7954259216891986, '00:50']
[6, 0.874426007270813, 0.6884337663650513, 0.8271999955177307, 0.8271999999999998, 0.8265431725544735, '00:50']
[7, 0.7140751481056213, 0.5228850841522217, 0.8446999788284302, 0.8446999999999999, 0.8449298914399288, '00:50']
[8, 0.6225614547729492, 1.0791531801223755, 0.8601999878883362, 0.8602000000000001, 0.8602103066942044, '00:50']
[9, 0.5473693013191223, 0.9897105693817139, 0.8792999982833862, 0.8793000000000001, 0.8789431155471192, '00:49']
[10, 0.4906940460205078, 0.3706428110599518, 0.8884000182151794, 0.8884000000000001, 0.8882182207922813, '00:49']
[11, 0.41518712043762207, 0.34705474972724915, 0.8928999900817871, 0.8929, 0.8925291970862377, '00:49']
[12, 0.3791816830635071, 0.3239913582801819, 0.9003000259399414, 0.9003, 0.9000328975465921, '00:49']
[13, 0.32489457726478577, 0.3020169138908386, 0.9057999849319458, 0.9057999999999999, 0.9055036056832131, '00:49']
[14, 0.3003537952899933, 0.30806416273117065, 0.9043999910354614, 0.9044000000000001, 0.9039509248044748, '00:49']
[15, 0.26095956563949585, 0.2992812991142273, 0.9081000089645386, 0.9080999999999999, 0.9077248422039602, '00:49']
[16, 0.23660315573215485, 0.3014938235282898, 0.9089000225067139, 0.9089, 0.9085368914146799, '00:50']
[17, 0.22564662992954254, 0.27336350083351135, 0.9182999730110168, 0.9183, 0.9180443712298398, '00:50']
[18, 0.19151851534843445, 0.2831808626651764, 0.9146999716758728, 0.9147000000000001, 0.9142657914294322, '00:50']
[19, 0.17955338954925537, 0.277531236410141, 0.9175000190734863, 0.9174999999999999, 0.9174717632710523, '00:50']
[20, 0.16324269771575928, 0.4840409755706787, 0.9212999939918518, 0.9213000000000001, 0.921007909827544, '00:49']
[21, 0.17203263938426971, 0.2524978220462799, 0.9239000082015991, 0.9238999999999999, 0.9237186965402694, '00:50']
[22, 0.15651392936706543, 0.26076629757881165, 0.9228000044822693, 0.9228, 0.9226487582297676, '00:50']
[23, 0.15550139546394348, 0.2848230302333832, 0.9228000044822693, 0.9228, 0.9225319521014864, '00:50']
[24, 0.12781023979187012, 0.241485133767128, 0.9271000027656555, 0.9271, 0.9268139039263555, '00:49']
[25, 0.1455751210451126, 0.2516855001449585, 0.9239000082015991, 0.9238999999999999, 0.9235985927662893, '00:49']
[26, 0.14116264879703522, 0.24818457663059235, 0.9236000180244446, 0.9236000000000001, 0.9233399856873025, '00:49']
[27, 0.1343519240617752, 0.2370373010635376, 0.9280999898910522, 0.9281, 0.9279182471039373, '00:49']
[28, 0.1296314001083374, 0.24941061437129974, 0.9253000020980835, 0.9253, 0.9249781088482759, '00:49']
[29, 0.1301281452178955, 0.24846038222312927, 0.9257000088691711, 0.9257000000000002, 0.9254432217986677, '00:49']

Tiempo de entrenamiento: 1514.90 segundos
/mnt/homeGPU/haoweihu/TFG/lib/python3.10/site-packages/fastai/learner.py:455: UserWarning: load_learner` uses Python's insecure pickle module, which can execute malicious arbitrary code when loading. Only load files you trust.
If you only need to load model weights and optimizer state, use the safe `Learner.load` instead.
  warn("load_learner` uses Python's insecure pickle module, which can execute malicious arbitrary code when loading. Only load files you trust.\nIf you only need to load model weights and optimizer state, use the safe `Learner.load` instead.")
Loss (valid): 0.2485
Accuracy (valid): 0.9257
Recall (valid): 0.9257
F1-Score (valid): 0.9254
/mnt/homeGPU/haoweihu/TFG/lib/python3.10/site-packages/torchvision/models/_utils.py:208: UserWarning: The parameter 'pretrained' is deprecated since 0.13 and may be removed in the future, please use 'weights' instead.
  warnings.warn(
/mnt/homeGPU/haoweihu/TFG/lib/python3.10/site-packages/torchvision/models/_utils.py:223: UserWarning: Arguments other than a weight enum or `None` for 'weights' are deprecated since 0.13 and may be removed in the future. The current behavior is equivalent to passing `weights=EfficientNet_V2_S_Weights.IMAGENET1K_V1`. You can also use `weights=EfficientNet_V2_S_Weights.DEFAULT` to get the most up-to-date weights.
  warnings.warn(msg)
Loss (test): 0.2456
Accuracy (test): 0.9263
Recall (test): 0.9263
F1-Score (test): 0.9261
---------------------------------------------------------------------------
Ejecutando: cifar_20pct_effnetv2s_fps
---------------------------------------------------------------------------
False
Número total de imágenes en entrenamiento: 8000
Número total de imágenes en validación: 10000
Clases: ['airplane', 'automobile', 'bird', 'cat', 'deer', 'dog', 'frog', 'horse', 'ship', 'truck']
weights = None
[0, 2.706052780151367, 2.1807138919830322, 0.49570000171661377, 0.4957, 0.4889810122301233, '01:09']
[1, 1.8245294094085693, 18.054950714111328, 0.6776999831199646, 0.6777, 0.6748911508765297, '01:09']
[2, 1.3460755348205566, 15.14841079711914, 0.7502999901771545, 0.7503000000000001, 0.7484141131643554, '01:09']
[3, 1.0517956018447876, 36.005435943603516, 0.7918000221252441, 0.7918000000000001, 0.7915110607122748, '01:10']
[4, 0.8701842427253723, 22.545902252197266, 0.8323000073432922, 0.8323, 0.8320260317076593, '01:11']
[5, 0.6954442858695984, 23.507801055908203, 0.8654000163078308, 0.8654, 0.8651580318401797, '01:10']
No improvement since epoch 0: early stopping

Tiempo de entrenamiento: 421.77 segundos
/mnt/homeGPU/haoweihu/TFG/lib/python3.10/site-packages/fastai/learner.py:455: UserWarning: load_learner` uses Python's insecure pickle module, which can execute malicious arbitrary code when loading. Only load files you trust.
If you only need to load model weights and optimizer state, use the safe `Learner.load` instead.
  warn("load_learner` uses Python's insecure pickle module, which can execute malicious arbitrary code when loading. Only load files you trust.\nIf you only need to load model weights and optimizer state, use the safe `Learner.load` instead.")
Loss (valid): 23.5078
Accuracy (valid): 0.8654
Recall (valid): 0.8654
F1-Score (valid): 0.8652
/mnt/homeGPU/haoweihu/TFG/lib/python3.10/site-packages/torchvision/models/_utils.py:208: UserWarning: The parameter 'pretrained' is deprecated since 0.13 and may be removed in the future, please use 'weights' instead.
  warnings.warn(
/mnt/homeGPU/haoweihu/TFG/lib/python3.10/site-packages/torchvision/models/_utils.py:223: UserWarning: Arguments other than a weight enum or `None` for 'weights' are deprecated since 0.13 and may be removed in the future. The current behavior is equivalent to passing `weights=EfficientNet_V2_S_Weights.IMAGENET1K_V1`. You can also use `weights=EfficientNet_V2_S_Weights.DEFAULT` to get the most up-to-date weights.
  warnings.warn(msg)
Loss (test): 2.4094
Accuracy (test): 0.8700
Recall (test): 0.8700
F1-Score (test): 0.8697
---------------------------------------------------------------------------
Ejecutando: cifar_30pct_effnetv2s_fps
---------------------------------------------------------------------------
False
Número total de imágenes en entrenamiento: 12000
Número total de imágenes en validación: 10000
Clases: ['airplane', 'automobile', 'bird', 'cat', 'deer', 'dog', 'frog', 'horse', 'ship', 'truck']
weights = None
[0, 2.2671542167663574, 1.6695431470870972, 0.5881999731063843, 0.5882, 0.5838649235337545, '01:28']
[1, 1.504014015197754, 0.8441425561904907, 0.7281000018119812, 0.7281, 0.7268576908846848, '01:29']
[2, 1.1252450942993164, 5.5868682861328125, 0.7918999791145325, 0.7919, 0.7901774166805395, '01:29']
[3, 0.8657596707344055, 13.521711349487305, 0.839900016784668, 0.8399000000000001, 0.8392280707191002, '01:29']
[4, 0.6400793790817261, 9.617262840270996, 0.8804000020027161, 0.8804000000000001, 0.8795911659824134, '01:29']
[5, 0.49449920654296875, 0.4467008411884308, 0.902899980545044, 0.9029, 0.9024871831049884, '01:30']
[6, 0.401326447725296, 0.2338077872991562, 0.9243999719619751, 0.9244, 0.924159623920079, '01:29']
[7, 0.32640108466148376, 0.19480854272842407, 0.9345999956130981, 0.9346, 0.9345501381482144, '01:29']
[8, 0.2815445363521576, 0.18687516450881958, 0.9391000270843506, 0.9390999999999998, 0.9388964160638151, '01:29']
[9, 0.23297305405139923, 0.16349992156028748, 0.945900022983551, 0.9459000000000002, 0.9458602465299334, '01:31']
[10, 0.21675607562065125, 0.1613912433385849, 0.9480000138282776, 0.9480000000000001, 0.9479382593358203, '01:31']
[11, 0.18289020657539368, 0.14216090738773346, 0.9528999924659729, 0.9529, 0.9528698170042414, '01:30']
[12, 0.15332886576652527, 0.6961188316345215, 0.9527000188827515, 0.9526999999999999, 0.9526806734000957, '01:30']
[13, 0.15555106103420258, 0.1408127397298813, 0.9549999833106995, 0.9550000000000001, 0.9548411114680245, '01:30']
[14, 0.11814311891794205, 0.13447117805480957, 0.9569000005722046, 0.9568999999999999, 0.9568476301432419, '01:30']
[15, 0.126433864235878, 0.12700214982032776, 0.958299994468689, 0.9583, 0.9582417786131646, '01:30']
[16, 0.10012731701135635, 0.1324935406446457, 0.9592999815940857, 0.9592999999999998, 0.9592600490359888, '01:29']
[17, 0.09791301190853119, 0.12298111617565155, 0.9617000222206116, 0.9617000000000001, 0.961631197053228, '01:29']
[18, 0.09342338889837265, 0.12797671556472778, 0.9603999853134155, 0.9604000000000001, 0.9603116416502566, '01:29']
[19, 0.08653797954320908, 0.12158021330833435, 0.9621000289916992, 0.9620999999999998, 0.9620495525961145, '01:29']
[20, 0.07430534064769745, 0.12543673813343048, 0.9610000252723694, 0.961, 0.9609306743874493, '01:29']
[21, 0.07620833069086075, 0.12645618617534637, 0.9598000049591064, 0.9598000000000001, 0.9597631112352408, '01:29']
[22, 0.06772243976593018, 0.12223797291517258, 0.9632999897003174, 0.9632999999999999, 0.9632450150692083, '01:30']
[23, 0.07523433119058609, 0.12423637509346008, 0.9621000289916992, 0.9621000000000001, 0.9620056225616429, '01:30']
[24, 0.060501016676425934, 0.12087254971265793, 0.9635999798774719, 0.9635999999999999, 0.9635707651706247, '01:30']
[25, 0.05892014876008034, 0.12176314741373062, 0.9623000025749207, 0.9622999999999999, 0.9622342969132861, '01:30']
[26, 0.059042226523160934, 0.12115579843521118, 0.9621000289916992, 0.9621000000000001, 0.9620422221012046, '01:30']
[27, 0.05385739356279373, 0.1185537576675415, 0.9634000062942505, 0.9634, 0.9633486148053245, '01:30']
[28, 0.05231007933616638, 0.12041918933391571, 0.9628999829292297, 0.9629, 0.9628682504440406, '01:29']
[29, 0.054749052971601486, 0.11955175548791885, 0.9641000032424927, 0.9641, 0.9640539312461407, '01:29']

Tiempo de entrenamiento: 2703.11 segundos
/mnt/homeGPU/haoweihu/TFG/lib/python3.10/site-packages/fastai/learner.py:455: UserWarning: load_learner` uses Python's insecure pickle module, which can execute malicious arbitrary code when loading. Only load files you trust.
If you only need to load model weights and optimizer state, use the safe `Learner.load` instead.
  warn("load_learner` uses Python's insecure pickle module, which can execute malicious arbitrary code when loading. Only load files you trust.\nIf you only need to load model weights and optimizer state, use the safe `Learner.load` instead.")
Loss (valid): 0.1196
Accuracy (valid): 0.9641
Recall (valid): 0.9641
F1-Score (valid): 0.9641
/mnt/homeGPU/haoweihu/TFG/lib/python3.10/site-packages/torchvision/models/_utils.py:208: UserWarning: The parameter 'pretrained' is deprecated since 0.13 and may be removed in the future, please use 'weights' instead.
  warnings.warn(
/mnt/homeGPU/haoweihu/TFG/lib/python3.10/site-packages/torchvision/models/_utils.py:223: UserWarning: Arguments other than a weight enum or `None` for 'weights' are deprecated since 0.13 and may be removed in the future. The current behavior is equivalent to passing `weights=EfficientNet_V2_S_Weights.IMAGENET1K_V1`. You can also use `weights=EfficientNet_V2_S_Weights.DEFAULT` to get the most up-to-date weights.
  warnings.warn(msg)
Loss (test): 0.1202
Accuracy (test): 0.9632
Recall (test): 0.9632
F1-Score (test): 0.9632
---------------------------------------------------------------------------
Ejecutando: cifar_40pct_effnetv2s_fps
---------------------------------------------------------------------------
False
Número total de imágenes en entrenamiento: 16000
Número total de imágenes en validación: 10000
Clases: ['airplane', 'automobile', 'bird', 'cat', 'deer', 'dog', 'frog', 'horse', 'ship', 'truck']
weights = None
[0, 1.9500069618225098, 9.010991096496582, 0.633899986743927, 0.6339, 0.6289338946335302, '01:49']
[1, 1.373155117034912, 1.036864995956421, 0.7491999864578247, 0.7492, 0.748121512904091, '01:50']
[2, 0.9697867631912231, 9.284058570861816, 0.8220999836921692, 0.8221, 0.8220134179224312, '01:50']
[3, 0.7003161311149597, 10.066743850708008, 0.8604999780654907, 0.8605, 0.8601666846080764, '01:52']
[4, 0.5723665952682495, 3.070847272872925, 0.8934000134468079, 0.8934, 0.8935044576826368, '01:52']
[5, 0.40746933221817017, 0.946206271648407, 0.9276000261306763, 0.9276, 0.9274079104108781, '01:51']
[6, 0.31063708662986755, 0.26367926597595215, 0.9318000078201294, 0.9318, 0.9317443694326177, '01:51']
[7, 0.2612076699733734, 0.18764616549015045, 0.9480000138282776, 0.9480000000000001, 0.9478779989537109, '01:51']
[8, 0.2258487492799759, 0.26793423295021057, 0.9484999775886536, 0.9484999999999999, 0.9486049714114783, '01:51']
[9, 0.2015339583158493, 0.8596373200416565, 0.9534000158309937, 0.9534, 0.9533522340048979, '01:50']
[10, 0.17815610766410828, 0.12200838327407837, 0.9591000080108643, 0.9591, 0.9590852265185793, '01:50']
[11, 0.14651057124137878, 0.12540383636951447, 0.9585000276565552, 0.9585000000000001, 0.9583770901210749, '01:50']
[12, 0.1311277151107788, 0.11889764666557312, 0.9602000117301941, 0.9602, 0.960181594209639, '01:51']
[13, 0.12535975873470306, 0.12170179188251495, 0.9616000056266785, 0.9616, 0.9614591560546664, '01:52']
[14, 0.114655040204525, 0.10902757197618484, 0.9648000001907349, 0.9648, 0.9648195938157265, '01:51']
[15, 0.0957576185464859, 0.11031991988420486, 0.9645000100135803, 0.9644999999999999, 0.9644942154375837, '01:51']
[16, 0.08813589066267014, 0.11062802374362946, 0.9657999873161316, 0.9658, 0.9657889957308683, '01:50']
[17, 0.0849139615893364, 0.11236273497343063, 0.9652000069618225, 0.9652, 0.9650881504383266, '01:50']
[18, 0.08516199141740799, 0.10319807380437851, 0.9678999781608582, 0.9679, 0.9679071720984112, '01:53']
[19, 0.07151668518781662, 0.10379765927791595, 0.9681000113487244, 0.9681000000000001, 0.9680938753928914, '01:55']
[20, 0.07233376801013947, 0.102193683385849, 0.9682999849319458, 0.9682999999999999, 0.9683001695190676, '01:50']
[21, 0.06248092278838158, 0.10030854493379593, 0.9690999984741211, 0.9691000000000001, 0.96910630310428, '01:49']
[22, 0.06660762429237366, 0.10149470716714859, 0.9671000242233276, 0.9671, 0.9670765685061621, '01:49']
[23, 0.05293291062116623, 0.09994611889123917, 0.9690999984741211, 0.9691000000000001, 0.969082083310622, '01:50']
[24, 0.05318215861916542, 0.09891722351312637, 0.9686999917030334, 0.9687000000000001, 0.9686930548089012, '01:50']
[25, 0.05537335202097893, 0.10043308138847351, 0.9700000286102295, 0.97, 0.9699490744480311, '01:50']
[26, 0.05320381373167038, 0.10078774392604828, 0.968500018119812, 0.9684999999999999, 0.9684639477685902, '01:50']
[27, 0.045495063066482544, 0.09701241552829742, 0.9696000218391418, 0.9696, 0.9695935151906774, '01:50']
[28, 0.0458751916885376, 0.09860565513372421, 0.9695000052452087, 0.9695, 0.9694738652080549, '01:50']
[29, 0.0529317669570446, 0.09843882918357849, 0.9696999788284302, 0.9696999999999999, 0.9696739277459013, '01:49']

Tiempo de entrenamiento: 3331.53 segundos
/mnt/homeGPU/haoweihu/TFG/lib/python3.10/site-packages/fastai/learner.py:455: UserWarning: load_learner` uses Python's insecure pickle module, which can execute malicious arbitrary code when loading. Only load files you trust.
If you only need to load model weights and optimizer state, use the safe `Learner.load` instead.
  warn("load_learner` uses Python's insecure pickle module, which can execute malicious arbitrary code when loading. Only load files you trust.\nIf you only need to load model weights and optimizer state, use the safe `Learner.load` instead.")
Loss (valid): 0.0984
Accuracy (valid): 0.9697
Recall (valid): 0.9697
F1-Score (valid): 0.9697
/mnt/homeGPU/haoweihu/TFG/lib/python3.10/site-packages/torchvision/models/_utils.py:208: UserWarning: The parameter 'pretrained' is deprecated since 0.13 and may be removed in the future, please use 'weights' instead.
  warnings.warn(
/mnt/homeGPU/haoweihu/TFG/lib/python3.10/site-packages/torchvision/models/_utils.py:223: UserWarning: Arguments other than a weight enum or `None` for 'weights' are deprecated since 0.13 and may be removed in the future. The current behavior is equivalent to passing `weights=EfficientNet_V2_S_Weights.IMAGENET1K_V1`. You can also use `weights=EfficientNet_V2_S_Weights.DEFAULT` to get the most up-to-date weights.
  warnings.warn(msg)
Loss (test): 0.1125
Accuracy (test): 0.9661
Recall (test): 0.9661
F1-Score (test): 0.9661
---------------------------------------------------------------------------
Ejecutando: cifar_50pct_effnetv2s_fps
---------------------------------------------------------------------------
False
Número total de imágenes en entrenamiento: 20000
Número total de imágenes en validación: 10000
Clases: ['airplane', 'automobile', 'bird', 'cat', 'deer', 'dog', 'frog', 'horse', 'ship', 'truck']
weights = None
[0, 1.7764133214950562, 3.792041778564453, 0.6539000272750854, 0.6538999999999999, 0.6495072677099744, '02:08']
[1, 1.2195627689361572, 3.71533465385437, 0.7675999999046326, 0.7676000000000001, 0.765881195544682, '02:09']
[2, 0.8987151980400085, 1.0324896574020386, 0.8309999704360962, 0.8310000000000001, 0.8290591808865864, '02:10']
[3, 0.6342729926109314, 0.5922194123268127, 0.8798999786376953, 0.8798999999999999, 0.8796261424508142, '02:10']
[4, 0.45561981201171875, 0.4326544404029846, 0.9157999753952026, 0.9158, 0.9155690217965011, '02:10']
[5, 0.31928330659866333, 3.85390043258667, 0.9326000213623047, 0.9326000000000001, 0.9324817396817016, '02:10']
[6, 0.26277485489845276, 0.16706986725330353, 0.9438999891281128, 0.9438999999999999, 0.9437066963900959, '02:09']
[7, 0.21855860948562622, 0.1443776786327362, 0.95169997215271, 0.9517, 0.9516209820392719, '02:09']
[8, 0.18695315718650818, 0.13489525020122528, 0.9556999802589417, 0.9557, 0.955662059147971, '02:09']
[9, 0.16966970264911652, 0.11614339798688889, 0.9613000154495239, 0.9612999999999999, 0.961319578057436, '02:09']
[10, 0.1443193256855011, 0.11419595032930374, 0.9616000056266785, 0.9616, 0.9615536539457252, '02:10']
[11, 0.12670442461967468, 0.11016520857810974, 0.9620000123977661, 0.962, 0.9619491501133405, '02:10']
[12, 0.12569841742515564, 0.10784827917814255, 0.9653000235557556, 0.9652999999999998, 0.9652347807434998, '02:11']
[13, 0.10156233608722687, 0.10516238957643509, 0.9639999866485596, 0.9640000000000001, 0.9638937628206218, '02:12']
[14, 0.09778141230344772, 0.10249728709459305, 0.9660000205039978, 0.966, 0.9659770515345436, '02:10']
[15, 0.09004484117031097, 0.10673978179693222, 0.9667999744415283, 0.9668000000000001, 0.9667818332794083, '02:10']
[16, 0.07938818633556366, 0.10044151544570923, 0.9674999713897705, 0.9675, 0.9674326782640861, '02:10']
[17, 0.07500828057527542, 0.09960611909627914, 0.9677000045776367, 0.9677000000000001, 0.9676738773747816, '02:10']
[18, 0.06941279023885727, 0.09758322685956955, 0.9710000157356262, 0.9709999999999999, 0.9709628000342757, '02:10']
[19, 0.06704465299844742, 0.09627511352300644, 0.97079998254776, 0.9708, 0.9707786199673851, '02:10']
[20, 0.06107378005981445, 0.09805802255868912, 0.9692999720573425, 0.9693000000000002, 0.9692627959436868, '02:10']
[21, 0.04792565479874611, 0.09552624821662903, 0.9717000126838684, 0.9717, 0.9716673539666238, '02:10']
[22, 0.05380462855100632, 0.09626724570989609, 0.970300018787384, 0.9702999999999999, 0.970263913169821, '02:10']
[23, 0.05371471121907234, 0.0953332781791687, 0.9721999764442444, 0.9722, 0.9721726938578188, '02:09']
[24, 0.05137738585472107, 0.09555166959762573, 0.972000002861023, 0.9720000000000001, 0.9719500494562174, '02:09']
[25, 0.05043310299515724, 0.09259144961833954, 0.9728000164031982, 0.9728, 0.9727958040759713, '02:09']
[26, 0.03717637434601784, 0.09534910321235657, 0.9714999794960022, 0.9715, 0.9714606729614677, '02:10']
[27, 0.04971238225698471, 0.09596285223960876, 0.9710999727249146, 0.9711000000000001, 0.9710789962934626, '02:10']
[28, 0.04629769176244736, 0.09953635931015015, 0.9702000021934509, 0.9702, 0.9701809612800056, '02:10']
[29, 0.04529386758804321, 0.09471417218446732, 0.9725000262260437, 0.9724999999999999, 0.9724647338160265, '02:09']

Tiempo de entrenamiento: 3908.98 segundos
/mnt/homeGPU/haoweihu/TFG/lib/python3.10/site-packages/fastai/learner.py:455: UserWarning: load_learner` uses Python's insecure pickle module, which can execute malicious arbitrary code when loading. Only load files you trust.
If you only need to load model weights and optimizer state, use the safe `Learner.load` instead.
  warn("load_learner` uses Python's insecure pickle module, which can execute malicious arbitrary code when loading. Only load files you trust.\nIf you only need to load model weights and optimizer state, use the safe `Learner.load` instead.")
Loss (valid): 0.0947
Accuracy (valid): 0.9725
Recall (valid): 0.9725
F1-Score (valid): 0.9725
/mnt/homeGPU/haoweihu/TFG/lib/python3.10/site-packages/torchvision/models/_utils.py:208: UserWarning: The parameter 'pretrained' is deprecated since 0.13 and may be removed in the future, please use 'weights' instead.
  warnings.warn(
/mnt/homeGPU/haoweihu/TFG/lib/python3.10/site-packages/torchvision/models/_utils.py:223: UserWarning: Arguments other than a weight enum or `None` for 'weights' are deprecated since 0.13 and may be removed in the future. The current behavior is equivalent to passing `weights=EfficientNet_V2_S_Weights.IMAGENET1K_V1`. You can also use `weights=EfficientNet_V2_S_Weights.DEFAULT` to get the most up-to-date weights.
  warnings.warn(msg)
Loss (test): 0.1040
Accuracy (test): 0.9701
Recall (test): 0.9701
F1-Score (test): 0.9700
---------------------------------------------------------------------------
Ejecutando: cifar_60pct_effnetv2s_fps
---------------------------------------------------------------------------
False
Número total de imágenes en entrenamiento: 24000
Número total de imágenes en validación: 10000
Clases: ['airplane', 'automobile', 'bird', 'cat', 'deer', 'dog', 'frog', 'horse', 'ship', 'truck']
weights = None
[0, 1.6928021907806396, 1.1309771537780762, 0.6779999732971191, 0.6779999999999999, 0.676333401882307, '02:27']
[1, 1.1315326690673828, 0.6581836342811584, 0.7879999876022339, 0.788, 0.7881555443314989, '02:28']
[2, 0.7848337888717651, 0.6795558929443359, 0.8504999876022339, 0.8504999999999999, 0.8496925814193022, '02:29']
[3, 0.5457024574279785, 0.31125420331954956, 0.8999000191688538, 0.8999, 0.899285580688408, '02:29']
[4, 0.41872426867485046, 0.23945224285125732, 0.9228000044822693, 0.9228000000000002, 0.9224468197152318, '02:30']
[5, 0.28673607110977173, 0.1749276965856552, 0.9413999915122986, 0.9414, 0.9410708447567723, '02:30']
[6, 0.24016088247299194, 0.1429525911808014, 0.953000009059906, 0.953, 0.9529673730611252, '02:30']
[7, 0.20143075287342072, 0.12020634859800339, 0.9606999754905701, 0.9606999999999999, 0.9606071857913033, '02:29']
[8, 0.17713186144828796, 0.11372238397598267, 0.9624000191688538, 0.9623999999999999, 0.9623346494341579, '02:30']
[9, 0.15670831501483917, 0.11819098889827728, 0.9617999792098999, 0.9618, 0.9616844862514651, '02:31']
[10, 0.12650103867053986, 0.10711877793073654, 0.9664000272750854, 0.9663999999999999, 0.9663027608852864, '02:34']
[11, 0.1218758374452591, 0.09725917875766754, 0.9672999978065491, 0.9673, 0.9672910839769446, '02:31']
[12, 0.11437810212373734, 0.10238280892372131, 0.9664000272750854, 0.9663999999999999, 0.9663290340121298, '02:30']
[13, 0.10081223398447037, 0.09529874473810196, 0.9700000286102295, 0.97, 0.9700010968446364, '02:30']
[14, 0.08741911500692368, 0.09404202550649643, 0.9692999720573425, 0.9693000000000002, 0.9692467901474563, '02:29']
[15, 0.07019360363483429, 0.09530045092105865, 0.9700000286102295, 0.97, 0.9699143731518289, '02:30']
[16, 0.07090198248624802, 0.09503722190856934, 0.9703999757766724, 0.9704, 0.9703512973650514, '02:30']
[17, 0.0742192491889, 0.08780498057603836, 0.972000002861023, 0.9719999999999999, 0.9720062436939372, '02:30']
[18, 0.06947728991508484, 0.08967572450637817, 0.9710999727249146, 0.9711000000000001, 0.9710813618970573, '02:30']
[19, 0.061176449060440063, 0.08882948011159897, 0.9729999899864197, 0.9729999999999999, 0.972960879203735, '02:30']
[20, 0.05820140987634659, 0.091285340487957, 0.9722999930381775, 0.9722999999999999, 0.972286263893235, '02:30']
[21, 0.0515427328646183, 0.09218849241733551, 0.9714000225067139, 0.9713999999999998, 0.9713655320886858, '02:29']
[22, 0.057715557515621185, 0.08955622464418411, 0.9726999998092651, 0.9727, 0.9726875364657953, '02:30']
No improvement since epoch 17: early stopping

Tiempo de entrenamiento: 3457.82 segundos
/mnt/homeGPU/haoweihu/TFG/lib/python3.10/site-packages/fastai/learner.py:455: UserWarning: load_learner` uses Python's insecure pickle module, which can execute malicious arbitrary code when loading. Only load files you trust.
If you only need to load model weights and optimizer state, use the safe `Learner.load` instead.
  warn("load_learner` uses Python's insecure pickle module, which can execute malicious arbitrary code when loading. Only load files you trust.\nIf you only need to load model weights and optimizer state, use the safe `Learner.load` instead.")
Loss (valid): 0.0896
Accuracy (valid): 0.9727
Recall (valid): 0.9727
F1-Score (valid): 0.9727
/mnt/homeGPU/haoweihu/TFG/lib/python3.10/site-packages/torchvision/models/_utils.py:208: UserWarning: The parameter 'pretrained' is deprecated since 0.13 and may be removed in the future, please use 'weights' instead.
  warnings.warn(
/mnt/homeGPU/haoweihu/TFG/lib/python3.10/site-packages/torchvision/models/_utils.py:223: UserWarning: Arguments other than a weight enum or `None` for 'weights' are deprecated since 0.13 and may be removed in the future. The current behavior is equivalent to passing `weights=EfficientNet_V2_S_Weights.IMAGENET1K_V1`. You can also use `weights=EfficientNet_V2_S_Weights.DEFAULT` to get the most up-to-date weights.
  warnings.warn(msg)
Loss (test): 0.0950
Accuracy (test): 0.9726
Recall (test): 0.9726
F1-Score (test): 0.9726
---------------------------------------------------------------------------
Ejecutando: cifar_70pct_effnetv2s_fps
---------------------------------------------------------------------------
False
Número total de imágenes en entrenamiento: 28000
Número total de imágenes en validación: 10000
Clases: ['airplane', 'automobile', 'bird', 'cat', 'deer', 'dog', 'frog', 'horse', 'ship', 'truck']
weights = None
[0, 1.5834228992462158, 22.53947639465332, 0.6966000199317932, 0.6966000000000001, 0.6935561578152473, '02:47']
[1, 1.0622084140777588, 1.550078272819519, 0.8026000261306763, 0.8026, 0.801154514054004, '02:50']
[2, 0.7159013748168945, 15.429097175598145, 0.8586999773979187, 0.8587, 0.8578966782738705, '02:50']
[3, 0.4887665808200836, 2.836866855621338, 0.9046000242233276, 0.9046000000000001, 0.9043090416902533, '02:51']
[4, 0.3439475893974304, 0.462140291929245, 0.9329000115394592, 0.9329000000000001, 0.9326577312144995, '02:50']
[5, 0.274778813123703, 0.15718108415603638, 0.9488999843597412, 0.9488999999999999, 0.9488267122627307, '02:50']
[6, 0.20212402939796448, 0.1260155439376831, 0.9595999717712402, 0.9596, 0.9595420850389719, '02:50']
[7, 0.18634535372257233, 0.11111260950565338, 0.9642000198364258, 0.9642, 0.9641333290251108, '02:50']
[8, 0.14125388860702515, 0.1068035140633583, 0.9664999842643738, 0.9664999999999999, 0.9663962287024456, '02:50']
[9, 0.1432911902666092, 0.10045822709798813, 0.968500018119812, 0.9684999999999999, 0.9683967085128529, '02:49']
[10, 0.13183271884918213, 0.09330368041992188, 0.970300018787384, 0.9702999999999999, 0.970235454608756, '02:50']
[11, 0.09702762216329575, 0.09205298125743866, 0.9700000286102295, 0.9700000000000001, 0.9699673665002582, '02:50']
[12, 0.09937634319067001, 0.09156414866447449, 0.9710999727249146, 0.9711000000000001, 0.971066207572514, '02:49']
[13, 0.0946393758058548, 0.09155268222093582, 0.9704999923706055, 0.9705, 0.9704674006342963, '02:49']
[14, 0.08795975893735886, 0.0882614478468895, 0.9718999862670898, 0.9719, 0.9718616105019574, '02:50']
[15, 0.07441981881856918, 0.08780746906995773, 0.9728000164031982, 0.9728, 0.9728022029024876, '02:50']
[16, 0.0733393132686615, 0.0888332948088646, 0.9718999862670898, 0.9719000000000001, 0.9718799053825802, '02:50']
[17, 0.07405544072389603, 0.08947470039129257, 0.9739000201225281, 0.9739000000000001, 0.9739022120264218, '02:49']
[18, 0.06674312055110931, 0.08820223063230515, 0.9736999869346619, 0.9737, 0.9736987175332384, '02:49']
[19, 0.05387798696756363, 0.0852670669555664, 0.9751999974250793, 0.9752000000000001, 0.9751676704335104, '02:53']
[20, 0.048849791288375854, 0.08497483283281326, 0.9743000268936157, 0.9742999999999998, 0.9742808380386542, '02:51']
[21, 0.05316672474145889, 0.08547921478748322, 0.9750000238418579, 0.975, 0.9749890570158264, '02:51']
[22, 0.0492849126458168, 0.08370374888181686, 0.9749000072479248, 0.9749000000000001, 0.9748903548239636, '02:50']
[23, 0.04967193305492401, 0.08443374931812286, 0.9750999808311462, 0.9751, 0.9750633955658146, '02:51']
[24, 0.047162529081106186, 0.08326242864131927, 0.9754999876022339, 0.9754999999999999, 0.9754750121155544, '02:50']
[25, 0.036810047924518585, 0.08527161926031113, 0.9746000170707703, 0.9746, 0.9745858434886309, '02:50']
[26, 0.04655906930565834, 0.0816156268119812, 0.9754999876022339, 0.9754999999999999, 0.9754878810165195, '02:52']
[27, 0.03900108113884926, 0.08196081221103668, 0.9750999808311462, 0.9751000000000001, 0.9750716126880381, '02:51']
[28, 0.04431316629052162, 0.0809657946228981, 0.9754999876022339, 0.9754999999999999, 0.9754732835519719, '02:50']
[29, 0.0396684892475605, 0.08182834833860397, 0.9745000004768372, 0.9744999999999999, 0.9744983678934179, '02:50']

Tiempo de entrenamiento: 5116.35 segundos
/mnt/homeGPU/haoweihu/TFG/lib/python3.10/site-packages/fastai/learner.py:455: UserWarning: load_learner` uses Python's insecure pickle module, which can execute malicious arbitrary code when loading. Only load files you trust.
If you only need to load model weights and optimizer state, use the safe `Learner.load` instead.
  warn("load_learner` uses Python's insecure pickle module, which can execute malicious arbitrary code when loading. Only load files you trust.\nIf you only need to load model weights and optimizer state, use the safe `Learner.load` instead.")
Loss (valid): 0.0818
Accuracy (valid): 0.9745
Recall (valid): 0.9745
F1-Score (valid): 0.9745
/mnt/homeGPU/haoweihu/TFG/lib/python3.10/site-packages/torchvision/models/_utils.py:208: UserWarning: The parameter 'pretrained' is deprecated since 0.13 and may be removed in the future, please use 'weights' instead.
  warnings.warn(
/mnt/homeGPU/haoweihu/TFG/lib/python3.10/site-packages/torchvision/models/_utils.py:223: UserWarning: Arguments other than a weight enum or `None` for 'weights' are deprecated since 0.13 and may be removed in the future. The current behavior is equivalent to passing `weights=EfficientNet_V2_S_Weights.IMAGENET1K_V1`. You can also use `weights=EfficientNet_V2_S_Weights.DEFAULT` to get the most up-to-date weights.
  warnings.warn(msg)
Loss (test): 0.0936
Accuracy (test): 0.9730
Recall (test): 0.9730
F1-Score (test): 0.9730
---------------------------------------------------------------------------
Ejecutando: cifar_80pct_effnetv2s_fps
---------------------------------------------------------------------------
False
Número total de imágenes en entrenamiento: 32000
Número total de imágenes en validación: 10000
Clases: ['airplane', 'automobile', 'bird', 'cat', 'deer', 'dog', 'frog', 'horse', 'ship', 'truck']
weights = None
[0, 1.5197770595550537, 8.065049171447754, 0.7107999920845032, 0.7108, 0.708350593201654, '03:08']
[1, 1.0234415531158447, 23.04628562927246, 0.800000011920929, 0.8, 0.7986635028244525, '03:10']
[2, 0.7238372564315796, 53.739776611328125, 0.8672999739646912, 0.8672999999999998, 0.8669774006906567, '03:10']
[3, 0.44688695669174194, 13.010405540466309, 0.9143999814987183, 0.9144, 0.9138253229621405, '03:11']
[4, 0.3299318552017212, 0.9610624313354492, 0.9355999827384949, 0.9356, 0.9351661386852965, '03:12']
[5, 0.24295975267887115, 0.14590337872505188, 0.9524000287055969, 0.9523999999999999, 0.9522778058331737, '03:11']
[6, 0.1893703043460846, 0.12453709542751312, 0.9599999785423279, 0.96, 0.9599558622335245, '03:11']
[7, 0.17414110898971558, 0.11520519107580185, 0.9631999731063843, 0.9632, 0.9630674231519114, '03:11']
[8, 0.16055981814861298, 0.10760894417762756, 0.9646000266075134, 0.9646000000000001, 0.9644832322561555, '03:10']
[9, 0.12437018007040024, 0.09883689880371094, 0.9682999849319458, 0.9682999999999998, 0.96823509789675, '03:11']
[10, 0.1194649487733841, 0.29857027530670166, 0.965399980545044, 0.9654, 0.9653194509293461, '03:11']
[11, 0.10578015446662903, 2.3751065731048584, 0.9674999713897705, 0.9675, 0.9673848562681858, '03:11']
[12, 0.09370926022529602, 0.09608600288629532, 0.9700000286102295, 0.9700000000000001, 0.9699778802117051, '03:10']
[13, 0.08969885110855103, 0.09371847659349442, 0.9708999991416931, 0.9709, 0.9708621963353856, '03:10']
[14, 0.08136789500713348, 0.09035804122686386, 0.9718000292778015, 0.9718, 0.9717622147993217, '03:09']
[15, 0.07283730804920197, 0.09448862820863724, 0.9714999794960022, 0.9715, 0.9714284856551695, '03:10']
[16, 0.06571639329195023, 0.0878753513097763, 0.9736999869346619, 0.9737, 0.9736636970071013, '03:10']
[17, 0.06647804379463196, 0.08723863214254379, 0.9733999967575073, 0.9734, 0.9733546810315021, '03:10']
[18, 0.053318969905376434, 0.08977699279785156, 0.9739000201225281, 0.9738999999999999, 0.9738438827180793, '03:10']
[19, 0.06390965729951859, 0.08476390689611435, 0.9747999906539917, 0.9747999999999999, 0.9747735704016248, '03:09']
[20, 0.04934441298246384, 0.08712660521268845, 0.9750999808311462, 0.9750999999999997, 0.975059925518333, '03:10']
[21, 0.05658847093582153, 0.08485539257526398, 0.9758999943733215, 0.9759, 0.975887882850541, '03:18']
[22, 0.0500580295920372, 0.08656550943851471, 0.9753000140190125, 0.9753000000000001, 0.9752702921911445, '03:09']
[23, 0.04299354925751686, 0.08605211228132248, 0.9750000238418579, 0.975, 0.9749774662596218, '03:09']
[24, 0.04502054303884506, 0.08523759990930557, 0.9757999777793884, 0.9757999999999999, 0.9757730156123063, '03:10']
No improvement since epoch 19: early stopping

Tiempo de entrenamiento: 4772.20 segundos
/mnt/homeGPU/haoweihu/TFG/lib/python3.10/site-packages/fastai/learner.py:455: UserWarning: load_learner` uses Python's insecure pickle module, which can execute malicious arbitrary code when loading. Only load files you trust.
If you only need to load model weights and optimizer state, use the safe `Learner.load` instead.
  warn("load_learner` uses Python's insecure pickle module, which can execute malicious arbitrary code when loading. Only load files you trust.\nIf you only need to load model weights and optimizer state, use the safe `Learner.load` instead.")
Loss (valid): 0.0852
Accuracy (valid): 0.9758
Recall (valid): 0.9758
F1-Score (valid): 0.9758
/mnt/homeGPU/haoweihu/TFG/lib/python3.10/site-packages/torchvision/models/_utils.py:208: UserWarning: The parameter 'pretrained' is deprecated since 0.13 and may be removed in the future, please use 'weights' instead.
  warnings.warn(
/mnt/homeGPU/haoweihu/TFG/lib/python3.10/site-packages/torchvision/models/_utils.py:223: UserWarning: Arguments other than a weight enum or `None` for 'weights' are deprecated since 0.13 and may be removed in the future. The current behavior is equivalent to passing `weights=EfficientNet_V2_S_Weights.IMAGENET1K_V1`. You can also use `weights=EfficientNet_V2_S_Weights.DEFAULT` to get the most up-to-date weights.
  warnings.warn(msg)
Loss (test): 0.0857
Accuracy (test): 0.9762
Recall (test): 0.9762
F1-Score (test): 0.9761
---------------------------------------------------------------------------
Ejecutando: cifar_90pct_effnetv2s_fps
---------------------------------------------------------------------------
False
Número total de imágenes en entrenamiento: 36000
Número total de imágenes en validación: 10000
Clases: ['airplane', 'automobile', 'bird', 'cat', 'deer', 'dog', 'frog', 'horse', 'ship', 'truck']
weights = None
[0, 1.509821891784668, 24.929771423339844, 0.7228000164031982, 0.7228, 0.7214013986110401, '03:38']
[1, 0.9749035835266113, 21.626867294311523, 0.8126999735832214, 0.8127000000000001, 0.8118316856767617, '03:28']
[2, 0.6220005750656128, 5.2375407218933105, 0.8701000213623047, 0.8701000000000001, 0.8696790221912888, '03:28']
[3, 0.40910565853118896, 0.2523120641708374, 0.919700026512146, 0.9197, 0.9197302015345091, '03:28']
[4, 0.2862975001335144, 0.17682133615016937, 0.9384999871253967, 0.9385000000000001, 0.9383727200890053, '03:28']
[5, 0.22422346472740173, 2.214902639389038, 0.9519000053405762, 0.9518999999999999, 0.9518531493776431, '03:29']
[6, 0.18144600093364716, 0.5019289255142212, 0.9610000252723694, 0.9610000000000001, 0.9609472954636573, '03:28']
[7, 0.1513509452342987, 0.1032060906291008, 0.9649999737739563, 0.9649999999999999, 0.9649666223433322, '03:28']
[8, 0.15191100537776947, 0.09613014757633209, 0.9660000205039978, 0.966, 0.9660086726918898, '03:28']
[9, 0.12979301810264587, 0.0937526673078537, 0.9685999751091003, 0.9685999999999998, 0.9685860718161836, '03:25']
[10, 0.11299481242895126, 0.08999677002429962, 0.9692000150680542, 0.9692000000000001, 0.9691666418306377, '03:25']
[11, 0.10418812185525894, 0.0848383754491806, 0.9717000126838684, 0.9716999999999999, 0.9717303031743405, '03:25']
[12, 0.0921776071190834, 0.0835702121257782, 0.9732000231742859, 0.9732, 0.9731982517410339, '03:25']
[13, 0.09079472720623016, 0.08235584944486618, 0.9724000096321106, 0.9724, 0.9724029103807116, '03:25']
[14, 0.08365591615438461, 0.08140252530574799, 0.973800003528595, 0.9738000000000001, 0.9737281055371358, '03:25']
[15, 0.07777795940637589, 0.07561008632183075, 0.9758999943733215, 0.9759, 0.9758848503580879, '03:25']
[16, 0.07197311520576477, 0.07934263348579407, 0.9742000102996826, 0.9742, 0.9741860093097753, '03:25']
[17, 0.0674622505903244, 0.07900366187095642, 0.9745000004768372, 0.9744999999999999, 0.9744638760750066, '03:25']
[18, 0.06628891080617905, 0.07877256721258163, 0.9753999710083008, 0.9753999999999999, 0.9753706501177761, '03:25']
[19, 0.05845984071493149, 0.08064582198858261, 0.9753000140190125, 0.9753000000000001, 0.9752776247890941, '03:25']
[20, 0.05167834833264351, 0.0786525085568428, 0.9761000275611877, 0.9761, 0.9760720286402158, '03:25']
No improvement since epoch 15: early stopping

Tiempo de entrenamiento: 4353.34 segundos
/mnt/homeGPU/haoweihu/TFG/lib/python3.10/site-packages/fastai/learner.py:455: UserWarning: load_learner` uses Python's insecure pickle module, which can execute malicious arbitrary code when loading. Only load files you trust.
If you only need to load model weights and optimizer state, use the safe `Learner.load` instead.
  warn("load_learner` uses Python's insecure pickle module, which can execute malicious arbitrary code when loading. Only load files you trust.\nIf you only need to load model weights and optimizer state, use the safe `Learner.load` instead.")
Loss (valid): 0.0787
Accuracy (valid): 0.9761
Recall (valid): 0.9761
F1-Score (valid): 0.9761
Loss (test): 0.0847
Accuracy (test): 0.9743
Recall (test): 0.9743
F1-Score (test): 0.9742
mail: cannot send message: Process exited with a non-zero status
