/mnt/homeGPU/haoweihu/TFG/lib/python3.10/site-packages/torchvision/models/_utils.py:208: UserWarning: The parameter 'pretrained' is deprecated since 0.13 and may be removed in the future, please use 'weights' instead.
  warnings.warn(
/mnt/homeGPU/haoweihu/TFG/lib/python3.10/site-packages/torchvision/models/_utils.py:223: UserWarning: Arguments other than a weight enum or `None` for 'weights' are deprecated since 0.13 and may be removed in the future. The current behavior is equivalent to passing `weights=EfficientNet_V2_S_Weights.IMAGENET1K_V1`. You can also use `weights=EfficientNet_V2_S_Weights.DEFAULT` to get the most up-to-date weights.
  warnings.warn(msg)
---------------------------------------------------------------------------
Ejecutando: fmnist_10pct_effnetv2s_fps_quant
---------------------------------------------------------------------------
False
Número total de imágenes en entrenamiento: 4800
Número total de imágenes en validación: 12000
Clases: ['Ankle boot', 'Bag', 'Coat', 'Dress', 'Pullover', 'Sandal', 'Shirt', 'Sneaker', 'T-shirt', 'Trouser']
weights = None
[0, 3.263315200805664, 1.956976056098938, 0.32100000977516174, 0.32100000000000006, 0.2887490580047426, '01:04']
[1, 2.6253504753112793, 1.4142308235168457, 0.5019999742507935, 0.502, 0.4771671317728887, '00:58']
[2, 2.173748254776001, 1.1641336679458618, 0.5797500014305115, 0.57975, 0.5720102237784743, '00:59']
[3, 1.8856903314590454, 1.0003316402435303, 0.6425833106040955, 0.6425833333333333, 0.628218464470989, '00:59']
[4, 1.7191873788833618, 1.0368248224258423, 0.6316666603088379, 0.6316666666666667, 0.6155553392993476, '00:59']
[5, 1.5376116037368774, 0.9184183478355408, 0.6601666808128357, 0.6601666666666667, 0.6537438854747085, '01:00']
[6, 1.393040418624878, 0.8075724244117737, 0.6894999742507935, 0.6895, 0.6839376674155125, '01:01']
[7, 1.2233103513717651, 0.7494834065437317, 0.7119166851043701, 0.7119166666666668, 0.710416674026171, '01:01']
[8, 1.1165096759796143, 0.700827419757843, 0.734666645526886, 0.7346666666666666, 0.7274614049992328, '01:02']
[9, 1.031106948852539, 0.7078185081481934, 0.7201666831970215, 0.7201666666666666, 0.7074087937639523, '01:00']
[10, 0.958382248878479, 0.6091161966323853, 0.7695000171661377, 0.7695000000000001, 0.7666205541968275, '00:59']
[11, 0.9124740958213806, 0.6399757266044617, 0.749916672706604, 0.7499166666666667, 0.738299503311902, '00:59']
[12, 0.8864604830741882, 0.5670146346092224, 0.7856666445732117, 0.7856666666666667, 0.7859526243407469, '00:59']
[13, 0.8409186005592346, 0.5518801808357239, 0.7910000085830688, 0.791, 0.7862507120497563, '00:58']
[14, 0.8101736307144165, 0.5499064922332764, 0.7867500185966492, 0.7867500000000001, 0.7792042635883604, '00:59']
[15, 0.7576889395713806, 0.5379019975662231, 0.7950000166893005, 0.795, 0.7897628509746484, '00:59']
[16, 0.745119035243988, 0.5157919526100159, 0.8074166774749756, 0.8074166666666667, 0.8044665002636672, '00:59']
[17, 0.7233353853225708, 0.521897554397583, 0.800083339214325, 0.8000833333333333, 0.7982946306859042, '00:59']
[18, 0.6951572299003601, 0.519405722618103, 0.796916663646698, 0.7969166666666666, 0.7982471002742112, '00:59']
[19, 0.6770088076591492, 0.5091127157211304, 0.8031666874885559, 0.8031666666666666, 0.8028659090651606, '00:59']
[20, 0.6590741276741028, 0.4840518832206726, 0.8184166550636292, 0.8184166666666666, 0.8152329451486461, '00:59']
[21, 0.6644145846366882, 0.4864811301231384, 0.8151666522026062, 0.8151666666666667, 0.814402668922901, '00:59']
[22, 0.6419244408607483, 0.4854767322540283, 0.8177499771118164, 0.81775, 0.8157888116710232, '00:59']
[23, 0.5884968638420105, 0.4832552373409271, 0.8165000081062317, 0.8164999999999999, 0.8158924472236272, '00:59']
[24, 0.596206545829773, 0.47893115878105164, 0.8184166550636292, 0.8184166666666666, 0.817703239261515, '00:59']
[25, 0.5905189514160156, 0.4822235405445099, 0.8159999847412109, 0.8160000000000001, 0.8156935215961966, '00:59']
[26, 0.5898531079292297, 0.47583189606666565, 0.8186666369438171, 0.8186666666666668, 0.8176061770328495, '01:00']
[27, 0.5855345726013184, 0.47877800464630127, 0.8177499771118164, 0.81775, 0.8163626299685414, '00:59']
[28, 0.5960304141044617, 0.479326993227005, 0.8176666498184204, 0.8176666666666668, 0.816624632085731, '00:59']
[29, 0.5884270668029785, 0.4756321609020233, 0.8193333148956299, 0.8193333333333334, 0.8187105992920181, '00:59']

Tiempo de entrenamiento: 1800.06 segundos
/mnt/homeGPU/haoweihu/TFG/lib/python3.10/site-packages/fastai/learner.py:455: UserWarning: load_learner` uses Python's insecure pickle module, which can execute malicious arbitrary code when loading. Only load files you trust.
If you only need to load model weights and optimizer state, use the safe `Learner.load` instead.
  warn("load_learner` uses Python's insecure pickle module, which can execute malicious arbitrary code when loading. Only load files you trust.\nIf you only need to load model weights and optimizer state, use the safe `Learner.load` instead.")
Loss (valid): 0.4756
Accuracy (valid): 0.8193
Recall (valid): 0.8193
F1-Score (valid): 0.8187
/mnt/homeGPU/haoweihu/TFG/lib/python3.10/site-packages/torchvision/models/_utils.py:208: UserWarning: The parameter 'pretrained' is deprecated since 0.13 and may be removed in the future, please use 'weights' instead.
  warnings.warn(
/mnt/homeGPU/haoweihu/TFG/lib/python3.10/site-packages/torchvision/models/_utils.py:223: UserWarning: Arguments other than a weight enum or `None` for 'weights' are deprecated since 0.13 and may be removed in the future. The current behavior is equivalent to passing `weights=EfficientNet_V2_S_Weights.IMAGENET1K_V1`. You can also use `weights=EfficientNet_V2_S_Weights.DEFAULT` to get the most up-to-date weights.
  warnings.warn(msg)
Loss (test): 2.5045
Accuracy (test): 0.6432
Recall (test): 0.6434
F1-Score (test): 0.6410
---------------------------------------------------------------------------
Ejecutando: fmnist_20pct_effnetv2s_fps_quant
---------------------------------------------------------------------------
False
Número total de imágenes en entrenamiento: 9600
Número total de imágenes en validación: 12000
Clases: ['Ankle boot', 'Bag', 'Coat', 'Dress', 'Pullover', 'Sandal', 'Shirt', 'Sneaker', 'T-shirt', 'Trouser']
weights = None
[0, 2.782937526702881, 1.5157464742660522, 0.4662500023841858, 0.46624999999999994, 0.4422688524789378, '01:29']
[1, 2.0898914337158203, 1.1229829788208008, 0.6025833487510681, 0.6025833333333334, 0.587991766986119, '01:22']
[2, 1.7393113374710083, 0.9429305791854858, 0.6597499847412109, 0.65975, 0.6556224549222562, '01:22']
[3, 1.5032615661621094, 0.9511275887489319, 0.6367499828338623, 0.6367499999999999, 0.6330395121695223, '01:22']
[4, 1.2641063928604126, 0.7628839612007141, 0.7004166841506958, 0.7004166666666667, 0.6987046908040548, '01:23']
[5, 1.1134021282196045, 0.6807630062103271, 0.7354166507720947, 0.7354166666666668, 0.7360538326103248, '01:22']
[6, 0.9483624696731567, 0.6279495358467102, 0.7607499957084656, 0.76075, 0.7597775008007167, '01:22']
[7, 0.8827475309371948, 0.5658734440803528, 0.7838333249092102, 0.7838333333333334, 0.7774570590401378, '01:22']
[8, 0.8329606056213379, 0.5606845021247864, 0.7752500176429749, 0.77525, 0.7671781940074619, '01:22']
[9, 0.7635620832443237, 0.4998287856578827, 0.8074166774749756, 0.8074166666666667, 0.8065249609676831, '01:22']
[10, 0.7041555643081665, 0.47376948595046997, 0.8160833120346069, 0.8160833333333333, 0.812879074487919, '01:22']
[11, 0.6679837107658386, 0.47208744287490845, 0.8134999871253967, 0.8135, 0.8057337602902791, '01:22']
[12, 0.6420936584472656, 0.4344039261341095, 0.8360833525657654, 0.8360833333333334, 0.8298968540301341, '01:22']
[13, 0.6180253028869629, 0.43158814311027527, 0.8329166769981384, 0.8329166666666667, 0.8325048443181743, '01:22']
[14, 0.5954774022102356, 0.44720393419265747, 0.8271666765213013, 0.8271666666666666, 0.8264879791131972, '01:22']
[15, 0.5687257051467896, 0.43213728070259094, 0.8268333077430725, 0.8268333333333333, 0.8237220180037058, '01:22']
[16, 0.5567857027053833, 0.3883931040763855, 0.8524166941642761, 0.8524166666666666, 0.8497823662401804, '01:22']
[17, 0.5432106256484985, 0.3907375633716583, 0.8477500081062317, 0.8477499999999999, 0.8475450281599578, '01:24']
[18, 0.5312237739562988, 0.372549444437027, 0.856416642665863, 0.8564166666666667, 0.8545903836745913, '01:22']
[19, 0.5018087029457092, 0.3748985230922699, 0.8525000214576721, 0.8525, 0.8516168016840429, '01:22']
[20, 0.48431748151779175, 0.3733551800251007, 0.8532500267028809, 0.8532500000000001, 0.8528919256036793, '01:22']
[21, 0.488544762134552, 0.36825427412986755, 0.8569166660308838, 0.8569166666666665, 0.8558672515060497, '01:22']
[22, 0.4765831530094147, 0.3602572977542877, 0.859000027179718, 0.859, 0.858048997600046, '01:22']
[23, 0.46409448981285095, 0.36229267716407776, 0.8578333258628845, 0.8578333333333333, 0.8567879539252274, '01:22']
[24, 0.4520145356655121, 0.3586061894893646, 0.8585833311080933, 0.8585833333333334, 0.8579256399022357, '01:22']
[25, 0.4522109627723694, 0.36029765009880066, 0.859000027179718, 0.859, 0.8586109696210459, '01:22']
[26, 0.4459252953529358, 0.3577258586883545, 0.8612499833106995, 0.8612500000000001, 0.8604924662938034, '01:21']
[27, 0.44275763630867004, 0.3568694591522217, 0.8614166378974915, 0.8614166666666666, 0.8605305331417352, '01:21']
[28, 0.4356209635734558, 0.35695284605026245, 0.8603333234786987, 0.8603333333333334, 0.8600800990687649, '01:21']
[29, 0.4318443536758423, 0.3572917580604553, 0.859666645526886, 0.8596666666666668, 0.8591836357524251, '01:21']

Tiempo de entrenamiento: 2484.33 segundos
/mnt/homeGPU/haoweihu/TFG/lib/python3.10/site-packages/fastai/learner.py:455: UserWarning: load_learner` uses Python's insecure pickle module, which can execute malicious arbitrary code when loading. Only load files you trust.
If you only need to load model weights and optimizer state, use the safe `Learner.load` instead.
  warn("load_learner` uses Python's insecure pickle module, which can execute malicious arbitrary code when loading. Only load files you trust.\nIf you only need to load model weights and optimizer state, use the safe `Learner.load` instead.")
Loss (valid): 0.3573
Accuracy (valid): 0.8597
Recall (valid): 0.8597
F1-Score (valid): 0.8592
/mnt/homeGPU/haoweihu/TFG/lib/python3.10/site-packages/torchvision/models/_utils.py:208: UserWarning: The parameter 'pretrained' is deprecated since 0.13 and may be removed in the future, please use 'weights' instead.
  warnings.warn(
/mnt/homeGPU/haoweihu/TFG/lib/python3.10/site-packages/torchvision/models/_utils.py:223: UserWarning: Arguments other than a weight enum or `None` for 'weights' are deprecated since 0.13 and may be removed in the future. The current behavior is equivalent to passing `weights=EfficientNet_V2_S_Weights.IMAGENET1K_V1`. You can also use `weights=EfficientNet_V2_S_Weights.DEFAULT` to get the most up-to-date weights.
  warnings.warn(msg)
Loss (test): 2.6921
Accuracy (test): 0.6770
Recall (test): 0.6769
F1-Score (test): 0.6769
---------------------------------------------------------------------------
Ejecutando: fmnist_30pct_effnetv2s_fps_quant
---------------------------------------------------------------------------
False
Número total de imágenes en entrenamiento: 14400
Número total de imágenes en validación: 12000
Clases: ['Ankle boot', 'Bag', 'Coat', 'Dress', 'Pullover', 'Sandal', 'Shirt', 'Sneaker', 'T-shirt', 'Trouser']
weights = None
[0, 2.3493151664733887, 1.3514995574951172, 0.5089166760444641, 0.5089166666666667, 0.4946454136194271, '01:55']
[1, 1.774528980255127, 1.0081673860549927, 0.6262500286102295, 0.62625, 0.6233799189158077, '01:44']
[2, 1.4632998704910278, 0.8791881799697876, 0.6620000004768372, 0.6620000000000001, 0.6568799303844, '01:43']
[3, 1.2268154621124268, 0.7298944592475891, 0.7270833253860474, 0.7270833333333333, 0.7214065271073754, '01:41']
[4, 1.025034785270691, 0.664635181427002, 0.7404999732971191, 0.7405, 0.7339980837372709, '01:39']
[5, 0.8779987692832947, 0.5876983404159546, 0.7715833187103271, 0.7715833333333333, 0.7654850431256832, '01:40']
[6, 0.7687901258468628, 0.5138298273086548, 0.8025833368301392, 0.8025833333333333, 0.80163853294886, '01:39']
[7, 0.7140792608261108, 0.49178093671798706, 0.8068333268165588, 0.8068333333333333, 0.8031021037452943, '01:40']
[8, 0.6539440751075745, 0.46338939666748047, 0.8192499876022339, 0.81925, 0.8174128060190518, '01:40']
[9, 0.5960440635681152, 0.4567749500274658, 0.8220000267028809, 0.8220000000000001, 0.8192927578689861, '01:42']
[10, 0.5697960257530212, 0.4032551646232605, 0.8480833172798157, 0.8480833333333333, 0.8473368237692636, '01:51']
[11, 0.5409094095230103, 0.3908347487449646, 0.8524166941642761, 0.8524166666666666, 0.8508996569967859, '01:48']
[12, 0.5244941115379333, 0.37360644340515137, 0.8598333597183228, 0.8598333333333332, 0.8593150481254204, '01:39']
[13, 0.5262938737869263, 0.3653716742992401, 0.8629999756813049, 0.8630000000000001, 0.8613831595184618, '01:39']
[14, 0.501811146736145, 0.37028250098228455, 0.8575833439826965, 0.8575833333333334, 0.8561219318963833, '01:39']
[15, 0.46757519245147705, 0.36325252056121826, 0.8681666851043701, 0.8681666666666666, 0.8673760469641303, '01:39']
[16, 0.4565712809562683, 0.3603026568889618, 0.8660833239555359, 0.8660833333333334, 0.8657487154056248, '01:40']
[17, 0.4438558518886566, 0.3504454791545868, 0.8705833554267883, 0.8705833333333333, 0.870159530252484, '01:39']
[18, 0.43200743198394775, 0.3479531705379486, 0.8706666827201843, 0.8706666666666665, 0.8704778962345406, '01:42']
[19, 0.42537572979927063, 0.3515583872795105, 0.8686666488647461, 0.8686666666666666, 0.8682478091602489, '01:40']
[20, 0.41070863604545593, 0.34592053294181824, 0.8694166541099548, 0.8694166666666666, 0.8698946469402824, '01:40']
[21, 0.39741942286491394, 0.34782400727272034, 0.8690833449363708, 0.8690833333333334, 0.8690153444138573, '01:45']
[22, 0.3937871754169464, 0.34009024500846863, 0.8705000281333923, 0.8705, 0.8705360322663749, '01:41']
[23, 0.39550015330314636, 0.3386474549770355, 0.8743333220481873, 0.8743333333333334, 0.8737042092955545, '01:39']
[24, 0.36750155687332153, 0.33968862891197205, 0.8744166493415833, 0.8744166666666666, 0.8737346878532273, '01:39']
[25, 0.3750859797000885, 0.33748555183410645, 0.8759999871253967, 0.876, 0.8752051730459606, '01:39']
[26, 0.38181158900260925, 0.3356049060821533, 0.875166654586792, 0.8751666666666666, 0.874731385549574, '01:40']
[27, 0.37809115648269653, 0.3367343842983246, 0.8756666779518127, 0.8756666666666668, 0.8749831940883356, '01:39']
[28, 0.3705665171146393, 0.3369203805923462, 0.8731666803359985, 0.8731666666666668, 0.8729939124646492, '01:39']
[29, 0.3792586922645569, 0.336838960647583, 0.8755833506584167, 0.8755833333333334, 0.8751649031531192, '01:39']

Tiempo de entrenamiento: 3055.52 segundos
/mnt/homeGPU/haoweihu/TFG/lib/python3.10/site-packages/fastai/learner.py:455: UserWarning: load_learner` uses Python's insecure pickle module, which can execute malicious arbitrary code when loading. Only load files you trust.
If you only need to load model weights and optimizer state, use the safe `Learner.load` instead.
  warn("load_learner` uses Python's insecure pickle module, which can execute malicious arbitrary code when loading. Only load files you trust.\nIf you only need to load model weights and optimizer state, use the safe `Learner.load` instead.")
Loss (valid): 0.3368
Accuracy (valid): 0.8756
Recall (valid): 0.8756
F1-Score (valid): 0.8752
/mnt/homeGPU/haoweihu/TFG/lib/python3.10/site-packages/torchvision/models/_utils.py:208: UserWarning: The parameter 'pretrained' is deprecated since 0.13 and may be removed in the future, please use 'weights' instead.
  warnings.warn(
/mnt/homeGPU/haoweihu/TFG/lib/python3.10/site-packages/torchvision/models/_utils.py:223: UserWarning: Arguments other than a weight enum or `None` for 'weights' are deprecated since 0.13 and may be removed in the future. The current behavior is equivalent to passing `weights=EfficientNet_V2_S_Weights.IMAGENET1K_V1`. You can also use `weights=EfficientNet_V2_S_Weights.DEFAULT` to get the most up-to-date weights.
  warnings.warn(msg)
Loss (test): 2.9799
Accuracy (test): 0.6942
Recall (test): 0.6942
F1-Score (test): 0.6928
---------------------------------------------------------------------------
Ejecutando: fmnist_40pct_effnetv2s_fps_quant
---------------------------------------------------------------------------
False
Número total de imágenes en entrenamiento: 19200
Número total de imágenes en validación: 12000
Clases: ['Ankle boot', 'Bag', 'Coat', 'Dress', 'Pullover', 'Sandal', 'Shirt', 'Sneaker', 'T-shirt', 'Trouser']
weights = None
[0, 2.162646770477295, 1.250666618347168, 0.5444166660308838, 0.5444166666666667, 0.5284688699757014, '02:15']
[1, 1.6303699016571045, 0.9500212669372559, 0.6457499861717224, 0.64575, 0.6371049540788657, '02:02']
[2, 1.318403720855713, 0.7713391184806824, 0.7115833163261414, 0.7115833333333333, 0.7097614526087591, '02:02']
[3, 1.0374890565872192, 0.6604406833648682, 0.7481666803359985, 0.7481666666666666, 0.748862446517171, '02:02']
[4, 0.8927285671234131, 0.5633936524391174, 0.7851666808128357, 0.7851666666666667, 0.7826625515090813, '02:02']
[5, 0.7715165615081787, 0.5426667928695679, 0.78125, 0.7812500000000001, 0.7735465322816404, '02:02']
[6, 0.6826193332672119, 0.46143826842308044, 0.8174999952316284, 0.8175000000000001, 0.8126385330193944, '02:02']
[7, 0.6418921947479248, 0.4524390399456024, 0.8204166889190674, 0.8204166666666666, 0.8179057225958732, '02:02']
[8, 0.5649015307426453, 0.41023457050323486, 0.8386666774749756, 0.8386666666666667, 0.8366709250501139, '02:02']
[9, 0.5351359248161316, 0.3896266222000122, 0.8475833535194397, 0.8475833333333334, 0.8428397074714636, '02:03']
[10, 0.5235287547111511, 0.36399465799331665, 0.859083354473114, 0.8590833333333334, 0.8590921396091774, '02:02']
[11, 0.4923025667667389, 0.3450683057308197, 0.8690833449363708, 0.8690833333333334, 0.869126505196185, '02:03']
[12, 0.48597216606140137, 0.3456403911113739, 0.8688333630561829, 0.8688333333333335, 0.8673836747638116, '02:04']
[13, 0.4681164026260376, 0.3342386782169342, 0.8760833144187927, 0.8760833333333332, 0.875252325051431, '02:02']
[14, 0.4415695369243622, 0.33066633343696594, 0.8739166855812073, 0.8739166666666666, 0.8732721447964046, '02:01']
[15, 0.4283267855644226, 0.32140040397644043, 0.8798333406448364, 0.8798333333333334, 0.8794086593138235, '02:01']
[16, 0.4302147328853607, 0.3266902565956116, 0.8772500157356262, 0.8772500000000001, 0.8752071913462591, '02:08']
[17, 0.4097105860710144, 0.32074347138404846, 0.8764166831970215, 0.8764166666666668, 0.8761647717980582, '02:11']
[18, 0.3860463500022888, 0.31390857696533203, 0.8809999823570251, 0.881, 0.881194624532999, '02:09']
[19, 0.3740144371986389, 0.3081578314304352, 0.8831666707992554, 0.8831666666666667, 0.8829354070965266, '02:09']
[20, 0.3627111613750458, 0.3074576258659363, 0.8855833411216736, 0.8855833333333333, 0.8846773844031715, '02:07']
[21, 0.3714618980884552, 0.3072676658630371, 0.8824999928474426, 0.8825, 0.8820687141948413, '02:07']
[22, 0.3536338210105896, 0.306862473487854, 0.8823333382606506, 0.8823333333333332, 0.8823463158429086, '02:07']
[23, 0.375566303730011, 0.3046211302280426, 0.8833333253860474, 0.8833333333333334, 0.8835284152296052, '02:08']
[24, 0.35721272230148315, 0.3004123270511627, 0.8857499957084656, 0.88575, 0.8855589151161419, '02:07']
[25, 0.3353443145751953, 0.29995274543762207, 0.8858333230018616, 0.8858333333333333, 0.8854557176549843, '02:07']
[26, 0.3361668288707733, 0.29998937249183655, 0.8867499828338623, 0.8867499999999999, 0.886442270636055, '02:06']
[27, 0.3493782877922058, 0.3007587492465973, 0.8862500190734863, 0.8862499999999999, 0.8861363992348801, '02:06']
[28, 0.34825804829597473, 0.300593763589859, 0.8854166865348816, 0.8854166666666666, 0.8852837022455906, '02:07']
[29, 0.32891008257865906, 0.30080610513687134, 0.8853333592414856, 0.8853333333333333, 0.885123184491156, '02:06']

Tiempo de entrenamiento: 3763.97 segundos
/mnt/homeGPU/haoweihu/TFG/lib/python3.10/site-packages/fastai/learner.py:455: UserWarning: load_learner` uses Python's insecure pickle module, which can execute malicious arbitrary code when loading. Only load files you trust.
If you only need to load model weights and optimizer state, use the safe `Learner.load` instead.
  warn("load_learner` uses Python's insecure pickle module, which can execute malicious arbitrary code when loading. Only load files you trust.\nIf you only need to load model weights and optimizer state, use the safe `Learner.load` instead.")
Loss (valid): 0.3008
Accuracy (valid): 0.8853
Recall (valid): 0.8853
F1-Score (valid): 0.8851
/mnt/homeGPU/haoweihu/TFG/lib/python3.10/site-packages/torchvision/models/_utils.py:208: UserWarning: The parameter 'pretrained' is deprecated since 0.13 and may be removed in the future, please use 'weights' instead.
  warnings.warn(
/mnt/homeGPU/haoweihu/TFG/lib/python3.10/site-packages/torchvision/models/_utils.py:223: UserWarning: Arguments other than a weight enum or `None` for 'weights' are deprecated since 0.13 and may be removed in the future. The current behavior is equivalent to passing `weights=EfficientNet_V2_S_Weights.IMAGENET1K_V1`. You can also use `weights=EfficientNet_V2_S_Weights.DEFAULT` to get the most up-to-date weights.
  warnings.warn(msg)
Loss (test): 2.9410
Accuracy (test): 0.6968
Recall (test): 0.6969
F1-Score (test): 0.6945
---------------------------------------------------------------------------
Ejecutando: fmnist_50pct_effnetv2s_fps_quant
---------------------------------------------------------------------------
False
Número total de imágenes en entrenamiento: 24000
Número total de imágenes en validación: 12000
Clases: ['Ankle boot', 'Bag', 'Coat', 'Dress', 'Pullover', 'Sandal', 'Shirt', 'Sneaker', 'T-shirt', 'Trouser']
weights = None
[0, 1.9712727069854736, 1.1461372375488281, 0.5922499895095825, 0.5922499999999999, 0.5773000923419083, '02:49']
[1, 1.487205982208252, 0.9181219339370728, 0.6612499952316284, 0.66125, 0.6543759782814346, '02:29']
[2, 1.188673973083496, 0.7343302965164185, 0.7271666526794434, 0.7271666666666666, 0.7265060224813521, '02:28']
[3, 0.91428542137146, 0.6737267374992371, 0.7520833611488342, 0.7520833333333333, 0.7530923621604003, '02:29']
[4, 0.7799665927886963, 0.5376506447792053, 0.79666668176651, 0.7966666666666666, 0.7963188180572404, '02:31']
[5, 0.6728930473327637, 0.4657668173313141, 0.8211666941642761, 0.8211666666666666, 0.819421798481223, '02:32']
[6, 0.597227931022644, 0.43137645721435547, 0.8374999761581421, 0.8375, 0.8364669910761059, '02:30']
[7, 0.5436806678771973, 0.3873118758201599, 0.8551666736602783, 0.8551666666666667, 0.8543971153644762, '02:30']
[8, 0.5197422504425049, 0.3911774158477783, 0.8510000109672546, 0.851, 0.848522212826244, '02:29']
[9, 0.47600167989730835, 0.3489161729812622, 0.8723333477973938, 0.8723333333333333, 0.8718379869683156, '02:28']
[10, 0.4740239977836609, 0.3401748239994049, 0.8705833554267883, 0.8705833333333335, 0.8703368525921121, '02:27']
[11, 0.4300198554992676, 0.3327442705631256, 0.8759166598320007, 0.8759166666666666, 0.8748246222776304, '02:28']
[12, 0.433827668428421, 0.3273946940898895, 0.8775833249092102, 0.8775833333333333, 0.8773464714647536, '02:31']
[13, 0.4150691330432892, 0.3242395520210266, 0.8799999952316284, 0.8799999999999999, 0.8798937706251184, '02:29']
[14, 0.39986759424209595, 0.3154242932796478, 0.8829166889190674, 0.8829166666666666, 0.8830031109903531, '02:29']
[15, 0.4015883505344391, 0.3084511458873749, 0.8826666474342346, 0.8826666666666668, 0.8823216469494068, '02:29']
[16, 0.3691202998161316, 0.3046043813228607, 0.8851666450500488, 0.8851666666666667, 0.8846144836896368, '02:29']
[17, 0.38029059767723083, 0.30335700511932373, 0.8862500190734863, 0.8862500000000001, 0.8857576846957285, '02:29']
[18, 0.3633928596973419, 0.30139830708503723, 0.8865000009536743, 0.8865000000000001, 0.885897811706337, '02:29']
[19, 0.342328280210495, 0.3032417595386505, 0.8862500190734863, 0.8862499999999999, 0.8848971364263101, '02:34']
[20, 0.3490027189254761, 0.2956085801124573, 0.8889999985694885, 0.8889999999999999, 0.8885915227059916, '02:31']
[21, 0.35412755608558655, 0.29629525542259216, 0.8883333206176758, 0.8883333333333333, 0.8883561536640606, '02:31']
[22, 0.33279263973236084, 0.29238951206207275, 0.890500009059906, 0.8905, 0.8898426248683917, '02:32']
[23, 0.3325479030609131, 0.2909274399280548, 0.8914999961853027, 0.8915, 0.8912154604161067, '02:30']
[24, 0.3315689265727997, 0.2886320948600769, 0.8930833339691162, 0.8930833333333332, 0.892531597101411, '02:29']
[25, 0.32824432849884033, 0.2874612510204315, 0.8929166793823242, 0.8929166666666666, 0.8923961349308354, '02:29']
[26, 0.30889469385147095, 0.2876409590244293, 0.8929166793823242, 0.8929166666666666, 0.8926345927998245, '02:28']
[27, 0.31848976016044617, 0.28825175762176514, 0.8930000066757202, 0.893, 0.8926703985329535, '02:29']
[28, 0.32049453258514404, 0.2871567904949188, 0.8927500247955322, 0.8927499999999998, 0.892395218741445, '02:29']
[29, 0.32473406195640564, 0.2904053330421448, 0.8931666612625122, 0.8931666666666667, 0.8928833684525926, '02:30']

Tiempo de entrenamiento: 4519.48 segundos
/mnt/homeGPU/haoweihu/TFG/lib/python3.10/site-packages/fastai/learner.py:455: UserWarning: load_learner` uses Python's insecure pickle module, which can execute malicious arbitrary code when loading. Only load files you trust.
If you only need to load model weights and optimizer state, use the safe `Learner.load` instead.
  warn("load_learner` uses Python's insecure pickle module, which can execute malicious arbitrary code when loading. Only load files you trust.\nIf you only need to load model weights and optimizer state, use the safe `Learner.load` instead.")
Loss (valid): 0.2904
Accuracy (valid): 0.8932
Recall (valid): 0.8932
F1-Score (valid): 0.8929
/mnt/homeGPU/haoweihu/TFG/lib/python3.10/site-packages/torchvision/models/_utils.py:208: UserWarning: The parameter 'pretrained' is deprecated since 0.13 and may be removed in the future, please use 'weights' instead.
  warnings.warn(
/mnt/homeGPU/haoweihu/TFG/lib/python3.10/site-packages/torchvision/models/_utils.py:223: UserWarning: Arguments other than a weight enum or `None` for 'weights' are deprecated since 0.13 and may be removed in the future. The current behavior is equivalent to passing `weights=EfficientNet_V2_S_Weights.IMAGENET1K_V1`. You can also use `weights=EfficientNet_V2_S_Weights.DEFAULT` to get the most up-to-date weights.
  warnings.warn(msg)
Loss (test): 3.0758
Accuracy (test): 0.7010
Recall (test): 0.7012
F1-Score (test): 0.7028
---------------------------------------------------------------------------
Ejecutando: fmnist_60pct_effnetv2s_fps_quant
---------------------------------------------------------------------------
False
Número total de imágenes en entrenamiento: 28800
Número total de imágenes en validación: 12000
Clases: ['Ankle boot', 'Bag', 'Coat', 'Dress', 'Pullover', 'Sandal', 'Shirt', 'Sneaker', 'T-shirt', 'Trouser']
weights = None
[0, 1.782186508178711, 1.0489305257797241, 0.6224166750907898, 0.6224166666666667, 0.6122566968915371, '03:25']
[1, 1.3214260339736938, 0.8574661612510681, 0.687833309173584, 0.6878333333333333, 0.68021560302909, '02:52']
[2, 1.049253225326538, 0.7221091389656067, 0.721833348274231, 0.7218333333333333, 0.7124763915892672, '02:54']
[3, 0.831936776638031, 0.5673747062683105, 0.7825000286102295, 0.7825, 0.7815519344190719, '02:54']
[4, 0.7081621289253235, 0.5088075995445251, 0.8023333549499512, 0.8023333333333333, 0.7992608322822339, '02:56']
[5, 0.5920996069908142, 0.4294883906841278, 0.8345000147819519, 0.8345, 0.8321874524746603, '02:53']
[6, 0.5471932291984558, 0.40321269631385803, 0.8441666960716248, 0.8441666666666666, 0.8425681635435257, '02:53']
[7, 0.4860271215438843, 0.36297547817230225, 0.8628333210945129, 0.8628333333333333, 0.8622106285731211, '02:53']
[8, 0.49452367424964905, 0.34341639280319214, 0.8679166436195374, 0.8679166666666667, 0.8679039389663987, '02:53']
[9, 0.45060059428215027, 0.3249901235103607, 0.8757500052452087, 0.87575, 0.8748540167981215, '02:53']
[10, 0.45479628443717957, 0.3141505718231201, 0.8786666393280029, 0.8786666666666667, 0.8761887119096288, '02:53']
[11, 0.42538729310035706, 0.3052661120891571, 0.8815833330154419, 0.8815833333333334, 0.8798218062416421, '02:54']
[12, 0.39895099401474, 0.3095092475414276, 0.8813333511352539, 0.8813333333333333, 0.8810133458404679, '02:52']
[13, 0.38529112935066223, 0.29739975929260254, 0.8879166841506958, 0.8879166666666668, 0.8878890377665793, '02:57']
[14, 0.3658332824707031, 0.2866224944591522, 0.8895833492279053, 0.8895833333333334, 0.8896863164290467, '02:53']
[15, 0.37341803312301636, 0.28646281361579895, 0.887583315372467, 0.8875833333333333, 0.8874413189346091, '02:51']
[16, 0.36174947023391724, 0.28284361958503723, 0.890333354473114, 0.8903333333333332, 0.8900073164091319, '02:50']
[17, 0.35924237966537476, 0.28208014369010925, 0.890999972820282, 0.891, 0.8912155234936954, '02:51']
[18, 0.3280268907546997, 0.2816333770751953, 0.8932499885559082, 0.8932500000000001, 0.8920122180594021, '02:52']
[19, 0.32731741666793823, 0.2750241756439209, 0.8934166431427002, 0.8934166666666666, 0.8937745327487852, '02:51']
[20, 0.3368363380432129, 0.2729402482509613, 0.8945000171661377, 0.8945000000000001, 0.8944100828076129, '02:52']
[21, 0.3228151798248291, 0.27183136343955994, 0.8964999914169312, 0.8965, 0.8960230250660945, '02:51']
[22, 0.3316764831542969, 0.2716410458087921, 0.8955000042915344, 0.8955, 0.895311906042888, '02:51']
[23, 0.30593252182006836, 0.26958420872688293, 0.8959166407585144, 0.8959166666666667, 0.8958090295105545, '02:50']
[24, 0.3101622462272644, 0.2711622416973114, 0.8960000276565552, 0.8960000000000001, 0.8953765072014533, '02:56']
[25, 0.30435165762901306, 0.26851093769073486, 0.8975833058357239, 0.8975833333333332, 0.8971820162386412, '02:53']
[26, 0.2972012758255005, 0.2683083713054657, 0.8956666588783264, 0.8956666666666667, 0.8956045897132532, '02:52']
[27, 0.2994973957538605, 0.26791173219680786, 0.8962500095367432, 0.89625, 0.8960681975083341, '02:52']
[28, 0.3005634546279907, 0.2666696310043335, 0.8965833187103271, 0.8965833333333333, 0.896291075393228, '02:52']
[29, 0.2974042296409607, 0.2675471901893616, 0.8981666564941406, 0.8981666666666668, 0.8977874618952913, '02:53']

Tiempo de entrenamiento: 5228.09 segundos
/mnt/homeGPU/haoweihu/TFG/lib/python3.10/site-packages/fastai/learner.py:455: UserWarning: load_learner` uses Python's insecure pickle module, which can execute malicious arbitrary code when loading. Only load files you trust.
If you only need to load model weights and optimizer state, use the safe `Learner.load` instead.
  warn("load_learner` uses Python's insecure pickle module, which can execute malicious arbitrary code when loading. Only load files you trust.\nIf you only need to load model weights and optimizer state, use the safe `Learner.load` instead.")
Loss (valid): 0.2675
Accuracy (valid): 0.8982
Recall (valid): 0.8982
F1-Score (valid): 0.8978
/mnt/homeGPU/haoweihu/TFG/lib/python3.10/site-packages/torchvision/models/_utils.py:208: UserWarning: The parameter 'pretrained' is deprecated since 0.13 and may be removed in the future, please use 'weights' instead.
  warnings.warn(
/mnt/homeGPU/haoweihu/TFG/lib/python3.10/site-packages/torchvision/models/_utils.py:223: UserWarning: Arguments other than a weight enum or `None` for 'weights' are deprecated since 0.13 and may be removed in the future. The current behavior is equivalent to passing `weights=EfficientNet_V2_S_Weights.IMAGENET1K_V1`. You can also use `weights=EfficientNet_V2_S_Weights.DEFAULT` to get the most up-to-date weights.
  warnings.warn(msg)
Loss (test): 3.1159
Accuracy (test): 0.7066
Recall (test): 0.7069
F1-Score (test): 0.7079
---------------------------------------------------------------------------
Ejecutando: fmnist_70pct_effnetv2s_fps_quant
---------------------------------------------------------------------------
False
Número total de imágenes en entrenamiento: 33600
Número total de imágenes en validación: 12000
Clases: ['Ankle boot', 'Bag', 'Coat', 'Dress', 'Pullover', 'Sandal', 'Shirt', 'Sneaker', 'T-shirt', 'Trouser']
weights = None
[0, 1.6993205547332764, 1.0131027698516846, 0.6305000185966492, 0.6305000000000001, 0.6317428783981882, '03:37']
[1, 1.2832036018371582, 0.8276911377906799, 0.700166642665863, 0.7001666666666667, 0.6968794982608351, '03:14']
[2, 0.9590351581573486, 0.6754186153411865, 0.7463333606719971, 0.7463333333333334, 0.7482390397248448, '03:15']
[3, 0.748219907283783, 0.5711219310760498, 0.781166672706604, 0.7811666666666667, 0.7777237600517954, '03:15']
[4, 0.6205554008483887, 0.5132630467414856, 0.8019166588783264, 0.8019166666666667, 0.7978255532769458, '03:15']
[5, 0.5503877997398376, 0.437842458486557, 0.8323333263397217, 0.8323333333333334, 0.8314986983104756, '03:14']
[6, 0.5107336044311523, 0.3950454890727997, 0.8488333225250244, 0.8488333333333333, 0.8485113461285444, '03:15']
[7, 0.46574345231056213, 0.3952272832393646, 0.8475833535194397, 0.8475833333333334, 0.8473795736081116, '03:13']
[8, 0.429244726896286, 0.3559286594390869, 0.8634166717529297, 0.8634166666666665, 0.8627955189864499, '03:12']
[9, 0.42130640149116516, 0.3345029652118683, 0.8709999918937683, 0.8709999999999999, 0.871725340047294, '03:12']
[10, 0.3952139914035797, 0.33136439323425293, 0.8740000128746033, 0.874, 0.8742286805541071, '03:12']
[11, 0.3747478723526001, 0.32075953483581543, 0.8789166808128357, 0.8789166666666668, 0.8786137432557688, '03:12']
[12, 0.3804931938648224, 0.3135278522968292, 0.8830000162124634, 0.8829999999999998, 0.8826372068905848, '03:12']
[13, 0.36622288823127747, 0.315324991941452, 0.8809166550636292, 0.8809166666666666, 0.8807783556447444, '03:12']
[14, 0.3495366871356964, 0.3080863356590271, 0.8845833539962769, 0.8845833333333333, 0.8844926818983435, '03:12']
[15, 0.35709741711616516, 0.3004518747329712, 0.8870000243186951, 0.8869999999999999, 0.886860118472932, '03:13']
[16, 0.3291603922843933, 0.2977692782878876, 0.8848333358764648, 0.8848333333333332, 0.8846956983619327, '03:20']
[17, 0.33600935339927673, 0.2965308129787445, 0.8880833387374878, 0.8880833333333333, 0.8877496859281997, '03:14']
[18, 0.3242262303829193, 0.2935764789581299, 0.8887500166893005, 0.8887499999999999, 0.8890141834936569, '03:15']
[19, 0.31685617566108704, 0.2872253656387329, 0.8920000195503235, 0.892, 0.8914963510267585, '03:14']
[20, 0.3199652135372162, 0.2848319411277771, 0.8923333287239075, 0.8923333333333334, 0.8923831751770817, '03:13']
[21, 0.2934807538986206, 0.2868283689022064, 0.8932499885559082, 0.8932499999999999, 0.8933656842403691, '03:12']
[22, 0.29813486337661743, 0.28133732080459595, 0.8943333625793457, 0.8943333333333333, 0.893949256707614, '03:13']
[23, 0.28566160798072815, 0.28304606676101685, 0.893916666507721, 0.8939166666666667, 0.8930723713781072, '03:13']
[24, 0.28045734763145447, 0.27955326437950134, 0.8940833210945129, 0.8940833333333333, 0.8939030946456963, '03:12']
[25, 0.2878125309944153, 0.2800987660884857, 0.8934999704360962, 0.8935000000000001, 0.8933254604579606, '03:12']
[26, 0.2975689768791199, 0.2790836691856384, 0.893750011920929, 0.89375, 0.8934090946284033, '03:12']
[27, 0.286070853471756, 0.28186434507369995, 0.8934166431427002, 0.8934166666666666, 0.8932551784718106, '03:12']
[28, 0.2718527615070343, 0.28103429079055786, 0.8928333520889282, 0.8928333333333333, 0.8928818506684658, '03:13']
[29, 0.2849178910255432, 0.279685378074646, 0.8934166431427002, 0.8934166666666666, 0.8932811972440524, '03:21']

Tiempo de entrenamiento: 5843.73 segundos
/mnt/homeGPU/haoweihu/TFG/lib/python3.10/site-packages/fastai/learner.py:455: UserWarning: load_learner` uses Python's insecure pickle module, which can execute malicious arbitrary code when loading. Only load files you trust.
If you only need to load model weights and optimizer state, use the safe `Learner.load` instead.
  warn("load_learner` uses Python's insecure pickle module, which can execute malicious arbitrary code when loading. Only load files you trust.\nIf you only need to load model weights and optimizer state, use the safe `Learner.load` instead.")
Loss (valid): 0.2797
Accuracy (valid): 0.8934
Recall (valid): 0.8934
F1-Score (valid): 0.8933
/mnt/homeGPU/haoweihu/TFG/lib/python3.10/site-packages/torchvision/models/_utils.py:208: UserWarning: The parameter 'pretrained' is deprecated since 0.13 and may be removed in the future, please use 'weights' instead.
  warnings.warn(
/mnt/homeGPU/haoweihu/TFG/lib/python3.10/site-packages/torchvision/models/_utils.py:223: UserWarning: Arguments other than a weight enum or `None` for 'weights' are deprecated since 0.13 and may be removed in the future. The current behavior is equivalent to passing `weights=EfficientNet_V2_S_Weights.IMAGENET1K_V1`. You can also use `weights=EfficientNet_V2_S_Weights.DEFAULT` to get the most up-to-date weights.
  warnings.warn(msg)
Loss (test): 3.3466
Accuracy (test): 0.7096
Recall (test): 0.7098
F1-Score (test): 0.7106
---------------------------------------------------------------------------
Ejecutando: fmnist_80pct_effnetv2s_fps_quant
---------------------------------------------------------------------------
False
Número total de imágenes en entrenamiento: 38400
Número total de imágenes en validación: 12000
Clases: ['Ankle boot', 'Bag', 'Coat', 'Dress', 'Pullover', 'Sandal', 'Shirt', 'Sneaker', 'T-shirt', 'Trouser']
weights = None
[0, 1.5673201084136963, 0.9773991703987122, 0.6462500095367432, 0.64625, 0.6395286403960583, '04:08']
[1, 1.1730730533599854, 0.7613460421562195, 0.7212499976158142, 0.7212500000000001, 0.7201921756406795, '03:37']
[2, 0.9110345244407654, 0.6094810366630554, 0.7732499837875366, 0.7732499999999999, 0.7737833494094002, '03:37']
[3, 0.7051854133605957, 0.5122318267822266, 0.8057500123977661, 0.8057500000000001, 0.8056305194173798, '03:37']
[4, 0.5906328558921814, 0.44806981086730957, 0.8296666741371155, 0.8296666666666667, 0.8271455918132388, '03:37']
[5, 0.529030442237854, 0.39026087522506714, 0.8545833230018616, 0.8545833333333333, 0.8527104528839814, '03:37']
[6, 0.49183040857315063, 0.3734195828437805, 0.8546666502952576, 0.8546666666666667, 0.8555758925710373, '03:37']
[7, 0.445152223110199, 0.3497998118400574, 0.8672500252723694, 0.8672500000000001, 0.8664743330870561, '03:37']
[8, 0.4279539883136749, 0.33667171001434326, 0.871999979019165, 0.8720000000000001, 0.8703760228698796, '03:37']
[9, 0.4005335867404938, 0.30838629603385925, 0.8837500214576721, 0.88375, 0.8826638439555033, '03:38']
[10, 0.37962818145751953, 0.3085903227329254, 0.8795833587646484, 0.8795833333333333, 0.8803315112386404, '03:37']
[11, 0.37475329637527466, 0.2982645034790039, 0.8881666660308838, 0.8881666666666665, 0.8879268856895631, '03:38']
[12, 0.375408411026001, 0.289083331823349, 0.890250027179718, 0.89025, 0.8897057269094677, '03:37']
[13, 0.326987624168396, 0.29587700963020325, 0.8891666531562805, 0.8891666666666665, 0.8873067905735968, '03:37']
[14, 0.337583988904953, 0.2861747443675995, 0.8897500038146973, 0.8897499999999999, 0.8885619904282638, '03:38']
[15, 0.33453184366226196, 0.2854444980621338, 0.8934999704360962, 0.8935000000000001, 0.8931429116657654, '03:35']
[16, 0.33304306864738464, 0.2852856516838074, 0.8917499780654907, 0.89175, 0.8914032039629427, '03:35']
[17, 0.30809059739112854, 0.27588361501693726, 0.8930833339691162, 0.8930833333333332, 0.8932636538574272, '03:35']
[18, 0.3083498477935791, 0.2675114870071411, 0.8988333344459534, 0.8988333333333334, 0.8988146086363777, '03:35']
[19, 0.30375412106513977, 0.2695861756801605, 0.8980000019073486, 0.898, 0.8976206969400652, '03:36']
[20, 0.2865133583545685, 0.2670822739601135, 0.9005833268165588, 0.9005833333333333, 0.9003255202548477, '03:35']
[21, 0.29342278838157654, 0.26537638902664185, 0.8995000123977661, 0.8995000000000001, 0.8994416399959816, '03:35']
[22, 0.28938958048820496, 0.2670322060585022, 0.8982499837875366, 0.89825, 0.8979070680917236, '03:36']
[23, 0.28824853897094727, 0.26282867789268494, 0.8998333215713501, 0.8998333333333333, 0.8998376204317381, '03:45']
[24, 0.2766146957874298, 0.2641807794570923, 0.8994166851043701, 0.8994166666666666, 0.8990871558537427, '03:38']
[25, 0.2785967290401459, 0.2641943097114563, 0.9003333449363708, 0.9003333333333334, 0.8998783592960844, '03:37']
[26, 0.2727496325969696, 0.26357316970825195, 0.8982499837875366, 0.89825, 0.8980225769046243, '03:38']
[27, 0.27247822284698486, 0.26541364192962646, 0.8989999890327454, 0.899, 0.8985406979664077, '03:37']
[28, 0.27299025654792786, 0.2630382180213928, 0.8998333215713501, 0.8998333333333333, 0.8997143584481858, '03:38']
No improvement since epoch 23: early stopping

Tiempo de entrenamiento: 6337.89 segundos
/mnt/homeGPU/haoweihu/TFG/lib/python3.10/site-packages/fastai/learner.py:455: UserWarning: load_learner` uses Python's insecure pickle module, which can execute malicious arbitrary code when loading. Only load files you trust.
If you only need to load model weights and optimizer state, use the safe `Learner.load` instead.
  warn("load_learner` uses Python's insecure pickle module, which can execute malicious arbitrary code when loading. Only load files you trust.\nIf you only need to load model weights and optimizer state, use the safe `Learner.load` instead.")
Loss (valid): 0.2630
Accuracy (valid): 0.8998
Recall (valid): 0.8998
F1-Score (valid): 0.8997
/mnt/homeGPU/haoweihu/TFG/lib/python3.10/site-packages/torchvision/models/_utils.py:208: UserWarning: The parameter 'pretrained' is deprecated since 0.13 and may be removed in the future, please use 'weights' instead.
  warnings.warn(
/mnt/homeGPU/haoweihu/TFG/lib/python3.10/site-packages/torchvision/models/_utils.py:223: UserWarning: Arguments other than a weight enum or `None` for 'weights' are deprecated since 0.13 and may be removed in the future. The current behavior is equivalent to passing `weights=EfficientNet_V2_S_Weights.IMAGENET1K_V1`. You can also use `weights=EfficientNet_V2_S_Weights.DEFAULT` to get the most up-to-date weights.
  warnings.warn(msg)
Loss (test): 3.2841
Accuracy (test): 0.7099
Recall (test): 0.7098
F1-Score (test): 0.7094
---------------------------------------------------------------------------
Ejecutando: fmnist_90pct_effnetv2s_fps_quant
---------------------------------------------------------------------------
False
Número total de imágenes en entrenamiento: 43200
Número total de imágenes en validación: 12000
Clases: ['Ankle boot', 'Bag', 'Coat', 'Dress', 'Pullover', 'Sandal', 'Shirt', 'Sneaker', 'T-shirt', 'Trouser']
weights = None
[0, 1.5396536588668823, 0.9646467566490173, 0.668833315372467, 0.6688333333333334, 0.6561157968680013, '04:33']
[1, 1.1133966445922852, 0.7501118183135986, 0.7256666421890259, 0.7256666666666667, 0.7212794655081157, '03:59']
[2, 0.8483042120933533, 0.6140945553779602, 0.7712500095367432, 0.77125, 0.7720942291123802, '04:00']
[3, 0.6334052085876465, 0.5013676285743713, 0.8084166646003723, 0.8084166666666668, 0.8049485804975495, '04:00']
[4, 0.5257217288017273, 0.4246949851512909, 0.8387500047683716, 0.8387499999999999, 0.8383851017254461, '03:59']
[5, 0.48381325602531433, 0.3982447385787964, 0.8463333249092102, 0.8463333333333333, 0.8443870614112811, '04:00']
[6, 0.4484277069568634, 0.3587554395198822, 0.8652499914169312, 0.86525, 0.8651397929758875, '04:01']
[7, 0.41785141825675964, 0.33346670866012573, 0.8705000281333923, 0.8705, 0.8705521960811616, '04:00']
[8, 0.3857533931732178, 0.32387813925743103, 0.8785833120346069, 0.8785833333333333, 0.8772568237207994, '04:00']
[9, 0.3780687749385834, 0.3132205903530121, 0.8815000057220459, 0.8815000000000002, 0.8805475322909437, '04:00']
[10, 0.3926534354686737, 0.30139848589897156, 0.8871666789054871, 0.8871666666666667, 0.8863398219830791, '04:00']
[11, 0.3681609332561493, 0.29290953278541565, 0.890749990940094, 0.89075, 0.8895847854689896, '03:59']
[12, 0.3355402946472168, 0.28908035159111023, 0.8925833106040955, 0.8925833333333332, 0.8916467385747604, '03:57']
[13, 0.3386715054512024, 0.2795756459236145, 0.8963333368301392, 0.8963333333333333, 0.8959345200276493, '03:57']
[14, 0.3223678469657898, 0.2774498164653778, 0.8949166536331177, 0.8949166666666667, 0.8941432796298912, '03:57']
[15, 0.3129834234714508, 0.2751045227050781, 0.8972499966621399, 0.8972499999999999, 0.8968251269463974, '03:57']
[16, 0.3158091604709625, 0.2773922383785248, 0.8964999914169312, 0.8965, 0.8965505125079123, '03:57']
[17, 0.3031650483608246, 0.26903319358825684, 0.9006666541099548, 0.9006666666666667, 0.9006602477843291, '03:57']
[18, 0.2946206331253052, 0.2725451588630676, 0.8970000147819519, 0.897, 0.8965552285062586, '03:58']
[19, 0.28855839371681213, 0.26797574758529663, 0.9012500047683716, 0.9012499999999999, 0.9008316786998055, '04:03']
[20, 0.2836775481700897, 0.2649417817592621, 0.902916669845581, 0.9029166666666667, 0.9030464725362706, '03:56']
[21, 0.2700248062610626, 0.264366090297699, 0.9007499814033508, 0.9007499999999998, 0.9003037634794818, '03:55']
[22, 0.27140894532203674, 0.2639334499835968, 0.9017500281333923, 0.90175, 0.9015237387617157, '03:56']
[23, 0.26545339822769165, 0.2644365727901459, 0.9027500152587891, 0.9027499999999999, 0.902439018013857, '03:55']
[24, 0.25549405813217163, 0.2626835107803345, 0.9041666388511658, 0.9041666666666666, 0.9036432297630539, '03:55']
[25, 0.250435471534729, 0.26267433166503906, 0.902999997138977, 0.9029999999999999, 0.902701318574547, '03:55']
[26, 0.2642613649368286, 0.2623482346534729, 0.902916669845581, 0.9029166666666665, 0.9024962251291324, '03:56']
[27, 0.25979769229888916, 0.26173922419548035, 0.9048333168029785, 0.9048333333333332, 0.9043329678192145, '03:55']
[28, 0.2643020451068878, 0.26003846526145935, 0.9055833220481873, 0.9055833333333332, 0.9053395071923506, '03:55']
[29, 0.26412713527679443, 0.2594755291938782, 0.9039166569709778, 0.9039166666666667, 0.9036082932064176, '03:57']

Tiempo de entrenamiento: 7183.51 segundos
/mnt/homeGPU/haoweihu/TFG/lib/python3.10/site-packages/fastai/learner.py:455: UserWarning: load_learner` uses Python's insecure pickle module, which can execute malicious arbitrary code when loading. Only load files you trust.
If you only need to load model weights and optimizer state, use the safe `Learner.load` instead.
  warn("load_learner` uses Python's insecure pickle module, which can execute malicious arbitrary code when loading. Only load files you trust.\nIf you only need to load model weights and optimizer state, use the safe `Learner.load` instead.")
Loss (valid): 0.2595
Accuracy (valid): 0.9039
Recall (valid): 0.9039
F1-Score (valid): 0.9036
Loss (test): 3.3945
Accuracy (test): 0.7130
Recall (test): 0.7130
F1-Score (test): 0.7137
mail: cannot send message: Process exited with a non-zero status
