---------------------------------------------------------------------------
--------------------------MODELOS Quantize 3--------------------------------
---------------------------------------------------------------------------
---------------------------------------------------------------------------
Ejecutando: mnist_base_quant3
---------------------------------------------------------------------------
Número total de imágenes en entrenamiento: 48000
Número total de imágenes en validación: 12000

Clases: ['0', '1', '2', '3', '4', '5', '6', '7', '8', '9']
[0, 2.3019137382507324, 2.3016960620880127, 0.11516666412353516, 0.1, 0.020654610671050667, '07:31']
[1, 2.3018722534179688, 2.3009157180786133, 0.11516666412353516, 0.1, 0.020654610671050667, '03:05']
[2, 2.070340156555176, 1.9281858205795288, 0.29100000858306885, 0.27839887831908805, 0.15914488086125217, '03:13']
[3, 0.8896732330322266, 0.8318695425987244, 0.7240833044052124, 0.7206929858377757, 0.7178254159118732, '03:07']
[4, 0.5129106640815735, 0.48166218400001526, 0.8500833511352539, 0.8478800326880525, 0.8480490063113686, '03:06']
[5, 0.30147379636764526, 0.28996482491493225, 0.9129166603088379, 0.9118181476175279, 0.9120947572134435, '03:00']
[6, 0.21490247547626495, 0.21112187206745148, 0.934499979019165, 0.9332944463481073, 0.9334034869753124, '03:02']
[7, 0.15904675424098969, 0.16160418093204498, 0.9487500190734863, 0.9483770789945654, 0.948021751547469, '02:57']
[8, 0.13309688866138458, 0.12865836918354034, 0.9583333134651184, 0.9578503902048581, 0.9578140957647152, '03:03']
[9, 0.12245017290115356, 0.11408179998397827, 0.9639999866485596, 0.9637508737587837, 0.9636559254885604, '03:05']
[10, 0.10677077621221542, 0.09789814054965973, 0.968999981880188, 0.968690455770789, 0.9687784269477238, '03:05']
[11, 0.07904186099767685, 0.09129821509122849, 0.9711666703224182, 0.970749764127587, 0.9709497428838307, '03:09']
[12, 0.0710330531001091, 0.08063506335020065, 0.9755833148956299, 0.9752489871886741, 0.9754286144801677, '03:00']
[13, 0.07165129482746124, 0.0793413519859314, 0.9752500057220459, 0.9749539638270791, 0.9750012663968416, '03:05']
[14, 0.06556640565395355, 0.06910713762044907, 0.9772499799728394, 0.9771987171621509, 0.9771375228174797, '03:05']
[15, 0.05476585403084755, 0.06655946373939514, 0.9784166812896729, 0.9782684538505553, 0.9783401163169122, '03:05']
[16, 0.04832443594932556, 0.06436704844236374, 0.9797499775886536, 0.9794945603817686, 0.9795834934785901, '03:12']
[17, 0.049538467079401016, 0.06579262018203735, 0.9793333411216736, 0.9791453964008994, 0.9791574337442605, '03:07']
[18, 0.04670339077711105, 0.06165848672389984, 0.9796666502952576, 0.9795258821445361, 0.9795616034247644, '03:11']
[19, 0.0393080897629261, 0.05776507407426834, 0.9825000166893005, 0.982377686471262, 0.9824002554883711, '03:09']
[20, 0.03492753207683563, 0.056857723742723465, 0.9817500114440918, 0.9816349250806613, 0.9816331197320809, '03:13']
[21, 0.03451113402843475, 0.057706139981746674, 0.9818333387374878, 0.9816040609446978, 0.9816864923618349, '03:09']
[22, 0.030173659324645996, 0.05495859310030937, 0.9822499752044678, 0.982097860678912, 0.9821649409783427, '03:14']
[23, 0.0284205861389637, 0.05319354683160782, 0.9829999804496765, 0.9828918026640651, 0.9829116543482597, '03:11']
[24, 0.03009633533656597, 0.05406518653035164, 0.9833333492279053, 0.9832886684948792, 0.9832940000625972, '03:13']
[25, 0.028721395879983902, 0.0516132190823555, 0.9836666584014893, 0.9836261508194349, 0.9836113521437978, '03:15']
[26, 0.026449214667081833, 0.05133069306612015, 0.984083354473114, 0.9839315031329594, 0.9839871304900022, '03:06']
[27, 0.02987988479435444, 0.05121718719601631, 0.9837499856948853, 0.9836443301174839, 0.9836490763282406, '03:11']
[28, 0.025718266144394875, 0.051372427493333817, 0.98416668176651, 0.9840682489686646, 0.9840863307860209, '03:06']
[29, 0.02185661904513836, 0.051407601684331894, 0.9839166402816772, 0.9838298167670698, 0.9838306125831597, '03:10']

Tiempo de entrenamiento: 5897.12 segundos
/mnt/homeGPU/haoweihu/TFG/lib/python3.10/site-packages/fastai/learner.py:455: UserWarning: load_learner` uses Python's insecure pickle module, which can execute malicious arbitrary code when loading. Only load files you trust.
If you only need to load model weights and optimizer state, use the safe `Learner.load` instead.
  warn("load_learner` uses Python's insecure pickle module, which can execute malicious arbitrary code when loading. Only load files you trust.\nIf you only need to load model weights and optimizer state, use the safe `Learner.load` instead.")
Loss: 0.0514
Accuracy: 0.9839
Recall: 0.9838
F1-Score: 0.9838
Loss: 0.04776165261864662
Accuracy: 0.9846754670143127
Recall (macro): 0.9845103702414294
F1 Score (macro): 0.9845468694125481
---------------------------------------------------------------------------
Ejecutando: fmnist_base_quant3
---------------------------------------------------------------------------
Número total de imágenes en entrenamiento: 48000
Número total de imágenes en validación: 12000

Clases: ['Ankle boot', 'Bag', 'Coat', 'Dress', 'Pullover', 'Sandal', 'Shirt', 'Sneaker', 'Trouser', 'top']
[0, 2.3031413555145264, 2.3032329082489014, 0.09925000369548798, 0.1, 0.01805776665908574, '07:18']
[1, 2.297328472137451, 2.2945752143859863, 0.16441667079925537, 0.16775638616092967, 0.09355604588270719, '03:07']
[2, 1.0888303518295288, 1.0516881942749023, 0.5845833420753479, 0.5826789463813146, 0.564075999766928, '03:03']
[3, 0.8677392601966858, 0.8511314392089844, 0.6733333468437195, 0.671441287255731, 0.6693809218196428, '03:09']
[4, 0.7876869440078735, 0.740980863571167, 0.7120000123977661, 0.7112981177402731, 0.6997931746275989, '03:12']
[5, 0.6717662215232849, 0.6615499258041382, 0.7425833344459534, 0.7415935780783204, 0.7328130835545197, '03:07']
[6, 0.6331086158752441, 0.6204035878181458, 0.7568333148956299, 0.7572483576333984, 0.7306783298329237, '03:05']
[7, 0.6082685589790344, 0.595496416091919, 0.7695000171661377, 0.7692177341813107, 0.7486177924797436, '03:12']
[8, 0.5577447414398193, 0.5493769645690918, 0.7850000262260437, 0.7845667139176079, 0.7693668185723602, '02:58']
[9, 0.530910313129425, 0.5206708312034607, 0.8047500252723694, 0.8039084590136081, 0.798230510188173, '03:11']
[10, 0.499986469745636, 0.5016682147979736, 0.815416693687439, 0.8147816796406173, 0.8054461358076525, '03:11']
[11, 0.47058117389678955, 0.5016850829124451, 0.809249997138977, 0.8095397307581746, 0.7976009861807516, '03:15']
[12, 0.4437932074069977, 0.4433951675891876, 0.8389999866485596, 0.8384177186364539, 0.8357612269977741, '03:12']
[13, 0.44446468353271484, 0.4504421651363373, 0.8364166617393494, 0.836184116688097, 0.8320491067069347, '02:49']
[14, 0.42432084679603577, 0.41625288128852844, 0.8486666679382324, 0.847752718295711, 0.8458048295394844, '02:37']
[15, 0.41557151079177856, 0.40404462814331055, 0.8539166450500488, 0.8533830260506166, 0.8506290443753264, '02:27']
[16, 0.38988757133483887, 0.4181631803512573, 0.8451666831970215, 0.8451856131027065, 0.8346213315480254, '02:36']
[17, 0.3837665021419525, 0.40270036458969116, 0.8513333201408386, 0.8510950451376855, 0.8479298374511439, '02:29']
[18, 0.37869584560394287, 0.38505789637565613, 0.85916668176651, 0.8583863543158264, 0.8576461779795943, '02:29']
[19, 0.3818252682685852, 0.3819441795349121, 0.8604999780654907, 0.8597198646963877, 0.8589695768497349, '02:29']
[20, 0.3733349144458771, 0.37971651554107666, 0.859499990940094, 0.8585738973847168, 0.8587210639345946, '02:39']
[21, 0.3790997266769409, 0.37058398127555847, 0.8632500171661377, 0.8625639330739272, 0.8613316282535166, '02:43']
[22, 0.3502967059612274, 0.37197771668434143, 0.8631666898727417, 0.8624737834908759, 0.8614588129476927, '02:34']
[23, 0.3509804308414459, 0.36797448992729187, 0.8656666874885559, 0.8651013968802852, 0.8634868681863628, '02:29']
[24, 0.3571940064430237, 0.3645906150341034, 0.8666666746139526, 0.8661349353701076, 0.8644483703401284, '02:31']
[25, 0.3359578251838684, 0.3653721809387207, 0.8681666851043701, 0.867708212249419, 0.8655224413148253, '02:28']
[26, 0.362250953912735, 0.36237069964408875, 0.8658333420753479, 0.8651435052822567, 0.8640966974640104, '02:35']
[27, 0.343551903963089, 0.3608473241329193, 0.8673333525657654, 0.8666805206984239, 0.8655589042461249, '02:39']
[28, 0.34416985511779785, 0.3609265685081482, 0.8677499890327454, 0.8671401033681111, 0.8657761882891556, '02:45']
[29, 0.3450736999511719, 0.36089518666267395, 0.8678333163261414, 0.8672331815094919, 0.8658468602147684, '02:49']

Tiempo de entrenamiento: 5359.88 segundos
/mnt/homeGPU/haoweihu/TFG/lib/python3.10/site-packages/fastai/learner.py:455: UserWarning: load_learner` uses Python's insecure pickle module, which can execute malicious arbitrary code when loading. Only load files you trust.
If you only need to load model weights and optimizer state, use the safe `Learner.load` instead.
  warn("load_learner` uses Python's insecure pickle module, which can execute malicious arbitrary code when loading. Only load files you trust.\nIf you only need to load model weights and optimizer state, use the safe `Learner.load` instead.")
Loss: 0.3609
Accuracy: 0.8678
Recall: 0.8672
F1-Score: 0.8658
Loss: 0.38540831208229065
Accuracy: 0.859375
Recall (macro): 0.8593311990079929
F1 Score (macro): 0.8580434990789383
---------------------------------------------------------------------------
Ejecutando: cifar_base_quant3
---------------------------------------------------------------------------
Número total de imágenes en entrenamiento: 40000
Número total de imágenes en validación: 10000

Clases: ['airplane', 'automobile', 'bird', 'cat', 'deer', 'dog', 'frog', 'horse', 'ship', 'truck']
[0, 2.3033416271209717, 2.3030803203582764, 0.09539999812841415, 0.1, 0.017418294686872376, '05:04']
[1, 2.3028337955474854, 2.3032188415527344, 0.09560000151395798, 0.1, 0.017451624680540342, '02:08']
[2, 2.3030755519866943, 2.302891969680786, 0.1023000031709671, 0.1, 0.018561190238592033, '02:22']
[3, 2.3027727603912354, 2.3031299114227295, 0.09539999812841415, 0.1, 0.017418294686872376, '02:09']
[4, 2.222700357437134, 2.2237770557403564, 0.17299999296665192, 0.16997348770493934, 0.11904899102144384, '02:08']
[5, 2.1463515758514404, 2.142397165298462, 0.2110999971628189, 0.21032910636069108, 0.16508522562105232, '02:08']
[6, 2.073373556137085, 2.073401927947998, 0.24869999289512634, 0.24800755536980276, 0.2292959483155672, '02:27']
[7, 2.0280213356018066, 2.0224716663360596, 0.26980000734329224, 0.26774591729068853, 0.24833144757338887, '02:09']
[8, 1.9720102548599243, 1.9652576446533203, 0.29339998960494995, 0.2920424478116187, 0.2766905177285766, '02:08']
[9, 1.9353981018066406, 1.9389060735702515, 0.305400013923645, 0.304035734145154, 0.29584079891849846, '02:24']
[10, 1.915600299835205, 1.919904112815857, 0.3149000108242035, 0.3131296120800189, 0.3031961249319086, '02:08']
[11, 1.8958380222320557, 1.9154126644134521, 0.3176000118255615, 0.3158078702914596, 0.30225726937260505, '02:12']
[12, 1.8715952634811401, 1.8889539241790771, 0.3231000006198883, 0.32069561757199144, 0.31002003619451474, '02:08']
[13, 1.8898054361343384, 1.8763599395751953, 0.3321000039577484, 0.33013236378770316, 0.31938000038271086, '02:08']
[14, 1.8419156074523926, 1.866157054901123, 0.33559998869895935, 0.3336905187858711, 0.32209037038601185, '02:09']
[15, 1.8522589206695557, 1.848484754562378, 0.3467000126838684, 0.3447339826620186, 0.33599299442777053, '02:08']
[16, 1.823035478591919, 1.84122896194458, 0.35100001096725464, 0.3490712406923834, 0.3433672360141548, '02:09']
[17, 1.807746171951294, 1.8382213115692139, 0.34549999237060547, 0.3440372930015241, 0.3322110398490052, '02:10']
[18, 1.81533944606781, 1.8313453197479248, 0.34779998660087585, 0.34554772675202694, 0.33654563889195754, '02:09']
[19, 1.7926874160766602, 1.8219493627548218, 0.3528999984264374, 0.35090685703943114, 0.34475972349482004, '02:15']
[20, 1.8241866827011108, 1.8185070753097534, 0.35510000586509705, 0.35303827982759745, 0.34376419075949005, '02:43']
[21, 1.791675329208374, 1.8119310140609741, 0.36250001192092896, 0.3607928085330968, 0.35525000651281674, '02:21']
[22, 1.778960943222046, 1.8135679960250854, 0.3546000123023987, 0.3525532425624918, 0.3445711884097203, '02:38']
[23, 1.7828621864318848, 1.8045063018798828, 0.3614000082015991, 0.35985370160615543, 0.35406299331015223, '02:25']
[24, 1.7660367488861084, 1.8047499656677246, 0.3628000020980835, 0.36099697841970013, 0.3548315909466707, '02:22']
[25, 1.7875362634658813, 1.8016668558120728, 0.3617999851703644, 0.36019358314416206, 0.35376541410072365, '02:23']
[26, 1.7520465850830078, 1.8002783060073853, 0.3646000027656555, 0.36267475911718083, 0.3557573976168998, '02:14']
[27, 1.7728701829910278, 1.7987397909164429, 0.36410000920295715, 0.36214726575257083, 0.35569539083787954, '02:13']
[28, 1.7795008420944214, 1.7985615730285645, 0.36719998717308044, 0.36534203764619577, 0.3589132551718313, '02:14']
[29, 1.7737928628921509, 1.7984451055526733, 0.36649999022483826, 0.36466916343463424, 0.3584188510283689, '02:23']

Tiempo de entrenamiento: 4254.34 segundos
/mnt/homeGPU/haoweihu/TFG/lib/python3.10/site-packages/fastai/learner.py:455: UserWarning: load_learner` uses Python's insecure pickle module, which can execute malicious arbitrary code when loading. Only load files you trust.
If you only need to load model weights and optimizer state, use the safe `Learner.load` instead.
  warn("load_learner` uses Python's insecure pickle module, which can execute malicious arbitrary code when loading. Only load files you trust.\nIf you only need to load model weights and optimizer state, use the safe `Learner.load` instead.")
Loss: 1.7984
Accuracy: 0.3665
Recall: 0.3647
F1-Score: 0.3584
Loss: 1.804784893989563
Accuracy: 0.35817307233810425
Recall (macro): 0.3582531837306822
F1 Score (macro): 0.35087831675349046
mail: cannot send message: Process exited with a non-zero status
