---------------------------------------------------------------------------
Ejecutando: cifar_rgb_base
---------------------------------------------------------------------------
Número total de imágenes en entrenamiento: 40000
Número total de imágenes en validación: 10000

Clases: ['airplane', 'automobile', 'bird', 'cat', 'deer', 'dog', 'frog', 'horse', 'ship', 'truck']
[0, 2.1642677783966064, 2.1363940238952637, 0.20469999313354492, 0.20847690834354576, 0.1417286173155606, '03:04']
[1, 2.0257041454315186, 2.0177745819091797, 0.24570000171661377, 0.24624143854408373, 0.20480615591538526, '01:12']
[2, 1.9216315746307373, 1.9163814783096313, 0.2985000014305115, 0.3006229975411035, 0.2694600661859888, '01:12']
[3, 1.702121615409851, 1.7042995691299438, 0.37450000643730164, 0.3766090305977837, 0.357173084544249, '01:12']
[4, 1.5839840173721313, 1.5535566806793213, 0.43369999527931213, 0.4350855161246094, 0.42647334374984275, '01:12']
[5, 1.4880636930465698, 1.5145206451416016, 0.44859999418258667, 0.451172281954826, 0.43859770000951215, '01:27']
[6, 1.4173763990402222, 1.4702149629592896, 0.4641000032424927, 0.4632147435824847, 0.467783408702643, '01:11']
[7, 1.372965693473816, 1.422729730606079, 0.48660001158714294, 0.49022905142193834, 0.47550354733509687, '01:12']
[8, 1.3046330213546753, 1.3756526708602905, 0.5099999904632568, 0.5107304317692628, 0.5088199815899728, '01:12']
[9, 1.256632924079895, 1.3042216300964355, 0.5350000262260437, 0.5359816939245517, 0.5381245908996717, '01:15']
[10, 1.2402780055999756, 1.2820650339126587, 0.5414999723434448, 0.541734180541882, 0.5405094068822763, '01:12']
[11, 1.1925636529922485, 1.2726819515228271, 0.5515000224113464, 0.5517400622348111, 0.5514655767096954, '01:12']
[12, 1.1354615688323975, 1.2374194860458374, 0.5580999851226807, 0.5586631232929674, 0.5567805592585809, '01:45']
[13, 1.1161025762557983, 1.2346582412719727, 0.5644999742507935, 0.5664153418924305, 0.5615263484058525, '01:34']
[14, 1.0793818235397339, 1.2570533752441406, 0.558899998664856, 0.5608035602909451, 0.558577835017431, '01:12']
[15, 1.0484042167663574, 1.2192882299423218, 0.5730000138282776, 0.5741425594625394, 0.5733107557922151, '01:12']
[16, 1.0523725748062134, 1.2171714305877686, 0.5738000273704529, 0.5747451293721058, 0.5726559907384586, '01:12']
[17, 1.00020170211792, 1.2256330251693726, 0.5760999917984009, 0.5775943517625792, 0.5730659717677213, '01:12']
[18, 0.9699500203132629, 1.2066999673843384, 0.5835000276565552, 0.5841694300069538, 0.5804521568059747, '01:11']
[19, 0.961298406124115, 1.1945666074752808, 0.5853999853134155, 0.5867659577124864, 0.5819708582834873, '01:12']
[20, 0.9141943454742432, 1.1992661952972412, 0.5817000269889832, 0.5831275839131582, 0.5795073197175513, '01:19']
[21, 0.9080265164375305, 1.208858609199524, 0.5812000036239624, 0.5823825299094624, 0.5808914114150685, '01:13']
[22, 0.88849937915802, 1.199094295501709, 0.5896000266075134, 0.5912726605366676, 0.5892439390140016, '01:12']
[23, 0.8563038110733032, 1.2087093591690063, 0.5877000093460083, 0.5892056723884165, 0.5859534610136019, '01:12']
[24, 0.8840860724449158, 1.2037304639816284, 0.5893999934196472, 0.5908227188952166, 0.5891369947126939, '01:12']
No improvement since epoch 19: early stopping

Tiempo de entrenamiento: 2001.10 segundos
/mnt/homeGPU/haoweihu/TFG/lib/python3.10/site-packages/fastai/learner.py:455: UserWarning: load_learner` uses Python's insecure pickle module, which can execute malicious arbitrary code when loading. Only load files you trust.
If you only need to load model weights and optimizer state, use the safe `Learner.load` instead.
  warn("load_learner` uses Python's insecure pickle module, which can execute malicious arbitrary code when loading. Only load files you trust.\nIf you only need to load model weights and optimizer state, use the safe `Learner.load` instead.")
Loss: 1.2037
Accuracy: 0.5894
Recall: 0.5908
F1-Score: 0.5891
Loss: 1.1807668209075928
Accuracy: 0.5941506624221802
Recall (macro): 0.5940962118844719
F1 Score (macro): 0.592600618924471
mail: cannot send message: Process exited with a non-zero status
