/mnt/homeGPU/haoweihu/TFG/lib/python3.10/site-packages/torchvision/models/_utils.py:208: UserWarning: The parameter 'pretrained' is deprecated since 0.13 and may be removed in the future, please use 'weights' instead.
  warnings.warn(
/mnt/homeGPU/haoweihu/TFG/lib/python3.10/site-packages/torchvision/models/_utils.py:223: UserWarning: Arguments other than a weight enum or `None` for 'weights' are deprecated since 0.13 and may be removed in the future. The current behavior is equivalent to passing `weights=EfficientNet_V2_S_Weights.IMAGENET1K_V1`. You can also use `weights=EfficientNet_V2_S_Weights.DEFAULT` to get the most up-to-date weights.
  warnings.warn(msg)
---------------------------------------------------------------------------
Ejecutando: fmnist_efficientnetv2s_pretrained
---------------------------------------------------------------------------
True
Número total de imágenes en entrenamiento: 48000
Número total de imágenes en validación: 12000
Clases: ['Ankle boot', 'Bag', 'Coat', 'Dress', 'Pullover', 'Sandal', 'Shirt', 'Sneaker', 'Trouser', 'top']
weights = EfficientNet_V2_S_Weights.IMAGENET1K_V1
[0, 1.1769180297851562, 0.7240986227989197, 0.7431666851043701, 0.7447658543433722, 0.744604239239785, '05:18']
[1, 0.803641140460968, 0.552875280380249, 0.8004166483879089, 0.8021342697717195, 0.7994331409751202, '04:53']
[2, 0.605746865272522, 0.4166311025619507, 0.8495833277702332, 0.8506498543167405, 0.8516428665589741, '04:47']
[3, 0.4400048553943634, 0.3181368410587311, 0.8841666579246521, 0.8847845286765905, 0.8848728940864081, '04:48']
[4, 0.355745792388916, 0.2681080400943756, 0.9019166827201843, 0.9026993439992769, 0.9019088779469648, '04:48']
[5, 0.3247387409210205, 0.23259909451007843, 0.9144999980926514, 0.9153668871822906, 0.9144101242266689, '04:47']
[6, 0.28085941076278687, 0.21855495870113373, 0.9164166450500488, 0.9174060424950097, 0.9160681628637743, '04:46']
[7, 0.24849623441696167, 0.18951310217380524, 0.9277499914169312, 0.9285388747415796, 0.9283567126846449, '04:47']
[8, 0.22850938141345978, 0.1815735101699829, 0.9320833086967468, 0.9328128600133127, 0.9324088514275333, '04:47']
[9, 0.2253790944814682, 0.17948968708515167, 0.9332500100135803, 0.9338987962505085, 0.9337395590185784, '04:47']
[10, 0.19676676392555237, 0.17907966673374176, 0.9365833401679993, 0.9375797869344031, 0.9367374853182368, '04:48']
[11, 0.19556190073490143, 0.16351111233234406, 0.9401666522026062, 0.9406238222711456, 0.9409111294598926, '04:50']
[12, 0.17059950530529022, 0.1589069664478302, 0.9423333406448364, 0.942871019865585, 0.9429258421649671, '04:52']
[13, 0.17949365079402924, 0.1562439501285553, 0.9425833225250244, 0.9431003915793891, 0.9430717587190731, '04:55']
[14, 0.1728133112192154, 0.14895370602607727, 0.9474999904632568, 0.9479539511188942, 0.9480776705536446, '04:49']
[15, 0.16756696999073029, 0.14872175455093384, 0.9485833048820496, 0.949449859063419, 0.9486860675322699, '04:49']
[16, 0.15625639259815216, 0.14446307718753815, 0.9480833411216736, 0.9486626910669411, 0.9486261545767567, '04:48']
[17, 0.15918861329555511, 0.14526262879371643, 0.9489166736602783, 0.9494293517989293, 0.9494305301749103, '04:48']
[18, 0.14531898498535156, 0.1432953029870987, 0.949833333492279, 0.9504204413553854, 0.9502245143457067, '04:49']
[19, 0.1388993263244629, 0.14036917686462402, 0.9514166712760925, 0.9519106611892031, 0.9519591740977342, '04:48']
[20, 0.14370489120483398, 0.13861384987831116, 0.9513333439826965, 0.9518697941591355, 0.9517980858827564, '04:48']
[21, 0.1386479288339615, 0.13918668031692505, 0.9509166479110718, 0.9515318139116656, 0.9512694890553819, '04:48']
[22, 0.11791373044252396, 0.1386461853981018, 0.9509999752044678, 0.951591292885961, 0.9513970960669121, '04:51']
[23, 0.1199413314461708, 0.1392221748828888, 0.9526666402816772, 0.9533077424404437, 0.9530449055235708, '04:56']
[24, 0.10938166826963425, 0.13880358636379242, 0.9513333439826965, 0.9518927383032757, 0.9517946727134905, '04:55']
[25, 0.11430781334638596, 0.13854558765888214, 0.9524166584014893, 0.9529030883056168, 0.9529356164392917, '04:49']
[26, 0.11030139029026031, 0.1381237953901291, 0.9518333077430725, 0.9524474547846822, 0.9522759728343285, '04:53']
[27, 0.11533636599779129, 0.13902100920677185, 0.9519166946411133, 0.9525441930266858, 0.9523060923353273, '04:51']
[28, 0.10715971142053604, 0.13861438632011414, 0.9512500166893005, 0.9518511811615525, 0.9516935011269358, '04:51']
[29, 0.11344804614782333, 0.13839706778526306, 0.9519166946411133, 0.9524782911062356, 0.9523560103966968, '04:52']

Tiempo de entrenamiento: 8733.37 segundos
/mnt/homeGPU/haoweihu/TFG/lib/python3.10/site-packages/fastai/learner.py:455: UserWarning: load_learner` uses Python's insecure pickle module, which can execute malicious arbitrary code when loading. Only load files you trust.
If you only need to load model weights and optimizer state, use the safe `Learner.load` instead.
  warn("load_learner` uses Python's insecure pickle module, which can execute malicious arbitrary code when loading. Only load files you trust.\nIf you only need to load model weights and optimizer state, use the safe `Learner.load` instead.")
Loss (valid): 0.1384
Accuracy (valid): 0.9519
Recall (valid): 0.9525
F1-Score (valid): 0.9524
/mnt/homeGPU/haoweihu/TFG/lib/python3.10/site-packages/torchvision/models/_utils.py:208: UserWarning: The parameter 'pretrained' is deprecated since 0.13 and may be removed in the future, please use 'weights' instead.
  warnings.warn(
/mnt/homeGPU/haoweihu/TFG/lib/python3.10/site-packages/torchvision/models/_utils.py:223: UserWarning: Arguments other than a weight enum or `None` for 'weights' are deprecated since 0.13 and may be removed in the future. The current behavior is equivalent to passing `weights=EfficientNet_V2_S_Weights.IMAGENET1K_V1`. You can also use `weights=EfficientNet_V2_S_Weights.DEFAULT` to get the most up-to-date weights.
  warnings.warn(msg)
Loss (test): 0.1568
Accuracy (test): 0.9468
Recall (test): 0.9468
F1-Score (test): 0.9469
---------------------------------------------------------------------------
Ejecutando: cifar10_efficientnetv2s_pretrained
---------------------------------------------------------------------------
True
Número total de imágenes en entrenamiento: 40000
Número total de imágenes en validación: 10000
Clases: ['airplane', 'automobile', 'bird', 'cat', 'deer', 'dog', 'frog', 'horse', 'ship', 'truck']
weights = EfficientNet_V2_S_Weights.IMAGENET1K_V1
[0, 1.4334924221038818, nan, 0.7307000160217285, 0.7311299642572832, 0.7293735641722534, '04:50']
[1, 0.9590060114860535, 0.5388333201408386, 0.8270999789237976, 0.8274269610456871, 0.8272688074750842, '04:09']
[2, 0.591317355632782, 0.35243672132492065, 0.8870000243186951, 0.8870775414848255, 0.886966275321144, '04:05']
[3, 0.38428404927253723, 0.2058895081281662, 0.9323999881744385, 0.9325114280188688, 0.9323990852573305, '04:03']
[4, 0.2558547854423523, 0.14963796734809875, 0.9506999850273132, 0.9508090619643272, 0.9507172416487546, '04:06']
[5, 0.20827902853488922, 0.12026108056306839, 0.960099995136261, 0.960213655895269, 0.9601059357960231, '04:07']
[6, 0.1688968539237976, 0.10615594685077667, 0.9653000235557556, 0.9653687831753193, 0.9652393757286306, '04:06']
[7, 0.1580922156572342, 0.09714949876070023, 0.9682999849319458, 0.9683252894739736, 0.9683180234580705, '04:06']
[8, 0.12526781857013702, 0.09046059846878052, 0.972000002861023, 0.9719931554777883, 0.9720294700353749, '04:06']
[9, 0.1317865550518036, 0.08226578682661057, 0.9742000102996826, 0.974250986356226, 0.97428602214211, '04:05']
[10, 0.10969515144824982, 0.08247459679841995, 0.9731000065803528, 0.9731640799070232, 0.9731819009944596, '04:03']
[11, 0.09038929641246796, 0.07855651527643204, 0.9750999808311462, 0.9750808411972034, 0.9751344102458847, '04:08']
[12, 0.08386659622192383, 0.0791546106338501, 0.9761000275611877, 0.9761940145500748, 0.9761291448792615, '05:35']
[13, 0.08196026086807251, 0.08022046834230423, 0.9769999980926514, 0.9769997941196387, 0.9770367426682723, '04:02']
[14, 0.07580360770225525, 0.07579272985458374, 0.9768000245094299, 0.9767910485582807, 0.976851918997976, '04:02']
[15, 0.06589443981647491, 0.07850013673305511, 0.9768999814987183, 0.9768948021977286, 0.9769421115971421, '04:04']
[16, 0.07513666152954102, 0.08275274932384491, 0.9736999869346619, 0.9737003322292063, 0.9737260081769552, '04:01']
[17, 0.06482823938131332, 0.07997457683086395, 0.9768999814987183, 0.9768589880002507, 0.9769004186794554, '04:01']
[18, 0.05330781266093254, 0.07681738585233688, 0.9768999814987183, 0.9768833476417896, 0.9769507217455556, '04:05']
[19, 0.047533538192510605, 0.0782942846417427, 0.9779000282287598, 0.9778931994558124, 0.9779263037779911, '04:05']
No improvement since epoch 14: early stopping

Tiempo de entrenamiento: 5040.43 segundos
/mnt/homeGPU/haoweihu/TFG/lib/python3.10/site-packages/fastai/learner.py:455: UserWarning: load_learner` uses Python's insecure pickle module, which can execute malicious arbitrary code when loading. Only load files you trust.
If you only need to load model weights and optimizer state, use the safe `Learner.load` instead.
  warn("load_learner` uses Python's insecure pickle module, which can execute malicious arbitrary code when loading. Only load files you trust.\nIf you only need to load model weights and optimizer state, use the safe `Learner.load` instead.")
Loss (valid): 0.0783
Accuracy (valid): 0.9779
Recall (valid): 0.9779
F1-Score (valid): 0.9779
Loss (test): 0.0857
Accuracy (test): 0.9762
Recall (test): 0.9762
F1-Score (test): 0.9762
mail: cannot send message: Process exited with a non-zero status
