/mnt/homeGPU/haoweihu/TFG/lib/python3.10/site-packages/torchvision/models/_utils.py:208: UserWarning: The parameter 'pretrained' is deprecated since 0.13 and may be removed in the future, please use 'weights' instead.
  warnings.warn(
/mnt/homeGPU/haoweihu/TFG/lib/python3.10/site-packages/torchvision/models/_utils.py:223: UserWarning: Arguments other than a weight enum or `None` for 'weights' are deprecated since 0.13 and may be removed in the future. The current behavior is equivalent to passing `weights=EfficientNet_V2_S_Weights.IMAGENET1K_V1`. You can also use `weights=EfficientNet_V2_S_Weights.DEFAULT` to get the most up-to-date weights.
  warnings.warn(msg)
---------------------------------------------------------------------------
Ejecutando: fmnist_efficientnetv2s_otsu
---------------------------------------------------------------------------
False
Número total de imágenes en entrenamiento: 48000
Número total de imágenes en validación: 12000
Clases: ['Ankle boot', 'Bag', 'Coat', 'Dress', 'Pullover', 'Sandal', 'Shirt', 'Sneaker', 'Trouser', 'top']
weights = None
[0, 1.4737837314605713, 0.9912053942680359, 0.6389166712760925, 0.6426008943222193, 0.6321263445607721, '05:28']
[1, 1.0403013229370117, 0.7870051264762878, 0.7166666388511658, 0.7207009852588551, 0.7152901557716933, '05:00']
[2, 0.7565872073173523, 0.5802199840545654, 0.7827500104904175, 0.7841982267423119, 0.7861706938743505, '05:02']
[3, 0.6244068145751953, 0.4866543710231781, 0.8144999742507935, 0.8169240302643781, 0.8153695782712932, '05:02']
[4, 0.5101909637451172, 0.41006845235824585, 0.8371666669845581, 0.8392083050688643, 0.8380228689467183, '05:02']
[5, 0.49771225452423096, 0.36619359254837036, 0.8588333129882812, 0.8602587627244638, 0.8605094293474563, '04:59']
[6, 0.4316032826900482, 0.3504813611507416, 0.8712499737739563, 0.8727619369274977, 0.8712444079113221, '05:02']
[7, 0.4019968807697296, 0.33376988768577576, 0.8730000257492065, 0.8745799945741565, 0.8730693039301295, '05:01']
[8, 0.3896440863609314, 0.30845773220062256, 0.8820833563804626, 0.8837252302945103, 0.882113818457464, '05:00']
[9, 0.3563023507595062, 0.3050684928894043, 0.8837500214576721, 0.8847011505718487, 0.8836967889056572, '05:06']
[10, 0.35387057065963745, 0.29460135102272034, 0.8885833621025085, 0.8898378849729595, 0.8892636530806314, '05:04']
[11, 0.3586445748806, 0.28754839301109314, 0.8894166946411133, 0.8900128715429817, 0.8912920719858665, '05:09']
[12, 0.3379336893558502, 0.28193238377571106, 0.8929166793823242, 0.8938963872421886, 0.8936247423835372, '05:07']
[13, 0.32085686922073364, 0.27472755312919617, 0.8947499990463257, 0.8956536411981876, 0.895640216617591, '05:02']
[14, 0.30627140402793884, 0.2806735932826996, 0.8912500143051147, 0.8920555997747327, 0.8926319684784566, '05:05']
[15, 0.3083712160587311, 0.27512532472610474, 0.8958333134651184, 0.8969717298158162, 0.8964643558264271, '05:03']
[16, 0.2872612178325653, 0.2742823362350464, 0.8963333368301392, 0.8977411307826042, 0.8959330759588205, '05:04']
[17, 0.2888414263725281, 0.27491384744644165, 0.8949166536331177, 0.8958235098199279, 0.89590924749113, '05:03']
[18, 0.2669927775859833, 0.2657916247844696, 0.9014166593551636, 0.9027282556859502, 0.9016140771165031, '05:02']
[19, 0.2720663547515869, 0.26470574736595154, 0.8984166383743286, 0.8991765705876975, 0.899552222402809, '05:02']
[20, 0.2813453674316406, 0.2618916928768158, 0.9020000100135803, 0.9027959363921129, 0.9031675981676963, '05:06']
[21, 0.2672857642173767, 0.2643662989139557, 0.8999999761581421, 0.9010054657646375, 0.9001348193099613, '05:10']
[22, 0.2657756209373474, 0.261002779006958, 0.9015833139419556, 0.9026063104931896, 0.901791464956038, '05:09']
[23, 0.264754980802536, 0.2563593089580536, 0.9018333554267883, 0.9027651236927404, 0.9026059138739223, '05:02']
[24, 0.2363695502281189, 0.25816553831100464, 0.9018333554267883, 0.9028110052664713, 0.902766294213421, '05:08']
[25, 0.2537314295768738, 0.25683969259262085, 0.9037500023841858, 0.9045530193520743, 0.9045823525419326, '05:07']
[26, 0.257313072681427, 0.25621750950813293, 0.9038333296775818, 0.904769946420525, 0.9045182836722582, '05:06']
[27, 0.26329803466796875, 0.25754261016845703, 0.9044166803359985, 0.9052916493771574, 0.905118774357059, '05:06']
[28, 0.24701906740665436, 0.2567349374294281, 0.902916669845581, 0.9037725958741083, 0.903690416527126, '05:13']
[29, 0.26713240146636963, 0.2567715048789978, 0.9035833477973938, 0.9045190491640446, 0.904214920733498, '05:08']

Tiempo de entrenamiento: 9172.53 segundos
/mnt/homeGPU/haoweihu/TFG/lib/python3.10/site-packages/fastai/learner.py:455: UserWarning: load_learner` uses Python's insecure pickle module, which can execute malicious arbitrary code when loading. Only load files you trust.
If you only need to load model weights and optimizer state, use the safe `Learner.load` instead.
  warn("load_learner` uses Python's insecure pickle module, which can execute malicious arbitrary code when loading. Only load files you trust.\nIf you only need to load model weights and optimizer state, use the safe `Learner.load` instead.")
Loss (valid): 0.2568
Accuracy (valid): 0.9036
Recall (valid): 0.9045
F1-Score (valid): 0.9042
/mnt/homeGPU/haoweihu/TFG/lib/python3.10/site-packages/torchvision/models/_utils.py:208: UserWarning: The parameter 'pretrained' is deprecated since 0.13 and may be removed in the future, please use 'weights' instead.
  warnings.warn(
/mnt/homeGPU/haoweihu/TFG/lib/python3.10/site-packages/torchvision/models/_utils.py:223: UserWarning: Arguments other than a weight enum or `None` for 'weights' are deprecated since 0.13 and may be removed in the future. The current behavior is equivalent to passing `weights=EfficientNet_V2_S_Weights.IMAGENET1K_V1`. You can also use `weights=EfficientNet_V2_S_Weights.DEFAULT` to get the most up-to-date weights.
  warnings.warn(msg)
Loss (test): 0.2784
Accuracy (test): 0.8959
Recall (test): 0.8960
F1-Score (test): 0.8958
---------------------------------------------------------------------------
Ejecutando: cifar10_efficientnetv2s_otsu
---------------------------------------------------------------------------
False
Número total de imágenes en entrenamiento: 40000
Número total de imágenes en validación: 10000
Clases: ['airplane', 'automobile', 'bird', 'cat', 'deer', 'dog', 'frog', 'horse', 'ship', 'truck']
weights = None
[0, 2.8614070415496826, 2.0541529655456543, 0.305400013923645, 0.3066032907784165, 0.2920319930649762, '04:16']
[1, 2.4041366577148438, 1.8158972263336182, 0.35589998960494995, 0.3564788020126571, 0.3492849463808389, '04:16']
[2, 2.015080451965332, 1.685213327407837, 0.4004000127315521, 0.4007303536946855, 0.3876321287077159, '04:20']
[3, 1.7777454853057861, 1.5553257465362549, 0.453900009393692, 0.4550675324700258, 0.4439042439872948, '04:18']
[4, 1.5834605693817139, 1.374471664428711, 0.5133000016212463, 0.5145342685181739, 0.504168847413856, '04:20']
[5, 1.3717643022537231, 1.229451298713684, 0.5663999915122986, 0.5663988202422451, 0.5601689137823194, '04:19']
[6, 1.257450819015503, 1.1109120845794678, 0.612500011920929, 0.6133455794619425, 0.6090572223001098, '04:16']
[7, 1.1349824666976929, 1.0557069778442383, 0.6322000026702881, 0.6336430490173354, 0.6297087761614999, '04:15']
[8, 1.104215145111084, 1.011499047279358, 0.6510000228881836, 0.6524666032861306, 0.6491449023781432, '04:14']
[9, 1.0491493940353394, 0.9645393490791321, 0.6643999814987183, 0.6649853940111956, 0.6618202896275304, '05:48']
[10, 1.0101383924484253, 0.9481258988380432, 0.6703000068664551, 0.6711863169158607, 0.6671656983539702, '04:15']
[11, 0.9933853149414062, 0.9190999269485474, 0.6790000200271606, 0.679899635849009, 0.6782048176370769, '04:14']
[12, 0.9642502665519714, 0.9119821190834045, 0.6801999807357788, 0.6812445495252466, 0.6796212475549318, '04:16']
[13, 0.9575552940368652, 0.9024608135223389, 0.6858000159263611, 0.6866755326873318, 0.6838205546721542, '04:13']
[14, 0.8920496106147766, 0.9013411998748779, 0.6845999956130981, 0.6857097995714774, 0.6826085548105124, '04:14']
[15, 0.8977131247520447, 0.8888319134712219, 0.6909000277519226, 0.6918980631203848, 0.6890265313939604, '04:19']
[16, 0.8983911275863647, 0.8758338093757629, 0.6958000063896179, 0.6967427258474832, 0.6943392469151374, '04:17']
[17, 0.8529453277587891, 0.8716856241226196, 0.698199987411499, 0.6991368657061583, 0.6960549972541566, '04:22']
[18, 0.8510745167732239, 0.8690329194068909, 0.7008000016212463, 0.7017968776349123, 0.6990755600403153, '04:21']
[19, 0.8329614996910095, 0.8588899374008179, 0.7028999924659729, 0.7037558871156385, 0.7014185158891766, '04:23']
[20, 0.8189305067062378, 0.8554940223693848, 0.7057999968528748, 0.706687107375974, 0.7044251606635619, '04:35']
[21, 0.833500862121582, 0.857033371925354, 0.7055000066757202, 0.7063611145054437, 0.7038362838273261, '04:25']
[22, 0.8041682243347168, 0.8552876114845276, 0.7063999772071838, 0.7073097673182096, 0.7047952012555176, '04:26']
[23, 0.8083207011222839, 0.8536699414253235, 0.7059999704360962, 0.7068642459410333, 0.7044459474833138, '04:38']
[24, 0.7829421162605286, 0.8486129641532898, 0.7092999815940857, 0.7099775289849187, 0.7083507482397533, '04:47']
[25, 0.7762487530708313, 0.8548674583435059, 0.7067999839782715, 0.7077801782236528, 0.7054447059999975, '04:38']
[26, 0.7476847171783447, 0.8462281227111816, 0.708899974822998, 0.7095536867410541, 0.7079573986511237, '04:22']
[27, 0.785345733165741, 0.8509859442710876, 0.7062000036239624, 0.7070517134702166, 0.7049360498230663, '04:14']
[28, 0.7884572744369507, 0.8487924933433533, 0.7055000066757202, 0.7061595157239784, 0.7040904515266979, '04:17']
[29, 0.7541192173957825, 0.8489165902137756, 0.7074999809265137, 0.7081568862848302, 0.7058484408086725, '04:15']

Tiempo de entrenamiento: 7927.06 segundos
/mnt/homeGPU/haoweihu/TFG/lib/python3.10/site-packages/fastai/learner.py:455: UserWarning: load_learner` uses Python's insecure pickle module, which can execute malicious arbitrary code when loading. Only load files you trust.
If you only need to load model weights and optimizer state, use the safe `Learner.load` instead.
  warn("load_learner` uses Python's insecure pickle module, which can execute malicious arbitrary code when loading. Only load files you trust.\nIf you only need to load model weights and optimizer state, use the safe `Learner.load` instead.")
Loss (valid): 0.8489
Accuracy (valid): 0.7075
Recall (valid): 0.7082
F1-Score (valid): 0.7058
Loss (test): 0.8711
Accuracy (test): 0.7014
Recall (test): 0.7015
F1-Score (test): 0.6993
mail: cannot send message: Process exited with a non-zero status
