/mnt/homeGPU/haoweihu/TFG/lib/python3.10/site-packages/torchvision/models/_utils.py:208: UserWarning: The parameter 'pretrained' is deprecated since 0.13 and may be removed in the future, please use 'weights' instead.
  warnings.warn(
/mnt/homeGPU/haoweihu/TFG/lib/python3.10/site-packages/torchvision/models/_utils.py:223: UserWarning: Arguments other than a weight enum or `None` for 'weights' are deprecated since 0.13 and may be removed in the future. The current behavior is equivalent to passing `weights=EfficientNet_V2_S_Weights.IMAGENET1K_V1`. You can also use `weights=EfficientNet_V2_S_Weights.DEFAULT` to get the most up-to-date weights.
  warnings.warn(msg)
  
---------------------------------------------------------------------------
Ejecutando: fmnist_efficientnetv2s
---------------------------------------------------------------------------
False
Número total de imágenes en entrenamiento: 48000
Número total de imágenes en validación: 12000
Clases: ['Ankle boot', 'Bag', 'Coat', 'Dress', 'Pullover', 'Sandal', 'Shirt', 'Sneaker', 'Trouser', 'top']
weights = None
[0, 1.1688860654830933, 0.7140998244285583, 0.7426666617393494, 0.7442695266838977, 0.7421793761219154, '05:49']
[1, 0.8040832877159119, 0.5263199806213379, 0.8090833425521851, 0.8101716495729067, 0.811048055314042, '04:45']
[2, 0.598493754863739, 0.401652991771698, 0.8508333563804626, 0.8527553427765975, 0.8504177683885908, '04:28']
[3, 0.4448454678058624, 0.31759271025657654, 0.8820833563804626, 0.8834889239104783, 0.8818804887903464, '04:31']
[4, 0.3552367091178894, 0.2703707218170166, 0.8984166383743286, 0.8997949810398336, 0.8984658725228394, '04:31']
[5, 0.31689152121543884, 0.22351329028606415, 0.9165833592414856, 0.9174347575573119, 0.9168214911572754, '04:33']
[6, 0.27491772174835205, 0.2087133377790451, 0.9224166870117188, 0.922994932570307, 0.9229821568371225, '04:33']
[7, 0.23513087630271912, 0.20198528468608856, 0.9264166951179504, 0.9273937958602723, 0.9265332424584665, '04:36']
[8, 0.23396606743335724, 0.18346230685710907, 0.9315000176429749, 0.9324633833460142, 0.93163824907623, '04:34']
[9, 0.2183285355567932, 0.17431144416332245, 0.934499979019165, 0.9353546256819877, 0.9345661770217533, '04:31']
[10, 0.20127148926258087, 0.16513560712337494, 0.9384999871253967, 0.939230327688049, 0.9388855899387588, '04:32']
[11, 0.1895408183336258, 0.16262979805469513, 0.940833330154419, 0.9414168662425386, 0.9414238324305637, '04:32']
[12, 0.17970430850982666, 0.15701830387115479, 0.9420833587646484, 0.9428045487183649, 0.9422585485312979, '04:30']
[13, 0.17806480824947357, 0.15401089191436768, 0.9433333277702332, 0.944003105172593, 0.9435870851688684, '04:33']
[14, 0.16525979340076447, 0.15124443173408508, 0.9450833201408386, 0.945946593334968, 0.9450803841960734, '04:41']
[15, 0.1534210741519928, 0.14878593385219574, 0.9455000162124634, 0.9463011282665917, 0.9457474954033891, '04:46']
[16, 0.14747436344623566, 0.14641088247299194, 0.9477499723434448, 0.9484953791585437, 0.9480594027193977, '04:33']
[17, 0.14178824424743652, 0.1453636735677719, 0.9466666579246521, 0.947395042684453, 0.9469038405953982, '04:33']
[18, 0.1452520489692688, 0.1442270427942276, 0.9484166502952576, 0.9490686235430686, 0.9487211110348653, '04:42']
[19, 0.14761102199554443, 0.13997122645378113, 0.9477499723434448, 0.9481487555642711, 0.9484619925622153, '04:44']
[20, 0.13502633571624756, 0.13866162300109863, 0.9497500061988831, 0.9501677375266079, 0.9503211270263124, '04:34']
[21, 0.1259031444787979, 0.14133808016777039, 0.9490833282470703, 0.9496517645167681, 0.9494971697584018, '04:32']
[22, 0.12894290685653687, 0.1385744959115982, 0.9513333439826965, 0.951914826938322, 0.9517791759832465, '04:45']
[23, 0.12678079307079315, 0.1368688941001892, 0.9503333568572998, 0.9508791583262575, 0.9508065070389893, '04:32']
[24, 0.11342672258615494, 0.13773110508918762, 0.9508333206176758, 0.951404387795848, 0.9513215491067644, '04:52']
[25, 0.12136422842741013, 0.13674253225326538, 0.9514166712760925, 0.9518801376924723, 0.9519325653588181, '04:47']
[26, 0.11910887062549591, 0.13689494132995605, 0.9504166841506958, 0.9509232756079145, 0.9508733506011865, '05:15']
[27, 0.10790448635816574, 0.13695348799228668, 0.9508333206176758, 0.9513430463404873, 0.951315508028291, '05:08']
[28, 0.11085769534111023, 0.13730552792549133, 0.9502500295639038, 0.950810408839619, 0.9506897835520487, '05:27']
[29, 0.1080201044678688, 0.13679596781730652, 0.9506666660308838, 0.9511871596057319, 0.9511171525745536, '05:17']

Tiempo de entrenamiento: 8543.74 segundos
/mnt/homeGPU/haoweihu/TFG/lib/python3.10/site-packages/fastai/learner.py:455: UserWarning: load_learner` uses Python's insecure pickle module, which can execute malicious arbitrary code when loading. Only load files you trust.
If you only need to load model weights and optimizer state, use the safe `Learner.load` instead.
  warn("load_learner` uses Python's insecure pickle module, which can execute malicious arbitrary code when loading. Only load files you trust.\nIf you only need to load model weights and optimizer state, use the safe `Learner.load` instead.")
Loss (valid): 0.1368
Accuracy (valid): 0.9507
Recall (valid): 0.9512
F1-Score (valid): 0.9511
/mnt/homeGPU/haoweihu/TFG/lib/python3.10/site-packages/torchvision/models/_utils.py:208: UserWarning: The parameter 'pretrained' is deprecated since 0.13 and may be removed in the future, please use 'weights' instead.
  warnings.warn(
/mnt/homeGPU/haoweihu/TFG/lib/python3.10/site-packages/torchvision/models/_utils.py:223: UserWarning: Arguments other than a weight enum or `None` for 'weights' are deprecated since 0.13 and may be removed in the future. The current behavior is equivalent to passing `weights=EfficientNet_V2_S_Weights.IMAGENET1K_V1`. You can also use `weights=EfficientNet_V2_S_Weights.DEFAULT` to get the most up-to-date weights.
  warnings.warn(msg)
Loss (test): 0.1584
Accuracy (test): 0.9481
Recall (test): 0.9481
F1-Score (test): 0.9481

---------------------------------------------------------------------------
Ejecutando: cifar10_efficientnetv2s
---------------------------------------------------------------------------
False
Número total de imágenes en entrenamiento: 40000
Número total de imágenes en validación: 10000
Clases: ['airplane', 'automobile', 'bird', 'cat', 'deer', 'dog', 'frog', 'horse', 'ship', 'truck']
weights = None
[0, 1.3993799686431885, nan, 0.7372000217437744, 0.7376505842159683, 0.7359655130512882, '05:40']
[1, 0.9373649954795837, 0.5353588461875916, 0.8291000127792358, 0.8293785506803353, 0.8282151466338281, '03:47']
[2, 0.5999225378036499, 0.3482055068016052, 0.8878999948501587, 0.8879843862150576, 0.8878815630971925, '03:47']
[3, 0.37502047419548035, 0.20605087280273438, 0.9330999851226807, 0.9332147337407737, 0.9330347295627842, '03:48']
[4, 0.24992050230503082, 0.14291149377822876, 0.9541000127792358, 0.9541512822715958, 0.954153875071456, '03:47']
[5, 0.20077073574066162, 0.12268095463514328, 0.9581999778747559, 0.9582342909594557, 0.9582033502912577, '03:47']
[6, 0.1699046492576599, 0.09817308932542801, 0.9678000211715698, 0.9679269414857472, 0.9678537834816531, '03:47']
[7, 0.16987258195877075, 0.10177578032016754, 0.9663000106811523, 0.9662834994881899, 0.9663276704025497, '03:47']
[8, 0.13559384644031525, 0.09318007528781891, 0.9700999855995178, 0.9700956341819502, 0.9701351607643046, '03:47']
[9, 0.11055584996938705, 0.08869429677724838, 0.9713000059127808, 0.9712647462962618, 0.9713659703773505, '03:48']
[10, 0.10642871260643005, 0.08197802305221558, 0.9729999899864197, 0.9730490983499045, 0.9730550848701531, '03:50']
[11, 0.09409545361995697, 0.08294155448675156, 0.9729999899864197, 0.9730038967964513, 0.9730429567727429, '04:02']
[12, 0.08949344605207443, 0.0826478898525238, 0.9736999869346619, 0.9737459642716401, 0.9737527008825901, '03:57']
[13, 0.07683611661195755, 0.08056933432817459, 0.975600004196167, 0.9756855378251471, 0.9756234573029203, '03:58']
[14, 0.07379268109798431, 0.07791540771722794, 0.9754999876022339, 0.9755120232938965, 0.97552339301683, '03:57']
[15, 0.07311418652534485, 0.077078677713871, 0.9775000214576721, 0.9775267832971363, 0.9775391748284521, '03:54']
[16, 0.0722631886601448, 0.07759212702512741, 0.9771000146865845, 0.9771655856048123, 0.9771171227420931, '04:05']
[17, 0.05922919884324074, 0.07426842302083969, 0.9771999716758728, 0.9772131207824162, 0.9772414729154596, '03:53']
[18, 0.05226742476224899, 0.07432327419519424, 0.978600025177002, 0.9785759828155879, 0.9785944198592338, '04:15']
[19, 0.04954426363110542, 0.07179423421621323, 0.978600025177002, 0.9785984899358103, 0.9786080034378101, '04:05']
[20, 0.046768300235271454, 0.07562298327684402, 0.9787999987602234, 0.9788318732259444, 0.978805555115261, '03:53']
[21, 0.045221179723739624, 0.07449757307767868, 0.9790999889373779, 0.9791408267877765, 0.9791123795882173, '03:49']
[22, 0.04737754538655281, 0.0745692178606987, 0.9793000221252441, 0.9793116084692558, 0.9793120878819559, '04:01']
[23, 0.041747573763132095, 0.0750490128993988, 0.9789000153541565, 0.9789232802011277, 0.9789178777497092, '04:02']
[24, 0.04352227970957756, 0.07530476152896881, 0.9776999950408936, 0.9777027266793876, 0.9777244924101209, '03:58']
No improvement since epoch 19: early stopping

Tiempo de entrenamiento: 5979.84 segundos
/mnt/homeGPU/haoweihu/TFG/lib/python3.10/site-packages/fastai/learner.py:455: UserWarning: load_learner` uses Python's insecure pickle module, which can execute malicious arbitrary code when loading. Only load files you trust.
If you only need to load model weights and optimizer state, use the safe `Learner.load` instead.
  warn("load_learner` uses Python's insecure pickle module, which can execute malicious arbitrary code when loading. Only load files you trust.\nIf you only need to load model weights and optimizer state, use the safe `Learner.load` instead.")
Loss (valid): 0.0753
Accuracy (valid): 0.9777
Recall (valid): 0.9777
F1-Score (valid): 0.9777
Loss (test): 0.0771
Accuracy (test): 0.9772
Recall (test): 0.9772
F1-Score (test): 0.9771
mail: cannot send message: Process exited with a non-zero status
