---------------------------------------------------------------------------
--------------------------cifar distilld 01-----------------------------
---------------------------------------------------------------------------
---------------------------------------------------------------------------
Ejecutando: cifar10_dist1_ex1
---------------------------------------------------------------------------
Número total de imágenes en entrenamiento: 8100
Número total de imágenes en validación: 10000

Clases: ['airplane', 'automobile', 'bird', 'cat', 'deer', 'dog', 'frog', 'horse', 'ship', 'truck']
[0, 2.301751136779785, 2.2996232509613037, 0.12080000340938568, 0.12080000000000002, 0.04715874132220749, '02:10']
[1, 2.279529333114624, 2.2514047622680664, 0.15539999306201935, 0.1554, 0.07716996444200744, '00:50']
[2, 2.1848514080047607, 2.1494791507720947, 0.21240000426769257, 0.2124, 0.18100760597755539, '00:46']
[3, 2.1064186096191406, 2.0629165172576904, 0.2468000054359436, 0.2468, 0.21516463817335843, '00:41']
[4, 2.012244939804077, 1.9804341793060303, 0.27480000257492065, 0.2748, 0.2634860752746254, '00:49']
[5, 1.9407769441604614, 1.9242011308670044, 0.3046000003814697, 0.30460000000000004, 0.28373375156036384, '00:53']
[6, 1.893242597579956, 1.913541555404663, 0.29989999532699585, 0.2999, 0.2827263240413779, '00:53']
[7, 1.867620587348938, 1.8806668519973755, 0.319599986076355, 0.3196, 0.3111128843999393, '00:44']
[8, 1.8282957077026367, 1.8675919771194458, 0.32010000944137573, 0.3201, 0.30826781221053856, '00:41']
[9, 1.8142045736312866, 1.8342753648757935, 0.3384999930858612, 0.33849999999999997, 0.3247682180919894, '00:42']
[10, 1.7714173793792725, 1.801155686378479, 0.3483999967575073, 0.3484, 0.340423297518912, '00:41']
[11, 1.7389874458312988, 1.833680272102356, 0.34860000014305115, 0.3486, 0.332818936871033, '00:41']
[12, 1.7267800569534302, 1.8379037380218506, 0.3522999882698059, 0.3523, 0.33380166701386355, '00:42']
[13, 1.6882001161575317, 1.7795419692993164, 0.3628000020980835, 0.3628, 0.364658002279076, '00:41']
[14, 1.6763125658035278, 1.8121603727340698, 0.34940001368522644, 0.34940000000000004, 0.3454387344105303, '00:42']
[15, 1.642261266708374, 1.7481273412704468, 0.3783999979496002, 0.37839999999999996, 0.37377723891341863, '00:41']
[16, 1.6105091571807861, 1.7686392068862915, 0.3711000084877014, 0.3711, 0.37312463991201883, '00:43']
[17, 1.59964120388031, 1.7292872667312622, 0.3801000118255615, 0.3801, 0.3722964746959919, '00:50']
[18, 1.5677225589752197, 1.7202993631362915, 0.38519999384880066, 0.38520000000000004, 0.37776579808426997, '00:44']
[19, 1.5557321310043335, 1.7240519523620605, 0.3840999901294708, 0.3841, 0.3746542526978381, '00:41']
[20, 1.52213454246521, 1.7259351015090942, 0.38580000400543213, 0.38580000000000003, 0.37735324151945226, '00:41']
[21, 1.5103118419647217, 1.7195515632629395, 0.3880999982357025, 0.3881, 0.38565764496247135, '00:41']
[22, 1.5007694959640503, 1.7205137014389038, 0.3912999927997589, 0.3913, 0.3873604087307761, '00:41']
[23, 1.4727978706359863, 1.7178460359573364, 0.390500009059906, 0.3905, 0.38479045730965267, '00:42']
[24, 1.4469923973083496, 1.714937448501587, 0.39239999651908875, 0.39239999999999997, 0.387065427487455, '00:42']
[25, 1.4469465017318726, 1.7150601148605347, 0.3952000141143799, 0.3952, 0.3913681103822233, '00:40']
[26, 1.4345039129257202, 1.714968204498291, 0.3937000036239624, 0.3937, 0.38816984115960607, '00:41']
[27, 1.422341227531433, 1.7147976160049438, 0.39340001344680786, 0.3934000000000001, 0.3885985136476238, '00:41']
[28, 1.4317303895950317, 1.7150752544403076, 0.39430001378059387, 0.3943, 0.3901508603248325, '00:42']
[29, 1.414517879486084, 1.714982271194458, 0.39399999380111694, 0.394, 0.38992633121334486, '00:51']

Tiempo de entrenamiento: 1410.94 segundos
/mnt/homeGPU/haoweihu/TFG/lib/python3.10/site-packages/fastai/learner.py:455: UserWarning: load_learner` uses Python's insecure pickle module, which can execute malicious arbitrary code when loading. Only load files you trust.
If you only need to load model weights and optimizer state, use the safe `Learner.load` instead.
  warn("load_learner` uses Python's insecure pickle module, which can execute malicious arbitrary code when loading. Only load files you trust.\nIf you only need to load model weights and optimizer state, use the safe `Learner.load` instead.")
Loss: 1.7150
Accuracy: 0.3940
Recall: 0.3940
F1-Score: 0.3899
Loss: 1.7519789934158325
Accuracy: 0.3845152258872986
Recall (macro): 0.3845011119665745
F1 Score (macro): 0.38032905457397265
---------------------------------------------------------------------------
Ejecutando: cifar10_dist1_ex2
---------------------------------------------------------------------------
Número total de imágenes en entrenamiento: 8100
Número total de imágenes en validación: 10000

Clases: ['airplane', 'automobile', 'bird', 'cat', 'deer', 'dog', 'frog', 'horse', 'ship', 'truck']
[0, 2.300123453140259, 2.297729015350342, 0.11420000344514847, 0.1142, 0.04362792083794175, '01:51']
[1, 2.264118194580078, 2.2286858558654785, 0.19040000438690186, 0.1904, 0.16504294188190333, '00:50']
[2, 2.139298677444458, 2.1091079711914062, 0.2215999960899353, 0.22160000000000002, 0.19288346951446605, '00:48']
[3, 2.0166587829589844, 1.9852851629257202, 0.28110000491142273, 0.2811, 0.2597813542180769, '00:41']
[4, 1.9366345405578613, 1.9155466556549072, 0.30169999599456787, 0.3017, 0.2841983650339667, '00:41']
[5, 1.893791675567627, 1.8924318552017212, 0.3082999885082245, 0.3083, 0.28628519129288443, '00:41']
[6, 1.8389161825180054, 1.8571195602416992, 0.33079999685287476, 0.33080000000000004, 0.3167209358291061, '00:44']
[7, 1.7929567098617554, 1.8250714540481567, 0.3422999978065491, 0.3423, 0.3281096596619986, '00:49']
[8, 1.7675539255142212, 1.8316447734832764, 0.3416000008583069, 0.3416, 0.3319096693240243, '00:45']
[9, 1.7354549169540405, 1.8176370859146118, 0.3456999957561493, 0.3457, 0.3267485500390343, '00:49']
[10, 1.6932789087295532, 1.798697829246521, 0.36090001463890076, 0.3609, 0.3604434839812174, '00:46']
[11, 1.673507571220398, 1.7892907857894897, 0.3653999865055084, 0.3654, 0.3516188590770243, '00:41']
[12, 1.6380417346954346, 1.7595347166061401, 0.37529999017715454, 0.37529999999999997, 0.3678706006119018, '00:41']
[13, 1.6095967292785645, 1.7606937885284424, 0.3727000057697296, 0.3727, 0.37100811147821566, '00:50']
[14, 1.5867100954055786, 1.7787045240402222, 0.3677999973297119, 0.3678, 0.3600518801636938, '00:42']
[15, 1.5546518564224243, 1.747802734375, 0.38280001282691956, 0.3828, 0.37892785748172964, '00:42']
[16, 1.5103238821029663, 1.7380783557891846, 0.39070001244544983, 0.3907, 0.387084267229061, '00:41']
[17, 1.47654390335083, 1.7505074739456177, 0.38100001215934753, 0.381, 0.37284293064958957, '00:42']
[18, 1.4648187160491943, 1.7364650964736938, 0.39410001039505005, 0.3941, 0.38660599095659676, '00:48']
[19, 1.436743974685669, 1.7231158018112183, 0.4004000127315521, 0.40040000000000003, 0.39215886640561876, '00:42']
[20, 1.3998994827270508, 1.7398265600204468, 0.39239999651908875, 0.3924, 0.39066339632843017, '00:47']
[21, 1.3733735084533691, 1.7366842031478882, 0.3955000042915344, 0.3955, 0.39172837284016665, '00:49']
[22, 1.3657151460647583, 1.7401816844940186, 0.3978999853134155, 0.39790000000000003, 0.38699397972012545, '00:41']
[23, 1.3305515050888062, 1.7356728315353394, 0.40310001373291016, 0.40310000000000007, 0.40037936511688904, '00:41']
[24, 1.3195607662200928, 1.7383445501327515, 0.400299996137619, 0.4003, 0.3998181629865648, '00:41']
No improvement since epoch 19: early stopping

Tiempo de entrenamiento: 1184.01 segundos
/mnt/homeGPU/haoweihu/TFG/lib/python3.10/site-packages/fastai/learner.py:455: UserWarning: load_learner` uses Python's insecure pickle module, which can execute malicious arbitrary code when loading. Only load files you trust.
If you only need to load model weights and optimizer state, use the safe `Learner.load` instead.
  warn("load_learner` uses Python's insecure pickle module, which can execute malicious arbitrary code when loading. Only load files you trust.\nIf you only need to load model weights and optimizer state, use the safe `Learner.load` instead.")
Loss: 1.7383
Accuracy: 0.4003
Recall: 0.4003
F1-Score: 0.3998
Loss: 1.7326624393463135
Accuracy: 0.39553284645080566
Recall (macro): 0.3955331493455935
F1 Score (macro): 0.39462770262722463
---------------------------------------------------------------------------
Ejecutando: cifar10_dist1_ex3
---------------------------------------------------------------------------
Número total de imágenes en entrenamiento: 8100
Número total de imágenes en validación: 10000

Clases: ['airplane', 'automobile', 'bird', 'cat', 'deer', 'dog', 'frog', 'horse', 'ship', 'truck']
[0, 2.3011248111724854, 2.2995615005493164, 0.10000000149011612, 0.1, 0.01818181818181818, '01:47']
[1, 2.2838079929351807, 2.2622368335723877, 0.16220000386238098, 0.16219999999999998, 0.11648610120419411, '00:50']
[2, 2.173521041870117, 2.1387336254119873, 0.23080000281333923, 0.23079999999999998, 0.1934590504314498, '00:56']
[3, 2.076012372970581, 2.054626226425171, 0.26440000534057617, 0.2644, 0.24545133671515673, '00:50']
[4, 1.9893912076950073, 1.9903615713119507, 0.2847999930381775, 0.28480000000000005, 0.2542323597915788, '00:52']
[5, 1.9254188537597656, 2.0000739097595215, 0.2816999852657318, 0.2817, 0.2776969137676318, '00:49']
[6, 1.8736627101898193, 1.889447808265686, 0.3192000091075897, 0.31920000000000004, 0.30825212359999854, '00:49']
[7, 1.8344111442565918, 1.8430540561676025, 0.3352999985218048, 0.33530000000000004, 0.333060325167846, '00:50']
[8, 1.7984619140625, 1.8093394041061401, 0.34950000047683716, 0.34950000000000003, 0.34415955841868046, '00:51']
[9, 1.7473676204681396, 1.8133220672607422, 0.3522999882698059, 0.3523, 0.3479359723612778, '00:50']
[10, 1.7214205265045166, 1.7859617471694946, 0.3573000133037567, 0.35730000000000006, 0.34591932558675575, '00:50']
[11, 1.692585825920105, 1.778276801109314, 0.3677000105381012, 0.3677, 0.35443771172521576, '00:41']
[12, 1.6558510065078735, 1.7865798473358154, 0.362199991941452, 0.36219999999999997, 0.3535247500209676, '00:41']
[13, 1.62991201877594, 1.7504816055297852, 0.375, 0.37499999999999994, 0.3704835606280274, '00:41']
[14, 1.5962655544281006, 1.7511436939239502, 0.37549999356269836, 0.3755, 0.37162609375565464, '00:41']
[15, 1.5630462169647217, 1.7538833618164062, 0.38190001249313354, 0.3819, 0.3722046394165489, '00:45']
[16, 1.5352742671966553, 1.7569013833999634, 0.38199999928474426, 0.382, 0.375580717468884, '00:50']
[17, 1.5040565729141235, 1.7576663494110107, 0.3847000002861023, 0.3847, 0.3790784320094711, '00:41']
[18, 1.4734569787979126, 1.7465054988861084, 0.388700008392334, 0.38869999999999993, 0.3880938153671131, '00:40']
[19, 1.4564332962036133, 1.7371513843536377, 0.39239999651908875, 0.3924, 0.38821741611641525, '00:42']
[20, 1.4296096563339233, 1.7377749681472778, 0.39169999957084656, 0.39170000000000005, 0.3876518072917542, '00:44']
[21, 1.4161831140518188, 1.73676598072052, 0.39309999346733093, 0.39310000000000006, 0.3891407406007367, '00:41']
[22, 1.3804198503494263, 1.7434192895889282, 0.39410001039505005, 0.3941, 0.39046483178955466, '00:42']
[23, 1.3789323568344116, 1.7426632642745972, 0.3950999975204468, 0.39510000000000006, 0.39105442093265036, '00:41']
[24, 1.3447380065917969, 1.7393251657485962, 0.3953999876976013, 0.39540000000000003, 0.3914774011912606, '00:42']
[25, 1.340865969657898, 1.7489291429519653, 0.3953999876976013, 0.3954, 0.39310553047774544, '00:41']
[26, 1.3263802528381348, 1.743908405303955, 0.3986000120639801, 0.39859999999999995, 0.39527852049256973, '00:42']
No improvement since epoch 21: early stopping

Tiempo de entrenamiento: 1302.30 segundos
/mnt/homeGPU/haoweihu/TFG/lib/python3.10/site-packages/fastai/learner.py:455: UserWarning: load_learner` uses Python's insecure pickle module, which can execute malicious arbitrary code when loading. Only load files you trust.
If you only need to load model weights and optimizer state, use the safe `Learner.load` instead.
  warn("load_learner` uses Python's insecure pickle module, which can execute malicious arbitrary code when loading. Only load files you trust.\nIf you only need to load model weights and optimizer state, use the safe `Learner.load` instead.")
Loss: 1.7439
Accuracy: 0.3986
Recall: 0.3986
F1-Score: 0.3953
Loss: 1.7522101402282715
Accuracy: 0.38832131028175354
Recall (macro): 0.3883434769834329
F1 Score (macro): 0.3847921921722854
---------------------------------------------------------------------------
--------------------------distilld 02-----------------------------
---------------------------------------------------------------------------
---------------------------------------------------------------------------
Ejecutando: cifar10_dist2_ex1
---------------------------------------------------------------------------
Número total de imágenes en entrenamiento: 8050
Número total de imágenes en validación: 10000

Clases: ['airplane', 'automobile', 'bird', 'cat', 'deer', 'dog', 'frog', 'horse', 'ship', 'truck']
[0, 2.300645351409912, 2.2984397411346436, 0.13850000500679016, 0.1385, 0.04727596042877753, '01:55']
[1, 2.2610361576080322, 2.212778329849243, 0.18469999730587006, 0.18470000000000003, 0.14267404165141936, '00:44']
[2, 2.154083251953125, 2.1054306030273438, 0.23989999294281006, 0.2399, 0.22745219162432537, '00:41']
[3, 2.0373072624206543, 2.018103837966919, 0.2621999979019165, 0.2622, 0.2449384836788689, '00:50']
[4, 1.963356614112854, 1.9416593313217163, 0.29679998755455017, 0.2968, 0.2780915268552352, '00:47']
[5, 1.9097157716751099, 1.9170775413513184, 0.3003999888896942, 0.3004, 0.29391042570188924, '00:49']
[6, 1.8723180294036865, 1.8945034742355347, 0.31380000710487366, 0.31379999999999997, 0.2950452209638691, '00:41']
[7, 1.8557324409484863, 1.855774998664856, 0.32989999651908875, 0.32989999999999997, 0.32183259163476247, '00:46']
[8, 1.815826654434204, 1.854132056236267, 0.32850000262260437, 0.3284999999999999, 0.32017808761661354, '00:41']
[9, 1.7902644872665405, 1.840277910232544, 0.3418999910354614, 0.3419, 0.33665873360405646, '00:42']
[10, 1.7602695226669312, 1.8189871311187744, 0.3472000062465668, 0.3472, 0.33511042299630084, '00:43']
[11, 1.7174246311187744, 1.845983624458313, 0.33739998936653137, 0.33740000000000003, 0.3316284916609525, '00:44']
[12, 1.6847118139266968, 1.8255177736282349, 0.34929999709129333, 0.34930000000000005, 0.34412588643347586, '00:46']
[13, 1.6545426845550537, 1.7954556941986084, 0.3580999970436096, 0.35810000000000003, 0.3481826342610169, '00:50']
[14, 1.6134973764419556, 1.7950971126556396, 0.36250001192092896, 0.3625, 0.35729214133109793, '00:53']
[15, 1.591854453086853, 1.8070677518844604, 0.3569999933242798, 0.357, 0.3543259112360351, '00:51']
[16, 1.5527209043502808, 1.8075437545776367, 0.36419999599456787, 0.36419999999999997, 0.35370342618337614, '00:49']
[17, 1.5186184644699097, 1.7890530824661255, 0.3702999949455261, 0.37029999999999996, 0.362590954995538, '00:41']
[18, 1.473435401916504, 1.8072717189788818, 0.36579999327659607, 0.3658, 0.35817407624372677, '00:41']
[19, 1.4459359645843506, 1.801265835762024, 0.3662000000476837, 0.36619999999999997, 0.36581417888434636, '00:41']
[20, 1.428370475769043, 1.806773066520691, 0.37130001187324524, 0.37129999999999996, 0.3692354021913332, '00:41']
[21, 1.3822914361953735, 1.8252644538879395, 0.37209999561309814, 0.3721, 0.3626207511266033, '00:41']
[22, 1.367837905883789, 1.8237767219543457, 0.3686000108718872, 0.3686, 0.3664638560983759, '00:43']
No improvement since epoch 17: early stopping

Tiempo de entrenamiento: 1112.46 segundos
/mnt/homeGPU/haoweihu/TFG/lib/python3.10/site-packages/fastai/learner.py:455: UserWarning: load_learner` uses Python's insecure pickle module, which can execute malicious arbitrary code when loading. Only load files you trust.
If you only need to load model weights and optimizer state, use the safe `Learner.load` instead.
  warn("load_learner` uses Python's insecure pickle module, which can execute malicious arbitrary code when loading. Only load files you trust.\nIf you only need to load model weights and optimizer state, use the safe `Learner.load` instead.")
Loss: 1.8238
Accuracy: 0.3686
Recall: 0.3686
F1-Score: 0.3665
Loss: 1.84406316280365
Accuracy: 0.37099358439445496
Recall (macro): 0.370998332343797
F1 Score (macro): 0.3682920838108665
---------------------------------------------------------------------------
--------------------------distilld 04-----------------------------
---------------------------------------------------------------------------
---------------------------------------------------------------------------
Ejecutando: cifar10_dist4_ex1
---------------------------------------------------------------------------
Número total de imágenes en entrenamiento: 8030
Número total de imágenes en validación: 10000

Clases: ['airplane', 'automobile', 'bird', 'cat', 'deer', 'dog', 'frog', 'horse', 'ship', 'truck']
[0, 2.302377223968506, 2.301602840423584, 0.09969999641180038, 0.0997, 0.023074246414584557, '01:44']
[1, 2.2926228046417236, 2.2777462005615234, 0.16349999606609344, 0.1635, 0.12424620698553417, '00:41']
[2, 2.2038393020629883, 2.175506353378296, 0.21570000052452087, 0.2157, 0.19360802276907502, '00:41']
[3, 2.117508888244629, 2.0664737224578857, 0.2711000144481659, 0.2711, 0.25960532550698795, '00:41']
[4, 2.0055887699127197, 2.023681879043579, 0.25619998574256897, 0.25620000000000004, 0.2278356259966583, '00:45']
[5, 1.9518473148345947, 1.9324642419815063, 0.3073999881744385, 0.3074, 0.30131813505289734, '00:49']
[6, 1.8966124057769775, 1.925239086151123, 0.30790001153945923, 0.3079, 0.3003915658691021, '00:42']
[7, 1.8573617935180664, 1.8936705589294434, 0.320499986410141, 0.3205, 0.31727882377147376, '00:58']
[8, 1.8155497312545776, 1.8714531660079956, 0.33309999108314514, 0.3331, 0.32637419909612675, '00:46']
[9, 1.7814332246780396, 1.852118968963623, 0.3368000090122223, 0.33680000000000004, 0.33209804411943394, '00:41']
[10, 1.755778193473816, 1.8274877071380615, 0.3483000099658966, 0.3483, 0.33958336694076985, '00:41']
[11, 1.7090376615524292, 1.8378757238388062, 0.3506999909877777, 0.3507, 0.34157835976558315, '00:41']
[12, 1.6753300428390503, 1.821717619895935, 0.35519999265670776, 0.3552, 0.34333029424197925, '00:41']
[13, 1.6349070072174072, 1.8332607746124268, 0.3562000095844269, 0.35619999999999996, 0.3554333759146434, '00:41']
[14, 1.598944067955017, 1.796318769454956, 0.3691999912261963, 0.3692, 0.367091617171744, '00:48']
[15, 1.5358003377914429, 1.8250242471694946, 0.3718000054359436, 0.37179999999999996, 0.3635434936945269, '00:45']
[16, 1.5108164548873901, 1.812872052192688, 0.367900013923645, 0.36790000000000006, 0.3619987885224889, '00:42']
[17, 1.4821736812591553, 1.8237019777297974, 0.3686000108718872, 0.3686, 0.3618266651130632, '00:41']
[18, 1.4675604104995728, 1.8366490602493286, 0.36559998989105225, 0.3656, 0.35878446811801534, '00:40']
[19, 1.4322468042373657, 1.811476707458496, 0.37709999084472656, 0.37710000000000005, 0.36972708003693333, '00:43']
No improvement since epoch 14: early stopping

Tiempo de entrenamiento: 941.05 segundos
/mnt/homeGPU/haoweihu/TFG/lib/python3.10/site-packages/fastai/learner.py:455: UserWarning: load_learner` uses Python's insecure pickle module, which can execute malicious arbitrary code when loading. Only load files you trust.
If you only need to load model weights and optimizer state, use the safe `Learner.load` instead.
  warn("load_learner` uses Python's insecure pickle module, which can execute malicious arbitrary code when loading. Only load files you trust.\nIf you only need to load model weights and optimizer state, use the safe `Learner.load` instead.")
Loss: 1.8115
Accuracy: 0.3771
Recall: 0.3771
F1-Score: 0.3697
Loss: 1.8104373216629028
Accuracy: 0.37159454822540283
Recall (macro): 0.3716173149084908
F1 Score (macro): 0.36508343631316

