---------------------------------------------------------------------------
--------------------------MNIST DISTILLED 01--------------------------------
---------------------------------------------------------------------------
---------------------------------------------------------------------------
Ejecutando: mnist_dist1_ex1
---------------------------------------------------------------------------
Número total de imágenes en entrenamiento: 9714
Número total de imágenes en validación: 11996

Clases: ['0', '1', '2', '3', '4', '5', '6', '7', '8', '9']
[0, 2.2707316875457764, 2.2425265312194824, 0.20831944048404694, 0.20980742128618496, 0.10480097639445014, '02:39']
[1, 1.6761715412139893, 1.2176589965820312, 0.6866455674171448, 0.6798227450526464, 0.6665589387575243, '01:01']
[2, 0.6578519344329834, 0.5346236228942871, 0.8344448208808899, 0.8320817984641191, 0.8349583134494878, '01:00']
[3, 0.42803508043289185, 0.40342599153518677, 0.8617038726806641, 0.8601672901959077, 0.8555678415940493, '01:04']
[4, 0.3040826916694641, 0.2526211142539978, 0.9190563559532166, 0.9181954740242204, 0.9183018226293049, '01:00']
[5, 0.22112661600112915, 0.19922123849391937, 0.9380626678466797, 0.9376794160273849, 0.93779917706688, '01:01']
[6, 0.17727333307266235, 0.15489564836025238, 0.9513171315193176, 0.9510136919114291, 0.9509653711976267, '01:00']
[7, 0.14419890940189362, 0.13930921256542206, 0.9563187956809998, 0.9556752512925438, 0.9560382068306004, '01:00']
[8, 0.13613346219062805, 0.1230914369225502, 0.9612370729446411, 0.9612478499086095, 0.9609951675016948, '01:00']
[9, 0.10473410785198212, 0.1343095600605011, 0.9589029550552368, 0.9578225794548778, 0.9583823460007281, '01:01']
[10, 0.07903548330068588, 0.10614392906427383, 0.9672390818595886, 0.966724926867861, 0.9669142325194393, '01:13']
[11, 0.07860663533210754, 0.0964186042547226, 0.97024005651474, 0.9698383261088239, 0.9698814349157028, '01:06']
[12, 0.05759204551577568, 0.11539973318576813, 0.9665721654891968, 0.9661737676587945, 0.966214682294478, '00:59']
[13, 0.052990034222602844, 0.0952630341053009, 0.9708235859870911, 0.9704440917236143, 0.9704564650027381, '01:02']
[14, 0.04561411961913109, 0.09841804206371307, 0.9715738296508789, 0.9708605271113869, 0.971207743409703, '00:56']
[15, 0.03698592260479927, 0.09305219352245331, 0.9740747213363647, 0.9737900315978413, 0.9737804188528958, '00:58']
[16, 0.032990895211696625, 0.09929115325212479, 0.9706568717956543, 0.9701066758010704, 0.9704267012025605, '00:56']
[17, 0.0263709407299757, 0.10076812654733658, 0.9712404012680054, 0.9707741433254439, 0.9709091189135972, '00:56']
[18, 0.02305891364812851, 0.09139588475227356, 0.9750750064849854, 0.9747212046386808, 0.9748436587921787, '01:05']
[19, 0.01672798953950405, 0.0955466702580452, 0.9747415781021118, 0.9741854566048358, 0.9744026352200867, '01:11']
[20, 0.011776539497077465, 0.09240561723709106, 0.9750750064849854, 0.9745929316710169, 0.9747893407418726, '00:58']
[21, 0.009588053449988365, 0.09162329137325287, 0.9753251075744629, 0.9748939416926283, 0.975026935507954, '01:00']
[22, 0.005490956827998161, 0.09318037331104279, 0.9769089818000793, 0.9765382688109521, 0.9766766287014681, '00:59']
[23, 0.005983562674373388, 0.09429386258125305, 0.9769089818000793, 0.9766298461594992, 0.9766849769932369, '00:59']
No improvement since epoch 18: early stopping

Tiempo de entrenamiento: 1577.55 segundos
/mnt/homeGPU/haoweihu/TFG/lib/python3.10/site-packages/fastai/learner.py:455: UserWarning: load_learner` uses Python's insecure pickle module, which can execute malicious arbitrary code when loading. Only load files you trust.
If you only need to load model weights and optimizer state, use the safe `Learner.load` instead.
  warn("load_learner` uses Python's insecure pickle module, which can execute malicious arbitrary code when loading. Only load files you trust.\nIf you only need to load model weights and optimizer state, use the safe `Learner.load` instead.")
Loss: 0.0943
Accuracy: 0.9769
Recall: 0.9766
F1-Score: 0.9767
Loss: 0.07289621978998184
Accuracy: 0.9809695482254028
Recall (macro): 0.9808371672692953
F1 Score (macro): 0.9808727918436271
---------------------------------------------------------------------------
Ejecutando: mnist_dist1_ex2
---------------------------------------------------------------------------
Número total de imágenes en entrenamiento: 9714
Número total de imágenes en validación: 11996

Clases: ['0', '1', '2', '3', '4', '5', '6', '7', '8', '9']
[0, 2.276726007461548, 2.2502596378326416, 0.31001999974250793, 0.3101652285296776, 0.2056860170711338, '02:33']
[1, 1.6165175437927246, 1.055064082145691, 0.755668580532074, 0.7493170149654205, 0.743209812884939, '01:18']
[2, 0.5991804599761963, 0.4670417904853821, 0.8632877469062805, 0.8614588070215495, 0.8611453299807602, '01:06']
[3, 0.3858869969844818, 0.357692688703537, 0.8899633288383484, 0.8881586316923187, 0.8882965370723624, '01:00']
[4, 0.2617017924785614, 0.24371032416820526, 0.9280593395233154, 0.9279371062925608, 0.927865190550406, '00:58']
[5, 0.2071145623922348, 0.18972860276699066, 0.9402300715446472, 0.9399133561457085, 0.9399431998488612, '00:57']
[6, 0.15709218382835388, 0.1620422899723053, 0.9519006609916687, 0.9516141090044019, 0.9514124882902152, '00:57']
[7, 0.1307271271944046, 0.1333761066198349, 0.9589029550552368, 0.9586508029053198, 0.9586741279506852, '00:57']
[8, 0.11255107820034027, 0.11594578623771667, 0.9648216366767883, 0.9642083665148284, 0.9645166090176591, '00:58']
[9, 0.09813683480024338, 0.11437226086854935, 0.9635711908340454, 0.9632190474235385, 0.9633001784071092, '00:57']
[10, 0.07302620261907578, 0.14439819753170013, 0.9590696692466736, 0.9576081983763608, 0.9580159969095607, '00:57']
[11, 0.0648755133152008, 0.11535241454839706, 0.9660720229148865, 0.9657147718089835, 0.9658161464053917, '00:56']
[12, 0.060887835919857025, 0.10777956992387772, 0.9670723676681519, 0.9667398765288352, 0.9669880428056858, '01:10']
[13, 0.05149136483669281, 0.09848671406507492, 0.9712404012680054, 0.9712369941758962, 0.9712067574320509, '01:19']
[14, 0.03665858134627342, 0.09121852368116379, 0.973991334438324, 0.9737794052116895, 0.9738118794457845, '01:00']
[15, 0.03357332572340965, 0.09478796273469925, 0.9725741744041443, 0.9727602813170527, 0.9724288321140693, '00:57']
[16, 0.02931305579841137, 0.09084641188383102, 0.974658191204071, 0.974257948786599, 0.9744739474566408, '01:01']
[17, 0.024641547352075577, 0.11021160334348679, 0.9707402586936951, 0.9707435878143809, 0.97064345568091, '01:06']
[18, 0.02074694260954857, 0.09889430552721024, 0.9723241329193115, 0.9721636473483922, 0.9721898385001936, '01:00']
[19, 0.01113882102072239, 0.09880349040031433, 0.9753251075744629, 0.9752640627376141, 0.9750775948385891, '00:58']
[20, 0.009238755330443382, 0.10177845507860184, 0.9750750064849854, 0.9746926689766109, 0.9749198043257141, '00:58']
[21, 0.006097101606428623, 0.10580185800790787, 0.9752417206764221, 0.975191515837054, 0.9751895816230851, '00:57']
No improvement since epoch 16: early stopping

Tiempo de entrenamiento: 1452.41 segundos
/mnt/homeGPU/haoweihu/TFG/lib/python3.10/site-packages/fastai/learner.py:455: UserWarning: load_learner` uses Python's insecure pickle module, which can execute malicious arbitrary code when loading. Only load files you trust.
If you only need to load model weights and optimizer state, use the safe `Learner.load` instead.
  warn("load_learner` uses Python's insecure pickle module, which can execute malicious arbitrary code when loading. Only load files you trust.\nIf you only need to load model weights and optimizer state, use the safe `Learner.load` instead.")
Loss: 0.1058
Accuracy: 0.9752
Recall: 0.9752
F1-Score: 0.9752
Loss: 0.08865698426961899
Accuracy: 0.9778645634651184
Recall (macro): 0.9775163122044498
F1 Score (macro): 0.9776405595116817
---------------------------------------------------------------------------
Ejecutando: mnist_dist1_ex3
---------------------------------------------------------------------------
Número total de imágenes en entrenamiento: 9714
Número total de imágenes en validación: 11996

Clases: ['0', '1', '2', '3', '4', '5', '6', '7', '8', '9']
[0, 2.2681710720062256, 2.238347053527832, 0.47082361578941345, 0.4556048468835896, 0.3519347033668703, '02:26']
[1, 1.5604599714279175, 1.0500050783157349, 0.7036511898040771, 0.6970472961613219, 0.6788406269894363, '00:58']
[2, 0.6199876070022583, 0.4869244694709778, 0.8601200580596924, 0.8579754443293478, 0.8579685270345093, '00:56']
[3, 0.38629186153411865, 0.3467407524585724, 0.8983827829360962, 0.897405779397395, 0.8973998011786474, '00:58']
[4, 0.2831565737724304, 0.2794928252696991, 0.9164721369743347, 0.9159366328607786, 0.9157823732319921, '01:04']
[5, 0.21841460466384888, 0.20701342821121216, 0.9373958110809326, 0.9370267613779684, 0.9373186709508253, '01:01']
[6, 0.1573352813720703, 0.17307451367378235, 0.9473157525062561, 0.9467978582545673, 0.9467781293000787, '01:18']
[7, 0.14728333055973053, 0.13943219184875488, 0.9569856524467468, 0.9568055453028406, 0.9566665889328076, '01:24']
[8, 0.11561555415391922, 0.1438339650630951, 0.9559019804000854, 0.955691657630181, 0.9555605784936445, '01:07']
[9, 0.10002332180738449, 0.12474855035543442, 0.9609036445617676, 0.960222616928068, 0.9606248376683121, '01:11']
[10, 0.0909217968583107, 0.11996354162693024, 0.962487518787384, 0.9616732472439864, 0.9622154092627287, '01:04']
[11, 0.07919829338788986, 0.121235691010952, 0.9609036445617676, 0.9605990913491477, 0.960414368614616, '01:39']
[12, 0.06359658390283585, 0.11233322322368622, 0.9675725102424622, 0.967588916172096, 0.9674370768670137, '01:16']
[13, 0.053843751549720764, 0.09334493428468704, 0.9707402586936951, 0.9705374061281564, 0.9705630501403254, '01:08']
[14, 0.042635221034288406, 0.09493459761142731, 0.9708235859870911, 0.9707222801775653, 0.9705604560094374, '01:06']
[15, 0.03690919280052185, 0.09559718519449234, 0.9712404012680054, 0.9709973620402564, 0.9710469766784176, '01:11']
[16, 0.028831224888563156, 0.09931565076112747, 0.9714905023574829, 0.971546044553514, 0.9714670491498903, '01:08']
[17, 0.024991566315293312, 0.0981583371758461, 0.972740888595581, 0.9726750895773029, 0.9726917431848887, '01:08']
[18, 0.016066988930106163, 0.10610338300466537, 0.9726575613021851, 0.9726677011463425, 0.9725626809552461, '01:07']
No improvement since epoch 13: early stopping

Tiempo de entrenamiento: 1400.89 segundos
/mnt/homeGPU/haoweihu/TFG/lib/python3.10/site-packages/fastai/learner.py:455: UserWarning: load_learner` uses Python's insecure pickle module, which can execute malicious arbitrary code when loading. Only load files you trust.
If you only need to load model weights and optimizer state, use the safe `Learner.load` instead.
  warn("load_learner` uses Python's insecure pickle module, which can execute malicious arbitrary code when loading. Only load files you trust.\nIf you only need to load model weights and optimizer state, use the safe `Learner.load` instead.")
Loss: 0.1061
Accuracy: 0.9727
Recall: 0.9727
F1-Score: 0.9726
Loss: 0.07070641964673996
Accuracy: 0.9781650900840759
Recall (macro): 0.9782338363943902
F1 Score (macro): 0.9780989864553687
--------------------------distilld 02-----------------------------
---------------------------------------------------------------------------
Ejecutando: mnist_dist2_ex1
---------------------------------------------------------------------------
Número total de imágenes en entrenamiento: 9663
Número total de imágenes en validación: 11996

Clases: ['0', '1', '2', '3', '4', '5', '6', '7', '8', '9']
[0, 2.2761969566345215, 2.2518727779388428, 0.27209070324897766, 0.2743931621687839, 0.20999744270223797, '02:31']
[1, 1.6740467548370361, 1.1877044439315796, 0.698566198348999, 0.6895650086082199, 0.6740654612227761, '00:59']
[2, 0.714040994644165, 0.5998372435569763, 0.815355122089386, 0.8123441038420752, 0.8142454105464942, '01:01']
[3, 0.4387602210044861, 0.3962855637073517, 0.8872957825660706, 0.886406061512693, 0.8859973517357898, '01:26']
[4, 0.32258370518684387, 0.30875062942504883, 0.9079692959785461, 0.9073548468001134, 0.9068871456957247, '01:20']
[5, 0.23545286059379578, 0.24059529602527618, 0.9253917932510376, 0.924262560551505, 0.9252146573491393, '01:09']
[6, 0.18324588239192963, 0.18498477339744568, 0.9450650215148926, 0.945121329101687, 0.9448296991921851, '01:09']
[7, 0.14030715823173523, 0.1475614607334137, 0.9566522240638733, 0.9563802901627734, 0.9564078642458315, '01:12']
[8, 0.11517885327339172, 0.13094954192638397, 0.960570216178894, 0.960122431582121, 0.9603708596431282, '01:22']
[9, 0.10532553493976593, 0.12281902879476547, 0.9613204598426819, 0.960830742469108, 0.961017971139652, '01:14']
[10, 0.0884435698390007, 0.12781186401844025, 0.9616538882255554, 0.9616509765595416, 0.9614737830658274, '01:09']
[11, 0.07202418148517609, 0.12677393853664398, 0.9609869718551636, 0.9606712978131181, 0.960821968966836, '01:13']
[12, 0.06389705836772919, 0.10771798342466354, 0.96832275390625, 0.9681284760166669, 0.9682368447418053, '01:07']
[13, 0.05230388045310974, 0.10252726078033447, 0.9700733423233032, 0.9698866412264536, 0.9699389676602113, '01:02']
[14, 0.0470435656607151, 0.11051450669765472, 0.9692397713661194, 0.9692441517838273, 0.9690244251795876, '00:59']
[15, 0.04085691645741463, 0.10334279388189316, 0.9716572165489197, 0.9713743944233532, 0.9714987303147856, '01:01']
[16, 0.03225157782435417, 0.11464951187372208, 0.9696565270423889, 0.969594646320199, 0.9694479760499656, '01:00']
[17, 0.02456381544470787, 0.11869169771671295, 0.9698233008384705, 0.9696695597007496, 0.9696748221557658, '01:02']
[18, 0.02057293802499771, 0.10879196971654892, 0.9711570739746094, 0.9710407147052376, 0.9710018245693719, '01:00']
No improvement since epoch 13: early stopping

Tiempo de entrenamiento: 1384.86 segundos
/mnt/homeGPU/haoweihu/TFG/lib/python3.10/site-packages/fastai/learner.py:455: UserWarning: load_learner` uses Python's insecure pickle module, which can execute malicious arbitrary code when loading. Only load files you trust.
If you only need to load model weights and optimizer state, use the safe `Learner.load` instead.
  warn("load_learner` uses Python's insecure pickle module, which can execute malicious arbitrary code when loading. Only load files you trust.\nIf you only need to load model weights and optimizer state, use the safe `Learner.load` instead.")
Loss: 0.1088
Accuracy: 0.9712
Recall: 0.9710
F1-Score: 0.9710
Loss: 0.08802364766597748
Accuracy: 0.9768629670143127
Recall (macro): 0.976583012670908
F1 Score (macro): 0.9766426735267217
---------------------------------------------------------------------------
--------------------------distilld 04-----------------------------
---------------------------------------------------------------------------
---------------------------------------------------------------------------
Ejecutando: mnist_dist4_ex1
---------------------------------------------------------------------------
Número total de imágenes en entrenamiento: 9634
Número total de imágenes en validación: 11996

Clases: ['0', '1', '2', '3', '4', '5', '6', '7', '8', '9']
[0, 2.28267765045166, 2.2646703720092773, 0.39996665716171265, 0.39223977252151, 0.2951182503341451, '02:50']
[1, 1.754968285560608, 1.2480881214141846, 0.708652913570404, 0.7015780711814139, 0.6906597526186375, '01:06']
[2, 0.6678210496902466, 0.5355923771858215, 0.8340280055999756, 0.8306797959622252, 0.8311390179780457, '01:07']
[3, 0.4281271994113922, 0.39253324270248413, 0.8825441598892212, 0.881099114514921, 0.8809290323450607, '01:11']
[4, 0.3189322352409363, 0.3008132874965668, 0.9082193970680237, 0.9081487088213814, 0.907724869661438, '00:57']
[5, 0.245477095246315, 0.2243228256702423, 0.9343947768211365, 0.9336033844769387, 0.9339915230054787, '00:59']
[6, 0.1917160302400589, 0.1945381760597229, 0.9392297267913818, 0.9384714565391569, 0.9393573437329081, '00:59']
[7, 0.15936659276485443, 0.15970614552497864, 0.9497332572937012, 0.9489367590990238, 0.9496575340067188, '00:58']
[8, 0.13135677576065063, 0.1453344225883484, 0.9559019804000854, 0.9558603716853206, 0.9557172735586326, '00:56']
[9, 0.10388457775115967, 0.1473691314458847, 0.9538179636001587, 0.9535003918565927, 0.9532161702736938, '00:57']
[10, 0.08936303853988647, 0.1202845424413681, 0.9631543755531311, 0.9628388596969986, 0.9628475127729601, '00:56']
[11, 0.07834053784608841, 0.11305613070726395, 0.9641547203063965, 0.9637055805612057, 0.9640329156000957, '00:56']
[12, 0.060477469116449356, 0.10250493139028549, 0.9685728549957275, 0.9686821293838636, 0.9683952859528748, '01:00']
[13, 0.050914522260427475, 0.10027161240577698, 0.9699066281318665, 0.9697324546109524, 0.969758997465342, '00:58']
[14, 0.045610565692186356, 0.10959169268608093, 0.9699066281318665, 0.9694820852094022, 0.9698243395407937, '00:58']
[15, 0.03426202014088631, 0.10601215064525604, 0.970156729221344, 0.9699961774887799, 0.9700602489727539, '00:57']
[16, 0.030164526775479317, 0.10884109884500504, 0.9707402586936951, 0.9704919677961849, 0.970585055733272, '00:57']
[17, 0.022882862016558647, 0.12327562272548676, 0.9686562418937683, 0.9684335700365277, 0.9686070929894139, '00:57']
[18, 0.015414295718073845, 0.09757746011018753, 0.973991334438324, 0.9739771909353403, 0.9738468918727092, '00:57']
[19, 0.010755003429949284, 0.10571258515119553, 0.9735745191574097, 0.9736796251634343, 0.9734907587915581, '00:57']
[20, 0.008572863414883614, 0.1044386699795723, 0.9743247628211975, 0.9743230452684871, 0.9741806602672323, '00:57']
[21, 0.0052459388971328735, 0.12196424603462219, 0.9729909896850586, 0.9728229859847698, 0.9728277020758572, '00:59']
[22, 0.004351108800619841, 0.11070698499679565, 0.974574863910675, 0.9744469405405664, 0.974407455746438, '00:59']
[23, 0.002202802337706089, 0.11340396106243134, 0.9754084944725037, 0.9752542958411953, 0.9752619860766789, '00:58']
No improvement since epoch 18: early stopping

Tiempo de entrenamiento: 1539.04 segundos
/mnt/homeGPU/haoweihu/TFG/lib/python3.10/site-packages/fastai/learner.py:455: UserWarning: load_learner` uses Python's insecure pickle module, which can execute malicious arbitrary code when loading. Only load files you trust.
If you only need to load model weights and optimizer state, use the safe `Learner.load` instead.
  warn("load_learner` uses Python's insecure pickle module, which can execute malicious arbitrary code when loading. Only load files you trust.\nIf you only need to load model weights and optimizer state, use the safe `Learner.load` instead.")
Loss: 0.1134
Accuracy: 0.9754
Recall: 0.9753
F1-Score: 0.9753
Loss: 0.08496350795030594
Accuracy: 0.9800680875778198
Recall (macro): 0.9799537836246008
F1 Score (macro): 0.9800232260309156
mail: cannot send message: Process exited with a non-zero status
