---------------------------------------------------------------------------
--------------------------MODELOS DISTILLED 001-----------------------------
---------------------------------------------------------------------------
---------------------------------------------------------------------------
Ejecutando: cifar10_dist1_exclude_ex1
---------------------------------------------------------------------------
Número total de imágenes en entrenamiento: 8000
Número total de imágenes en validación: 10000

Clases: ['airplane', 'automobile', 'bird', 'cat', 'deer', 'dog', 'frog', 'horse', 'ship', 'truck']
[0, 2.301485776901245, 2.3002326488494873, 0.1242000013589859, 0.1242, 0.05298579757685633, '02:47']
[1, 2.2939391136169434, 2.284282922744751, 0.15870000422000885, 0.15869999999999998, 0.106261798720095, '00:54']
[2, 2.2351365089416504, 2.2098166942596436, 0.1679999977350235, 0.168, 0.11485656319758579, '00:50']
[3, 2.1492981910705566, 2.1117327213287354, 0.2142000049352646, 0.21420000000000003, 0.16358054031122554, '00:51']
[4, 2.055431842803955, 2.0512948036193848, 0.24639999866485596, 0.24639999999999995, 0.21778858315491254, '00:50']
[5, 1.9439646005630493, 1.891292929649353, 0.31949999928474426, 0.31949999999999995, 0.311783408332765, '00:48']
[6, 1.8453166484832764, 1.8030574321746826, 0.3587999939918518, 0.3588, 0.3453795723135428, '00:52']
[7, 1.7896480560302734, 1.779356837272644, 0.36169999837875366, 0.36169999999999997, 0.34291906431515085, '00:53']
[8, 1.7312917709350586, 1.742922067642212, 0.37560001015663147, 0.37560000000000004, 0.36233640150465624, '00:50']
[9, 1.679278016090393, 1.751262903213501, 0.3634999990463257, 0.36350000000000005, 0.3571424735850822, '00:50']
[10, 1.6661999225616455, 1.708692193031311, 0.39500001072883606, 0.395, 0.3822930237761403, '00:50']
[11, 1.623765468597412, 1.6657402515411377, 0.4090000092983246, 0.409, 0.4019707365574331, '00:50']
[12, 1.602681279182434, 1.6732882261276245, 0.39989998936653137, 0.3999, 0.39022873371116484, '00:49']
[13, 1.57483971118927, 1.6621601581573486, 0.40779998898506165, 0.40780000000000005, 0.40035703859147526, '00:48']
[14, 1.5519737005233765, 1.6528139114379883, 0.4138999879360199, 0.41390000000000005, 0.4144258762144994, '00:49']
[15, 1.513885259628296, 1.6515181064605713, 0.41850000619888306, 0.41850000000000004, 0.41398144242276524, '00:49']
[16, 1.4994995594024658, 1.6402710676193237, 0.4147999882698059, 0.41479999999999995, 0.40974311579674766, '00:47']
[17, 1.4590080976486206, 1.6324690580368042, 0.4171999990940094, 0.41719999999999996, 0.4152720818942763, '00:49']
[18, 1.4473053216934204, 1.6272647380828857, 0.4262999892234802, 0.4263, 0.41873785222757, '00:49']
[19, 1.4471900463104248, 1.6293290853500366, 0.4291999936103821, 0.42919999999999997, 0.4202748134521424, '00:50']
[20, 1.4283359050750732, 1.624945878982544, 0.42800000309944153, 0.42800000000000005, 0.42174295040826904, '00:50']
[21, 1.4064925909042358, 1.6195496320724487, 0.42739999294281006, 0.4274, 0.422918638850547, '00:48']
[22, 1.3790401220321655, 1.6189355850219727, 0.4366999864578247, 0.4367, 0.42756828222943766, '00:48']
[23, 1.3766043186187744, 1.6115972995758057, 0.43320000171661377, 0.4332, 0.4308961149001398, '00:50']
[24, 1.360068917274475, 1.610366940498352, 0.4334999918937683, 0.4335000000000001, 0.42729964158433775, '00:50']
[25, 1.341375470161438, 1.6055952310562134, 0.44119998812675476, 0.4412, 0.4359689388706044, '00:50']
[26, 1.332295536994934, 1.604135513305664, 0.438400000333786, 0.4384, 0.4334035930034917, '00:50']
[27, 1.3299658298492432, 1.6037929058074951, 0.4372999966144562, 0.4372999999999999, 0.43296504000594416, '00:49']
[28, 1.3190280199050903, 1.602310299873352, 0.43959999084472656, 0.4396000000000001, 0.4362275974526266, '00:50']
[29, 1.319743275642395, 1.6022037267684937, 0.43950000405311584, 0.43950000000000006, 0.4363997829175544, '00:49']

Tiempo de entrenamiento: 1625.14 segundos
/mnt/homeGPU/haoweihu/TFG/lib/python3.10/site-packages/fastai/learner.py:455: UserWarning: load_learner` uses Python's insecure pickle module, which can execute malicious arbitrary code when loading. Only load files you trust.
If you only need to load model weights and optimizer state, use the safe `Learner.load` instead.
  warn("load_learner` uses Python's insecure pickle module, which can execute malicious arbitrary code when loading. Only load files you trust.\nIf you only need to load model weights and optimizer state, use the safe `Learner.load` instead.")
Loss: 1.6022
Accuracy: 0.4395
Recall: 0.4395
F1-Score: 0.4364
Loss: 1.5782560110092163
Accuracy: 0.4446113705635071
Recall (macro): 0.4445837813803898
F1 Score (macro): 0.4418165428735702
---------------------------------------------------------------------------
Ejecutando: cifar10_dist1_exclude_ex1
---------------------------------------------------------------------------
Número total de imágenes en entrenamiento: 8000
Número total de imágenes en validación: 10000

Clases: ['airplane', 'automobile', 'bird', 'cat', 'deer', 'dog', 'frog', 'horse', 'ship', 'truck']
[0, 2.302969217300415, 2.302523136138916, 0.13650000095367432, 0.1365, 0.0553975566385775, '02:17']
[1, 2.293523073196411, 2.2818589210510254, 0.19599999487400055, 0.196, 0.12816475768540475, '00:51']
[2, 2.175628185272217, 2.1173434257507324, 0.21040000021457672, 0.2104, 0.1783787855917335, '00:49']
[3, 2.033609390258789, 2.036595106124878, 0.24320000410079956, 0.2432, 0.19942559555753755, '00:50']
[4, 1.958390235900879, 1.930868148803711, 0.29420000314712524, 0.2942, 0.27149943865588166, '00:50']
[5, 1.9050142765045166, 1.8792067766189575, 0.31380000710487366, 0.3138, 0.29591199614254715, '00:50']
[6, 1.8390871286392212, 1.8621244430541992, 0.32280001044273376, 0.32280000000000003, 0.3041568669052343, '00:54']
[7, 1.78181791305542, 1.7924758195877075, 0.3474000096321106, 0.34740000000000004, 0.3256986149356752, '00:48']
[8, 1.772227168083191, 1.797079086303711, 0.34279999136924744, 0.34280000000000005, 0.32980744784599053, '00:51']
[9, 1.7235678434371948, 1.7183645963668823, 0.3734999895095825, 0.3735, 0.3629897913476501, '00:50']
[10, 1.6861780881881714, 1.7096537351608276, 0.3767000138759613, 0.37670000000000003, 0.3636874788733976, '00:49']
[11, 1.6779279708862305, 1.7262089252471924, 0.37459999322891235, 0.3746, 0.3730588674827976, '00:54']
[12, 1.6392937898635864, 1.6741665601730347, 0.38960000872612, 0.3896, 0.3790732336330308, '00:55']
[13, 1.6091092824935913, 1.6613411903381348, 0.40230000019073486, 0.40230000000000005, 0.3978594023208718, '00:53']
[14, 1.5883857011795044, 1.6423097848892212, 0.4025999903678894, 0.40259999999999996, 0.39290259320423127, '00:57']
[15, 1.5730257034301758, 1.638509750366211, 0.4059999883174896, 0.406, 0.39025547890491286, '00:50']
[16, 1.5417349338531494, 1.625929832458496, 0.4147000014781952, 0.41469999999999996, 0.41133297705282235, '00:49']
[17, 1.521742820739746, 1.622978687286377, 0.41269999742507935, 0.41269999999999996, 0.4042187664194293, '00:50']
[18, 1.52255117893219, 1.6020931005477905, 0.4251999855041504, 0.42519999999999997, 0.4172842102727052, '00:49']
[19, 1.5072041749954224, 1.605670690536499, 0.42289999127388, 0.4229, 0.41428790422518774, '00:50']
[20, 1.4874117374420166, 1.5881296396255493, 0.4332999885082245, 0.4332999999999999, 0.42753791508172795, '00:53']
[21, 1.476349949836731, 1.585553526878357, 0.43130001425743103, 0.43129999999999996, 0.4281617527958601, '00:50']
[22, 1.4673370122909546, 1.5956720113754272, 0.4275999963283539, 0.4276, 0.4229625551131286, '00:50']
[23, 1.4524577856063843, 1.576122522354126, 0.4339999854564667, 0.43400000000000005, 0.425725165366476, '00:51']
[24, 1.4467289447784424, 1.5761641263961792, 0.43650001287460327, 0.4365, 0.4305797610084719, '00:51']
[25, 1.4299708604812622, 1.5727348327636719, 0.4377000033855438, 0.4377, 0.4294963871735723, '00:50']
[26, 1.4272898435592651, 1.571714997291565, 0.4408999979496002, 0.44089999999999996, 0.435692443911648, '00:49']
[27, 1.425452709197998, 1.5699853897094727, 0.43950000405311584, 0.43950000000000006, 0.4344263576790664, '00:52']
[28, 1.4140174388885498, 1.569518804550171, 0.44029998779296875, 0.44029999999999997, 0.43485237852468306, '00:50']
[29, 1.413857340812683, 1.569172739982605, 0.4401000142097473, 0.4401, 0.4345528682233346, '00:50']

Tiempo de entrenamiento: 1627.38 segundos
/mnt/homeGPU/haoweihu/TFG/lib/python3.10/site-packages/fastai/learner.py:455: UserWarning: load_learner` uses Python's insecure pickle module, which can execute malicious arbitrary code when loading. Only load files you trust.
If you only need to load model weights and optimizer state, use the safe `Learner.load` instead.
  warn("load_learner` uses Python's insecure pickle module, which can execute malicious arbitrary code when loading. Only load files you trust.\nIf you only need to load model weights and optimizer state, use the safe `Learner.load` instead.")
Loss: 1.5692
Accuracy: 0.4401
Recall: 0.4401
F1-Score: 0.4346
Loss: 1.567469835281372
Accuracy: 0.4412059187889099
Recall (macro): 0.4412224458370012
F1 Score (macro): 0.4355153429265314
---------------------------------------------------------------------------
Ejecutando: cifar10_dist1_exclude_ex1
---------------------------------------------------------------------------
Número total de imágenes en entrenamiento: 8000
Número total de imágenes en validación: 10000

Clases: ['airplane', 'automobile', 'bird', 'cat', 'deer', 'dog', 'frog', 'horse', 'ship', 'truck']
[0, 2.303070068359375, 2.301818370819092, 0.10000000149011612, 0.1, 0.01818181818181818, '02:16']
[1, 2.296257257461548, 2.287120819091797, 0.16110000014305115, 0.1611, 0.09503184702408464, '00:49']
[2, 2.2214715480804443, 2.1773266792297363, 0.19189999997615814, 0.19190000000000002, 0.15930121595034208, '00:51']
[3, 2.131913185119629, 2.1136832237243652, 0.21619999408721924, 0.2162, 0.18958159449174855, '00:49']
[4, 2.0665535926818848, 2.060746431350708, 0.25060001015663147, 0.25060000000000004, 0.21499162736753719, '00:50']
[5, 1.985079050064087, 1.9382638931274414, 0.302700012922287, 0.30269999999999997, 0.284853085012139, '00:45']
[6, 1.8850339651107788, 1.8609288930892944, 0.313400000333786, 0.3134, 0.2812639049478087, '00:39']
[7, 1.7945598363876343, 1.8117679357528687, 0.3407000005245209, 0.34069999999999995, 0.3384718014450692, '00:48']
[8, 1.732994556427002, 1.7329622507095337, 0.37139999866485596, 0.37139999999999995, 0.3474099816816872, '00:48']
[9, 1.7124453783035278, 1.7743734121322632, 0.35179999470710754, 0.3518, 0.3266152726691417, '00:49']
[10, 1.6768087148666382, 1.6838388442993164, 0.392300009727478, 0.3923, 0.3819265829261035, '00:51']
[11, 1.6594114303588867, 1.6768925189971924, 0.3961000144481659, 0.3961, 0.3811738983180678, '00:48']
[12, 1.6255096197128296, 1.6610193252563477, 0.39989998936653137, 0.39990000000000003, 0.3965350260795434, '00:49']
[13, 1.6113611459732056, 1.717464804649353, 0.38530001044273376, 0.3853, 0.3621964044983898, '00:48']
[14, 1.5749783515930176, 1.6354005336761475, 0.41600000858306885, 0.41600000000000004, 0.4173126166926985, '00:41']
[15, 1.565247893333435, 1.62405264377594, 0.4203999936580658, 0.42040000000000005, 0.4144005764157422, '00:49']
[16, 1.5285241603851318, 1.5952599048614502, 0.42800000309944153, 0.42800000000000005, 0.41993459287767443, '00:49']
[17, 1.5059009790420532, 1.6382557153701782, 0.4147999882698059, 0.41479999999999995, 0.4029542755092372, '00:47']
[18, 1.4856384992599487, 1.581160545349121, 0.4325000047683716, 0.43249999999999994, 0.42465877079219433, '00:51']
[19, 1.4697365760803223, 1.5718908309936523, 0.4390999972820282, 0.4391, 0.4305289908988622, '00:47']
[20, 1.4587408304214478, 1.5807600021362305, 0.4374000132083893, 0.43739999999999996, 0.4318031601823935, '00:47']
[21, 1.4364858865737915, 1.5595042705535889, 0.44209998846054077, 0.44209999999999994, 0.43326425398509205, '00:48']
[22, 1.418873906135559, 1.556409478187561, 0.4438000023365021, 0.4438000000000001, 0.4394596828974354, '00:49']
[23, 1.4115996360778809, 1.5536211729049683, 0.447299987077713, 0.4473, 0.44123222222103475, '00:47']
[24, 1.4111882448196411, 1.5521148443222046, 0.4489000141620636, 0.44889999999999997, 0.4441740935189114, '00:48']
[25, 1.4118694067001343, 1.5477131605148315, 0.4499000012874603, 0.44989999999999997, 0.44531691372160054, '00:47']
[26, 1.3882794380187988, 1.5480202436447144, 0.45179998874664307, 0.4518, 0.44804093833813485, '00:47']
[27, 1.3752015829086304, 1.5452311038970947, 0.451200008392334, 0.45119999999999993, 0.44683018889612763, '00:47']
[28, 1.388437032699585, 1.5447853803634644, 0.45159998536109924, 0.4516, 0.4477327464208217, '00:47']
[29, 1.3729723691940308, 1.5442317724227905, 0.4519999921321869, 0.45199999999999996, 0.44790794993233973, '00:47']

Tiempo de entrenamiento: 1532.57 segundos
/mnt/homeGPU/haoweihu/TFG/lib/python3.10/site-packages/fastai/learner.py:455: UserWarning: load_learner` uses Python's insecure pickle module, which can execute malicious arbitrary code when loading. Only load files you trust.
If you only need to load model weights and optimizer state, use the safe `Learner.load` instead.
  warn("load_learner` uses Python's insecure pickle module, which can execute malicious arbitrary code when loading. Only load files you trust.\nIf you only need to load model weights and optimizer state, use the safe `Learner.load` instead.")
Loss: 1.5442
Accuracy: 0.4520
Recall: 0.4520
F1-Score: 0.4479
Loss: 1.5501905679702759
Accuracy: 0.44691506028175354
Recall (macro): 0.4469227937531654
F1 Score (macro): 0.4414676219793622
---------------------------------------------------------------------------
--------------------------MODELOS DISTILLED 005-----------------------------
---------------------------------------------------------------------------
---------------------------------------------------------------------------
Ejecutando: cifar10_dist5_exclude_ex1
---------------------------------------------------------------------------
Número total de imágenes en entrenamiento: 8000
Número total de imágenes en validación: 10000

Clases: ['airplane', 'automobile', 'bird', 'cat', 'deer', 'dog', 'frog', 'horse', 'ship', 'truck']
[0, 2.3039538860321045, 2.30422043800354, 0.10000000149011612, 0.1, 0.01818181818181818, '02:27']
[1, 2.3011956214904785, 2.298191547393799, 0.10040000081062317, 0.1004, 0.019357519862214567, '00:48']
[2, 2.224931240081787, 2.1776182651519775, 0.1680999994277954, 0.1681, 0.08228638240333618, '00:47']
[3, 2.0762274265289307, 2.0105698108673096, 0.2590999901294708, 0.2591, 0.2246998392118722, '00:45']
[4, 1.945128321647644, 1.9263992309570312, 0.29019999504089355, 0.29019999999999996, 0.25829893889147415, '00:47']
[5, 1.8721529245376587, 1.8261480331420898, 0.337799996137619, 0.3378, 0.31421439827626885, '00:47']
[6, 1.8332221508026123, 1.768192172050476, 0.3635999858379364, 0.36360000000000003, 0.34249423747324015, '00:42']
[7, 1.7706305980682373, 1.7748777866363525, 0.35920000076293945, 0.35919999999999996, 0.3533114014637625, '00:47']
[8, 1.746163010597229, 1.7066261768341064, 0.37439998984336853, 0.37439999999999996, 0.3613261099564097, '00:47']
[9, 1.7191603183746338, 1.6870818138122559, 0.38830000162124634, 0.38830000000000003, 0.37485215084067786, '00:48']
[10, 1.6787139177322388, 1.667478322982788, 0.39890000224113464, 0.3989, 0.39556393061319756, '00:47']
[11, 1.643110990524292, 1.6611839532852173, 0.40220001339912415, 0.4022, 0.39263334958219354, '00:46']
[12, 1.6264991760253906, 1.6222963333129883, 0.41449999809265137, 0.4145, 0.4040073472087055, '00:47']
[13, 1.614672303199768, 1.6245218515396118, 0.4185999929904938, 0.41859999999999997, 0.40961549986397106, '00:47']
[14, 1.5709569454193115, 1.6326754093170166, 0.4077000021934509, 0.4077, 0.3991393714924363, '00:45']
[15, 1.5755513906478882, 1.6238535642623901, 0.41659998893737793, 0.4166, 0.4153933117019203, '00:45']
[16, 1.5455243587493896, 1.614376187324524, 0.4162999987602234, 0.4163, 0.4027891154857672, '00:47']
[17, 1.5062719583511353, 1.6125938892364502, 0.4203999936580658, 0.4204, 0.41089014512867933, '00:48']
[18, 1.5138591527938843, 1.5871143341064453, 0.4332999885082245, 0.4333, 0.4260055794953616, '00:47']
[19, 1.5013604164123535, 1.5715014934539795, 0.4397999942302704, 0.4398000000000001, 0.4334608106041628, '00:49']
[20, 1.4721338748931885, 1.5680454969406128, 0.4392000138759613, 0.43920000000000003, 0.43290569249580113, '00:47']
[21, 1.451886773109436, 1.5661126375198364, 0.4415000081062317, 0.4415, 0.43814312054007926, '00:47']
[22, 1.4409160614013672, 1.5599408149719238, 0.44290000200271606, 0.4429, 0.44013965542169975, '00:47']
[23, 1.437421202659607, 1.5611344575881958, 0.4429999887943268, 0.44300000000000006, 0.43622802531905763, '00:48']
[24, 1.4342666864395142, 1.551648497581482, 0.4462999999523163, 0.44630000000000003, 0.4406510894332136, '00:46']
[25, 1.4119811058044434, 1.5528011322021484, 0.44359999895095825, 0.4436, 0.4375248730038894, '00:53']
[26, 1.4132014513015747, 1.5494658946990967, 0.45019999146461487, 0.45020000000000004, 0.44557296011289216, '00:48']
[27, 1.4182777404785156, 1.5492242574691772, 0.448199987411499, 0.44820000000000004, 0.4431285690558555, '00:47']
[28, 1.4067429304122925, 1.5487468242645264, 0.4487000107765198, 0.4487, 0.4441105890482211, '00:46']
[29, 1.3939239978790283, 1.548563838005066, 0.44830000400543213, 0.44830000000000003, 0.443202817629361, '00:49']

Tiempo de entrenamiento: 1526.94 segundos
/mnt/homeGPU/haoweihu/TFG/lib/python3.10/site-packages/fastai/learner.py:455: UserWarning: load_learner` uses Python's insecure pickle module, which can execute malicious arbitrary code when loading. Only load files you trust.
If you only need to load model weights and optimizer state, use the safe `Learner.load` instead.
  warn("load_learner` uses Python's insecure pickle module, which can execute malicious arbitrary code when loading. Only load files you trust.\nIf you only need to load model weights and optimizer state, use the safe `Learner.load` instead.")
Loss: 1.5486
Accuracy: 0.4483
Recall: 0.4483
F1-Score: 0.4432
Loss: 1.5587151050567627
Accuracy: 0.4423076808452606
Recall (macro): 0.442349739318901
F1 Score (macro): 0.43722156211746543
---------------------------------------------------------------------------
Ejecutando: cifar10_dist5_exclude_ex2
---------------------------------------------------------------------------
Número total de imágenes en entrenamiento: 8000
Número total de imágenes en validación: 10000

Clases: ['airplane', 'automobile', 'bird', 'cat', 'deer', 'dog', 'frog', 'horse', 'ship', 'truck']
[0, 2.303417682647705, 2.303079605102539, 0.10000000149011612, 0.1, 0.01818181818181818, '02:27']
[1, 2.2961788177490234, 2.2860801219940186, 0.1307000070810318, 0.13069999999999998, 0.050110725140690725, '00:47']
[2, 2.192499876022339, 2.128260374069214, 0.19099999964237213, 0.191, 0.1371533762272361, '00:47']
[3, 2.101252794265747, 2.048370599746704, 0.25380000472068787, 0.2538, 0.23948710706522366, '00:48']
[4, 2.041295051574707, 1.9866644144058228, 0.2822999954223633, 0.2823, 0.27361354766546875, '00:44']
[5, 1.9876537322998047, 1.9660555124282837, 0.2793999910354614, 0.2794, 0.2631467718622652, '00:47']
[6, 1.9278464317321777, 1.8946185111999512, 0.3082999885082245, 0.3083, 0.28877846285450204, '00:49']
[7, 1.8759223222732544, 1.8407970666885376, 0.3384000062942505, 0.3383999999999999, 0.3377902546630433, '00:47']
[8, 1.8115308284759521, 1.789307951927185, 0.34389999508857727, 0.3439, 0.33071752842577296, '00:47']
[9, 1.7723959684371948, 1.74655020236969, 0.3662000000476837, 0.36619999999999997, 0.35828904502468395, '00:47']
[10, 1.7519160509109497, 1.7288427352905273, 0.376800000667572, 0.37679999999999997, 0.35956192831616923, '00:47']
[11, 1.7196847200393677, 1.7432173490524292, 0.36730000376701355, 0.36730000000000007, 0.34502017274862257, '00:47']
[12, 1.6733067035675049, 1.6913009881973267, 0.3903000056743622, 0.3903, 0.38113948827699773, '00:47']
[13, 1.6373034715652466, 1.6635853052139282, 0.40220001339912415, 0.4022, 0.39359139980934266, '00:48']
[14, 1.6325438022613525, 1.6573904752731323, 0.40619999170303345, 0.4062, 0.3934170485412368, '00:49']
[15, 1.6049238443374634, 1.655699372291565, 0.4009999930858612, 0.40099999999999997, 0.39728449123866083, '00:47']
[16, 1.5807358026504517, 1.655239462852478, 0.4068000018596649, 0.40679999999999994, 0.39912793112381656, '00:48']
[17, 1.556680679321289, 1.6299386024475098, 0.41519999504089355, 0.4152, 0.4046724586850581, '00:47']
[18, 1.5420515537261963, 1.6062754392623901, 0.4246000051498413, 0.4246, 0.41746761040097147, '00:47']
[19, 1.529719591140747, 1.6077516078948975, 0.4235999882221222, 0.4236, 0.41581405187180487, '00:47']
[20, 1.5089747905731201, 1.6159816980361938, 0.42329999804496765, 0.42329999999999995, 0.4179867084451437, '00:46']
[21, 1.4837429523468018, 1.6064742803573608, 0.4262999892234802, 0.4263, 0.4148984943295334, '00:47']
[22, 1.4876525402069092, 1.5851610898971558, 0.4348999857902527, 0.4349, 0.4323928376779649, '00:47']
[23, 1.4639301300048828, 1.5882713794708252, 0.43389999866485596, 0.43389999999999995, 0.4267312977087269, '00:53']
[24, 1.443969964981079, 1.5892912149429321, 0.4357999861240387, 0.4358000000000001, 0.43394271652298266, '00:47']
[25, 1.4391809701919556, 1.579776406288147, 0.43939998745918274, 0.4394, 0.43395098563790047, '00:48']
[26, 1.4280002117156982, 1.5792293548583984, 0.43709999322891235, 0.43710000000000004, 0.43244196044204797, '00:48']
[27, 1.4263662099838257, 1.5801883935928345, 0.43700000643730164, 0.437, 0.43203017743271854, '00:47']
[28, 1.4328960180282593, 1.5785562992095947, 0.4375999867916107, 0.43759999999999993, 0.43265047270941803, '00:47']
[29, 1.4302237033843994, 1.5783109664916992, 0.43720000982284546, 0.4372, 0.432384294334654, '00:49']

Tiempo de entrenamiento: 1538.39 segundos
/mnt/homeGPU/haoweihu/TFG/lib/python3.10/site-packages/fastai/learner.py:455: UserWarning: load_learner` uses Python's insecure pickle module, which can execute malicious arbitrary code when loading. Only load files you trust.
If you only need to load model weights and optimizer state, use the safe `Learner.load` instead.
  warn("load_learner` uses Python's insecure pickle module, which can execute malicious arbitrary code when loading. Only load files you trust.\nIf you only need to load model weights and optimizer state, use the safe `Learner.load` instead.")
Loss: 1.5783
Accuracy: 0.4372
Recall: 0.4372
F1-Score: 0.4324
Loss: 1.5890843868255615
Accuracy: 0.43409454822540283
Recall (macro): 0.434092435953383
F1 Score (macro): 0.42908078373154784
---------------------------------------------------------------------------
Ejecutando: cifar10_dist5_exclude_ex3
---------------------------------------------------------------------------
Número total de imágenes en entrenamiento: 8000
Número total de imágenes en validación: 10000

Clases: ['airplane', 'automobile', 'bird', 'cat', 'deer', 'dog', 'frog', 'horse', 'ship', 'truck']
[0, 2.302623748779297, 2.3026649951934814, 0.10000000149011612, 0.1, 0.01818181818181818, '03:05']
[1, 2.294414520263672, 2.2789645195007324, 0.14149999618530273, 0.14150000000000001, 0.07020788719354201, '01:03']
[2, 2.209059715270996, 2.178489923477173, 0.18490000069141388, 0.1849, 0.140386761534332, '00:58']
[3, 2.1185858249664307, 2.0589940547943115, 0.2498999983072281, 0.2499, 0.22344826015554312, '00:49']
[4, 2.0105130672454834, 1.9562262296676636, 0.29280000925064087, 0.2928, 0.2691392570976928, '00:47']
[5, 1.9030667543411255, 1.8430233001708984, 0.33090001344680786, 0.3309, 0.3042389757770324, '00:47']
[6, 1.8234186172485352, 1.872368335723877, 0.329800009727478, 0.3298, 0.30470819878369326, '00:48']
[7, 1.770108699798584, 1.852360725402832, 0.3368000090122223, 0.3368, 0.310940017332954, '00:47']
[8, 1.7071894407272339, 1.708418607711792, 0.38350000977516174, 0.3835, 0.37241327725057827, '00:47']
[9, 1.6929913759231567, 1.7014371156692505, 0.39149999618530273, 0.3915, 0.37290021892884195, '00:47']
[10, 1.6550092697143555, 1.6673654317855835, 0.4000999927520752, 0.4001, 0.38130197933994137, '00:46']
[11, 1.6227091550827026, 1.657771110534668, 0.40869998931884766, 0.40869999999999995, 0.40392332692738303, '00:49']
[12, 1.5866540670394897, 1.638122797012329, 0.41679999232292175, 0.41679999999999995, 0.4154993023887146, '00:48']
[13, 1.5465489625930786, 1.618271827697754, 0.4255000054836273, 0.4255, 0.4224627918378463, '00:46']
[14, 1.5369983911514282, 1.6185423135757446, 0.42480000853538513, 0.4248, 0.42059689018803004, '00:47']
[15, 1.5051674842834473, 1.5963095426559448, 0.43070000410079956, 0.43069999999999997, 0.41639305322025344, '00:47']
[16, 1.4902364015579224, 1.5851173400878906, 0.4368000030517578, 0.4368, 0.43139333043478406, '00:49']
[17, 1.455513596534729, 1.5705865621566772, 0.4388999938964844, 0.43889999999999996, 0.4312224852837249, '00:50']
[18, 1.4202690124511719, 1.5673267841339111, 0.44339999556541443, 0.4434, 0.4372023859564176, '00:47']
[19, 1.4229553937911987, 1.5762443542480469, 0.44040000438690186, 0.4404, 0.43300885125442284, '00:48']
[20, 1.3953964710235596, 1.5579017400741577, 0.45159998536109924, 0.4516000000000001, 0.4453573540809672, '00:48']
[21, 1.3839434385299683, 1.5516499280929565, 0.45010000467300415, 0.45009999999999994, 0.44136065598642277, '00:48']
[22, 1.3780187368392944, 1.5430235862731934, 0.4510999917984009, 0.4511, 0.4472692980882106, '00:49']
[23, 1.343528151512146, 1.545583724975586, 0.4542999863624573, 0.45430000000000004, 0.4527361116448991, '00:49']
[24, 1.3422319889068604, 1.5416603088378906, 0.4544000029563904, 0.4544, 0.4478744321490554, '00:48']
[25, 1.3288553953170776, 1.5383614301681519, 0.45739999413490295, 0.4574000000000001, 0.4524616260652268, '00:50']
[26, 1.3134853839874268, 1.5398952960968018, 0.4569999873638153, 0.457, 0.4541891272403979, '00:49']
[27, 1.3166406154632568, 1.5383996963500977, 0.45879998803138733, 0.4588, 0.4556587608143593, '00:49']
[28, 1.2998777627944946, 1.5366837978363037, 0.459199994802475, 0.45919999999999994, 0.45520737130177125, '00:49']
[29, 1.3065985441207886, 1.5370742082595825, 0.45989999175071716, 0.45990000000000003, 0.455871969033039, '00:48']

Tiempo de entrenamiento: 1615.72 segundos
/mnt/homeGPU/haoweihu/TFG/lib/python3.10/site-packages/fastai/learner.py:455: UserWarning: load_learner` uses Python's insecure pickle module, which can execute malicious arbitrary code when loading. Only load files you trust.
If you only need to load model weights and optimizer state, use the safe `Learner.load` instead.
  warn("load_learner` uses Python's insecure pickle module, which can execute malicious arbitrary code when loading. Only load files you trust.\nIf you only need to load model weights and optimizer state, use the safe `Learner.load` instead.")
Loss: 1.5371
Accuracy: 0.4599
Recall: 0.4599
F1-Score: 0.4559
Loss: 1.540111780166626
Accuracy: 0.45492789149284363
Recall (macro): 0.4549015430708606
F1 Score (macro): 0.44920954860571155
---------------------------------------------------------------------------
--------------------------MODELOS DISTILLED 0001----------------------------
---------------------------------------------------------------------------
---------------------------------------------------------------------------
Ejecutando: cifar10_dist01_exclude_ex1
---------------------------------------------------------------------------
Número total de imágenes en entrenamiento: 8000
Número total de imágenes en validación: 10000

Clases: ['airplane', 'automobile', 'bird', 'cat', 'deer', 'dog', 'frog', 'horse', 'ship', 'truck']
[0, 2.3037302494049072, 2.3029422760009766, 0.10000000149011612, 0.1, 0.01818181818181818, '02:23']
[1, 2.296553373336792, 2.286315441131592, 0.1518000066280365, 0.15180000000000002, 0.0743041516586322, '00:47']
[2, 2.183464527130127, 2.119225263595581, 0.2190999984741211, 0.2191, 0.1845973546386837, '00:47']
[3, 2.0270273685455322, 2.0036652088165283, 0.23800000548362732, 0.23800000000000004, 0.18855561974193566, '00:47']
[4, 1.8979731798171997, 1.8914947509765625, 0.3142000138759613, 0.31420000000000003, 0.2833172667349485, '00:47']
[5, 1.8344265222549438, 1.852028727531433, 0.32829999923706055, 0.32830000000000004, 0.32505223946273537, '00:46']
[6, 1.7729644775390625, 1.7769805192947388, 0.35510000586509705, 0.3551, 0.34040737153833567, '00:48']
[7, 1.753366470336914, 1.7314037084579468, 0.3684999942779541, 0.3685, 0.3459947564722178, '00:50']
[8, 1.6860350370407104, 1.6882421970367432, 0.38109999895095825, 0.3811, 0.37013044915942783, '00:46']
[9, 1.6591960191726685, 1.6948322057724, 0.38179999589920044, 0.38180000000000003, 0.3700123280434565, '00:44']
[10, 1.6695632934570312, 1.6646208763122559, 0.3928999900817871, 0.3929, 0.37945216873108334, '00:49']
[11, 1.61767578125, 1.6270337104797363, 0.40700000524520874, 0.4069999999999999, 0.396102397023071, '00:48']
[12, 1.603098750114441, 1.6340025663375854, 0.4049000144004822, 0.40490000000000004, 0.4043744226003324, '00:47']
[13, 1.5747158527374268, 1.613265872001648, 0.4140999913215637, 0.4141, 0.40658899695772555, '00:43']
[14, 1.5703983306884766, 1.6321483850479126, 0.4124000072479248, 0.41240000000000004, 0.40128093787832136, '00:50']
[15, 1.517250895500183, 1.6052026748657227, 0.41780000925064087, 0.4177999999999999, 0.41262175606543117, '00:52']
[16, 1.5024604797363281, 1.580241322517395, 0.42809998989105225, 0.4281, 0.42411934101856624, '00:46']
[17, 1.4773613214492798, 1.564121127128601, 0.43720000982284546, 0.4372, 0.4370506171441729, '00:47']
[18, 1.4726382493972778, 1.5551482439041138, 0.43639999628067017, 0.43640000000000007, 0.4329481582860161, '00:48']
[19, 1.4506862163543701, 1.560322642326355, 0.43309998512268066, 0.43309999999999993, 0.4215996549929466, '00:48']
[20, 1.4280451536178589, 1.544010043144226, 0.4429999887943268, 0.44299999999999995, 0.4375906150333028, '00:48']
[21, 1.4103819131851196, 1.551135540008545, 0.4413999915122986, 0.44139999999999996, 0.43885428614841393, '00:49']
[22, 1.3937311172485352, 1.5423719882965088, 0.44020000100135803, 0.4401999999999999, 0.4385141375897475, '00:54']
[23, 1.3824222087860107, 1.5321744680404663, 0.4478999972343445, 0.4478999999999999, 0.4428392875804369, '00:51']
[24, 1.3731958866119385, 1.5333541631698608, 0.4474000036716461, 0.4474, 0.4438050138372258, '00:48']
[25, 1.3666353225708008, 1.5284302234649658, 0.4496000111103058, 0.44960000000000006, 0.444984815661285, '00:50']
[26, 1.3557323217391968, 1.5280556678771973, 0.45080000162124634, 0.4508, 0.4474827894615343, '00:51']
[27, 1.351025104522705, 1.5265995264053345, 0.45019999146461487, 0.45020000000000004, 0.4459702693491069, '00:50']
[28, 1.3426501750946045, 1.5269514322280884, 0.4507000148296356, 0.4507, 0.44709231974939856, '00:51']
[29, 1.3604220151901245, 1.5266262292861938, 0.4510999917984009, 0.4511, 0.44730407991893284, '00:53']

Tiempo de entrenamiento: 1562.83 segundos
/mnt/homeGPU/haoweihu/TFG/lib/python3.10/site-packages/fastai/learner.py:455: UserWarning: load_learner` uses Python's insecure pickle module, which can execute malicious arbitrary code when loading. Only load files you trust.
If you only need to load model weights and optimizer state, use the safe `Learner.load` instead.
  warn("load_learner` uses Python's insecure pickle module, which can execute malicious arbitrary code when loading. Only load files you trust.\nIf you only need to load model weights and optimizer state, use the safe `Learner.load` instead.")
Loss: 1.5266
Accuracy: 0.4511
Recall: 0.4511
F1-Score: 0.4473
Loss: 1.5291941165924072
Accuracy: 0.44871795177459717
Recall (macro): 0.44872652407338887
F1 Score (macro): 0.44402888345002156
---------------------------------------------------------------------------
Ejecutando: cifar10_dist01_exclude_ex2
---------------------------------------------------------------------------
Número total de imágenes en entrenamiento: 8000
Número total de imágenes en validación: 10000

Clases: ['airplane', 'automobile', 'bird', 'cat', 'deer', 'dog', 'frog', 'horse', 'ship', 'truck']
[0, 2.3028364181518555, 2.301424026489258, 0.1274999976158142, 0.1275, 0.04594168386874745, '02:30']
[1, 2.2910096645355225, 2.2787530422210693, 0.1615000069141388, 0.1615, 0.08699343217052774, '00:51']
[2, 2.193014621734619, 2.137782335281372, 0.19789999723434448, 0.19790000000000002, 0.1703668498255733, '00:52']
[3, 2.081519842147827, 2.0692975521087646, 0.24320000410079956, 0.2432, 0.21461379565537914, '00:52']
[4, 1.9948430061340332, 1.9622759819030762, 0.27959999442100525, 0.27959999999999996, 0.2630010977313824, '00:51']
[5, 1.904780387878418, 1.9674729108810425, 0.27630001306533813, 0.27630000000000005, 0.24533403729161712, '00:52']
[6, 1.8136910200119019, 1.8332552909851074, 0.32510000467300415, 0.32509999999999994, 0.31042690148308666, '00:52']
[7, 1.7568234205245972, 1.7749322652816772, 0.35260000824928284, 0.3526, 0.33555265354825614, '00:50']
[8, 1.7138267755508423, 1.7679861783981323, 0.3562999963760376, 0.35629999999999995, 0.3489472991354956, '00:53']
[9, 1.6712509393692017, 1.7145472764968872, 0.3747999966144562, 0.37479999999999997, 0.36192165290947564, '01:12']
[10, 1.6336756944656372, 1.6864383220672607, 0.3855000138282776, 0.3855, 0.3762456094289483, '01:04']
[11, 1.615493893623352, 1.6682634353637695, 0.39559999108314514, 0.3956, 0.3878362620647221, '01:04']
[12, 1.59552001953125, 1.6396398544311523, 0.4081000089645386, 0.4081, 0.398028443585592, '01:06']
[13, 1.5662387609481812, 1.7098308801651, 0.3878999948501587, 0.3879, 0.3653395711403496, '01:00']
[14, 1.5467926263809204, 1.6338649988174438, 0.414000004529953, 0.414, 0.4086719899568312, '01:01']
[15, 1.520192265510559, 1.6290634870529175, 0.4097000062465668, 0.40970000000000006, 0.39758342043089273, '01:02']
[16, 1.4928009510040283, 1.6145081520080566, 0.41819998621940613, 0.4182, 0.4062073602688211, '01:02']
[17, 1.4734746217727661, 1.5807791948318481, 0.4350999891757965, 0.4351, 0.42858659253306264, '01:01']
[18, 1.4486539363861084, 1.5817749500274658, 0.4334000051021576, 0.43340000000000006, 0.4256176169103405, '01:00']
[19, 1.4355590343475342, 1.5973082780838013, 0.43149998784065247, 0.43149999999999994, 0.4186938155938515, '01:01']
[20, 1.4182106256484985, 1.5616323947906494, 0.44190001487731934, 0.44189999999999996, 0.4353019663561488, '00:59']
[21, 1.4086599349975586, 1.5650562047958374, 0.44429999589920044, 0.4443, 0.43807330330086885, '01:02']
[22, 1.3837058544158936, 1.5566871166229248, 0.4487999975681305, 0.4488, 0.44554458517381423, '00:59']
[23, 1.3794888257980347, 1.553170084953308, 0.45010000467300415, 0.45010000000000006, 0.4436569130606463, '01:01']
[24, 1.3593016862869263, 1.5450788736343384, 0.44940000772476196, 0.44939999999999997, 0.4426299871972278, '01:04']
[25, 1.3577896356582642, 1.5503692626953125, 0.44999998807907104, 0.45, 0.44049848000894, '01:14']
[26, 1.364323616027832, 1.5477690696716309, 0.4494999945163727, 0.4495, 0.4425482676729705, '01:10']
[27, 1.3293545246124268, 1.5452193021774292, 0.45080000162124634, 0.4508, 0.44465537255618104, '01:03']
[28, 1.3311597108840942, 1.5430246591567993, 0.45249998569488525, 0.4525, 0.4468227516178048, '00:59']
[29, 1.3314414024353027, 1.5431519746780396, 0.45350000262260437, 0.4535, 0.4479189800531268, '00:59']

Tiempo de entrenamiento: 1900.73 segundos
/mnt/homeGPU/haoweihu/TFG/lib/python3.10/site-packages/fastai/learner.py:455: UserWarning: load_learner` uses Python's insecure pickle module, which can execute malicious arbitrary code when loading. Only load files you trust.
If you only need to load model weights and optimizer state, use the safe `Learner.load` instead.
  warn("load_learner` uses Python's insecure pickle module, which can execute malicious arbitrary code when loading. Only load files you trust.\nIf you only need to load model weights and optimizer state, use the safe `Learner.load` instead.")
Loss: 1.5432
Accuracy: 0.4535
Recall: 0.4535
F1-Score: 0.4479
Loss: 1.536506175994873
Accuracy: 0.45803284645080566
Recall (macro): 0.45814748815295364
F1 Score (macro): 0.45058925011511475
---------------------------------------------------------------------------
Ejecutando: cifar10_dist01_exclude_ex3
---------------------------------------------------------------------------
Número total de imágenes en entrenamiento: 8000
Número total de imágenes en validación: 10000

Clases: ['airplane', 'automobile', 'bird', 'cat', 'deer', 'dog', 'frog', 'horse', 'ship', 'truck']
[0, 2.3025693893432617, 2.3026888370513916, 0.10010000318288803, 0.1001, 0.018386180006855855, '02:24']
[1, 2.296680450439453, 2.2887673377990723, 0.1412000060081482, 0.1412, 0.07331116599221721, '00:52']
[2, 2.2110531330108643, 2.1777024269104004, 0.18940000236034393, 0.1894, 0.14531423324185416, '00:51']
[3, 2.0959901809692383, 2.07851505279541, 0.23849999904632568, 0.2385, 0.2204008648991985, '00:58']
[4, 2.019674301147461, 1.990100622177124, 0.28029999136924744, 0.28030000000000005, 0.2652516719133556, '00:52']
[5, 1.9282833337783813, 1.9149929285049438, 0.3075999915599823, 0.3076, 0.2858784491702744, '00:51']
[6, 1.8663804531097412, 1.8858006000518799, 0.30970001220703125, 0.3097, 0.29375118425005753, '00:51']
[7, 1.790827989578247, 1.791046142578125, 0.35199999809265137, 0.352, 0.3404533840338213, '00:50']
[8, 1.7340037822723389, 1.7538939714431763, 0.3619000017642975, 0.3619, 0.34352614898513023, '00:50']
[9, 1.697209119796753, 1.711714506149292, 0.3765999972820282, 0.3766, 0.366525139505896, '00:49']
[10, 1.6756683588027954, 1.695942759513855, 0.3926999866962433, 0.39270000000000005, 0.3878294627298833, '00:46']
[11, 1.644099473953247, 1.648419737815857, 0.40470001101493835, 0.40469999999999995, 0.3944956202531026, '00:53']
[12, 1.6179630756378174, 1.6639941930770874, 0.3982999920845032, 0.3983, 0.3946696431764212, '00:54']
[13, 1.592943549156189, 1.6195764541625977, 0.41909998655319214, 0.4191, 0.4126945384648752, '00:49']
[14, 1.5714707374572754, 1.6085678339004517, 0.42010000348091125, 0.42010000000000003, 0.41394449477966566, '00:51']
[15, 1.5434693098068237, 1.6088056564331055, 0.4244999885559082, 0.4245, 0.415234347087721, '00:54']
[16, 1.5211957693099976, 1.6070613861083984, 0.4205000102519989, 0.4205, 0.4105900224187186, '01:00']
[17, 1.4935815334320068, 1.5730750560760498, 0.4408999979496002, 0.44089999999999996, 0.43598978098013186, '00:54']
[18, 1.4840110540390015, 1.5794185400009155, 0.4359000027179718, 0.4359, 0.4323193541586899, '00:49']
[19, 1.4682155847549438, 1.5694246292114258, 0.4392000138759613, 0.43920000000000003, 0.43457446695787977, '00:48']
[20, 1.443856120109558, 1.5531178712844849, 0.44429999589920044, 0.44430000000000003, 0.43870474251183456, '00:49']
[21, 1.4351191520690918, 1.5723127126693726, 0.4381999969482422, 0.4382, 0.4378446097923779, '00:52']
[22, 1.4207850694656372, 1.5478605031967163, 0.45100000500679016, 0.45099999999999996, 0.4471963924880316, '00:49']
[23, 1.4095081090927124, 1.5407472848892212, 0.44769999384880066, 0.44769999999999993, 0.44348578104719233, '00:48']
[24, 1.4017524719238281, 1.5372048616409302, 0.45100000500679016, 0.45100000000000007, 0.4462428116238749, '00:48']
[25, 1.3934366703033447, 1.5336498022079468, 0.45089998841285706, 0.4509, 0.4473009692368494, '00:54']
[26, 1.382584571838379, 1.530630111694336, 0.4521999955177307, 0.45220000000000005, 0.4477857002466196, '00:48']
[27, 1.3839386701583862, 1.530958890914917, 0.4537000060081482, 0.4537, 0.4497655405872648, '00:47']
[28, 1.3759926557540894, 1.529771327972412, 0.45329999923706055, 0.4532999999999999, 0.44902013986091555, '00:47']
[29, 1.3789851665496826, 1.5297136306762695, 0.4537000060081482, 0.4537, 0.44928551032326103, '00:48']

Tiempo de entrenamiento: 1634.02 segundos
/mnt/homeGPU/haoweihu/TFG/lib/python3.10/site-packages/fastai/learner.py:455: UserWarning: load_learner` uses Python's insecure pickle module, which can execute malicious arbitrary code when loading. Only load files you trust.
If you only need to load model weights and optimizer state, use the safe `Learner.load` instead.
  warn("load_learner` uses Python's insecure pickle module, which can execute malicious arbitrary code when loading. Only load files you trust.\nIf you only need to load model weights and optimizer state, use the safe `Learner.load` instead.")
Loss: 1.5297
Accuracy: 0.4537
Recall: 0.4537
F1-Score: 0.4493
Loss: 1.5508472919464111
Accuracy: 0.4442107379436493
Recall (macro): 0.444149229667172
F1 Score (macro): 0.43945550140697376
mail: cannot send message: Process exited with a non-zero status
