/mnt/homeGPU/haoweihu/TFG/lib/python3.10/site-packages/torchvision/models/_utils.py:208: UserWarning: The parameter 'pretrained' is deprecated since 0.13 and may be removed in the future, please use 'weights' instead.
  warnings.warn(
/mnt/homeGPU/haoweihu/TFG/lib/python3.10/site-packages/torchvision/models/_utils.py:223: UserWarning: Arguments other than a weight enum or `None` for 'weights' are deprecated since 0.13 and may be removed in the future. The current behavior is equivalent to passing `weights=EfficientNet_V2_S_Weights.IMAGENET1K_V1`. You can also use `weights=EfficientNet_V2_S_Weights.DEFAULT` to get the most up-to-date weights.
  warnings.warn(msg)
---------------------------------------------------------------------------
Ejecutando: cifar10_efficientnetv2s_base2
---------------------------------------------------------------------------
False
Número total de imágenes en entrenamiento: 40000
Número total de imágenes en validación: 10000
Clases: ['airplane', 'automobile', 'bird', 'cat', 'deer', 'dog', 'frog', 'horse', 'ship', 'truck']
weights = None
[0, 1.3873780965805054, 0.8236739039421082, 0.7343999743461609, 0.7347459558451095, 0.7322948661621098, '05:22']
[1, 0.9337082505226135, 0.5484802722930908, 0.8238999843597412, 0.8241948005757622, 0.8233490960786499, '03:37']
[2, 0.5929221510887146, 0.35523420572280884, 0.8877999782562256, 0.8878914865362567, 0.8873730794774721, '03:37']
[3, 0.37701043486595154, nan, 0.9265999794006348, 0.926663831641689, 0.926441275686946, '03:38']
[4, 0.2566331923007965, 0.14286525547504425, 0.9523000121116638, 0.9523646070914464, 0.9523285628523654, '03:37']
[5, 0.21568210422992706, 0.11520083248615265, 0.9609000086784363, 0.9608412246007569, 0.9608810385787929, '03:37']
[6, 0.17479035258293152, 0.10386894643306732, 0.965499997138977, 0.9654834942237482, 0.9655409440556394, '03:36']
[7, 0.14322622120380402, 0.08707436174154282, 0.9718999862670898, 0.9720013863412283, 0.9719452185890554, '03:33']
[8, 0.14166946709156036, 0.0908474549651146, 0.9703999757766724, 0.9703992990608578, 0.9704252920097833, '03:30']
[9, 0.11309809237718582, 0.08384525030851364, 0.9739999771118164, 0.9739481803734578, 0.9740358328403321, '03:33']
[10, 0.11240268498659134, 0.08299721032381058, 0.9742000102996826, 0.9741620941990762, 0.9742588667323793, '03:33']
[11, 0.10474453866481781, 0.08345002681016922, 0.9739999771118164, 0.9739034212445109, 0.9740175763692591, '03:33']
[12, 0.09551452845335007, 0.07901433855295181, 0.9760000109672546, 0.9759847441228324, 0.9760505947542357, '03:32']
[13, 0.0748266950249672, 0.0825652927160263, 0.9753999710083008, 0.975406423054182, 0.9754195268103711, '03:32']
[14, 0.0757492333650589, 0.0752595067024231, 0.9771000146865845, 0.9770998814279507, 0.9771194728456617, '03:32']
[15, 0.06981911510229111, 0.0773436576128006, 0.9778000116348267, 0.977804146689318, 0.9778114620409897, '03:32']
[16, 0.05620638281106949, 0.0763980895280838, 0.9764000177383423, 0.9763938487836954, 0.9764199065656862, '03:32']
[17, 0.056595806032419205, 0.07477562129497528, 0.9782000184059143, 0.9781832987451716, 0.978230738343527, '03:32']
[18, 0.06428389996290207, 0.07514195889234543, 0.9778000116348267, 0.9777833286862829, 0.9778130376690701, '03:31']
[19, 0.04827221855521202, 0.07518984377384186, 0.9779999852180481, 0.9780163461073854, 0.9780195715087452, '03:31']
[20, 0.052744995802640915, 0.07386758178472519, 0.978600025177002, 0.978591639363346, 0.9786216651697254, '03:30']
[21, 0.04221175238490105, 0.07708847522735596, 0.9775000214576721, 0.977438116675315, 0.9774912599898513, '03:30']
[22, 0.045577604323625565, 0.0739516019821167, 0.9781000018119812, 0.9780876946742459, 0.9781003918135995, '03:29']
[23, 0.03739837929606438, 0.07421794533729553, 0.9785000085830688, 0.9784599262472629, 0.9784932386992582, '03:30']
[24, 0.03398812189698219, 0.07483181357383728, 0.9782999753952026, 0.9782444461457593, 0.9782861661230331, '03:30']
[25, 0.04834483191370964, 0.07341224700212479, 0.978600025177002, 0.9786072003893779, 0.9785941907126932, '03:31']
[26, 0.035452619194984436, 0.07424623519182205, 0.9789000153541565, 0.9788950849067135, 0.9788988004355195, '03:31']
[27, 0.03845828026533127, 0.07414248585700989, 0.9783999919891357, 0.9783764457208772, 0.9784066791630976, '03:31']
[28, 0.03691074997186661, 0.07397770136594772, 0.9783999919891357, 0.9783874098962695, 0.9783878434523846, '03:34']
[29, 0.03803257644176483, 0.07531287521123886, 0.978600025177002, 0.9785766976488022, 0.9785968612963776, '03:33']

Tiempo de entrenamiento: 6505.13 segundos
/mnt/homeGPU/haoweihu/TFG/lib/python3.10/site-packages/fastai/learner.py:455: UserWarning: load_learner` uses Python's insecure pickle module, which can execute malicious arbitrary code when loading. Only load files you trust.
If you only need to load model weights and optimizer state, use the safe `Learner.load` instead.
  warn("load_learner` uses Python's insecure pickle module, which can execute malicious arbitrary code when loading. Only load files you trust.\nIf you only need to load model weights and optimizer state, use the safe `Learner.load` instead.")
Loss (valid): 0.0753
Accuracy (valid): 0.9786
Recall (valid): 0.9786
F1-Score (valid): 0.9786
Loss (test): 0.0825
Accuracy (test): 0.9764
Recall (test): 0.9764
F1-Score (test): 0.9764
mail: cannot send message: Process exited with a non-zero status
