---------------------------------------------------------------------------
Ejecutando: fmnist_dist1_quant3_ex1
---------------------------------------------------------------------------
Número total de imágenes en entrenamiento: 9558
Número total de imágenes en validación: 10800

Clases: ['Ankle boot', 'Bag', 'Coat', 'Dress', 'Pullover', 'Sandal', 'Shirt', 'Sneaker', 'Trouser']
[0, 2.30770206451416, 2.3014540672302246, 0.1111111119389534, 0.1111111111111111, 0.022222222222222223, '02:43']
[1, 2.248178005218506, 2.218783378601074, 0.1111111119389534, 0.1111111111111111, 0.022222222222222223, '01:07']
[2, 2.203972339630127, 2.1993930339813232, 0.1111111119389534, 0.1111111111111111, 0.022222222222222223, '01:06']
[3, 2.2018234729766846, 2.199923276901245, 0.1111111119389534, 0.1111111111111111, 0.022222222222222223, '01:04']
[4, 2.201941728591919, 2.200723886489868, 0.1111111119389534, 0.1111111111111111, 0.022222222222222223, '01:04']
[5, 2.198957920074463, 2.1962170600891113, 0.1111111119389534, 0.1111111111111111, 0.022222222222222223, '01:04']
[6, 1.934287190437317, 1.4861056804656982, 0.3828703761100769, 0.3828703703703704, 0.2873201102082885, '01:03']
[7, 1.1293878555297852, 0.9835950136184692, 0.5982407331466675, 0.5982407407407407, 0.5375649646741043, '01:03']
[8, 0.8462398052215576, 0.7982094287872314, 0.6772222518920898, 0.6772222222222222, 0.6578857073480939, '00:54']
[9, 0.7650042176246643, 0.772534966468811, 0.6842592358589172, 0.6842592592592592, 0.6639042054766344, '01:03']
[10, 0.7466686367988586, 0.744231641292572, 0.6888889074325562, 0.6888888888888889, 0.6758325860741239, '01:02']
[11, 0.7134815454483032, 0.7216648459434509, 0.7131481766700745, 0.7131481481481481, 0.7114882428423415, '01:04']
[12, 0.6906103491783142, 0.694847583770752, 0.708981454372406, 0.7089814814814814, 0.7055116392122378, '01:01']
[13, 0.6957229971885681, 0.6844680309295654, 0.7223148345947266, 0.7223148148148149, 0.705788175078562, '00:54']
[14, 0.6656147241592407, 0.6680281758308411, 0.7263888716697693, 0.726388888888889, 0.7243380849882336, '00:55']
[15, 0.6518049836158752, 0.6591618657112122, 0.7184259295463562, 0.7184259259259258, 0.7116039128287139, '00:54']
[16, 0.6246718764305115, 0.6493297219276428, 0.722777783870697, 0.7227777777777777, 0.7189995162245075, '00:51']
[17, 0.6279807090759277, 0.6302891969680786, 0.7483333349227905, 0.7483333333333334, 0.7458705368340408, '00:55']
[18, 0.6094203591346741, 0.6276386976242065, 0.7300925850868225, 0.7300925925925926, 0.7225973392748227, '00:54']
[19, 0.5994507670402527, 0.618815004825592, 0.7518518567085266, 0.751851851851852, 0.7430273939382135, '00:54']
[20, 0.5887998342514038, 0.6335668563842773, 0.7362037301063538, 0.7362037037037037, 0.734905568900346, '00:53']
[21, 0.5858175158500671, 0.6113208532333374, 0.7510185241699219, 0.7510185185185185, 0.745716050676365, '00:54']
[22, 0.5771638751029968, 0.6088635921478271, 0.7486110925674438, 0.748611111111111, 0.7446961143486798, '00:52']
[23, 0.5834667086601257, 0.6059606671333313, 0.7569444179534912, 0.7569444444444444, 0.752625174827245, '00:54']
[24, 0.5763100981712341, 0.609386682510376, 0.7535185217857361, 0.7535185185185186, 0.7531346589928677, '00:52']
[25, 0.5707969069480896, 0.600766658782959, 0.757777750492096, 0.7577777777777778, 0.7532449959467256, '00:51']
[26, 0.5604979395866394, 0.5998551249504089, 0.7549074292182922, 0.7549074074074074, 0.7488915685203708, '00:54']
[27, 0.5680021047592163, 0.6000919938087463, 0.7571296095848083, 0.7571296296296297, 0.7538472880291587, '00:37']
[28, 0.5655754804611206, 0.5991618037223816, 0.7570370435714722, 0.757037037037037, 0.7534262895987295, '00:26']
[29, 0.5791361331939697, 0.5993520617485046, 0.7574999928474426, 0.7575000000000001, 0.7538403661173212, '00:26']

Tiempo de entrenamiento: 1768.81 segundos
/mnt/homeGPU/haoweihu/TFG/lib/python3.10/site-packages/fastai/learner.py:455: UserWarning: load_learner` uses Python's insecure pickle module, which can execute malicious arbitrary code when loading. Only load files you trust.
If you only need to load model weights and optimizer state, use the safe `Learner.load` instead.
  warn("load_learner` uses Python's insecure pickle module, which can execute malicious arbitrary code when loading. Only load files you trust.\nIf you only need to load model weights and optimizer state, use the safe `Learner.load` instead.")
Loss: 0.5994
Accuracy: 0.7575
Recall: 0.7575
F1-Score: 0.7538
Loss: 3.991034507751465
Accuracy: 0.6726762652397156
Recall (macro): 0.6728484780874799
F1 Score (macro): 0.6485095321479617
---------------------------------------------------------------------------
Ejecutando: fmnist_dist1_quant3_ex2
---------------------------------------------------------------------------
Número total de imágenes en entrenamiento: 9558
Número total de imágenes en validación: 10800

Clases: ['Ankle boot', 'Bag', 'Coat', 'Dress', 'Pullover', 'Sandal', 'Shirt', 'Sneaker', 'Trouser']
[0, 2.290072441101074, 2.28739595413208, 0.1111111119389534, 0.1111111111111111, 0.022222222222222223, '00:40']
[1, 2.250929117202759, 2.2247400283813477, 0.1111111119389534, 0.1111111111111111, 0.022222222222222223, '00:26']
[2, 2.2062313556671143, 2.199063777923584, 0.1111111119389534, 0.1111111111111111, 0.022222222222222223, '00:26']
[3, 2.2008609771728516, 2.2014718055725098, 0.1111111119389534, 0.1111111111111111, 0.022222222222222223, '00:26']
[4, 2.2001075744628906, 2.2048561573028564, 0.1111111119389534, 0.1111111111111111, 0.022222222222222223, '00:26']
[5, 2.1997230052948, 2.1950230598449707, 0.17305555939674377, 0.17305555555555555, 0.1117898359930939, '00:27']
[6, 1.6781904697418213, 1.3467670679092407, 0.4639814794063568, 0.4639814814814815, 0.4026469344547298, '00:26']
[7, 1.183243989944458, 1.1349536180496216, 0.5295370221138, 0.529537037037037, 0.4927580961427364, '00:26']
[8, 0.9932958483695984, 0.9621772766113281, 0.6246296167373657, 0.6246296296296296, 0.6166705790324625, '00:26']
[9, 0.916144609451294, 0.9133747220039368, 0.6429629921913147, 0.642962962962963, 0.6108540293301323, '00:26']
[10, 0.8792500495910645, 0.8805232644081116, 0.6550925970077515, 0.6550925925925924, 0.6403017803493714, '00:26']
[11, 0.8104925751686096, 0.8288911581039429, 0.6789814829826355, 0.6789814814814815, 0.6666315501021913, '00:34']
[12, 0.7607911229133606, 0.7601044178009033, 0.7046296000480652, 0.7046296296296295, 0.6962529828177514, '00:54']
[13, 0.730219304561615, 0.7351507544517517, 0.7024074196815491, 0.7024074074074074, 0.6936731724596485, '00:30']
[14, 0.7060367465019226, 0.7415699362754822, 0.6885185241699219, 0.6885185185185185, 0.66555243747263, '00:26']
[15, 0.6921886801719666, 0.6980267763137817, 0.7189815044403076, 0.7189814814814814, 0.7050277946345331, '00:26']
[16, 0.6701607704162598, 0.6849635243415833, 0.7251851558685303, 0.7251851851851853, 0.7148962204010212, '00:26']
[17, 0.6724469065666199, 0.6767363548278809, 0.7226851582527161, 0.7226851851851852, 0.7212522590854663, '00:26']
[18, 0.6595357060432434, 0.6720477342605591, 0.7143518328666687, 0.7143518518518518, 0.7050279474473496, '00:29']
[19, 0.6440697908401489, 0.6597566604614258, 0.7396296262741089, 0.7396296296296296, 0.7351919495297428, '00:28']
[20, 0.6337168216705322, 0.6525141596794128, 0.7447222471237183, 0.7447222222222222, 0.7408654295171839, '00:26']
[21, 0.6168016195297241, 0.6455233097076416, 0.7370370626449585, 0.7370370370370369, 0.7347713651394745, '00:26']
[22, 0.6070177555084229, 0.637629508972168, 0.7414814829826355, 0.7414814814814815, 0.7396404989325047, '00:26']
[23, 0.6094209551811218, 0.6360292434692383, 0.7403703927993774, 0.7403703703703705, 0.7391741042044482, '00:26']
[24, 0.5910053253173828, 0.6272713541984558, 0.7487037181854248, 0.7487037037037036, 0.7464235863728333, '00:26']
[25, 0.5976510047912598, 0.6257463097572327, 0.7464814782142639, 0.7464814814814815, 0.7454504609543182, '00:26']
[26, 0.5902231931686401, 0.6243155002593994, 0.7500925660133362, 0.7500925925925926, 0.7469216147870065, '00:26']
[27, 0.5819757580757141, 0.6226301789283752, 0.7494444251060486, 0.7494444444444445, 0.7462038852480294, '00:26']
[28, 0.5894359946250916, 0.6228193640708923, 0.7494444251060486, 0.7494444444444445, 0.7467398183357087, '00:26']
[29, 0.5938865542411804, 0.6227532029151917, 0.7493518590927124, 0.7493518518518517, 0.7467123228934978, '00:26']

Tiempo de entrenamiento: 859.78 segundos
/mnt/homeGPU/haoweihu/TFG/lib/python3.10/site-packages/fastai/learner.py:455: UserWarning: load_learner` uses Python's insecure pickle module, which can execute malicious arbitrary code when loading. Only load files you trust.
If you only need to load model weights and optimizer state, use the safe `Learner.load` instead.
  warn("load_learner` uses Python's insecure pickle module, which can execute malicious arbitrary code when loading. Only load files you trust.\nIf you only need to load model weights and optimizer state, use the safe `Learner.load` instead.")
Loss: 0.6228
Accuracy: 0.7494
Recall: 0.7494
F1-Score: 0.7467
Loss: 4.2697367668151855
Accuracy: 0.6653645634651184
Recall (macro): 0.6653750944710376
F1 Score (macro): 0.6388888585358197
---------------------------------------------------------------------------
Ejecutando: fmnist_dist1_quant3_ex3
---------------------------------------------------------------------------
Número total de imágenes en entrenamiento: 9558
Número total de imágenes en validación: 10800

Clases: ['Ankle boot', 'Bag', 'Coat', 'Dress', 'Pullover', 'Sandal', 'Shirt', 'Sneaker', 'Trouser']
[0, 2.289435863494873, 2.2802610397338867, 0.1111111119389534, 0.1111111111111111, 0.022222222222222223, '00:33']
[1, 2.22318434715271, 2.2043280601501465, 0.1111111119389534, 0.1111111111111111, 0.022222222222222223, '00:30']
[2, 2.2034811973571777, 2.2001090049743652, 0.1111111119389534, 0.1111111111111111, 0.022222222222222223, '00:27']
[3, 2.2023749351501465, 2.2002193927764893, 0.1111111119389534, 0.1111111111111111, 0.022222222222222223, '00:27']
[4, 2.2011501789093018, 2.196211576461792, 0.1111111119389534, 0.1111111111111111, 0.022222222222222223, '00:27']
[5, 2.0657706260681152, 1.6957931518554688, 0.32277777791023254, 0.32277777777777783, 0.19546612082280604, '00:29']
[6, 1.1495333909988403, 0.9757400155067444, 0.6292592883110046, 0.6292592592592592, 0.6030455621662206, '00:35']
[7, 0.8337708115577698, 0.7803402543067932, 0.7001851797103882, 0.7001851851851852, 0.6952387218571818, '00:27']
[8, 0.7520939111709595, 0.7142934203147888, 0.7036111354827881, 0.7036111111111112, 0.6862927857991882, '00:27']
[9, 0.6975908279418945, 0.6945919990539551, 0.7146296501159668, 0.7146296296296297, 0.7006689025261815, '00:27']
[10, 0.6728729009628296, 0.6886504292488098, 0.7084259390830994, 0.7084259259259259, 0.6993647836507555, '00:27']
[11, 0.6642299294471741, 0.6688411235809326, 0.7225925922393799, 0.7225925925925927, 0.7135316650759744, '00:27']
[12, 0.657039999961853, 0.6516695022583008, 0.726111114025116, 0.726111111111111, 0.7181178864662056, '00:27']
[13, 0.6371560096740723, 0.6608551740646362, 0.7316666841506958, 0.7316666666666667, 0.7194269548907983, '00:27']
[14, 0.6085255742073059, 0.6164835095405579, 0.7488889098167419, 0.7488888888888889, 0.73993334058378, '00:27']
[15, 0.6064606308937073, 0.606417179107666, 0.7507407665252686, 0.7507407407407408, 0.7496599022743696, '00:28']
[16, 0.5574055314064026, 0.6098318099975586, 0.7491666674613953, 0.7491666666666666, 0.7482870913203664, '00:27']
[17, 0.5744484066963196, 0.6003628969192505, 0.7537962794303894, 0.7537962962962964, 0.7469296326289243, '00:27']
[18, 0.5596815943717957, 0.5975095629692078, 0.7581481337547302, 0.7581481481481481, 0.7573561141187035, '00:27']
[19, 0.5507547855377197, 0.5959119200706482, 0.7629629373550415, 0.7629629629629631, 0.7587228205254325, '00:28']
[20, 0.5447564125061035, 0.5894871950149536, 0.762592613697052, 0.7625925925925926, 0.762021267485829, '00:28']
[21, 0.5315219163894653, 0.5819771885871887, 0.7626851797103882, 0.7626851851851852, 0.7610487568428528, '00:27']
[22, 0.5279929637908936, 0.5780086517333984, 0.7685185074806213, 0.7685185185185186, 0.7654952264117862, '00:27']
[23, 0.5431170463562012, 0.5794785618782043, 0.7687036991119385, 0.7687037037037038, 0.7607366589002312, '00:27']
[24, 0.5447866320610046, 0.5798681974411011, 0.7699074149131775, 0.7699074074074075, 0.7654126145521892, '00:27']
[25, 0.5197327733039856, 0.5748865604400635, 0.7705555558204651, 0.7705555555555557, 0.768574410020699, '00:27']
[26, 0.5277379155158997, 0.5757136344909668, 0.7717592716217041, 0.7717592592592593, 0.77007664573658, '00:27']
[27, 0.518410325050354, 0.5724547505378723, 0.771481454372406, 0.7714814814814814, 0.7685218868008326, '00:27']
[28, 0.5237099528312683, 0.5723219513893127, 0.7716666460037231, 0.7716666666666667, 0.7691887526522034, '00:27']
[29, 0.5219343900680542, 0.572134792804718, 0.7718518376350403, 0.7718518518518518, 0.7694595719385616, '00:27']

Tiempo de entrenamiento: 852.44 segundos
/mnt/homeGPU/haoweihu/TFG/lib/python3.10/site-packages/fastai/learner.py:455: UserWarning: load_learner` uses Python's insecure pickle module, which can execute malicious arbitrary code when loading. Only load files you trust.
If you only need to load model weights and optimizer state, use the safe `Learner.load` instead.
  warn("load_learner` uses Python's insecure pickle module, which can execute malicious arbitrary code when loading. Only load files you trust.\nIf you only need to load model weights and optimizer state, use the safe `Learner.load` instead.")
Loss: 0.5721
Accuracy: 0.7719
Recall: 0.7719
F1-Score: 0.7695
Loss: 3.5526905059814453
Accuracy: 0.6890023946762085
Recall (macro): 0.6889429944536409
F1 Score (macro): 0.6662456026650032
---------------------------------------------------------------------------
Ejecutando: fmnist_dist5_quant3_ex1
---------------------------------------------------------------------------
Número total de imágenes en entrenamiento: 8820
Número total de imágenes en validación: 10800

Clases: ['Ankle boot', 'Bag', 'Coat', 'Dress', 'Pullover', 'Sandal', 'Shirt', 'Sneaker', 'Trouser']
[0, 2.2937545776367188, 2.2892463207244873, 0.1111111119389534, 0.1111111111111111, 0.022222222222222223, '00:35']
[1, 2.2672948837280273, 2.2423136234283447, 0.1111111119389534, 0.1111111111111111, 0.022222222222222223, '00:26']
[2, 2.208664894104004, 2.2021069526672363, 0.1111111119389534, 0.1111111111111111, 0.022222222222222223, '00:26']
[3, 2.201620578765869, 2.1995744705200195, 0.11462962627410889, 0.11462962962962964, 0.02885075017572117, '00:26']
[4, 2.198989152908325, 2.196199893951416, 0.1111111119389534, 0.1111111111111111, 0.022222222222222223, '00:38']
[5, 1.875145435333252, 1.4666004180908203, 0.40888887643814087, 0.4088888888888889, 0.2976324709453192, '00:27']
[6, 1.2049665451049805, 1.0721142292022705, 0.5735185146331787, 0.5735185185185184, 0.5553554029014661, '00:26']
[7, 0.9914686679840088, 0.9093600511550903, 0.6570370197296143, 0.6570370370370369, 0.6266253901649973, '00:26']
[8, 0.8955413103103638, 0.8512923121452332, 0.669259250164032, 0.6692592592592592, 0.6404415531802816, '00:26']
[9, 0.8138039112091064, 0.777570903301239, 0.6879629492759705, 0.6879629629629629, 0.6571115289748974, '00:26']
[10, 0.7578946948051453, 0.7394517064094543, 0.7087963223457336, 0.7087962962962963, 0.6953029597869008, '00:25']
[11, 0.739349365234375, 0.7232598066329956, 0.7152777910232544, 0.7152777777777778, 0.6996005572625201, '00:26']
[12, 0.7182213068008423, 0.7111899852752686, 0.7165740728378296, 0.716574074074074, 0.7115288207433252, '00:26']
[13, 0.6883938312530518, 0.6802617907524109, 0.7254629731178284, 0.725462962962963, 0.705429030813876, '00:37']
[14, 0.6912369132041931, 0.6809925436973572, 0.7251851558685303, 0.7251851851851853, 0.7080909094375923, '00:28']
[15, 0.6750825047492981, 0.6509535312652588, 0.7345370650291443, 0.7345370370370371, 0.7249000342602892, '00:30']
[16, 0.6510265469551086, 0.6480579376220703, 0.731759250164032, 0.7317592592592592, 0.7188581981283854, '00:25']
[17, 0.6496084928512573, 0.6481361985206604, 0.7402777671813965, 0.7402777777777777, 0.7353254599082594, '00:28']
[18, 0.6383535861968994, 0.6283435821533203, 0.7472222447395325, 0.7472222222222222, 0.7391026916972085, '00:26']
[19, 0.6225695610046387, 0.6325331330299377, 0.7436110973358154, 0.7436111111111111, 0.7325742512579004, '00:26']
[20, 0.6297731995582581, 0.6213148236274719, 0.7456481456756592, 0.7456481481481482, 0.7449751960899881, '00:25']
[21, 0.6063210964202881, 0.6106023788452148, 0.7540740966796875, 0.7540740740740741, 0.7482543351853628, '00:25']
[22, 0.6190646290779114, 0.6086719632148743, 0.7528703808784485, 0.7528703703703704, 0.7466753317952102, '00:25']
[23, 0.6051858067512512, 0.6051554083824158, 0.7576851844787598, 0.7576851851851852, 0.7535179271503787, '00:25']
[24, 0.5988435745239258, 0.6031129956245422, 0.756851851940155, 0.7568518518518519, 0.7504007509316527, '00:26']
[25, 0.5922721028327942, 0.6003323197364807, 0.7593518495559692, 0.7593518518518518, 0.7541639167975206, '00:26']
[26, 0.5924919247627258, 0.5999633073806763, 0.7598147988319397, 0.7598148148148147, 0.7551764911024718, '00:25']
[27, 0.5868119597434998, 0.5993785262107849, 0.7581481337547302, 0.7581481481481481, 0.7521717154269694, '00:26']
[28, 0.5965067148208618, 0.5990784764289856, 0.7587962746620178, 0.7587962962962964, 0.7533900402221079, '00:26']
[29, 0.5935548543930054, 0.5992026329040527, 0.7590740919113159, 0.759074074074074, 0.7536278574164511, '00:28']

Tiempo de entrenamiento: 830.80 segundos
/mnt/homeGPU/haoweihu/TFG/lib/python3.10/site-packages/fastai/learner.py:455: UserWarning: load_learner` uses Python's insecure pickle module, which can execute malicious arbitrary code when loading. Only load files you trust.
If you only need to load model weights and optimizer state, use the safe `Learner.load` instead.
  warn("load_learner` uses Python's insecure pickle module, which can execute malicious arbitrary code when loading. Only load files you trust.\nIf you only need to load model weights and optimizer state, use the safe `Learner.load` instead.")
Loss: 0.5992
Accuracy: 0.7591
Recall: 0.7591
F1-Score: 0.7536
Loss: 3.0290400981903076
Accuracy: 0.6760817170143127
Recall (macro): 0.6760738796214965
F1 Score (macro): 0.6481426543780942
---------------------------------------------------------------------------
Ejecutando: fmnist_dist5_quant3_ex2
---------------------------------------------------------------------------
Número total de imágenes en entrenamiento: 8820
Número total de imágenes en validación: 10800

Clases: ['Ankle boot', 'Bag', 'Coat', 'Dress', 'Pullover', 'Sandal', 'Shirt', 'Sneaker', 'Trouser']
[0, 2.299184560775757, 2.296870231628418, 0.1111111119389534, 0.1111111111111111, 0.022222222222222223, '00:33']
[1, 2.274529457092285, 2.2497379779815674, 0.1111111119389534, 0.1111111111111111, 0.022222222222222223, '00:27']
[2, 2.21041202545166, 2.201030731201172, 0.1111111119389534, 0.1111111111111111, 0.022222222222222223, '00:26']
[3, 2.202444553375244, 2.1998753547668457, 0.1111111119389534, 0.1111111111111111, 0.022222222222222223, '00:25']
[4, 2.202599048614502, 2.200343132019043, 0.15240740776062012, 0.1524074074074074, 0.05513356492260162, '00:25']
[5, 2.1972086429595947, 2.191829204559326, 0.1111111119389534, 0.1111111111111111, 0.022222222222222223, '00:26']
[6, 1.6598782539367676, 1.3169937133789062, 0.46601852774620056, 0.46601851851851855, 0.39987011722154675, '00:27']
[7, 1.1026440858840942, 0.984407365322113, 0.6299074292182922, 0.6299074074074074, 0.605108415630577, '00:26']
[8, 0.9307360649108887, 0.8623042106628418, 0.6642592549324036, 0.6642592592592593, 0.6418570367062307, '00:26']
[9, 0.8270779252052307, 0.810161292552948, 0.6843518614768982, 0.6843518518518518, 0.651269978473596, '00:26']
[10, 0.7934807538986206, 0.7547172904014587, 0.7028703689575195, 0.7028703703703704, 0.6804778443282721, '00:28']
[11, 0.7236416339874268, 0.7362437844276428, 0.6787037253379822, 0.6787037037037037, 0.6578278844326353, '00:26']
[12, 0.7144189476966858, 0.7028588056564331, 0.7080555558204651, 0.7080555555555555, 0.6938351505617317, '00:27']
[13, 0.7028265595436096, 0.685545802116394, 0.7172222137451172, 0.7172222222222221, 0.7037096118917847, '00:29']
[14, 0.6859368681907654, 0.6916528344154358, 0.7094444632530212, 0.7094444444444445, 0.6904531185744555, '00:29']
[15, 0.6656070947647095, 0.6753425002098083, 0.7243518233299255, 0.7243518518518519, 0.7180686460856944, '00:54']
[16, 0.6595962643623352, 0.6509193778038025, 0.7370370626449585, 0.737037037037037, 0.7363999517345219, '00:41']
[17, 0.6528257131576538, 0.6405527591705322, 0.745462954044342, 0.745462962962963, 0.7369531350525952, '00:37']
[18, 0.6376588940620422, 0.6409227252006531, 0.7457407116889954, 0.7457407407407408, 0.7387156226263571, '00:39']
[19, 0.6324558258056641, 0.6234098076820374, 0.7534258961677551, 0.7534259259259259, 0.7508692219290491, '00:34']
[20, 0.6193172335624695, 0.6198029518127441, 0.7427777647972107, 0.7427777777777778, 0.737732215391366, '00:36']
[21, 0.6059565544128418, 0.6139675974845886, 0.7561110854148865, 0.7561111111111112, 0.7523381522650614, '00:47']
[22, 0.6080154180526733, 0.6090906858444214, 0.7524999976158142, 0.7525, 0.7476042268164087, '00:36']
[23, 0.6051118969917297, 0.6073963642120361, 0.7527777552604675, 0.7527777777777778, 0.7503542358997953, '00:34']
[24, 0.5936514139175415, 0.6038933992385864, 0.7562962770462036, 0.7562962962962962, 0.7521305443977266, '00:34']
[25, 0.5966570973396301, 0.6023308038711548, 0.7594444155693054, 0.7594444444444445, 0.7574450508984228, '00:34']
[26, 0.590268075466156, 0.6006056070327759, 0.7594444155693054, 0.7594444444444444, 0.7544370624659171, '00:33']
[27, 0.5907241106033325, 0.599600613117218, 0.760185182094574, 0.7601851851851852, 0.7567417838153068, '00:33']
[28, 0.5937218070030212, 0.5992344617843628, 0.7599074244499207, 0.7599074074074074, 0.7566139782427125, '00:33']
[29, 0.5912333726882935, 0.5992181897163391, 0.7597222328186035, 0.7597222222222223, 0.7563100162091322, '00:28']

Tiempo de entrenamiento: 973.24 segundos
/mnt/homeGPU/haoweihu/TFG/lib/python3.10/site-packages/fastai/learner.py:455: UserWarning: load_learner` uses Python's insecure pickle module, which can execute malicious arbitrary code when loading. Only load files you trust.
If you only need to load model weights and optimizer state, use the safe `Learner.load` instead.
  warn("load_learner` uses Python's insecure pickle module, which can execute malicious arbitrary code when loading. Only load files you trust.\nIf you only need to load model weights and optimizer state, use the safe `Learner.load` instead.")
Loss: 0.5992
Accuracy: 0.7597
Recall: 0.7597
F1-Score: 0.7563
Loss: 3.2436892986297607
Accuracy: 0.6831930875778198
Recall (macro): 0.6831293315504461
F1 Score (macro): 0.65744525800033
---------------------------------------------------------------------------
Ejecutando: fmnist_dist5_quant3_ex3
---------------------------------------------------------------------------
Número total de imágenes en entrenamiento: 8820
Número total de imágenes en validación: 10800

Clases: ['Ankle boot', 'Bag', 'Coat', 'Dress', 'Pullover', 'Sandal', 'Shirt', 'Sneaker', 'Trouser']
[0, 2.2956466674804688, 2.289421319961548, 0.1111111119389534, 0.1111111111111111, 0.022222222222222223, '00:33']
[1, 2.2382678985595703, 2.209087371826172, 0.1111111119389534, 0.1111111111111111, 0.022222222222222223, '00:26']
[2, 2.2044756412506104, 2.1992063522338867, 0.1111111119389534, 0.1111111111111111, 0.022222222222222223, '00:25']
[3, 2.2025787830352783, 2.2002906799316406, 0.1111111119389534, 0.1111111111111111, 0.022222222222222223, '00:26']
[4, 2.2007217407226562, 2.2012763023376465, 0.1111111119389534, 0.1111111111111111, 0.022222222222222223, '00:26']
[5, 2.1945316791534424, 2.181971311569214, 0.1111111119389534, 0.1111111111111111, 0.02250161730374371, '00:27']
[6, 1.4661381244659424, 1.179060459136963, 0.4980555474758148, 0.49805555555555553, 0.4289955232456555, '00:26']
[7, 1.0621517896652222, 0.9522255063056946, 0.6248148083686829, 0.6248148148148149, 0.6014670043443638, '00:28']
[8, 0.9356846213340759, 0.8865912556648254, 0.6622222065925598, 0.6622222222222223, 0.638735508889781, '00:27']
[9, 0.8375431895256042, 0.8078728318214417, 0.6871296167373657, 0.6871296296296295, 0.6643786715757969, '00:27']
[10, 0.7854354381561279, 0.7460250854492188, 0.7109259366989136, 0.710925925925926, 0.6987276263119973, '00:26']
[11, 0.7373934388160706, 0.7185319066047668, 0.7156481742858887, 0.7156481481481481, 0.6984110658973081, '00:26']
[12, 0.7245111465454102, 0.7051538825035095, 0.7209259271621704, 0.720925925925926, 0.7088718251406346, '00:25']
[13, 0.6794286370277405, 0.6618963479995728, 0.7330555319786072, 0.7330555555555556, 0.725137728691475, '00:27']
[14, 0.6652887463569641, 0.6526041030883789, 0.7405555844306946, 0.7405555555555555, 0.7314066824817762, '00:26']
[15, 0.6403612494468689, 0.6268635988235474, 0.7492592334747314, 0.7492592592592593, 0.740936124525175, '00:26']
[16, 0.6229810118675232, 0.6141904592514038, 0.7561110854148865, 0.7561111111111112, 0.7501924085947307, '00:27']
[17, 0.6088556051254272, 0.6308884024620056, 0.7357407212257385, 0.7357407407407407, 0.735028675527753, '00:26']
[18, 0.6006025075912476, 0.5989988446235657, 0.7634259462356567, 0.7634259259259258, 0.7618162149532197, '00:26']
[19, 0.6021776795387268, 0.6068792939186096, 0.7590740919113159, 0.7590740740740741, 0.7579025150610079, '00:26']
[20, 0.5964480042457581, 0.6050092577934265, 0.7631481289863586, 0.7631481481481481, 0.7602762865416379, '00:26']
[21, 0.5811030864715576, 0.5871107578277588, 0.7673147916793823, 0.7673148148148149, 0.7669490093345134, '00:26']
[22, 0.5730305910110474, 0.589013934135437, 0.767037034034729, 0.7670370370370371, 0.7648358321245446, '00:26']
[23, 0.5707575082778931, 0.5824346542358398, 0.7709259390830994, 0.7709259259259258, 0.7699345550345092, '00:26']
[24, 0.5767278075218201, 0.5790047645568848, 0.7709259390830994, 0.7709259259259259, 0.7685992239428203, '00:26']
[25, 0.5539120435714722, 0.5779817700386047, 0.7735185027122498, 0.7735185185185185, 0.77136494982815, '00:27']
[26, 0.5651149153709412, 0.5762903094291687, 0.7736111283302307, 0.773611111111111, 0.772022552906802, '00:26']
[27, 0.5628480315208435, 0.5759057402610779, 0.7756481766700745, 0.7756481481481481, 0.7744638224498792, '00:26']
[28, 0.5625905394554138, 0.575432538986206, 0.7743518352508545, 0.7743518518518518, 0.7728542877744151, '00:26']
[29, 0.5638507604598999, 0.5754128098487854, 0.773888885974884, 0.7738888888888888, 0.7723294293426125, '00:25']

Tiempo de entrenamiento: 803.77 segundos
/mnt/homeGPU/haoweihu/TFG/lib/python3.10/site-packages/fastai/learner.py:455: UserWarning: load_learner` uses Python's insecure pickle module, which can execute malicious arbitrary code when loading. Only load files you trust.
If you only need to load model weights and optimizer state, use the safe `Learner.load` instead.
  warn("load_learner` uses Python's insecure pickle module, which can execute malicious arbitrary code when loading. Only load files you trust.\nIf you only need to load model weights and optimizer state, use the safe `Learner.load` instead.")
Loss: 0.5754
Accuracy: 0.7739
Recall: 0.7739
F1-Score: 0.7723
Loss: 3.706447124481201
Accuracy: 0.69140625
Recall (macro): 0.691118303273213
F1 Score (macro): 0.667660876014704
---------------------------------------------------------------------------
Ejecutando: fmnist_dist01_quant3_ex1
---------------------------------------------------------------------------
Número total de imágenes en entrenamiento: 20160
Número total de imágenes en validación: 10800

Clases: ['Ankle boot', 'Bag', 'Coat', 'Dress', 'Pullover', 'Sandal', 'Shirt', 'Sneaker', 'Trouser']
[0, 2.243666887283325, 2.2273194789886475, 0.1111111119389534, 0.1111111111111111, 0.022222222222222223, '00:57']
[1, 2.2003626823425293, 2.198681116104126, 0.1111111119389534, 0.1111111111111111, 0.022222222222222223, '00:42']
[2, 2.20072865486145, 2.2000370025634766, 0.1111111119389534, 0.1111111111111111, 0.022222222222222223, '00:41']
[3, 2.197402000427246, 2.1960763931274414, 0.1111111119389534, 0.1111111111111111, 0.02225003476567932, '00:41']
[4, 1.2805989980697632, 1.2406611442565918, 0.4624074101448059, 0.46240740740740743, 0.3910818187705143, '00:42']
[5, 0.8672460913658142, 1.0213192701339722, 0.6101852059364319, 0.6101851851851853, 0.5937570601520744, '00:41']
[6, 0.7619895339012146, 0.9502512216567993, 0.5961111187934875, 0.5961111111111111, 0.5983299113073337, '00:41']
[7, 0.6977260708808899, 0.8650062680244446, 0.6311110854148865, 0.6311111111111112, 0.6008652192801566, '00:41']
[8, 0.6368408203125, 0.788164496421814, 0.670462965965271, 0.6704629629629629, 0.6565598698554566, '00:42']
[9, 0.5652487874031067, 0.770865797996521, 0.678518533706665, 0.6785185185185185, 0.6570135137249058, '00:42']
[10, 0.5425660014152527, 0.6863799095153809, 0.7396296262741089, 0.7396296296296296, 0.7346590228290091, '00:41']
[11, 0.4946376383304596, 0.6643200516700745, 0.7566666603088379, 0.7566666666666667, 0.7504474539425192, '00:41']
[12, 0.46477359533309937, 0.6409432888031006, 0.7627778053283691, 0.7627777777777778, 0.7553695546868743, '00:43']
[13, 0.434916615486145, 0.6211309432983398, 0.7710185050964355, 0.7710185185185185, 0.7630646635431675, '00:43']
[14, 0.42760321497917175, 0.582398533821106, 0.782870352268219, 0.7828703703703703, 0.7831378774989806, '00:41']
[15, 0.4181010127067566, 0.565382719039917, 0.7928703427314758, 0.7928703703703704, 0.7924973435526532, '00:41']
[16, 0.3979244530200958, 0.563425600528717, 0.8054629564285278, 0.805462962962963, 0.8034065075573094, '00:41']
[17, 0.3908909857273102, 0.5461458563804626, 0.8075925707817078, 0.8075925925925926, 0.8061744392927644, '00:42']
[18, 0.3819979429244995, 0.5516289472579956, 0.8009259104728699, 0.8009259259259259, 0.8002100374704935, '00:41']
[19, 0.3627132177352905, 0.5576416254043579, 0.7987037301063538, 0.7987037037037036, 0.7983331010262041, '00:41']
[20, 0.35228395462036133, 0.5195229053497314, 0.8171296119689941, 0.8171296296296295, 0.8170470361820932, '00:41']
[21, 0.3568151593208313, 0.5371873378753662, 0.803518533706665, 0.8035185185185185, 0.8028055959974245, '00:41']
[22, 0.3450284004211426, 0.5248129963874817, 0.809166669845581, 0.8091666666666667, 0.8092441608544774, '00:41']
[23, 0.3488329350948334, 0.5136290788650513, 0.8176851868629456, 0.8176851851851852, 0.8178718954736435, '00:41']
[24, 0.34374722838401794, 0.5093385577201843, 0.8215740919113159, 0.8215740740740741, 0.8216772620696648, '00:41']
[25, 0.33063602447509766, 0.5117626786231995, 0.8221296072006226, 0.8221296296296295, 0.8223719548483439, '00:41']
[26, 0.3224591016769409, 0.5082103610038757, 0.8224999904632568, 0.8224999999999999, 0.8228352877366087, '00:43']
[27, 0.33002057671546936, 0.5076117515563965, 0.821481466293335, 0.8214814814814815, 0.8215524693761209, '00:41']
[28, 0.32505345344543457, 0.5070337057113647, 0.8213889002799988, 0.821388888888889, 0.8216473167918682, '00:41']
[29, 0.3356211483478546, 0.5067176222801208, 0.8213889002799988, 0.821388888888889, 0.8216298736060383, '00:42']

Tiempo de entrenamiento: 1276.05 segundos
/mnt/homeGPU/haoweihu/TFG/lib/python3.10/site-packages/fastai/learner.py:455: UserWarning: load_learner` uses Python's insecure pickle module, which can execute malicious arbitrary code when loading. Only load files you trust.
If you only need to load model weights and optimizer state, use the safe `Learner.load` instead.
  warn("load_learner` uses Python's insecure pickle module, which can execute malicious arbitrary code when loading. Only load files you trust.\nIf you only need to load model weights and optimizer state, use the safe `Learner.load` instead.")
Loss: 0.5067
Accuracy: 0.8214
Recall: 0.8214
F1-Score: 0.8216
Loss: 3.316709041595459
Accuracy: 0.7251602411270142
Recall (macro): 0.7253546369824495
F1 Score (macro): 0.7034247540343022
---------------------------------------------------------------------------
Ejecutando: fmnist_dist01_quant3_ex2
---------------------------------------------------------------------------
Número total de imágenes en entrenamiento: 20160
Número total de imágenes en validación: 10800

Clases: ['Ankle boot', 'Bag', 'Coat', 'Dress', 'Pullover', 'Sandal', 'Shirt', 'Sneaker', 'Trouser']
[0, 2.2471275329589844, 2.227656364440918, 0.1111111119389534, 0.1111111111111111, 0.022222222222222223, '00:53']
[1, 2.2008399963378906, 2.1991024017333984, 0.1111111119389534, 0.1111111111111111, 0.022222222222222223, '00:41']
[2, 2.1992697715759277, 2.2022807598114014, 0.1111111119389534, 0.1111111111111111, 0.022222222222222223, '00:41']
[3, 2.199532985687256, 2.197627067565918, 0.1111111119389534, 0.1111111111111111, 0.022222222222222223, '00:41']
[4, 1.0628418922424316, 0.9587404131889343, 0.5778703689575195, 0.5778703703703703, 0.5532806321321844, '00:41']
[5, 0.7221802473068237, 0.8818901777267456, 0.6289814710617065, 0.6289814814814815, 0.6004885976389445, '00:41']
[6, 0.6581053137779236, 0.8093597888946533, 0.6603703498840332, 0.6603703703703704, 0.639299894353504, '00:41']
[7, 0.6027308106422424, 0.7555447220802307, 0.6789814829826355, 0.6789814814814814, 0.670640587428416, '00:42']
[8, 0.5902060270309448, 0.7285279035568237, 0.7126851677894592, 0.7126851851851853, 0.7129305813277305, '00:42']
[9, 0.5520455241203308, 0.7015345096588135, 0.7254629731178284, 0.725462962962963, 0.7152007005833884, '00:41']
[10, 0.523924708366394, 0.6764693856239319, 0.738703727722168, 0.7387037037037038, 0.7307939543802582, '00:41']
[11, 0.5000305771827698, 0.6687581539154053, 0.7418518662452698, 0.7418518518518519, 0.7400180506618254, '00:41']
[12, 0.49376797676086426, 0.6684310436248779, 0.7292592525482178, 0.7292592592592592, 0.7300045387146775, '00:41']
[13, 0.4746820628643036, 0.6608984470367432, 0.737407386302948, 0.7374074074074074, 0.7355110024975814, '00:41']
[14, 0.4779428541660309, 0.6306551694869995, 0.7521296143531799, 0.7521296296296297, 0.7496669537817691, '00:41']
[15, 0.4783135652542114, 0.6699779629707336, 0.7381481528282166, 0.7381481481481482, 0.7382720201594541, '00:41']
[16, 0.4623272716999054, 0.61182701587677, 0.7620370388031006, 0.7620370370370371, 0.7635317315035881, '00:41']
[17, 0.45167216658592224, 0.6122615933418274, 0.7644444704055786, 0.7644444444444445, 0.7654448510861052, '00:42']
[18, 0.44280123710632324, 0.6186202168464661, 0.7551851868629456, 0.7551851851851852, 0.7540035293554477, '00:42']
[19, 0.43200600147247314, 0.6117420792579651, 0.761388897895813, 0.7613888888888889, 0.7615491474185544, '00:41']
[20, 0.4127355217933655, 0.5926149487495422, 0.7762963175773621, 0.7762962962962963, 0.7766699463002293, '00:48']
[21, 0.41561153531074524, 0.5953695178031921, 0.7741666436195374, 0.7741666666666666, 0.775766205760777, '01:08']
[22, 0.4211810231208801, 0.5970209240913391, 0.7737036943435669, 0.7737037037037038, 0.7754142214049664, '01:10']
[23, 0.4193943738937378, 0.588911771774292, 0.7778703570365906, 0.7778703703703704, 0.7791951948492679, '01:07']
[24, 0.39777854084968567, 0.5826300382614136, 0.7774999737739563, 0.7775, 0.7777184784139072, '01:18']
[25, 0.3959580957889557, 0.5914095044136047, 0.7775925993919373, 0.7775925925925926, 0.7791980839767922, '00:55']
[26, 0.4028087854385376, 0.5790351629257202, 0.7767592668533325, 0.7767592592592591, 0.776128620608842, '00:41']
[27, 0.4026971757411957, 0.5794793963432312, 0.7777777910232544, 0.7777777777777778, 0.7780000228952433, '00:42']
[28, 0.4047963619232178, 0.5808179974555969, 0.7788888812065125, 0.778888888888889, 0.7796912612539195, '00:41']
[29, 0.4070942997932434, 0.5805553793907166, 0.7789815068244934, 0.7789814814814815, 0.7797578612463006, '00:42']

Tiempo de entrenamiento: 1408.17 segundos
/mnt/homeGPU/haoweihu/TFG/lib/python3.10/site-packages/fastai/learner.py:455: UserWarning: load_learner` uses Python's insecure pickle module, which can execute malicious arbitrary code when loading. Only load files you trust.
If you only need to load model weights and optimizer state, use the safe `Learner.load` instead.
  warn("load_learner` uses Python's insecure pickle module, which can execute malicious arbitrary code when loading. Only load files you trust.\nIf you only need to load model weights and optimizer state, use the safe `Learner.load` instead.")
Loss: 0.5806
Accuracy: 0.7790
Recall: 0.7790
F1-Score: 0.7798
Loss: 4.719892501831055
Accuracy: 0.694411039352417
Recall (macro): 0.6943249944722443
F1 Score (macro): 0.673424518292834
---------------------------------------------------------------------------
Ejecutando: fmnist_dist01_quant3_ex3
---------------------------------------------------------------------------
Número total de imágenes en entrenamiento: 20160
Número total de imágenes en validación: 10800

Clases: ['Ankle boot', 'Bag', 'Coat', 'Dress', 'Pullover', 'Sandal', 'Shirt', 'Sneaker', 'Trouser']
[0, 2.2672417163848877, 2.249976873397827, 0.1111111119389534, 0.1111111111111111, 0.022222222222222223, '00:53']
[1, 2.2007806301116943, 2.2002382278442383, 0.1111111119389534, 0.1111111111111111, 0.022222222222222223, '00:43']
[2, 2.200590133666992, 2.1991817951202393, 0.1111111119389534, 0.1111111111111111, 0.022222222222222223, '00:41']
[3, 2.1940956115722656, 2.1881520748138428, 0.1111111119389534, 0.1111111111111111, 0.022222222222222223, '00:41']
[4, 0.9837378263473511, 1.0493159294128418, 0.584074079990387, 0.5840740740740741, 0.5828216726698279, '00:41']
[5, 0.7440800666809082, 0.9759650826454163, 0.6050000190734863, 0.605, 0.5717658856844134, '00:41']
[6, 0.6537692546844482, 0.823250949382782, 0.6612963080406189, 0.6612962962962964, 0.6429186485060963, '00:42']
[7, 0.5776253342628479, 0.7906254529953003, 0.6915740966796875, 0.691574074074074, 0.6877808783817977, '00:42']
[8, 0.5658423900604248, 0.6772346496582031, 0.7391666769981384, 0.7391666666666666, 0.7387724775484383, '00:41']
[9, 0.5252941250801086, 0.6733725070953369, 0.7313888669013977, 0.7313888888888889, 0.72692826042614, '00:43']
[10, 0.484955757856369, 0.6909698843955994, 0.7403703927993774, 0.7403703703703705, 0.7309332621271181, '00:42']
[11, 0.4857044517993927, 0.6522912383079529, 0.7421296238899231, 0.7421296296296296, 0.7369906123901413, '00:42']
[12, 0.4678952693939209, 0.6503083109855652, 0.7458333373069763, 0.7458333333333333, 0.7456666100087922, '00:42']
[13, 0.46671420335769653, 0.6290581822395325, 0.7475000023841858, 0.7474999999999999, 0.746285907769684, '00:43']
[14, 0.4436895549297333, 0.6289600729942322, 0.7519444227218628, 0.7519444444444444, 0.7425419693219953, '00:42']
[15, 0.4259261190891266, 0.5981737971305847, 0.7690740823745728, 0.7690740740740741, 0.7652068971736486, '00:42']
[16, 0.4292431175708771, 0.5932242274284363, 0.7647222280502319, 0.7647222222222223, 0.7594340072787237, '00:42']
[17, 0.40464282035827637, 0.6141881346702576, 0.7686111330986023, 0.7686111111111111, 0.7635063580509076, '00:44']
[18, 0.41707757115364075, 0.5986638069152832, 0.7724074125289917, 0.7724074074074073, 0.7681036756513983, '00:42']
[19, 0.4205437898635864, 0.5715399980545044, 0.7825925946235657, 0.7825925925925925, 0.7832973784775864, '00:43']
[20, 0.40548381209373474, 0.5921189785003662, 0.7745370268821716, 0.774537037037037, 0.7757783127112045, '00:45']
[21, 0.39568012952804565, 0.5604632496833801, 0.7862036824226379, 0.7862037037037037, 0.7855533412484865, '00:43']
[22, 0.3946875333786011, 0.5605279803276062, 0.7812036871910095, 0.7812037037037037, 0.779950619989088, '00:43']
[23, 0.38374459743499756, 0.5687259435653687, 0.7820370197296143, 0.782037037037037, 0.7823240118547795, '00:42']
[24, 0.3768782913684845, 0.5608955025672913, 0.7831481695175171, 0.7831481481481481, 0.78327075958182, '00:43']
[25, 0.37627744674682617, 0.5635367631912231, 0.7866666913032532, 0.7866666666666666, 0.7873323571791763, '00:43']
[26, 0.3658425807952881, 0.5521798133850098, 0.7887963056564331, 0.7887962962962963, 0.7871547992495379, '00:44']
[27, 0.36491695046424866, 0.5530092120170593, 0.789722204208374, 0.7897222222222222, 0.7895747288489378, '00:43']
[28, 0.37112823128700256, 0.5517995953559875, 0.7900925874710083, 0.7900925925925927, 0.7897879054788124, '00:42']
[29, 0.36525610089302063, 0.5521396994590759, 0.7894444465637207, 0.7894444444444445, 0.7892789593654967, '00:43']

Tiempo de entrenamiento: 1297.36 segundos
/mnt/homeGPU/haoweihu/TFG/lib/python3.10/site-packages/fastai/learner.py:455: UserWarning: load_learner` uses Python's insecure pickle module, which can execute malicious arbitrary code when loading. Only load files you trust.
If you only need to load model weights and optimizer state, use the safe `Learner.load` instead.
  warn("load_learner` uses Python's insecure pickle module, which can execute malicious arbitrary code when loading. Only load files you trust.\nIf you only need to load model weights and optimizer state, use the safe `Learner.load` instead.")
Loss: 0.5521
Accuracy: 0.7894
Recall: 0.7894
F1-Score: 0.7893
Loss: 2.761828660964966
Accuracy: 0.7101362347602844
Recall (macro): 0.7102350236413015
F1 Score (macro): 0.6869458438049335
mail: cannot send message: Process exited with a non-zero status
