---------------------------------------------------------------------------
Ejecutando: mnist_dist1_quant3_ex1
---------------------------------------------------------------------------
Número total de imágenes en entrenamiento: 10622
Número total de imágenes en validación: 11996

Clases: ['0', '1', '2', '3', '4', '5', '6', '7', '8', '9']
[0, 2.3040218353271484, 2.3034088611602783, 0.09911637008190155, 0.1, 0.018035646568069778, '00:33']
[1, 2.3026185035705566, 2.301835536956787, 0.11237078905105591, 0.1, 0.020203836930455635, '00:26']
[2, 2.30232572555542, 2.3013129234313965, 0.11237078905105591, 0.1, 0.020203836930455635, '00:25']
[3, 2.302403211593628, 2.30145263671875, 0.11237078905105591, 0.1, 0.020203836930455635, '00:27']
[4, 2.3010523319244385, 2.2974600791931152, 0.11237078905105591, 0.1, 0.020203836930455635, '00:25']
[5, 1.664907455444336, 1.291526436805725, 0.5843614339828491, 0.5775906846422099, 0.5484357962846523, '00:25']
[6, 0.9227333664894104, 0.8525374531745911, 0.7235745191574097, 0.7191466646772688, 0.7157085141159965, '00:28']
[7, 0.7328506112098694, 0.7217355370521545, 0.7720073461532593, 0.7681164767856389, 0.7688726578081638, '00:27']
[8, 0.596198320388794, 0.6373523473739624, 0.7940146923065186, 0.7908435684616856, 0.7919418416503692, '00:26']
[9, 0.5524493455886841, 0.5442798733711243, 0.8294431567192078, 0.8268132661849583, 0.8252372639377208, '00:26']
[10, 0.4940943419933319, 0.4910331964492798, 0.8452817797660828, 0.8440502535766228, 0.8437716254681101, '00:26']
[11, 0.42374613881111145, 0.44336605072021484, 0.8600366711616516, 0.8574748598884568, 0.8567231287864795, '00:28']
[12, 0.37709519267082214, 0.3914070427417755, 0.8789596557617188, 0.8778642029892204, 0.8776920143323839, '00:26']
[13, 0.3509933054447174, 0.3638388216495514, 0.8879626393318176, 0.8862007350387813, 0.8866797205937127, '00:29']
[14, 0.3168830871582031, 0.33166229724884033, 0.8957152366638184, 0.8942019944245578, 0.8943126556210466, '00:26']
[15, 0.29631146788597107, 0.3090338706970215, 0.902967631816864, 0.9019272353807665, 0.9018832515000386, '00:26']
[16, 0.2786380648612976, 0.2981241047382355, 0.9061353802680969, 0.9051561549507697, 0.9053225753858449, '00:33']
[17, 0.25052857398986816, 0.2824576795101166, 0.9123041033744812, 0.9111032374704603, 0.9108026939684702, '00:25']
[18, 0.24352209270000458, 0.26830223202705383, 0.9152217507362366, 0.9142855510247756, 0.9142079666595772, '00:25']
[19, 0.2260124385356903, 0.26298654079437256, 0.914971649646759, 0.9139566065922269, 0.914223730792963, '00:26']
[20, 0.23227694630622864, 0.2531506419181824, 0.9223908185958862, 0.9209323656970447, 0.9213222816841198, '00:25']
[21, 0.21913088858127594, 0.2465672791004181, 0.9233077764511108, 0.9219510499136836, 0.9223217877377732, '00:25']
[22, 0.2210758924484253, 0.24183787405490875, 0.9236412048339844, 0.9225346302059183, 0.9226282385121897, '00:26']
[23, 0.20127108693122864, 0.23571394383907318, 0.9253917932510376, 0.9245419419203955, 0.9244095523911706, '00:27']
[24, 0.1985614001750946, 0.23337049782276154, 0.9265588521957397, 0.9255764739231205, 0.9254719201919469, '00:26']
[25, 0.18858207762241364, 0.23120591044425964, 0.9268922805786133, 0.9258795477348076, 0.9259616884556887, '00:25']
[26, 0.18465201556682587, 0.23020392656326294, 0.9272257685661316, 0.9263491302142489, 0.9263959641487352, '00:25']
[27, 0.18914778530597687, 0.22900959849357605, 0.9281427264213562, 0.92716257760622, 0.9272343303440698, '00:25']
[28, 0.18711377680301666, 0.22806529700756073, 0.9284761548042297, 0.9274866759635121, 0.9275418777979116, '00:25']
[29, 0.18741847574710846, 0.2280963510274887, 0.928309440612793, 0.9272842112629714, 0.9273615222208871, '00:25']

Tiempo de entrenamiento: 809.19 segundos
/mnt/homeGPU/haoweihu/TFG/lib/python3.10/site-packages/fastai/learner.py:455: UserWarning: load_learner` uses Python's insecure pickle module, which can execute malicious arbitrary code when loading. Only load files you trust.
If you only need to load model weights and optimizer state, use the safe `Learner.load` instead.
  warn("load_learner` uses Python's insecure pickle module, which can execute malicious arbitrary code when loading. Only load files you trust.\nIf you only need to load model weights and optimizer state, use the safe `Learner.load` instead.")
Loss: 0.2281
Accuracy: 0.9283
Recall: 0.9273
F1-Score: 0.9274
Loss: 0.2031438946723938
Accuracy: 0.9381009340286255
Recall (macro): 0.9374244135022736
F1 Score (macro): 0.9373705849144629
---------------------------------------------------------------------------
Ejecutando: mnist_dist1_quant3_ex2
---------------------------------------------------------------------------
Número total de imágenes en entrenamiento: 10622
Número total de imágenes en validación: 11996

Clases: ['0', '1', '2', '3', '4', '5', '6', '7', '8', '9']
[0, 2.3032751083374023, 2.303093194961548, 0.09928309172391891, 0.1, 0.018063244104041858, '00:39']
[1, 2.302621841430664, 2.3017847537994385, 0.11237078905105591, 0.1, 0.020203836930455635, '00:26']
[2, 2.302081823348999, 2.3013832569122314, 0.11237078905105591, 0.1, 0.020203836930455635, '00:29']
[3, 2.3025763034820557, 2.3013298511505127, 0.11237078905105591, 0.1, 0.020203836930455635, '00:31']
[4, 2.30177640914917, 2.3011980056762695, 0.11237078905105591, 0.1, 0.020203836930455635, '00:29']
[5, 2.3020052909851074, 2.301176071166992, 0.11237078905105591, 0.1, 0.020203836930455635, '00:28']
[6, 2.2883687019348145, 2.2318782806396484, 0.20856952667236328, 0.19746737319511293, 0.07114811430097043, '00:25']
[7, 1.7436683177947998, 1.5907480716705322, 0.43347781896591187, 0.4232514276217317, 0.3749511500151633, '00:25']
[8, 1.3714100122451782, 1.3159127235412598, 0.5160887241363525, 0.5081854806070791, 0.4731631789790572, '00:25']
[9, 1.1001445055007935, 1.0330768823623657, 0.6290430426597595, 0.6232335964764448, 0.6122161611419392, '00:25']
[10, 0.8751193284988403, 0.8257008790969849, 0.7162387371063232, 0.711602709837727, 0.7064954166285403, '00:25']
[11, 0.720870316028595, 0.699809193611145, 0.7660053372383118, 0.7624339648776381, 0.7627312915763387, '00:25']
[12, 0.6025483012199402, 0.6127055883407593, 0.7887629270553589, 0.7858505491556791, 0.7831594664583709, '00:25']
[13, 0.5403369665145874, 0.5489181876182556, 0.8190230131149292, 0.8161533861208319, 0.8153481344376008, '00:26']
[14, 0.49915027618408203, 0.5106995105743408, 0.8341947197914124, 0.832197264094914, 0.8314844004137474, '00:25']
[15, 0.4559326767921448, 0.48418381810188293, 0.8443647623062134, 0.8420375429456228, 0.8413288193797394, '00:26']
[16, 0.4362134337425232, 0.45056888461112976, 0.8575358390808105, 0.8555094814488452, 0.8551385639387854, '00:26']
[17, 0.404493510723114, 0.428795725107193, 0.8632044196128845, 0.8611265476822876, 0.86093341750208, '00:25']
[18, 0.4010286331176758, 0.4095979928970337, 0.8720406889915466, 0.8700802936010555, 0.8698238456061173, '00:25']
[19, 0.3668369650840759, 0.4035656750202179, 0.8717905879020691, 0.8700961303278998, 0.8701314570603159, '00:25']
[20, 0.37219253182411194, 0.39414024353027344, 0.8751250505447388, 0.8731389591611716, 0.8737960696858691, '00:26']
[21, 0.3472161591053009, 0.37850531935691833, 0.8830443620681763, 0.8813400292312734, 0.881368044211087, '00:26']
[22, 0.3475950360298157, 0.37382179498672485, 0.8842947483062744, 0.8832755843899213, 0.8826222658182818, '00:25']
[23, 0.3364318311214447, 0.3690500259399414, 0.8856285214424133, 0.8842521269585143, 0.8840296524050704, '00:26']
[24, 0.32057082653045654, 0.3631289005279541, 0.8883794546127319, 0.8869225332254811, 0.8869500620989846, '00:31']
[25, 0.3170832693576813, 0.35967886447906494, 0.8894631266593933, 0.8883121964000426, 0.8880786629708746, '00:30']
[26, 0.31922414898872375, 0.36010828614234924, 0.8883794546127319, 0.886997392176973, 0.8868725454933415, '00:30']
[27, 0.3207351565361023, 0.35879334807395935, 0.888962984085083, 0.8875925868424496, 0.88747960755782, '00:30']
[28, 0.3091168701648712, 0.3579268455505371, 0.8902134299278259, 0.8888777706477082, 0.8887680101291984, '00:29']
[29, 0.3012494146823883, 0.3579413890838623, 0.8899633288383484, 0.8886019856757585, 0.8885091329870107, '00:29']

Tiempo de entrenamiento: 832.01 segundos
/mnt/homeGPU/haoweihu/TFG/lib/python3.10/site-packages/fastai/learner.py:455: UserWarning: load_learner` uses Python's insecure pickle module, which can execute malicious arbitrary code when loading. Only load files you trust.
If you only need to load model weights and optimizer state, use the safe `Learner.load` instead.
  warn("load_learner` uses Python's insecure pickle module, which can execute malicious arbitrary code when loading. Only load files you trust.\nIf you only need to load model weights and optimizer state, use the safe `Learner.load` instead.")
Loss: 0.3579
Accuracy: 0.8900
Recall: 0.8886
F1-Score: 0.8885
Loss: 0.3365996778011322
Accuracy: 0.8928285241127014
Recall (macro): 0.8910738664575533
F1 Score (macro): 0.8909677642667259
---------------------------------------------------------------------------
Ejecutando: mnist_dist1_quant3_ex3
---------------------------------------------------------------------------
Número total de imágenes en entrenamiento: 10622
Número total de imágenes en validación: 11996

Clases: ['0', '1', '2', '3', '4', '5', '6', '7', '8', '9']
[0, 2.304431438446045, 2.3038108348846436, 0.09861620515584946, 0.1, 0.017952803702860613, '00:43']
[1, 2.302614688873291, 2.301563024520874, 0.11237078905105591, 0.1, 0.020203836930455635, '00:26']
[2, 2.3021774291992188, 2.3012781143188477, 0.11237078905105591, 0.1, 0.020203836930455635, '00:26']
[3, 2.302205801010132, 2.301769733428955, 0.11237078905105591, 0.1, 0.020203836930455635, '00:27']
[4, 2.302781343460083, 2.3016836643218994, 0.11237078905105591, 0.1, 0.020203836930455635, '00:26']
[5, 2.3031632900238037, 2.301379680633545, 0.11237078905105591, 0.1, 0.020203836930455635, '00:26']
[6, 2.3024308681488037, 2.3011419773101807, 0.11237078905105591, 0.1, 0.020203836930455635, '00:26']
[7, 2.060394287109375, 1.7766755819320679, 0.42789262533187866, 0.4172921718133102, 0.3589978157699116, '00:26']
[8, 1.35394287109375, 1.215316891670227, 0.5934478044509888, 0.5837653710727523, 0.5632090401129366, '00:26']
[9, 0.9833033680915833, 0.9744696617126465, 0.6672223806381226, 0.658603874957236, 0.6523604604228967, '00:26']
[10, 0.8131064176559448, 0.7833955883979797, 0.7384127974510193, 0.7340798720840075, 0.7350247204448306, '00:26']
[11, 0.69007807970047, 0.6984876990318298, 0.7684227824211121, 0.7652204747575567, 0.7626853316130255, '00:27']
[12, 0.6127771139144897, 0.6279821395874023, 0.7939313054084778, 0.7902849930057138, 0.7878045885676305, '00:26']
[13, 0.5547559261322021, 0.58719801902771, 0.8048515915870667, 0.8026735376495118, 0.799920826326894, '00:27']
[14, 0.5278862714767456, 0.5350364446640015, 0.8270256519317627, 0.824735304426361, 0.8237265178771496, '00:26']
[15, 0.4956193268299103, 0.5076024532318115, 0.8379459977149963, 0.8357404723890769, 0.8338853944514814, '00:26']
[16, 0.4353051483631134, 0.4760853350162506, 0.8502000570297241, 0.8477470824637431, 0.8474413778472967, '00:26']
[17, 0.42506569623947144, 0.45202940702438354, 0.8558686375617981, 0.8542825706827522, 0.8532078059932371, '00:27']
[18, 0.4075087606906891, 0.4280635714530945, 0.868622899055481, 0.8669912084464851, 0.8668192649157559, '00:27']
[19, 0.3850927948951721, 0.40971794724464417, 0.8723741173744202, 0.8706342201000055, 0.870531418776418, '00:26']
[20, 0.374447762966156, 0.4097606837749481, 0.8742914199829102, 0.8718294521522816, 0.8724156187191857, '00:26']
[21, 0.359527051448822, 0.39066046476364136, 0.8773757815361023, 0.8759579968891396, 0.8758775532838632, '00:28']
[22, 0.3472743332386017, 0.38122648000717163, 0.8825441598892212, 0.8810850515076292, 0.8811708954930797, '00:28']
[23, 0.3357716500759125, 0.3781828284263611, 0.8837112188339233, 0.8825406925398951, 0.8819267830501115, '00:27']
[24, 0.3307935297489166, 0.37049010396003723, 0.8860453367233276, 0.8848080155661204, 0.8846818671337369, '00:26']
[25, 0.32701775431632996, 0.3704442083835602, 0.8858786225318909, 0.8845085710633859, 0.8842613038761286, '00:26']
[26, 0.33242496848106384, 0.3671253025531769, 0.8861287236213684, 0.8847553691026168, 0.8848093252644823, '00:26']
[27, 0.3220249116420746, 0.36549773812294006, 0.8877959251403809, 0.8864893174835113, 0.8864216456553609, '00:27']
[28, 0.3312121629714966, 0.3650602400302887, 0.8882127404212952, 0.8868558911440229, 0.8868237484771703, '00:25']
[29, 0.3168044090270996, 0.36499255895614624, 0.8883794546127319, 0.8870239533697744, 0.8869948217397049, '00:25']

Tiempo de entrenamiento: 820.31 segundos
/mnt/homeGPU/haoweihu/TFG/lib/python3.10/site-packages/fastai/learner.py:455: UserWarning: load_learner` uses Python's insecure pickle module, which can execute malicious arbitrary code when loading. Only load files you trust.
If you only need to load model weights and optimizer state, use the safe `Learner.load` instead.
  warn("load_learner` uses Python's insecure pickle module, which can execute malicious arbitrary code when loading. Only load files you trust.\nIf you only need to load model weights and optimizer state, use the safe `Learner.load` instead.")
Loss: 0.3650
Accuracy: 0.8884
Recall: 0.8870
F1-Score: 0.8870
Loss: 0.355878621339798
Accuracy: 0.8894230723381042
Recall (macro): 0.8880163048462641
F1 Score (macro): 0.8878496696065168
---------------------------------------------------------------------------
Ejecutando: mnist_dist5_quant3_ex1
---------------------------------------------------------------------------
Número total de imágenes en entrenamiento: 9814
Número total de imágenes en validación: 11996

Clases: ['0', '1', '2', '3', '4', '5', '6', '7', '8', '9']
[0, 2.30501389503479, 2.304882287979126, 0.104451484978199, 0.1, 0.018914635066797494, '00:39']
[1, 2.303173303604126, 2.3029963970184326, 0.104451484978199, 0.1, 0.018914635066797494, '00:24']
[2, 2.3019967079162598, 2.3013222217559814, 0.11237078905105591, 0.1, 0.020203836930455635, '00:24']
[3, 2.301654815673828, 2.3012938499450684, 0.11237078905105591, 0.1, 0.020203836930455635, '00:24']
[4, 2.3018758296966553, 2.3012309074401855, 0.11237078905105591, 0.1, 0.020203836930455635, '00:24']
[5, 2.3023829460144043, 2.301353931427002, 0.11237078905105591, 0.1, 0.020203836930455635, '00:25']
[6, 2.3017027378082275, 2.301295042037964, 0.11237078905105591, 0.1, 0.020203836930455635, '00:25']
[7, 2.3011298179626465, 2.297703504562378, 0.11237078905105591, 0.1, 0.020203836930455635, '00:24']
[8, 2.018549680709839, 1.8785444498062134, 0.2999333143234253, 0.2928369899630746, 0.23413649807183715, '00:25']
[9, 1.7896655797958374, 1.7279139757156372, 0.3400300145149231, 0.3293418334024357, 0.267709908423338, '00:24']
[10, 1.5325747728347778, 1.4602088928222656, 0.45540180802345276, 0.44810870213544307, 0.4082574217019368, '00:25']
[11, 1.3662029504776, 1.3510353565216064, 0.5090863704681396, 0.5018600272872709, 0.4753147938774057, '00:25']
[12, 1.2663623094558716, 1.2411912679672241, 0.561603844165802, 0.5541686718060823, 0.538172400713581, '00:25']
[13, 1.1464745998382568, 1.1216984987258911, 0.6183727979660034, 0.6118841584193707, 0.5946729603893719, '00:25']
[14, 1.0279669761657715, 1.0101135969161987, 0.6560519933700562, 0.6494643496735456, 0.6403281479196651, '00:26']
[15, 0.9299867153167725, 0.918726921081543, 0.6981493830680847, 0.6936121939077414, 0.6898408791234095, '00:26']
[16, 0.8415034413337708, 0.8390127420425415, 0.7279093265533447, 0.7242716026250866, 0.7231613714964469, '00:25']
[17, 0.7731837034225464, 0.7785809636116028, 0.7440813779830933, 0.7399854597881268, 0.7408063998531416, '00:26']
[18, 0.7262676358222961, 0.7182628512382507, 0.765838623046875, 0.7628186070547411, 0.7637193275418853, '00:26']
[19, 0.6886357069015503, 0.6756089329719543, 0.77784264087677, 0.7750203362983548, 0.7742549295842328, '00:25']
[20, 0.6413779854774475, 0.6461211442947388, 0.7852617502212524, 0.7825690379032928, 0.7816827008942628, '00:25']
[21, 0.6139464378356934, 0.61430823802948, 0.7992663979530334, 0.7969761129785732, 0.7960493004392749, '00:25']
[22, 0.583850622177124, 0.5952101349830627, 0.8063521385192871, 0.8043239727209279, 0.8036790611892615, '00:25']
[23, 0.5851086378097534, 0.5807863473892212, 0.809686541557312, 0.8076316007822035, 0.8072417407365778, '00:25']
[24, 0.5504148006439209, 0.5721113085746765, 0.8122707605361938, 0.8104332860856202, 0.8096707395340881, '00:24']
[25, 0.5432459712028503, 0.5641352534294128, 0.8173558115959167, 0.815737432478459, 0.8157465734673337, '00:25']
[26, 0.5510745048522949, 0.5614326000213623, 0.8163554668426514, 0.814496192614271, 0.8141801580502245, '00:25']
[27, 0.535142183303833, 0.5573084354400635, 0.817855954170227, 0.8161024234193048, 0.8158842610031464, '00:25']
[28, 0.5442533493041992, 0.5564700365066528, 0.8184394836425781, 0.8167062930463087, 0.8164839683458964, '00:24']
[29, 0.5321314930915833, 0.5561590790748596, 0.8186895847320557, 0.8169577569538365, 0.8167780972834038, '00:24']

Tiempo de entrenamiento: 774.44 segundos
/mnt/homeGPU/haoweihu/TFG/lib/python3.10/site-packages/fastai/learner.py:455: UserWarning: load_learner` uses Python's insecure pickle module, which can execute malicious arbitrary code when loading. Only load files you trust.
If you only need to load model weights and optimizer state, use the safe `Learner.load` instead.
  warn("load_learner` uses Python's insecure pickle module, which can execute malicious arbitrary code when loading. Only load files you trust.\nIf you only need to load model weights and optimizer state, use the safe `Learner.load` instead.")
Loss: 0.5562
Accuracy: 0.8187
Recall: 0.8170
F1-Score: 0.8168
Loss: 0.5321572422981262
Accuracy: 0.8276242017745972
Recall (macro): 0.8257477179294911
F1 Score (macro): 0.8251052887942475
---------------------------------------------------------------------------
Ejecutando: mnist_dist5_quant3_ex2
---------------------------------------------------------------------------
Número total de imágenes en entrenamiento: 9814
Número total de imágenes en validación: 11996

Clases: ['0', '1', '2', '3', '4', '5', '6', '7', '8', '9']
[0, 2.3031530380249023, 2.302964687347412, 0.11237078905105591, 0.1, 0.020203836930455635, '00:38']
[1, 2.302570104598999, 2.301839590072632, 0.11237078905105591, 0.1, 0.020203836930455635, '00:24']
[2, 2.301628828048706, 2.30128812789917, 0.11237078905105591, 0.1, 0.020203836930455635, '00:25']
[3, 2.301365375518799, 2.301222562789917, 0.11237078905105591, 0.1, 0.020203836930455635, '00:25']
[4, 2.301497459411621, 2.3009965419769287, 0.11237078905105591, 0.1, 0.020203836930455635, '00:24']
[5, 2.174405097961426, 1.9233622550964355, 0.2924308180809021, 0.28213827519215495, 0.18766745694397277, '00:26']
[6, 1.4636536836624146, 1.2900267839431763, 0.5468489527702332, 0.5386731622398602, 0.5036943734250268, '00:27']
[7, 1.0054388046264648, 0.9062448740005493, 0.7041513919830322, 0.6993472796915925, 0.6968073748960678, '00:25']
[8, 0.7462930679321289, 0.6853682398796082, 0.7776758670806885, 0.7747842832772054, 0.7715392155780864, '00:25']
[9, 0.6290788650512695, 0.6092638969421387, 0.7968489527702332, 0.7936616546380846, 0.793391399653852, '00:25']
[10, 0.5490337610244751, 0.5287121534347534, 0.8300266861915588, 0.8273481068473434, 0.826443832435127, '00:25']
[11, 0.490247517824173, 0.47774213552474976, 0.8502834439277649, 0.8490887753723765, 0.8485895084064234, '00:26']
[12, 0.4491950571537018, 0.43620815873146057, 0.8652884364128113, 0.8638561884052507, 0.8638459319401015, '00:28']
[13, 0.4291093647480011, 0.41797545552253723, 0.8702901005744934, 0.8685889610190045, 0.8702402951405972, '00:25']
[14, 0.3703072965145111, 0.37242528796195984, 0.8877959251403809, 0.8869417412887813, 0.8870866530500765, '00:24']
[15, 0.36216452717781067, 0.3535374402999878, 0.8885461688041687, 0.887599936140127, 0.8874061689499078, '00:24']
[16, 0.3433414101600647, 0.3381553292274475, 0.8950483202934265, 0.893702931536794, 0.8939872303423002, '00:25']
[17, 0.3237111568450928, 0.33347785472869873, 0.8944648504257202, 0.8933239886950457, 0.8930880825785176, '00:26']
[18, 0.30215245485305786, 0.3190602958202362, 0.8975492119789124, 0.8963319724892955, 0.896554027806388, '00:32']
[19, 0.2875126004219055, 0.29783135652542114, 0.9054684638977051, 0.9044731753208591, 0.9047797841734674, '00:23']
[20, 0.2788604199886322, 0.2888762950897217, 0.9092197418212891, 0.9085283527567816, 0.908633072428335, '00:24']
[21, 0.28581559658050537, 0.28480854630470276, 0.9108869433403015, 0.910095196750272, 0.9103752761200056, '00:24']
[22, 0.26367759704589844, 0.2777312397956848, 0.9126375317573547, 0.9119451020352362, 0.9119476927881275, '00:24']
[23, 0.26196035742759705, 0.2716994881629944, 0.9148049354553223, 0.91413458264098, 0.914140983621858, '00:24']
[24, 0.24844105541706085, 0.27108001708984375, 0.9133044481277466, 0.9124513646034366, 0.9127870486579942, '00:23']
[25, 0.26079392433166504, 0.2675411105155945, 0.9161387085914612, 0.9153611142594954, 0.9153892978407319, '00:27']
[26, 0.25878721475601196, 0.26610130071640015, 0.9159719944000244, 0.9151530347455343, 0.9153224708880124, '00:27']
[27, 0.2515084445476532, 0.2665789723396301, 0.916222095489502, 0.915450855375133, 0.9155445434422239, '00:24']
[28, 0.24555924534797668, 0.2659333050251007, 0.916805624961853, 0.9160399123968069, 0.9161564458703173, '00:24']
[29, 0.24422648549079895, 0.26598817110061646, 0.916888952255249, 0.9161119766394448, 0.9162202512067343, '00:24']

Tiempo de entrenamiento: 779.26 segundos
/mnt/homeGPU/haoweihu/TFG/lib/python3.10/site-packages/fastai/learner.py:455: UserWarning: load_learner` uses Python's insecure pickle module, which can execute malicious arbitrary code when loading. Only load files you trust.
If you only need to load model weights and optimizer state, use the safe `Learner.load` instead.
  warn("load_learner` uses Python's insecure pickle module, which can execute malicious arbitrary code when loading. Only load files you trust.\nIf you only need to load model weights and optimizer state, use the safe `Learner.load` instead.")
Loss: 0.2660
Accuracy: 0.9169
Recall: 0.9161
F1-Score: 0.9162
Loss: 0.2447376549243927
Accuracy: 0.9261819124221802
Recall (macro): 0.9253777107013633
F1 Score (macro): 0.925533051724256
---------------------------------------------------------------------------
Ejecutando: mnist_dist5_quant3_ex3
---------------------------------------------------------------------------
Número total de imágenes en entrenamiento: 9814
Número total de imágenes en validación: 11996

Clases: ['0', '1', '2', '3', '4', '5', '6', '7', '8', '9']
[0, 2.3053300380706787, 2.3048489093780518, 0.09861620515584946, 0.1, 0.017952803702860613, '00:48']
[1, 2.3035330772399902, 2.302507162094116, 0.09861620515584946, 0.1, 0.017952803702860613, '00:23']
[2, 2.3024003505706787, 2.3013410568237305, 0.11237078905105591, 0.1, 0.020203836930455635, '00:25']
[3, 2.301685333251953, 2.301276445388794, 0.11237078905105591, 0.1, 0.020203836930455635, '00:27']
[4, 2.3028182983398438, 2.301637887954712, 0.11237078905105591, 0.1, 0.020203836930455635, '00:24']
[5, 2.3017261028289795, 2.30131196975708, 0.11237078905105591, 0.1, 0.020203836930455635, '00:24']
[6, 2.301910638809204, 2.3011972904205322, 0.11237078905105591, 0.1, 0.020203836930455635, '00:24']
[7, 2.2793772220611572, 2.1971166133880615, 0.24549849331378937, 0.23428199227775615, 0.15628164190745536, '00:25']
[8, 1.6460504531860352, 1.4629039764404297, 0.46840614080429077, 0.4579431930997012, 0.4099940087714655, '00:25']
[9, 1.3314523696899414, 1.229984164237976, 0.563437819480896, 0.5540704323527851, 0.5368891189978188, '00:25']
[10, 1.0853960514068604, 0.9994186162948608, 0.656718909740448, 0.650166371628322, 0.6435735743826233, '00:24']
[11, 0.8904557824134827, 0.8446093201637268, 0.704318106174469, 0.6987420315859042, 0.6892442894192133, '00:24']
[12, 0.771731436252594, 0.7198976278305054, 0.761420488357544, 0.756224619650576, 0.7551238341292486, '00:27']
[13, 0.6668061017990112, 0.6390140056610107, 0.791930615901947, 0.7885040516843869, 0.7876596096596209, '00:24']
[14, 0.6198899149894714, 0.5940850973129272, 0.8099366426467896, 0.8073727654263239, 0.8069827421598055, '00:24']
[15, 0.5620582103729248, 0.560248613357544, 0.8201900720596313, 0.8175078477454496, 0.8182568204071045, '00:23']
[16, 0.5260641574859619, 0.5169997811317444, 0.8380293250083923, 0.8368757041612064, 0.8366852590396634, '00:24']
[17, 0.48534852266311646, 0.4673474431037903, 0.8595365285873413, 0.8577407184214761, 0.8579644782391462, '00:24']
[18, 0.445124089717865, 0.445705384016037, 0.8653717637062073, 0.8636402853671388, 0.8639754962209281, '00:24']
[19, 0.42379796504974365, 0.4230949580669403, 0.8720406889915466, 0.8707064544841053, 0.8706953175578622, '00:25']
[20, 0.40553250908851624, 0.41217944025993347, 0.8754584789276123, 0.8746047747207204, 0.874073664384562, '00:24']
[21, 0.4060225784778595, 0.39876651763916016, 0.878876268863678, 0.8777524797969669, 0.8775640993931957, '00:27']
[22, 0.39174097776412964, 0.39095279574394226, 0.8819606304168701, 0.8808666639066276, 0.880601951290408, '00:24']
[23, 0.39160653948783875, 0.3864375352859497, 0.8827942609786987, 0.8817134168219232, 0.8817318311034532, '00:24']
[24, 0.37819427251815796, 0.38071057200431824, 0.8847115635871887, 0.8837036939341786, 0.8836953553960237, '00:24']
[25, 0.3798319697380066, 0.3759455978870392, 0.8854618072509766, 0.8842546738918685, 0.8842192252249961, '00:23']
[26, 0.36904171109199524, 0.37461739778518677, 0.8871290683746338, 0.8860393241607889, 0.885955773428852, '00:24']
[27, 0.36683523654937744, 0.37319955229759216, 0.8874624967575073, 0.8864712883387569, 0.886306449911633, '00:26']
[28, 0.3723284602165222, 0.3727555572986603, 0.8869622945785522, 0.8859602064476795, 0.88583921963351, '00:24']
[29, 0.3717327415943146, 0.3727208077907562, 0.887045681476593, 0.8860298851517706, 0.8859107725089584, '00:27']

Tiempo de entrenamiento: 775.47 segundos
/mnt/homeGPU/haoweihu/TFG/lib/python3.10/site-packages/fastai/learner.py:455: UserWarning: load_learner` uses Python's insecure pickle module, which can execute malicious arbitrary code when loading. Only load files you trust.
If you only need to load model weights and optimizer state, use the safe `Learner.load` instead.
  warn("load_learner` uses Python's insecure pickle module, which can execute malicious arbitrary code when loading. Only load files you trust.\nIf you only need to load model weights and optimizer state, use the safe `Learner.load` instead.")
Loss: 0.3727
Accuracy: 0.8870
Recall: 0.8860
F1-Score: 0.8859
Loss: 0.3563835024833679
Accuracy: 0.8893229365348816
Recall (macro): 0.8880395164101096
F1 Score (macro): 0.887853705237289
---------------------------------------------------------------------------
Ejecutando: mnist_dist01_quant3_ex1
---------------------------------------------------------------------------
Número total de imágenes en entrenamiento: 21714
Número total de imágenes en validación: 11996

Clases: ['0', '1', '2', '3', '4', '5', '6', '7', '8', '9']
[0, 2.3030846118927, 2.3031742572784424, 0.09911637008190155, 0.1, 0.018035646568069778, '01:01']
[1, 2.3017404079437256, 2.303478240966797, 0.09911637008190155, 0.1, 0.018035646568069778, '00:37']
[2, 2.3020825386047363, 2.3034839630126953, 0.10220073163509369, 0.1, 0.018544849493268796, '00:42']
[3, 1.9297446012496948, 1.6516625881195068, 0.4357285797595978, 0.42267909820335126, 0.37122457944972587, '00:42']
[4, 0.689546525478363, 0.878763735294342, 0.7237412333488464, 0.7198087286060766, 0.7162093098928478, '00:39']
[5, 0.4738171398639679, 0.7008732557296753, 0.7733411192893982, 0.7692167836592126, 0.7693159058618034, '00:43']
[6, 0.3326975405216217, 0.5214737057685852, 0.8355284929275513, 0.8343418004009402, 0.8326997520320921, '00:42']
[7, 0.26692578196525574, 0.4211112856864929, 0.8671223521232605, 0.8653879780676584, 0.8647742317877608, '00:39']
[8, 0.22397968173027039, 0.34913399815559387, 0.8888795971870422, 0.8870620311536029, 0.8871212574002509, '00:41']
[9, 0.1724976897239685, 0.28207966685295105, 0.9128042459487915, 0.911882170741357, 0.9117326985852463, '00:47']
[10, 0.14750175178050995, 0.24912764132022858, 0.9229743480682373, 0.9221444334529298, 0.9220039883954676, '00:43']
[11, 0.1157233938574791, 0.21785098314285278, 0.9313938021659851, 0.9305964285928123, 0.9304649123482926, '00:40']
[12, 0.10161876678466797, 0.19092251360416412, 0.940313458442688, 0.9397405430880863, 0.9396831316241402, '00:42']
[13, 0.09347938001155853, 0.1756606251001358, 0.9440646767616272, 0.9432579240282987, 0.9436756186196039, '00:39']
[14, 0.08071999251842499, 0.17208494246006012, 0.9452317357063293, 0.9449728248318203, 0.9448359837695568, '00:39']
[15, 0.07360879331827164, 0.14886735379695892, 0.952400803565979, 0.9521695444176344, 0.9520121823254287, '00:39']
[16, 0.0692513957619667, 0.1428523063659668, 0.9574858546257019, 0.9570886495427867, 0.957051067205249, '00:39']
[17, 0.06409623473882675, 0.1379254162311554, 0.9569023251533508, 0.9565180723394524, 0.9566008737272534, '00:49']
[18, 0.05614098906517029, 0.1375340074300766, 0.9573190808296204, 0.9565705008431407, 0.9569195060697426, '00:39']
[19, 0.053931400179862976, 0.13132613897323608, 0.958652913570404, 0.9581243823084489, 0.9583176413730161, '00:39']
[20, 0.05372953787446022, 0.13602131605148315, 0.9572357535362244, 0.9568015569340862, 0.9568920379346176, '00:39']
[21, 0.047676097601652145, 0.13159048557281494, 0.9592363834381104, 0.9589311881812712, 0.9588525015812028, '00:39']
[22, 0.04584779962897301, 0.11847716569900513, 0.9629876613616943, 0.9627191759094196, 0.9626765328823531, '00:40']
[23, 0.040782857686281204, 0.119640052318573, 0.9634878039360046, 0.9630148096569912, 0.9631602161412267, '00:41']
[24, 0.040382131934165955, 0.11834074556827545, 0.9637379050254822, 0.9634136848185422, 0.9634156898167217, '00:40']
[25, 0.03882616385817528, 0.11833217740058899, 0.9645715355873108, 0.9643120607816892, 0.9642951848257508, '00:42']
[26, 0.03981945291161537, 0.1171765923500061, 0.9650716781616211, 0.9647398817849723, 0.9647744727583769, '00:40']
[27, 0.0372893400490284, 0.1166650801897049, 0.96448814868927, 0.9642126608603862, 0.964190114301777, '00:44']
[28, 0.034127090126276016, 0.11643680930137634, 0.9649883508682251, 0.9647047823953769, 0.9647038015278548, '00:45']
[29, 0.035602275282144547, 0.11660527437925339, 0.9649883508682251, 0.9646893416896095, 0.9646960097078437, '00:39']

Tiempo de entrenamiento: 1265.13 segundos
/mnt/homeGPU/haoweihu/TFG/lib/python3.10/site-packages/fastai/learner.py:455: UserWarning: load_learner` uses Python's insecure pickle module, which can execute malicious arbitrary code when loading. Only load files you trust.
If you only need to load model weights and optimizer state, use the safe `Learner.load` instead.
  warn("load_learner` uses Python's insecure pickle module, which can execute malicious arbitrary code when loading. Only load files you trust.\nIf you only need to load model weights and optimizer state, use the safe `Learner.load` instead.")
Loss: 0.1166
Accuracy: 0.9650
Recall: 0.9647
F1-Score: 0.9647
Loss: 0.10615264624357224
Accuracy: 0.9675480723381042
Recall (macro): 0.9671800768650891
F1 Score (macro): 0.9672662243628045
---------------------------------------------------------------------------
Ejecutando: mnist_dist01_quant3_ex2
---------------------------------------------------------------------------
Número total de imágenes en entrenamiento: 21714
Número total de imágenes en validación: 11996

Clases: ['0', '1', '2', '3', '4', '5', '6', '7', '8', '9']
[0, 2.3042900562286377, 2.3038060665130615, 0.09736578911542892, 0.1, 0.01774536615010635, '01:31']
[1, 2.3023829460144043, 2.302858829498291, 0.10220073163509369, 0.1, 0.018544849493268796, '00:40']
[2, 2.3026697635650635, 2.3030285835266113, 0.10220073163509369, 0.1, 0.018544849493268796, '00:38']
[3, 2.302311897277832, 2.30344820022583, 0.10220073163509369, 0.1, 0.018544849493268796, '00:40']
[4, 1.6558669805526733, 1.4105396270751953, 0.553267776966095, 0.5437370617917947, 0.503017750257943, '00:40']
[5, 0.6649342775344849, 0.8619644045829773, 0.727825939655304, 0.7210241572966926, 0.7172054069367514, '00:42']
[6, 0.43111681938171387, 0.6252616047859192, 0.8043514490127563, 0.800947608883767, 0.7983185266823505, '00:42']
[7, 0.3323480784893036, 0.5142929553985596, 0.8386128544807434, 0.835883476964496, 0.8351576232352329, '00:38']
[8, 0.2903508245944977, 0.4615044891834259, 0.8532010912895203, 0.8515153525726398, 0.8501921265621979, '00:43']
[9, 0.24444158375263214, 0.4023888409137726, 0.8713737726211548, 0.8696228978255138, 0.8695819209054922, '00:56']
[10, 0.21725358068943024, 0.3601599633693695, 0.8878793120384216, 0.8864547524244125, 0.8865039105250576, '01:59']
[11, 0.19382300972938538, 0.33340221643447876, 0.8943814635276794, 0.893073653988802, 0.8926501131666134, '01:11']
[12, 0.18062303960323334, 0.30389711260795593, 0.9043847918510437, 0.9033759568055997, 0.9033908914939538, '00:41']
[13, 0.15366315841674805, 0.27220508456230164, 0.9179726839065552, 0.9173104444192066, 0.9172767668076528, '00:43']
[14, 0.1413276493549347, 0.2527894973754883, 0.9223908185958862, 0.9212196122904361, 0.9215701560099256, '00:42']
[15, 0.13322176039218903, 0.2455146163702011, 0.9240580201148987, 0.923732241213558, 0.9230214992077158, '00:42']
[16, 0.1256982386112213, 0.22859659790992737, 0.9282260537147522, 0.927020927993059, 0.9276625614162446, '00:43']
[17, 0.11217904090881348, 0.21913178265094757, 0.9328942894935608, 0.9319272945824529, 0.9323556925346086, '00:44']
[18, 0.09608960151672363, 0.20044180750846863, 0.938479483127594, 0.9380686735805073, 0.9379330126805392, '00:43']
[19, 0.09920672327280045, 0.19551320374011993, 0.9392297267913818, 0.9383921912583432, 0.9386123978086782, '00:43']
[20, 0.09660361707210541, 0.1933862864971161, 0.9400633573532104, 0.939679411703748, 0.9395492748389576, '00:44']
[21, 0.09140224009752274, 0.18675267696380615, 0.9418972730636597, 0.9414136435246453, 0.9414635607872983, '00:44']
[22, 0.09107059240341187, 0.18633921444416046, 0.9438979625701904, 0.9433669410388594, 0.9433655821665392, '00:44']
[23, 0.08245914429426193, 0.1839592009782791, 0.944231390953064, 0.9440123624598412, 0.9437536326343814, '00:44']
[24, 0.0823800265789032, 0.1798679530620575, 0.9435645341873169, 0.9432073313383796, 0.9430470602212668, '00:44']
[25, 0.08521752059459686, 0.17647939920425415, 0.9436478614807129, 0.9432123262447523, 0.9431858263637325, '00:43']
[26, 0.07237977534532547, 0.17526492476463318, 0.944231390953064, 0.9437424042887415, 0.9437853726107329, '00:47']
[27, 0.08183281868696213, 0.17627711594104767, 0.9453151226043701, 0.9449101627779939, 0.9448400731409361, '00:45']
[28, 0.08170058578252792, 0.17583198845386505, 0.9452317357063293, 0.9448092531945725, 0.944775093752899, '00:43']
[29, 0.0707530751824379, 0.17599238455295563, 0.944814920425415, 0.9443755922841678, 0.9443787652129847, '00:44']

Tiempo de entrenamiento: 1459.43 segundos
/mnt/homeGPU/haoweihu/TFG/lib/python3.10/site-packages/fastai/learner.py:455: UserWarning: load_learner` uses Python's insecure pickle module, which can execute malicious arbitrary code when loading. Only load files you trust.
If you only need to load model weights and optimizer state, use the safe `Learner.load` instead.
  warn("load_learner` uses Python's insecure pickle module, which can execute malicious arbitrary code when loading. Only load files you trust.\nIf you only need to load model weights and optimizer state, use the safe `Learner.load` instead.")
Loss: 0.1760
Accuracy: 0.9448
Recall: 0.9444
F1-Score: 0.9444
Loss: 0.15694326162338257
Accuracy: 0.9500200152397156
Recall (macro): 0.9495554731951511
F1 Score (macro): 0.9495359171347568
---------------------------------------------------------------------------
Ejecutando: mnist_dist01_quant3_ex3
---------------------------------------------------------------------------
Número total de imágenes en entrenamiento: 21714
Número total de imágenes en validación: 11996

Clases: ['0', '1', '2', '3', '4', '5', '6', '7', '8', '9']
[0, 2.3027706146240234, 2.3024251461029053, 0.11237078905105591, 0.1, 0.020203836930455635, '01:18']
[1, 2.3021039962768555, 2.302809953689575, 0.10220073163509369, 0.1, 0.018544849493268796, '00:42']
[2, 2.3020808696746826, 2.3028876781463623, 0.10220073163509369, 0.1, 0.018544849493268796, '00:43']
[3, 2.284529447555542, 2.2532544136047363, 0.36920639872550964, 0.3596755272967726, 0.24329849693306635, '00:42']
[4, 0.728544294834137, 0.9199512600898743, 0.7045682072639465, 0.7005605316107498, 0.6940517385684842, '00:43']
[5, 0.49037107825279236, 0.7377174496650696, 0.760170042514801, 0.7549041151842215, 0.7495185550526191, '00:42']
[6, 0.3591011166572571, 0.5719884634017944, 0.8219406604766846, 0.8195679155481436, 0.8197197054138986, '00:42']
[7, 0.2827298045158386, 0.4768325686454773, 0.8563687801361084, 0.8546325706324052, 0.8539177498315478, '00:45']
[8, 0.24342681467533112, 0.3961166441440582, 0.8789596557617188, 0.8769384630239468, 0.8774005860917266, '00:49']
[9, 0.191198468208313, 0.3326258659362793, 0.9005501866340637, 0.8997594637941461, 0.8998559055615687, '00:43']
[10, 0.16125239431858063, 0.28409168124198914, 0.9184728264808655, 0.9177412874442282, 0.9176982595896692, '00:45']
[11, 0.1313062608242035, 0.2632933259010315, 0.9218072891235352, 0.920933614765987, 0.9209297854641985, '00:44']
[12, 0.1239766851067543, 0.23249602317810059, 0.9340613484382629, 0.9334911840370556, 0.9336546604072643, '00:44']
[13, 0.10272064805030823, 0.20772607624530792, 0.9402300715446472, 0.9400676891021613, 0.9399322584930001, '00:46']
[14, 0.0844886377453804, 0.19063416123390198, 0.9462320804595947, 0.9460117377151886, 0.9459134487414718, '00:43']
[15, 0.09118086099624634, 0.18684278428554535, 0.9471490383148193, 0.9468664178276687, 0.9467623269893668, '00:45']
[16, 0.0804545134305954, 0.17423667013645172, 0.9504001140594482, 0.9499772416663326, 0.9500245295780827, '00:44']
[17, 0.07470963895320892, 0.1696380078792572, 0.9520673751831055, 0.9520807773472839, 0.9516396894212793, '00:48']
[18, 0.06852751970291138, 0.16033612191677094, 0.9531510472297668, 0.952858398226453, 0.9528078722068292, '00:54']
[19, 0.06293832510709763, 0.15274213254451752, 0.9570690393447876, 0.9567070683494114, 0.9568561372170692, '01:03']
[20, 0.065579354763031, 0.14949382841587067, 0.9588196277618408, 0.9585535811572286, 0.9586500162768179, '00:49']
[21, 0.05424408242106438, 0.14580990374088287, 0.9597365856170654, 0.9595447020228489, 0.9595518518341354, '01:00']
[22, 0.05625075846910477, 0.14630495011806488, 0.9601534008979797, 0.9600425597968749, 0.9599671164545887, '00:44']
[23, 0.04935431480407715, 0.14511419832706451, 0.9594031572341919, 0.9591639055324265, 0.9591889108158782, '00:43']
[24, 0.05105511471629143, 0.14302392303943634, 0.9604868292808533, 0.9603413161744351, 0.9602925814805292, '00:45']
[25, 0.04534432664513588, 0.14195792376995087, 0.9621540307998657, 0.9621020726475307, 0.9619836237645696, '00:43']
[26, 0.04559369012713432, 0.1413271129131317, 0.9618206024169922, 0.9615924130524863, 0.961681809144249, '00:45']
[27, 0.05253610387444496, 0.14207220077514648, 0.9614037871360779, 0.9612060248169687, 0.9612450153076709, '00:44']
[28, 0.04649898782372475, 0.14107511937618256, 0.9613204598426819, 0.9611559625219682, 0.9611693850451333, '00:44']
[29, 0.042385224252939224, 0.14106924831867218, 0.9613204598426819, 0.9611573334379422, 0.961163648669291, '00:44']

Tiempo de entrenamiento: 1420.83 segundos
/mnt/homeGPU/haoweihu/TFG/lib/python3.10/site-packages/fastai/learner.py:455: UserWarning: load_learner` uses Python's insecure pickle module, which can execute malicious arbitrary code when loading. Only load files you trust.
If you only need to load model weights and optimizer state, use the safe `Learner.load` instead.
  warn("load_learner` uses Python's insecure pickle module, which can execute malicious arbitrary code when loading. Only load files you trust.\nIf you only need to load model weights and optimizer state, use the safe `Learner.load` instead.")
Loss: 0.1411
Accuracy: 0.9613
Recall: 0.9612
F1-Score: 0.9612
Loss: 0.1177547425031662
Accuracy: 0.963942289352417
Recall (macro): 0.963561088467664
F1 Score (macro): 0.9636767816513048
mail: cannot send message: Process exited with a non-zero status
