Ejecutando: mnist_dist1_otsu_ex1
---------------------------------------------------------------------------
Número total de imágenes en entrenamiento: 10622
Número total de imágenes en validación: 11996

Clases: ['0', '1', '2', '3', '4', '5', '6', '7', '8', '9']
[0, 2.265470504760742, 2.2365877628326416, 0.2761753797531128, 0.27615525613424646, 0.17215297376200384, '00:50']
[1, 1.490450143814087, 1.0336841344833374, 0.7258252501487732, 0.7195014765311363, 0.705088601541042, '00:24']
[2, 0.5795714855194092, 0.5023031234741211, 0.8491163849830627, 0.8476642506216694, 0.8469225198029285, '00:26']
[3, 0.3515542149543762, 0.36700791120529175, 0.8940480351448059, 0.8941755570098943, 0.8937715342275006, '00:24']
[4, 0.25312238931655884, 0.23794648051261902, 0.9280593395233154, 0.9269288559098087, 0.9275910474151037, '00:25']
[5, 0.17857350409030914, 0.203021839261055, 0.9369789958000183, 0.9361573203906349, 0.9357957230278293, '00:25']
[6, 0.14145122468471527, 0.17020365595817566, 0.9478159546852112, 0.947488228880499, 0.9472205962681054, '00:25']
[7, 0.1081942766904831, 0.13627633452415466, 0.9592363834381104, 0.9592251184011126, 0.9590144932230542, '00:24']
[8, 0.09115637093782425, 0.13653968274593353, 0.9582360982894897, 0.9576062697059188, 0.9580086115164514, '00:26']
[9, 0.08296438306570053, 0.1067543551325798, 0.9679059982299805, 0.967745227454009, 0.9675000706615187, '00:25']
[10, 0.0702444538474083, 0.10486398637294769, 0.9694064855575562, 0.9691405929673685, 0.969146168727597, '00:25']
[11, 0.0495920367538929, 0.1172337606549263, 0.9670723676681519, 0.9667412451030609, 0.9667090166118019, '00:26']
[12, 0.04212631285190582, 0.09014787524938583, 0.9744081497192383, 0.974087450027039, 0.974168082323659, '00:26']
[13, 0.03901723027229309, 0.09558587521314621, 0.9736579060554504, 0.9733740292435373, 0.9734151326914174, '00:24']
[14, 0.030409956350922585, 0.10318777710199356, 0.9722407460212708, 0.9721425664030402, 0.972085096816318, '00:24']
[15, 0.024982210248708725, 0.0979599729180336, 0.9741580486297607, 0.9739644584218714, 0.9739511801788551, '00:24']
[16, 0.0179672222584486, 0.10028351098299026, 0.9749916791915894, 0.9746655785182494, 0.9748034890944431, '00:24']
[17, 0.018305113539099693, 0.09826726466417313, 0.9749082922935486, 0.974550336786211, 0.9746573804804918, '00:24']
No improvement since epoch 12: early stopping

Tiempo de entrenamiento: 480.60 segundos
/mnt/homeGPU/haoweihu/TFG/lib/python3.10/site-packages/fastai/learner.py:455: UserWarning: load_learner` uses Python's insecure pickle module, which can execute malicious arbitrary code when loading. Only load files you trust.
If you only need to load model weights and optimizer state, use the safe `Learner.load` instead.
  warn("load_learner` uses Python's insecure pickle module, which can execute malicious arbitrary code when loading. Only load files you trust.\nIf you only need to load model weights and optimizer state, use the safe `Learner.load` instead.")
Loss: 0.0983
Accuracy: 0.9749
Recall: 0.9746
F1-Score: 0.9747
Loss: 0.07094389945268631
Accuracy: 0.9800680875778198
Recall (macro): 0.9800680875778198
F1 Score (macro): 0.9799079980335292
Ejecutando: mnist_dist1_otsu_ex2
---------------------------------------------------------------------------
Número total de imágenes en entrenamiento: 10622
Número total de imágenes en validación: 11996

Clases: ['0', '1', '2', '3', '4', '5', '6', '7', '8', '9']
[0, 2.286181926727295, 2.2690951824188232, 0.18572857975959778, 0.1853762658224438, 0.13463000499100333, '00:45']
[1, 1.6201235055923462, 1.1101943254470825, 0.7262420654296875, 0.7181266637756283, 0.7041803447120856, '00:25']
[2, 0.5530543923377991, 0.4771243631839752, 0.8550350069999695, 0.8524519247007895, 0.8521802568510148, '00:24']
[3, 0.3418761193752289, 0.33432862162590027, 0.8970490097999573, 0.896480997763023, 0.8955097273000684, '00:24']
[4, 0.25132715702056885, 0.2513315677642822, 0.9233911037445068, 0.9222534849831412, 0.922747324431852, '00:27']
[5, 0.1942637413740158, 0.19583143293857574, 0.9418139457702637, 0.9413624365408776, 0.9414871101025577, '00:26']
[6, 0.15985816717147827, 0.16022875905036926, 0.9506502151489258, 0.9503748971745078, 0.9502683362547037, '00:26']
[7, 0.12267612665891647, 0.15847523510456085, 0.9513171315193176, 0.9514222960113257, 0.9512723259610724, '00:27']
[8, 0.10539733618497849, 0.1108553409576416, 0.9665721654891968, 0.9664387609438829, 0.9665434318878544, '00:27']
[9, 0.09077272564172745, 0.1099669337272644, 0.966322124004364, 0.9659429254310602, 0.9660999402909056, '00:28']
[10, 0.06557243317365646, 0.11715850234031677, 0.9651550650596619, 0.964822077955793, 0.9649100358970937, '00:27']
[11, 0.050494465976953506, 0.08648273348808289, 0.9739079475402832, 0.9739931800581563, 0.9738348502975, '00:26']
[12, 0.04911535233259201, 0.08806063234806061, 0.9732410907745361, 0.9730335581387483, 0.9731652963279828, '00:28']
[13, 0.037260502576828, 0.08595447242259979, 0.973991334438324, 0.9737143300143023, 0.9738659508796553, '00:26']
[14, 0.03370784595608711, 0.09829746186733246, 0.9722407460212708, 0.9718185669034805, 0.9719864408957319, '00:26']
[15, 0.021335642784833908, 0.08844190835952759, 0.9749916791915894, 0.9745546336744031, 0.9748025089670442, '00:26']
[16, 0.01931983232498169, 0.08684106916189194, 0.9755752086639404, 0.9754944323839478, 0.9754052247596263, '00:26']
[17, 0.013527518138289452, 0.08693348616361618, 0.9767422676086426, 0.9765823675434187, 0.9765963473355976, '00:26']
[18, 0.011209203861653805, 0.09554069489240646, 0.9735745191574097, 0.9734546134333855, 0.9733568283532292, '00:26']
No improvement since epoch 13: early stopping

Tiempo de entrenamiento: 523.78 segundos
/mnt/homeGPU/haoweihu/TFG/lib/python3.10/site-packages/fastai/learner.py:455: UserWarning: load_learner` uses Python's insecure pickle module, which can execute malicious arbitrary code when loading. Only load files you trust.
If you only need to load model weights and optimizer state, use the safe `Learner.load` instead.
  warn("load_learner` uses Python's insecure pickle module, which can execute malicious arbitrary code when loading. Only load files you trust.\nIf you only need to load model weights and optimizer state, use the safe `Learner.load` instead.")
Loss: 0.0955
Accuracy: 0.9736
Recall: 0.9735
F1-Score: 0.9734
Loss: 0.06902098655700684
Accuracy: 0.9811698794364929
Recall (macro): 0.9810384089262666
F1 Score (macro): 0.9809424555478492
Ejecutando: mnist_dist1_otsu_ex3
---------------------------------------------------------------------------
Número total de imágenes en entrenamiento: 10622
Número total de imágenes en validación: 11996

Clases: ['0', '1', '2', '3', '4', '5', '6', '7', '8', '9']
[0, 2.269176721572876, 2.240928888320923, 0.37570858001708984, 0.377555012321463, 0.29504769834310113, '00:42']
[1, 1.4568394422531128, 0.9742963910102844, 0.7533344626426697, 0.7463735161180934, 0.7397292322310082, '00:27']
[2, 0.5201452970504761, 0.44287121295928955, 0.8631210327148438, 0.8605990988401355, 0.8607894743118756, '00:28']
[3, 0.3530714809894562, 0.3451082408428192, 0.8947982788085938, 0.8922108873028692, 0.892764189144914, '00:26']
[4, 0.2835545837879181, 0.2694430649280548, 0.9163888096809387, 0.9155893923956688, 0.915572672667523, '00:26']
[5, 0.22339025139808655, 0.2438882440328598, 0.922557532787323, 0.9211516365035944, 0.9212084794472247, '00:26']
[6, 0.17283645272254944, 0.16545595228672028, 0.9494831562042236, 0.9488078880425949, 0.9491123418438198, '00:28']
[7, 0.1335776448249817, 0.14372025430202484, 0.9538179636001587, 0.9531508228370971, 0.9534472243844654, '00:26']
[8, 0.10770551860332489, 0.12353399395942688, 0.9620707035064697, 0.961749503581758, 0.9616703404441271, '00:26']
[9, 0.09553082287311554, 0.145459845662117, 0.9544014930725098, 0.9543454674649936, 0.9537061562898875, '00:27']
[10, 0.08217748254537582, 0.11207670718431473, 0.9659053087234497, 0.9655548799391165, 0.9656083197055686, '00:26']
[11, 0.0638858750462532, 0.11437524110078812, 0.9648216366767883, 0.9641033336393502, 0.9643520752093396, '00:26']
[12, 0.0482364296913147, 0.14554451406002045, 0.9529009461402893, 0.9520010866254971, 0.9525884739668016, '00:26']
[13, 0.04780701920390129, 0.09928564727306366, 0.9705735445022583, 0.9703630849199177, 0.9702123840102137, '00:27']
[14, 0.03536618500947952, 0.10345584899187088, 0.9696565270423889, 0.9690104305191276, 0.9693113537242256, '00:26']
[15, 0.029631368815898895, 0.10350695252418518, 0.9712404012680054, 0.9709689422281509, 0.970831839088835, '00:25']
[16, 0.024023132398724556, 0.10120385885238647, 0.972074031829834, 0.9718947528871276, 0.9717869586658014, '00:26']
[17, 0.018720848485827446, 0.09944643080234528, 0.9749916791915894, 0.9747145524028606, 0.9747352556766773, '00:27']
[18, 0.013397789560258389, 0.09476906061172485, 0.9762420654296875, 0.9760934057492058, 0.9760537312250859, '00:26']
[19, 0.011635548435151577, 0.10305479913949966, 0.9749082922935486, 0.9745970823566787, 0.9746817649405696, '00:26']
[20, 0.006383673287928104, 0.1052786111831665, 0.9749916791915894, 0.9747433775248722, 0.9747677269131403, '00:26']
[21, 0.004974449053406715, 0.10353972017765045, 0.9773257970809937, 0.9769898020518875, 0.9770801683011936, '00:26']
[22, 0.0031639677472412586, 0.105353944003582, 0.9772424101829529, 0.9769657214325822, 0.9770546123984207, '00:27']
[23, 0.0029616556130349636, 0.10832089930772781, 0.9775758385658264, 0.9772731334991139, 0.9773627919082244, '00:26']
No improvement since epoch 18: early stopping

Tiempo de entrenamiento: 659.43 segundos
/mnt/homeGPU/haoweihu/TFG/lib/python3.10/site-packages/fastai/learner.py:455: UserWarning: load_learner` uses Python's insecure pickle module, which can execute malicious arbitrary code when loading. Only load files you trust.
If you only need to load model weights and optimizer state, use the safe `Learner.load` instead.
  warn("load_learner` uses Python's insecure pickle module, which can execute malicious arbitrary code when loading. Only load files you trust.\nIf you only need to load model weights and optimizer state, use the safe `Learner.load` instead.")
Loss: 0.1083
Accuracy: 0.9776
Recall: 0.9773
F1-Score: 0.9774
Loss: 0.08376196771860123
Accuracy: 0.9801682829856873
Recall (macro): 0.9799725729520242
F1 Score (macro): 0.9800358185606257
Ejecutando: mnist_dist5_otsu_ex1
---------------------------------------------------------------------------
Número total de imágenes en entrenamiento: 9814
Número total de imágenes en validación: 11996

Clases: ['0', '1', '2', '3', '4', '5', '6', '7', '8', '9']
[0, 2.2582051753997803, 2.21048903465271, 0.4477325677871704, 0.4411065167308405, 0.35814417315674885, '00:45']
[1, 1.2947555780410767, 0.8146171569824219, 0.7750083208084106, 0.7695613678750026, 0.7678472974221713, '00:25']
[2, 0.5369030833244324, 0.471297025680542, 0.8597032427787781, 0.8576698257820821, 0.8578962174783182, '00:25']
[3, 0.3703114688396454, 0.3497503399848938, 0.8930476903915405, 0.8916682753380325, 0.8920072142352531, '00:25']
[4, 0.280510276556015, 0.2776336371898651, 0.9113037586212158, 0.909507837717302, 0.9100091764253515, '00:25']
[5, 0.21150177717208862, 0.22568058967590332, 0.9268922805786133, 0.9267206949100265, 0.92631209894002, '00:26']
[6, 0.1830144226551056, 0.18393006920814514, 0.9429810047149658, 0.9429497235364886, 0.9426476989718168, '00:28']
[7, 0.13988468050956726, 0.1443241834640503, 0.9533177614212036, 0.9526721848518598, 0.9531261110230893, '00:27']
[8, 0.11225076019763947, 0.1426806002855301, 0.9514838457107544, 0.9517540147388939, 0.9511433055212007, '00:25']
[9, 0.10594239085912704, 0.11888188123703003, 0.9608202576637268, 0.9603707192442215, 0.9604345393400868, '00:25']
[10, 0.08181919157505035, 0.11798865348100662, 0.9627375602722168, 0.9622582586152235, 0.9624205846260574, '00:25']
[11, 0.06863334774971008, 0.11159352958202362, 0.9654051065444946, 0.9651243512838121, 0.9651500683177698, '00:25']
[12, 0.058597467839717865, 0.09487304836511612, 0.9703234434127808, 0.9701046462780114, 0.9700070145901156, '00:25']
[13, 0.04668162018060684, 0.12635104358196259, 0.9617372751235962, 0.9615560529936372, 0.9615960542634383, '00:25']
[14, 0.04580032080411911, 0.09577812254428864, 0.9709903597831726, 0.9704875046469146, 0.9706758412503621, '00:26']
[15, 0.029021253809332848, 0.09362898021936417, 0.9709903597831726, 0.9706689699355342, 0.9707420965383704, '00:26']
[16, 0.026497116312384605, 0.09792250394821167, 0.9688229560852051, 0.9686849907531009, 0.9686000681224847, '00:25']
[17, 0.017992161214351654, 0.09142167866230011, 0.9731577038764954, 0.9727779658742085, 0.9729095923482391, '00:25']
[18, 0.017235344275832176, 0.1075170710682869, 0.9715738296508789, 0.9717157949942615, 0.9714019898680062, '00:25']
[19, 0.009184922091662884, 0.10022453218698502, 0.9734078049659729, 0.9733333464843262, 0.9731313448162802, '00:25']
[20, 0.007082336116582155, 0.09492034465074539, 0.9753251075744629, 0.9751765046521804, 0.9752161095549654, '00:28']
[21, 0.0069042169488966465, 0.09428412467241287, 0.9774925112724304, 0.9771962600682842, 0.9772642572297732, '00:26']
[22, 0.00461498461663723, 0.09515979140996933, 0.9770756959915161, 0.9769515731928202, 0.9769108615371008, '00:25']
No improvement since epoch 17: early stopping

Tiempo de entrenamiento: 619.81 segundos
/mnt/homeGPU/haoweihu/TFG/lib/python3.10/site-packages/fastai/learner.py:455: UserWarning: load_learner` uses Python's insecure pickle module, which can execute malicious arbitrary code when loading. Only load files you trust.
If you only need to load model weights and optimizer state, use the safe `Learner.load` instead.
  warn("load_learner` uses Python's insecure pickle module, which can execute malicious arbitrary code when loading. Only load files you trust.\nIf you only need to load model weights and optimizer state, use the safe `Learner.load` instead.")
Loss: 0.0952
Accuracy: 0.9771
Recall: 0.9770
F1-Score: 0.9769
Loss: 0.07465194165706635
Accuracy: 0.9791666865348816
Recall (macro): 0.9790365371537121
F1 Score (macro): 0.9790750792705817
Ejecutando: mnist_dist5_otsu_ex2
---------------------------------------------------------------------------
Número total de imágenes en entrenamiento: 9814
Número total de imágenes en validación: 11996

Clases: ['0', '1', '2', '3', '4', '5', '6', '7', '8', '9']
[0, 2.2729604244232178, 2.2450029850006104, 0.1898966282606125, 0.19200805581019495, 0.06839019514611104, '00:43']
[1, 1.5722951889038086, 1.0753157138824463, 0.7085695266723633, 0.6995772282450547, 0.6814103700953078, '00:25']
[2, 0.607154130935669, 0.5178117156028748, 0.8398633003234863, 0.8370016362984641, 0.8367922968618737, '00:28']
[3, 0.39163461327552795, 0.3722178339958191, 0.8858786225318909, 0.8848973970261991, 0.8839757320623178, '00:26']
[4, 0.29832902550697327, 0.26851126551628113, 0.9183894395828247, 0.9173880980743551, 0.9174563161398133, '00:25']
[5, 0.22961993515491486, 0.2099675089120865, 0.936562180519104, 0.9353742723486093, 0.9358413771423268, '00:25']
[6, 0.17652547359466553, 0.16488860547542572, 0.9483160972595215, 0.9482119031294134, 0.9479194520773255, '00:25']
[7, 0.1398189216852188, 0.1304193139076233, 0.959986686706543, 0.960054002391552, 0.9598393765930398, '00:25']
[8, 0.11295599490404129, 0.12883323431015015, 0.9594864845275879, 0.9592922506043655, 0.9594619758193174, '00:25']
[9, 0.08081097155809402, 0.10091336071491241, 0.96832275390625, 0.9679880158819658, 0.9680816410876473, '00:25']
[10, 0.07436218112707138, 0.0975446030497551, 0.9691563844680786, 0.9689271649135847, 0.968976885462123, '00:26']
[11, 0.0655636191368103, 0.11170239746570587, 0.9631543755531311, 0.9629080957968308, 0.9630935456623078, '00:26']
[12, 0.053340572863817215, 0.07737935334444046, 0.9759920239448547, 0.9759396224526411, 0.9758547018534569, '00:25']
[13, 0.0503157302737236, 0.07917380332946777, 0.9763254523277283, 0.9761760478406639, 0.9761864806682438, '00:25']
[14, 0.0384717658162117, 0.0853128433227539, 0.9751583933830261, 0.9751585537750852, 0.9750695036919333, '00:25']
[15, 0.030255252495408058, 0.07636681199073792, 0.9779926538467407, 0.9780339873199841, 0.9778345906522296, '00:27']
[16, 0.022473054006695747, 0.07794607430696487, 0.9764087796211243, 0.9762362075626829, 0.9762184368822829, '00:27']
[17, 0.020088383927941322, 0.08394822478294373, 0.9751583933830261, 0.9752796906862751, 0.9750463164470069, '00:25']
[18, 0.014377527870237827, 0.0941268727183342, 0.9762420654296875, 0.9762339442044501, 0.9760845284740288, '00:25']
[19, 0.011449802666902542, 0.07692290097475052, 0.9791597127914429, 0.9790911292512184, 0.9790021237944977, '00:25']
[20, 0.007369656581431627, 0.0914807915687561, 0.9770756959915161, 0.9770526339944443, 0.9769334708527095, '00:25']
No improvement since epoch 15: early stopping

Tiempo de entrenamiento: 561.70 segundos
/mnt/homeGPU/haoweihu/TFG/lib/python3.10/site-packages/fastai/learner.py:455: UserWarning: load_learner` uses Python's insecure pickle module, which can execute malicious arbitrary code when loading. Only load files you trust.
If you only need to load model weights and optimizer state, use the safe `Learner.load` instead.
  warn("load_learner` uses Python's insecure pickle module, which can execute malicious arbitrary code when loading. Only load files you trust.\nIf you only need to load model weights and optimizer state, use the safe `Learner.load` instead.")
Loss: 0.0915
Accuracy: 0.9771
Recall: 0.9771
F1-Score: 0.9769
Loss: 0.07856721431016922
Accuracy: 0.9785656929016113
Recall (macro): 0.9784616624351606
F1 Score (macro): 0.9784775488990739
Ejecutando: mnist_dist5_otsu_ex3
---------------------------------------------------------------------------
Número total de imágenes en entrenamiento: 9814
Número total de imágenes en validación: 11996

Clases: ['0', '1', '2', '3', '4', '5', '6', '7', '8', '9']
[0, 2.281582832336426, 2.2610182762145996, 0.1655551791191101, 0.1660286597787894, 0.11518889296542809, '00:47']
[1, 1.7050257921218872, 1.1987457275390625, 0.6927309036254883, 0.6835022462586157, 0.6656078271777307, '00:26']
[2, 0.6701778769493103, 0.5213502645492554, 0.8395298719406128, 0.8375644831416202, 0.8382914749426087, '00:25']
[3, 0.42005687952041626, 0.39099031686782837, 0.8804601430892944, 0.8789931192996798, 0.879139978646845, '00:25']
[4, 0.3327522575855255, 0.3184201121330261, 0.9018839597702026, 0.9005383693783416, 0.9010156010072071, '00:25']
[5, 0.25023746490478516, 0.2912271320819855, 0.9063020944595337, 0.9062660499223302, 0.9050974096906673, '00:25']
[6, 0.20820412039756775, 0.1852319985628128, 0.9448983073234558, 0.94430214722804, 0.9446068404386747, '00:25']
[7, 0.1628788262605667, 0.17104026675224304, 0.946148693561554, 0.9459332314279179, 0.9459937066011517, '00:26']
[8, 0.12441945821046829, 0.1415209323167801, 0.9561520218849182, 0.9558634910391776, 0.9561786710292411, '00:25']
[9, 0.11431321501731873, 0.12366598099470139, 0.9628209471702576, 0.9626532970771848, 0.9625988549426472, '00:25']
[10, 0.08426085114479065, 0.11114680767059326, 0.9655718803405762, 0.9654598670751268, 0.9652197763046644, '00:25']
[11, 0.07295630127191544, 0.10724550485610962, 0.966322124004364, 0.9662201478662158, 0.9661774592748269, '00:25']
[12, 0.058274779468774796, 0.11532306671142578, 0.9651550650596619, 0.964587141871645, 0.9647774069454724, '00:26']
[13, 0.04852021485567093, 0.09329055994749069, 0.9734078049659729, 0.9731814121774022, 0.9732194869739732, '00:25']
[14, 0.04059962183237076, 0.10517054796218872, 0.9705735445022583, 0.9705952061665541, 0.9702852376337102, '00:25']
[15, 0.03310689330101013, 0.09763021022081375, 0.9730743765830994, 0.9727903886375795, 0.9728320166669752, '00:27']
[16, 0.02960362657904625, 0.09332961589097977, 0.9744081497192383, 0.9742812224344629, 0.974204373945207, '00:25']
[17, 0.01859418675303459, 0.11723893880844116, 0.9671556949615479, 0.9673195983281622, 0.9669614409173924, '00:25']
[18, 0.014902784489095211, 0.1002592220902443, 0.9735745191574097, 0.9733437693263843, 0.9733805800287776, '00:25']
No improvement since epoch 13: early stopping

Tiempo de entrenamiento: 512.53 segundos
/mnt/homeGPU/haoweihu/TFG/lib/python3.10/site-packages/fastai/learner.py:455: UserWarning: load_learner` uses Python's insecure pickle module, which can execute malicious arbitrary code when loading. Only load files you trust.
If you only need to load model weights and optimizer state, use the safe `Learner.load` instead.
  warn("load_learner` uses Python's insecure pickle module, which can execute malicious arbitrary code when loading. Only load files you trust.\nIf you only need to load model weights and optimizer state, use the safe `Learner.load` instead.")
Loss: 0.1003
Accuracy: 0.9736
Recall: 0.9733
F1-Score: 0.9734
Loss: 0.07356007397174835
Accuracy: 0.9789663553237915
Recall (macro): 0.9786902808748545
F1 Score (macro): 0.9788204375498448
Ejecutando: mnist_dist01_otsu_ex1
---------------------------------------------------------------------------
Número total de imágenes en entrenamiento: 21714
Número total de imágenes en validación: 11996

Clases: ['0', '1', '2', '3', '4', '5', '6', '7', '8', '9']
[0, 2.0884528160095215, 1.9883761405944824, 0.5005001425743103, 0.4908863861707172, 0.4289994517231553, '01:15']
[1, 0.5044248700141907, 0.5971685647964478, 0.8001000285148621, 0.7955977282249628, 0.7968175376069804, '00:39']
[2, 0.26937469840049744, 0.43061038851737976, 0.8623707890510559, 0.8603324437947499, 0.8598684389692824, '00:41']
[3, 0.173986554145813, 0.3221786320209503, 0.8956318497657776, 0.8933791587173628, 0.8944661306759654, '00:39']
[4, 0.1294611543416977, 0.22748680412769318, 0.9281427264213562, 0.9278725375217659, 0.9276307254346887, '00:39']
[5, 0.08921673893928528, 0.15515638887882233, 0.9511503577232361, 0.9507516879174579, 0.9508363471016779, '00:41']
[6, 0.08300507068634033, 0.13337790966033936, 0.9576525688171387, 0.9574375167784476, 0.9571934521260672, '00:39']
[7, 0.05719165876507759, 0.1229541078209877, 0.9608202576637268, 0.9610813776777352, 0.9605097871061344, '00:39']
[8, 0.049536775797605515, 0.12462715804576874, 0.9623207449913025, 0.9621967592043497, 0.9620859116870848, '00:39']
[9, 0.044088590890169144, 0.13081449270248413, 0.96065354347229, 0.9603589929146708, 0.9602573710834781, '00:41']
[10, 0.03658253327012062, 0.11450192332267761, 0.9691563844680786, 0.9693422322091297, 0.9691602933330128, '00:39']
[11, 0.028338976204395294, 0.09867683053016663, 0.972740888595581, 0.9727416813563382, 0.9725435501297095, '00:39']
[12, 0.02275261841714382, 0.09513399749994278, 0.9732410907745361, 0.9732009186266211, 0.9730054069483369, '00:39']
[13, 0.021210195496678352, 0.12847109138965607, 0.9676558971405029, 0.9677381912244399, 0.9673025589990786, '00:41']
[14, 0.01791108027100563, 0.10136375576257706, 0.9734911918640137, 0.9731282312252387, 0.9732643035299413, '00:41']
[15, 0.011868726462125778, 0.13099387288093567, 0.970156729221344, 0.9698835896346021, 0.96983836661433, '00:39']
[16, 0.00811244547367096, 0.09768209606409073, 0.9761587381362915, 0.9758220897257791, 0.9759767434519679, '00:39']
[17, 0.0056253536604344845, 0.10286391526460648, 0.9754084944725037, 0.9754694999373342, 0.9752038891635083, '00:40']
No improvement since epoch 12: early stopping

Tiempo de entrenamiento: 756.27 segundos
/mnt/homeGPU/haoweihu/TFG/lib/python3.10/site-packages/fastai/learner.py:455: UserWarning: load_learner` uses Python's insecure pickle module, which can execute malicious arbitrary code when loading. Only load files you trust.
If you only need to load model weights and optimizer state, use the safe `Learner.load` instead.
  warn("load_learner` uses Python's insecure pickle module, which can execute malicious arbitrary code when loading. Only load files you trust.\nIf you only need to load model weights and optimizer state, use the safe `Learner.load` instead.")
Loss: 0.1029
Accuracy: 0.9754
Recall: 0.9755
F1-Score: 0.9752
Loss: 0.0967193990945816
Accuracy: 0.9782652258872986
Recall (macro): 0.9783890102329865
F1 Score (macro): 0.9782021224929836
Ejecutando: mnist_dist01_otsu_ex2
---------------------------------------------------------------------------
Número total de imágenes en entrenamiento: 21714
Número total de imágenes en validación: 11996

Clases: ['0', '1', '2', '3', '4', '5', '6', '7', '8', '9']
[0, 2.0712006092071533, 1.9801673889160156, 0.6314604878425598, 0.6268858601893897, 0.5999010953869447, '01:02']
[1, 0.41345542669296265, 0.5346916317939758, 0.8295264840126038, 0.8266246266051175, 0.827385591720924, '00:39']
[2, 0.23934069275856018, 0.3718361556529999, 0.8805435299873352, 0.8787375034674387, 0.878593603198459, '00:39']
[3, 0.1691952794790268, 0.27034175395965576, 0.9142214059829712, 0.9133596090986842, 0.9132374306644648, '00:40']
[4, 0.1282951384782791, 0.22262881696224213, 0.9297266006469727, 0.929539937665554, 0.9288923830168235, '00:40']
[5, 0.10412619262933731, 0.1749846637248993, 0.9451484084129333, 0.9445710599257623, 0.9444986443238198, '00:39']
[6, 0.07882183790206909, 0.13533693552017212, 0.9583194255828857, 0.9581816166772871, 0.957894369326396, '00:39']
[7, 0.06302136927843094, 0.11082649230957031, 0.9641547203063965, 0.9640983030121861, 0.9637955135124002, '00:39']
[8, 0.05457059666514397, 0.10533619672060013, 0.9675725102424622, 0.9671708669875503, 0.9674593035141346, '00:41']
[9, 0.04360921308398247, 0.11904178559780121, 0.9627375602722168, 0.9627342949534115, 0.9627305366951117, '00:41']
[10, 0.04053762927651405, 0.09926413744688034, 0.9678226113319397, 0.9675912176267575, 0.9677016016219463, '00:39']
[11, 0.028445109724998474, 0.09254322946071625, 0.9712404012680054, 0.9711543311295567, 0.9710877585174499, '00:39']
[12, 0.025264708325266838, 0.11352358013391495, 0.9675725102424622, 0.9674627797164748, 0.9672084481940162, '00:39']
[13, 0.02156618796288967, 0.09432753175497055, 0.9722407460212708, 0.971833569359681, 0.9720535397357277, '00:39']
[14, 0.01822153478860855, 0.09714718163013458, 0.9736579060554504, 0.9735274886627531, 0.973372160944528, '00:39']
[15, 0.011344698257744312, 0.11245562881231308, 0.9694898128509521, 0.9690065708600886, 0.9694336678130527, '00:39']
[16, 0.009291281923651695, 0.09758403152227402, 0.9754084944725037, 0.975283836786819, 0.975211677900495, '00:41']
No improvement since epoch 11: early stopping

Tiempo de entrenamiento: 702.69 segundos
/mnt/homeGPU/haoweihu/TFG/lib/python3.10/site-packages/fastai/learner.py:455: UserWarning: load_learner` uses Python's insecure pickle module, which can execute malicious arbitrary code when loading. Only load files you trust.
If you only need to load model weights and optimizer state, use the safe `Learner.load` instead.
  warn("load_learner` uses Python's insecure pickle module, which can execute malicious arbitrary code when loading. Only load files you trust.\nIf you only need to load model weights and optimizer state, use the safe `Learner.load` instead.")
Loss: 0.0976
Accuracy: 0.9754
Recall: 0.9753
F1-Score: 0.9752
Loss: 0.08665040880441666
Accuracy: 0.9783653616905212
Recall (macro): 0.9782447503038056
F1 Score (macro): 0.9782039194791772
Ejecutando: mnist_dist01_otsu_ex3
---------------------------------------------------------------------------
Número total de imágenes en entrenamiento: 21714
Número total de imágenes en validación: 11996

Clases: ['0', '1', '2', '3', '4', '5', '6', '7', '8', '9']
[0, 2.0208191871643066, 1.901504397392273, 0.624958336353302, 0.6200761426870114, 0.587736267129653, '01:10']
[1, 0.42495304346084595, 0.5580565333366394, 0.8384461402893066, 0.8366476589397595, 0.8373796067928474, '00:39']
[2, 0.2407407909631729, 0.41140252351760864, 0.8745415210723877, 0.8734540809291442, 0.872985505194765, '00:40']
[3, 0.18776310980319977, 0.31263622641563416, 0.9016338586807251, 0.899870059348802, 0.9009577460633688, '00:40']
[4, 0.12779250741004944, 0.21265360713005066, 0.9358953237533569, 0.9348725507184309, 0.9353681465744141, '00:41']
[5, 0.09921066462993622, 0.170100137591362, 0.9474824666976929, 0.9472181187866895, 0.9469295941973555, '00:39']
[6, 0.07381359487771988, 0.16246549785137177, 0.9514838457107544, 0.9506583924873186, 0.9516206825150416, '00:39']
[7, 0.06498736143112183, 0.14121823012828827, 0.9570690393447876, 0.9564911337047125, 0.9569157332237198, '00:39']
[8, 0.05574611574411392, 0.11810950189828873, 0.9661554098129272, 0.9658726508842681, 0.9661103577144556, '00:39']
[9, 0.044991541653871536, 0.10529220104217529, 0.9687395691871643, 0.9684508773104217, 0.9687582236265537, '00:39']
[10, 0.0425725132226944, 0.09620954841375351, 0.9728242754936218, 0.9727664730377745, 0.9727624002286979, '00:41']
[11, 0.03385595977306366, 0.09624282270669937, 0.97215735912323, 0.971991493079592, 0.972055977217879, '00:41']
[12, 0.026758592575788498, 0.13055379688739777, 0.9628209471702576, 0.9627520137788572, 0.9624485515766115, '00:39']
[13, 0.022403890267014503, 0.09317653626203537, 0.9743247628211975, 0.9742473127282845, 0.9742414139778436, '00:39']
[14, 0.016119645908474922, 0.09896332770586014, 0.9739079475402832, 0.9738433279826154, 0.9738405665200836, '00:39']
[15, 0.014695498161017895, 0.09953809529542923, 0.9744081497192383, 0.9744291300366944, 0.9741549855391021, '00:39']
[16, 0.007299825083464384, 0.11280401051044464, 0.9738246202468872, 0.973562986579088, 0.9737557636926051, '00:41']
[17, 0.005116969812661409, 0.11379273980855942, 0.9754918217658997, 0.9753495971307966, 0.9754120599301423, '00:41']
[18, 0.006293974816799164, 0.10680177807807922, 0.9771590232849121, 0.9770517860266817, 0.9770828417372203, '00:39']
No improvement since epoch 13: early stopping

Tiempo de entrenamiento: 793.88 segundos
/mnt/homeGPU/haoweihu/TFG/lib/python3.10/site-packages/fastai/learner.py:455: UserWarning: load_learner` uses Python's insecure pickle module, which can execute malicious arbitrary code when loading. Only load files you trust.
If you only need to load model weights and optimizer state, use the safe `Learner.load` instead.
  warn("load_learner` uses Python's insecure pickle module, which can execute malicious arbitrary code when loading. Only load files you trust.\nIf you only need to load model weights and optimizer state, use the safe `Learner.load` instead.")
Loss: 0.1068
Accuracy: 0.9772
Recall: 0.9771
F1-Score: 0.9771
Loss: 0.08351056277751923
Accuracy: 0.9810696840286255
Recall (macro): 0.980830873491031
F1 Score (macro): 0.9809451374535609
mail: cannot send message: Process exited with a non-zero status
