---------------------------------------------------------------------------
Ejecutando: mnist_dist1_quant2_ex1
---------------------------------------------------------------------------
Número total de imágenes en entrenamiento: 10622
Número total de imágenes en validación: 11996

Clases: ['0', '1', '2', '3', '4', '5', '6', '7', '8', '9']
[0, 2.3042025566101074, 2.3031978607177734, 0.09861620515584946, 0.1, 0.017952803702860613, '00:38']
[1, 2.3022303581237793, 2.301725149154663, 0.11237078905105591, 0.1, 0.020203836930455635, '00:24']
[2, 2.3015496730804443, 2.3013436794281006, 0.11237078905105591, 0.1, 0.020203836930455635, '00:25']
[3, 2.302462577819824, 2.3012187480926514, 0.11237078905105591, 0.1, 0.020203836930455635, '00:25']
[4, 2.3027050495147705, 2.3015289306640625, 0.11237078905105591, 0.1, 0.020203836930455635, '00:23']
[5, 2.3023228645324707, 2.301286220550537, 0.11237078905105591, 0.1, 0.020203836930455635, '00:26']
[6, 2.3016576766967773, 2.3012795448303223, 0.11237078905105591, 0.1, 0.020203836930455635, '00:24']
[7, 2.3017446994781494, 2.3013546466827393, 0.11237078905105591, 0.1, 0.020203836930455635, '00:28']
[8, 2.3021888732910156, 2.3013508319854736, 0.11237078905105591, 0.1, 0.020203836930455635, '00:24']
No improvement since epoch 3: early stopping

Tiempo de entrenamiento: 240.88 segundos
/mnt/homeGPU/haoweihu/TFG/lib/python3.10/site-packages/fastai/learner.py:455: UserWarning: load_learner` uses Python's insecure pickle module, which can execute malicious arbitrary code when loading. Only load files you trust.
If you only need to load model weights and optimizer state, use the safe `Learner.load` instead.
  warn("load_learner` uses Python's insecure pickle module, which can execute malicious arbitrary code when loading. Only load files you trust.\nIf you only need to load model weights and optimizer state, use the safe `Learner.load` instead.")
Loss: 2.3014
Accuracy: 0.1124
Recall: 0.1000
F1-Score: 0.0202
Loss: 2.3012726306915283
Accuracy: 0.11348157376050949
Recall (macro): 0.1
F1 Score (macro): 0.02038319690564001
---------------------------------------------------------------------------
Ejecutando: mnist_dist1_quant2_ex2
---------------------------------------------------------------------------
Número total de imágenes en entrenamiento: 10622
Número total de imágenes en validación: 11996

Clases: ['0', '1', '2', '3', '4', '5', '6', '7', '8', '9']
[0, 2.3038477897644043, 2.3033111095428467, 0.11237078905105591, 0.1, 0.020203836930455635, '00:24']
[1, 2.3025102615356445, 2.3022632598876953, 0.11237078905105591, 0.1, 0.020203836930455635, '00:26']
[2, 2.302323579788208, 2.3014028072357178, 0.11237078905105591, 0.1, 0.020203836930455635, '00:24']
[3, 2.3023271560668945, 2.3012571334838867, 0.11237078905105591, 0.1, 0.020203836930455635, '00:24']
[4, 2.3023300170898438, 2.3014142513275146, 0.11237078905105591, 0.1, 0.020203836930455635, '00:24']
[5, 2.3023829460144043, 2.3013010025024414, 0.11237078905105591, 0.1, 0.020203836930455635, '00:30']
[6, 2.3016819953918457, 2.301284074783325, 0.11237078905105591, 0.1, 0.020203836930455635, '00:27']
[7, 2.3019182682037354, 2.3013076782226562, 0.11237078905105591, 0.1, 0.020203836930455635, '00:32']
[8, 2.301940441131592, 2.3012306690216064, 0.11237078905105591, 0.1, 0.020203836930455635, '00:37']
[9, 2.3022119998931885, 2.301271677017212, 0.11237078905105591, 0.1, 0.020203836930455635, '00:36']
[10, 2.3016679286956787, 2.3012349605560303, 0.11237078905105591, 0.1, 0.020203836930455635, '00:27']
[11, 2.301926851272583, 2.3012168407440186, 0.11237078905105591, 0.1, 0.020203836930455635, '00:39']
[12, 2.302388906478882, 2.3012335300445557, 0.11237078905105591, 0.1, 0.020203836930455635, '00:30']
[13, 2.301713705062866, 2.3012239933013916, 0.11237078905105591, 0.1, 0.020203836930455635, '00:25']
[14, 2.3020126819610596, 2.3011956214904785, 0.11237078905105591, 0.1, 0.020203836930455635, '00:24']
[15, 2.302095651626587, 2.3012125492095947, 0.11237078905105591, 0.1, 0.020203836930455635, '00:23']
[16, 2.30185866355896, 2.3011984825134277, 0.11237078905105591, 0.1, 0.020203836930455635, '00:25']
[17, 2.3017325401306152, 2.3012096881866455, 0.11237078905105591, 0.1, 0.020203836930455635, '00:26']
[18, 2.3010880947113037, 2.3011958599090576, 0.11237078905105591, 0.1, 0.020203836930455635, '00:24']
[19, 2.3015103340148926, 2.301182746887207, 0.11237078905105591, 0.1, 0.020203836930455635, '00:24']
[20, 2.3026516437530518, 2.3011791706085205, 0.11237078905105591, 0.1, 0.020203836930455635, '00:26']
[21, 2.3023226261138916, 2.301173686981201, 0.11237078905105591, 0.1, 0.020203836930455635, '00:24']
[22, 2.3014256954193115, 2.301179885864258, 0.11237078905105591, 0.1, 0.020203836930455635, '00:24']
[23, 2.3013975620269775, 2.301182508468628, 0.11237078905105591, 0.1, 0.020203836930455635, '00:26']
[24, 2.3023288249969482, 2.3011767864227295, 0.11237078905105591, 0.1, 0.020203836930455635, '00:24']
[25, 2.301649332046509, 2.3011789321899414, 0.11237078905105591, 0.1, 0.020203836930455635, '00:25']
[26, 2.3016200065612793, 2.3011763095855713, 0.11237078905105591, 0.1, 0.020203836930455635, '00:24']
No improvement since epoch 21: early stopping

Tiempo de entrenamiento: 736.13 segundos
/mnt/homeGPU/haoweihu/TFG/lib/python3.10/site-packages/fastai/learner.py:455: UserWarning: load_learner` uses Python's insecure pickle module, which can execute malicious arbitrary code when loading. Only load files you trust.
If you only need to load model weights and optimizer state, use the safe `Learner.load` instead.
  warn("load_learner` uses Python's insecure pickle module, which can execute malicious arbitrary code when loading. Only load files you trust.\nIf you only need to load model weights and optimizer state, use the safe `Learner.load` instead.")
Loss: 2.3012
Accuracy: 0.1124
Recall: 0.1000
F1-Score: 0.0202
Loss: 2.301050901412964
Accuracy: 0.11358173191547394
Recall (macro): 0.1
F1 Score (macro): 0.020399352401511063
---------------------------------------------------------------------------
Ejecutando: mnist_dist1_quant2_ex3
---------------------------------------------------------------------------
Número total de imágenes en entrenamiento: 10622
Número total de imágenes en validación: 11996

Clases: ['0', '1', '2', '3', '4', '5', '6', '7', '8', '9']
[0, 2.3033363819122314, 2.302988290786743, 0.11237078905105591, 0.1, 0.020203836930455635, '00:28']
[1, 2.302743673324585, 2.30206036567688, 0.11237078905105591, 0.1, 0.020203836930455635, '00:33']
[2, 2.302278518676758, 2.301514148712158, 0.11237078905105591, 0.1, 0.020203836930455635, '00:25']
[3, 2.3023805618286133, 2.3013534545898438, 0.11237078905105591, 0.1, 0.020203836930455635, '00:26']
[4, 2.302197217941284, 2.301215887069702, 0.11237078905105591, 0.1, 0.020203836930455635, '00:24']
[5, 2.302612781524658, 2.3009352684020996, 0.11237078905105591, 0.1, 0.020203836930455635, '00:24']
[6, 1.9513217210769653, 1.4971038103103638, 0.49324774742126465, 0.4794267253776455, 0.4145044250129296, '00:25']
[7, 1.0526082515716553, 0.9800123572349548, 0.6534678339958191, 0.644435623345848, 0.6314752841401059, '00:25']
[8, 0.8666315674781799, 0.8489170670509338, 0.7113204598426819, 0.7060123867713033, 0.7017879488561822, '00:24']
[9, 0.802320659160614, 0.7695348262786865, 0.7464154958724976, 0.7426763440396505, 0.7404401679528382, '00:25']
[10, 0.7077895998954773, 0.7209292054176331, 0.7635045051574707, 0.7589263183636443, 0.7572696039208485, '00:25']
[11, 0.6721799373626709, 0.7015433311462402, 0.7700066566467285, 0.7649115247381626, 0.7613340412363203, '00:24']
[12, 0.6242110729217529, 0.6659573316574097, 0.772174060344696, 0.768350602901938, 0.7641386922885387, '00:26']
[13, 0.5912671685218811, 0.6171943545341492, 0.8005168437957764, 0.7972890316661001, 0.7977010379219924, '00:25']
[14, 0.5666385889053345, 0.6208018660545349, 0.7842614054679871, 0.781323779308992, 0.7762284026627568, '00:24']
[15, 0.5233957171440125, 0.5579498410224915, 0.8219406604766846, 0.8193604331204714, 0.8204461480232768, '00:24']
[16, 0.501866340637207, 0.5292640924453735, 0.833111047744751, 0.8309728931828835, 0.8313692412683403, '00:25']
[17, 0.5094214677810669, 0.5376182794570923, 0.8232744336128235, 0.8195142787409354, 0.8195884667064872, '00:24']
[18, 0.47200071811676025, 0.4974386394023895, 0.8421140313148499, 0.8399039337998365, 0.8407740878868244, '00:24']
[19, 0.45540690422058105, 0.4841558635234833, 0.8472824096679688, 0.8445993174373199, 0.8452955954170076, '00:24']
[20, 0.4485774338245392, 0.4681442975997925, 0.8532844185829163, 0.8520386663375259, 0.8519457435590173, '00:29']
[21, 0.43874070048332214, 0.45677700638771057, 0.8566188812255859, 0.8550507113742108, 0.8543989901292296, '00:24']
[22, 0.41570279002189636, 0.44845491647720337, 0.8580360412597656, 0.8557498276739107, 0.8558091450178471, '00:24']
[23, 0.39875274896621704, 0.44080135226249695, 0.8630377054214478, 0.8613652202638864, 0.8610950954315628, '00:27']
[24, 0.406513512134552, 0.43782100081443787, 0.8633711338043213, 0.8614247630786134, 0.8616817341988293, '00:24']
[25, 0.40482234954833984, 0.4337042272090912, 0.8652884364128113, 0.8633827608084328, 0.8633715924541384, '00:24']
[26, 0.3944343328475952, 0.43277817964553833, 0.8656218647956848, 0.863779577737499, 0.8637401934527379, '00:25']
[27, 0.39587703347206116, 0.43166211247444153, 0.8665388226509094, 0.8648035441054798, 0.86459525533916, '00:24']
[28, 0.40232163667678833, 0.4306153357028961, 0.867372453212738, 0.8655580538785383, 0.8655211205149899, '00:24']
[29, 0.383872389793396, 0.43036943674087524, 0.8669556379318237, 0.8651606096556204, 0.865097569743501, '00:24']

Tiempo de entrenamiento: 766.59 segundos
/mnt/homeGPU/haoweihu/TFG/lib/python3.10/site-packages/fastai/learner.py:455: UserWarning: load_learner` uses Python's insecure pickle module, which can execute malicious arbitrary code when loading. Only load files you trust.
If you only need to load model weights and optimizer state, use the safe `Learner.load` instead.
  warn("load_learner` uses Python's insecure pickle module, which can execute malicious arbitrary code when loading. Only load files you trust.\nIf you only need to load model weights and optimizer state, use the safe `Learner.load` instead.")
Loss: 0.4304
Accuracy: 0.8670
Recall: 0.8652
F1-Score: 0.8651
Loss: 0.4164363145828247
Accuracy: 0.8731971383094788
Recall (macro): 0.871339490355866
F1 Score (macro): 0.8711205565964093
---------------------------------------------------------------------------
Ejecutando: mnist_dist5_quant2_ex1
---------------------------------------------------------------------------
Número total de imágenes en entrenamiento: 9814
Número total de imágenes en validación: 11996

Clases: ['0', '1', '2', '3', '4', '5', '6', '7', '8', '9']
[0, 2.305032968521118, 2.3043196201324463, 0.09911637008190155, 0.1, 0.018035646568069778, '00:30']
[1, 2.3032891750335693, 2.3023650646209717, 0.11237078905105591, 0.1, 0.020203836930455635, '00:23']
[2, 2.3024044036865234, 2.3013863563537598, 0.11237078905105591, 0.1, 0.020203836930455635, '00:23']
[3, 2.302074670791626, 2.30126690864563, 0.11237078905105591, 0.1, 0.020203836930455635, '00:23']
[4, 2.3022115230560303, 2.301392078399658, 0.11237078905105591, 0.1, 0.020203836930455635, '00:23']
[5, 2.3016624450683594, 2.3008618354797363, 0.11237078905105591, 0.1, 0.020203836930455635, '00:23']
[6, 2.1757395267486572, 1.8825103044509888, 0.37379127740859985, 0.3649898128599699, 0.2508804254906575, '00:23']
[7, 1.1838405132293701, 1.0316723585128784, 0.6512170433998108, 0.6414591672497878, 0.6165575558362265, '00:23']
[8, 0.935947597026825, 0.931224524974823, 0.6841447353363037, 0.6746915648492361, 0.6547785193426503, '00:23']
[9, 0.8196975588798523, 0.7687816619873047, 0.7554184794425964, 0.7497374250399435, 0.7458830616568304, '00:23']
[10, 0.6971213817596436, 0.6832160949707031, 0.7905135154724121, 0.7876488062997138, 0.7861453152628429, '00:23']
[11, 0.6239043474197388, 0.6198198199272156, 0.8136045336723328, 0.8115244470383418, 0.8128045506065801, '00:23']
[12, 0.5563318133354187, 0.5662984848022461, 0.8217739462852478, 0.8187803883653834, 0.8176925791306552, '00:23']
[13, 0.5324833393096924, 0.5195071697235107, 0.8351950645446777, 0.8321234101467635, 0.8323877205422996, '00:23']
[14, 0.5043788552284241, 0.49518340826034546, 0.8473657965660095, 0.8448072024686569, 0.8452681464737049, '00:23']
[15, 0.468131959438324, 0.461062490940094, 0.8559519648551941, 0.8540982027453591, 0.8537100527742358, '00:24']
[16, 0.4354746341705322, 0.4428776502609253, 0.8646215200424194, 0.8631375898336314, 0.8628262484171225, '00:24']
[17, 0.41981926560401917, 0.4264545440673828, 0.870540201663971, 0.869421714071068, 0.868923355374932, '00:23']
[18, 0.4116540849208832, 0.41109633445739746, 0.8755418658256531, 0.8736771877709752, 0.8740789499084739, '00:23']
[19, 0.38757631182670593, 0.3967488408088684, 0.8811270594596863, 0.8791931242019213, 0.879801045710041, '00:23']
[20, 0.36556416749954224, 0.3838401138782501, 0.8839613199234009, 0.8822874180108424, 0.8823581150299169, '00:23']
[21, 0.3823927342891693, 0.37815436720848083, 0.8847949504852295, 0.8832867381608753, 0.8832878568913103, '00:23']
[22, 0.36295804381370544, 0.37393131852149963, 0.8859620094299316, 0.884366590979026, 0.8846997555108608, '00:23']
[23, 0.3490597903728485, 0.36636316776275635, 0.8919639587402344, 0.8907880574113042, 0.890729052773098, '00:24']
[24, 0.33710870146751404, 0.3585931956768036, 0.8910470008850098, 0.889516591311725, 0.8895797920046323, '00:23']
[25, 0.33916187286376953, 0.35685068368911743, 0.8910470008850098, 0.889770908870885, 0.8896275120627379, '00:23']
[26, 0.33721235394477844, 0.356375128030777, 0.8924641609191895, 0.8912084544840523, 0.8911908581086967, '00:23']
[27, 0.32674238085746765, 0.35388970375061035, 0.8934645056724548, 0.8921004997656876, 0.8921039600489176, '00:23']
[28, 0.3171347975730896, 0.35352498292922974, 0.8930476903915405, 0.8916177607888006, 0.8916670763023993, '00:23']
[29, 0.32675057649612427, 0.35346803069114685, 0.892714262008667, 0.8912659425782399, 0.8913339298122267, '00:23']

Tiempo de entrenamiento: 713.33 segundos
/mnt/homeGPU/haoweihu/TFG/lib/python3.10/site-packages/fastai/learner.py:455: UserWarning: load_learner` uses Python's insecure pickle module, which can execute malicious arbitrary code when loading. Only load files you trust.
If you only need to load model weights and optimizer state, use the safe `Learner.load` instead.
  warn("load_learner` uses Python's insecure pickle module, which can execute malicious arbitrary code when loading. Only load files you trust.\nIf you only need to load model weights and optimizer state, use the safe `Learner.load` instead.")
Loss: 0.3535
Accuracy: 0.8927
Recall: 0.8913
F1-Score: 0.8913
Loss: 0.3278498947620392
Accuracy: 0.903245210647583
Recall (macro): 0.9017793606495946
F1 Score (macro): 0.9017275666204008
---------------------------------------------------------------------------
Ejecutando: mnist_dist5_quant2_ex2
---------------------------------------------------------------------------
Número total de imágenes en entrenamiento: 9814
Número total de imágenes en validación: 11996

Clases: ['0', '1', '2', '3', '4', '5', '6', '7', '8', '9']
[0, 2.303710460662842, 2.3031020164489746, 0.09928309172391891, 0.1, 0.018063244104041858, '00:30']
[1, 2.302602529525757, 2.3016974925994873, 0.11237078905105591, 0.1, 0.020203836930455635, '00:23']
[2, 2.302077293395996, 2.301244020462036, 0.11237078905105591, 0.1, 0.020203836930455635, '00:23']
[3, 2.302382707595825, 2.301464319229126, 0.11237078905105591, 0.1, 0.020203836930455635, '00:23']
[4, 2.3028156757354736, 2.301225185394287, 0.11237078905105591, 0.1, 0.020203836930455635, '00:23']
[5, 2.301807165145874, 2.301119327545166, 0.11237078905105591, 0.1, 0.020203836930455635, '00:23']
[6, 2.291236162185669, 2.257251024246216, 0.2713404595851898, 0.25862678721136084, 0.17728573284760385, '00:23']
[7, 1.549009919166565, 1.3544961214065552, 0.5434311628341675, 0.5340175504453083, 0.5086001688844626, '00:25']
[8, 1.131689429283142, 1.0191152095794678, 0.6684728264808655, 0.6632333825383276, 0.6582677724568173, '00:24']
[9, 0.8719909191131592, 0.832270085811615, 0.7369123101234436, 0.7325681778890504, 0.7306226373219877, '00:23']
[10, 0.7468520998954773, 0.737066924571991, 0.7730910181999207, 0.7701152905074214, 0.7703379972016255, '00:23']
[11, 0.6770099997520447, 0.7017689943313599, 0.7780093550682068, 0.7742767084019644, 0.7729326987370813, '00:23']
[12, 0.644788920879364, 0.6526264548301697, 0.7908469438552856, 0.7875148602848135, 0.7860980191677918, '00:23']
[13, 0.5879536867141724, 0.5873014330863953, 0.8190230131149292, 0.8164095480693252, 0.8162769585477795, '00:23']
[14, 0.5387628078460693, 0.5379106998443604, 0.8376958966255188, 0.8357320263327116, 0.8356217791618701, '00:23']
[15, 0.500677227973938, 0.5180243253707886, 0.8393630981445312, 0.8377017216426703, 0.8366266715980879, '00:23']
[16, 0.4743041694164276, 0.48013126850128174, 0.853367805480957, 0.8519126335383136, 0.8515902927949763, '00:23']
[17, 0.43640613555908203, 0.45686519145965576, 0.8617038726806641, 0.8598191546360215, 0.8599895401219264, '00:23']
[18, 0.42244625091552734, 0.43869903683662415, 0.8671223521232605, 0.8659536587708591, 0.865432027605015, '00:23']
[19, 0.4127054810523987, 0.42378926277160645, 0.8716238737106323, 0.8703691355377872, 0.8701771498810592, '00:23']
[20, 0.397405743598938, 0.4118495583534241, 0.8754584789276123, 0.8742534378018003, 0.8739285853766751, '00:23']
[21, 0.3779740035533905, 0.40276461839675903, 0.874958336353302, 0.8732882098139297, 0.8733696705651587, '00:23']
[22, 0.37195923924446106, 0.39064955711364746, 0.8799600005149841, 0.8785184082486035, 0.878421778468884, '00:23']
[23, 0.36951643228530884, 0.385386198759079, 0.8810436725616455, 0.8797768339919338, 0.8798201702119985, '00:23']
[24, 0.3610805571079254, 0.3815208375453949, 0.8840447068214417, 0.882927792942611, 0.8827059345594261, '00:23']
[25, 0.35925576090812683, 0.3774176836013794, 0.8841280341148376, 0.8828940678178869, 0.882809841891682, '00:23']
[26, 0.3466734290122986, 0.37792766094207764, 0.8837946057319641, 0.8825951754533385, 0.8823508779018827, '00:23']
[27, 0.3401135206222534, 0.3772428035736084, 0.8842114210128784, 0.8828920276376018, 0.8827853918247863, '00:23']
[28, 0.34162795543670654, 0.3747005760669708, 0.8852117657661438, 0.883953117484521, 0.8838510385465262, '00:23']
[29, 0.3472006618976593, 0.3746074438095093, 0.885128378868103, 0.8838645362609187, 0.8837722960504715, '00:25']

Tiempo de entrenamiento: 713.73 segundos
/mnt/homeGPU/haoweihu/TFG/lib/python3.10/site-packages/fastai/learner.py:455: UserWarning: load_learner` uses Python's insecure pickle module, which can execute malicious arbitrary code when loading. Only load files you trust.
If you only need to load model weights and optimizer state, use the safe `Learner.load` instead.
  warn("load_learner` uses Python's insecure pickle module, which can execute malicious arbitrary code when loading. Only load files you trust.\nIf you only need to load model weights and optimizer state, use the safe `Learner.load` instead.")
Loss: 0.3746
Accuracy: 0.8851
Recall: 0.8839
F1-Score: 0.8838
Loss: 0.3462006151676178
Accuracy: 0.8979367017745972
Recall (macro): 0.896573807632403
F1 Score (macro): 0.8964217754636661
---------------------------------------------------------------------------
Ejecutando: mnist_dist5_quant2_ex3
---------------------------------------------------------------------------
Número total de imágenes en entrenamiento: 9814
Número total de imágenes en validación: 11996

Clases: ['0', '1', '2', '3', '4', '5', '6', '7', '8', '9']
[0, 2.3032288551330566, 2.303119421005249, 0.09753251075744629, 0.1, 0.017773051800091144, '00:30']
[1, 2.3022687435150146, 2.301687717437744, 0.11237078905105591, 0.1, 0.020203836930455635, '00:23']
[2, 2.3014070987701416, 2.300835132598877, 0.11237078905105591, 0.1, 0.020203836930455635, '00:23']
[3, 2.2970666885375977, 2.2877089977264404, 0.11445482075214386, 0.10213284811979755, 0.02417134289294682, '00:23']
[4, 1.9685922861099243, 1.746468186378479, 0.40788596868515015, 0.39629256863996326, 0.34678164003843703, '00:23']
[5, 1.2728105783462524, 1.068979024887085, 0.6306268572807312, 0.6195701667920537, 0.5869764737827384, '00:23']
[6, 0.9524197578430176, 0.8492963910102844, 0.727825939655304, 0.722348891923875, 0.719611265347875, '00:23']
[7, 0.833665132522583, 0.8360009789466858, 0.724658191204071, 0.7185920787837256, 0.7151271503680308, '00:23']
[8, 0.7415039539337158, 0.7116311192512512, 0.7748416066169739, 0.7695835069509375, 0.7684541416194945, '00:23']
[9, 0.6808982491493225, 0.6679160594940186, 0.785595178604126, 0.7814374785071949, 0.7801577555782867, '00:23']
[10, 0.6375593543052673, 0.6317041516304016, 0.7962654232978821, 0.7937752068733588, 0.7911178086214594, '00:23']
[11, 0.5668640732765198, 0.5412909984588623, 0.8305268287658691, 0.8283087913423035, 0.8283635635588753, '00:23']
[12, 0.5221431851387024, 0.5077619552612305, 0.8407802581787109, 0.8387046932903187, 0.8377551679741512, '00:23']
[13, 0.4860678017139435, 0.4851629436016083, 0.8487829566001892, 0.8475686803227699, 0.8470643254395979, '00:23']
[14, 0.43615978956222534, 0.42799487709999084, 0.8690396547317505, 0.866465260801877, 0.8667667795117715, '00:23']
[15, 0.4182170331478119, 0.40705186128616333, 0.8752917647361755, 0.873914206732889, 0.8738706664529644, '00:23']
[16, 0.38661816716194153, 0.3872915804386139, 0.8767922520637512, 0.8742827582940438, 0.8749686479167599, '00:23']
[17, 0.37993887066841125, 0.3731488287448883, 0.8828776478767395, 0.8814922974695639, 0.8813983070171041, '00:23']
[18, 0.33971285820007324, 0.3576614260673523, 0.8886295557022095, 0.8873858660848031, 0.8870019319773383, '00:31']
[19, 0.32520994544029236, 0.32789915800094604, 0.8979659676551819, 0.8968642817805004, 0.8968678030237166, '00:23']
[20, 0.3150184154510498, 0.318799763917923, 0.902967631816864, 0.9016766660724708, 0.901586494634002, '00:25']
[21, 0.31334468722343445, 0.31301894783973694, 0.9036345481872559, 0.9026036395895488, 0.902612297631495, '00:51']
[22, 0.28545933961868286, 0.3060492277145386, 0.9041346907615662, 0.9031491596856519, 0.9030803266680036, '01:01']
[23, 0.2961508631706238, 0.2983795702457428, 0.9083861112594604, 0.9074809995119815, 0.9072743872197352, '01:06']
[24, 0.27414530515670776, 0.2933667302131653, 0.9093031287193298, 0.9084298942181807, 0.9082782178473092, '01:07']
[25, 0.269277423620224, 0.2910292446613312, 0.9098866581916809, 0.908996089757992, 0.9087890895207839, '01:06']
[26, 0.26737257838249207, 0.2885707914829254, 0.9108036160469055, 0.9096907389546416, 0.9096933067777411, '01:05']
[27, 0.2743457853794098, 0.28640252351760864, 0.9113871455192566, 0.9103624934839157, 0.9103369284688894, '01:06']
[28, 0.28322896361351013, 0.2862435579299927, 0.9113871455192566, 0.9103702780292753, 0.9102722095974141, '01:09']
[29, 0.2782701253890991, 0.28609469532966614, 0.9117205739021301, 0.9106981209139666, 0.9106177659596308, '01:08']

Tiempo de entrenamiento: 1092.62 segundos
/mnt/homeGPU/haoweihu/TFG/lib/python3.10/site-packages/fastai/learner.py:455: UserWarning: load_learner` uses Python's insecure pickle module, which can execute malicious arbitrary code when loading. Only load files you trust.
If you only need to load model weights and optimizer state, use the safe `Learner.load` instead.
  warn("load_learner` uses Python's insecure pickle module, which can execute malicious arbitrary code when loading. Only load files you trust.\nIf you only need to load model weights and optimizer state, use the safe `Learner.load` instead.")
Loss: 0.2861
Accuracy: 0.9117
Recall: 0.9107
F1-Score: 0.9106
Loss: 0.27279478311538696
Accuracy: 0.9137620329856873
Recall (macro): 0.9127422937128319
F1 Score (macro): 0.9124502039657052
---------------------------------------------------------------------------
Ejecutando: mnist_dist01_quant2_ex1
---------------------------------------------------------------------------
Número total de imágenes en entrenamiento: 21714
Número total de imágenes en validación: 11996

Clases: ['0', '1', '2', '3', '4', '5', '6', '7', '8', '9']
[0, 2.303696870803833, 2.3051702976226807, 0.09861620515584946, 0.1, 0.017952803702860613, '04:07']
[1, 2.3025596141815186, 2.3032500743865967, 0.10220073163509369, 0.1, 0.018544849493268796, '01:39']
[2, 2.3026883602142334, 2.3030266761779785, 0.10220073163509369, 0.1, 0.018544849493268796, '01:29']
[3, 2.302309513092041, 2.303015947341919, 0.09861620515584946, 0.1, 0.017952803702860613, '01:39']
[4, 1.65670907497406, 1.590887188911438, 0.4589863419532776, 0.4482850438902326, 0.40490360319146806, '01:39']
[5, 0.7237833738327026, 0.9008008241653442, 0.7018172740936279, 0.6960726955009938, 0.6943884501469961, '01:29']
[6, 0.4963853359222412, 0.7288017868995667, 0.7587529420852661, 0.75489952874158, 0.7499275959908992, '01:25']
[7, 0.4036794900894165, 0.6537898182868958, 0.7908469438552856, 0.7875199472492509, 0.7885942071840294, '01:21']
[8, 0.35339680314064026, 0.548825740814209, 0.8243581056594849, 0.8225643521003845, 0.8228248942377517, '01:25']
[9, 0.3120099604129791, 0.4932459890842438, 0.8431977033615112, 0.8417096701927717, 0.8403943456833349, '01:23']
[10, 0.28036314249038696, 0.44765186309814453, 0.8587028980255127, 0.8574427877345385, 0.8566931491072799, '01:24']
[11, 0.2507948577404022, 0.4180639088153839, 0.8662887811660767, 0.8648925138652401, 0.8647952647922341, '01:22']
[12, 0.23399867117404938, 0.3752666413784027, 0.8831276893615723, 0.8820839458916353, 0.882489612709953, '01:22']
[13, 0.2149786502122879, 0.39015522599220276, 0.8772090673446655, 0.876585219413124, 0.8755542759414165, '01:20']
[14, 0.2066863626241684, 0.3405085802078247, 0.8895465135574341, 0.8891021888649204, 0.8885429610387611, '01:08']
[15, 0.19430306553840637, 0.31640806794166565, 0.9003000855445862, 0.8993890410333896, 0.8993174926515557, '00:37']
[16, 0.1774907410144806, 0.2903538942337036, 0.9110536575317383, 0.9109540389346016, 0.9102462750516391, '00:37']
[17, 0.16824910044670105, 0.2906091511249542, 0.9085528254508972, 0.9073969636321471, 0.9075427255591014, '00:37']
[18, 0.14990371465682983, 0.2811926603317261, 0.9093864560127258, 0.9084100617066888, 0.9085645011160921, '00:38']
[19, 0.14608314633369446, 0.2624393403530121, 0.9191397428512573, 0.9183930288655316, 0.9185319068377871, '00:37']
[20, 0.13692596554756165, 0.25098279118537903, 0.9198065996170044, 0.9192029904133397, 0.9191842071134368, '00:36']
[21, 0.13327470421791077, 0.24474017322063446, 0.9249749779701233, 0.9242835534392938, 0.9245071302625076, '00:37']
[22, 0.14200997352600098, 0.23916245996952057, 0.9251416921615601, 0.924556968836195, 0.9245274772376113, '00:37']
[23, 0.12801289558410645, 0.2406761795282364, 0.9252250790596008, 0.9242998454465949, 0.9245871074071832, '00:37']
[24, 0.1371757984161377, 0.23089995980262756, 0.9291430711746216, 0.9285759678259158, 0.9285013964774705, '00:37']
[25, 0.11412589251995087, 0.23014576733112335, 0.9288095831871033, 0.9282911170064907, 0.928209632309532, '00:37']
[26, 0.12426415085792542, 0.2302008420228958, 0.9287262558937073, 0.9280571953838292, 0.928155701403632, '01:14']
[27, 0.1130547821521759, 0.22941051423549652, 0.9291430711746216, 0.9284494698583579, 0.928611593047445, '00:42']
[28, 0.11299370974302292, 0.22820977866649628, 0.9296432137489319, 0.928970823698608, 0.9291242128480093, '00:37']
[29, 0.11932467669248581, 0.22804763913154602, 0.9293097853660583, 0.9286357568415751, 0.9287603953665832, '00:37']

Tiempo de entrenamiento: 2064.63 segundos
/mnt/homeGPU/haoweihu/TFG/lib/python3.10/site-packages/fastai/learner.py:455: UserWarning: load_learner` uses Python's insecure pickle module, which can execute malicious arbitrary code when loading. Only load files you trust.
If you only need to load model weights and optimizer state, use the safe `Learner.load` instead.
  warn("load_learner` uses Python's insecure pickle module, which can execute malicious arbitrary code when loading. Only load files you trust.\nIf you only need to load model weights and optimizer state, use the safe `Learner.load` instead.")
Loss: 0.2280
Accuracy: 0.9293
Recall: 0.9286
F1-Score: 0.9288
Loss: 0.2052350640296936
Accuracy: 0.9372996687889099
Recall (macro): 0.9366486983465088
F1 Score (macro): 0.9366366280461744
---------------------------------------------------------------------------
Ejecutando: mnist_dist01_quant2_ex2
---------------------------------------------------------------------------
Número total de imágenes en entrenamiento: 21714
Número total de imágenes en validación: 11996

Clases: ['0', '1', '2', '3', '4', '5', '6', '7', '8', '9']
[0, 2.303093910217285, 2.302584171295166, 0.09753251075744629, 0.1, 0.017773051800091144, '00:54']
[1, 2.30275297164917, 2.302969455718994, 0.10220073163509369, 0.1, 0.018544849493268796, '00:37']
[2, 2.3017263412475586, 2.3031177520751953, 0.10220073163509369, 0.1, 0.018544849493268796, '00:37']
[3, 2.3010871410369873, 2.302238941192627, 0.10220073163509369, 0.1, 0.018544849493268796, '00:37']
[4, 1.1493382453918457, 1.1432511806488037, 0.6502167582511902, 0.6442753656865113, 0.642329537881819, '00:37']
[5, 0.6156969666481018, 0.8579347133636475, 0.7181560397148132, 0.7127337549956176, 0.707144211606763, '00:37']
[6, 0.4909014403820038, 0.7189810872077942, 0.7756752371788025, 0.7745594564041703, 0.7760117362378602, '00:36']
[7, 0.4225894808769226, 0.6342616081237793, 0.7939313054084778, 0.7907372786270179, 0.7902715891682286, '00:37']
[8, 0.3679542541503906, 0.5570050477981567, 0.8215238451957703, 0.8182989522416595, 0.816525586941753, '00:37']
[9, 0.327688604593277, 0.5091968178749084, 0.8439480066299438, 0.8421726475072184, 0.8416849062616276, '00:37']
[10, 0.3014284670352936, 0.450076699256897, 0.8604534864425659, 0.8592790239048815, 0.8592489291288222, '00:42']
[11, 0.26590588688850403, 0.4243771731853485, 0.8659552931785583, 0.8642971258459966, 0.8640867463805547, '00:39']
[12, 0.24927882850170135, 0.3700706660747528, 0.8867955803871155, 0.8857048593763528, 0.8858383860613837, '00:38']
[13, 0.2186439335346222, 0.38841286301612854, 0.8753751516342163, 0.8739555311300211, 0.8737263231634369, '00:49']
[14, 0.2163480520248413, 0.34477317333221436, 0.8930476903915405, 0.8923019578800127, 0.891961116229415, '00:38']
[15, 0.1915331780910492, 0.32635825872421265, 0.896548867225647, 0.8956605303547382, 0.8955956126473957, '00:39']
[16, 0.1735975295305252, 0.3086238205432892, 0.9038012623786926, 0.9024334389618801, 0.9031820087126932, '00:39']
[17, 0.17115165293216705, 0.2917177677154541, 0.9090530276298523, 0.9081836615341938, 0.908183202334787, '00:39']
[18, 0.1587100476026535, 0.2757686674594879, 0.9133877754211426, 0.9126483216927983, 0.9123417104105493, '00:39']
[19, 0.15455956757068634, 0.2835853099822998, 0.910553514957428, 0.9100006517404415, 0.9093099291127636, '00:39']
[20, 0.14594276249408722, 0.2723490297794342, 0.9134711623191833, 0.9127644466729082, 0.9123830127193339, '00:39']
[21, 0.13596054911613464, 0.2710812985897064, 0.9153050780296326, 0.9141693329473457, 0.9142600441137828, '00:39']
[22, 0.1365353763103485, 0.24922670423984528, 0.9233077764511108, 0.9225645174444962, 0.9226841480721373, '00:39']
[23, 0.1345883458852768, 0.24880416691303253, 0.9217239022254944, 0.9211579739016085, 0.920893364563762, '00:39']
[24, 0.12994889914989471, 0.2501350939273834, 0.9221407175064087, 0.9214131474061187, 0.921349814293482, '00:38']
[25, 0.14139336347579956, 0.2490449696779251, 0.922557532787323, 0.921784727884768, 0.9217398101649843, '00:39']
[26, 0.13212187588214874, 0.24592821300029755, 0.9238913059234619, 0.923190144683252, 0.9230597821209292, '00:38']
[27, 0.13739147782325745, 0.2451048195362091, 0.9261420369148254, 0.9254051643701595, 0.9254293048527028, '00:39']
[28, 0.1338803917169571, 0.24474692344665527, 0.9253084063529968, 0.9245840624447392, 0.924525649824889, '00:38']
[29, 0.13644929230213165, 0.24424311518669128, 0.9250583648681641, 0.9243480830153027, 0.9243067969075858, '00:38']

Tiempo de entrenamiento: 1187.71 segundos
/mnt/homeGPU/haoweihu/TFG/lib/python3.10/site-packages/fastai/learner.py:455: UserWarning: load_learner` uses Python's insecure pickle module, which can execute malicious arbitrary code when loading. Only load files you trust.
If you only need to load model weights and optimizer state, use the safe `Learner.load` instead.
  warn("load_learner` uses Python's insecure pickle module, which can execute malicious arbitrary code when loading. Only load files you trust.\nIf you only need to load model weights and optimizer state, use the safe `Learner.load` instead.")
Loss: 0.2442
Accuracy: 0.9251
Recall: 0.9243
F1-Score: 0.9243
Loss: 0.21619240939617157
Accuracy: 0.9306890964508057
Recall (macro): 0.9299932440899227
F1 Score (macro): 0.9298806274550324
---------------------------------------------------------------------------
Ejecutando: mnist_dist01_quant2_ex3
---------------------------------------------------------------------------
Número total de imágenes en entrenamiento: 21714
Número total de imágenes en validación: 11996

Clases: ['0', '1', '2', '3', '4', '5', '6', '7', '8', '9']
[0, 2.3026371002197266, 2.302609443664551, 0.10553517937660217, 0.10351192946555392, 0.02747756048450124, '00:52']
[1, 2.3024821281433105, 2.3027522563934326, 0.10220073163509369, 0.1, 0.018544849493268796, '00:38']
[2, 2.3017995357513428, 2.3026018142700195, 0.10220073163509369, 0.1, 0.018544849493268796, '00:39']
[3, 2.3020501136779785, 2.3016786575317383, 0.10220073163509369, 0.1, 0.018544849493268796, '00:53']
[4, 1.1929757595062256, 1.1668156385421753, 0.5985328555107117, 0.5906642111277887, 0.5831782417339124, '00:37']
[5, 0.5949257612228394, 0.85072261095047, 0.7229909896850586, 0.7195495416219927, 0.7144309983132995, '00:37']
[6, 0.47169557213783264, 0.6724123954772949, 0.7854284644126892, 0.7836212823697692, 0.781701412901714, '00:38']
[7, 0.38942310214042664, 0.5639459490776062, 0.8240246772766113, 0.8223317176243743, 0.8212837229583192, '00:37']
[8, 0.3190380036830902, 0.4997500479221344, 0.8437812328338623, 0.8422566613963991, 0.8412294142692807, '00:37']
[9, 0.27693843841552734, 0.43248310685157776, 0.8703734874725342, 0.8692060188754333, 0.8686758733964384, '00:51']
[10, 0.24099498987197876, 0.3942301571369171, 0.8806268572807312, 0.8796512795201872, 0.879367912036267, '00:42']
[11, 0.20125098526477814, 0.35127726197242737, 0.8977992534637451, 0.8968961855473296, 0.8970156057480155, '00:37']
[12, 0.19842886924743652, 0.34503111243247986, 0.8953818082809448, 0.8948382568206938, 0.8943471299156229, '00:39']
[13, 0.18705518543720245, 0.2970479428768158, 0.912387490272522, 0.911714315516887, 0.9116073330023804, '00:37']
[14, 0.18158388137817383, 0.28609099984169006, 0.9144715070724487, 0.9136309196692076, 0.9136763398388906, '00:37']
[15, 0.15268820524215698, 0.2679330110549927, 0.9199733138084412, 0.9193169008659394, 0.9191970082017626, '00:37']
[16, 0.1481466144323349, 0.25722047686576843, 0.924474835395813, 0.9235594210688886, 0.9236094125313434, '00:37']
[17, 0.13481992483139038, 0.24209798872470856, 0.9284761548042297, 0.9277626629092905, 0.9279345885505664, '00:37']
[18, 0.12218406796455383, 0.23324427008628845, 0.9293931126594543, 0.9288192729021439, 0.928672962478142, '00:37']
[19, 0.11006642132997513, 0.2237766534090042, 0.9317272305488586, 0.9312410604504151, 0.9309948595725439, '00:37']
[20, 0.12039916962385178, 0.21760180592536926, 0.9343114495277405, 0.9336610690103735, 0.9337944082054646, '00:39']
[21, 0.11337802559137344, 0.21185708045959473, 0.9359786510467529, 0.935502780597316, 0.9355421651067232, '00:37']
[22, 0.1015939712524414, 0.21070532500743866, 0.9373124241828918, 0.936735349860491, 0.9367460195748375, '00:37']
[23, 0.10414604097604752, 0.20718976855278015, 0.9378959536552429, 0.9373317640246134, 0.9372743701295224, '00:39']
[24, 0.09660515189170837, 0.20303235948085785, 0.9391463994979858, 0.9387073241946411, 0.9385952549150698, '00:37']
[25, 0.09535510092973709, 0.19953706860542297, 0.9401467442512512, 0.9397045448110397, 0.9396211197821399, '00:38']
[26, 0.08892159163951874, 0.19999288022518158, 0.9400633573532104, 0.9396206834523984, 0.9394952846537657, '00:40']
[27, 0.10722523927688599, 0.19860084354877472, 0.9405634999275208, 0.9400459371087295, 0.9400843825958459, '00:37']
[28, 0.09100696444511414, 0.1987438201904297, 0.940396785736084, 0.9398873351738841, 0.93990615324715, '00:39']
[29, 0.1017715260386467, 0.19860683381557465, 0.940313458442688, 0.9397996654123763, 0.9398156500076731, '00:39']

Tiempo de entrenamiento: 1192.13 segundos
/mnt/homeGPU/haoweihu/TFG/lib/python3.10/site-packages/fastai/learner.py:455: UserWarning: load_learner` uses Python's insecure pickle module, which can execute malicious arbitrary code when loading. Only load files you trust.
If you only need to load model weights and optimizer state, use the safe `Learner.load` instead.
  warn("load_learner` uses Python's insecure pickle module, which can execute malicious arbitrary code when loading. Only load files you trust.\nIf you only need to load model weights and optimizer state, use the safe `Learner.load` instead.")
Loss: 0.1986
Accuracy: 0.9403
Recall: 0.9398
F1-Score: 0.9398
Loss: 0.16651347279548645
Accuracy: 0.9476161599159241
Recall (macro): 0.9470197464748648
F1 Score (macro): 0.946980106338916
mail: cannot send message: Process exited with a non-zero status
