---------------------------------------------------------------------------
Ejecutando: cifar_gray_10pct_deep
---------------------------------------------------------------------------
Número total de imágenes en entrenamiento: 4000
Número total de imágenes en validación: 10000

Clases: ['airplane', 'automobile', 'bird', 'cat', 'deer', 'dog', 'frog', 'horse', 'ship', 'truck']
[0, 2.3055691719055176, 2.3042356967926025, 0.10719999670982361, 0.1072, 0.03497316249373304, '02:46']
[1, 2.3039848804473877, 2.300853967666626, 0.10909999907016754, 0.1091, 0.03520194040680491, '01:11']
[2, 2.3028359413146973, 2.2953712940216064, 0.12370000034570694, 0.1237, 0.06413782688674736, '01:03']
[3, 2.3015244007110596, 2.2900965213775635, 0.1453000009059906, 0.1453, 0.10378973893306857, '00:52']
[4, 2.2968742847442627, 2.272826910018921, 0.15160000324249268, 0.1516, 0.09308177563879942, '00:41']
[5, 2.291353702545166, 2.2550411224365234, 0.18469999730587006, 0.1847, 0.13946466557048556, '00:41']
[6, 2.2787723541259766, 2.2121403217315674, 0.1785999983549118, 0.1786, 0.1419371836253724, '00:41']
[7, 2.263319253921509, 2.1987667083740234, 0.17790000140666962, 0.1779, 0.12123217317350483, '00:43']
[8, 2.240328550338745, 2.137648105621338, 0.21150000393390656, 0.21149999999999997, 0.18280735378190424, '00:46']
[9, 2.216881036758423, 2.1117377281188965, 0.2303999960422516, 0.23040000000000002, 0.20441995888586514, '00:48']
[10, 2.1860859394073486, 2.1006858348846436, 0.2475000023841858, 0.2475, 0.22258301627959373, '00:48']
[11, 2.1510214805603027, 2.0706160068511963, 0.24269999563694, 0.2427, 0.2239952677031968, '00:49']
[12, 2.122661828994751, 2.072039842605591, 0.24619999527931213, 0.24620000000000003, 0.22345592309142046, '00:49']
[13, 2.091953992843628, 2.070141315460205, 0.24199999868869781, 0.24200000000000005, 0.23132934004987188, '01:09']
[14, 2.046259641647339, 2.065051555633545, 0.24570000171661377, 0.24569999999999997, 0.22458883142115837, '00:53']
[15, 2.006364107131958, 2.0763957500457764, 0.23659999668598175, 0.23659999999999998, 0.22313665810295916, '00:49']
[16, 1.9755666255950928, 2.0747933387756348, 0.24120000004768372, 0.24120000000000003, 0.22510898812365082, '00:48']
[17, 1.9417566061019897, 2.07718563079834, 0.2418999969959259, 0.24189999999999995, 0.2281559302261323, '01:09']
[18, 1.898526906967163, 2.0765180587768555, 0.24969999492168427, 0.24969999999999998, 0.2400992296596181, '00:53']
[19, 1.8613139390945435, 2.1009628772735596, 0.23770000040531158, 0.23770000000000002, 0.22931372393755325, '00:51']
No improvement since epoch 14: early stopping

Tiempo de entrenamiento: 1160.23 segundos
/mnt/homeGPU/haoweihu/TFG/lib/python3.10/site-packages/fastai/learner.py:455: UserWarning: load_learner` uses Python's insecure pickle module, which can execute malicious arbitrary code when loading. Only load files you trust.
If you only need to load model weights and optimizer state, use the safe `Learner.load` instead.
  warn("load_learner` uses Python's insecure pickle module, which can execute malicious arbitrary code when loading. Only load files you trust.\nIf you only need to load model weights and optimizer state, use the safe `Learner.load` instead.")
Loss: 2.1010
Accuracy: 0.2377
Recall: 0.2377
F1-Score: 0.2293
Loss: 2.080456018447876
Accuracy: 0.24689503014087677
Recall (macro): 0.24686691492955556
F1 Score (macro): 0.23764659419916095
---------------------------------------------------------------------------
Ejecutando: cifar_gray_20pct_deep
---------------------------------------------------------------------------
Número total de imágenes en entrenamiento: 8000
Número total de imágenes en validación: 10000

Clases: ['airplane', 'automobile', 'bird', 'cat', 'deer', 'dog', 'frog', 'horse', 'ship', 'truck']
[0, 2.3037004470825195, 2.3016698360443115, 0.10000000149011612, 0.1, 0.01818181818181818, '02:33']
[1, 2.301208734512329, 2.295909881591797, 0.1281999945640564, 0.1282, 0.05583966309920083, '01:03']
[2, 2.2954483032226562, 2.2685976028442383, 0.17479999363422394, 0.17479999999999998, 0.10032156134213648, '01:04']
[3, 2.277810573577881, 2.203474521636963, 0.20630000531673431, 0.20629999999999998, 0.16585745018802203, '01:11']
[4, 2.257500171661377, 2.1693835258483887, 0.20589999854564667, 0.20590000000000003, 0.15709471905394767, '01:06']
[5, 2.224472761154175, 2.0696182250976562, 0.2614000141620636, 0.26139999999999997, 0.23855858293895826, '01:10']
[6, 2.186383008956909, 2.0006682872772217, 0.2653999924659729, 0.26539999999999997, 0.21768126105629046, '01:04']
[7, 2.1636383533477783, 1.9864991903305054, 0.2750000059604645, 0.275, 0.2400792775313872, '01:02']
[8, 2.1291024684906006, 1.9341015815734863, 0.3050000071525574, 0.305, 0.2617945941646803, '00:58']
[9, 2.111929416656494, 1.913590431213379, 0.31029999256134033, 0.31029999999999996, 0.28425936539608065, '01:00']
[10, 2.0745179653167725, 1.8925402164459229, 0.32269999384880066, 0.32270000000000004, 0.3033877457773483, '01:02']
[11, 2.0473828315734863, 1.8960368633270264, 0.32030001282691956, 0.32030000000000003, 0.3041943841298355, '01:05']
[12, 2.01436710357666, 1.889788269996643, 0.3222000002861023, 0.3222, 0.2984277630459288, '01:04']
[13, 1.9881187677383423, 1.8356863260269165, 0.33980000019073486, 0.3398, 0.31666470414017955, '01:04']
[14, 1.9450911283493042, 1.8279637098312378, 0.33970001339912415, 0.3397, 0.32492751226556005, '01:06']
[15, 1.926138162612915, 1.8027297258377075, 0.3562000095844269, 0.3562, 0.34272375689454826, '01:03']
[16, 1.8856945037841797, 1.79941987991333, 0.35499998927116394, 0.355, 0.3429546904927584, '01:08']
[17, 1.8519529104232788, 1.8064523935317993, 0.35440000891685486, 0.3544, 0.3395023989793705, '01:19']
[18, 1.8309932947158813, 1.796364426612854, 0.35499998927116394, 0.355, 0.34401738337532606, '01:07']
[19, 1.7947964668273926, 1.8020837306976318, 0.3529999852180481, 0.35300000000000004, 0.3411224227330167, '01:05']
[20, 1.760641098022461, 1.8070462942123413, 0.35269999504089355, 0.3527, 0.3368556361302326, '01:04']
[21, 1.7457118034362793, 1.8060693740844727, 0.3537999987602234, 0.3538, 0.3408633840971625, '00:57']
[22, 1.7254443168640137, 1.789855718612671, 0.35929998755455017, 0.3593, 0.3510794226108183, '00:56']
[23, 1.70515775680542, 1.7905349731445312, 0.35740000009536743, 0.3574, 0.34620912584592073, '00:55']
[24, 1.6920924186706543, 1.796888828277588, 0.35740000009536743, 0.35740000000000005, 0.3464246138911221, '00:55']
[25, 1.6667225360870361, 1.7895933389663696, 0.3603000044822693, 0.3603, 0.35175205491355366, '00:53']
[26, 1.6531671285629272, 1.7878068685531616, 0.3617999851703644, 0.3618, 0.3514847516789303, '01:12']
[27, 1.655403733253479, 1.78964102268219, 0.36239999532699585, 0.3624, 0.3542554898475152, '00:56']
[28, 1.6449207067489624, 1.7882285118103027, 0.3628999888896942, 0.36289999999999994, 0.3536560694429955, '00:55']
[29, 1.6554394960403442, 1.7885409593582153, 0.3630000054836273, 0.36300000000000004, 0.3537531711621425, '00:57']

Tiempo de entrenamiento: 1987.59 segundos
/mnt/homeGPU/haoweihu/TFG/lib/python3.10/site-packages/fastai/learner.py:455: UserWarning: load_learner` uses Python's insecure pickle module, which can execute malicious arbitrary code when loading. Only load files you trust.
If you only need to load model weights and optimizer state, use the safe `Learner.load` instead.
  warn("load_learner` uses Python's insecure pickle module, which can execute malicious arbitrary code when loading. Only load files you trust.\nIf you only need to load model weights and optimizer state, use the safe `Learner.load` instead.")
Loss: 1.7885
Accuracy: 0.3630
Recall: 0.3630
F1-Score: 0.3538
Loss: 1.7858513593673706
Accuracy: 0.3684895932674408
Recall (macro): 0.3684793716351728
F1 Score (macro): 0.3574623202930404
---------------------------------------------------------------------------
Ejecutando: cifar_gray_30pct_deep
---------------------------------------------------------------------------
Número total de imágenes en entrenamiento: 12000
Número total de imágenes en validación: 10000

Clases: ['airplane', 'automobile', 'bird', 'cat', 'deer', 'dog', 'frog', 'horse', 'ship', 'truck']
[0, 2.3034019470214844, 2.3022990226745605, 0.10000000149011612, 0.1, 0.01818181818181818, '02:12']
[1, 2.299999952316284, 2.293088436126709, 0.1193000003695488, 0.1193, 0.056970214683335685, '01:06']
[2, 2.2685701847076416, 2.191448211669922, 0.22360000014305115, 0.22360000000000002, 0.19787726778796413, '00:54']
[3, 2.2172787189483643, 2.0739922523498535, 0.2615000009536743, 0.2615, 0.24367447739668507, '00:50']
[4, 2.171574115753174, 1.9885122776031494, 0.2985999882221222, 0.29860000000000003, 0.2769699159245127, '01:03']
[5, 2.14750075340271, 1.975225567817688, 0.29089999198913574, 0.2909, 0.2633707874965585, '00:53']
[6, 2.1254987716674805, 1.9326233863830566, 0.2971999943256378, 0.29719999999999996, 0.27629114852392794, '01:02']
[7, 2.0778205394744873, 1.868348240852356, 0.33480000495910645, 0.3348, 0.31808178142857735, '01:41']
[8, 2.0577890872955322, 1.8770259618759155, 0.3422999978065491, 0.34229999999999994, 0.3276375571927093, '01:11']
[9, 2.014382839202881, 1.819344162940979, 0.3528999984264374, 0.3529, 0.33848165006954856, '01:13']
[10, 1.982338547706604, 1.8128812313079834, 0.35359999537467957, 0.35359999999999997, 0.33914007622085424, '00:58']
[11, 1.9512399435043335, 1.8006361722946167, 0.35580000281333923, 0.3558, 0.3369671797202335, '00:53']
[12, 1.9136133193969727, 1.7843592166900635, 0.36039999127388, 0.36039999999999994, 0.34678540527959567, '00:53']
[13, 1.8699331283569336, 1.7626066207885742, 0.36250001192092896, 0.36249999999999993, 0.3490682665576923, '00:50']
[14, 1.8554538488388062, 1.746767520904541, 0.3698999881744385, 0.3699, 0.35778063223203266, '00:52']
[15, 1.814233422279358, 1.7359566688537598, 0.374099999666214, 0.3741, 0.3583805485419204, '00:49']
[16, 1.7812527418136597, 1.7389723062515259, 0.3781999945640564, 0.3782, 0.36817362844457213, '00:54']
[17, 1.7496976852416992, 1.7545995712280273, 0.3675000071525574, 0.3675, 0.3594000585195118, '01:02']
[18, 1.7280272245407104, 1.7360583543777466, 0.3743000030517578, 0.37429999999999997, 0.36560120521546013, '01:36']
[19, 1.6829863786697388, 1.7516778707504272, 0.36579999327659607, 0.3658, 0.35990010490919355, '00:53']
[20, 1.6643561124801636, 1.7435568571090698, 0.3695000112056732, 0.36949999999999994, 0.3620013040128593, '00:52']
No improvement since epoch 15: early stopping

Tiempo de entrenamiento: 1367.46 segundos
/mnt/homeGPU/haoweihu/TFG/lib/python3.10/site-packages/fastai/learner.py:455: UserWarning: load_learner` uses Python's insecure pickle module, which can execute malicious arbitrary code when loading. Only load files you trust.
If you only need to load model weights and optimizer state, use the safe `Learner.load` instead.
  warn("load_learner` uses Python's insecure pickle module, which can execute malicious arbitrary code when loading. Only load files you trust.\nIf you only need to load model weights and optimizer state, use the safe `Learner.load` instead.")
Loss: 1.7436
Accuracy: 0.3695
Recall: 0.3695
F1-Score: 0.3620
Loss: 1.7389941215515137
Accuracy: 0.36578527092933655
Recall (macro): 0.3657190408539888
F1 Score (macro): 0.35722560659764274
---------------------------------------------------------------------------
Ejecutando: cifar_gray_40pct_deep
---------------------------------------------------------------------------
Número total de imágenes en entrenamiento: 16000
Número total de imágenes en validación: 10000

Clases: ['airplane', 'automobile', 'bird', 'cat', 'deer', 'dog', 'frog', 'horse', 'ship', 'truck']
[0, 2.3021650314331055, 2.300398588180542, 0.1388999968767166, 0.13890000000000002, 0.08885896542635693, '01:53']
[1, 2.293696641921997, 2.2755846977233887, 0.15230000019073486, 0.15230000000000002, 0.10617628084128176, '00:59']
[2, 2.256631374359131, 2.170731544494629, 0.21060000360012054, 0.21059999999999998, 0.1741162275352486, '01:04']
[3, 2.1825122833251953, 2.045182943344116, 0.24330000579357147, 0.24330000000000002, 0.21347719429026188, '00:54']
[4, 2.132993459701538, 1.9651265144348145, 0.29260000586509705, 0.2926, 0.2603049527532265, '00:52']
[5, 2.0948798656463623, 1.9300304651260376, 0.3111000061035156, 0.31110000000000004, 0.28367073968205553, '00:55']
[6, 2.0686185359954834, 1.9009208679199219, 0.3003999888896942, 0.3004, 0.2658144704647428, '00:53']
[7, 2.029465913772583, 1.8517518043518066, 0.3292999863624573, 0.3293, 0.2918312187477638, '01:05']
[8, 1.9871139526367188, 1.8174139261245728, 0.3391000032424927, 0.3391, 0.32373798939051807, '01:21']
[9, 1.9524351358413696, 1.7685681581497192, 0.37450000643730164, 0.3745, 0.35637442017841137, '01:05']
[10, 1.9283380508422852, 1.7692497968673706, 0.36730000376701355, 0.3673, 0.3449984377957142, '00:54']
[11, 1.8881934881210327, 1.7311128377914429, 0.3889999985694885, 0.38899999999999996, 0.37037245076509356, '01:16']
[12, 1.856066346168518, 1.7331933975219727, 0.38269999623298645, 0.3827, 0.3668741327241164, '00:54']
[13, 1.8159693479537964, 1.6647642850875854, 0.40689998865127563, 0.4069, 0.39307958022177636, '00:55']
[14, 1.7886466979980469, 1.6897544860839844, 0.39649999141693115, 0.39649999999999996, 0.38309854194159565, '00:55']
[15, 1.7691688537597656, 1.6712255477905273, 0.39879998564720154, 0.39879999999999993, 0.37906301331091247, '00:51']
[16, 1.7286763191223145, 1.6672871112823486, 0.399399995803833, 0.39940000000000003, 0.385230063680134, '00:51']
[17, 1.7022147178649902, 1.6768282651901245, 0.39809998869895935, 0.3981, 0.3830386065782801, '00:54']
[18, 1.6710940599441528, 1.647168755531311, 0.4133000075817108, 0.4133000000000001, 0.4042661728004286, '00:53']
[19, 1.6460306644439697, 1.6430562734603882, 0.4138000011444092, 0.4138, 0.40292636415437605, '00:57']
[20, 1.6355432271957397, 1.646978497505188, 0.4147000014781952, 0.41469999999999996, 0.40317108937353563, '00:57']
[21, 1.6162868738174438, 1.6548542976379395, 0.40849998593330383, 0.4085, 0.39490982039006184, '01:14']
[22, 1.5866992473602295, 1.6560817956924438, 0.4106000065803528, 0.41059999999999997, 0.3986792568288179, '00:53']
[23, 1.579714059829712, 1.6391109228134155, 0.4203999936580658, 0.4204, 0.41481037878220384, '00:55']
[24, 1.5492491722106934, 1.6465462446212769, 0.4131999909877777, 0.41319999999999996, 0.40202643808593874, '00:51']
[25, 1.5327497720718384, 1.647104263305664, 0.41609999537467957, 0.41609999999999997, 0.40227328173399507, '00:55']
[26, 1.5503405332565308, 1.6470750570297241, 0.41780000925064087, 0.4178, 0.40605491379439973, '01:03']
[27, 1.5325994491577148, 1.6435091495513916, 0.41679999232292175, 0.4168, 0.4060997924344495, '01:30']
[28, 1.5059032440185547, 1.6432466506958008, 0.4172999858856201, 0.4173, 0.406767942106085, '01:15']
No improvement since epoch 23: early stopping

Tiempo de entrenamiento: 1807.98 segundos
/mnt/homeGPU/haoweihu/TFG/lib/python3.10/site-packages/fastai/learner.py:455: UserWarning: load_learner` uses Python's insecure pickle module, which can execute malicious arbitrary code when loading. Only load files you trust.
If you only need to load model weights and optimizer state, use the safe `Learner.load` instead.
  warn("load_learner` uses Python's insecure pickle module, which can execute malicious arbitrary code when loading. Only load files you trust.\nIf you only need to load model weights and optimizer state, use the safe `Learner.load` instead.")
Loss: 1.6432
Accuracy: 0.4173
Recall: 0.4173
F1-Score: 0.4068
Loss: 1.6321048736572266
Accuracy: 0.4168669879436493
Recall (macro): 0.41677325892715433
F1 Score (macro): 0.40603543840305045
---------------------------------------------------------------------------
Ejecutando: cifar_gray_50pct_deep
---------------------------------------------------------------------------
Número total de imágenes en entrenamiento: 20000
Número total de imágenes en validación: 10000

Clases: ['airplane', 'automobile', 'bird', 'cat', 'deer', 'dog', 'frog', 'horse', 'ship', 'truck']
[0, 2.3000078201293945, 2.2955331802368164, 0.14059999585151672, 0.1406, 0.07739608233933867, '01:14']
[1, 2.246333122253418, 2.1757428646087646, 0.2240999937057495, 0.22410000000000002, 0.18539381667107963, '01:00']
[2, 2.179619789123535, 2.0467021465301514, 0.26339998841285706, 0.26339999999999997, 0.23191840797215413, '00:53']
[3, 2.115480422973633, 1.9576048851013184, 0.2858000099658966, 0.2858, 0.2509672119098768, '00:53']
[4, 2.072178363800049, 1.9158235788345337, 0.30390000343322754, 0.30389999999999995, 0.25874805185518507, '00:53']
[5, 2.034092664718628, 1.8596242666244507, 0.3310999870300293, 0.3311, 0.30576808494816193, '00:54']
[6, 2.0138509273529053, 1.8118726015090942, 0.35499998927116394, 0.35500000000000004, 0.32581117470561016, '00:52']
[7, 1.9622275829315186, 1.7750509977340698, 0.3562999963760376, 0.3563, 0.3398528016996304, '00:58']
[8, 1.9221147298812866, 1.7523618936538696, 0.3813000023365021, 0.38130000000000003, 0.3608820481741143, '01:02']
[9, 1.873380422592163, 1.6932615041732788, 0.3921000063419342, 0.3921, 0.3708351221553299, '00:49']
[10, 1.8538695573806763, 1.7062208652496338, 0.39500001072883606, 0.395, 0.382797329541165, '00:49']
[11, 1.8004709482192993, 1.6920266151428223, 0.3952000141143799, 0.3952, 0.38086034939793745, '00:49']
[12, 1.765871524810791, 1.6654034852981567, 0.4016000032424927, 0.4016, 0.3856964678642115, '00:51']
[13, 1.7173190116882324, 1.632059097290039, 0.4189999997615814, 0.41900000000000004, 0.4022440856525221, '00:51']
[14, 1.7037369012832642, 1.658192753791809, 0.40720000863075256, 0.4072, 0.39195826374922876, '00:52']
[15, 1.6855164766311646, 1.6208231449127197, 0.41670000553131104, 0.41669999999999996, 0.4022533080641789, '00:57']
[16, 1.6154175996780396, 1.6337617635726929, 0.41940000653266907, 0.4194, 0.4077017238567283, '00:54']
[17, 1.5985087156295776, 1.6202017068862915, 0.4142000079154968, 0.41419999999999996, 0.40053881413907744, '00:53']
[18, 1.5924979448318481, 1.6295931339263916, 0.42149999737739563, 0.4215, 0.4058311857665924, '00:50']
[19, 1.5544588565826416, 1.6159192323684692, 0.42410001158714294, 0.4241, 0.4180897485292109, '00:51']
[20, 1.5062975883483887, 1.6134727001190186, 0.4255000054836273, 0.4255, 0.4162080930999272, '00:50']
[21, 1.5027159452438354, 1.615012526512146, 0.42559999227523804, 0.42560000000000003, 0.4130729744829512, '00:55']
[22, 1.4504327774047852, 1.6191763877868652, 0.4253000020980835, 0.4253, 0.41623912098587335, '00:54']
[23, 1.4522327184677124, 1.6255642175674438, 0.42579999566078186, 0.4258, 0.41709914392584463, '00:52']
[24, 1.4267362356185913, 1.6237022876739502, 0.42739999294281006, 0.4274, 0.42020470669066656, '00:55']
[25, 1.4086726903915405, 1.6271569728851318, 0.42480000853538513, 0.42479999999999996, 0.4155589448210731, '01:13']
No improvement since epoch 20: early stopping

Tiempo de entrenamiento: 1436.79 segundos
/mnt/homeGPU/haoweihu/TFG/lib/python3.10/site-packages/fastai/learner.py:455: UserWarning: load_learner` uses Python's insecure pickle module, which can execute malicious arbitrary code when loading. Only load files you trust.
If you only need to load model weights and optimizer state, use the safe `Learner.load` instead.
  warn("load_learner` uses Python's insecure pickle module, which can execute malicious arbitrary code when loading. Only load files you trust.\nIf you only need to load model weights and optimizer state, use the safe `Learner.load` instead.")
Loss: 1.6272
Accuracy: 0.4248
Recall: 0.4248
F1-Score: 0.4156
Loss: 1.6418380737304688
Accuracy: 0.4207732379436493
Recall (macro): 0.4207376513636428
F1 Score (macro): 0.4104719614345795
---------------------------------------------------------------------------
Ejecutando: cifar_gray_60pct_deep
---------------------------------------------------------------------------
Número total de imágenes en entrenamiento: 24000
Número total de imágenes en validación: 10000

Clases: ['airplane', 'automobile', 'bird', 'cat', 'deer', 'dog', 'frog', 'horse', 'ship', 'truck']
[0, 2.2993602752685547, 2.2951533794403076, 0.1453000009059906, 0.14529999999999998, 0.07642906661057881, '00:56']
[1, 2.238661050796509, 2.176510810852051, 0.20200000703334808, 0.202, 0.17016972411776926, '01:04']
[2, 2.1382694244384766, 2.0169057846069336, 0.2669999897480011, 0.267, 0.2517372615102788, '01:03']
[3, 2.044025421142578, 1.8958300352096558, 0.3212999999523163, 0.32130000000000003, 0.31302911876808576, '01:02']
[4, 1.9901113510131836, 1.8554173707962036, 0.32670000195503235, 0.32670000000000005, 0.3119929996325067, '01:01']
[5, 1.935883641242981, 1.8382179737091064, 0.3325999975204468, 0.3326, 0.3047772030211999, '01:02']
[6, 1.9107425212860107, 1.7840949296951294, 0.34779998660087585, 0.3478, 0.33488439739123366, '00:59']
[7, 1.8627254962921143, 1.7415496110916138, 0.3779999911785126, 0.378, 0.35288216357522345, '00:59']
[8, 1.828690528869629, 1.6896651983261108, 0.40070000290870667, 0.40070000000000006, 0.3935004708666196, '01:15']
[9, 1.7998970746994019, 1.6697590351104736, 0.40310001373291016, 0.40309999999999996, 0.3873916244355729, '00:59']
[10, 1.765600562095642, 1.649530053138733, 0.41749998927116394, 0.4175, 0.4064172416185037, '00:59']
[11, 1.741119623184204, 1.6155420541763306, 0.4260999858379364, 0.4260999999999999, 0.4210650921452485, '00:59']
[12, 1.686638593673706, 1.6220088005065918, 0.4244999885559082, 0.4245, 0.4047243141954975, '00:58']
[13, 1.665954828262329, 1.6050063371658325, 0.4259999990463257, 0.426, 0.41159778204552727, '00:59']
[14, 1.5981566905975342, 1.6091538667678833, 0.42800000309944153, 0.42800000000000005, 0.41467197472322803, '00:58']
[15, 1.5898449420928955, 1.6015815734863281, 0.4334000051021576, 0.43340000000000006, 0.4180386460838742, '00:59']
[16, 1.556843638420105, 1.5899949073791504, 0.43619999289512634, 0.43620000000000003, 0.4270452584704051, '00:59']
[17, 1.5305538177490234, 1.580338716506958, 0.4422999918460846, 0.4423, 0.4339914077602819, '01:00']
[18, 1.5064189434051514, 1.5749138593673706, 0.44209998846054077, 0.44209999999999994, 0.43326076568548694, '01:09']
[19, 1.4669485092163086, 1.5934133529663086, 0.44110000133514404, 0.44110000000000005, 0.42986442514504414, '00:58']
[20, 1.4192805290222168, 1.585174798965454, 0.4406000077724457, 0.44060000000000005, 0.4328413976765272, '00:56']
[21, 1.4260979890823364, 1.5808159112930298, 0.4433000087738037, 0.4433000000000001, 0.43385852467686725, '00:56']
[22, 1.376948595046997, 1.5935873985290527, 0.44609999656677246, 0.44609999999999994, 0.43714387125820797, '00:56']
[23, 1.3676111698150635, 1.5849708318710327, 0.44699999690055847, 0.44700000000000006, 0.43861834909275477, '00:56']
No improvement since epoch 18: early stopping

Tiempo de entrenamiento: 1453.10 segundos
/mnt/homeGPU/haoweihu/TFG/lib/python3.10/site-packages/fastai/learner.py:455: UserWarning: load_learner` uses Python's insecure pickle module, which can execute malicious arbitrary code when loading. Only load files you trust.
If you only need to load model weights and optimizer state, use the safe `Learner.load` instead.
  warn("load_learner` uses Python's insecure pickle module, which can execute malicious arbitrary code when loading. Only load files you trust.\nIf you only need to load model weights and optimizer state, use the safe `Learner.load` instead.")
Loss: 1.5850
Accuracy: 0.4470
Recall: 0.4470
F1-Score: 0.4386
Loss: 1.562624454498291
Accuracy: 0.45432692766189575
Recall (macro): 0.4543820923305712
F1 Score (macro): 0.4457982909238214
---------------------------------------------------------------------------
Ejecutando: cifar_gray_70pct_deep
---------------------------------------------------------------------------
Número total de imágenes en entrenamiento: 28000
Número total de imágenes en validación: 10000

Clases: ['airplane', 'automobile', 'bird', 'cat', 'deer', 'dog', 'frog', 'horse', 'ship', 'truck']
[0, 2.2821342945098877, 2.2581121921539307, 0.17569999396800995, 0.17570000000000002, 0.13504413396829043, '01:03']
[1, 2.1659762859344482, 2.07853364944458, 0.23340000212192535, 0.2334, 0.2091970157624008, '01:03']
[2, 2.0410101413726807, 1.9319541454315186, 0.29679998755455017, 0.2968, 0.2699985019528162, '01:22']
[3, 2.0090227127075195, 1.8891148567199707, 0.2969000041484833, 0.2969, 0.2768813890214249, '01:19']
[4, 1.966845154762268, 1.8525623083114624, 0.3319999873638153, 0.332, 0.31998722212247493, '01:03']
[5, 1.9209944009780884, 1.7785937786102295, 0.35409998893737793, 0.35409999999999997, 0.3392785756916902, '01:03']
[6, 1.8834316730499268, 1.7442920207977295, 0.3682999908924103, 0.36829999999999996, 0.36532675929100056, '01:29']
[7, 1.821596384048462, 1.6799821853637695, 0.39820000529289246, 0.3982, 0.39495147807168784, '01:12']
[8, 1.7873166799545288, 1.6602569818496704, 0.3970000147819519, 0.39699999999999996, 0.3789313588068527, '01:03']
[9, 1.7477530241012573, 1.6508290767669678, 0.412200003862381, 0.4122, 0.4036734408199469, '01:03']
[10, 1.719249963760376, 1.6796694993972778, 0.40059998631477356, 0.4006, 0.3802789636054476, '01:04']
[11, 1.660452961921692, 1.597954511642456, 0.42910000681877136, 0.4290999999999999, 0.41095707411311133, '01:04']
[12, 1.6259084939956665, 1.5828577280044556, 0.43380001187324524, 0.4338, 0.43056277397235, '01:15']
[13, 1.6106938123703003, 1.5818500518798828, 0.4361000061035156, 0.43610000000000004, 0.4253788078130015, '00:59']
[14, 1.5483249425888062, 1.5626630783081055, 0.4440000057220459, 0.44399999999999995, 0.4393119940481392, '00:59']
[15, 1.5168328285217285, 1.5599887371063232, 0.4438000023365021, 0.4438000000000001, 0.4341780406926685, '01:01']
[16, 1.4959397315979004, 1.5473142862319946, 0.45179998874664307, 0.4518, 0.4435560325177591, '00:59']
[17, 1.4752815961837769, 1.562448263168335, 0.4496999979019165, 0.4497, 0.4435334302236712, '00:59']
[18, 1.4508957862854004, 1.5567699670791626, 0.453900009393692, 0.45389999999999997, 0.44681029411224243, '00:59']
[19, 1.3931218385696411, 1.565327763557434, 0.4489000141620636, 0.44889999999999997, 0.4420440303314705, '01:02']
[20, 1.384731411933899, 1.556657075881958, 0.45730000734329224, 0.45730000000000004, 0.45248011805769284, '01:02']
[21, 1.3548475503921509, 1.556807279586792, 0.453900009393692, 0.45389999999999997, 0.44854949406926525, '01:00']
No improvement since epoch 16: early stopping

Tiempo de entrenamiento: 1456.48 segundos
/mnt/homeGPU/haoweihu/TFG/lib/python3.10/site-packages/fastai/learner.py:455: UserWarning: load_learner` uses Python's insecure pickle module, which can execute malicious arbitrary code when loading. Only load files you trust.
If you only need to load model weights and optimizer state, use the safe `Learner.load` instead.
  warn("load_learner` uses Python's insecure pickle module, which can execute malicious arbitrary code when loading. Only load files you trust.\nIf you only need to load model weights and optimizer state, use the safe `Learner.load` instead.")
Loss: 1.5568
Accuracy: 0.4539
Recall: 0.4539
F1-Score: 0.4485
Loss: 1.5669779777526855
Accuracy: 0.4592347741127014
Recall (macro): 0.4591910725267089
F1 Score (macro): 0.45270744316666534
---------------------------------------------------------------------------
Ejecutando: cifar_gray_80pct_deep
---------------------------------------------------------------------------
Número total de imágenes en entrenamiento: 32000
Número total de imágenes en validación: 10000

Clases: ['airplane', 'automobile', 'bird', 'cat', 'deer', 'dog', 'frog', 'horse', 'ship', 'truck']
[0, 2.2770884037017822, 2.2586328983306885, 0.1664000004529953, 0.16639999999999996, 0.13644933586694535, '01:28']
[1, 2.157444477081299, 2.0884957313537598, 0.265500009059906, 0.2655, 0.24423335890598014, '01:06']
[2, 2.0138120651245117, 1.9305171966552734, 0.29350000619888306, 0.2935, 0.26837160561691903, '01:06']
[3, 1.9344843626022339, 1.8419970273971558, 0.3314000070095062, 0.33140000000000003, 0.3162035432342488, '01:07']
[4, 1.8849265575408936, 1.7756586074829102, 0.3564000129699707, 0.35639999999999994, 0.33720332102858785, '01:06']
[5, 1.8290168046951294, 1.7427068948745728, 0.37470000982284546, 0.3747, 0.36472685822749584, '01:06']
[6, 1.7533042430877686, 1.720026969909668, 0.38280001282691956, 0.3828, 0.3736410219102292, '01:05']
[7, 1.733134388923645, 1.6589618921279907, 0.40149998664855957, 0.40149999999999997, 0.39947889553646065, '01:06']
[8, 1.6849579811096191, 1.6389328241348267, 0.4138999879360199, 0.41389999999999993, 0.39781892411097286, '01:05']
[9, 1.6491702795028687, 1.5942941904067993, 0.43389999866485596, 0.43390000000000006, 0.4297446734505712, '01:05']
[10, 1.5855439901351929, 1.566637396812439, 0.4408999979496002, 0.44089999999999996, 0.4255764181236623, '01:05']
[11, 1.5479165315628052, 1.5399223566055298, 0.4514000117778778, 0.4514, 0.44504775447121725, '01:07']
[12, 1.5184556245803833, 1.5191766023635864, 0.45509999990463257, 0.4551, 0.4407934562419632, '01:05']
[13, 1.4818923473358154, 1.5151021480560303, 0.46389999985694885, 0.46390000000000003, 0.45137411257264837, '01:06']
[14, 1.4393821954727173, 1.506714105606079, 0.4674000144004822, 0.4673999999999999, 0.46520327576845644, '01:05']
[15, 1.4251868724822998, 1.4965276718139648, 0.47189998626708984, 0.47189999999999993, 0.4676505898292194, '01:07']
[16, 1.3882269859313965, 1.474947452545166, 0.4828999936580658, 0.4829, 0.4790173690861247, '01:05']
[17, 1.350196123123169, 1.488127589225769, 0.4771000146865845, 0.47709999999999997, 0.4758724081975105, '01:06']
[18, 1.316114902496338, 1.509670376777649, 0.4731999933719635, 0.47319999999999995, 0.46962843078458383, '01:06']
[19, 1.308644413948059, 1.4794437885284424, 0.48429998755455017, 0.4843, 0.4804669869920274, '01:26']
[20, 1.2708780765533447, 1.483397126197815, 0.4805000126361847, 0.48050000000000004, 0.4734407816209039, '01:11']
[21, 1.2580711841583252, 1.4841833114624023, 0.48750001192092896, 0.4875, 0.4831995639658982, '01:07']
No improvement since epoch 16: early stopping

Tiempo de entrenamiento: 1505.25 segundos
/mnt/homeGPU/haoweihu/TFG/lib/python3.10/site-packages/fastai/learner.py:455: UserWarning: load_learner` uses Python's insecure pickle module, which can execute malicious arbitrary code when loading. Only load files you trust.
If you only need to load model weights and optimizer state, use the safe `Learner.load` instead.
  warn("load_learner` uses Python's insecure pickle module, which can execute malicious arbitrary code when loading. Only load files you trust.\nIf you only need to load model weights and optimizer state, use the safe `Learner.load` instead.")
Loss: 1.4842
Accuracy: 0.4875
Recall: 0.4875
F1-Score: 0.4832
Loss: 1.4922292232513428
Accuracy: 0.4802684187889099
Recall (macro): 0.4802728180322271
F1 Score (macro): 0.47586326495612374
---------------------------------------------------------------------------
Ejecutando: cifar_gray_90pct_deep
---------------------------------------------------------------------------
Número total de imágenes en entrenamiento: 36000
Número total de imágenes en validación: 10000

Clases: ['airplane', 'automobile', 'bird', 'cat', 'deer', 'dog', 'frog', 'horse', 'ship', 'truck']
[0, 2.251176357269287, 2.2221922874450684, 0.18070000410079956, 0.18069999999999997, 0.14375399500339534, '02:01']
[1, 2.0652637481689453, 2.0149340629577637, 0.27549999952316284, 0.27549999999999997, 0.23905615533742117, '01:11']
[2, 1.948928713798523, 1.9301387071609497, 0.30379998683929443, 0.3038, 0.29281708367174497, '01:11']
[3, 1.883593201637268, 1.8238064050674438, 0.3458999991416931, 0.3459, 0.3393106004711609, '01:10']
[4, 1.8350335359573364, 1.816428303718567, 0.34549999237060547, 0.34550000000000003, 0.32518850047748554, '01:11']
[5, 1.771259069442749, 1.7632523775100708, 0.3662000000476837, 0.3662, 0.3492865020015713, '01:11']
[6, 1.7212011814117432, 1.6900254487991333, 0.4016000032424927, 0.4016, 0.39752307258256814, '01:11']
[7, 1.7104259729385376, 1.670015811920166, 0.40689998865127563, 0.4069, 0.40177927719942164, '01:12']
[8, 1.6471763849258423, 1.6454613208770752, 0.41130000352859497, 0.41130000000000005, 0.4076165262723766, '01:11']
[9, 1.601319432258606, 1.6054356098175049, 0.42570000886917114, 0.42569999999999997, 0.42265547026538053, '01:12']
[10, 1.5672712326049805, 1.614401936531067, 0.4242999851703644, 0.42429999999999995, 0.4212080740975986, '01:12']
[11, 1.542485237121582, 1.5797648429870605, 0.4462999999523163, 0.4462999999999999, 0.4348728236093914, '01:11']
[12, 1.503661036491394, 1.570337176322937, 0.4481000006198883, 0.4481, 0.4407630550748684, '01:11']
[13, 1.466030478477478, 1.5493154525756836, 0.453000009059906, 0.453, 0.45022991568427706, '01:12']
[14, 1.4408209323883057, 1.5493152141571045, 0.4478999972343445, 0.4479, 0.4431832923611109, '01:12']
[15, 1.4334088563919067, 1.5341556072235107, 0.45829999446868896, 0.4583000000000001, 0.45590013196826185, '01:12']
[16, 1.3783345222473145, 1.530411720275879, 0.4580000042915344, 0.458, 0.45540990830253536, '01:12']
[17, 1.3535511493682861, 1.5305354595184326, 0.46000000834465027, 0.45999999999999996, 0.45679403800950247, '01:12']
[18, 1.3101983070373535, 1.5345354080200195, 0.45840001106262207, 0.45840000000000003, 0.4527564459322921, '01:14']
[19, 1.2957929372787476, 1.52468740940094, 0.46889999508857727, 0.4689, 0.46149362608515015, '01:15']
[20, 1.2880269289016724, 1.527449131011963, 0.46860000491142273, 0.46860000000000007, 0.46301575158332453, '01:12']
[21, 1.256474256515503, 1.538974404335022, 0.46939998865127563, 0.4694, 0.463466279223588, '01:12']
[22, 1.211716890335083, 1.5408906936645508, 0.46560001373291016, 0.46559999999999996, 0.46090093023887063, '01:11']
[23, 1.2059394121170044, 1.5381968021392822, 0.47209998965263367, 0.4721, 0.4689235662019405, '01:11']
[24, 1.1862537860870361, 1.5411981344223022, 0.46939998865127563, 0.4694, 0.46442933267158065, '01:12']
No improvement since epoch 19: early stopping

Tiempo de entrenamiento: 1852.61 segundos
/mnt/homeGPU/haoweihu/TFG/lib/python3.10/site-packages/fastai/learner.py:455: UserWarning: load_learner` uses Python's insecure pickle module, which can execute malicious arbitrary code when loading. Only load files you trust.
If you only need to load model weights and optimizer state, use the safe `Learner.load` instead.
  warn("load_learner` uses Python's insecure pickle module, which can execute malicious arbitrary code when loading. Only load files you trust.\nIf you only need to load model weights and optimizer state, use the safe `Learner.load` instead.")
Loss: 1.5412
Accuracy: 0.4694
Recall: 0.4694
F1-Score: 0.4644
Loss: 1.5714876651763916
Accuracy: 0.4655448794364929
Recall (macro): 0.4655800559656636
F1 Score (macro): 0.4602696373378211
mail: cannot send message: Process exited with a non-zero status
