---------------------------------------------------------------------------
Ejecutando: fmnist_10pct_deep
---------------------------------------------------------------------------
Número total de imágenes en entrenamiento: 4320
Número total de imágenes en validación: 10800

Clases: ['Ankle boot', 'Bag', 'Coat', 'Dress', 'Pullover', 'Sandal', 'Shirt', 'Sneaker', 'Trouser']
[0, 2.2864725589752197, 2.2777953147888184, 0.1111111119389534, 0.1111111111111111, 0.022222222222222223, '03:14']
[1, 2.23551082611084, 2.0914692878723145, 0.27666667103767395, 0.27666666666666667, 0.16631330395853144, '01:08']
[2, 1.8165364265441895, 1.2092996835708618, 0.5074074268341064, 0.5074074074074074, 0.4325229956113609, '00:56']
[3, 1.522064208984375, 1.0777788162231445, 0.6071296334266663, 0.6071296296296296, 0.5694068879248565, '00:45']
[4, 1.3699979782104492, 0.9453667402267456, 0.646481454372406, 0.6464814814814814, 0.5968043213581598, '00:44']
[5, 1.291859745979309, 0.9035772085189819, 0.6219444274902344, 0.6219444444444444, 0.5706146430633481, '00:45']
[6, 1.2255438566207886, 0.845757007598877, 0.627407431602478, 0.6274074074074074, 0.5789121156245263, '00:49']
[7, 1.1659355163574219, 0.7869978547096252, 0.669259250164032, 0.6692592592592592, 0.635222134127652, '00:53']
[8, 1.1246832609176636, 0.7518788576126099, 0.6807407140731812, 0.6807407407407408, 0.6516945943666558, '00:53']
[9, 1.0881935358047485, 0.702510416507721, 0.7459259033203125, 0.745925925925926, 0.7242381833788938, '00:53']
[10, 1.0640201568603516, 0.7282649278640747, 0.7199074029922485, 0.7199074074074074, 0.6920668116263672, '00:54']
[11, 1.0305759906768799, 0.6806037425994873, 0.7289814949035645, 0.7289814814814815, 0.7033618498971282, '01:13']
[12, 0.9990316033363342, 0.6707926392555237, 0.7452777624130249, 0.7452777777777777, 0.7393811775707058, '00:58']
[13, 0.9627588391304016, 0.6093771457672119, 0.7773148417472839, 0.7773148148148148, 0.7633685961885643, '00:54']
[14, 0.9500756859779358, 0.6021897792816162, 0.7785184979438782, 0.7785185185185185, 0.7646871412428292, '00:56']
[15, 0.9200601577758789, 0.6452711224555969, 0.7444444298744202, 0.7444444444444444, 0.7273200374347045, '01:13']
[16, 0.8881222009658813, 0.5725242495536804, 0.7855555415153503, 0.7855555555555555, 0.7682866209543544, '00:55']
[17, 0.8729825019836426, 0.5765541195869446, 0.7728703618049622, 0.7728703703703703, 0.7632516604978145, '00:55']
[18, 0.8511316180229187, 0.5481123924255371, 0.7926852107048035, 0.792685185185185, 0.7831303392588564, '01:09']
[19, 0.8393752574920654, 0.5549938082695007, 0.7972221970558167, 0.7972222222222223, 0.7823762597040859, '01:04']
[20, 0.8224449157714844, 0.5388695001602173, 0.801111102104187, 0.8011111111111111, 0.7942288993128118, '00:55']
[21, 0.8087282776832581, 0.5324438214302063, 0.8077777624130249, 0.8077777777777777, 0.8000553117707371, '00:56']
[22, 0.7998332977294922, 0.5284368991851807, 0.806851863861084, 0.8068518518518519, 0.7992402978080045, '00:55']
[23, 0.7811090350151062, 0.5351890325546265, 0.8054629564285278, 0.8054629629629629, 0.7949380016056553, '00:54']
[24, 0.7752611041069031, 0.5377097129821777, 0.8021296262741089, 0.8021296296296296, 0.7917809033807502, '01:02']
[25, 0.766413688659668, 0.532241940498352, 0.8048148155212402, 0.8048148148148148, 0.7949909281918739, '00:57']
[26, 0.7625628113746643, 0.5308327078819275, 0.8051851987838745, 0.8051851851851851, 0.7944743894648281, '00:58']
[27, 0.7568162679672241, 0.5275527834892273, 0.8054629564285278, 0.8054629629629629, 0.7960771772464903, '00:57']
[28, 0.752962589263916, 0.5270229578018188, 0.8064814805984497, 0.8064814814814816, 0.7963677362731723, '00:53']
[29, 0.7478517293930054, 0.5264796018600464, 0.8071296215057373, 0.8071296296296296, 0.79716177976657, '00:50']

Tiempo de entrenamiento: 1841.50 segundos
/mnt/homeGPU/haoweihu/TFG/lib/python3.10/site-packages/fastai/learner.py:455: UserWarning: load_learner` uses Python's insecure pickle module, which can execute malicious arbitrary code when loading. Only load files you trust.
If you only need to load model weights and optimizer state, use the safe `Learner.load` instead.
  warn("load_learner` uses Python's insecure pickle module, which can execute malicious arbitrary code when loading. Only load files you trust.\nIf you only need to load model weights and optimizer state, use the safe `Learner.load` instead.")
Loss: 0.5265
Accuracy: 0.8071
Recall: 0.8071
F1-Score: 0.7972
Loss: 2.5290820598602295
Accuracy: 0.7221554517745972
Recall (macro): 0.7220613775032352
F1 Score (macro): 0.6885809091135041
---------------------------------------------------------------------------
Ejecutando: fmnist_20pct_deep
---------------------------------------------------------------------------
Número total de imágenes en entrenamiento: 8640
Número total de imágenes en validación: 10800

Clases: ['Ankle boot', 'Bag', 'Coat', 'Dress', 'Pullover', 'Sandal', 'Shirt', 'Sneaker', 'Trouser']
[0, 2.271915912628174, 2.2304205894470215, 0.3364814817905426, 0.3364814814814815, 0.2496791932526576, '02:44']
[1, 1.702494740486145, 1.176504373550415, 0.5343518257141113, 0.5343518518518519, 0.4590586019299204, '01:09']
[2, 1.2403923273086548, 0.8950006365776062, 0.6200925707817078, 0.6200925925925925, 0.5809323326474669, '01:11']
[3, 1.118048071861267, 0.7778092622756958, 0.7105555534362793, 0.7105555555555555, 0.6963255505242608, '01:11']
[4, 1.0536936521530151, 0.7513754963874817, 0.6924074292182922, 0.6924074074074075, 0.6772609047840132, '01:16']
[5, 1.0090453624725342, 0.684301495552063, 0.7460185289382935, 0.7460185185185186, 0.7417493976387048, '01:22']
[6, 0.9536957740783691, 0.6813910007476807, 0.7269444465637207, 0.7269444444444445, 0.7049118463486094, '01:13']
[7, 0.9051077961921692, 0.6184516549110413, 0.7593518495559692, 0.7593518518518518, 0.7541505451807158, '01:11']
[8, 0.8734297752380371, 0.6088916659355164, 0.7643518447875977, 0.7643518518518518, 0.7579032003947866, '01:05']
[9, 0.8256239295005798, 0.5199503302574158, 0.7953703999519348, 0.7953703703703704, 0.7875433075511293, '01:02']
[10, 0.785872757434845, 0.5431978702545166, 0.7901852130889893, 0.7901851851851851, 0.786338472441483, '01:01']
[11, 0.7555667757987976, 0.5288188457489014, 0.7695370316505432, 0.769537037037037, 0.7543713847854554, '00:59']
[12, 0.7280868887901306, 0.47683417797088623, 0.8109259009361267, 0.8109259259259258, 0.7978161078388827, '00:58']
[13, 0.7015537619590759, 0.4893808364868164, 0.8145370483398438, 0.8145370370370371, 0.8052738229736542, '01:17']
[14, 0.7086024284362793, 0.5255809426307678, 0.7891666889190674, 0.7891666666666667, 0.7813220721512164, '01:01']
[15, 0.6778745055198669, 0.47316986322402954, 0.8143518567085266, 0.8143518518518519, 0.8055636556625985, '01:00']
[16, 0.6429087519645691, 0.4473348557949066, 0.8215740919113159, 0.821574074074074, 0.8114419062193089, '01:04']
[17, 0.6278643608093262, 0.4250260889530182, 0.8393518328666687, 0.8393518518518519, 0.8362904196263905, '01:16']
[18, 0.596686840057373, 0.4409780502319336, 0.8325926065444946, 0.8325925925925926, 0.8250370812803981, '01:07']
[19, 0.5869444012641907, 0.41839146614074707, 0.8400925993919373, 0.8400925925925926, 0.8340142035895839, '00:57']
[20, 0.5891386866569519, 0.42436450719833374, 0.8400925993919373, 0.8400925925925926, 0.8344816906321035, '01:00']
[21, 0.5598059892654419, 0.4091602563858032, 0.845370352268219, 0.8453703703703703, 0.8408169339133054, '00:50']
[22, 0.5430225729942322, 0.4031437039375305, 0.8438888788223267, 0.8438888888888889, 0.8390872415176946, '00:43']
[23, 0.5451030135154724, 0.40931034088134766, 0.8387036919593811, 0.8387037037037036, 0.8327690508849409, '00:42']
[24, 0.5265640020370483, 0.4028579890727997, 0.8442592620849609, 0.8442592592592592, 0.8398938272665587, '01:00']
[25, 0.5198889374732971, 0.4031299650669098, 0.8462963104248047, 0.8462962962962963, 0.842474126404468, '00:40']
[26, 0.5143986940383911, 0.398274689912796, 0.8452777862548828, 0.8452777777777778, 0.8403657640271659, '00:51']
[27, 0.5117771029472351, 0.3958887755870819, 0.8479629755020142, 0.847962962962963, 0.8437731807839614, '01:30']
[28, 0.5111071467399597, 0.39671581983566284, 0.8469444513320923, 0.8469444444444445, 0.8425706857154442, '01:12']
[29, 0.49910181760787964, 0.39749425649642944, 0.846666693687439, 0.8466666666666668, 0.8422093950242245, '01:06']

Tiempo de entrenamiento: 2033.15 segundos
/mnt/homeGPU/haoweihu/TFG/lib/python3.10/site-packages/fastai/learner.py:455: UserWarning: load_learner` uses Python's insecure pickle module, which can execute malicious arbitrary code when loading. Only load files you trust.
If you only need to load model weights and optimizer state, use the safe `Learner.load` instead.
  warn("load_learner` uses Python's insecure pickle module, which can execute malicious arbitrary code when loading. Only load files you trust.\nIf you only need to load model weights and optimizer state, use the safe `Learner.load` instead.")
Loss: 0.3975
Accuracy: 0.8467
Recall: 0.8467
F1-Score: 0.8422
Loss: 2.925279378890991
Accuracy: 0.7557091116905212
Recall (macro): 0.7559037453799027
F1 Score (macro): 0.7258896589063326
---------------------------------------------------------------------------
Ejecutando: fmnist_30pct_deep
---------------------------------------------------------------------------
Número total de imágenes en entrenamiento: 12960
Número total de imágenes en validación: 10800

Clases: ['Ankle boot', 'Bag', 'Coat', 'Dress', 'Pullover', 'Sandal', 'Shirt', 'Sneaker', 'Trouser']
[0, 2.2380666732788086, 2.1636171340942383, 0.14157406985759735, 0.14157407407407407, 0.050765090556935656, '02:17']
[1, 1.3832834959030151, 1.0215959548950195, 0.589722216129303, 0.5897222222222223, 0.5272463556142744, '00:52']
[2, 1.03779137134552, 0.7647433876991272, 0.7162963151931763, 0.7162962962962962, 0.7001230253163174, '00:52']
[3, 0.948210597038269, 0.6944921016693115, 0.7475000023841858, 0.7475, 0.7363654600325522, '00:53']
[4, 0.8701895475387573, 0.6463956236839294, 0.7585185170173645, 0.7585185185185185, 0.7467325520016268, '00:58']
[5, 0.8114688396453857, 0.5795801877975464, 0.7913888692855835, 0.7913888888888889, 0.7781230419066154, '00:59']
[6, 0.7467756867408752, 0.5290167331695557, 0.8039814829826355, 0.8039814814814815, 0.8018333439624511, '01:39']
[7, 0.7053726315498352, 0.5091322660446167, 0.8139814734458923, 0.8139814814814814, 0.8052102126467156, '00:51']
[8, 0.6843223571777344, 0.45604199171066284, 0.8276851773262024, 0.8276851851851852, 0.8273275929524274, '00:54']
[9, 0.6301134824752808, 0.41990169882774353, 0.8371296525001526, 0.8371296296296297, 0.8341341784553115, '00:50']
[10, 0.6247580051422119, 0.45846110582351685, 0.8324999809265137, 0.8325, 0.8236406051629391, '00:50']
[11, 0.5884751677513123, 0.40800735354423523, 0.840833306312561, 0.8408333333333333, 0.83613827476298, '00:53']
[12, 0.5555088520050049, 0.3955717384815216, 0.8482407331466675, 0.8482407407407407, 0.8420721025540486, '00:50']
[13, 0.5634991526603699, 0.3818802535533905, 0.853518545627594, 0.8535185185185186, 0.8512155700260583, '00:59']
[14, 0.5233926177024841, 0.38970473408699036, 0.8395370244979858, 0.839537037037037, 0.8308554448533334, '00:45']
[15, 0.5181451439857483, 0.38197293877601624, 0.8547222018241882, 0.8547222222222222, 0.8504643746314753, '00:45']
[16, 0.5120418071746826, 0.3838769197463989, 0.8537963032722473, 0.8537962962962964, 0.8511660909355958, '00:48']
[17, 0.47676026821136475, 0.36971423029899597, 0.8696296215057373, 0.8696296296296296, 0.8703647839390757, '00:43']
[18, 0.45838993787765503, 0.3631802201271057, 0.8561111092567444, 0.8561111111111112, 0.854931064644521, '00:44']
[19, 0.44299933314323425, 0.3535284698009491, 0.8645370602607727, 0.8645370370370371, 0.862553540632952, '00:49']
[20, 0.4263497591018677, 0.35295307636260986, 0.8626852035522461, 0.8626851851851851, 0.8591209867983172, '01:26']
[21, 0.41815924644470215, 0.35087233781814575, 0.8657407164573669, 0.8657407407407407, 0.8638862140776461, '00:57']
[22, 0.40190163254737854, 0.3573833405971527, 0.8588888645172119, 0.8588888888888888, 0.855936287336826, '00:44']
[23, 0.4085882604122162, 0.3524107336997986, 0.8611111044883728, 0.8611111111111112, 0.8580156797502227, '00:52']
[24, 0.3996615409851074, 0.34982579946517944, 0.8627777695655823, 0.8627777777777778, 0.8603764263899695, '01:07']
[25, 0.38410326838493347, 0.34164074063301086, 0.868148148059845, 0.8681481481481481, 0.8667179181730765, '00:43']
[26, 0.3785054683685303, 0.340734601020813, 0.869259238243103, 0.8692592592592594, 0.8679053466751265, '00:48']
[27, 0.38106995820999146, 0.342443585395813, 0.8659259080886841, 0.865925925925926, 0.8639714988663353, '00:44']
[28, 0.38312119245529175, 0.3429740071296692, 0.8656481504440308, 0.8656481481481482, 0.8634424835941297, '00:45']
[29, 0.3734375834465027, 0.3428157866001129, 0.8656481504440308, 0.8656481481481483, 0.8634265275354062, '00:43']

Tiempo de entrenamiento: 1696.03 segundos
/mnt/homeGPU/haoweihu/TFG/lib/python3.10/site-packages/fastai/learner.py:455: UserWarning: load_learner` uses Python's insecure pickle module, which can execute malicious arbitrary code when loading. Only load files you trust.
If you only need to load model weights and optimizer state, use the safe `Learner.load` instead.
  warn("load_learner` uses Python's insecure pickle module, which can execute malicious arbitrary code when loading. Only load files you trust.\nIf you only need to load model weights and optimizer state, use the safe `Learner.load` instead.")
Loss: 0.3428
Accuracy: 0.8656
Recall: 0.8656
F1-Score: 0.8634
Loss: 2.788480520248413
Accuracy: 0.7753405570983887
Recall (macro): 0.7752102091733668
F1 Score (macro): 0.7443847771036368
---------------------------------------------------------------------------
Ejecutando: fmnist_40pct_deep
---------------------------------------------------------------------------
Número total de imágenes en entrenamiento: 17280
Número total de imágenes en validación: 10800

Clases: ['Ankle boot', 'Bag', 'Coat', 'Dress', 'Pullover', 'Sandal', 'Shirt', 'Sneaker', 'Trouser']
[0, 2.194499969482422, 2.0981340408325195, 0.2559259235858917, 0.2559259259259259, 0.14241555888783108, '02:00']
[1, 1.200129508972168, 0.9844241738319397, 0.5800926089286804, 0.5800925925925926, 0.5426617359733364, '00:55']
[2, 0.9942108392715454, 0.8382239937782288, 0.6796296238899231, 0.6796296296296297, 0.6563920305308957, '01:21']
[3, 0.9116934537887573, 0.7265422940254211, 0.7362962961196899, 0.7362962962962963, 0.7250823312784083, '00:51']
[4, 0.8278301954269409, 0.6317192316055298, 0.7667592763900757, 0.7667592592592594, 0.7584072757360644, '00:56']
[5, 0.7599075436592102, 0.6025459170341492, 0.7709259390830994, 0.7709259259259259, 0.7609994220561754, '00:52']
[6, 0.7042398452758789, 0.5661937594413757, 0.7729629874229431, 0.772962962962963, 0.7569080036173725, '00:51']
[7, 0.6602634787559509, 0.5299583077430725, 0.7990740537643433, 0.799074074074074, 0.7925460419227713, '01:00']
[8, 0.6120497584342957, 0.5074527263641357, 0.8103703856468201, 0.8103703703703703, 0.8008212568528263, '01:18']
[9, 0.5677552223205566, 0.4303520619869232, 0.8333333134651184, 0.8333333333333333, 0.8295230632173434, '01:24']
[10, 0.5407264232635498, 0.41343432664871216, 0.8381481766700745, 0.8381481481481481, 0.833950476012935, '01:06']
[11, 0.5356716513633728, 0.40097230672836304, 0.8485184907913208, 0.8485185185185186, 0.8453362809607177, '01:08']
[12, 0.5090016722679138, 0.39108964800834656, 0.8454629778862, 0.8454629629629631, 0.8392749479065393, '00:52']
[13, 0.48231804370880127, 0.3849054276943207, 0.8474074006080627, 0.8474074074074074, 0.8436614664805961, '00:49']
[14, 0.4588865339756012, 0.3754456043243408, 0.8518518805503845, 0.8518518518518519, 0.8503587459582665, '00:45']
[15, 0.444460928440094, 0.35277867317199707, 0.8662037253379822, 0.8662037037037036, 0.8654111404808611, '00:45']
[16, 0.43222180008888245, 0.3646508455276489, 0.8556481599807739, 0.8556481481481482, 0.8535479742750883, '00:45']
[17, 0.41132885217666626, 0.3474160432815552, 0.8694444298744202, 0.8694444444444444, 0.8674039622092038, '00:46']
[18, 0.4015491306781769, 0.34396541118621826, 0.8697222471237183, 0.8697222222222222, 0.8677316867945267, '00:43']
[19, 0.40965402126312256, 0.3573778569698334, 0.8593518733978271, 0.8593518518518518, 0.8563624567426015, '00:43']
[20, 0.3666798770427704, 0.3465332090854645, 0.8664814829826355, 0.8664814814814815, 0.8630649165275074, '01:03']
[21, 0.36444002389907837, 0.33958032727241516, 0.8731481432914734, 0.8731481481481481, 0.8724856959503615, '00:43']
[22, 0.364406555891037, 0.3320910930633545, 0.8801851868629456, 0.8801851851851852, 0.879772133053482, '00:41']
[23, 0.34173715114593506, 0.33516669273376465, 0.8766666650772095, 0.8766666666666666, 0.8760619308376905, '00:42']
[24, 0.34681007266044617, 0.3347318768501282, 0.875, 0.875, 0.8737537671883757, '00:41']
[25, 0.3177703619003296, 0.3317336142063141, 0.8763889074325562, 0.8763888888888889, 0.8760291194843173, '00:42']
[26, 0.33070850372314453, 0.33465588092803955, 0.8751851916313171, 0.8751851851851852, 0.8737988014016326, '00:43']
[27, 0.3380737006664276, 0.32867977023124695, 0.8781481385231018, 0.8781481481481481, 0.8774675732778547, '00:42']
[28, 0.3265717625617981, 0.3308064937591553, 0.8759258985519409, 0.875925925925926, 0.8749718682443864, '00:43']
[29, 0.33164989948272705, 0.3307778835296631, 0.8758333325386047, 0.8758333333333334, 0.8748506595467596, '00:48']

Tiempo de entrenamiento: 1650.78 segundos
/mnt/homeGPU/haoweihu/TFG/lib/python3.10/site-packages/fastai/learner.py:455: UserWarning: load_learner` uses Python's insecure pickle module, which can execute malicious arbitrary code when loading. Only load files you trust.
If you only need to load model weights and optimizer state, use the safe `Learner.load` instead.
  warn("load_learner` uses Python's insecure pickle module, which can execute malicious arbitrary code when loading. Only load files you trust.\nIf you only need to load model weights and optimizer state, use the safe `Learner.load` instead.")
Loss: 0.3308
Accuracy: 0.8758
Recall: 0.8758
F1-Score: 0.8749
Loss: 3.1208412647247314
Accuracy: 0.7870593070983887
Recall (macro): 0.7870944564575683
F1 Score (macro): 0.7573674590124397
---------------------------------------------------------------------------
Ejecutando: fmnist_50pct_deep
---------------------------------------------------------------------------
Número total de imágenes en entrenamiento: 21600
Número total de imágenes en validación: 10800

Clases: ['Ankle boot', 'Bag', 'Coat', 'Dress', 'Pullover', 'Sandal', 'Shirt', 'Sneaker', 'Trouser']
[0, 1.9060516357421875, 1.6759761571884155, 0.45407408475875854, 0.4540740740740741, 0.38838554582763524, '01:11']
[1, 1.0072709321975708, 0.8240681886672974, 0.6873148083686829, 0.6873148148148149, 0.6750555423227241, '00:48']
[2, 0.8741858601570129, 0.6891337633132935, 0.7452777624130249, 0.7452777777777777, 0.7377171807452378, '00:48']
[3, 0.7820156216621399, 0.6168187856674194, 0.7585185170173645, 0.7585185185185186, 0.7504542225599918, '00:49']
[4, 0.7268943190574646, 0.5696894526481628, 0.7830555438995361, 0.7830555555555556, 0.7768386313474399, '00:52']
[5, 0.6390392780303955, 0.5099838376045227, 0.8028703927993774, 0.8028703703703705, 0.8003256352102012, '00:54']
[6, 0.6004984378814697, 0.45217788219451904, 0.8218518495559692, 0.8218518518518517, 0.821201455441611, '00:51']
[7, 0.5513138771057129, 0.43491682410240173, 0.8337963223457336, 0.8337962962962963, 0.8307418692629477, '00:52']
[8, 0.5243420600891113, 0.3990265130996704, 0.8588888645172119, 0.8588888888888888, 0.8596506837345333, '01:12']
[9, 0.5009357333183289, 0.3760930597782135, 0.8654629588127136, 0.8654629629629631, 0.8640911636639934, '00:53']
[10, 0.4632771909236908, 0.3622119724750519, 0.8644444346427917, 0.8644444444444443, 0.8643543918571248, '00:48']
[11, 0.4491475522518158, 0.35840222239494324, 0.8696296215057373, 0.8696296296296295, 0.8683337586373203, '00:51']
[12, 0.43658870458602905, 0.37149113416671753, 0.8547222018241882, 0.8547222222222222, 0.8505065177146601, '00:57']
[13, 0.425433874130249, 0.34660476446151733, 0.8674073815345764, 0.8674074074074074, 0.8658413995582634, '00:51']
[14, 0.39844200015068054, 0.3714897036552429, 0.8548148274421692, 0.8548148148148148, 0.8467369762885822, '00:50']
[15, 0.3877926170825958, 0.3269079923629761, 0.8837962746620178, 0.8837962962962963, 0.8833609683929068, '00:49']
[16, 0.3699326515197754, 0.32643184065818787, 0.8814814686775208, 0.8814814814814815, 0.8812730688700556, '00:52']
[17, 0.35683414340019226, 0.3237200677394867, 0.8831481337547302, 0.8831481481481482, 0.8822360078323622, '00:49']
[18, 0.3527028262615204, 0.3259480893611908, 0.8849074244499207, 0.8849074074074074, 0.8846570906073764, '00:49']
[19, 0.3283747434616089, 0.3233312964439392, 0.8864814639091492, 0.8864814814814815, 0.8862904669867184, '00:50']
[20, 0.32611083984375, 0.3342377543449402, 0.8756481409072876, 0.8756481481481482, 0.8744024741610184, '01:07']
[21, 0.3111753761768341, 0.3290488123893738, 0.8837962746620178, 0.8837962962962964, 0.8833555312003307, '00:49']
[22, 0.2966277599334717, 0.32531729340553284, 0.8836110830307007, 0.8836111111111111, 0.8832025381177496, '00:49']
[23, 0.29192519187927246, 0.3188963830471039, 0.8856481313705444, 0.8856481481481482, 0.8852727407646498, '00:49']
[24, 0.2772546410560608, 0.3163239657878876, 0.8891666531562805, 0.8891666666666667, 0.8886556525709646, '00:49']
[25, 0.2815396785736084, 0.32285720109939575, 0.8871296048164368, 0.8871296296296296, 0.8862293968554048, '00:49']
[26, 0.26371729373931885, 0.3187773823738098, 0.8895370364189148, 0.889537037037037, 0.8890491515385458, '00:49']
[27, 0.26294800639152527, 0.32452812790870667, 0.8843518495559692, 0.8843518518518518, 0.8834130999330722, '00:49']
[28, 0.262701153755188, 0.3204195201396942, 0.8869444727897644, 0.8869444444444444, 0.8863912453144551, '00:49']
[29, 0.25411564111709595, 0.3205898702144623, 0.8873147964477539, 0.8873148148148148, 0.8867919397010067, '00:49']
No improvement since epoch 24: early stopping

Tiempo de entrenamiento: 1578.88 segundos
/mnt/homeGPU/haoweihu/TFG/lib/python3.10/site-packages/fastai/learner.py:455: UserWarning: load_learner` uses Python's insecure pickle module, which can execute malicious arbitrary code when loading. Only load files you trust.
If you only need to load model weights and optimizer state, use the safe `Learner.load` instead.
  warn("load_learner` uses Python's insecure pickle module, which can execute malicious arbitrary code when loading. Only load files you trust.\nIf you only need to load model weights and optimizer state, use the safe `Learner.load` instead.")
Loss: 0.3206
Accuracy: 0.8873
Recall: 0.8873
F1-Score: 0.8868
Loss: 3.0348117351531982
Accuracy: 0.7939703464508057
Recall (macro): 0.7940608940132808
F1 Score (macro): 0.7648760876399864
---------------------------------------------------------------------------
Ejecutando: fmnist_60pct_deep
---------------------------------------------------------------------------
Número total de imágenes en entrenamiento: 25920
Número total de imágenes en validación: 10800

Clases: ['Ankle boot', 'Bag', 'Coat', 'Dress', 'Pullover', 'Sandal', 'Shirt', 'Sneaker', 'Trouser']
[0, 1.8330929279327393, 1.5867986679077148, 0.481759250164032, 0.4817592592592593, 0.40906002353482435, '01:42']
[1, 0.917701005935669, 0.795413613319397, 0.6851851940155029, 0.6851851851851852, 0.6752410773886016, '00:57']
[2, 0.7600440382957458, 0.6322054266929626, 0.7496296167373657, 0.7496296296296296, 0.7268989541841763, '00:54']
[3, 0.6664716601371765, 0.5430793166160583, 0.7878703474998474, 0.7878703703703704, 0.7793901576955005, '00:53']
[4, 0.5995026230812073, 0.49197623133659363, 0.8025000095367432, 0.8025000000000001, 0.7968223172034145, '00:53']
[5, 0.5199329257011414, 0.44497716426849365, 0.8279629349708557, 0.8279629629629629, 0.8207055987771446, '00:53']
[6, 0.5022196173667908, 0.47860392928123474, 0.8221296072006226, 0.8221296296296295, 0.8140305277140929, '00:53']
[7, 0.4777434766292572, 0.3893302381038666, 0.851111114025116, 0.8511111111111112, 0.8483888168358652, '00:53']
[8, 0.4444480836391449, 0.37558555603027344, 0.8634259104728699, 0.8634259259259259, 0.8642172154042141, '00:53']
[9, 0.43980830907821655, 0.3679364323616028, 0.8657407164573669, 0.8657407407407407, 0.8641349931333865, '00:53']
[10, 0.4200940728187561, 0.3551335334777832, 0.8642592430114746, 0.8642592592592593, 0.8616955437843508, '01:24']
[11, 0.3890310823917389, 0.3649466931819916, 0.8529629707336426, 0.8529629629629629, 0.8502037957346289, '01:04']
[12, 0.3771262466907501, 0.3271038234233856, 0.8785185217857361, 0.8785185185185185, 0.8789616029606547, '00:53']
[13, 0.3604060113430023, 0.3278837203979492, 0.8724074363708496, 0.8724074074074074, 0.8727586780738616, '00:53']
[14, 0.3363112807273865, 0.31748029589653015, 0.8829629421234131, 0.882962962962963, 0.8824482336780604, '01:23']
[15, 0.3208446502685547, 0.31392866373062134, 0.885185182094574, 0.8851851851851852, 0.8843803021380011, '01:03']
[16, 0.3122773766517639, 0.3068680465221405, 0.887499988079071, 0.8875, 0.8872984710558822, '00:53']
[17, 0.3019973039627075, 0.30974844098091125, 0.8820370435714722, 0.882037037037037, 0.882122366826707, '00:53']
[18, 0.2861645519733429, 0.31193044781684875, 0.8840740919113159, 0.8840740740740741, 0.8841361310345749, '00:53']
[19, 0.2805095911026001, 0.3022119998931885, 0.8910185098648071, 0.8910185185185183, 0.8907846814992367, '00:55']
[20, 0.27195486426353455, 0.3013625741004944, 0.8923147916793823, 0.8923148148148149, 0.8914752693911916, '00:55']
[21, 0.26230528950691223, 0.30080780386924744, 0.8924999833106995, 0.8925000000000001, 0.8926098836965891, '00:55']
[22, 0.24998174607753754, 0.3000679612159729, 0.8921296000480652, 0.8921296296296296, 0.8920357817145502, '00:54']
[23, 0.23432746529579163, 0.2979855537414551, 0.8955555558204651, 0.8955555555555554, 0.8954711082954319, '00:54']
[24, 0.2379097044467926, 0.29798629879951477, 0.8945370316505432, 0.894537037037037, 0.8945919674921226, '00:55']
[25, 0.21946415305137634, 0.2990337014198303, 0.8961111307144165, 0.8961111111111111, 0.8961783920645527, '00:53']
[26, 0.21410925686359406, 0.3003827631473541, 0.8950926065444946, 0.8950925925925927, 0.8949642212287419, '00:53']
[27, 0.22886107861995697, 0.29823508858680725, 0.8954629898071289, 0.8954629629629629, 0.8953753091414076, '00:53']
[28, 0.21235741674900055, 0.29906055331230164, 0.8946296572685242, 0.8946296296296296, 0.8945214460024984, '00:53']
No improvement since epoch 23: early stopping

Tiempo de entrenamiento: 1701.38 segundos
/mnt/homeGPU/haoweihu/TFG/lib/python3.10/site-packages/fastai/learner.py:455: UserWarning: load_learner` uses Python's insecure pickle module, which can execute malicious arbitrary code when loading. Only load files you trust.
If you only need to load model weights and optimizer state, use the safe `Learner.load` instead.
  warn("load_learner` uses Python's insecure pickle module, which can execute malicious arbitrary code when loading. Only load files you trust.\nIf you only need to load model weights and optimizer state, use the safe `Learner.load` instead.")
Loss: 0.2991
Accuracy: 0.8946
Recall: 0.8946
F1-Score: 0.8945
Loss: 3.012901782989502
Accuracy: 0.8001803159713745
Recall (macro): 0.8001814570706456
F1 Score (macro): 0.7708733876881227
---------------------------------------------------------------------------
Ejecutando: fmnist_70pct_deep
---------------------------------------------------------------------------
Número total de imágenes en entrenamiento: 30240
Número total de imágenes en validación: 10800

Clases: ['Ankle boot', 'Bag', 'Coat', 'Dress', 'Pullover', 'Sandal', 'Shirt', 'Sneaker', 'Trouser']
[0, 1.3545501232147217, 1.149070143699646, 0.5894444584846497, 0.5894444444444445, 0.5320108614266139, '01:28']
[1, 0.8473721742630005, 0.7612745761871338, 0.6905555725097656, 0.6905555555555556, 0.6811458269862731, '01:00']
[2, 0.7105482816696167, 0.6381611824035645, 0.7578703761100769, 0.7578703703703703, 0.7492678323122227, '00:59']
[3, 0.6208598613739014, 0.5312169790267944, 0.796574056148529, 0.7965740740740741, 0.7905260120944211, '01:01']
[4, 0.5429021120071411, 0.46611911058425903, 0.8207407593727112, 0.8207407407407408, 0.8129640403356581, '00:59']
[5, 0.5077893137931824, 0.42562001943588257, 0.8422222137451172, 0.8422222222222222, 0.8413556436749638, '01:00']
[6, 0.46509644389152527, 0.3949815630912781, 0.845370352268219, 0.8453703703703703, 0.8427125844888717, '01:00']
[7, 0.4351888597011566, 0.3879739046096802, 0.8488888740539551, 0.8488888888888888, 0.843673120195951, '01:03']
[8, 0.41571587324142456, 0.3501591980457306, 0.8759258985519409, 0.8759259259259259, 0.8753807738695385, '01:00']
[9, 0.39279747009277344, 0.3434731364250183, 0.8750925660133362, 0.8750925925925925, 0.8751488683435407, '01:00']
[10, 0.3666313588619232, 0.33416253328323364, 0.876203715801239, 0.8762037037037037, 0.8751941240051764, '01:00']
[11, 0.35156378149986267, 0.3291436731815338, 0.8782407641410828, 0.8782407407407409, 0.8770257015957136, '01:02']
[12, 0.32049307227134705, 0.32386091351509094, 0.8814814686775208, 0.8814814814814815, 0.8801942848009836, '01:00']
[13, 0.3298436403274536, 0.32070907950401306, 0.881851851940155, 0.8818518518518518, 0.8813639808456843, '00:59']
[14, 0.30468735098838806, 0.3142886757850647, 0.8872222304344177, 0.8872222222222221, 0.8868886872457106, '00:59']
[15, 0.2964750826358795, 0.3122498393058777, 0.8869444727897644, 0.8869444444444444, 0.8869833999415879, '01:01']
[16, 0.2890971601009369, 0.31270429491996765, 0.885185182094574, 0.8851851851851851, 0.8851087721402032, '00:59']
[17, 0.27554851770401, 0.3038119673728943, 0.8907407522201538, 0.8907407407407406, 0.8904734015410496, '00:59']
[18, 0.2481251358985901, 0.2989044487476349, 0.8956481218338013, 0.8956481481481481, 0.8957434927945438, '01:00']
[19, 0.23843510448932648, 0.30593520402908325, 0.8900926113128662, 0.8900925925925927, 0.8905895872323522, '01:00']
[20, 0.23509423434734344, 0.3008711338043213, 0.8950926065444946, 0.8950925925925927, 0.8949268624422171, '01:02']
[21, 0.23082388937473297, 0.3037765324115753, 0.8925926089286804, 0.8925925925925926, 0.8927296982899429, '00:59']
[22, 0.20541581511497498, 0.30676499009132385, 0.8948147892951965, 0.894814814814815, 0.8943221503556796, '00:59']
[23, 0.20672808587551117, 0.30822956562042236, 0.8958333134651184, 0.8958333333333334, 0.8960166250328054, '00:59']
No improvement since epoch 18: early stopping

Tiempo de entrenamiento: 1481.68 segundos
/mnt/homeGPU/haoweihu/TFG/lib/python3.10/site-packages/fastai/learner.py:455: UserWarning: load_learner` uses Python's insecure pickle module, which can execute malicious arbitrary code when loading. Only load files you trust.
If you only need to load model weights and optimizer state, use the safe `Learner.load` instead.
  warn("load_learner` uses Python's insecure pickle module, which can execute malicious arbitrary code when loading. Only load files you trust.\nIf you only need to load model weights and optimizer state, use the safe `Learner.load` instead.")
Loss: 0.3082
Accuracy: 0.8958
Recall: 0.8958
F1-Score: 0.8960
Loss: 2.912513256072998
Accuracy: 0.8020833134651184
Recall (macro): 0.8020164532335675
F1 Score (macro): 0.7740894882817428
---------------------------------------------------------------------------
Ejecutando: fmnist_80pct_deep
---------------------------------------------------------------------------
Número total de imágenes en entrenamiento: 34560
Número total de imágenes en validación: 10800

Clases: ['Ankle boot', 'Bag', 'Coat', 'Dress', 'Pullover', 'Sandal', 'Shirt', 'Sneaker', 'Trouser']
[0, 1.2889467477798462, 1.1192253828048706, 0.6176851987838745, 0.6176851851851851, 0.6019595907530263, '02:04']
[1, 0.7893161773681641, 0.7129948139190674, 0.7279629707336426, 0.7279629629629629, 0.7227062323841983, '01:06']
[2, 0.6689469218254089, 0.6019890308380127, 0.7716666460037231, 0.7716666666666667, 0.7644684638594964, '01:27']
[3, 0.5754120945930481, 0.5167100429534912, 0.8004629611968994, 0.8004629629629629, 0.7977317474297203, '01:08']
[4, 0.5046579837799072, 0.4721737504005432, 0.8264814615249634, 0.8264814814814815, 0.8236826717059303, '01:06']
[5, 0.4804132580757141, 0.4416806697845459, 0.8358333110809326, 0.8358333333333333, 0.8353454925857083, '01:06']
[6, 0.4442373514175415, 0.37983137369155884, 0.862500011920929, 0.8624999999999999, 0.8622791810761128, '01:06']
[7, 0.4087090492248535, 0.36813873052597046, 0.8619444370269775, 0.8619444444444444, 0.8623072457370448, '01:06']
[8, 0.39737868309020996, 0.3427402079105377, 0.8697222471237183, 0.8697222222222222, 0.8687648320745462, '01:06']
[9, 0.3492835462093353, 0.32180631160736084, 0.8813889026641846, 0.8813888888888888, 0.8808684838523718, '01:06']
[10, 0.35771891474723816, 0.3287075161933899, 0.8769444227218628, 0.8769444444444443, 0.8782477023298625, '01:06']
[11, 0.31548798084259033, 0.31745678186416626, 0.8835185170173645, 0.8835185185185185, 0.883244143958889, '01:06']
[12, 0.31261420249938965, 0.3102521598339081, 0.8880555629730225, 0.8880555555555555, 0.88819011581986, '01:06']
[13, 0.27899739146232605, 0.3075280487537384, 0.8901851773262024, 0.8901851851851852, 0.8899679119283633, '01:06']
[14, 0.3051050305366516, 0.29414883255958557, 0.8962036967277527, 0.8962037037037037, 0.8964844830044041, '01:07']
[15, 0.2664340138435364, 0.30135512351989746, 0.8900926113128662, 0.8900925925925927, 0.8903906881427369, '01:06']
[16, 0.2556373178958893, 0.2940596044063568, 0.8949999809265137, 0.895, 0.894737443429328, '01:06']
[17, 0.2460494190454483, 0.30406197905540466, 0.8921296000480652, 0.8921296296296296, 0.8919224909691492, '01:06']
[18, 0.23208557069301605, 0.29559558629989624, 0.8991666436195374, 0.8991666666666666, 0.8988526824855665, '01:06']
[19, 0.22714440524578094, 0.30402177572250366, 0.8971296548843384, 0.8971296296296296, 0.8969262517062959, '01:06']
[20, 0.20199936628341675, 0.306608110666275, 0.8939814567565918, 0.8939814814814816, 0.8941472536782076, '01:06']
[21, 0.20488932728767395, 0.309701144695282, 0.8974074125289917, 0.8974074074074073, 0.8976775125141185, '01:06']
No improvement since epoch 16: early stopping

Tiempo de entrenamiento: 1545.03 segundos
/mnt/homeGPU/haoweihu/TFG/lib/python3.10/site-packages/fastai/learner.py:455: UserWarning: load_learner` uses Python's insecure pickle module, which can execute malicious arbitrary code when loading. Only load files you trust.
If you only need to load model weights and optimizer state, use the safe `Learner.load` instead.
  warn("load_learner` uses Python's insecure pickle module, which can execute malicious arbitrary code when loading. Only load files you trust.\nIf you only need to load model weights and optimizer state, use the safe `Learner.load` instead.")
Loss: 0.3097
Accuracy: 0.8974
Recall: 0.8974
F1-Score: 0.8977
Loss: 3.0978968143463135
Accuracy: 0.8013821840286255
Recall (macro): 0.8014414888219816
F1 Score (macro): 0.7724512188321089
---------------------------------------------------------------------------
Ejecutando: fmnist_90pct_deep
---------------------------------------------------------------------------
Número total de imágenes en entrenamiento: 38880
Número total de imágenes en validación: 10800

Clases: ['Ankle boot', 'Bag', 'Coat', 'Dress', 'Pullover', 'Sandal', 'Shirt', 'Sneaker', 'Trouser']
[0, 1.2253667116165161, 1.079450011253357, 0.6437036991119385, 0.6437037037037038, 0.6383358799206097, '01:51']
[1, 0.7220285534858704, 0.6971946358680725, 0.7153703570365906, 0.7153703703703704, 0.6871394818518823, '01:12']
[2, 0.6315482258796692, 0.5793259143829346, 0.7717592716217041, 0.7717592592592593, 0.7633125272760548, '01:12']
[3, 0.5149511098861694, 0.5369436144828796, 0.7867592573165894, 0.7867592592592594, 0.7792890731956239, '01:12']
[4, 0.4816837012767792, 0.4444691836833954, 0.8327777981758118, 0.8327777777777777, 0.8329285897235909, '01:13']
[5, 0.4236310124397278, 0.38273870944976807, 0.8582407236099243, 0.8582407407407406, 0.8570667160642774, '01:14']
[6, 0.3870316743850708, 0.35221558809280396, 0.8736110925674438, 0.8736111111111111, 0.8736913902856319, '01:12']
[7, 0.364292174577713, 0.32910946011543274, 0.8749074339866638, 0.8749074074074072, 0.8754232525148978, '01:12']
[8, 0.3393508195877075, 0.33499374985694885, 0.8735185265541077, 0.8735185185185185, 0.8740780561018215, '01:13']
[9, 0.3208768367767334, 0.32774147391319275, 0.8753703832626343, 0.8753703703703705, 0.8737516164587472, '01:19']
[10, 0.31221112608909607, 0.3064892590045929, 0.8854629397392273, 0.8854629629629629, 0.886366930467259, '01:12']
[11, 0.2943058907985687, 0.29371675848960876, 0.8929629921913147, 0.8929629629629628, 0.8923870815971985, '01:11']
[12, 0.2838645279407501, 0.2925225496292114, 0.8936111330986023, 0.8936111111111111, 0.8932002325866678, '01:12']
[13, 0.2618821859359741, 0.29125484824180603, 0.8949074149131775, 0.8949074074074075, 0.893951108443733, '01:12']
[14, 0.2555067241191864, 0.29110512137413025, 0.8955555558204651, 0.8955555555555557, 0.8956807252775264, '01:12']
[15, 0.2386397272348404, 0.2783307135105133, 0.9018518328666687, 0.9018518518518519, 0.9016785390582649, '01:12']
[16, 0.226235494017601, 0.2786223888397217, 0.9021296501159668, 0.9021296296296296, 0.9017956856584163, '01:12']
[17, 0.21795529127120972, 0.28461533784866333, 0.9008333086967468, 0.9008333333333334, 0.9006997700117361, '01:11']
[18, 0.21364201605319977, 0.2766837477684021, 0.9017592668533325, 0.9017592592592591, 0.901266433423553, '01:12']
[19, 0.21195824444293976, 0.27434250712394714, 0.903425931930542, 0.903425925925926, 0.9035011551131014, '01:12']
[20, 0.2007124423980713, 0.27752232551574707, 0.9050925970077515, 0.9050925925925927, 0.9048351519140463, '01:14']
[21, 0.18470625579357147, 0.2823622226715088, 0.904629647731781, 0.9046296296296297, 0.9046761651358971, '01:49']
[22, 0.15693849325180054, 0.28774788975715637, 0.9057407379150391, 0.9057407407407408, 0.9054391275147571, '01:16']
[23, 0.17056769132614136, 0.28306639194488525, 0.9050925970077515, 0.9050925925925927, 0.9050708368540621, '01:12']
[24, 0.16345186531543732, 0.2863113284111023, 0.9051851630210876, 0.9051851851851852, 0.9051159724514827, '01:12']
No improvement since epoch 19: early stopping

Tiempo de entrenamiento: 1903.01 segundos
/mnt/homeGPU/haoweihu/TFG/lib/python3.10/site-packages/fastai/learner.py:455: UserWarning: load_learner` uses Python's insecure pickle module, which can execute malicious arbitrary code when loading. Only load files you trust.
If you only need to load model weights and optimizer state, use the safe `Learner.load` instead.
  warn("load_learner` uses Python's insecure pickle module, which can execute malicious arbitrary code when loading. Only load files you trust.\nIf you only need to load model weights and optimizer state, use the safe `Learner.load` instead.")
Loss: 0.2863
Accuracy: 0.9052
Recall: 0.9052
F1-Score: 0.9051
Loss: 2.8467373847961426
Accuracy: 0.8050881624221802
Recall (macro): 0.8052285477089229
F1 Score (macro): 0.7753829329753383
mail: cannot send message: Process exited with a non-zero status
