/mnt/homeGPU/haoweihu/TFG/lib/python3.10/site-packages/torchvision/models/_utils.py:208: UserWarning: The parameter 'pretrained' is deprecated since 0.13 and may be removed in the future, please use 'weights' instead.
  warnings.warn(
/mnt/homeGPU/haoweihu/TFG/lib/python3.10/site-packages/torchvision/models/_utils.py:223: UserWarning: Arguments other than a weight enum or `None` for 'weights' are deprecated since 0.13 and may be removed in the future. The current behavior is equivalent to passing `weights=EfficientNet_V2_S_Weights.IMAGENET1K_V1`. You can also use `weights=EfficientNet_V2_S_Weights.DEFAULT` to get the most up-to-date weights.
  warnings.warn(msg)
Downloading: "https://download.pytorch.org/models/efficientnet_v2_s-dd5fe13b.pth" to /home/haoweihu/.cache/torch/hub/checkpoints/efficientnet_v2_s-dd5fe13b.pth
---------------------------------------------------------------------------
Ejecutando: cifar_10pct_effnetv2s_fps_pre2_titan
---------------------------------------------------------------------------
False
Número total de imágenes en entrenamiento: 3991
Número total de imágenes en validación: 10000
Clases: ['airplane', 'automobile', 'bird', 'cat', 'deer', 'dog', 'frog', 'horse', 'ship', 'truck']
weights = None
  0%|          | 0.00/82.7M [00:00<?, ?B/s]  6%|▌         | 5.00M/82.7M [00:00<00:01, 52.4MB/s] 20%|█▉        | 16.2M/82.7M [00:00<00:00, 90.6MB/s] 33%|███▎      | 27.4M/82.7M [00:00<00:00, 103MB/s]  47%|████▋     | 38.6M/82.7M [00:00<00:00, 109MB/s] 60%|██████    | 49.8M/82.7M [00:00<00:00, 112MB/s] 74%|███████▎  | 61.0M/82.7M [00:00<00:00, 114MB/s] 87%|████████▋ | 72.2M/82.7M [00:00<00:00, 115MB/s]100%|██████████| 82.7M/82.7M [00:00<00:00, 109MB/s]
[0, 3.3809151649475098, 1.8999754190444946, 0.3531000018119812, 0.3531, 0.34622504105611596, '00:54']
[1, 2.5731749534606934, 1.207455039024353, 0.5982999801635742, 0.5982999999999999, 0.5940284580057152, '00:46']
[2, 2.038971185684204, 0.8991250991821289, 0.7093999981880188, 0.7094, 0.708949640517061, '00:46']
[3, 1.648663878440857, 0.9679734110832214, 0.7519000172615051, 0.7519, 0.7496415322299768, '00:46']
[4, 1.3573020696640015, 0.6810128688812256, 0.7908999919891357, 0.7908999999999999, 0.7902894329122938, '00:46']
[5, 1.152565360069275, 0.5926167964935303, 0.814300000667572, 0.8143, 0.8130288939614294, '00:46']
[6, 0.9536241292953491, 0.5239549279212952, 0.8374000191688538, 0.8374, 0.8369637396413495, '00:46']
[7, 0.7973804473876953, 0.4569757878780365, 0.8572999835014343, 0.8573000000000001, 0.8562200884879558, '00:46']
[8, 0.7047362923622131, 0.3945668041706085, 0.876800000667572, 0.8767999999999999, 0.8763197962580378, '00:46']
[9, 0.6115916967391968, 0.3624715209007263, 0.8880000114440918, 0.8879999999999999, 0.8872377561678902, '00:47']
[10, 0.5587592124938965, 0.3300725519657135, 0.8984000086784363, 0.8983999999999999, 0.8982980136573533, '00:46']
[11, 0.45538827776908875, 0.3033708930015564, 0.9028000235557556, 0.9028, 0.9024137183938018, '00:46']
[12, 0.4128039479255676, 0.28884297609329224, 0.9085999727249146, 0.9086000000000001, 0.9083654155909164, '00:46']
[13, 0.38654473423957825, 0.2802400290966034, 0.9104999899864197, 0.9105000000000001, 0.9099374281873465, '00:46']
[14, 0.3421860337257385, 0.26035740971565247, 0.9157999753952026, 0.9158, 0.915442772564614, '00:46']
[15, 0.3063053786754608, 0.2511094808578491, 0.919700026512146, 0.9197000000000001, 0.9193754675697396, '00:46']
[16, 0.29320400953292847, 0.23985905945301056, 0.9229000210762024, 0.9228999999999999, 0.9223693907493307, '00:46']
[17, 0.2578677535057068, 0.22683185338974, 0.9283999800682068, 0.9284000000000001, 0.9280351331344614, '00:46']
[18, 0.25145307183265686, 0.2129468470811844, 0.9311000108718872, 0.9311, 0.9310789285897817, '00:46']
[19, 0.2181108295917511, 0.22093752026557922, 0.9319000244140625, 0.9319, 0.9313795183521278, '00:46']
[20, 0.2259981781244278, 0.2071533203125, 0.9348000288009644, 0.9347999999999999, 0.9344983805909785, '00:46']
[21, 0.18766354024410248, 0.20921418070793152, 0.9344000220298767, 0.9344000000000001, 0.9341002908917229, '00:46']
[22, 0.19266514480113983, 0.21046799421310425, 0.9333000183105469, 0.9333, 0.932909403893999, '00:46']
[23, 0.1722092181444168, 0.20091602206230164, 0.9348000288009644, 0.9347999999999999, 0.9344273960252611, '00:46']
[24, 0.16210812330245972, 0.20156438648700714, 0.9373999834060669, 0.9374, 0.9370506806349045, '00:46']
[25, 0.16722337901592255, 0.1981489062309265, 0.9369000196456909, 0.9369, 0.9365766622670696, '00:46']
[26, 0.16235320270061493, 0.20062290132045746, 0.9379000067710876, 0.9379, 0.9375247010052632, '00:46']
[27, 0.15345069766044617, 0.20343339443206787, 0.9369000196456909, 0.9369, 0.936582203499942, '00:46']
[28, 0.15660281479358673, 0.20368297398090363, 0.9376000165939331, 0.9376, 0.9372158599487544, '00:46']
[29, 0.1590600311756134, 0.2000676542520523, 0.9369999766349792, 0.937, 0.9365955288643019, '00:46']

Tiempo de entrenamiento: 1400.05 segundos
/mnt/homeGPU/haoweihu/TFG/lib/python3.10/site-packages/fastai/learner.py:455: UserWarning: load_learner` uses Python's insecure pickle module, which can execute malicious arbitrary code when loading. Only load files you trust.
If you only need to load model weights and optimizer state, use the safe `Learner.load` instead.
  warn("load_learner` uses Python's insecure pickle module, which can execute malicious arbitrary code when loading. Only load files you trust.\nIf you only need to load model weights and optimizer state, use the safe `Learner.load` instead.")
Loss (valid): 0.2001
Accuracy (valid): 0.9370
Recall (valid): 0.9370
F1-Score (valid): 0.9366
/mnt/homeGPU/haoweihu/TFG/lib/python3.10/site-packages/torchvision/models/_utils.py:208: UserWarning: The parameter 'pretrained' is deprecated since 0.13 and may be removed in the future, please use 'weights' instead.
  warnings.warn(
/mnt/homeGPU/haoweihu/TFG/lib/python3.10/site-packages/torchvision/models/_utils.py:223: UserWarning: Arguments other than a weight enum or `None` for 'weights' are deprecated since 0.13 and may be removed in the future. The current behavior is equivalent to passing `weights=EfficientNet_V2_S_Weights.IMAGENET1K_V1`. You can also use `weights=EfficientNet_V2_S_Weights.DEFAULT` to get the most up-to-date weights.
  warnings.warn(msg)
Loss (test): 0.1962
Accuracy (test): 0.9400
Recall (test): 0.9400
F1-Score (test): 0.9398
---------------------------------------------------------------------------
Ejecutando: cifar_20pct_effnetv2s_fps_pre2_titan
---------------------------------------------------------------------------
False
Número total de imágenes en entrenamiento: 7881
Número total de imágenes en validación: 10000
Clases: ['airplane', 'automobile', 'bird', 'cat', 'deer', 'dog', 'frog', 'horse', 'ship', 'truck']
weights = None
[0, 2.8296942710876465, 1.5129220485687256, 0.4952999949455261, 0.49529999999999996, 0.49276661781100994, '01:09']
[1, 2.000572681427002, 0.9718525409698486, 0.6890000104904175, 0.689, 0.6874721084062092, '01:05']
[2, 1.5175544023513794, 0.7410515546798706, 0.7674000263214111, 0.7674, 0.7666447490063426, '01:05']
[3, 1.2196564674377441, 0.6421483755111694, 0.8001000285148621, 0.8000999999999999, 0.8000293917214456, '01:05']
[4, 0.9747704267501831, 0.5321769118309021, 0.8402000069618225, 0.8402, 0.8401415582659082, '01:05']
[5, 0.7349438071250916, 0.4373452663421631, 0.8657000064849854, 0.8657, 0.8652926552942958, '01:05']
[6, 0.6194095015525818, 0.3602648675441742, 0.8896999955177307, 0.8897, 0.8894022951935818, '01:05']
[7, 0.5117767453193665, 0.3002678155899048, 0.9067000150680542, 0.9067000000000001, 0.9066487624341727, '01:06']
[8, 0.41107791662216187, 0.24556417763233185, 0.9194999933242798, 0.9195, 0.9192373556875045, '01:05']
[9, 0.3485512137413025, 0.21761289238929749, 0.9277999997138977, 0.9277999999999998, 0.9276286160188152, '01:05']
[10, 0.2934209406375885, 0.19575722515583038, 0.9383000135421753, 0.9382999999999999, 0.9382479422820948, '01:05']
[11, 0.2473144680261612, 0.18415601551532745, 0.9416000247001648, 0.9416, 0.9415076189217991, '01:05']
[12, 0.23620295524597168, 0.17529617249965668, 0.9448000192642212, 0.9448000000000001, 0.9447010972406163, '01:05']
[13, 0.20676492154598236, 0.18006330728530884, 0.9455999732017517, 0.9456, 0.9454745711359894, '01:05']
[14, 0.19234859943389893, 0.17118309438228607, 0.948199987411499, 0.9481999999999999, 0.9481194347427285, '01:05']
[15, 0.16397100687026978, 0.15432953834533691, 0.9527000188827515, 0.9526999999999999, 0.9526273666341012, '01:05']
[16, 0.15411590039730072, 0.1615847498178482, 0.951200008392334, 0.9511999999999998, 0.951090987837566, '01:05']
[17, 0.14873811602592468, 0.1578274369239807, 0.9538000226020813, 0.9538, 0.953771861967539, '01:05']
[18, 0.11931689828634262, 0.1510278582572937, 0.9542999863624573, 0.9542999999999999, 0.9542421085918926, '01:05']
[19, 0.11943996697664261, 0.1520891636610031, 0.9559999704360962, 0.9560000000000001, 0.9559498638334366, '01:05']
[20, 0.10532435029745102, 0.14937950670719147, 0.9564999938011169, 0.9564999999999999, 0.9563965100767312, '01:05']
[21, 0.09661086648702621, 0.15253795683383942, 0.9542999863624573, 0.9542999999999999, 0.9541840293295809, '01:06']
[22, 0.0890144631266594, 0.14823424816131592, 0.9569000005722046, 0.9569000000000001, 0.9568527787828949, '01:05']
[23, 0.09575448930263519, 0.14846189320087433, 0.9571999907493591, 0.9571999999999999, 0.957157041855948, '01:05']
[24, 0.07944220304489136, 0.14601664245128632, 0.9580000042915344, 0.958, 0.957925305438333, '01:05']
[25, 0.08316672593355179, 0.14301422238349915, 0.9577000141143799, 0.9577, 0.9576590349462879, '01:05']
[26, 0.08221255242824554, 0.14583395421504974, 0.9578999876976013, 0.9578999999999999, 0.9578604360506846, '01:05']
[27, 0.07730205357074738, 0.14776666462421417, 0.9574000239372253, 0.9574, 0.9573486397368113, '01:05']
[28, 0.08154696226119995, 0.143214151263237, 0.9580000042915344, 0.958, 0.9579508639214849, '01:05']
[29, 0.08135341852903366, 0.14419761300086975, 0.9581999778747559, 0.9581999999999999, 0.95816159771724, '01:05']

Tiempo de entrenamiento: 1967.83 segundos
/mnt/homeGPU/haoweihu/TFG/lib/python3.10/site-packages/fastai/learner.py:455: UserWarning: load_learner` uses Python's insecure pickle module, which can execute malicious arbitrary code when loading. Only load files you trust.
If you only need to load model weights and optimizer state, use the safe `Learner.load` instead.
  warn("load_learner` uses Python's insecure pickle module, which can execute malicious arbitrary code when loading. Only load files you trust.\nIf you only need to load model weights and optimizer state, use the safe `Learner.load` instead.")
Loss (valid): 0.1442
Accuracy (valid): 0.9582
Recall (valid): 0.9582
F1-Score (valid): 0.9582
/mnt/homeGPU/haoweihu/TFG/lib/python3.10/site-packages/torchvision/models/_utils.py:208: UserWarning: The parameter 'pretrained' is deprecated since 0.13 and may be removed in the future, please use 'weights' instead.
  warnings.warn(
/mnt/homeGPU/haoweihu/TFG/lib/python3.10/site-packages/torchvision/models/_utils.py:223: UserWarning: Arguments other than a weight enum or `None` for 'weights' are deprecated since 0.13 and may be removed in the future. The current behavior is equivalent to passing `weights=EfficientNet_V2_S_Weights.IMAGENET1K_V1`. You can also use `weights=EfficientNet_V2_S_Weights.DEFAULT` to get the most up-to-date weights.
  warnings.warn(msg)
Loss (test): 0.1364
Accuracy (test): 0.9568
Recall (test): 0.9568
F1-Score (test): 0.9568
---------------------------------------------------------------------------
Ejecutando: cifar_30pct_effnetv2s_fps_pre2_titan
---------------------------------------------------------------------------
False
Número total de imágenes en entrenamiento: 11757
Número total de imágenes en validación: 10000
Clases: ['airplane', 'automobile', 'bird', 'cat', 'deer', 'dog', 'frog', 'horse', 'ship', 'truck']
weights = None
[0, 2.405716896057129, 1.2064810991287231, 0.6007999777793884, 0.6008000000000001, 0.5948095981495714, '01:27']
[1, 1.653290867805481, 0.7683510780334473, 0.7497000098228455, 0.7497, 0.7480690076489693, '01:23']
[2, 1.2549011707305908, 0.6232138276100159, 0.7997000217437744, 0.7997000000000001, 0.7984255868405066, '01:23']
[3, 0.9938170909881592, 0.46118393540382385, 0.8514000177383423, 0.8514000000000002, 0.8504733381367332, '01:24']
[4, 0.7234488129615784, 0.36278030276298523, 0.8819000124931335, 0.8818999999999999, 0.8811759140701356, '01:24']
[5, 0.5723291039466858, 0.2793773412704468, 0.9057999849319458, 0.9057999999999999, 0.9052537734488935, '01:24']
[6, 0.44844216108322144, 0.2131115198135376, 0.9307000041007996, 0.9307000000000001, 0.9304123177407814, '01:24']
[7, 0.3662421703338623, 0.1977941244840622, 0.9340000152587891, 0.9339999999999999, 0.9337750680379276, '01:24']
[8, 0.30159279704093933, 0.16399122774600983, 0.9452000260353088, 0.9452, 0.9451065458686896, '01:24']
[9, 0.2620622217655182, 0.1443561464548111, 0.9509000182151794, 0.9508999999999999, 0.9507943843975312, '01:23']
[10, 0.23093344271183014, 0.14081808924674988, 0.953000009059906, 0.953, 0.952862835531502, '01:23']
[11, 0.2009248286485672, 0.13722407817840576, 0.9549000263214111, 0.9549, 0.9547724623921521, '01:23']
[12, 0.17632947862148285, 0.1267569363117218, 0.9574000239372253, 0.9574, 0.9574071300951669, '01:23']
[13, 0.15930497646331787, 0.13591718673706055, 0.9552000164985657, 0.9552000000000002, 0.9551100049848722, '01:24']
[14, 0.14984086155891418, 0.12007994204759598, 0.9623000025749207, 0.9622999999999999, 0.962239115927267, '01:23']
[15, 0.1302039474248886, 0.12376447767019272, 0.9609000086784363, 0.9609, 0.9608406087043513, '01:23']
[16, 0.10577953606843948, 0.12371988594532013, 0.9628000259399414, 0.9628, 0.9627227138726037, '01:23']
[17, 0.11211738735437393, 0.12063934653997421, 0.9648000001907349, 0.9648000000000001, 0.9647659662733741, '01:24']
[18, 0.09695886075496674, 0.12731154263019562, 0.9610000252723694, 0.961, 0.9608961675456325, '01:23']
[19, 0.09237715601921082, 0.12752199172973633, 0.9628999829292297, 0.9629, 0.9628433354590893, '01:23']
No improvement since epoch 14: early stopping

Tiempo de entrenamiento: 1683.48 segundos
/mnt/homeGPU/haoweihu/TFG/lib/python3.10/site-packages/fastai/learner.py:455: UserWarning: load_learner` uses Python's insecure pickle module, which can execute malicious arbitrary code when loading. Only load files you trust.
If you only need to load model weights and optimizer state, use the safe `Learner.load` instead.
  warn("load_learner` uses Python's insecure pickle module, which can execute malicious arbitrary code when loading. Only load files you trust.\nIf you only need to load model weights and optimizer state, use the safe `Learner.load` instead.")
Loss (valid): 0.1275
Accuracy (valid): 0.9629
Recall (valid): 0.9629
F1-Score (valid): 0.9628
/mnt/homeGPU/haoweihu/TFG/lib/python3.10/site-packages/torchvision/models/_utils.py:208: UserWarning: The parameter 'pretrained' is deprecated since 0.13 and may be removed in the future, please use 'weights' instead.
  warnings.warn(
/mnt/homeGPU/haoweihu/TFG/lib/python3.10/site-packages/torchvision/models/_utils.py:223: UserWarning: Arguments other than a weight enum or `None` for 'weights' are deprecated since 0.13 and may be removed in the future. The current behavior is equivalent to passing `weights=EfficientNet_V2_S_Weights.IMAGENET1K_V1`. You can also use `weights=EfficientNet_V2_S_Weights.DEFAULT` to get the most up-to-date weights.
  warnings.warn(msg)
Loss (test): 0.1163
Accuracy (test): 0.9641
Recall (test): 0.9641
F1-Score (test): 0.9641
---------------------------------------------------------------------------
Ejecutando: cifar_40pct_effnetv2s_fps_pre2_titan
---------------------------------------------------------------------------
False
Número total de imágenes en entrenamiento: 15310
Número total de imágenes en validación: 10000
Clases: ['airplane', 'automobile', 'bird', 'cat', 'deer', 'dog', 'frog', 'horse', 'ship', 'truck']
weights = None
[0, 2.2217607498168945, 1.1632596254348755, 0.6173999905586243, 0.6174000000000001, 0.6101194937713581, '01:50']
[1, 1.4603766202926636, nan, 0.756600022315979, 0.7565999999999999, 0.7548245545353274, '01:41']
[2, 1.138907790184021, 0.596503734588623, 0.8101000189781189, 0.8101, 0.8081447255333561, '01:41']
[3, 0.858141303062439, 0.4437618553638458, 0.8554999828338623, 0.8554999999999999, 0.8538939581719603, '01:41']
[4, 0.589878499507904, nan, 0.8924999833106995, 0.8924999999999998, 0.8916468563318768, '01:41']
[5, 0.4681461751461029, nan, 0.9222000241279602, 0.9221999999999999, 0.9216940581856159, '01:41']
[6, 0.36868226528167725, 0.19572168588638306, 0.9355000257492065, 0.9355, 0.9352336280899092, '01:41']
[7, 0.2784925401210785, 0.16218562424182892, 0.9448999762535095, 0.9449, 0.9447194252255805, '01:42']
[8, 0.26053738594055176, 0.14036345481872559, 0.9538000226020813, 0.9538, 0.9537430507624972, '01:41']
[9, 0.22763027250766754, 0.13719335198402405, 0.9524999856948853, 0.9525, 0.9524417987023833, '01:41']
[10, 0.18416468799114227, 0.12334317713975906, 0.9599999785423279, 0.96, 0.9599007047187204, '01:41']
[11, 0.15975801646709442, 0.12429749965667725, 0.9592999815940857, 0.9593, 0.9591523219179565, '01:41']
[12, 0.15039978921413422, 0.11639699339866638, 0.9635999798774719, 0.9636000000000001, 0.9635572619795832, '01:41']
[13, 0.12361137568950653, 0.10853901505470276, 0.9656999707221985, 0.9657, 0.965664663559606, '01:41']
[14, 0.13159215450286865, 0.10952780395746231, 0.9661999940872192, 0.9662, 0.9661758528703597, '01:41']
[15, 0.0985981822013855, 0.11318191885948181, 0.9646999835968018, 0.9646999999999999, 0.9646160640070681, '01:41']
[16, 0.09993324428796768, 0.10995814204216003, 0.9646999835968018, 0.9646999999999999, 0.9646290455046863, '01:41']
[17, 0.0844058096408844, 0.10102207958698273, 0.9688000082969666, 0.9687999999999999, 0.9687856829926341, '01:41']
[18, 0.09260304272174835, 0.10464510321617126, 0.9672999978065491, 0.9673, 0.9672372175685409, '01:41']
[19, 0.07590707391500473, 0.09914988279342651, 0.9696999788284302, 0.9697000000000001, 0.9696721102273351, '01:41']
[20, 0.06968345493078232, 0.10052990913391113, 0.9692000150680542, 0.9692000000000001, 0.9691485824111034, '01:41']
[21, 0.07168541103601456, 0.09952124953269958, 0.9696999788284302, 0.9696999999999999, 0.9696608561240654, '01:41']
[22, 0.06839151680469513, 0.09863767772912979, 0.9696999788284302, 0.9696999999999999, 0.9696713346301955, '01:41']
[23, 0.05387395992875099, 0.09766997396945953, 0.9707000255584717, 0.9706999999999999, 0.9706729374029728, '01:41']
[24, 0.056123122572898865, 0.0966671034693718, 0.9703999757766724, 0.9703999999999999, 0.9703823570829796, '01:41']
[25, 0.05459362640976906, 0.0969603881239891, 0.9707000255584717, 0.9707000000000001, 0.9706893642275111, '01:41']
[26, 0.06121623516082764, 0.0946878120303154, 0.9710999727249146, 0.9711000000000001, 0.9710979987401853, '01:41']
[27, 0.0683443695306778, 0.09616715461015701, 0.9706000089645386, 0.9705999999999999, 0.9705617039432768, '01:41']
[28, 0.048468247056007385, 0.0983198806643486, 0.970300018787384, 0.9702999999999999, 0.970247830718683, '01:41']
[29, 0.05486861616373062, 0.09595683962106705, 0.9715999960899353, 0.9715999999999999, 0.971581074098826, '01:41']

Tiempo de entrenamiento: 3058.30 segundos
/mnt/homeGPU/haoweihu/TFG/lib/python3.10/site-packages/fastai/learner.py:455: UserWarning: load_learner` uses Python's insecure pickle module, which can execute malicious arbitrary code when loading. Only load files you trust.
If you only need to load model weights and optimizer state, use the safe `Learner.load` instead.
  warn("load_learner` uses Python's insecure pickle module, which can execute malicious arbitrary code when loading. Only load files you trust.\nIf you only need to load model weights and optimizer state, use the safe `Learner.load` instead.")
Loss (valid): 0.0960
Accuracy (valid): 0.9716
Recall (valid): 0.9716
F1-Score (valid): 0.9716
/mnt/homeGPU/haoweihu/TFG/lib/python3.10/site-packages/torchvision/models/_utils.py:208: UserWarning: The parameter 'pretrained' is deprecated since 0.13 and may be removed in the future, please use 'weights' instead.
  warnings.warn(
/mnt/homeGPU/haoweihu/TFG/lib/python3.10/site-packages/torchvision/models/_utils.py:223: UserWarning: Arguments other than a weight enum or `None` for 'weights' are deprecated since 0.13 and may be removed in the future. The current behavior is equivalent to passing `weights=EfficientNet_V2_S_Weights.IMAGENET1K_V1`. You can also use `weights=EfficientNet_V2_S_Weights.DEFAULT` to get the most up-to-date weights.
  warnings.warn(msg)
Loss (test): 0.1033
Accuracy (test): 0.9678
Recall (test): 0.9678
F1-Score (test): 0.9678
---------------------------------------------------------------------------
Ejecutando: cifar_50pct_effnetv2s_fps_pre2_titan
---------------------------------------------------------------------------
False
Número total de imágenes en entrenamiento: 18874
Número total de imágenes en validación: 10000
Clases: ['airplane', 'automobile', 'bird', 'cat', 'deer', 'dog', 'frog', 'horse', 'ship', 'truck']
weights = None
[0, 2.0113298892974854, 1.043044924736023, 0.6654000282287598, 0.6654, 0.6599046059126454, '02:41']
[1, 1.3958255052566528, 0.7221501469612122, 0.7724000215530396, 0.7724, 0.7715502105062437, '01:58']
[2, 1.0001345872879028, 0.5398712754249573, 0.8269000053405762, 0.8269, 0.8262655812624635, '01:58']
[3, 0.7461550831794739, 0.41473907232284546, 0.8673999905586243, 0.8674, 0.8666585133437975, '01:59']
[4, 0.5342259407043457, 0.27461472153663635, 0.9100000262260437, 0.9100000000000001, 0.9094946229480204, '01:59']
[5, 0.37894415855407715, 0.2052404284477234, 0.9341999888420105, 0.9342, 0.9338100291337886, '01:58']
[6, 0.2974889874458313, 0.16078311204910278, 0.9473999738693237, 0.9474, 0.947270840782578, '01:58']
[7, 0.2555500566959381, 0.14026643335819244, 0.9541000127792358, 0.9541000000000001, 0.9540534347520149, '01:58']
[8, 0.2061728835105896, 0.12341262400150299, 0.9595999717712402, 0.9596, 0.9595311302426813, '01:58']
[9, 0.19517245888710022, 0.1191265881061554, 0.9603000283241272, 0.9602999999999999, 0.9602914171978689, '01:58']
[10, 0.15321649610996246, 0.11672373116016388, 0.9599999785423279, 0.96, 0.959916894891151, '01:58']
[11, 0.14429523050785065, 0.10435038805007935, 0.9656000137329102, 0.9655999999999999, 0.965568232959758, '01:58']
[12, 0.13426785171031952, 0.10166194289922714, 0.9663000106811523, 0.9663, 0.966279597141966, '01:58']
[13, 0.11971495300531387, 0.10473110526800156, 0.9659000039100647, 0.9659000000000001, 0.9658454040434084, '01:58']
[14, 0.10389291495084763, 0.09922105073928833, 0.9674999713897705, 0.9675, 0.9674459163043029, '01:58']
[15, 0.09523484855890274, 0.10221967101097107, 0.9684000015258789, 0.9683999999999999, 0.9683360960228578, '01:58']
[16, 0.09036317467689514, 0.09420844912528992, 0.9697999954223633, 0.9698, 0.9697567486022836, '01:58']
[17, 0.08539806306362152, 0.09947916865348816, 0.968999981880188, 0.969, 0.9689627724277384, '01:58']
[18, 0.07604262977838516, 0.10093390196561813, 0.968999981880188, 0.969, 0.9689456489706426, '01:58']
[19, 0.0664549395442009, 0.09571817517280579, 0.9714000225067139, 0.9714, 0.9713663938454061, '01:58']
[20, 0.0746886283159256, 0.09756587445735931, 0.9708999991416931, 0.9709000000000001, 0.9708620706539458, '01:58']
[21, 0.06301558017730713, 0.0957627221941948, 0.9708999991416931, 0.9709000000000001, 0.9708805306469526, '01:58']
No improvement since epoch 16: early stopping

Tiempo de entrenamiento: 2652.59 segundos
/mnt/homeGPU/haoweihu/TFG/lib/python3.10/site-packages/fastai/learner.py:455: UserWarning: load_learner` uses Python's insecure pickle module, which can execute malicious arbitrary code when loading. Only load files you trust.
If you only need to load model weights and optimizer state, use the safe `Learner.load` instead.
  warn("load_learner` uses Python's insecure pickle module, which can execute malicious arbitrary code when loading. Only load files you trust.\nIf you only need to load model weights and optimizer state, use the safe `Learner.load` instead.")
Loss (valid): 0.0958
Accuracy (valid): 0.9709
Recall (valid): 0.9709
F1-Score (valid): 0.9709
/mnt/homeGPU/haoweihu/TFG/lib/python3.10/site-packages/torchvision/models/_utils.py:208: UserWarning: The parameter 'pretrained' is deprecated since 0.13 and may be removed in the future, please use 'weights' instead.
  warnings.warn(
/mnt/homeGPU/haoweihu/TFG/lib/python3.10/site-packages/torchvision/models/_utils.py:223: UserWarning: Arguments other than a weight enum or `None` for 'weights' are deprecated since 0.13 and may be removed in the future. The current behavior is equivalent to passing `weights=EfficientNet_V2_S_Weights.IMAGENET1K_V1`. You can also use `weights=EfficientNet_V2_S_Weights.DEFAULT` to get the most up-to-date weights.
  warnings.warn(msg)
Loss (test): 0.1029
Accuracy (test): 0.9698
Recall (test): 0.9698
F1-Score (test): 0.9697
---------------------------------------------------------------------------
Ejecutando: cifar_60pct_effnetv2s_fps_pre2_titan
---------------------------------------------------------------------------
False
Número total de imágenes en entrenamiento: 21842
Número total de imágenes en validación: 10000
Clases: ['airplane', 'automobile', 'bird', 'cat', 'deer', 'dog', 'frog', 'horse', 'ship', 'truck']
weights = None
[0, 1.8496862649917603, nan, 0.6949999928474426, 0.6950000000000001, 0.6916875489879213, '02:51']
[1, 1.2636938095092773, 0.6680415272712708, 0.784600019454956, 0.7846, 0.7837359426207456, '02:12']
[2, 0.9016202688217163, nan, 0.8464999794960022, 0.8465, 0.8460363474507909, '02:13']
[3, 0.639616072177887, 0.45160356163978577, 0.8895999789237976, 0.8896, 0.8895565793812876, '02:13']
[4, 0.46710994839668274, nan, 0.9225000143051147, 0.9225000000000001, 0.9220415675054134, '02:12']
[5, 0.31715676188468933, 0.18577367067337036, 0.9379000067710876, 0.9379, 0.9377305238151225, '02:12']
[6, 0.26359081268310547, 0.14934460818767548, 0.9503999948501587, 0.9503999999999999, 0.9502812163856145, '02:13']
[7, 0.22226697206497192, 0.13130494952201843, 0.9574999809265137, 0.9574999999999999, 0.9574323075228092, '02:13']
[8, 0.18963705003261566, 0.12687265872955322, 0.958899974822998, 0.9588999999999999, 0.9588736087325274, '02:13']
[9, 0.1698123812675476, 0.10791458934545517, 0.9653000235557556, 0.9653, 0.9652800159827816, '02:13']
[10, 0.1476449966430664, 0.10395865142345428, 0.964900016784668, 0.9649000000000001, 0.9648401606943533, '02:12']
[11, 0.13373006880283356, 0.10875560343265533, 0.9656999707221985, 0.9657, 0.9655919241686963, '02:13']
[12, 0.12944675981998444, 0.10334794968366623, 0.965499997138977, 0.9655000000000001, 0.9654110583956843, '02:12']
[13, 0.1124347671866417, 0.0992477685213089, 0.9681000113487244, 0.9681000000000001, 0.9680322189255393, '02:13']
[14, 0.09724478423595428, 0.09822897613048553, 0.9686999917030334, 0.9686999999999999, 0.9686547671131767, '02:13']
[15, 0.1093621477484703, 0.10253216326236725, 0.9667999744415283, 0.9668000000000001, 0.9667137495119972, '02:12']
[16, 0.08053801953792572, 0.0965285524725914, 0.9696999788284302, 0.9696999999999999, 0.9696715275406997, '02:13']
[17, 0.07469789683818817, 0.09169265627861023, 0.9710000157356262, 0.9709999999999999, 0.9709973597665403, '02:12']
[18, 0.08667488396167755, 0.09542718529701233, 0.9702000021934509, 0.9702, 0.9701573823394884, '02:12']
[19, 0.06681986898183823, 0.09520022571086884, 0.97079998254776, 0.9708, 0.9707550153157781, '02:13']
[20, 0.06677573919296265, 0.09381696581840515, 0.9718999862670898, 0.9719000000000001, 0.9718416931165921, '02:12']
[21, 0.06418745219707489, 0.09262565523386002, 0.9707000255584717, 0.9706999999999999, 0.9706369055429042, '02:13']
[22, 0.05473428964614868, 0.0915234163403511, 0.9718000292778015, 0.9718, 0.9717517842675603, '02:13']
[23, 0.061791643500328064, 0.09121162444353104, 0.9735000133514404, 0.9734999999999999, 0.9734577677352828, '02:12']
[24, 0.05082910507917404, 0.09441807121038437, 0.9710000157356262, 0.9710000000000001, 0.9709203013299188, '02:12']
[25, 0.051951441913843155, 0.09201975911855698, 0.9718999862670898, 0.9719, 0.9718403177424888, '02:12']
[26, 0.046114400029182434, 0.09069095551967621, 0.9724000096321106, 0.9723999999999998, 0.9723324572160713, '02:12']
[27, 0.05297700688242912, 0.08840329200029373, 0.9722999930381775, 0.9723, 0.9722558569803861, '02:12']
[28, 0.04807199910283089, 0.08991044759750366, 0.9728000164031982, 0.9728, 0.9727468231724806, '02:12']
[29, 0.051249705255031586, 0.09046406298875809, 0.972000002861023, 0.9719999999999999, 0.9719357647550584, '02:12']

Tiempo de entrenamiento: 4026.40 segundos
/mnt/homeGPU/haoweihu/TFG/lib/python3.10/site-packages/fastai/learner.py:455: UserWarning: load_learner` uses Python's insecure pickle module, which can execute malicious arbitrary code when loading. Only load files you trust.
If you only need to load model weights and optimizer state, use the safe `Learner.load` instead.
  warn("load_learner` uses Python's insecure pickle module, which can execute malicious arbitrary code when loading. Only load files you trust.\nIf you only need to load model weights and optimizer state, use the safe `Learner.load` instead.")
Loss (valid): 0.0905
Accuracy (valid): 0.9720
Recall (valid): 0.9720
F1-Score (valid): 0.9719
/mnt/homeGPU/haoweihu/TFG/lib/python3.10/site-packages/torchvision/models/_utils.py:208: UserWarning: The parameter 'pretrained' is deprecated since 0.13 and may be removed in the future, please use 'weights' instead.
  warnings.warn(
/mnt/homeGPU/haoweihu/TFG/lib/python3.10/site-packages/torchvision/models/_utils.py:223: UserWarning: Arguments other than a weight enum or `None` for 'weights' are deprecated since 0.13 and may be removed in the future. The current behavior is equivalent to passing `weights=EfficientNet_V2_S_Weights.IMAGENET1K_V1`. You can also use `weights=EfficientNet_V2_S_Weights.DEFAULT` to get the most up-to-date weights.
  warnings.warn(msg)
Loss (test): 0.0960
Accuracy (test): 0.9721
Recall (test): 0.9721
F1-Score (test): 0.9720
---------------------------------------------------------------------------
Ejecutando: cifar_70pct_effnetv2s_fps_pre2_titan
---------------------------------------------------------------------------
False
Número total de imágenes en entrenamiento: 24956
Número total de imágenes en validación: 10000
Clases: ['airplane', 'automobile', 'bird', 'cat', 'deer', 'dog', 'frog', 'horse', 'ship', 'truck']
weights = None
[0, 1.7970272302627563, 0.9297104477882385, 0.6958000063896179, 0.6958, 0.6909027576802116, '02:58']
[1, 1.2636644840240479, 0.6306763887405396, 0.7968999743461609, 0.7969, 0.7938594034702503, '02:26']
[2, 0.8619810938835144, 0.5665384531021118, 0.8526999950408936, 0.8527000000000001, 0.8515820043453175, '02:26']
[3, 0.595111072063446, 0.3149283230304718, 0.90420001745224, 0.9042, 0.9037972494828205, '02:26']
[4, 0.3993804454803467, 0.20184670388698578, 0.9308000206947327, 0.9308, 0.9306487248464068, '02:26']
[5, 0.30089765787124634, 0.15935835242271423, 0.9466999769210815, 0.9466999999999999, 0.9466403286933174, '02:27']
[6, 0.24839507043361664, 0.1292739361524582, 0.95660001039505, 0.9565999999999999, 0.9565074121692044, '02:26']
[7, 0.21593856811523438, 0.11830952018499374, 0.9607999920845032, 0.9608000000000001, 0.9606573316714266, '02:26']
[8, 0.17229564487934113, 0.11247752606868744, 0.9634000062942505, 0.9634, 0.9633369392095169, '02:28']
[9, 0.1581512987613678, 0.1039438247680664, 0.9649999737739563, 0.9649999999999999, 0.964958398396249, '02:26']
[10, 0.15054598450660706, 0.09914734959602356, 0.967199981212616, 0.9672000000000001, 0.967087894472089, '02:26']
[11, 0.12095338851213455, 0.09242191910743713, 0.9695000052452087, 0.9695, 0.9694621405814479, '02:27']
[12, 0.1165132001042366, 0.09427856653928757, 0.9692000150680542, 0.9691999999999998, 0.9690833142632742, '02:27']
[13, 0.1021643579006195, 0.08601687848567963, 0.972100019454956, 0.9721, 0.9720095030276283, '02:27']
[14, 0.09718857705593109, 0.08684498071670532, 0.9733999967575073, 0.9734, 0.9733607801778831, '02:27']
[15, 0.08853611350059509, 0.08550361543893814, 0.9732999801635742, 0.9732999999999998, 0.973288805585279, '02:27']
[16, 0.0820600613951683, 0.08437050133943558, 0.9726999998092651, 0.9727, 0.9726670305300482, '02:27']
[17, 0.07389868795871735, 0.08303876966238022, 0.9735999703407288, 0.9736, 0.9735436652613029, '02:27']
[18, 0.07390664517879486, 0.08128777146339417, 0.9739000201225281, 0.9739000000000001, 0.9738480702686267, '02:27']
[19, 0.07059469074010849, 0.08474693447351456, 0.9746000170707703, 0.9745999999999999, 0.974573693755081, '02:27']
[20, 0.06366924196481705, 0.08678624033927917, 0.9725000262260437, 0.9724999999999999, 0.972415111073126, '02:27']
[21, 0.06255892664194107, 0.08069725334644318, 0.9750000238418579, 0.975, 0.974953370036814, '02:27']
[22, 0.05777831748127937, 0.08156387507915497, 0.9754999876022339, 0.9755, 0.9754340578854211, '02:26']
[23, 0.05436088517308235, 0.08177433907985687, 0.974399983882904, 0.9743999999999999, 0.9743472853688491, '02:27']
[24, 0.052365489304065704, 0.08082820475101471, 0.9751999974250793, 0.9751999999999998, 0.9751109897095136, '02:27']
[25, 0.05124325677752495, 0.08050824701786041, 0.9751999974250793, 0.9751999999999998, 0.9751585943426917, '02:27']
[26, 0.04325081408023834, 0.08037859946489334, 0.9749000072479248, 0.9749000000000001, 0.9748480767097037, '02:27']
[27, 0.0537702701985836, 0.08211185038089752, 0.974399983882904, 0.9743999999999999, 0.974321923649198, '02:27']
[28, 0.04943166300654411, 0.08021081238985062, 0.9753999710083008, 0.9753999999999999, 0.9753578281233866, '02:27']
[29, 0.04370957240462303, 0.08247670531272888, 0.9746999740600586, 0.9746999999999998, 0.9746101964243955, '02:27']

Tiempo de entrenamiento: 4449.70 segundos
/mnt/homeGPU/haoweihu/TFG/lib/python3.10/site-packages/fastai/learner.py:455: UserWarning: load_learner` uses Python's insecure pickle module, which can execute malicious arbitrary code when loading. Only load files you trust.
If you only need to load model weights and optimizer state, use the safe `Learner.load` instead.
  warn("load_learner` uses Python's insecure pickle module, which can execute malicious arbitrary code when loading. Only load files you trust.\nIf you only need to load model weights and optimizer state, use the safe `Learner.load` instead.")
Loss (valid): 0.0825
Accuracy (valid): 0.9747
Recall (valid): 0.9747
F1-Score (valid): 0.9746
/mnt/homeGPU/haoweihu/TFG/lib/python3.10/site-packages/torchvision/models/_utils.py:208: UserWarning: The parameter 'pretrained' is deprecated since 0.13 and may be removed in the future, please use 'weights' instead.
  warnings.warn(
/mnt/homeGPU/haoweihu/TFG/lib/python3.10/site-packages/torchvision/models/_utils.py:223: UserWarning: Arguments other than a weight enum or `None` for 'weights' are deprecated since 0.13 and may be removed in the future. The current behavior is equivalent to passing `weights=EfficientNet_V2_S_Weights.IMAGENET1K_V1`. You can also use `weights=EfficientNet_V2_S_Weights.DEFAULT` to get the most up-to-date weights.
  warnings.warn(msg)
Loss (test): 0.0953
Accuracy (test): 0.9731
Recall (test): 0.9730
F1-Score (test): 0.9730
---------------------------------------------------------------------------
Ejecutando: cifar_80pct_effnetv2s_fps_pre2_titan
---------------------------------------------------------------------------
False
Número total de imágenes en entrenamiento: 27443
Número total de imágenes en validación: 10000
Clases: ['airplane', 'automobile', 'bird', 'cat', 'deer', 'dog', 'frog', 'horse', 'ship', 'truck']
weights = None
[0, 1.6994812488555908, 0.9330887794494629, 0.6955999732017517, 0.6956, 0.6938282352679473, '03:09']
[1, 1.13021719455719, 0.6222700476646423, 0.8036999702453613, 0.8037000000000001, 0.803068723486047, '02:39']
[2, 0.7920848727226257, 0.4320746660232544, 0.8623999953269958, 0.8624, 0.8617152578434901, '02:39']
[3, 0.5140138268470764, 0.28008201718330383, 0.9075999855995178, 0.9076000000000001, 0.9071848275474063, '02:39']
[4, 0.39020147919654846, 0.19303153455257416, 0.9351999759674072, 0.9351999999999998, 0.9351786583086312, '02:39']
[5, 0.2996175289154053, 0.1452404409646988, 0.9498999714851379, 0.9498999999999999, 0.949822937620881, '02:39']
[6, 0.2383861541748047, 0.12307983636856079, 0.9587000012397766, 0.9587, 0.9587273260061637, '02:39']
[7, 0.19854716956615448, 0.11027611047029495, 0.9628000259399414, 0.9628, 0.9627596935509342, '02:39']
[8, 0.16624613106250763, 0.10247429460287094, 0.9649999737739563, 0.9650000000000001, 0.964977854539533, '02:39']
[9, 0.1427641361951828, 0.1014048308134079, 0.965399980545044, 0.9654, 0.9653717855015224, '02:39']
[10, 0.13233566284179688, 0.091469407081604, 0.9682000279426575, 0.9681999999999998, 0.9681731498510316, '02:39']
[11, 0.1279013752937317, 0.09164987504482269, 0.9710000157356262, 0.9710000000000001, 0.970983840572327, '02:39']
[12, 0.10983514040708542, 0.08786822110414505, 0.9704999923706055, 0.9704999999999998, 0.9704831144024879, '02:38']
[13, 0.09838856756687164, 0.08598394691944122, 0.9732999801635742, 0.9733, 0.9733103495819131, '02:39']
[14, 0.11008305102586746, 0.08325973153114319, 0.9732999801635742, 0.9732999999999998, 0.9733033635472739, '02:39']
[15, 0.09133658558130264, 0.08600196242332458, 0.9724000096321106, 0.9724, 0.9723749920834941, '02:39']
[16, 0.07581529021263123, 0.08329235762357712, 0.9725000262260437, 0.9724999999999999, 0.9724874028912982, '02:39']
[17, 0.07127231359481812, 0.08580271899700165, 0.9724000096321106, 0.9724, 0.9724063518603707, '02:39']
[18, 0.06634068489074707, 0.08369768410921097, 0.9733999967575073, 0.9734, 0.97340876710459, '02:39']
[19, 0.05019277334213257, 0.0840221643447876, 0.972599983215332, 0.9725999999999999, 0.9725678396934436, '02:40']
No improvement since epoch 14: early stopping

Tiempo de entrenamiento: 3216.30 segundos
/mnt/homeGPU/haoweihu/TFG/lib/python3.10/site-packages/fastai/learner.py:455: UserWarning: load_learner` uses Python's insecure pickle module, which can execute malicious arbitrary code when loading. Only load files you trust.
If you only need to load model weights and optimizer state, use the safe `Learner.load` instead.
  warn("load_learner` uses Python's insecure pickle module, which can execute malicious arbitrary code when loading. Only load files you trust.\nIf you only need to load model weights and optimizer state, use the safe `Learner.load` instead.")
Loss (valid): 0.0840
Accuracy (valid): 0.9726
Recall (valid): 0.9726
F1-Score (valid): 0.9726
/mnt/homeGPU/haoweihu/TFG/lib/python3.10/site-packages/torchvision/models/_utils.py:208: UserWarning: The parameter 'pretrained' is deprecated since 0.13 and may be removed in the future, please use 'weights' instead.
  warnings.warn(
/mnt/homeGPU/haoweihu/TFG/lib/python3.10/site-packages/torchvision/models/_utils.py:223: UserWarning: Arguments other than a weight enum or `None` for 'weights' are deprecated since 0.13 and may be removed in the future. The current behavior is equivalent to passing `weights=EfficientNet_V2_S_Weights.IMAGENET1K_V1`. You can also use `weights=EfficientNet_V2_S_Weights.DEFAULT` to get the most up-to-date weights.
  warnings.warn(msg)
Loss (test): 0.0893
Accuracy (test): 0.9746
Recall (test): 0.9746
F1-Score (test): 0.9745
---------------------------------------------------------------------------
Ejecutando: cifar_90pct_effnetv2s_fps_pre2_titan
---------------------------------------------------------------------------
False
Número total de imágenes en entrenamiento: 29801
Número total de imágenes en validación: 10000
Clases: ['airplane', 'automobile', 'bird', 'cat', 'deer', 'dog', 'frog', 'horse', 'ship', 'truck']
weights = None
[0, 1.6473972797393799, 0.9013280272483826, 0.7077999711036682, 0.7078, 0.7051985600773895, '03:28']
[1, 1.0758188962936401, nan, 0.8104000091552734, 0.8103999999999999, 0.8093143954979288, '02:50']
[2, 0.7492024302482605, 0.4245389699935913, 0.86080002784729, 0.8608, 0.8604193462174001, '02:50']
[3, 0.4831419289112091, 0.32906270027160645, 0.9132999777793884, 0.9133000000000001, 0.913015616679463, '02:50']
[4, 0.354910671710968, 0.20316635072231293, 0.9308000206947327, 0.9308, 0.9304803665099275, '02:50']
[5, 0.26642829179763794, 0.14435164630413055, 0.9513999819755554, 0.9513999999999999, 0.9513539492882165, '02:51']
[6, 0.21622416377067566, 0.11982172727584839, 0.9602000117301941, 0.9601999999999998, 0.960225637100185, '02:50']
[7, 0.19405865669250488, 0.10642257332801819, 0.9648000001907349, 0.9648, 0.9646284462815174, '02:50']
[8, 0.16569583117961884, 0.09759581834077835, 0.9689000248908997, 0.9689, 0.9689018316160614, '02:50']
[9, 0.1437564641237259, 0.09701158851385117, 0.9686999917030334, 0.9686999999999999, 0.968668771092878, '02:50']
[10, 0.13374128937721252, 0.09107959270477295, 0.9700999855995178, 0.9701000000000001, 0.970022596063233, '02:50']
[11, 0.12964552640914917, 0.08569592982530594, 0.9735000133514404, 0.9735000000000001, 0.973445182620711, '02:50']
[12, 0.1091206818819046, 0.08609074354171753, 0.9722999930381775, 0.9723, 0.9722228508253572, '02:50']
[13, 0.10087382793426514, 0.0810176357626915, 0.9749000072479248, 0.9749000000000001, 0.9748588441666511, '02:50']
[14, 0.08776579797267914, 0.08150166273117065, 0.9743000268936157, 0.9742999999999998, 0.9742672301452584, '02:50']
[15, 0.07844024896621704, 0.08176334947347641, 0.9753000140190125, 0.9753000000000001, 0.9752879366889194, '02:50']
[16, 0.07789056748151779, 0.08128304779529572, 0.9754999876022339, 0.9755, 0.9754478214639501, '02:50']
[17, 0.06537095457315445, 0.08000786602497101, 0.9751999974250793, 0.9751999999999998, 0.9751411220763151, '02:50']
[18, 0.06797142326831818, 0.07906640321016312, 0.9761000275611877, 0.9761, 0.9760851751313094, '02:50']
[19, 0.07066934555768967, 0.08032626658678055, 0.9765999913215637, 0.9766, 0.9765781788198314, '02:50']
[20, 0.05561240762472153, 0.07982438802719116, 0.9765999913215637, 0.9766, 0.9765561459037494, '02:51']
[21, 0.047589585185050964, 0.07926499843597412, 0.9765999913215637, 0.9766, 0.9765651480640569, '02:50']
[22, 0.0622919499874115, 0.07698207348585129, 0.9771999716758728, 0.9772000000000002, 0.9771774313394754, '02:50']
[23, 0.052051007747650146, 0.07687161862850189, 0.9765999913215637, 0.9766, 0.9765845216226927, '02:51']
[24, 0.04376356303691864, 0.07901807129383087, 0.9763000011444092, 0.9763, 0.9762609878787633, '02:50']
[25, 0.04964705556631088, 0.0775923877954483, 0.9768000245094299, 0.9767999999999999, 0.9767781600717627, '02:50']
[26, 0.045606426894664764, 0.0784553810954094, 0.9771000146865845, 0.9770999999999999, 0.9770633905920132, '02:51']
[27, 0.04476973041892052, 0.07526309788227081, 0.9769999980926514, 0.977, 0.9769862304855964, '02:50']
[28, 0.04112419858574867, 0.0772530809044838, 0.9768000245094299, 0.9768000000000001, 0.976765055067468, '02:50']
[29, 0.044460996985435486, 0.07772508263587952, 0.9771999716758728, 0.9772000000000001, 0.9771656940286093, '02:50']

Tiempo de entrenamiento: 5156.05 segundos
/mnt/homeGPU/haoweihu/TFG/lib/python3.10/site-packages/fastai/learner.py:455: UserWarning: load_learner` uses Python's insecure pickle module, which can execute malicious arbitrary code when loading. Only load files you trust.
If you only need to load model weights and optimizer state, use the safe `Learner.load` instead.
  warn("load_learner` uses Python's insecure pickle module, which can execute malicious arbitrary code when loading. Only load files you trust.\nIf you only need to load model weights and optimizer state, use the safe `Learner.load` instead.")
Loss (valid): 0.0777
Accuracy (valid): 0.9772
Recall (valid): 0.9772
F1-Score (valid): 0.9772
Loss (test): 0.0884
Accuracy (test): 0.9741
Recall (test): 0.9741
F1-Score (test): 0.9740
mail: cannot send message: Process exited with a non-zero status
