/mnt/homeGPU/haoweihu/TFG/lib/python3.10/site-packages/torchvision/models/_utils.py:208: UserWarning: The parameter 'pretrained' is deprecated since 0.13 and may be removed in the future, please use 'weights' instead.
  warnings.warn(
/mnt/homeGPU/haoweihu/TFG/lib/python3.10/site-packages/torchvision/models/_utils.py:223: UserWarning: Arguments other than a weight enum or `None` for 'weights' are deprecated since 0.13 and may be removed in the future. The current behavior is equivalent to passing `weights=EfficientNet_V2_S_Weights.IMAGENET1K_V1`. You can also use `weights=EfficientNet_V2_S_Weights.DEFAULT` to get the most up-to-date weights.
  warnings.warn(msg)
---------------------------------------------------------------------------
Ejecutando: cifar_10pct_effnetv2s_fps_pre
---------------------------------------------------------------------------
False
Número total de imágenes en entrenamiento: 3994
Número total de imágenes en validación: 10000
Clases: ['airplane', 'automobile', 'bird', 'cat', 'deer', 'dog', 'frog', 'horse', 'ship', 'truck']
weights = None
[0, 3.253882884979248, 1.9120745658874512, 0.3476000130176544, 0.34759999999999996, 0.3384367138394083, '01:15']
[1, 2.55110239982605, 1.1931689977645874, 0.6098999977111816, 0.6099, 0.6023499915055224, '00:48']
[2, 1.971345067024231, nan, 0.703499972820282, 0.7034999999999999, 0.7005531233831638, '00:48']
[3, 1.5845619440078735, 0.7660839557647705, 0.7556999921798706, 0.7556999999999999, 0.7536613638710453, '00:48']
[4, 1.331884741783142, 0.6484538316726685, 0.7900999784469604, 0.7901, 0.7887485763863556, '00:48']
[5, 1.1492714881896973, 0.5444296002388, 0.8252999782562256, 0.8253, 0.8247288714851623, '00:48']
[6, 0.9722104072570801, 0.4863019585609436, 0.8428999781608582, 0.8429, 0.8420411313212076, '00:48']
[7, 0.8133314847946167, 0.42671117186546326, 0.8621000051498413, 0.8621000000000001, 0.8609750646341523, '00:48']
[8, 0.7031466364860535, 0.3571731150150299, 0.8866999745368958, 0.8866999999999999, 0.8864458423571927, '00:48']
[9, 0.6028274893760681, 0.3334043622016907, 0.8883000016212463, 0.8883000000000001, 0.887929871143929, '00:48']
[10, 0.5096911191940308, 0.284259557723999, 0.9061999917030334, 0.9062000000000001, 0.9059108563468575, '00:48']
[11, 0.4369727373123169, 0.27189353108406067, 0.9110000133514404, 0.9110000000000001, 0.9109254849186019, '00:48']
[12, 0.40853026509284973, 0.24818134307861328, 0.9204999804496765, 0.9205, 0.9202529776005518, '00:48']
[13, 0.35546690225601196, 0.2493065893650055, 0.9197999835014343, 0.9198000000000001, 0.9194471571090478, '00:48']
[14, 0.34341198205947876, 0.2329336702823639, 0.9222000241279602, 0.9221999999999999, 0.9219996646165457, '00:48']
[15, 0.31532108783721924, 0.21759963035583496, 0.9291999936103821, 0.9292, 0.9290270720858347, '00:48']
[16, 0.2906213700771332, 0.2165537178516388, 0.9297000169754028, 0.9296999999999999, 0.9294274432065649, '00:48']
[17, 0.24757909774780273, 0.2107013612985611, 0.9332000017166138, 0.9332, 0.9329149694411589, '00:48']
[18, 0.2379637360572815, 0.19846878945827484, 0.9345999956130981, 0.9346, 0.9344041723474492, '00:47']
[19, 0.21542587876319885, 0.2017797827720642, 0.9355000257492065, 0.9355, 0.9352774135747159, '00:48']
[20, 0.19112183153629303, 0.1987832933664322, 0.9347000122070312, 0.9347, 0.934543409157053, '00:47']
[21, 0.17882326245307922, 0.2033623605966568, 0.9344000220298767, 0.9343999999999999, 0.9341059567706766, '00:48']
[22, 0.18040630221366882, 0.19262556731700897, 0.9388999938964844, 0.9389, 0.9386597696842391, '00:49']
[23, 0.1719026416540146, 0.19284003973007202, 0.9370999932289124, 0.9371, 0.9368945603688003, '00:48']
[24, 0.17361538112163544, 0.19158491492271423, 0.9372000098228455, 0.9372, 0.9369190126248268, '00:48']
[25, 0.15814700722694397, 0.18455204367637634, 0.9406999945640564, 0.9407, 0.9406113179990532, '00:48']
[26, 0.1476716548204422, 0.18980875611305237, 0.9387999773025513, 0.9388, 0.9386076896937272, '00:48']
[27, 0.13992734253406525, 0.18859775364398956, 0.9390000104904175, 0.9390000000000001, 0.9388324384714087, '00:48']
[28, 0.15228483080863953, 0.18541735410690308, 0.9399999976158142, 0.9400000000000002, 0.939827462661523, '00:48']
[29, 0.1354251652956009, 0.18832562863826752, 0.9401999711990356, 0.9402000000000001, 0.9400215700095446, '00:48']

Tiempo de entrenamiento: 1478.19 segundos
/mnt/homeGPU/haoweihu/TFG/lib/python3.10/site-packages/fastai/learner.py:455: UserWarning: load_learner` uses Python's insecure pickle module, which can execute malicious arbitrary code when loading. Only load files you trust.
If you only need to load model weights and optimizer state, use the safe `Learner.load` instead.
  warn("load_learner` uses Python's insecure pickle module, which can execute malicious arbitrary code when loading. Only load files you trust.\nIf you only need to load model weights and optimizer state, use the safe `Learner.load` instead.")
Loss (valid): 0.1883
Accuracy (valid): 0.9402
Recall (valid): 0.9402
F1-Score (valid): 0.9400
/mnt/homeGPU/haoweihu/TFG/lib/python3.10/site-packages/torchvision/models/_utils.py:208: UserWarning: The parameter 'pretrained' is deprecated since 0.13 and may be removed in the future, please use 'weights' instead.
  warnings.warn(
/mnt/homeGPU/haoweihu/TFG/lib/python3.10/site-packages/torchvision/models/_utils.py:223: UserWarning: Arguments other than a weight enum or `None` for 'weights' are deprecated since 0.13 and may be removed in the future. The current behavior is equivalent to passing `weights=EfficientNet_V2_S_Weights.IMAGENET1K_V1`. You can also use `weights=EfficientNet_V2_S_Weights.DEFAULT` to get the most up-to-date weights.
  warnings.warn(msg)
Loss (test): 0.1983
Accuracy (test): 0.9398
Recall (test): 0.9398
F1-Score (test): 0.9396
---------------------------------------------------------------------------
Ejecutando: cifar_20pct_effnetv2s_fps_pre
---------------------------------------------------------------------------
False
Número total de imágenes en entrenamiento: 7896
Número total de imágenes en validación: 10000
Clases: ['airplane', 'automobile', 'bird', 'cat', 'deer', 'dog', 'frog', 'horse', 'ship', 'truck']
weights = None
[0, 2.8002145290374756, 1.492826223373413, 0.5026999711990356, 0.5026999999999999, 0.4929588679311546, '01:37']
[1, 1.93024480342865, 0.9281192421913147, 0.6948000192642212, 0.6948, 0.6917820078773975, '01:07']
[2, 1.514155387878418, 0.7014210224151611, 0.7692999839782715, 0.7693, 0.7677448894552081, '01:07']
[3, 1.2275140285491943, nan, 0.7993000149726868, 0.7992999999999999, 0.8002182966122475, '01:07']
[4, 0.9713829159736633, nan, 0.859499990940094, 0.8594999999999999, 0.8593637453413843, '01:07']
[5, 0.7828401923179626, nan, 0.8758999705314636, 0.8759, 0.8753179973198778, '01:07']
[6, 0.5676899552345276, 0.2968329191207886, 0.9059000015258789, 0.9059000000000001, 0.9056905973791457, '01:07']
[7, 0.45912468433380127, 0.24565452337265015, 0.9180999994277954, 0.9180999999999999, 0.9177741724733582, '01:07']
[8, 0.3844337463378906, 0.5195057988166809, 0.9290000200271606, 0.9289999999999999, 0.9287881004597214, '01:07']
[9, 0.33447885513305664, nan, 0.9337000250816345, 0.9337, 0.9333874418137207, '01:07']
[10, 0.28030022978782654, 1.0601543188095093, 0.9395999908447266, 0.9396000000000001, 0.9394432415208648, '01:07']
[11, 0.2674373686313629, nan, 0.9409000277519226, 0.9409000000000001, 0.9408774164179077, '01:07']
[12, 0.22036463022232056, 0.15784220397472382, 0.9496999979019165, 0.9497, 0.9495487045258825, '01:07']
[13, 0.21231648325920105, 0.15890485048294067, 0.9487000107765198, 0.9487, 0.9486931066841059, '01:07']
[14, 0.17676927149295807, 0.1570168286561966, 0.9502999782562256, 0.9503, 0.9503118466109026, '01:08']
[15, 0.15685300529003143, 0.14251120388507843, 0.9552000164985657, 0.9551999999999999, 0.9551958549799927, '01:07']
[16, 0.14819715917110443, 0.1452156901359558, 0.9523000121116638, 0.9522999999999999, 0.95217009507653, '01:07']
[17, 0.12277424335479736, 0.15285295248031616, 0.9520999789237976, 0.9521, 0.9520228054629916, '01:07']
[18, 0.12443041801452637, 0.1345311403274536, 0.9564999938011169, 0.9564999999999999, 0.9564106560486575, '01:07']
[19, 0.11672072112560272, 0.13640926778316498, 0.95660001039505, 0.9565999999999999, 0.9565330560599697, '01:08']
[20, 0.1028314009308815, 0.13209693133831024, 0.9603999853134155, 0.9603999999999999, 0.960420907931469, '01:07']
[21, 0.09656462073326111, 0.13929247856140137, 0.9574000239372253, 0.9574, 0.957310984160977, '01:07']
[22, 0.08207006752490997, 0.13468804955482483, 0.9589999914169312, 0.959, 0.9589475145495789, '01:07']
[23, 0.09010666608810425, 0.135599285364151, 0.9588000178337097, 0.9588000000000001, 0.9588009580841714, '01:07']
[24, 0.07872381806373596, 0.13105840981006622, 0.9603000283241272, 0.9602999999999998, 0.9602544047393605, '01:09']
[25, 0.08046244084835052, 0.12968818843364716, 0.9599000215530396, 0.9598999999999999, 0.9598767779173422, '01:08']
[26, 0.0720282644033432, 0.13203121721744537, 0.9596999883651733, 0.9597, 0.9596473721251757, '01:07']
[27, 0.07720886915922165, 0.13168953359127045, 0.9596999883651733, 0.9597, 0.9596462144990048, '01:07']
[28, 0.08285221457481384, 0.1325475126504898, 0.9592999815940857, 0.9593, 0.9592265021467365, '01:07']
[29, 0.07357637584209442, 0.13202524185180664, 0.9592000246047974, 0.9591999999999998, 0.9591259482842709, '01:08']

Tiempo de entrenamiento: 2062.39 segundos
/mnt/homeGPU/haoweihu/TFG/lib/python3.10/site-packages/fastai/learner.py:455: UserWarning: load_learner` uses Python's insecure pickle module, which can execute malicious arbitrary code when loading. Only load files you trust.
If you only need to load model weights and optimizer state, use the safe `Learner.load` instead.
  warn("load_learner` uses Python's insecure pickle module, which can execute malicious arbitrary code when loading. Only load files you trust.\nIf you only need to load model weights and optimizer state, use the safe `Learner.load` instead.")
Loss (valid): 0.1320
Accuracy (valid): 0.9592
Recall (valid): 0.9592
F1-Score (valid): 0.9591
/mnt/homeGPU/haoweihu/TFG/lib/python3.10/site-packages/torchvision/models/_utils.py:208: UserWarning: The parameter 'pretrained' is deprecated since 0.13 and may be removed in the future, please use 'weights' instead.
  warnings.warn(
/mnt/homeGPU/haoweihu/TFG/lib/python3.10/site-packages/torchvision/models/_utils.py:223: UserWarning: Arguments other than a weight enum or `None` for 'weights' are deprecated since 0.13 and may be removed in the future. The current behavior is equivalent to passing `weights=EfficientNet_V2_S_Weights.IMAGENET1K_V1`. You can also use `weights=EfficientNet_V2_S_Weights.DEFAULT` to get the most up-to-date weights.
  warnings.warn(msg)
Loss (test): 0.1352
Accuracy (test): 0.9603
Recall (test): 0.9604
F1-Score (test): 0.9603
---------------------------------------------------------------------------
Ejecutando: cifar_30pct_effnetv2s_fps_pre
---------------------------------------------------------------------------
False
Número total de imágenes en entrenamiento: 11682
Número total de imágenes en validación: 10000
Clases: ['airplane', 'automobile', 'bird', 'cat', 'deer', 'dog', 'frog', 'horse', 'ship', 'truck']
weights = None
[0, 2.491671562194824, 1.2143709659576416, 0.5931000113487244, 0.5931, 0.5856957508017226, '02:03']
[1, 1.6853671073913574, 0.7915094494819641, 0.7430999875068665, 0.7430999999999999, 0.7395652657053832, '01:28']
[2, 1.2531707286834717, 0.6202645301818848, 0.802299976348877, 0.8023, 0.800869539200867, '01:28']
[3, 1.0099045038223267, nan, 0.8442999720573425, 0.8442999999999999, 0.8436023088018656, '01:29']
[4, 0.7394084334373474, 0.38371679186820984, 0.8794000148773193, 0.8794000000000001, 0.8786780415530666, '01:28']
[5, 0.5666705965995789, 0.29793521761894226, 0.902999997138977, 0.9030000000000001, 0.9025814980182918, '01:28']
[6, 0.44236665964126587, 0.22518472373485565, 0.9271000027656555, 0.9270999999999999, 0.9270717732357655, '01:29']
[7, 0.33932918310165405, 0.1903804987668991, 0.9368000030517578, 0.9368000000000001, 0.936631568995589, '01:29']
[8, 0.2919861674308777, 0.1727098822593689, 0.9445000290870667, 0.9445, 0.9444766203955423, '01:28']
[9, 0.2509012222290039, 0.14557448029518127, 0.9526000022888184, 0.9526, 0.9525658856819611, '01:29']
[10, 0.21573494374752045, 0.14265604317188263, 0.9534000158309937, 0.9533999999999999, 0.9533207403048213, '01:29']
[11, 0.1861722618341446, 0.13214576244354248, 0.9588000178337097, 0.9588000000000001, 0.9588047611587699, '01:31']
[12, 0.16926181316375732, 0.13118773698806763, 0.9592999815940857, 0.9593, 0.9592238452094458, '01:28']
[13, 0.15794038772583008, 0.1278318464756012, 0.9611999988555908, 0.9612, 0.9611164242789257, '01:26']
[14, 0.1316869705915451, 0.12502001225948334, 0.9609000086784363, 0.9609, 0.9608661607422266, '01:28']
[15, 0.13212095201015472, 0.12573988735675812, 0.9593999981880188, 0.9593999999999999, 0.9592995539100599, '01:27']
[16, 0.1073487251996994, 0.1237446516752243, 0.9611999988555908, 0.9612, 0.9611052950313992, '01:27']
[17, 0.10338243842124939, 0.11934325098991394, 0.9649999737739563, 0.9650000000000001, 0.9650018626063475, '01:27']
[18, 0.09188079088926315, 0.11686673760414124, 0.964900016784668, 0.9649000000000001, 0.9648987205117766, '01:27']
[19, 0.0978616401553154, 0.11884726583957672, 0.965399980545044, 0.9654, 0.9653448204295293, '01:27']
[20, 0.08498026430606842, 0.12158676981925964, 0.9648000001907349, 0.9648, 0.9647295799716172, '01:27']
[21, 0.07777214050292969, 0.11911211907863617, 0.9639000296592712, 0.9639, 0.9638460569168694, '01:27']
[22, 0.08518483489751816, 0.1160484030842781, 0.9656000137329102, 0.9655999999999999, 0.9655730391925499, '01:27']
[23, 0.06489236652851105, 0.117640420794487, 0.9664999842643738, 0.9664999999999999, 0.9664608237592173, '01:27']
[24, 0.06964489817619324, 0.1164141595363617, 0.9660999774932861, 0.9661, 0.96607582771402, '01:27']
[25, 0.06304022669792175, 0.11558517068624496, 0.9663000106811523, 0.9662999999999998, 0.9662486738427043, '01:27']
[26, 0.057844147086143494, 0.1172025054693222, 0.9664999842643738, 0.9664999999999999, 0.9664285761573408, '01:26']
[27, 0.0614999420940876, 0.11617203056812286, 0.9667999744415283, 0.9667999999999999, 0.9667397954117792, '01:27']
[28, 0.06553871184587479, 0.11835185438394547, 0.9664000272750854, 0.9663999999999998, 0.9663509785354325, '01:27']
[29, 0.05613996833562851, 0.11326230317354202, 0.9678999781608582, 0.9678999999999999, 0.9678582753044995, '01:27']

Tiempo de entrenamiento: 2681.49 segundos
/mnt/homeGPU/haoweihu/TFG/lib/python3.10/site-packages/fastai/learner.py:455: UserWarning: load_learner` uses Python's insecure pickle module, which can execute malicious arbitrary code when loading. Only load files you trust.
If you only need to load model weights and optimizer state, use the safe `Learner.load` instead.
  warn("load_learner` uses Python's insecure pickle module, which can execute malicious arbitrary code when loading. Only load files you trust.\nIf you only need to load model weights and optimizer state, use the safe `Learner.load` instead.")
Loss (valid): 0.1133
Accuracy (valid): 0.9679
Recall (valid): 0.9679
F1-Score (valid): 0.9679
/mnt/homeGPU/haoweihu/TFG/lib/python3.10/site-packages/torchvision/models/_utils.py:208: UserWarning: The parameter 'pretrained' is deprecated since 0.13 and may be removed in the future, please use 'weights' instead.
  warnings.warn(
/mnt/homeGPU/haoweihu/TFG/lib/python3.10/site-packages/torchvision/models/_utils.py:223: UserWarning: Arguments other than a weight enum or `None` for 'weights' are deprecated since 0.13 and may be removed in the future. The current behavior is equivalent to passing `weights=EfficientNet_V2_S_Weights.IMAGENET1K_V1`. You can also use `weights=EfficientNet_V2_S_Weights.DEFAULT` to get the most up-to-date weights.
  warnings.warn(msg)
Loss (test): 0.1168
Accuracy (test): 0.9656
Recall (test): 0.9656
F1-Score (test): 0.9656
---------------------------------------------------------------------------
Ejecutando: cifar_40pct_effnetv2s_fps_pre
---------------------------------------------------------------------------
False
Número total de imágenes en entrenamiento: 15351
Número total de imágenes en validación: 10000
Clases: ['airplane', 'automobile', 'bird', 'cat', 'deer', 'dog', 'frog', 'horse', 'ship', 'truck']
weights = None
[0, 2.1885762214660645, 1.1043764352798462, 0.6409000158309937, 0.6409, 0.6385992740686722, '02:22']
[1, 1.4875140190124512, 0.7420377135276794, 0.7612000107765198, 0.7611999999999999, 0.7609138281097437, '01:47']
[2, 1.1383827924728394, 0.5946954488754272, 0.8149999976158142, 0.8149999999999998, 0.8139693917544617, '01:47']
[3, 0.8161295056343079, 0.43835923075675964, 0.8579999804496765, 0.858, 0.8579547887993317, '01:47']
[4, 0.5998556017875671, 0.2912251949310303, 0.9043999910354614, 0.9043999999999999, 0.9041540607302834, '01:46']
[5, 0.45246437191963196, 0.36687371134757996, 0.926800012588501, 0.9268000000000001, 0.9263537277922518, '01:47']
[6, 0.3246614336967468, 0.17914290726184845, 0.9415000081062317, 0.9414999999999999, 0.9411646954431244, '01:47']
[7, 0.30239686369895935, 0.15238094329833984, 0.949999988079071, 0.95, 0.94983310628554, '01:47']
[8, 0.22744408249855042, 0.132953479886055, 0.955299973487854, 0.9553, 0.9551946551991557, '01:47']
[9, 0.21267780661582947, 0.1270141303539276, 0.9581999778747559, 0.9582, 0.9581868558461055, '01:45']
[10, 0.17256923019886017, 0.12244460731744766, 0.9611999988555908, 0.9612, 0.9611042712550308, '01:45']
[11, 0.1718904823064804, 0.10584040731191635, 0.9660000205039978, 0.966, 0.9659350344915836, '01:45']
[12, 0.14228038489818573, 0.11617545038461685, 0.9624999761581421, 0.9625, 0.9622845220131099, '01:44']
[13, 0.12653987109661102, 0.10959964245557785, 0.9652000069618225, 0.9652, 0.9651892885092188, '01:45']
[14, 0.12185996025800705, 0.10511162132024765, 0.9684000015258789, 0.9683999999999999, 0.9683308685891658, '01:46']
[15, 0.12387075275182724, 0.1047593504190445, 0.968500018119812, 0.9684999999999999, 0.9684924002051932, '01:54']
[16, 0.10149291157722473, 0.11053279042243958, 0.9668999910354614, 0.9669000000000001, 0.96681234959213, '01:45']
[17, 0.08812772482633591, 0.10262119024991989, 0.9704999923706055, 0.9705, 0.9704539488714211, '01:45']
[18, 0.08010368049144745, 0.10100918263196945, 0.9703999757766724, 0.9704, 0.9703622168301431, '01:45']
[19, 0.07971400022506714, 0.10217025876045227, 0.97079998254776, 0.9708, 0.9707441720299501, '01:45']
[20, 0.06402631103992462, 0.10528267920017242, 0.9697999954223633, 0.9698, 0.9697458330734248, '01:45']
[21, 0.07518133521080017, 0.10362903773784637, 0.9700999855995178, 0.9701000000000001, 0.9700253720359564, '01:45']
[22, 0.06847678124904633, 0.09788599610328674, 0.9710999727249146, 0.9710999999999999, 0.9710564838132882, '01:45']
[23, 0.06695444136857986, 0.0963120386004448, 0.9718999862670898, 0.9719000000000001, 0.9718618894945085, '01:45']
[24, 0.06230630353093147, 0.09531424194574356, 0.9714000225067139, 0.9713999999999998, 0.9713852691814233, '01:45']
[25, 0.06176701933145523, 0.09675683826208115, 0.97079998254776, 0.9708, 0.9707782212776529, '01:44']
[26, 0.06077085807919502, 0.099375881254673, 0.9714999794960022, 0.9715, 0.9714606422343838, '01:46']
[27, 0.05882267281413078, 0.09504321962594986, 0.9715999960899353, 0.9715999999999999, 0.9715779800927773, '01:47']
[28, 0.05638423562049866, 0.09631805121898651, 0.9718000292778015, 0.9718, 0.9717745272781355, '01:47']
[29, 0.053815826773643494, 0.09580826759338379, 0.9718999862670898, 0.9719, 0.9718838958991093, '01:47']

Tiempo de entrenamiento: 3229.21 segundos
/mnt/homeGPU/haoweihu/TFG/lib/python3.10/site-packages/fastai/learner.py:455: UserWarning: load_learner` uses Python's insecure pickle module, which can execute malicious arbitrary code when loading. Only load files you trust.
If you only need to load model weights and optimizer state, use the safe `Learner.load` instead.
  warn("load_learner` uses Python's insecure pickle module, which can execute malicious arbitrary code when loading. Only load files you trust.\nIf you only need to load model weights and optimizer state, use the safe `Learner.load` instead.")
Loss (valid): 0.0958
Accuracy (valid): 0.9719
Recall (valid): 0.9719
F1-Score (valid): 0.9719
/mnt/homeGPU/haoweihu/TFG/lib/python3.10/site-packages/torchvision/models/_utils.py:208: UserWarning: The parameter 'pretrained' is deprecated since 0.13 and may be removed in the future, please use 'weights' instead.
  warnings.warn(
/mnt/homeGPU/haoweihu/TFG/lib/python3.10/site-packages/torchvision/models/_utils.py:223: UserWarning: Arguments other than a weight enum or `None` for 'weights' are deprecated since 0.13 and may be removed in the future. The current behavior is equivalent to passing `weights=EfficientNet_V2_S_Weights.IMAGENET1K_V1`. You can also use `weights=EfficientNet_V2_S_Weights.DEFAULT` to get the most up-to-date weights.
  warnings.warn(msg)
Loss (test): 0.1067
Accuracy (test): 0.9700
Recall (test): 0.9700
F1-Score (test): 0.9699
---------------------------------------------------------------------------
Ejecutando: cifar_50pct_effnetv2s_fps_pre
---------------------------------------------------------------------------
False
Número total de imágenes en entrenamiento: 18874
Número total de imágenes en validación: 10000
Clases: ['airplane', 'automobile', 'bird', 'cat', 'deer', 'dog', 'frog', 'horse', 'ship', 'truck']
weights = None
[0, 1.9807167053222656, 1.0114940404891968, 0.6664999723434448, 0.6665, 0.6645520270072367, '02:37']
[1, 1.3801608085632324, 0.7131379842758179, 0.7721999883651733, 0.7722, 0.7720672453259809, '02:03']
[2, 1.0006365776062012, nan, 0.8335000276565552, 0.8334999999999999, 0.8323735058979131, '02:03']
[3, 0.7324633598327637, nan, 0.8790000081062317, 0.8789999999999999, 0.8788207325108959, '02:03']
[4, 0.511898934841156, nan, 0.9061999917030334, 0.9061999999999999, 0.9054302398609977, '02:04']
[5, 0.39719918370246887, nan, 0.9230999946594238, 0.9230999999999998, 0.922764548664041, '02:01']
[6, 0.3004610240459442, nan, 0.9424999952316284, 0.9424999999999999, 0.942286646409959, '02:01']
No improvement since epoch 1: early stopping

Tiempo de entrenamiento: 896.08 segundos
/mnt/homeGPU/haoweihu/TFG/lib/python3.10/site-packages/fastai/learner.py:455: UserWarning: load_learner` uses Python's insecure pickle module, which can execute malicious arbitrary code when loading. Only load files you trust.
If you only need to load model weights and optimizer state, use the safe `Learner.load` instead.
  warn("load_learner` uses Python's insecure pickle module, which can execute malicious arbitrary code when loading. Only load files you trust.\nIf you only need to load model weights and optimizer state, use the safe `Learner.load` instead.")
Loss (valid): nan
Accuracy (valid): 0.9425
Recall (valid): 0.9425
F1-Score (valid): 0.9423
/mnt/homeGPU/haoweihu/TFG/lib/python3.10/site-packages/torchvision/models/_utils.py:208: UserWarning: The parameter 'pretrained' is deprecated since 0.13 and may be removed in the future, please use 'weights' instead.
  warnings.warn(
/mnt/homeGPU/haoweihu/TFG/lib/python3.10/site-packages/torchvision/models/_utils.py:223: UserWarning: Arguments other than a weight enum or `None` for 'weights' are deprecated since 0.13 and may be removed in the future. The current behavior is equivalent to passing `weights=EfficientNet_V2_S_Weights.IMAGENET1K_V1`. You can also use `weights=EfficientNet_V2_S_Weights.DEFAULT` to get the most up-to-date weights.
  warnings.warn(msg)
Loss (test): 1.5521
Accuracy (test): 0.9436
Recall (test): 0.9436
F1-Score (test): 0.9434
---------------------------------------------------------------------------
Ejecutando: cifar_60pct_effnetv2s_fps_pre
---------------------------------------------------------------------------
False
Número total de imágenes en entrenamiento: 21842
Número total de imágenes en validación: 10000
Clases: ['airplane', 'automobile', 'bird', 'cat', 'deer', 'dog', 'frog', 'horse', 'ship', 'truck']
weights = None
[0, 1.8661481142044067, nan, 0.6819999814033508, 0.6819999999999999, 0.6797451961582099, '02:54']
[1, 1.2863703966140747, nan, 0.7856000065803528, 0.7856, 0.784641090732938, '02:18']
[2, 0.9385539889335632, nan, 0.8468000292778015, 0.8468, 0.8456692717014566, '02:18']
[3, 0.6322345733642578, 0.3269045054912567, 0.8914999961853027, 0.8915000000000001, 0.8910127666040978, '02:18']
[4, 0.4447159469127655, 0.310454398393631, 0.926800012588501, 0.9267999999999998, 0.9265512180973052, '02:18']
[5, 0.3288826048374176, 0.1725892871618271, 0.944100022315979, 0.9440999999999999, 0.9439687119124007, '02:18']
[6, 0.2702171206474304, 0.14534850418567657, 0.9498999714851379, 0.9499000000000001, 0.9496971629333242, '02:18']
[7, 0.21273766458034515, 0.3111359775066376, 0.95660001039505, 0.9565999999999999, 0.956572577130075, '02:18']
[8, 0.18620987236499786, 0.12294693291187286, 0.9585000276565552, 0.9585000000000001, 0.9584470110418426, '02:18']
[9, 0.14757776260375977, 0.11376042664051056, 0.9623000025749207, 0.9622999999999999, 0.9622716035976158, '02:18']
[10, 0.15493282675743103, 0.11040148884057999, 0.9646999835968018, 0.9647, 0.9646124420847191, '02:18']
[11, 0.13533802330493927, 0.10514622926712036, 0.9661999940872192, 0.9662, 0.9661007019476473, '02:18']
[12, 0.11785735934972763, 0.1072084978222847, 0.9659000039100647, 0.9659000000000001, 0.9657909998196013, '02:18']
[13, 0.1252262145280838, 0.10082293301820755, 0.9688000082969666, 0.9688000000000001, 0.9687468926755385, '02:18']
[14, 0.09439792484045029, 0.09518780559301376, 0.9696999788284302, 0.9697000000000001, 0.9696509146267769, '02:18']
[15, 0.10229586809873581, 0.0939769372344017, 0.9706000089645386, 0.9706000000000001, 0.9705691568902548, '02:18']
[16, 0.09104692190885544, 0.09418583661317825, 0.9702000021934509, 0.9702, 0.9701322916669245, '02:18']
[17, 0.08685071021318436, 0.09256088733673096, 0.9714000225067139, 0.9714, 0.9713515479405471, '02:18']
[18, 0.07902278751134872, 0.09671413898468018, 0.9700000286102295, 0.97, 0.9699421860992524, '02:18']
[19, 0.06243649497628212, 0.09314300864934921, 0.9715999960899353, 0.9715999999999999, 0.9715375356489122, '02:18']
[20, 0.0675443634390831, 0.09151419997215271, 0.972100019454956, 0.9721, 0.9720382301866233, '02:19']
[21, 0.05910078436136246, 0.09239228814840317, 0.9725000262260437, 0.9724999999999999, 0.9724396202319628, '02:19']
[22, 0.05792074277997017, 0.09363754093647003, 0.9717000126838684, 0.9717, 0.9716307038958695, '02:16']
[23, 0.05713403970003128, 0.09297915548086166, 0.9728000164031982, 0.9728, 0.9727240889259091, '02:16']
[24, 0.05089022219181061, 0.09017864614725113, 0.9732999801635742, 0.9733, 0.9732524112157961, '02:17']
[25, 0.057248540222644806, 0.09292029589414597, 0.9731000065803528, 0.9731, 0.9730118982002104, '02:17']
[26, 0.04869438335299492, 0.09166979044675827, 0.9728000164031982, 0.9728, 0.9727206312154392, '02:16']
[27, 0.052779920399188995, 0.0895126610994339, 0.9732999801635742, 0.9733, 0.973241578839071, '02:16']
[28, 0.04681173712015152, 0.08991573750972748, 0.9739999771118164, 0.9740000000000002, 0.9739299173666055, '02:16']
[29, 0.05180502310395241, 0.09133738279342651, 0.9735999703407288, 0.9736, 0.9735263120578754, '02:16']

Tiempo de entrenamiento: 4180.32 segundos
/mnt/homeGPU/haoweihu/TFG/lib/python3.10/site-packages/fastai/learner.py:455: UserWarning: load_learner` uses Python's insecure pickle module, which can execute malicious arbitrary code when loading. Only load files you trust.
If you only need to load model weights and optimizer state, use the safe `Learner.load` instead.
  warn("load_learner` uses Python's insecure pickle module, which can execute malicious arbitrary code when loading. Only load files you trust.\nIf you only need to load model weights and optimizer state, use the safe `Learner.load` instead.")
Loss (valid): 0.0913
Accuracy (valid): 0.9736
Recall (valid): 0.9736
F1-Score (valid): 0.9735
/mnt/homeGPU/haoweihu/TFG/lib/python3.10/site-packages/torchvision/models/_utils.py:208: UserWarning: The parameter 'pretrained' is deprecated since 0.13 and may be removed in the future, please use 'weights' instead.
  warnings.warn(
/mnt/homeGPU/haoweihu/TFG/lib/python3.10/site-packages/torchvision/models/_utils.py:223: UserWarning: Arguments other than a weight enum or `None` for 'weights' are deprecated since 0.13 and may be removed in the future. The current behavior is equivalent to passing `weights=EfficientNet_V2_S_Weights.IMAGENET1K_V1`. You can also use `weights=EfficientNet_V2_S_Weights.DEFAULT` to get the most up-to-date weights.
  warnings.warn(msg)
Loss (test): 0.0943
Accuracy (test): 0.9722
Recall (test): 0.9722
F1-Score (test): 0.9721
---------------------------------------------------------------------------
Ejecutando: cifar_70pct_effnetv2s_fps_pre
---------------------------------------------------------------------------
False
Número total de imágenes en entrenamiento: 24956
Número total de imágenes en validación: 10000
Clases: ['airplane', 'automobile', 'bird', 'cat', 'deer', 'dog', 'frog', 'horse', 'ship', 'truck']
weights = None
[0, 1.768210768699646, 0.9434368014335632, 0.6880999803543091, 0.6881, 0.6851737487184225, '04:18']
[1, 1.2423317432403564, 0.6466483473777771, 0.7954000234603882, 0.7954, 0.7932971402374839, '02:34']
[2, 0.8493944406509399, 0.4548812508583069, 0.8546000123023987, 0.8545999999999999, 0.8534650672082883, '02:35']
[3, 0.5771912336349487, 0.29773131012916565, 0.9045000076293945, 0.9045, 0.9041595683692112, '02:35']
[4, 0.3951170742511749, 0.20122112333774567, 0.9333000183105469, 0.9333, 0.9330693998392364, '02:35']
[5, 0.3077391982078552, 0.15022669732570648, 0.9520000219345093, 0.952, 0.9519132350424806, '02:35']
[6, 0.22626559436321259, 0.13065169751644135, 0.9575999975204468, 0.9576, 0.9575680989631324, '02:35']
[7, 0.20581230521202087, 0.11768973618745804, 0.9617999792098999, 0.9617999999999999, 0.9616966437038631, '02:35']
[8, 0.1779165416955948, 0.10706482827663422, 0.9646000266075134, 0.9645999999999999, 0.9645283762425182, '02:35']
[9, 0.16755962371826172, 0.10105476528406143, 0.9667999744415283, 0.9667999999999999, 0.9667390024973592, '02:35']
[10, 0.13341766595840454, 0.09332415461540222, 0.9688000082969666, 0.9687999999999999, 0.9687326523412254, '02:35']
[11, 0.12551528215408325, 0.08985978364944458, 0.9713000059127808, 0.9713, 0.9712719843172681, '02:35']
[12, 0.11736679822206497, 0.09163029491901398, 0.9713000059127808, 0.9712999999999999, 0.9712418430336471, '02:34']
[13, 0.10023883730173111, 0.08474385738372803, 0.9728000164031982, 0.9728, 0.9727739550320764, '02:33']
[14, 0.10087309032678604, 0.0884840115904808, 0.9725000262260437, 0.9724999999999999, 0.9724850845255754, '02:35']
[15, 0.09244691580533981, 0.08490139991044998, 0.9740999937057495, 0.9741, 0.9741138236435131, '02:35']
[16, 0.08276675641536713, 0.08083506673574448, 0.9749000072479248, 0.9749000000000001, 0.9748714314347291, '02:35']
[17, 0.07501291483640671, 0.08272743225097656, 0.9747999906539917, 0.9747999999999999, 0.9747482103238555, '02:36']
[18, 0.07147437334060669, 0.07822120934724808, 0.9767000079154968, 0.9767000000000001, 0.9766794841280756, '02:33']
[19, 0.06173276528716087, 0.07750585675239563, 0.9764000177383423, 0.9763999999999999, 0.9763603842838696, '02:34']
[20, 0.06229584291577339, 0.0809297189116478, 0.9776999950408936, 0.9776999999999999, 0.9776759800683781, '02:34']
[21, 0.06119526922702789, 0.08122436702251434, 0.9769999980926514, 0.977, 0.9769637974056836, '02:33']
[22, 0.04995748773217201, 0.08042854815721512, 0.9753999710083008, 0.9753999999999999, 0.9753494174191546, '02:34']
[23, 0.0533871091902256, 0.07949917763471603, 0.9769999980926514, 0.977, 0.9769713958562003, '02:33']
[24, 0.047405991703271866, 0.07678943127393723, 0.9786999821662903, 0.9787000000000001, 0.9786717735937366, '02:33']
[25, 0.058241717517375946, 0.07853785157203674, 0.9781000018119812, 0.9781000000000001, 0.978074139904713, '02:33']
[26, 0.050539858639240265, 0.08103466033935547, 0.9768999814987183, 0.9769, 0.9768562367962901, '02:33']
[27, 0.04610098525881767, 0.07660332322120667, 0.9781000018119812, 0.9780999999999999, 0.978083251701088, '02:33']
[28, 0.05489887669682503, 0.07979142665863037, 0.9764999747276306, 0.9765, 0.976474915768641, '02:33']
[29, 0.04805277660489082, 0.07880999892950058, 0.9779999852180481, 0.978, 0.9779718731992919, '02:34']

Tiempo de entrenamiento: 4744.48 segundos
/mnt/homeGPU/haoweihu/TFG/lib/python3.10/site-packages/fastai/learner.py:455: UserWarning: load_learner` uses Python's insecure pickle module, which can execute malicious arbitrary code when loading. Only load files you trust.
If you only need to load model weights and optimizer state, use the safe `Learner.load` instead.
  warn("load_learner` uses Python's insecure pickle module, which can execute malicious arbitrary code when loading. Only load files you trust.\nIf you only need to load model weights and optimizer state, use the safe `Learner.load` instead.")
Loss (valid): 0.0788
Accuracy (valid): 0.9780
Recall (valid): 0.9780
F1-Score (valid): 0.9780
/mnt/homeGPU/haoweihu/TFG/lib/python3.10/site-packages/torchvision/models/_utils.py:208: UserWarning: The parameter 'pretrained' is deprecated since 0.13 and may be removed in the future, please use 'weights' instead.
  warnings.warn(
/mnt/homeGPU/haoweihu/TFG/lib/python3.10/site-packages/torchvision/models/_utils.py:223: UserWarning: Arguments other than a weight enum or `None` for 'weights' are deprecated since 0.13 and may be removed in the future. The current behavior is equivalent to passing `weights=EfficientNet_V2_S_Weights.IMAGENET1K_V1`. You can also use `weights=EfficientNet_V2_S_Weights.DEFAULT` to get the most up-to-date weights.
  warnings.warn(msg)
Loss (test): 0.0953
Accuracy (test): 0.9731
Recall (test): 0.9731
F1-Score (test): 0.9731
---------------------------------------------------------------------------
Ejecutando: cifar_80pct_effnetv2s_fps_pre
---------------------------------------------------------------------------
False
Número total de imágenes en entrenamiento: 27443
Número total de imágenes en validación: 10000
Clases: ['airplane', 'automobile', 'bird', 'cat', 'deer', 'dog', 'frog', 'horse', 'ship', 'truck']
weights = None
[0, 1.7111401557922363, 0.8994665145874023, 0.7081000208854675, 0.7081000000000001, 0.7060007480113079, '03:43']
[1, 1.1691291332244873, 0.6272192597389221, 0.8004999756813049, 0.8005000000000001, 0.7999688062638175, '02:46']
[2, 0.8006793260574341, 0.4372559189796448, 0.859499990940094, 0.8595, 0.8596227807127113, '02:46']
[3, 0.5285192131996155, 0.3063186705112457, 0.8991000056266785, 0.8991, 0.8984949099733187, '02:46']
[4, 0.37954840064048767, 0.19620755314826965, 0.9359999895095825, 0.9359999999999999, 0.9358241553874069, '02:46']
[5, 0.3132483959197998, 0.15310406684875488, 0.9487000107765198, 0.9487, 0.948505574859934, '02:46']
[6, 0.22717157006263733, 0.1195807233452797, 0.9602000117301941, 0.9601999999999998, 0.960225983906047, '02:47']
[7, 0.20626753568649292, 0.1125003919005394, 0.9613000154495239, 0.9612999999999999, 0.9612572522283956, '02:47']
[8, 0.16341961920261383, 0.09943317621946335, 0.9663000106811523, 0.9663, 0.9662971225133395, '02:46']
[9, 0.1611916869878769, 0.09637697786092758, 0.9660999774932861, 0.9661, 0.9660636723571576, '02:47']
[10, 0.13016080856323242, 0.0933564305305481, 0.9695000052452087, 0.9695, 0.9695200211525788, '02:47']
[11, 0.1215900182723999, 0.08949275314807892, 0.97079998254776, 0.9707999999999999, 0.9707490259286026, '02:46']
[12, 0.1173401027917862, 0.08982410281896591, 0.972100019454956, 0.9720999999999999, 0.9720886113275276, '02:46']
[13, 0.1044553592801094, 0.08378317952156067, 0.9717000126838684, 0.9717, 0.9717314020342098, '02:46']
[14, 0.09667711704969406, 0.08635716885328293, 0.9732000231742859, 0.9732, 0.9731665491591436, '02:44']
[15, 0.09436121582984924, 0.08884207904338837, 0.9731000065803528, 0.9730999999999999, 0.9730980469734336, '02:43']
[16, 0.08537047356367111, 0.0857347920536995, 0.9729999899864197, 0.9729999999999999, 0.9729727512878187, '02:44']
[17, 0.07356596738100052, 0.08549218624830246, 0.9745000004768372, 0.9744999999999999, 0.9744999724068514, '02:44']
[18, 0.06853891164064407, 0.08425860106945038, 0.9753999710083008, 0.9753999999999999, 0.9753649807607936, '02:44']
No improvement since epoch 13: early stopping

Tiempo de entrenamiento: 3213.96 segundos
/mnt/homeGPU/haoweihu/TFG/lib/python3.10/site-packages/fastai/learner.py:455: UserWarning: load_learner` uses Python's insecure pickle module, which can execute malicious arbitrary code when loading. Only load files you trust.
If you only need to load model weights and optimizer state, use the safe `Learner.load` instead.
  warn("load_learner` uses Python's insecure pickle module, which can execute malicious arbitrary code when loading. Only load files you trust.\nIf you only need to load model weights and optimizer state, use the safe `Learner.load` instead.")
Loss (valid): 0.0843
Accuracy (valid): 0.9754
Recall (valid): 0.9754
F1-Score (valid): 0.9754
/mnt/homeGPU/haoweihu/TFG/lib/python3.10/site-packages/torchvision/models/_utils.py:208: UserWarning: The parameter 'pretrained' is deprecated since 0.13 and may be removed in the future, please use 'weights' instead.
  warnings.warn(
/mnt/homeGPU/haoweihu/TFG/lib/python3.10/site-packages/torchvision/models/_utils.py:223: UserWarning: Arguments other than a weight enum or `None` for 'weights' are deprecated since 0.13 and may be removed in the future. The current behavior is equivalent to passing `weights=EfficientNet_V2_S_Weights.IMAGENET1K_V1`. You can also use `weights=EfficientNet_V2_S_Weights.DEFAULT` to get the most up-to-date weights.
  warnings.warn(msg)
Loss (test): 0.0895
Accuracy (test): 0.9740
Recall (test): 0.9739
F1-Score (test): 0.9739
---------------------------------------------------------------------------
Ejecutando: cifar_90pct_effnetv2s_fps_pre
---------------------------------------------------------------------------
False
Número total de imágenes en entrenamiento: 29801
Número total de imágenes en validación: 10000
Clases: ['airplane', 'automobile', 'bird', 'cat', 'deer', 'dog', 'frog', 'horse', 'ship', 'truck']
weights = None
[0, 1.6092435121536255, 0.8805724382400513, 0.715499997138977, 0.7155, 0.714598953063723, '03:38']
[1, 1.1155455112457275, 0.6131067872047424, 0.8044000267982483, 0.8044, 0.8032500012685502, '02:58']
[2, 0.7667329907417297, 0.4001460671424866, 0.871399998664856, 0.8714000000000001, 0.8706566979345466, '02:58']
[3, 0.4991866946220398, 0.2842326760292053, 0.9077000021934509, 0.9077, 0.9076530465499107, '02:58']
[4, 0.3354799151420593, 0.18595829606056213, 0.9366999864578247, 0.9366999999999999, 0.9364615595031568, '02:58']
[5, 0.2645929157733917, 0.13422590494155884, 0.9535999894142151, 0.9536, 0.953617400928534, '02:58']
[6, 0.21870064735412598, 0.11964525282382965, 0.9605000019073486, 0.9605, 0.9604150864138102, '02:58']
[7, 0.17859071493148804, 0.10399075597524643, 0.9652000069618225, 0.9652, 0.9651188611805093, '02:58']
[8, 0.14487116038799286, 0.10267476737499237, 0.9660999774932861, 0.9661, 0.9659902415654305, '02:58']
[9, 0.14456413686275482, 0.10212081670761108, 0.9670000076293945, 0.967, 0.9668615609269476, '02:58']
[10, 0.12898793816566467, 0.08803059905767441, 0.9714000225067139, 0.9713999999999998, 0.9713382383564143, '02:58']
[11, 0.11785190552473068, 0.08754834532737732, 0.9714000225067139, 0.9714, 0.9713480430430292, '02:58']
[12, 0.10502758622169495, 0.08060600608587265, 0.9742000102996826, 0.9742, 0.974209508325426, '02:59']
[13, 0.08922819793224335, 0.08484746515750885, 0.9725000262260437, 0.9724999999999999, 0.9724414467816833, '02:58']
[14, 0.09900379180908203, 0.08143796771764755, 0.9747999906539917, 0.9747999999999998, 0.9747709938496657, '02:58']
[15, 0.08216889947652817, 0.07754657417535782, 0.9768000245094299, 0.9768000000000001, 0.9768136235822042, '02:58']
[16, 0.07911135256290436, 0.07969214767217636, 0.9754999876022339, 0.9755, 0.9754744203058416, '02:59']
[17, 0.07272227108478546, 0.07780887186527252, 0.9768000245094299, 0.9767999999999999, 0.9767833095091643, '02:58']
[18, 0.06763853877782822, 0.08136977255344391, 0.9751999974250793, 0.9752000000000001, 0.9751638694804358, '02:58']
[19, 0.06043863669037819, 0.07840082049369812, 0.9758999943733215, 0.9759, 0.9758779607878314, '02:58']
[20, 0.06773341447114944, 0.07615502923727036, 0.9765999913215637, 0.9766, 0.9765970327414879, '02:58']
[21, 0.0564788356423378, 0.07786885648965836, 0.9761999845504761, 0.9762000000000001, 0.9761703001979617, '02:58']
[22, 0.0550505593419075, 0.0744701474905014, 0.9769999980926514, 0.977, 0.9770137702297153, '02:55']
[23, 0.04999101907014847, 0.07566510885953903, 0.9769999980926514, 0.977, 0.9769776164732672, '02:55']
[24, 0.046882279217243195, 0.07476021349430084, 0.9768000245094299, 0.9767999999999999, 0.9767951496980954, '02:55']
[25, 0.046925563365221024, 0.07763826847076416, 0.9761000275611877, 0.9761, 0.9760634846198784, '02:56']
[26, 0.046257343143224716, 0.07335427403450012, 0.9768999814987183, 0.9768999999999999, 0.9768926436179175, '02:55']
[27, 0.04110857844352722, 0.0740734338760376, 0.9776999950408936, 0.9776999999999999, 0.9777142592980625, '02:55']
[28, 0.04521867260336876, 0.07285675406455994, 0.9776999950408936, 0.9777000000000001, 0.9776998008645471, '02:56']
[29, 0.043527018278837204, 0.07389076799154282, 0.9768000245094299, 0.9767999999999999, 0.9767589695393883, '02:56']

Tiempo de entrenamiento: 5377.30 segundos
/mnt/homeGPU/haoweihu/TFG/lib/python3.10/site-packages/fastai/learner.py:455: UserWarning: load_learner` uses Python's insecure pickle module, which can execute malicious arbitrary code when loading. Only load files you trust.
If you only need to load model weights and optimizer state, use the safe `Learner.load` instead.
  warn("load_learner` uses Python's insecure pickle module, which can execute malicious arbitrary code when loading. Only load files you trust.\nIf you only need to load model weights and optimizer state, use the safe `Learner.load` instead.")
Loss (valid): 0.0739
Accuracy (valid): 0.9768
Recall (valid): 0.9768
F1-Score (valid): 0.9768
Loss (test): 0.0866
Accuracy (test): 0.9755
Recall (test): 0.9754
F1-Score (test): 0.9754
mail: cannot send message: Process exited with a non-zero status
