/mnt/homeGPU/haoweihu/TFG/lib/python3.10/site-packages/torchvision/models/_utils.py:208: UserWarning: The parameter 'pretrained' is deprecated since 0.13 and may be removed in the future, please use 'weights' instead.
  warnings.warn(
/mnt/homeGPU/haoweihu/TFG/lib/python3.10/site-packages/torchvision/models/_utils.py:223: UserWarning: Arguments other than a weight enum or `None` for 'weights' are deprecated since 0.13 and may be removed in the future. The current behavior is equivalent to passing `weights=EfficientNet_V2_S_Weights.IMAGENET1K_V1`. You can also use `weights=EfficientNet_V2_S_Weights.DEFAULT` to get the most up-to-date weights.
  warnings.warn(msg)
---------------------------------------------------------------------------
Ejecutando: cifar_1pct_effnetv2s_random13579
---------------------------------------------------------------------------
False
Número total de imágenes en entrenamiento: 400
Número total de imágenes en validación: 10000
Clases: ['airplane', 'automobile', 'bird', 'cat', 'deer', 'dog', 'frog', 'horse', 'ship', 'truck']
weights = None
[0, 3.68410325050354, 3.6867430210113525, 0.15520000457763672, 0.15520000000000003, 0.11016973108603226, '00:44']
[1, 3.549391508102417, 2.6500558853149414, 0.13989999890327454, 0.1399, 0.1403200529867056, '00:32']
[2, 3.3463289737701416, 2.108295202255249, 0.2802000045776367, 0.28019999999999995, 0.2774180375222282, '00:33']
[3, 3.158689022064209, 1.5854450464248657, 0.4683000147342682, 0.4683, 0.4616331082115363, '00:33']
[4, 2.8575756549835205, 1.2918661832809448, 0.5706999897956848, 0.5706999999999999, 0.5650433951973319, '00:33']
[5, 2.6171371936798096, 1.1542363166809082, 0.6320000290870667, 0.632, 0.630030282014791, '00:32']
[6, 2.4042959213256836, 1.1214550733566284, 0.6480000019073486, 0.648, 0.6452321890856642, '00:31']
[7, 2.1875104904174805, 1.1050282716751099, 0.656000018119812, 0.6559999999999999, 0.6532414760991333, '00:30']
[8, 2.0199389457702637, 1.0544826984405518, 0.6735000014305115, 0.6735, 0.6711521574313533, '00:34']
[9, 1.851405143737793, 1.0183709859848022, 0.6877999901771545, 0.6878, 0.6850857514331965, '00:30']
[10, 1.7054692506790161, 1.0072375535964966, 0.689300000667572, 0.6893, 0.6872399967260724, '00:34']
[11, 1.5898633003234863, 1.012990951538086, 0.6958000063896179, 0.6958, 0.6948612382815539, '00:30']
[12, 1.466767430305481, 0.9960011839866638, 0.7021999955177307, 0.7022, 0.7014952812173252, '00:32']
[13, 1.3844847679138184, nan, 0.7021999955177307, 0.7022, 0.7014581381379791, '00:31']
[14, 1.2838557958602905, 0.9707081913948059, 0.7077000141143799, 0.7077, 0.7067390838162928, '00:30']
[15, 1.195486068725586, 0.9340795874595642, 0.7152000069618225, 0.7152000000000001, 0.7140835983782269, '00:33']
[16, 1.1382068395614624, 0.912743330001831, 0.7231000065803528, 0.7231000000000001, 0.7214706026394306, '00:32']
[17, 1.0781147480010986, nan, 0.7268000245094299, 0.7268, 0.725167978295773, '00:33']
[18, 1.0178214311599731, 0.9134470820426941, 0.7283999919891357, 0.7283999999999999, 0.7266143963894212, '00:31']
[19, 0.9685595631599426, 0.9095247983932495, 0.7275999784469604, 0.7276, 0.725461452370822, '00:30']
[20, 0.91986083984375, 0.9018190503120422, 0.730400025844574, 0.7304, 0.7280306765265795, '00:34']
[21, 0.8675511479377747, 0.8935288786888123, 0.7315000295639038, 0.7314999999999999, 0.7297853017181322, '00:32']
[22, 0.8270803093910217, 0.8872047662734985, 0.7361999750137329, 0.7362, 0.7346969802762312, '00:32']
[23, 0.7936878204345703, 0.8794641494750977, 0.7390999794006348, 0.7391, 0.7378195089832262, '00:30']
[24, 0.7699180841445923, 0.8800021409988403, 0.7369999885559082, 0.7369999999999999, 0.7360443661515935, '00:33']
[25, 0.7413432598114014, 0.8769387006759644, 0.7379000186920166, 0.7379, 0.7370377897303328, '00:32']
[26, 0.7243137359619141, 0.8711473345756531, 0.7386999726295471, 0.7387, 0.7376238674287886, '00:33']
[27, 0.7079458832740784, 0.8761838674545288, 0.7384999990463257, 0.7384999999999999, 0.7371508953600039, '00:30']
[28, 0.6935141086578369, 0.8773235082626343, 0.741100013256073, 0.7411, 0.7397874318407144, '00:33']
[29, 0.6703112721443176, 0.872609555721283, 0.7401000261306763, 0.7401000000000001, 0.7391311702723963, '00:30']

Tiempo de entrenamiento: 981.92 segundos
/mnt/homeGPU/haoweihu/TFG/lib/python3.10/site-packages/fastai/learner.py:455: UserWarning: load_learner` uses Python's insecure pickle module, which can execute malicious arbitrary code when loading. Only load files you trust.
If you only need to load model weights and optimizer state, use the safe `Learner.load` instead.
  warn("load_learner` uses Python's insecure pickle module, which can execute malicious arbitrary code when loading. Only load files you trust.\nIf you only need to load model weights and optimizer state, use the safe `Learner.load` instead.")
Loss (valid): 0.8726
Accuracy (valid): 0.7401
Recall (valid): 0.7401
F1-Score (valid): 0.7391
/mnt/homeGPU/haoweihu/TFG/lib/python3.10/site-packages/torchvision/models/_utils.py:208: UserWarning: The parameter 'pretrained' is deprecated since 0.13 and may be removed in the future, please use 'weights' instead.
  warnings.warn(
/mnt/homeGPU/haoweihu/TFG/lib/python3.10/site-packages/torchvision/models/_utils.py:223: UserWarning: Arguments other than a weight enum or `None` for 'weights' are deprecated since 0.13 and may be removed in the future. The current behavior is equivalent to passing `weights=EfficientNet_V2_S_Weights.IMAGENET1K_V1`. You can also use `weights=EfficientNet_V2_S_Weights.DEFAULT` to get the most up-to-date weights.
  warnings.warn(msg)
Loss (test): 0.9343
Accuracy (test): 0.7243
Recall (test): 0.7243
F1-Score (test): 0.7228
---------------------------------------------------------------------------
Ejecutando: cifar_3pct_effnetv2s_random13579
---------------------------------------------------------------------------
False
Número total de imágenes en entrenamiento: 1200
Número total de imágenes en validación: 10000
Clases: ['airplane', 'automobile', 'bird', 'cat', 'deer', 'dog', 'frog', 'horse', 'ship', 'truck']
weights = None
[0, 3.6608827114105225, 2.540424108505249, 0.14139999449253082, 0.1414, 0.14288202001257116, '00:43']
[1, 3.27305006980896, 1.8501478433609009, 0.3671000003814697, 0.3671, 0.35849931017214576, '00:37']
[2, 2.8229572772979736, 1.328352689743042, 0.5601000189781189, 0.5601, 0.5538139437700296, '00:36']
[3, 2.3644649982452393, 1.1145902872085571, 0.6435999870300293, 0.6436, 0.6413591466999398, '00:34']
[4, 2.0405964851379395, 1.0045090913772583, 0.6912999749183655, 0.6912999999999999, 0.6895185287803651, '00:36']
[5, 1.7844281196594238, 0.9205716848373413, 0.7253000140190125, 0.7253000000000001, 0.7241221948163549, '00:36']
[6, 1.5791187286376953, 0.8513426780700684, 0.7447999715805054, 0.7447999999999999, 0.7430303854629575, '00:36']
[7, 1.4124083518981934, 0.7929505109786987, 0.7644000053405762, 0.7644, 0.7634667954601692, '00:35']
[8, 1.2532765865325928, 0.7432398200035095, 0.7748000025749207, 0.7748000000000002, 0.7744516464706639, '00:36']
[9, 1.0970286130905151, 0.732321560382843, 0.785099983215332, 0.7850999999999999, 0.78366578379606, '00:38']
[10, 0.9959091544151306, 0.6957600712776184, 0.7965999841690063, 0.7966, 0.7955595199905595, '00:37']
[11, 0.8910564184188843, 0.662680983543396, 0.8054999709129333, 0.8055, 0.8042328086704889, '00:36']
[12, 0.8102672696113586, 0.6564197540283203, 0.8083000183105469, 0.8083, 0.8069571514706174, '00:36']
[13, 0.7458500266075134, 0.6430696845054626, 0.8112999796867371, 0.8112999999999999, 0.8096184730897471, '00:34']
[14, 0.6769880056381226, 0.6197555661201477, 0.8191999793052673, 0.8192, 0.8171571683158835, '00:37']
[15, 0.6484957933425903, 0.5812206864356995, 0.8288000226020813, 0.8288, 0.8283858334344794, '00:36']
[16, 0.5941956639289856, 0.58316969871521, 0.8270999789237976, 0.8271000000000001, 0.826825209325605, '00:34']
[17, 0.53636234998703, 0.5784338712692261, 0.8303999900817871, 0.8304, 0.8301032619062513, '00:36']
[18, 0.5340200662612915, 0.5502356886863708, 0.8363000154495239, 0.8363000000000002, 0.8356621362027893, '00:33']
[19, 0.4894714951515198, 0.5388154983520508, 0.8424000144004822, 0.8423999999999999, 0.8414651816727611, '00:35']
[20, 0.45392805337905884, 0.5372173190116882, 0.8410999774932861, 0.8411, 0.8407871840669454, '00:34']
[21, 0.4410015642642975, 0.5279909372329712, 0.8438000082969666, 0.8438000000000001, 0.843679801937283, '00:36']
[22, 0.41130372881889343, 0.523664116859436, 0.845300018787384, 0.8453000000000002, 0.8450203006629213, '00:37']
[23, 0.39940401911735535, 0.5130946040153503, 0.8475000262260437, 0.8474999999999999, 0.847366837483506, '00:36']
[24, 0.3756723403930664, 0.509491503238678, 0.8485000133514404, 0.8485000000000001, 0.8480868394893735, '00:34']
[25, 0.36530688405036926, 0.5076048374176025, 0.8497999906539917, 0.8497999999999999, 0.849291481085207, '00:37']
[26, 0.3564850986003876, 0.49733424186706543, 0.8525000214576721, 0.8525, 0.8522240793182482, '00:34']
[27, 0.3424941599369049, 0.5121669173240662, 0.8493000268936157, 0.8492999999999998, 0.8486906374175176, '00:36']
[28, 0.3447498381137848, 0.5045793056488037, 0.8504999876022339, 0.8504999999999999, 0.8500170069843843, '00:36']
[29, 0.3374653160572052, 0.5038735866546631, 0.8529000282287598, 0.8529, 0.8525086716192496, '00:36']

Tiempo de entrenamiento: 1091.28 segundos
/mnt/homeGPU/haoweihu/TFG/lib/python3.10/site-packages/fastai/learner.py:455: UserWarning: load_learner` uses Python's insecure pickle module, which can execute malicious arbitrary code when loading. Only load files you trust.
If you only need to load model weights and optimizer state, use the safe `Learner.load` instead.
  warn("load_learner` uses Python's insecure pickle module, which can execute malicious arbitrary code when loading. Only load files you trust.\nIf you only need to load model weights and optimizer state, use the safe `Learner.load` instead.")
Loss (valid): 0.5039
Accuracy (valid): 0.8529
Recall (valid): 0.8529
F1-Score (valid): 0.8525
/mnt/homeGPU/haoweihu/TFG/lib/python3.10/site-packages/torchvision/models/_utils.py:208: UserWarning: The parameter 'pretrained' is deprecated since 0.13 and may be removed in the future, please use 'weights' instead.
  warnings.warn(
/mnt/homeGPU/haoweihu/TFG/lib/python3.10/site-packages/torchvision/models/_utils.py:223: UserWarning: Arguments other than a weight enum or `None` for 'weights' are deprecated since 0.13 and may be removed in the future. The current behavior is equivalent to passing `weights=EfficientNet_V2_S_Weights.IMAGENET1K_V1`. You can also use `weights=EfficientNet_V2_S_Weights.DEFAULT` to get the most up-to-date weights.
  warnings.warn(msg)
Loss (test): 0.5009
Accuracy (test): 0.8526
Recall (test): 0.8526
F1-Score (test): 0.8520
---------------------------------------------------------------------------
Ejecutando: cifar_5pct_effnetv2s_random13579
---------------------------------------------------------------------------
False
Número total de imágenes en entrenamiento: 2000
Número total de imágenes en validación: 10000
Clases: ['airplane', 'automobile', 'bird', 'cat', 'deer', 'dog', 'frog', 'horse', 'ship', 'truck']
weights = None
[0, 3.5486905574798584, 2.338515520095825, 0.2126999944448471, 0.21270000000000003, 0.20380565010518875, '01:10']
[1, 3.0686841011047363, nan, 0.46950000524520874, 0.46950000000000003, 0.45993920206053274, '00:52']
[2, 2.4521000385284424, nan, 0.6431999802589417, 0.6432, 0.6401656730246236, '00:51']
[3, 1.959212064743042, nan, 0.7121000289916992, 0.7121000000000001, 0.7107073952657436, '00:43']
[4, 1.6295838356018066, nan, 0.7515000104904175, 0.7515000000000001, 0.7500673520781845, '00:47']
[5, 1.4032189846038818, nan, 0.7687000036239624, 0.7686999999999999, 0.7674913360975001, '00:41']
No improvement since epoch 0: early stopping

Tiempo de entrenamiento: 306.45 segundos
/mnt/homeGPU/haoweihu/TFG/lib/python3.10/site-packages/fastai/learner.py:455: UserWarning: load_learner` uses Python's insecure pickle module, which can execute malicious arbitrary code when loading. Only load files you trust.
If you only need to load model weights and optimizer state, use the safe `Learner.load` instead.
  warn("load_learner` uses Python's insecure pickle module, which can execute malicious arbitrary code when loading. Only load files you trust.\nIf you only need to load model weights and optimizer state, use the safe `Learner.load` instead.")
Loss (valid): nan
Accuracy (valid): 0.7687
Recall (valid): 0.7687
F1-Score (valid): 0.7675
/mnt/homeGPU/haoweihu/TFG/lib/python3.10/site-packages/torchvision/models/_utils.py:208: UserWarning: The parameter 'pretrained' is deprecated since 0.13 and may be removed in the future, please use 'weights' instead.
  warnings.warn(
/mnt/homeGPU/haoweihu/TFG/lib/python3.10/site-packages/torchvision/models/_utils.py:223: UserWarning: Arguments other than a weight enum or `None` for 'weights' are deprecated since 0.13 and may be removed in the future. The current behavior is equivalent to passing `weights=EfficientNet_V2_S_Weights.IMAGENET1K_V1`. You can also use `weights=EfficientNet_V2_S_Weights.DEFAULT` to get the most up-to-date weights.
  warnings.warn(msg)
Loss (test): 11.9580
Accuracy (test): 0.7639
Recall (test): 0.7639
F1-Score (test): 0.7622
---------------------------------------------------------------------------
Ejecutando: cifar_7pct_effnetv2s_random13579
---------------------------------------------------------------------------
False
Número total de imágenes en entrenamiento: 2800
Número total de imágenes en validación: 10000
Clases: ['airplane', 'automobile', 'bird', 'cat', 'deer', 'dog', 'frog', 'horse', 'ship', 'truck']
weights = None
[0, 3.393098831176758, 2.1221537590026855, 0.2694000005722046, 0.2694, 0.26530195588057087, '00:52']
[1, 2.7210493087768555, 1.3396975994110107, 0.5575000047683716, 0.5574999999999999, 0.5483950527278783, '00:43']
[2, 2.1368343830108643, 1.0064424276351929, 0.679099977016449, 0.6791, 0.6771345645232207, '00:42']
[3, 1.6638870239257812, 0.829577624797821, 0.734000027179718, 0.7340000000000001, 0.7337709226434426, '00:43']
[4, 1.3687533140182495, nan, 0.7465000152587891, 0.7465, 0.7457056273356177, '00:44']
[5, 1.2070282697677612, 0.6811767220497131, 0.784500002861023, 0.7845000000000001, 0.783735498172686, '00:41']
[6, 1.0355089902877808, 0.5964093208312988, 0.8125, 0.8125, 0.8121655723824981, '00:44']
[7, 0.9110353589057922, 0.5301689505577087, 0.8346999883651733, 0.8347, 0.8342251492050894, '00:44']
[8, 0.7850741744041443, 0.48227164149284363, 0.8478999733924866, 0.8478999999999999, 0.84772918562599, '00:41']
[9, 0.6903290152549744, nan, 0.8610000014305115, 0.861, 0.8607125309327198, '00:45']
[10, 0.5908313393592834, 0.4093499481678009, 0.8751000165939331, 0.8751, 0.8747402079334682, '00:42']
[11, 0.5145156383514404, 0.3652052879333496, 0.8845999836921692, 0.8846, 0.8843796093594264, '00:43']
[12, 0.46422630548477173, 0.3461245894432068, 0.8928999900817871, 0.8929, 0.8925559663696561, '00:44']
[13, 0.44950103759765625, 0.33755841851234436, 0.8939999938011169, 0.8939999999999999, 0.8937733932894749, '00:43']
[14, 0.40460291504859924, 0.3246876895427704, 0.8986999988555908, 0.8987, 0.8983642836335216, '00:43']
[15, 0.3544432818889618, nan, 0.9004999995231628, 0.9005000000000001, 0.9002314933391615, '00:43']
[16, 0.31566736102104187, 0.3124745190143585, 0.9023000001907349, 0.9023, 0.902112331173145, '00:44']
[17, 0.29875823855400085, 0.29570668935775757, 0.9089000225067139, 0.9088999999999998, 0.9084667380674146, '00:44']
[18, 0.2672138512134552, 0.2872438430786133, 0.9117000102996826, 0.9117, 0.9114951537794995, '00:42']
[19, 0.26445692777633667, 0.28151458501815796, 0.911899983882904, 0.9118999999999999, 0.9115181680368364, '00:44']
[20, 0.24418240785598755, 0.27311110496520996, 0.9136000275611877, 0.9136000000000001, 0.9135703059302973, '00:43']
[21, 0.2323698252439499, 0.2687718868255615, 0.9135000109672546, 0.9135, 0.9133119318311556, '00:44']
[22, 0.2217635214328766, 0.26366695761680603, 0.9182000160217285, 0.9181999999999999, 0.9178151550937379, '00:43']
[23, 0.206447035074234, 0.25657203793525696, 0.9182999730110168, 0.9183, 0.9181611183685143, '00:44']
[24, 0.21579991281032562, 0.2614634037017822, 0.9182000160217285, 0.9182, 0.9179421610923011, '00:43']
[25, 0.20201553404331207, 0.26043641567230225, 0.9174000024795532, 0.9174, 0.9170742112686409, '00:44']
[26, 0.18298223614692688, 0.2586415410041809, 0.9182000160217285, 0.9182, 0.9180073675846838, '00:43']
[27, 0.1769702434539795, 0.2586774528026581, 0.91839998960495, 0.9184000000000001, 0.9182039133314912, '00:43']
[28, 0.17943087220191956, 0.25646135210990906, 0.9194999933242798, 0.9195, 0.9193143374892759, '00:43']
[29, 0.18299181759357452, 0.2580762803554535, 0.9180999994277954, 0.9180999999999999, 0.9177723834159277, '00:43']

Tiempo de entrenamiento: 1319.51 segundos
/mnt/homeGPU/haoweihu/TFG/lib/python3.10/site-packages/fastai/learner.py:455: UserWarning: load_learner` uses Python's insecure pickle module, which can execute malicious arbitrary code when loading. Only load files you trust.
If you only need to load model weights and optimizer state, use the safe `Learner.load` instead.
  warn("load_learner` uses Python's insecure pickle module, which can execute malicious arbitrary code when loading. Only load files you trust.\nIf you only need to load model weights and optimizer state, use the safe `Learner.load` instead.")
Loss (valid): 0.2581
Accuracy (valid): 0.9181
Recall (valid): 0.9181
F1-Score (valid): 0.9178
/mnt/homeGPU/haoweihu/TFG/lib/python3.10/site-packages/torchvision/models/_utils.py:208: UserWarning: The parameter 'pretrained' is deprecated since 0.13 and may be removed in the future, please use 'weights' instead.
  warnings.warn(
/mnt/homeGPU/haoweihu/TFG/lib/python3.10/site-packages/torchvision/models/_utils.py:223: UserWarning: Arguments other than a weight enum or `None` for 'weights' are deprecated since 0.13 and may be removed in the future. The current behavior is equivalent to passing `weights=EfficientNet_V2_S_Weights.IMAGENET1K_V1`. You can also use `weights=EfficientNet_V2_S_Weights.DEFAULT` to get the most up-to-date weights.
  warnings.warn(msg)
Loss (test): 0.2596
Accuracy (test): 0.9174
Recall (test): 0.9173
F1-Score (test): 0.9170
---------------------------------------------------------------------------
Ejecutando: cifar_9pct_effnetv2s_random13579
---------------------------------------------------------------------------
False
Número total de imágenes en entrenamiento: 3600
Número total de imágenes en validación: 10000
Clases: ['airplane', 'automobile', 'bird', 'cat', 'deer', 'dog', 'frog', 'horse', 'ship', 'truck']
weights = None
[0, 3.1406028270721436, 1.8630781173706055, 0.36820000410079956, 0.36819999999999997, 0.36141569190611983, '01:01']
[1, 2.4294815063476562, nan, 0.6104999780654907, 0.6105, 0.6079867934051983, '00:45']
[2, 1.8559582233428955, 0.9243488311767578, 0.7010999917984009, 0.7011, 0.6995641426584556, '00:48']
[3, 1.4785962104797363, 0.7589829564094543, 0.7559000253677368, 0.7559, 0.755014449706959, '00:48']
[4, 1.2464470863342285, 0.6657213568687439, 0.7935000061988831, 0.7935000000000001, 0.7920876978388918, '00:48']
[5, 1.0417402982711792, 0.5589757561683655, 0.8263999819755554, 0.8263999999999999, 0.8262237506511572, '00:47']
[6, 0.875019907951355, 0.5092276930809021, 0.8450999855995178, 0.8451000000000001, 0.844889007586325, '00:47']
[7, 0.7589349150657654, 0.42152640223503113, 0.8641999959945679, 0.8642000000000001, 0.8641570780798247, '00:45']
[8, 0.6689131259918213, 0.3853212296962738, 0.8790000081062317, 0.8790000000000001, 0.8783695636903784, '00:47']
[9, 0.5852810740470886, 0.35117101669311523, 0.8848999738693237, 0.8849, 0.8846861107178562, '00:46']
[10, 0.5214343070983887, 0.32674238085746765, 0.8934999704360962, 0.8934999999999998, 0.8930800123283282, '00:49']
[11, 0.44001397490501404, 0.30349966883659363, 0.9010000228881836, 0.901, 0.9009262595201667, '00:50']
[12, 0.4010239541530609, 0.3437885642051697, 0.9081000089645386, 0.9080999999999999, 0.9081460419546877, '00:48']
[13, 0.3528158366680145, 0.27867400646209717, 0.9088000059127808, 0.9088, 0.9084776405796422, '00:48']
[14, 0.3317471742630005, 0.2684088945388794, 0.9117000102996826, 0.9117, 0.9114762694724442, '00:48']
[15, 0.2948029041290283, 0.25456702709198, 0.9174000024795532, 0.9174, 0.9171967842064292, '00:48']
[16, 0.2590530216693878, 0.24082720279693604, 0.9221000075340271, 0.9221, 0.9219599425490019, '00:46']
[17, 0.25122717022895813, 0.2362537831068039, 0.9230999946594238, 0.9231000000000001, 0.9229557326061105, '00:48']
[18, 0.22540812194347382, 0.23717354238033295, 0.9236000180244446, 0.9235999999999999, 0.9236508943207371, '00:46']
[19, 0.2066265344619751, 0.23065315186977386, 0.9262999892234802, 0.9263, 0.9261641899046993, '00:47']
[20, 0.18206503987312317, 0.2231445610523224, 0.926800012588501, 0.9268000000000001, 0.9267638948899268, '00:47']
[21, 0.18094411492347717, 0.220617413520813, 0.9287999868392944, 0.9288000000000001, 0.9287763952975515, '00:48']
[22, 0.16019640862941742, 0.21342021226882935, 0.9301000237464905, 0.9301, 0.9300203821179475, '00:48']
[23, 0.16487377882003784, 0.21026179194450378, 0.9298999905586243, 0.9299, 0.9298194402994973, '00:47']
[24, 0.15573549270629883, 0.21439142525196075, 0.9307000041007996, 0.9307000000000001, 0.9306608748529411, '00:48']
[25, 0.158340185880661, 0.2137211114168167, 0.9301999807357788, 0.9302000000000001, 0.9299279798801641, '00:47']
[26, 0.1516522318124771, 0.2076718807220459, 0.9318000078201294, 0.9318, 0.9316837094187986, '00:47']
[27, 0.14827308058738708, 0.2060697227716446, 0.9340999722480774, 0.9340999999999999, 0.9339615999133815, '00:47']
[28, 0.1446465700864792, 0.20646452903747559, 0.932699978351593, 0.9327, 0.9324991007165542, '00:47']
[29, 0.14406359195709229, 0.2049708068370819, 0.9323999881744385, 0.9324, 0.9322263705811287, '00:44']

Tiempo de entrenamiento: 1443.12 segundos
/mnt/homeGPU/haoweihu/TFG/lib/python3.10/site-packages/fastai/learner.py:455: UserWarning: load_learner` uses Python's insecure pickle module, which can execute malicious arbitrary code when loading. Only load files you trust.
If you only need to load model weights and optimizer state, use the safe `Learner.load` instead.
  warn("load_learner` uses Python's insecure pickle module, which can execute malicious arbitrary code when loading. Only load files you trust.\nIf you only need to load model weights and optimizer state, use the safe `Learner.load` instead.")
Loss (valid): 0.2050
Accuracy (valid): 0.9324
Recall (valid): 0.9324
F1-Score (valid): 0.9322
Loss (test): 0.2318
Accuracy (test): 0.9267
Recall (test): 0.9267
F1-Score (test): 0.9265
mail: cannot send message: Process exited with a non-zero status
