/mnt/homeGPU/haoweihu/TFG/lib/python3.10/site-packages/torchvision/models/_utils.py:208: UserWarning: The parameter 'pretrained' is deprecated since 0.13 and may be removed in the future, please use 'weights' instead.
  warnings.warn(
/mnt/homeGPU/haoweihu/TFG/lib/python3.10/site-packages/torchvision/models/_utils.py:223: UserWarning: Arguments other than a weight enum or `None` for 'weights' are deprecated since 0.13 and may be removed in the future. The current behavior is equivalent to passing `weights=EfficientNet_V2_S_Weights.IMAGENET1K_V1`. You can also use `weights=EfficientNet_V2_S_Weights.DEFAULT` to get the most up-to-date weights.
  warnings.warn(msg)
---------------------------------------------------------------------------
Ejecutando: cifar_10pct_effnetv2s_fps_finetune
---------------------------------------------------------------------------
True
Número total de imágenes en entrenamiento: 3994
Número total de imágenes en validación: 10000
Clases: ['airplane', 'automobile', 'bird', 'cat', 'deer', 'dog', 'frog', 'horse', 'ship', 'truck']
weights = EfficientNet_V2_S_Weights.IMAGENET1K_V1
[0, 2.305032253265381, 1.0479495525360107, 0.6845999956130981, 0.6846, 0.6819986647036914, '01:00']
[0, 1.5931121110916138, nan, 0.7186999917030334, 0.7187, 0.7167739099358511, '00:59']
[1, 1.4734617471694946, 0.8541565537452698, 0.7297999858856201, 0.7297999999999999, 0.7293498723019243, '00:56']
[2, 1.3172874450683594, 0.7234241366386414, 0.7652000188827515, 0.7652, 0.764059541189303, '00:56']
[3, 1.2057939767837524, 0.6642082929611206, 0.7811999917030334, 0.7812, 0.7792645532525244, '00:59']
[4, 1.1097866296768188, 0.619685173034668, 0.796999990940094, 0.7969999999999999, 0.7968350765577925, '00:56']
[5, 1.0158722400665283, 0.5705364942550659, 0.8149999976158142, 0.8149999999999998, 0.8139767766108832, '00:57']
[6, 0.939052402973175, 0.5278530120849609, 0.8248999714851379, 0.8249000000000001, 0.8235725255547983, '00:56']
[7, 0.8436898589134216, 0.46623197197914124, 0.8428000211715698, 0.8428000000000001, 0.8417921593277079, '00:59']
[8, 0.746667742729187, 0.4279147982597351, 0.8561999797821045, 0.8562000000000001, 0.8560162447449832, '00:56']
[9, 0.663867175579071, 0.39671608805656433, 0.8669000267982483, 0.8668999999999999, 0.8665326651765147, '00:57']
[10, 0.5874464511871338, 0.3667992353439331, 0.8762999773025513, 0.8763, 0.8753634025207988, '00:57']
[11, 0.5418232083320618, nan, 0.8852999806404114, 0.8853, 0.8848704184488169, '00:57']
[12, 0.4816470146179199, 0.4897523522377014, 0.8948000073432922, 0.8948, 0.8946431009330673, '00:58']
[13, 0.4344472289085388, 0.28832271695137024, 0.9056000113487244, 0.9056000000000001, 0.9054444086041518, '00:56']
[14, 0.3991793692111969, 0.27439168095588684, 0.9086999893188477, 0.9087, 0.9082401099936239, '00:56']
[15, 0.36542531847953796, 0.2610282301902771, 0.9139000177383423, 0.9138999999999999, 0.9136868035108512, '00:57']
[16, 0.3353673815727234, 0.3279597759246826, 0.9132999777793884, 0.9132999999999999, 0.9129532865353294, '00:57']
[17, 0.3111310601234436, 0.25295490026474, 0.9176999926567078, 0.9177, 0.9174854504895995, '00:58']
[18, 0.26714733242988586, 0.23778288066387177, 0.9239000082015991, 0.9238999999999999, 0.9237801869208188, '00:57']
[19, 0.24585117399692535, 0.2368457317352295, 0.9226999878883362, 0.9227000000000001, 0.922528390730894, '00:56']
[20, 0.22586049139499664, 0.2222924530506134, 0.9279999732971191, 0.9279999999999999, 0.9277919073608831, '00:58']
[21, 0.21582350134849548, 0.22098879516124725, 0.9283000230789185, 0.9282999999999999, 0.9281246185501046, '01:00']
[22, 0.20672385394573212, 0.22095027565956116, 0.9280999898910522, 0.9280999999999999, 0.9278806660359576, '00:59']
[23, 0.20332244038581848, 0.2166694551706314, 0.9301999807357788, 0.9301999999999999, 0.9301019973241665, '00:56']
[24, 0.18740935623645782, 0.2168309986591339, 0.9298999905586243, 0.9299000000000002, 0.9296873438954059, '00:58']
[25, 0.1826108694076538, nan, 0.9307000041007996, 0.9307000000000001, 0.9304783380942135, '00:57']
[26, 0.18117250502109528, 0.21509890258312225, 0.9294999837875366, 0.9295, 0.9292390062362574, '00:59']
[27, 0.1709618717432022, 0.216339573264122, 0.9297999739646912, 0.9298, 0.929567287282422, '00:59']
[28, 0.1682656705379486, 0.21380065381526947, 0.9298999905586243, 0.9299, 0.9296831063805548, '00:57']
[29, 0.16388258337974548, 0.2510739862918854, 0.928600013256073, 0.9286, 0.9283639155374152, '00:57']

Tiempo de entrenamiento: 1798.45 segundos
/mnt/homeGPU/haoweihu/TFG/lib/python3.10/site-packages/fastai/learner.py:455: UserWarning: load_learner` uses Python's insecure pickle module, which can execute malicious arbitrary code when loading. Only load files you trust.
If you only need to load model weights and optimizer state, use the safe `Learner.load` instead.
  warn("load_learner` uses Python's insecure pickle module, which can execute malicious arbitrary code when loading. Only load files you trust.\nIf you only need to load model weights and optimizer state, use the safe `Learner.load` instead.")
Loss (valid): 0.2511
Accuracy (valid): 0.9286
Recall (valid): 0.9286
F1-Score (valid): 0.9284
/mnt/homeGPU/haoweihu/TFG/lib/python3.10/site-packages/torchvision/models/_utils.py:208: UserWarning: The parameter 'pretrained' is deprecated since 0.13 and may be removed in the future, please use 'weights' instead.
  warnings.warn(
/mnt/homeGPU/haoweihu/TFG/lib/python3.10/site-packages/torchvision/models/_utils.py:223: UserWarning: Arguments other than a weight enum or `None` for 'weights' are deprecated since 0.13 and may be removed in the future. The current behavior is equivalent to passing `weights=EfficientNet_V2_S_Weights.IMAGENET1K_V1`. You can also use `weights=EfficientNet_V2_S_Weights.DEFAULT` to get the most up-to-date weights.
  warnings.warn(msg)
Loss (test): 0.3222
Accuracy (test): 0.9259
Recall (test): 0.9259
F1-Score (test): 0.9257
---------------------------------------------------------------------------
Ejecutando: cifar_20pct_effnetv2s_fps_finetune
---------------------------------------------------------------------------
True
Número total de imágenes en entrenamiento: 7896
Número total de imágenes en validación: 10000
Clases: ['airplane', 'automobile', 'bird', 'cat', 'deer', 'dog', 'frog', 'horse', 'ship', 'truck']
weights = EfficientNet_V2_S_Weights.IMAGENET1K_V1
[0, 1.8675035238265991, 0.9576809406280518, 0.7009999752044678, 0.701, 0.6979640177708432, '01:32']
[0, 1.3809248208999634, 0.728317379951477, 0.7645999789237976, 0.7646, 0.7632529085800775, '01:24']
[1, 1.1679575443267822, 0.642764687538147, 0.7893999814987183, 0.7894, 0.7888491699902934, '01:24']
[2, 1.0527269840240479, 0.572808027267456, 0.8070999979972839, 0.8070999999999999, 0.8062193293064148, '01:24']
[3, 0.9152206182479858, nan, 0.824400007724762, 0.8244, 0.8234395234089129, '01:25']
[4, 0.8277682662010193, 0.4703967869281769, 0.8436999917030334, 0.8436999999999999, 0.8431844666367809, '01:24']
[5, 0.7239996790885925, 0.39955833554267883, 0.8668000102043152, 0.8667999999999999, 0.8657992451954648, '01:24']
[6, 0.6331794261932373, 0.34554070234298706, 0.8858000040054321, 0.8858, 0.8854122427196061, '01:24']
[7, 0.5271651148796082, 0.2995753884315491, 0.8986999988555908, 0.8987, 0.8984666572060176, '01:24']
[8, 0.4455306828022003, 0.2698251008987427, 0.9099000096321106, 0.9099, 0.9098083804542135, '01:24']
[9, 0.3883332908153534, 0.2480916678905487, 0.9175999760627747, 0.9176, 0.9173119881907266, '01:24']
[10, 0.3354739546775818, 0.22821767628192902, 0.9217000007629395, 0.9216999999999999, 0.9216734740355006, '01:25']
[11, 0.28425055742263794, 0.2119198739528656, 0.9304999709129333, 0.9305, 0.9303568767266732, '01:25']
[12, 0.24871201813220978, 0.19832925498485565, 0.9333000183105469, 0.9333, 0.9331571517920857, '01:24']
[13, 0.22748546302318573, 0.19760285317897797, 0.9363999962806702, 0.9364000000000001, 0.9363423465462312, '01:24']
[14, 0.18529771268367767, 0.18992879986763, 0.9395999908447266, 0.9396000000000001, 0.9394505712821515, '01:28']
[15, 0.1835450679063797, 0.17594629526138306, 0.9437000155448914, 0.9437, 0.9437115785499227, '01:27']
[16, 0.15873019397258759, 0.1675259917974472, 0.9455000162124634, 0.9455, 0.9453930281259371, '01:27']
[17, 0.14025463163852692, 0.16370199620723724, 0.9473000168800354, 0.9473, 0.9472772446128497, '01:29']
[18, 0.12353259325027466, 0.16599833965301514, 0.9477999806404114, 0.9478000000000002, 0.947705546707734, '01:26']
[19, 0.11994669586420059, 0.16875524818897247, 0.9470000267028809, 0.9469999999999998, 0.9469239910886925, '01:24']
[20, 0.10358650237321854, 0.16650967299938202, 0.9474999904632568, 0.9475, 0.9473718987496456, '01:24']
[21, 0.10328232496976852, 0.1645829677581787, 0.9488999843597412, 0.9488999999999999, 0.9487653246869933, '01:27']
[22, 0.0911361500620842, 0.16566705703735352, 0.9491999745368958, 0.9491999999999999, 0.9492259068413327, '01:24']
No improvement since epoch 17: early stopping

Tiempo de entrenamiento: 2060.89 segundos
/mnt/homeGPU/haoweihu/TFG/lib/python3.10/site-packages/fastai/learner.py:455: UserWarning: load_learner` uses Python's insecure pickle module, which can execute malicious arbitrary code when loading. Only load files you trust.
If you only need to load model weights and optimizer state, use the safe `Learner.load` instead.
  warn("load_learner` uses Python's insecure pickle module, which can execute malicious arbitrary code when loading. Only load files you trust.\nIf you only need to load model weights and optimizer state, use the safe `Learner.load` instead.")
Loss (valid): 0.1657
Accuracy (valid): 0.9492
Recall (valid): 0.9492
F1-Score (valid): 0.9492
/mnt/homeGPU/haoweihu/TFG/lib/python3.10/site-packages/torchvision/models/_utils.py:208: UserWarning: The parameter 'pretrained' is deprecated since 0.13 and may be removed in the future, please use 'weights' instead.
  warnings.warn(
/mnt/homeGPU/haoweihu/TFG/lib/python3.10/site-packages/torchvision/models/_utils.py:223: UserWarning: Arguments other than a weight enum or `None` for 'weights' are deprecated since 0.13 and may be removed in the future. The current behavior is equivalent to passing `weights=EfficientNet_V2_S_Weights.IMAGENET1K_V1`. You can also use `weights=EfficientNet_V2_S_Weights.DEFAULT` to get the most up-to-date weights.
  warnings.warn(msg)
Loss (test): 0.1632
Accuracy (test): 0.9511
Recall (test): 0.9511
F1-Score (test): 0.9512
---------------------------------------------------------------------------
Ejecutando: cifar_30pct_effnetv2s_fps_finetune
---------------------------------------------------------------------------
True
Número total de imágenes en entrenamiento: 11682
Número total de imágenes en validación: 10000
Clases: ['airplane', 'automobile', 'bird', 'cat', 'deer', 'dog', 'frog', 'horse', 'ship', 'truck']
weights = EfficientNet_V2_S_Weights.IMAGENET1K_V1
[0, 1.5890496969223022, 0.8755058646202087, 0.7299000024795532, 0.7299, 0.7286820787399073, '02:03']
[0, 1.171262264251709, nan, 0.78329998254776, 0.7833, 0.7818968345304894, '01:53']
[1, 1.0061969757080078, nan, 0.8177000284194946, 0.8177, 0.8165363001886939, '01:51']
[2, 0.8670952916145325, 0.5173442363739014, 0.8328999876976013, 0.8329000000000001, 0.8315534583049764, '01:52']
[3, 0.7372319102287292, nan, 0.8593999743461609, 0.8594000000000002, 0.8584455872253178, '01:52']
[4, 0.639915943145752, 0.3645929992198944, 0.8787000179290771, 0.8787, 0.8779145446859813, '01:51']
[5, 0.5656102299690247, 0.32282719016075134, 0.8928999900817871, 0.8929, 0.8921191449705027, '01:51']
[6, 0.4390335977077484, 0.5661358833312988, 0.916700005531311, 0.9167, 0.9164938804593925, '01:52']
[7, 0.38840219378471375, 0.24815000593662262, 0.9175999760627747, 0.9176, 0.9172216439859866, '01:53']
[8, 0.3254084587097168, 0.20659735798835754, 0.9309999942779541, 0.931, 0.9307861467430814, '01:52']
[9, 0.28689542412757874, 0.18021096289157867, 0.9391000270843506, 0.9391, 0.9388536684079934, '01:51']
[10, 0.23436783254146576, 0.16685739159584045, 0.9456999897956848, 0.9457000000000001, 0.9455835574385496, '01:51']
[11, 0.19697898626327515, 0.17029400169849396, 0.9466999769210815, 0.9466999999999999, 0.9464082519347385, '01:51']
[12, 0.18254272639751434, 0.14541494846343994, 0.9526000022888184, 0.9526, 0.952529063183451, '01:51']
[13, 0.15218709409236908, 0.14448663592338562, 0.9550999999046326, 0.9551000000000001, 0.9549570582160463, '01:53']
[14, 0.12778493762016296, 0.1375294327735901, 0.9559000134468079, 0.9559000000000001, 0.9558698124181146, '01:52']
[15, 0.13429883122444153, 0.13816525042057037, 0.9569000005722046, 0.9569000000000001, 0.9568098400419389, '01:51']
[16, 0.10747723281383514, 0.13621100783348083, 0.958299994468689, 0.9583, 0.9582194986420595, '01:51']
[17, 0.09653501957654953, 0.13380199670791626, 0.9593999981880188, 0.9594000000000001, 0.9593131334568895, '01:53']
[18, 0.09353276342153549, 0.1367805302143097, 0.9589999914169312, 0.9589999999999999, 0.9589362263204174, '01:52']
[19, 0.06815018504858017, 0.13197478652000427, 0.9620000123977661, 0.962, 0.9619464065939022, '01:52']
[20, 0.07161615043878555, 0.13431960344314575, 0.9613000154495239, 0.9612999999999999, 0.9612139581488304, '01:52']
[21, 0.06632982194423676, 0.1339905858039856, 0.9621000289916992, 0.9621000000000001, 0.9620589997847692, '01:54']
[22, 0.059312254190444946, 0.1366332620382309, 0.9603000283241272, 0.9603000000000002, 0.960222890437038, '01:52']
[23, 0.05678442120552063, 0.13508005440235138, 0.9617000222206116, 0.9616999999999999, 0.96162595197749, '01:52']
[24, 0.055942174047231674, 0.1339857280254364, 0.9614999890327454, 0.9615, 0.9614282008509388, '01:52']
No improvement since epoch 19: early stopping

Tiempo de entrenamiento: 2930.70 segundos
/mnt/homeGPU/haoweihu/TFG/lib/python3.10/site-packages/fastai/learner.py:455: UserWarning: load_learner` uses Python's insecure pickle module, which can execute malicious arbitrary code when loading. Only load files you trust.
If you only need to load model weights and optimizer state, use the safe `Learner.load` instead.
  warn("load_learner` uses Python's insecure pickle module, which can execute malicious arbitrary code when loading. Only load files you trust.\nIf you only need to load model weights and optimizer state, use the safe `Learner.load` instead.")
Loss (valid): 0.1340
Accuracy (valid): 0.9615
Recall (valid): 0.9615
F1-Score (valid): 0.9614
/mnt/homeGPU/haoweihu/TFG/lib/python3.10/site-packages/torchvision/models/_utils.py:208: UserWarning: The parameter 'pretrained' is deprecated since 0.13 and may be removed in the future, please use 'weights' instead.
  warnings.warn(
/mnt/homeGPU/haoweihu/TFG/lib/python3.10/site-packages/torchvision/models/_utils.py:223: UserWarning: Arguments other than a weight enum or `None` for 'weights' are deprecated since 0.13 and may be removed in the future. The current behavior is equivalent to passing `weights=EfficientNet_V2_S_Weights.IMAGENET1K_V1`. You can also use `weights=EfficientNet_V2_S_Weights.DEFAULT` to get the most up-to-date weights.
  warnings.warn(msg)
Loss (test): 0.1417
Accuracy (test): 0.9587
Recall (test): 0.9587
F1-Score (test): 0.9586
---------------------------------------------------------------------------
Ejecutando: cifar_40pct_effnetv2s_fps_finetune
---------------------------------------------------------------------------
True
Número total de imágenes en entrenamiento: 15351
Número total de imágenes en validación: 10000
Clases: ['airplane', 'automobile', 'bird', 'cat', 'deer', 'dog', 'frog', 'horse', 'ship', 'truck']
weights = EfficientNet_V2_S_Weights.IMAGENET1K_V1
[0, 1.4952545166015625, 0.7868752479553223, 0.7445999979972839, 0.7445999999999999, 0.7426582509588056, '02:15']
[0, 1.0262928009033203, 0.6001580953598022, 0.7961999773979187, 0.7962, 0.79515757520327, '02:17']
[1, 0.9066182374954224, nan, 0.8277000188827515, 0.8277000000000001, 0.8264137032653576, '02:18']
[2, 0.7683305144309998, 0.44377967715263367, 0.8508999943733215, 0.8509, 0.8501614356170888, '02:20']
[3, 0.6652793288230896, nan, 0.8805000185966492, 0.8805, 0.8799858349032945, '02:18']
[4, 0.5207347273826599, 0.6114072799682617, 0.8937000036239624, 0.8937000000000002, 0.892963809896923, '02:18']
[5, 0.4599509835243225, 0.2605036199092865, 0.9103999733924866, 0.9104000000000001, 0.9097801004763347, '02:19']
[6, 0.3475398123264313, nan, 0.930400013923645, 0.9304, 0.9302290648790205, '02:19']
[7, 0.30395957827568054, nan, 0.9404000043869019, 0.9404, 0.9402307978038547, '02:21']
[8, 0.2703903317451477, nan, 0.946399986743927, 0.9463999999999999, 0.9462863619719387, '02:18']
[9, 0.2185632586479187, nan, 0.9545000195503235, 0.9545, 0.9543344297748032, '02:19']
[10, 0.1860475093126297, 0.6548540592193604, 0.9534000158309937, 0.9533999999999999, 0.9532282787128581, '02:19']
No improvement since epoch 5: early stopping

Tiempo de entrenamiento: 1667.99 segundos
/mnt/homeGPU/haoweihu/TFG/lib/python3.10/site-packages/fastai/learner.py:455: UserWarning: load_learner` uses Python's insecure pickle module, which can execute malicious arbitrary code when loading. Only load files you trust.
If you only need to load model weights and optimizer state, use the safe `Learner.load` instead.
  warn("load_learner` uses Python's insecure pickle module, which can execute malicious arbitrary code when loading. Only load files you trust.\nIf you only need to load model weights and optimizer state, use the safe `Learner.load` instead.")
Loss (valid): 0.6549
Accuracy (valid): 0.9534
Recall (valid): 0.9534
F1-Score (valid): 0.9532
/mnt/homeGPU/haoweihu/TFG/lib/python3.10/site-packages/torchvision/models/_utils.py:208: UserWarning: The parameter 'pretrained' is deprecated since 0.13 and may be removed in the future, please use 'weights' instead.
  warnings.warn(
/mnt/homeGPU/haoweihu/TFG/lib/python3.10/site-packages/torchvision/models/_utils.py:223: UserWarning: Arguments other than a weight enum or `None` for 'weights' are deprecated since 0.13 and may be removed in the future. The current behavior is equivalent to passing `weights=EfficientNet_V2_S_Weights.IMAGENET1K_V1`. You can also use `weights=EfficientNet_V2_S_Weights.DEFAULT` to get the most up-to-date weights.
  warnings.warn(msg)
Loss (test): 2.5729
Accuracy (test): 0.9513
Recall (test): 0.9513
F1-Score (test): 0.9512
---------------------------------------------------------------------------
Ejecutando: cifar_50pct_effnetv2s_fps_finetune
---------------------------------------------------------------------------
True
Número total de imágenes en entrenamiento: 18874
Número total de imágenes en validación: 10000
Clases: ['airplane', 'automobile', 'bird', 'cat', 'deer', 'dog', 'frog', 'horse', 'ship', 'truck']
weights = EfficientNet_V2_S_Weights.IMAGENET1K_V1
[0, 1.4036850929260254, 0.7408227920532227, 0.7529000043869019, 0.7529000000000001, 0.7521428919374431, '02:46']
[0, 0.9824004173278809, 0.5628777146339417, 0.8137999773025513, 0.8138, 0.8134052027787106, '02:42']
[1, 0.8285624980926514, 0.47385039925575256, 0.8416000008583069, 0.8416, 0.8415357530954294, '02:44']
[2, 0.6740925312042236, 0.42876997590065, 0.8686000108718872, 0.8686, 0.8680808822810537, '02:43']
[3, 0.5606394410133362, 0.32469242811203003, 0.892799973487854, 0.8928, 0.892504411809869, '02:45']
[4, 0.4562881290912628, 0.2575835585594177, 0.9146000146865845, 0.9145999999999999, 0.9142519215442654, '02:45']
[5, 0.3838820457458496, 0.21699008345603943, 0.9283999800682068, 0.9284000000000001, 0.9279157451964497, '02:47']
[6, 0.3146134316921234, 0.18062999844551086, 0.9408000111579895, 0.9408, 0.940551931995601, '02:44']
[7, 0.2582567632198334, 0.17317412793636322, 0.9431999921798706, 0.9432, 0.9429759030224032, '02:44']
[8, 0.19887307286262512, 0.15043966472148895, 0.9509999752044678, 0.9510000000000002, 0.9509155559472001, '02:44']
[9, 0.1862349510192871, 0.13952575623989105, 0.9546999931335449, 0.9547000000000001, 0.9547521595172743, '02:44']
[10, 0.15291017293930054, 0.12735393643379211, 0.9589999914169312, 0.959, 0.958887008413741, '02:44']
[11, 0.13097143173217773, 0.11583499610424042, 0.9639000296592712, 0.9639, 0.9638283617148267, '02:44']
[12, 0.11663565039634705, 0.11598872393369675, 0.9632999897003174, 0.9632999999999999, 0.9632133154748139, '02:43']
[13, 0.09612021595239639, 0.11722122877836227, 0.9663000106811523, 0.9663, 0.9662112065262105, '02:44']
[14, 0.08766989409923553, 0.11699560284614563, 0.9652000069618225, 0.9652, 0.9651203770471926, '02:45']
[15, 0.07842570543289185, 0.11479742079973221, 0.9668999910354614, 0.9668999999999999, 0.9668296581525242, '02:45']
[16, 0.06479713320732117, 0.1207234337925911, 0.967199981212616, 0.9671999999999998, 0.9670958471731614, '02:45']
[17, 0.05710301175713539, 0.1189384013414383, 0.9663000106811523, 0.9663, 0.9662195823241119, '02:44']
[18, 0.05503144860267639, 0.11148711293935776, 0.9682999849319458, 0.9682999999999999, 0.9682184139146253, '02:44']
[19, 0.042772695422172546, 0.11453575640916824, 0.9692000150680542, 0.9692000000000001, 0.9691283456696814, '02:46']
[20, 0.04122451692819595, 0.11581449955701828, 0.9692000150680542, 0.9691999999999998, 0.969132859002036, '02:44']
[21, 0.04849705472588539, 0.11297020316123962, 0.9688000082969666, 0.9687999999999999, 0.9687112010257565, '02:44']
[22, 0.04436979070305824, 0.1136944368481636, 0.9692999720573425, 0.9693000000000002, 0.9692654331973791, '02:44']
[23, 0.04293518885970116, 0.11296257376670837, 0.9692000150680542, 0.9691999999999998, 0.969134026052591, '02:44']
No improvement since epoch 18: early stopping

Tiempo de entrenamiento: 4122.13 segundos
/mnt/homeGPU/haoweihu/TFG/lib/python3.10/site-packages/fastai/learner.py:455: UserWarning: load_learner` uses Python's insecure pickle module, which can execute malicious arbitrary code when loading. Only load files you trust.
If you only need to load model weights and optimizer state, use the safe `Learner.load` instead.
  warn("load_learner` uses Python's insecure pickle module, which can execute malicious arbitrary code when loading. Only load files you trust.\nIf you only need to load model weights and optimizer state, use the safe `Learner.load` instead.")
Loss (valid): 0.1130
Accuracy (valid): 0.9692
Recall (valid): 0.9692
F1-Score (valid): 0.9691
/mnt/homeGPU/haoweihu/TFG/lib/python3.10/site-packages/torchvision/models/_utils.py:208: UserWarning: The parameter 'pretrained' is deprecated since 0.13 and may be removed in the future, please use 'weights' instead.
  warnings.warn(
/mnt/homeGPU/haoweihu/TFG/lib/python3.10/site-packages/torchvision/models/_utils.py:223: UserWarning: Arguments other than a weight enum or `None` for 'weights' are deprecated since 0.13 and may be removed in the future. The current behavior is equivalent to passing `weights=EfficientNet_V2_S_Weights.IMAGENET1K_V1`. You can also use `weights=EfficientNet_V2_S_Weights.DEFAULT` to get the most up-to-date weights.
  warnings.warn(msg)
Loss (test): 0.1136
Accuracy (test): 0.9709
Recall (test): 0.9709
F1-Score (test): 0.9708
---------------------------------------------------------------------------
Ejecutando: cifar_60pct_effnetv2s_fps_finetune
---------------------------------------------------------------------------
True
Número total de imágenes en entrenamiento: 21842
Número total de imágenes en validación: 10000
Clases: ['airplane', 'automobile', 'bird', 'cat', 'deer', 'dog', 'frog', 'horse', 'ship', 'truck']
weights = EfficientNet_V2_S_Weights.IMAGENET1K_V1
[0, 1.260388970375061, nan, 0.762499988079071, 0.7625, 0.7595690578615149, '02:38']
[0, 0.9037496447563171, nan, 0.8216000199317932, 0.8215999999999999, 0.8211799445027198, '03:03']
[1, 0.7299908995628357, nan, 0.8522999882698059, 0.8523, 0.8513662897852425, '03:04']
[2, 0.5983572006225586, nan, 0.8755999803543091, 0.8756, 0.8749306614013153, '03:04']
[3, 0.4993951916694641, nan, 0.9035000205039978, 0.9035, 0.9029728896966145, '03:03']
[4, 0.4153665602207184, 0.23728877305984497, 0.920799970626831, 0.9207999999999998, 0.9203649315964396, '03:05']
[5, 0.3316817879676819, 0.1939023733139038, 0.9354000091552734, 0.9353999999999999, 0.9352688821400335, '03:05']
[6, 0.27170756459236145, 0.16317692399024963, 0.9447000026702881, 0.9446999999999999, 0.944591965690002, '03:04']
[7, 0.23417983949184418, 0.407001793384552, 0.9466000199317932, 0.9465999999999999, 0.9462267758758275, '03:04']
[8, 0.21174167096614838, nan, 0.9542999863624573, 0.9542999999999999, 0.9541453045092269, '03:04']
[9, 0.16193664073944092, 0.1869213581085205, 0.9577000141143799, 0.9577, 0.9575705922213016, '03:05']
[10, 0.1468823254108429, nan, 0.9613000154495239, 0.9612999999999999, 0.9611045887760599, '03:05']
[11, 0.11757300794124603, nan, 0.9631999731063843, 0.9632000000000002, 0.9631061381555652, '03:05']
No improvement since epoch 6: early stopping

Tiempo de entrenamiento: 2376.72 segundos
/mnt/homeGPU/haoweihu/TFG/lib/python3.10/site-packages/fastai/learner.py:455: UserWarning: load_learner` uses Python's insecure pickle module, which can execute malicious arbitrary code when loading. Only load files you trust.
If you only need to load model weights and optimizer state, use the safe `Learner.load` instead.
  warn("load_learner` uses Python's insecure pickle module, which can execute malicious arbitrary code when loading. Only load files you trust.\nIf you only need to load model weights and optimizer state, use the safe `Learner.load` instead.")
Loss (valid): nan
Accuracy (valid): 0.9632
Recall (valid): 0.9632
F1-Score (valid): 0.9631
/mnt/homeGPU/haoweihu/TFG/lib/python3.10/site-packages/torchvision/models/_utils.py:208: UserWarning: The parameter 'pretrained' is deprecated since 0.13 and may be removed in the future, please use 'weights' instead.
  warnings.warn(
/mnt/homeGPU/haoweihu/TFG/lib/python3.10/site-packages/torchvision/models/_utils.py:223: UserWarning: Arguments other than a weight enum or `None` for 'weights' are deprecated since 0.13 and may be removed in the future. The current behavior is equivalent to passing `weights=EfficientNet_V2_S_Weights.IMAGENET1K_V1`. You can also use `weights=EfficientNet_V2_S_Weights.DEFAULT` to get the most up-to-date weights.
  warnings.warn(msg)
Loss (test): 1.9315
Accuracy (test): 0.9628
Recall (test): 0.9628
F1-Score (test): 0.9628
---------------------------------------------------------------------------
Ejecutando: cifar_70pct_effnetv2s_fps_finetune
---------------------------------------------------------------------------
True
Número total de imágenes en entrenamiento: 24956
Número total de imágenes en validación: 10000
Clases: ['airplane', 'automobile', 'bird', 'cat', 'deer', 'dog', 'frog', 'horse', 'ship', 'truck']
weights = EfficientNet_V2_S_Weights.IMAGENET1K_V1
[0, 1.2111276388168335, 0.6737133264541626, 0.7749000191688538, 0.7749, 0.7729708026338347, '03:04']
[0, 0.8328573107719421, 0.5093576908111572, 0.8285999894142151, 0.8286, 0.827389988138109, '03:26']
[1, 0.6702030301094055, 0.410275399684906, 0.8626999855041504, 0.8627, 0.8618982783089082, '03:27']
[2, 0.5558639764785767, 0.33113494515419006, 0.8880000114440918, 0.8880000000000001, 0.8876619025918682, '03:28']
[3, 0.4924531579017639, 0.2600829005241394, 0.913100004196167, 0.9131, 0.9128388163332886, '03:28']
[4, 0.36629390716552734, 0.21769006550312042, 0.9283999800682068, 0.9283999999999999, 0.9280002335381404, '03:28']
[5, 0.295587420463562, 0.1827472597360611, 0.9351999759674072, 0.9352, 0.9348553996556346, '03:27']
[6, 0.24114616215229034, 0.15577498078346252, 0.9488999843597412, 0.9488999999999999, 0.9487259894944771, '03:28']
[7, 0.21419216692447662, 0.1285397857427597, 0.9580000042915344, 0.958, 0.9580016286959413, '03:28']
[8, 0.19085803627967834, 0.1150764673948288, 0.9624000191688538, 0.9624, 0.9623277515287153, '03:28']
[9, 0.14881733059883118, 0.11760105937719345, 0.9621999859809875, 0.9621999999999999, 0.9621378759345764, '03:28']
[10, 0.12596546113491058, 0.10993213206529617, 0.9661999940872192, 0.9662000000000001, 0.9661391801586967, '03:27']
[11, 0.12013104557991028, 0.10065539181232452, 0.9682000279426575, 0.9682000000000001, 0.9681680704038277, '03:26']
[12, 0.09091131389141083, 0.09673050791025162, 0.9697999954223633, 0.9697999999999999, 0.9697729479026431, '03:26']
[13, 0.08600640296936035, 0.09547509998083115, 0.9704999923706055, 0.9705, 0.9704803859851241, '03:26']
[14, 0.059066373854875565, 0.09513062983751297, 0.9715999960899353, 0.9715999999999999, 0.9715477774618566, '03:26']
[15, 0.059362489730119705, 0.10228193551301956, 0.972599983215332, 0.9726000000000001, 0.9725074228380197, '03:27']
[16, 0.05096016451716423, 0.09556476026773453, 0.972100019454956, 0.9721, 0.9720307681758278, '03:28']
[17, 0.04383646696805954, 0.0988297387957573, 0.9728000164031982, 0.9728, 0.9727798469334408, '03:27']
[18, 0.04176804795861244, 0.0947248637676239, 0.9739000201225281, 0.9738999999999999, 0.9738671709130668, '03:27']
[19, 0.045600179582834244, 0.09659214317798615, 0.9745000004768372, 0.9745000000000001, 0.9744252053142587, '03:26']
[20, 0.036420516669750214, 0.09358524531126022, 0.9750000238418579, 0.975, 0.974964091916498, '03:27']
[21, 0.032837435603141785, 0.09223952889442444, 0.9747999906539917, 0.9747999999999999, 0.9747679357098609, '03:28']
[22, 0.03566461056470871, 0.09013988822698593, 0.9763000011444092, 0.9763, 0.976276919930454, '03:28']
[23, 0.028516899794340134, 0.09139692783355713, 0.9757999777793884, 0.9758000000000001, 0.9757543271426018, '03:27']
[24, 0.029764950275421143, 0.09446015954017639, 0.975600004196167, 0.9756, 0.9755388434967494, '03:27']
[25, 0.026043681427836418, 0.0978592187166214, 0.9747999906539917, 0.9747999999999999, 0.9747318867893412, '03:27']
[26, 0.023065853863954544, 0.09330370277166367, 0.975600004196167, 0.9756, 0.9755251611899507, '03:27']
[27, 0.024932079017162323, 0.09352204948663712, 0.9760000109672546, 0.976, 0.9759408044672131, '03:28']
No improvement since epoch 22: early stopping

Tiempo de entrenamiento: 5999.45 segundos
/mnt/homeGPU/haoweihu/TFG/lib/python3.10/site-packages/fastai/learner.py:455: UserWarning: load_learner` uses Python's insecure pickle module, which can execute malicious arbitrary code when loading. Only load files you trust.
If you only need to load model weights and optimizer state, use the safe `Learner.load` instead.
  warn("load_learner` uses Python's insecure pickle module, which can execute malicious arbitrary code when loading. Only load files you trust.\nIf you only need to load model weights and optimizer state, use the safe `Learner.load` instead.")
Loss (valid): 0.0935
Accuracy (valid): 0.9760
Recall (valid): 0.9760
F1-Score (valid): 0.9759
/mnt/homeGPU/haoweihu/TFG/lib/python3.10/site-packages/torchvision/models/_utils.py:208: UserWarning: The parameter 'pretrained' is deprecated since 0.13 and may be removed in the future, please use 'weights' instead.
  warnings.warn(
/mnt/homeGPU/haoweihu/TFG/lib/python3.10/site-packages/torchvision/models/_utils.py:223: UserWarning: Arguments other than a weight enum or `None` for 'weights' are deprecated since 0.13 and may be removed in the future. The current behavior is equivalent to passing `weights=EfficientNet_V2_S_Weights.IMAGENET1K_V1`. You can also use `weights=EfficientNet_V2_S_Weights.DEFAULT` to get the most up-to-date weights.
  warnings.warn(msg)
Loss (test): 0.1120
Accuracy (test): 0.9730
Recall (test): 0.9730
F1-Score (test): 0.9729
---------------------------------------------------------------------------
Ejecutando: cifar_80pct_effnetv2s_fps_finetune
---------------------------------------------------------------------------
True
Número total de imágenes en entrenamiento: 27443
Número total de imágenes en validación: 10000
Clases: ['airplane', 'automobile', 'bird', 'cat', 'deer', 'dog', 'frog', 'horse', 'ship', 'truck']
weights = EfficientNet_V2_S_Weights.IMAGENET1K_V1
[0, 1.1477696895599365, 0.7006566524505615, 0.7660999894142151, 0.7661, 0.7661126081687321, '03:08']
[0, 0.8014332056045532, nan, 0.8324999809265137, 0.8324999999999999, 0.8315546129819229, '03:44']
[1, 0.6595042943954468, nan, 0.8586000204086304, 0.8586, 0.8582320385924447, '03:45']
[2, 0.5546244382858276, nan, 0.8913000226020813, 0.8913, 0.891107462007193, '03:45']
[3, 0.4255490303039551, nan, 0.9106000065803528, 0.9106000000000002, 0.9105560339899906, '03:45']
[4, 0.3516489267349243, 0.2185991406440735, 0.9271000027656555, 0.9271, 0.9266239908037182, '03:45']
[5, 0.30642592906951904, 0.16561204195022583, 0.9448999762535095, 0.9449, 0.944808332369546, '03:45']
[6, 0.23878934979438782, 0.14721085131168365, 0.9505000114440918, 0.9504999999999999, 0.9501648324459462, '03:46']
[7, 0.18832123279571533, 0.12696996331214905, 0.9599999785423279, 0.96, 0.9598777090206246, '03:48']
[8, 0.16625922918319702, 0.1147075891494751, 0.9629999995231628, 0.9630000000000001, 0.9629436184167727, '03:47']
[9, 0.14270232617855072, 0.10785450786352158, 0.9661999940872192, 0.9662, 0.9661527300125821, '03:45']
[10, 0.12178535014390945, 0.10846545547246933, 0.9659000039100647, 0.9659000000000001, 0.9658923592118118, '03:45']
[11, 0.10847914218902588, 0.10188458114862442, 0.968999981880188, 0.969, 0.9689632106895241, '03:44']
[12, 0.09784591197967529, 0.1011902242898941, 0.9699000120162964, 0.9699, 0.969838370622395, '03:46']
[13, 0.07748990505933762, 0.0974598154425621, 0.972100019454956, 0.9721, 0.9720751149501018, '03:45']
[14, 0.06156979873776436, 0.10107171535491943, 0.9715999960899353, 0.9715999999999999, 0.971569775567653, '03:44']
[15, 0.05983622372150421, 0.10089466720819473, 0.972100019454956, 0.9721, 0.9720357418692414, '03:44']
[16, 0.05838359147310257, 0.10361981391906738, 0.9726999998092651, 0.9727, 0.9727062801682113, '03:44']
[17, 0.04768900200724602, 0.09824620932340622, 0.9739000201225281, 0.9739000000000001, 0.9739136471958064, '03:45']
[18, 0.04762091860175133, 0.1038835421204567, 0.9736999869346619, 0.9736999999999998, 0.9736930138856954, '03:44']
No improvement since epoch 13: early stopping

Tiempo de entrenamiento: 4472.73 segundos
/mnt/homeGPU/haoweihu/TFG/lib/python3.10/site-packages/fastai/learner.py:455: UserWarning: load_learner` uses Python's insecure pickle module, which can execute malicious arbitrary code when loading. Only load files you trust.
If you only need to load model weights and optimizer state, use the safe `Learner.load` instead.
  warn("load_learner` uses Python's insecure pickle module, which can execute malicious arbitrary code when loading. Only load files you trust.\nIf you only need to load model weights and optimizer state, use the safe `Learner.load` instead.")
Loss (valid): 0.1039
Accuracy (valid): 0.9737
Recall (valid): 0.9737
F1-Score (valid): 0.9737
/mnt/homeGPU/haoweihu/TFG/lib/python3.10/site-packages/torchvision/models/_utils.py:208: UserWarning: The parameter 'pretrained' is deprecated since 0.13 and may be removed in the future, please use 'weights' instead.
  warnings.warn(
/mnt/homeGPU/haoweihu/TFG/lib/python3.10/site-packages/torchvision/models/_utils.py:223: UserWarning: Arguments other than a weight enum or `None` for 'weights' are deprecated since 0.13 and may be removed in the future. The current behavior is equivalent to passing `weights=EfficientNet_V2_S_Weights.IMAGENET1K_V1`. You can also use `weights=EfficientNet_V2_S_Weights.DEFAULT` to get the most up-to-date weights.
  warnings.warn(msg)
Loss (test): 0.1039
Accuracy (test): 0.9733
Recall (test): 0.9733
F1-Score (test): 0.9732
---------------------------------------------------------------------------
Ejecutando: cifar_90pct_effnetv2s_fps_finetune
---------------------------------------------------------------------------
True
Número total de imágenes en entrenamiento: 29801
Número total de imágenes en validación: 10000
Clases: ['airplane', 'automobile', 'bird', 'cat', 'deer', 'dog', 'frog', 'horse', 'ship', 'truck']
weights = EfficientNet_V2_S_Weights.IMAGENET1K_V1
[0, 1.0873228311538696, nan, 0.7836999893188477, 0.7837000000000002, 0.7831237564995124, '03:26']
[0, 0.7842978239059448, 0.46577149629592896, 0.8407999873161316, 0.8408000000000001, 0.8403539058514131, '04:01']
[1, 0.5997326970100403, 0.37134960293769836, 0.8723000288009644, 0.8722999999999999, 0.8719789693758223, '04:02']
[2, 0.4993794560432434, 0.3038036525249481, 0.895799994468689, 0.8958, 0.8952791561339634, '04:02']
[3, 0.39611485600471497, 0.2332160919904709, 0.9218999743461609, 0.9218999999999999, 0.921729406994047, '04:03']
[4, 0.31916552782058716, 0.1910136193037033, 0.9333000183105469, 0.9333, 0.9328929439394378, '04:03']
[5, 0.2787875235080719, 0.15355125069618225, 0.9470999836921692, 0.9471, 0.9469701575554087, '04:03']
[6, 0.2222316414117813, 0.13727383315563202, 0.9534000158309937, 0.9534, 0.9533693310251206, '04:02']
[7, 0.18668532371520996, 0.11241266131401062, 0.9621000289916992, 0.9620999999999998, 0.9620521295855712, '04:04']
[8, 0.15561528503894806, 0.10517340153455734, 0.9643999934196472, 0.9644, 0.9643616607213067, '04:03']
[9, 0.11987556517124176, 0.10385670512914658, 0.9684000015258789, 0.9683999999999999, 0.9683754658006762, '04:02']
[10, 0.11234619468450546, 0.09365971386432648, 0.9710000157356262, 0.9709999999999999, 0.9709940912365104, '04:02']
[11, 0.10382281243801117, 0.0935126394033432, 0.9717000126838684, 0.9717, 0.9716896757505598, '04:02']
[12, 0.07948976010084152, 0.09064927697181702, 0.9739000201225281, 0.9738999999999999, 0.9738747837709537, '04:02']
[13, 0.07025379687547684, 0.09308551996946335, 0.9739000201225281, 0.9739000000000001, 0.97387328288728, '04:04']
[14, 0.062300026416778564, 0.09098932147026062, 0.9760000109672546, 0.976, 0.9759876754337246, '04:05']
[15, 0.0505923330783844, 0.09648376703262329, 0.9740999937057495, 0.9741, 0.9740351040613715, '04:03']
[16, 0.04654306173324585, 0.09270429611206055, 0.9764000177383423, 0.9764000000000002, 0.9763708987415496, '04:02']
[17, 0.04115469381213188, 0.08879851549863815, 0.9768000245094299, 0.9767999999999999, 0.9767950254099889, '04:02']
[18, 0.03332200646400452, 0.0956207662820816, 0.9758999943733215, 0.9759, 0.9758940795064284, '04:02']
[19, 0.03717062994837761, 0.09232396632432938, 0.9767000079154968, 0.9767000000000001, 0.9766801627053168, '04:04']
[20, 0.033060282468795776, 0.09394468367099762, 0.9761999845504761, 0.9762000000000001, 0.9761626312084122, '04:02']
[21, 0.028686262667179108, 0.09287798404693604, 0.9768000245094299, 0.9768000000000001, 0.9767959378247022, '04:01']
[22, 0.032948706299066544, 0.0905429869890213, 0.9761999845504761, 0.9761999999999998, 0.9761594195473217, '04:01']
No improvement since epoch 17: early stopping

Tiempo de entrenamiento: 5795.84 segundos
/mnt/homeGPU/haoweihu/TFG/lib/python3.10/site-packages/fastai/learner.py:455: UserWarning: load_learner` uses Python's insecure pickle module, which can execute malicious arbitrary code when loading. Only load files you trust.
If you only need to load model weights and optimizer state, use the safe `Learner.load` instead.
  warn("load_learner` uses Python's insecure pickle module, which can execute malicious arbitrary code when loading. Only load files you trust.\nIf you only need to load model weights and optimizer state, use the safe `Learner.load` instead.")
Loss (valid): 0.0905
Accuracy (valid): 0.9762
Recall (valid): 0.9762
F1-Score (valid): 0.9762
Loss (test): 0.1046
Accuracy (test): 0.9749
Recall (test): 0.9749
F1-Score (test): 0.9749
mail: cannot send message: Process exited with a non-zero status
