/mnt/homeGPU/haoweihu/TFG/lib/python3.10/site-packages/torchvision/models/_utils.py:208: UserWarning: The parameter 'pretrained' is deprecated since 0.13 and may be removed in the future, please use 'weights' instead.
  warnings.warn(
/mnt/homeGPU/haoweihu/TFG/lib/python3.10/site-packages/torchvision/models/_utils.py:223: UserWarning: Arguments other than a weight enum or `None` for 'weights' are deprecated since 0.13 and may be removed in the future. The current behavior is equivalent to passing `weights=EfficientNet_V2_S_Weights.IMAGENET1K_V1`. You can also use `weights=EfficientNet_V2_S_Weights.DEFAULT` to get the most up-to-date weights.
  warnings.warn(msg)
---------------------------------------------------------------------------
Ejecutando: fmnist_10pct_effnetv2s_fps_pre_base
---------------------------------------------------------------------------
False
Número total de imágenes en entrenamiento: 4800
Número total de imágenes en validación: 12000
Clases: ['Ankle boot', 'Bag', 'Coat', 'Dress', 'Pullover', 'Sandal', 'Shirt', 'Sneaker', 'T-shirt', 'Trouser']
weights = None
[0, 3.0939817428588867, 1.64781653881073, 0.42124998569488525, 0.42125, 0.4036329933655954, '01:04']
[1, 2.1492457389831543, 1.0423966646194458, 0.6309999823570251, 0.631, 0.621438327316908, '00:56']
[2, 1.6071746349334717, 0.8241768479347229, 0.7078333497047424, 0.7078333333333334, 0.7015005681994433, '00:56']
[3, 1.348994255065918, 0.7129368782043457, 0.750083327293396, 0.7500833333333333, 0.7495874173975456, '00:56']
[4, 1.132453441619873, 0.6905075907707214, 0.7622500061988831, 0.76225, 0.7603806515586082, '00:57']
[5, 1.0126315355300903, 0.6055259108543396, 0.7862499952316284, 0.78625, 0.7864807010615668, '00:57']
[6, 0.8772979378700256, 0.5449364185333252, 0.8028333187103271, 0.8028333333333333, 0.8005354257553469, '00:57']
[7, 0.7841615080833435, 0.5001019835472107, 0.8176666498184204, 0.8176666666666668, 0.8178135543691752, '00:57']
[8, 0.6890296936035156, 0.44565922021865845, 0.8354166746139526, 0.8354166666666666, 0.8348217125991549, '00:57']
[9, 0.6312593221664429, 0.4416276514530182, 0.8379999995231628, 0.8380000000000001, 0.8342077989986123, '00:56']
[10, 0.592675507068634, 0.4200083315372467, 0.8474166393280029, 0.8474166666666667, 0.8478121104074757, '00:56']
[11, 0.5253474116325378, 0.39522966742515564, 0.8560000061988831, 0.8560000000000001, 0.857109589106938, '00:56']
[12, 0.5082454085350037, 0.3787654936313629, 0.8621666431427002, 0.8621666666666666, 0.8600925663442226, '00:56']
[13, 0.46943673491477966, 0.3642347753047943, 0.8676666617393494, 0.8676666666666668, 0.8657910754264586, '00:55']
[14, 0.443323016166687, 0.35408076643943787, 0.8728333115577698, 0.8728333333333333, 0.8726687633776449, '00:55']
[15, 0.41661691665649414, 0.3408411145210266, 0.8798333406448364, 0.8798333333333334, 0.878819933605717, '00:56']
[16, 0.40563642978668213, 0.3269540071487427, 0.8862500190734863, 0.8862500000000001, 0.8847832314290065, '00:56']
[17, 0.36684244871139526, 0.31988459825515747, 0.8870833516120911, 0.8870833333333333, 0.8859056196907439, '00:57']
[18, 0.35658782720565796, 0.3208271563053131, 0.8880833387374878, 0.8880833333333333, 0.887076851352116, '00:56']
[19, 0.3390592038631439, 0.30917876958847046, 0.8929166793823242, 0.8929166666666667, 0.892149808522019, '00:56']
[20, 0.32224801182746887, 0.30671438574790955, 0.8926666378974915, 0.8926666666666666, 0.8914000122563189, '00:56']
[21, 0.3195575475692749, 0.30090197920799255, 0.8958333134651184, 0.8958333333333333, 0.8949061102457089, '00:56']
[22, 0.31093940138816833, 0.3015121519565582, 0.8956666588783264, 0.8956666666666667, 0.8945312322380952, '00:56']
[23, 0.2851485311985016, 0.29395949840545654, 0.8987500071525574, 0.89875, 0.8980501616490224, '00:56']
[24, 0.2926190495491028, 0.2960585057735443, 0.8980000019073486, 0.898, 0.8969729439789912, '00:56']
[25, 0.2922777533531189, 0.29270994663238525, 0.8975833058357239, 0.8975833333333332, 0.8972331530914553, '00:56']
[26, 0.28411024808883667, 0.2908448576927185, 0.8982499837875366, 0.89825, 0.8980267255409247, '00:56']
[27, 0.2840574085712433, 0.2939222455024719, 0.8985000252723694, 0.8985, 0.8979769846203542, '00:55']
[28, 0.2748136520385742, 0.2930251955986023, 0.8978333473205566, 0.8978333333333334, 0.8976377199617872, '00:56']
[29, 0.27107638120651245, 0.29154399037361145, 0.8982499837875366, 0.89825, 0.8978342341731242, '00:56']

Tiempo de entrenamiento: 1706.30 segundos
/mnt/homeGPU/haoweihu/TFG/lib/python3.10/site-packages/fastai/learner.py:455: UserWarning: load_learner` uses Python's insecure pickle module, which can execute malicious arbitrary code when loading. Only load files you trust.
If you only need to load model weights and optimizer state, use the safe `Learner.load` instead.
  warn("load_learner` uses Python's insecure pickle module, which can execute malicious arbitrary code when loading. Only load files you trust.\nIf you only need to load model weights and optimizer state, use the safe `Learner.load` instead.")
Loss (valid): 0.2915
Accuracy (valid): 0.8982
Recall (valid): 0.8982
F1-Score (valid): 0.8978
/mnt/homeGPU/haoweihu/TFG/lib/python3.10/site-packages/torchvision/models/_utils.py:208: UserWarning: The parameter 'pretrained' is deprecated since 0.13 and may be removed in the future, please use 'weights' instead.
  warnings.warn(
/mnt/homeGPU/haoweihu/TFG/lib/python3.10/site-packages/torchvision/models/_utils.py:223: UserWarning: Arguments other than a weight enum or `None` for 'weights' are deprecated since 0.13 and may be removed in the future. The current behavior is equivalent to passing `weights=EfficientNet_V2_S_Weights.IMAGENET1K_V1`. You can also use `weights=EfficientNet_V2_S_Weights.DEFAULT` to get the most up-to-date weights.
  warnings.warn(msg)
Loss (test): 3.3561
Accuracy (test): 0.7071
Recall (test): 0.7071
F1-Score (test): 0.7059
---------------------------------------------------------------------------
Ejecutando: fmnist_20pct_effnetv2s_fps_pre_base
---------------------------------------------------------------------------
False
Número total de imágenes en entrenamiento: 9600
Número total de imágenes en validación: 12000
Clases: ['Ankle boot', 'Bag', 'Coat', 'Dress', 'Pullover', 'Sandal', 'Shirt', 'Sneaker', 'T-shirt', 'Trouser']
weights = None
[0, 2.3754425048828125, 1.1451423168182373, 0.5953333377838135, 0.5953333333333333, 0.5919047517040321, '01:26']
[1, 1.558439016342163, 0.7907611727714539, 0.7166666388511658, 0.7166666666666667, 0.7175832411833447, '01:18']
[2, 1.2319667339324951, 0.6847257614135742, 0.7599999904632568, 0.76, 0.7594496168125591, '01:18']
[3, 1.0323522090911865, 0.6267308592796326, 0.7772499918937683, 0.77725, 0.7723942346544164, '01:18']
[4, 0.8443456888198853, 0.5107645392417908, 0.8117499947547913, 0.81175, 0.810503457494199, '01:18']
[5, 0.7170910835266113, 0.49072742462158203, 0.8244166374206543, 0.8244166666666667, 0.8243688751332691, '01:18']
[6, 0.6045746803283691, 0.396484375, 0.8542500138282776, 0.8542500000000001, 0.8539746068566382, '01:18']
[7, 0.5354229807853699, 0.3717450797557831, 0.8657500147819519, 0.86575, 0.865452528418194, '01:19']
[8, 0.47086092829704285, 0.34792736172676086, 0.8714166879653931, 0.8714166666666667, 0.8719730803371336, '01:19']
[9, 0.45841509103775024, 0.3236057460308075, 0.8834166526794434, 0.8834166666666666, 0.8834147532699846, '01:19']
[10, 0.39990803599357605, 0.298887699842453, 0.8940833210945129, 0.8940833333333333, 0.8927643610454554, '01:18']
[11, 0.3733461797237396, 0.2870810627937317, 0.9008333086967468, 0.9008333333333333, 0.9004572625068892, '01:19']
[12, 0.3411359190940857, 0.2849799394607544, 0.8973333239555359, 0.8973333333333333, 0.8963667398360817, '01:19']
[13, 0.32037433981895447, 0.26517221331596375, 0.905916690826416, 0.9059166666666666, 0.9043108301819439, '01:19']
[14, 0.30962055921554565, 0.2571553885936737, 0.9068333506584167, 0.9068333333333334, 0.9066328507782137, '01:18']
[15, 0.2891932725906372, 0.2540956139564514, 0.9074166417121887, 0.9074166666666665, 0.9079031234557657, '01:18']
[16, 0.3028900921344757, 0.2506462335586548, 0.9104999899864197, 0.9105000000000001, 0.9105251641213495, '01:18']
[17, 0.2778536379337311, 0.24307110905647278, 0.9117500185966492, 0.91175, 0.9111687557291381, '01:18']
[18, 0.24677929282188416, 0.24031199514865875, 0.9144166707992554, 0.9144166666666667, 0.913660593244116, '01:19']
[19, 0.23614168167114258, 0.24565660953521729, 0.9135000109672546, 0.9135000000000002, 0.9131819746597722, '01:19']
[20, 0.24146872758865356, 0.23903699219226837, 0.9157500267028809, 0.9157499999999998, 0.9151064944617661, '01:18']
[21, 0.22093099355697632, 0.2399628758430481, 0.9154999852180481, 0.9155, 0.9149794415991842, '01:19']
[22, 0.2195611447095871, 0.23525762557983398, 0.9179166555404663, 0.9179166666666665, 0.917125252329123, '01:18']
[23, 0.20637091994285583, 0.23744815587997437, 0.9169166684150696, 0.9169166666666667, 0.9166936322772388, '01:18']
[24, 0.21741779148578644, 0.23329882323741913, 0.9175833463668823, 0.9175833333333335, 0.9169644234188052, '01:18']
[25, 0.20399431884288788, 0.22994519770145416, 0.9199166893959045, 0.9199166666666667, 0.9194132428358535, '01:18']
[26, 0.2056126743555069, 0.23011144995689392, 0.918583333492279, 0.9185833333333333, 0.918206826911834, '01:18']
[27, 0.2035861760377884, 0.2309996336698532, 0.9176666736602783, 0.9176666666666666, 0.9172412017445621, '01:18']
[28, 0.20260675251483917, 0.2299203723669052, 0.9202499985694885, 0.9202499999999999, 0.9196489620773605, '01:18']
[29, 0.19902734458446503, 0.22990278899669647, 0.9194999933242798, 0.9195, 0.9188941475499126, '01:18']

Tiempo de entrenamiento: 2372.80 segundos
/mnt/homeGPU/haoweihu/TFG/lib/python3.10/site-packages/fastai/learner.py:455: UserWarning: load_learner` uses Python's insecure pickle module, which can execute malicious arbitrary code when loading. Only load files you trust.
If you only need to load model weights and optimizer state, use the safe `Learner.load` instead.
  warn("load_learner` uses Python's insecure pickle module, which can execute malicious arbitrary code when loading. Only load files you trust.\nIf you only need to load model weights and optimizer state, use the safe `Learner.load` instead.")
Loss (valid): 0.2299
Accuracy (valid): 0.9195
Recall (valid): 0.9195
F1-Score (valid): 0.9189
/mnt/homeGPU/haoweihu/TFG/lib/python3.10/site-packages/torchvision/models/_utils.py:208: UserWarning: The parameter 'pretrained' is deprecated since 0.13 and may be removed in the future, please use 'weights' instead.
  warnings.warn(
/mnt/homeGPU/haoweihu/TFG/lib/python3.10/site-packages/torchvision/models/_utils.py:223: UserWarning: Arguments other than a weight enum or `None` for 'weights' are deprecated since 0.13 and may be removed in the future. The current behavior is equivalent to passing `weights=EfficientNet_V2_S_Weights.IMAGENET1K_V1`. You can also use `weights=EfficientNet_V2_S_Weights.DEFAULT` to get the most up-to-date weights.
  warnings.warn(msg)
Loss (test): 3.3705
Accuracy (test): 0.7298
Recall (test): 0.7297
F1-Score (test): 0.7293
---------------------------------------------------------------------------
Ejecutando: fmnist_30pct_effnetv2s_fps_pre_base
---------------------------------------------------------------------------
False
Número total de imágenes en entrenamiento: 14392
Número total de imágenes en validación: 12000
Clases: ['Ankle boot', 'Bag', 'Coat', 'Dress', 'Pullover', 'Sandal', 'Shirt', 'Sneaker', 'T-shirt', 'Trouser']
weights = None
[0, 1.9547492265701294, 1.0103875398635864, 0.6354166865348816, 0.6354166666666666, 0.6293534277745866, '01:49']
[1, 1.359289288520813, 0.7319344282150269, 0.7370833158493042, 0.7370833333333333, 0.7375533951035144, '01:40']
[2, 1.0415083169937134, 0.6212393045425415, 0.7733333110809326, 0.7733333333333333, 0.7739221682360797, '01:41']
[3, 0.8333951234817505, 0.5295887589454651, 0.8040833473205566, 0.8040833333333334, 0.8004224814236514, '01:40']
[4, 0.6608996391296387, 0.42951586842536926, 0.8445000052452087, 0.8445, 0.8445885485699083, '01:40']
[5, 0.5661135911941528, 0.38400790095329285, 0.8576666712760925, 0.8576666666666666, 0.857871060873158, '01:40']
[6, 0.5013111233711243, 0.35752415657043457, 0.8705833554267883, 0.8705833333333333, 0.8698738047245815, '01:40']
[7, 0.4476780891418457, 0.3062513470649719, 0.8892499804496765, 0.88925, 0.8896963060772543, '01:41']
[8, 0.39603981375694275, 0.28474223613739014, 0.8985833525657654, 0.8985833333333332, 0.8994568779425695, '01:41']
[9, 0.3578004240989685, 0.2688031792640686, 0.9011666774749756, 0.9011666666666667, 0.9016292118413819, '01:42']
[10, 0.3272886276245117, 0.2616855204105377, 0.9072499871253967, 0.90725, 0.9067237286605152, '01:40']
[11, 0.3148772418498993, 0.2372453212738037, 0.9137499928474426, 0.91375, 0.913635425264707, '01:40']
[12, 0.2863311767578125, 0.23041127622127533, 0.9152500033378601, 0.9152499999999998, 0.9141551416833813, '01:40']
[13, 0.2754718065261841, 0.23637434840202332, 0.9150000214576721, 0.915, 0.914755864126281, '01:40']
[14, 0.2681278586387634, 0.21616041660308838, 0.9236666560173035, 0.9236666666666666, 0.9231069862780563, '01:40']
[15, 0.2601725459098816, 0.2185153216123581, 0.9236666560173035, 0.9236666666666666, 0.9228884560247584, '01:40']
[16, 0.22939911484718323, 0.21238161623477936, 0.9254999756813049, 0.9255000000000001, 0.9248229257813227, '01:40']
[17, 0.24583840370178223, 0.20912115275859833, 0.9261666536331177, 0.9261666666666667, 0.9254621701487927, '01:40']
[18, 0.23288606107234955, 0.20953421294689178, 0.9242500066757202, 0.92425, 0.923710044612549, '01:40']
[19, 0.2217334657907486, 0.20726798474788666, 0.9280833601951599, 0.9280833333333334, 0.9283161326264302, '01:39']
[20, 0.20934008061885834, 0.20419813692569733, 0.9285833239555359, 0.9285833333333333, 0.9279131997746684, '01:39']
[21, 0.20024937391281128, 0.20637628436088562, 0.9300000071525574, 0.93, 0.9291678051383464, '01:39']
[22, 0.19556766748428345, 0.2013079822063446, 0.9297500252723694, 0.9297500000000001, 0.9292814894227218, '01:39']
[23, 0.19558990001678467, 0.20119695365428925, 0.9305833578109741, 0.9305833333333332, 0.9300173357475454, '01:39']
[24, 0.18444779515266418, 0.19892480969429016, 0.9312499761581421, 0.9312499999999998, 0.930880041054116, '01:39']
[25, 0.17402224242687225, 0.1993897557258606, 0.9310833215713501, 0.9310833333333333, 0.9306074621937535, '01:39']
[26, 0.19416727125644684, 0.20076411962509155, 0.9309166669845581, 0.9309166666666666, 0.9301470579424324, '01:39']
[27, 0.16916093230247498, 0.19731199741363525, 0.9318333268165588, 0.9318333333333333, 0.9314137759990002, '01:39']
[28, 0.1787979006767273, 0.19816607236862183, 0.9325000047683716, 0.9324999999999999, 0.9320062776681277, '01:39']
[29, 0.17740051448345184, 0.2007884532213211, 0.9302499890327454, 0.93025, 0.9296652961117055, '01:39']

Tiempo de entrenamiento: 3020.78 segundos
/mnt/homeGPU/haoweihu/TFG/lib/python3.10/site-packages/fastai/learner.py:455: UserWarning: load_learner` uses Python's insecure pickle module, which can execute malicious arbitrary code when loading. Only load files you trust.
If you only need to load model weights and optimizer state, use the safe `Learner.load` instead.
  warn("load_learner` uses Python's insecure pickle module, which can execute malicious arbitrary code when loading. Only load files you trust.\nIf you only need to load model weights and optimizer state, use the safe `Learner.load` instead.")
Loss (valid): 0.2008
Accuracy (valid): 0.9302
Recall (valid): 0.9303
F1-Score (valid): 0.9297
/mnt/homeGPU/haoweihu/TFG/lib/python3.10/site-packages/torchvision/models/_utils.py:208: UserWarning: The parameter 'pretrained' is deprecated since 0.13 and may be removed in the future, please use 'weights' instead.
  warnings.warn(
/mnt/homeGPU/haoweihu/TFG/lib/python3.10/site-packages/torchvision/models/_utils.py:223: UserWarning: Arguments other than a weight enum or `None` for 'weights' are deprecated since 0.13 and may be removed in the future. The current behavior is equivalent to passing `weights=EfficientNet_V2_S_Weights.IMAGENET1K_V1`. You can also use `weights=EfficientNet_V2_S_Weights.DEFAULT` to get the most up-to-date weights.
  warnings.warn(msg)
Loss (test): 3.7044
Accuracy (test): 0.7364
Recall (test): 0.7362
F1-Score (test): 0.7354
---------------------------------------------------------------------------
Ejecutando: fmnist_40pct_effnetv2s_fps_pre_base
---------------------------------------------------------------------------
False
Número total de imágenes en entrenamiento: 19100
Número total de imágenes en validación: 12000
Clases: ['Ankle boot', 'Bag', 'Coat', 'Dress', 'Pullover', 'Sandal', 'Shirt', 'Sneaker', 'T-shirt', 'Trouser']
weights = None
[0, 1.7984551191329956, 0.9245334267616272, 0.6640833616256714, 0.6640833333333334, 0.6559252160812378, '02:13']
[1, 1.226057767868042, 0.6762810945510864, 0.7509166598320007, 0.7509166666666667, 0.7518799326861616, '02:02']
[2, 0.9816710352897644, 0.5571257472038269, 0.7954999804496765, 0.7955, 0.7901926499246248, '02:02']
[3, 0.7651137113571167, 0.47809627652168274, 0.8209999799728394, 0.8210000000000001, 0.8176455902422592, '02:02']
[4, 0.6221122741699219, 0.4076762795448303, 0.8504999876022339, 0.8504999999999999, 0.8477136829707381, '02:03']
[5, 0.5136455297470093, 0.348580539226532, 0.8688333630561829, 0.8688333333333332, 0.8676996757225612, '02:04']
[6, 0.4447171092033386, 0.29928988218307495, 0.8852499723434448, 0.8852499999999999, 0.8841540983583611, '02:02']
[7, 0.3861088156700134, 0.262820839881897, 0.9015833139419556, 0.9015833333333333, 0.9006826614144142, '02:02']
[8, 0.3582785725593567, 0.2496577501296997, 0.9079166650772095, 0.9079166666666666, 0.9071855801290919, '02:02']
[9, 0.32119032740592957, 0.24353434145450592, 0.9105833172798157, 0.9105833333333333, 0.9081404704396352, '02:02']
[10, 0.30876755714416504, 0.24502027034759521, 0.9081666469573975, 0.9081666666666667, 0.9054150833034569, '02:02']
[11, 0.2929534912109375, 0.21105003356933594, 0.9202499985694885, 0.92025, 0.9196148482350921, '02:02']
[12, 0.2714804708957672, 0.20939408242702484, 0.9234166741371155, 0.9234166666666667, 0.9230320621144772, '02:02']
[13, 0.25996002554893494, 0.20820021629333496, 0.9199166893959045, 0.9199166666666667, 0.9184499130150678, '02:02']
[14, 0.24047449231147766, 0.19497358798980713, 0.9253333210945129, 0.9253333333333332, 0.924896673780991, '02:03']
[15, 0.22194388508796692, 0.1945120096206665, 0.9269166588783264, 0.9269166666666665, 0.9265099329079964, '02:02']
[16, 0.22343683242797852, 0.19533111155033112, 0.9278333187103271, 0.9278333333333334, 0.9268612716225565, '02:02']
[17, 0.2126227766275406, 0.18542930483818054, 0.9319999814033508, 0.9319999999999998, 0.931249803175098, '02:01']
[18, 0.19858017563819885, 0.1822766661643982, 0.9314166903495789, 0.9314166666666666, 0.9309283042540883, '02:01']
[19, 0.20556877553462982, 0.1815492957830429, 0.9315833449363708, 0.9315833333333334, 0.930963450568062, '02:01']
[20, 0.19938291609287262, 0.1839168220758438, 0.9309999942779541, 0.931, 0.9301558746516786, '02:02']
[21, 0.17242024838924408, 0.18800799548625946, 0.9319166541099548, 0.9319166666666666, 0.9307603257380549, '02:02']
[22, 0.1766200065612793, 0.18234989047050476, 0.9335833191871643, 0.9335833333333333, 0.9327444494282652, '02:02']
[23, 0.16796298325061798, 0.17946384847164154, 0.9346666932106018, 0.9346666666666665, 0.9339502545070095, '02:02']
[24, 0.1536729335784912, 0.1793222725391388, 0.9350000023841858, 0.9350000000000002, 0.934422124951032, '02:01']
[25, 0.1645047962665558, 0.1773182600736618, 0.9356666803359985, 0.9356666666666668, 0.9353282512633211, '02:01']
[26, 0.1655106246471405, 0.17981626093387604, 0.934416651725769, 0.9344166666666667, 0.9338117891253596, '02:01']
[27, 0.15673141181468964, 0.17972208559513092, 0.9333333373069763, 0.9333333333333333, 0.9328158038623979, '02:01']
[28, 0.17043626308441162, 0.17765399813652039, 0.9356666803359985, 0.9356666666666668, 0.9351362855169951, '02:01']
[29, 0.14807546138763428, 0.17776231467723846, 0.9359166622161865, 0.9359166666666667, 0.9355333467492974, '02:04']

Tiempo de entrenamiento: 3684.58 segundos
/mnt/homeGPU/haoweihu/TFG/lib/python3.10/site-packages/fastai/learner.py:455: UserWarning: load_learner` uses Python's insecure pickle module, which can execute malicious arbitrary code when loading. Only load files you trust.
If you only need to load model weights and optimizer state, use the safe `Learner.load` instead.
  warn("load_learner` uses Python's insecure pickle module, which can execute malicious arbitrary code when loading. Only load files you trust.\nIf you only need to load model weights and optimizer state, use the safe `Learner.load` instead.")
Loss (valid): 0.1778
Accuracy (valid): 0.9359
Recall (valid): 0.9359
F1-Score (valid): 0.9355
/mnt/homeGPU/haoweihu/TFG/lib/python3.10/site-packages/torchvision/models/_utils.py:208: UserWarning: The parameter 'pretrained' is deprecated since 0.13 and may be removed in the future, please use 'weights' instead.
  warnings.warn(
/mnt/homeGPU/haoweihu/TFG/lib/python3.10/site-packages/torchvision/models/_utils.py:223: UserWarning: Arguments other than a weight enum or `None` for 'weights' are deprecated since 0.13 and may be removed in the future. The current behavior is equivalent to passing `weights=EfficientNet_V2_S_Weights.IMAGENET1K_V1`. You can also use `weights=EfficientNet_V2_S_Weights.DEFAULT` to get the most up-to-date weights.
  warnings.warn(msg)
Loss (test): 3.5417
Accuracy (test): 0.7438
Recall (test): 0.7438
F1-Score (test): 0.7436
---------------------------------------------------------------------------
Ejecutando: fmnist_50pct_effnetv2s_fps_pre_base
---------------------------------------------------------------------------
False
Número total de imágenes en entrenamiento: 23594
Número total de imágenes en validación: 12000
Clases: ['Ankle boot', 'Bag', 'Coat', 'Dress', 'Pullover', 'Sandal', 'Shirt', 'Sneaker', 'T-shirt', 'Trouser']
weights = None
[0, 1.6311911344528198, 0.8523873686790466, 0.6903333067893982, 0.6903333333333334, 0.6874217770277314, '02:34']
[1, 1.1478776931762695, 0.6593429446220398, 0.7605833411216736, 0.7605833333333332, 0.760165426803177, '02:23']
[2, 0.8748054504394531, 0.5623558163642883, 0.7925000190734863, 0.7925, 0.7925150780061472, '02:23']
[3, 0.6793279647827148, 0.43349596858024597, 0.8381666541099548, 0.8381666666666667, 0.8340528566967895, '02:23']
[4, 0.5562133193016052, 0.3596385419368744, 0.8650833368301392, 0.8650833333333333, 0.8632150989870727, '02:22']
[5, 0.45942601561546326, 0.30133622884750366, 0.8880000114440918, 0.8880000000000001, 0.8860341374607825, '02:23']
[6, 0.4001673758029938, 0.2610645890235901, 0.9028333425521851, 0.9028333333333333, 0.9028071642489479, '02:23']
[7, 0.3503897190093994, 0.2502741813659668, 0.9066666960716248, 0.9066666666666666, 0.9072620467588545, '02:23']
[8, 0.32653728127479553, 0.24996663630008698, 0.906083345413208, 0.9060833333333335, 0.9039570226702395, '02:23']
[9, 0.29247891902923584, 0.2312028408050537, 0.9135000109672546, 0.9135, 0.9122082606306513, '02:23']
[10, 0.2764458656311035, 0.21473805606365204, 0.9224166870117188, 0.9224166666666667, 0.9219794433180816, '02:22']
[11, 0.273984432220459, 0.20210739970207214, 0.9264166951179504, 0.9264166666666667, 0.9267189945160664, '02:23']
[12, 0.2487221658229828, 0.20235365629196167, 0.9264166951179504, 0.9264166666666667, 0.9262399113085019, '02:22']
[13, 0.24624314904212952, 0.21523913741111755, 0.9199166893959045, 0.9199166666666668, 0.9179041206889533, '02:22']
[14, 0.23659783601760864, 0.1893828809261322, 0.9308333396911621, 0.9308333333333334, 0.9306129919700759, '02:22']
[15, 0.21203000843524933, 0.18867002427577972, 0.9309166669845581, 0.9309166666666666, 0.9305730922112561, '02:22']
[16, 0.21921084821224213, 0.19038525223731995, 0.9296666383743286, 0.9296666666666666, 0.9294122218305487, '02:22']
[17, 0.19383874535560608, 0.18422409892082214, 0.9336666464805603, 0.9336666666666666, 0.9332757637840524, '02:22']
[18, 0.17444120347499847, 0.1819705069065094, 0.9349166750907898, 0.9349166666666665, 0.9346840036847451, '02:24']
[19, 0.18382607400417328, 0.1824524998664856, 0.9349166750907898, 0.9349166666666665, 0.9346906797460871, '02:25']
[20, 0.16750481724739075, 0.18066434562206268, 0.9355000257492065, 0.9354999999999999, 0.9351900548486787, '02:23']
[21, 0.1678762435913086, 0.1825019121170044, 0.9365000128746033, 0.9364999999999999, 0.936482444314548, '02:22']
[22, 0.15957589447498322, 0.18097037076950073, 0.9351666569709778, 0.9351666666666667, 0.9348921642043863, '02:22']
[23, 0.15894624590873718, 0.1787942498922348, 0.937250018119812, 0.93725, 0.9369283462171303, '02:22']
[24, 0.16134953498840332, 0.17791420221328735, 0.937250018119812, 0.93725, 0.9370874022783579, '02:26']
[25, 0.14915959537029266, 0.1770898699760437, 0.9390833377838135, 0.9390833333333333, 0.938953746543889, '02:23']
[26, 0.15221872925758362, 0.17663969099521637, 0.9388333559036255, 0.9388333333333334, 0.9387322389263023, '02:22']
[27, 0.1501903235912323, 0.17849788069725037, 0.9385833144187927, 0.9385833333333332, 0.9384358965348675, '02:23']
[28, 0.16178986430168152, 0.17623671889305115, 0.9394999742507935, 0.9395, 0.939418120426382, '02:23']
[29, 0.15191145241260529, 0.17798475921154022, 0.9382500052452087, 0.9382499999999998, 0.9381209944894527, '02:23']

Tiempo de entrenamiento: 4311.10 segundos
/mnt/homeGPU/haoweihu/TFG/lib/python3.10/site-packages/fastai/learner.py:455: UserWarning: load_learner` uses Python's insecure pickle module, which can execute malicious arbitrary code when loading. Only load files you trust.
If you only need to load model weights and optimizer state, use the safe `Learner.load` instead.
  warn("load_learner` uses Python's insecure pickle module, which can execute malicious arbitrary code when loading. Only load files you trust.\nIf you only need to load model weights and optimizer state, use the safe `Learner.load` instead.")
Loss (valid): 0.1780
Accuracy (valid): 0.9383
Recall (valid): 0.9382
F1-Score (valid): 0.9381
/mnt/homeGPU/haoweihu/TFG/lib/python3.10/site-packages/torchvision/models/_utils.py:208: UserWarning: The parameter 'pretrained' is deprecated since 0.13 and may be removed in the future, please use 'weights' instead.
  warnings.warn(
/mnt/homeGPU/haoweihu/TFG/lib/python3.10/site-packages/torchvision/models/_utils.py:223: UserWarning: Arguments other than a weight enum or `None` for 'weights' are deprecated since 0.13 and may be removed in the future. The current behavior is equivalent to passing `weights=EfficientNet_V2_S_Weights.IMAGENET1K_V1`. You can also use `weights=EfficientNet_V2_S_Weights.DEFAULT` to get the most up-to-date weights.
  warnings.warn(msg)
Loss (test): 3.8077
Accuracy (test): 0.7481
Recall (test): 0.7483
F1-Score (test): 0.7472
---------------------------------------------------------------------------
Ejecutando: fmnist_60pct_effnetv2s_fps_pre_base
---------------------------------------------------------------------------
False
Número total de imágenes en entrenamiento: 28324
Número total de imágenes en validación: 12000
Clases: ['Ankle boot', 'Bag', 'Coat', 'Dress', 'Pullover', 'Sandal', 'Shirt', 'Sneaker', 'T-shirt', 'Trouser']
weights = None
[0, 1.5232776403427124, 0.839846670627594, 0.6979166865348816, 0.6979166666666667, 0.6928781865016493, '02:58']
[1, 1.0811113119125366, 0.6303526759147644, 0.7733333110809326, 0.7733333333333332, 0.7713718843202139, '02:46']
[2, 0.8106212615966797, 0.49782490730285645, 0.8178333044052124, 0.8178333333333333, 0.8153898397466472, '02:44']
[3, 0.6171194314956665, 0.4027377963066101, 0.8474166393280029, 0.8474166666666667, 0.8471727124765941, '02:44']
[4, 0.4950856566429138, 0.3334507942199707, 0.8769166469573975, 0.8769166666666667, 0.8775571967606479, '02:44']
[5, 0.4172697961330414, 0.28503677248954773, 0.8966666460037231, 0.8966666666666667, 0.8964069414772148, '02:44']
[6, 0.3745330572128296, 0.2500656843185425, 0.9098333120346069, 0.9098333333333335, 0.90968246366687, '02:44']
[7, 0.33021748065948486, 0.23617297410964966, 0.9140833616256714, 0.9140833333333334, 0.9125747970434137, '02:44']
[8, 0.3039439022541046, 0.22042255103588104, 0.918666660785675, 0.9186666666666667, 0.9181806929362498, '02:44']
[9, 0.2791641652584076, 0.2048773616552353, 0.9233333468437195, 0.9233333333333332, 0.923331228990907, '02:44']
[10, 0.26800745725631714, 0.19760650396347046, 0.9266666769981384, 0.9266666666666667, 0.9266611756859536, '02:43']
[11, 0.25257566571235657, 0.19122013449668884, 0.9302499890327454, 0.93025, 0.9304900853796616, '02:43']
[12, 0.22889699041843414, 0.18678109347820282, 0.9315833449363708, 0.9315833333333334, 0.9311872051036445, '02:43']
[13, 0.2353731244802475, 0.1790444403886795, 0.9365833401679993, 0.9365833333333333, 0.9364089844777856, '02:43']
[14, 0.2113444209098816, 0.18152421712875366, 0.9370833039283752, 0.9370833333333332, 0.9368005401489452, '02:43']
[15, 0.2165593057870865, 0.17635491490364075, 0.9365000128746033, 0.9365, 0.9363825221603461, '02:43']
[16, 0.19866739213466644, 0.17253708839416504, 0.9390000104904175, 0.9389999999999998, 0.9390935783771741, '02:43']
[17, 0.17572997510433197, 0.17335207760334015, 0.9384166598320007, 0.9384166666666667, 0.9381131482730087, '02:43']
[18, 0.16887539625167847, 0.16886788606643677, 0.9412500262260437, 0.9412499999999999, 0.9412903903687599, '02:43']
[19, 0.18944288790225983, 0.16896943747997284, 0.9393333196640015, 0.9393333333333335, 0.939078034801813, '02:52']
[20, 0.16824063658714294, 0.16940999031066895, 0.9402499794960022, 0.94025, 0.9404166663047034, '02:47']
[21, 0.16350160539150238, 0.16556783020496368, 0.9412500262260437, 0.9412499999999999, 0.941190887273696, '02:47']
[22, 0.15643297135829926, 0.1647588014602661, 0.9411666393280029, 0.9411666666666667, 0.9413710866992142, '02:49']
[23, 0.15863223373889923, 0.16729691624641418, 0.9409166574478149, 0.9409166666666667, 0.9408323494858898, '02:53']
[24, 0.15311405062675476, 0.16543123126029968, 0.9416666626930237, 0.9416666666666667, 0.9416163139019847, '02:49']
[25, 0.15027543902397156, 0.16522252559661865, 0.9418333172798157, 0.9418333333333335, 0.9417775733973421, '02:47']
[26, 0.15027965605258942, 0.16469714045524597, 0.9432500004768372, 0.9432500000000001, 0.9431116855094752, '02:47']
[27, 0.1471015065908432, 0.16625487804412842, 0.9417499899864197, 0.9417500000000001, 0.941658015433252, '02:47']
[28, 0.15103749930858612, 0.16633190214633942, 0.9427499771118164, 0.94275, 0.9426264758807259, '02:47']
[29, 0.1433449536561966, 0.1653815358877182, 0.9425833225250244, 0.9425833333333333, 0.9424750653037707, '02:47']

Tiempo de entrenamiento: 4989.86 segundos
/mnt/homeGPU/haoweihu/TFG/lib/python3.10/site-packages/fastai/learner.py:455: UserWarning: load_learner` uses Python's insecure pickle module, which can execute malicious arbitrary code when loading. Only load files you trust.
If you only need to load model weights and optimizer state, use the safe `Learner.load` instead.
  warn("load_learner` uses Python's insecure pickle module, which can execute malicious arbitrary code when loading. Only load files you trust.\nIf you only need to load model weights and optimizer state, use the safe `Learner.load` instead.")
Loss (valid): 0.1654
Accuracy (valid): 0.9426
Recall (valid): 0.9426
F1-Score (valid): 0.9425
/mnt/homeGPU/haoweihu/TFG/lib/python3.10/site-packages/torchvision/models/_utils.py:208: UserWarning: The parameter 'pretrained' is deprecated since 0.13 and may be removed in the future, please use 'weights' instead.
  warnings.warn(
/mnt/homeGPU/haoweihu/TFG/lib/python3.10/site-packages/torchvision/models/_utils.py:223: UserWarning: Arguments other than a weight enum or `None` for 'weights' are deprecated since 0.13 and may be removed in the future. The current behavior is equivalent to passing `weights=EfficientNet_V2_S_Weights.IMAGENET1K_V1`. You can also use `weights=EfficientNet_V2_S_Weights.DEFAULT` to get the most up-to-date weights.
  warnings.warn(msg)
Loss (test): 3.6650
Accuracy (test): 0.7536
Recall (test): 0.7538
F1-Score (test): 0.7519
---------------------------------------------------------------------------
Ejecutando: fmnist_70pct_effnetv2s_fps_pre_base
---------------------------------------------------------------------------
False
Número total de imágenes en entrenamiento: 32301
Número total de imágenes en validación: 12000
Clases: ['Ankle boot', 'Bag', 'Coat', 'Dress', 'Pullover', 'Sandal', 'Shirt', 'Sneaker', 'T-shirt', 'Trouser']
weights = None
[0, 1.414886474609375, 0.8095393180847168, 0.7095000147819519, 0.7095, 0.7076832495108104, '03:21']
[1, 0.9889859557151794, 0.6247124075889587, 0.7733333110809326, 0.7733333333333332, 0.7720677905327447, '03:05']
[2, 0.7491111159324646, 0.48857608437538147, 0.8205000162124634, 0.8205, 0.8205344971601107, '03:06']
[3, 0.5674875974655151, 0.39058950543403625, 0.8521666526794434, 0.8521666666666666, 0.8502442833956965, '03:05']
[4, 0.46547988057136536, 0.3225882947444916, 0.8816666603088379, 0.8816666666666666, 0.8815003347187783, '03:05']
[5, 0.402733713388443, 0.2683332860469818, 0.8999166488647461, 0.8999166666666667, 0.9003380360664914, '03:04']
[6, 0.33411335945129395, 0.25368866324424744, 0.9075833559036255, 0.9075833333333334, 0.9077769811362936, '03:04']
[7, 0.3038943111896515, 0.22732844948768616, 0.9149166941642761, 0.9149166666666666, 0.9143607607816694, '03:05']
[8, 0.2781513035297394, 0.204081192612648, 0.9253333210945129, 0.9253333333333332, 0.925269132578463, '03:05']
[9, 0.2609548568725586, 0.20075254142284393, 0.924833357334137, 0.9248333333333333, 0.9242406689926101, '03:03']
[10, 0.24504879117012024, 0.20031355321407318, 0.9261666536331177, 0.9261666666666667, 0.9259821657314051, '03:04']
[11, 0.24370978772640228, 0.18737006187438965, 0.9305833578109741, 0.9305833333333334, 0.9300524104564509, '03:03']
[12, 0.22384384274482727, 0.18391826748847961, 0.9325833320617676, 0.9325833333333333, 0.9327792730361996, '03:08']
[13, 0.2211979776620865, 0.18210572004318237, 0.934333324432373, 0.9343333333333332, 0.9342565644948404, '03:07']
[14, 0.2152070850133896, 0.1747470647096634, 0.9368333220481873, 0.9368333333333334, 0.936239955118897, '03:06']
[15, 0.19886913895606995, 0.17292991280555725, 0.9384999871253967, 0.9385, 0.938411135933455, '03:05']
[16, 0.17919737100601196, 0.17571769654750824, 0.9369166493415833, 0.9369166666666666, 0.9364299839614144, '03:05']
[17, 0.17285536229610443, 0.17136356234550476, 0.9380000233650208, 0.938, 0.9377901536024519, '03:05']
[18, 0.1623888611793518, 0.16546715795993805, 0.9393333196640015, 0.9393333333333332, 0.9389683567529967, '03:04']
[19, 0.15395142138004303, 0.16981886327266693, 0.9394999742507935, 0.9395, 0.9393040931993306, '03:04']
[20, 0.15921832621097565, 0.16171139478683472, 0.9421666860580444, 0.9421666666666667, 0.9421548787911342, '03:04']
[21, 0.1620173305273056, 0.16236339509487152, 0.9409999847412109, 0.9410000000000002, 0.9407831153833287, '03:05']
[22, 0.15133653581142426, 0.16028252243995667, 0.9421666860580444, 0.9421666666666667, 0.9420796940549797, '03:04']
[23, 0.14498864114284515, 0.16256366670131683, 0.9423333406448364, 0.9423333333333332, 0.9423690543803707, '03:05']
[24, 0.14357468485832214, 0.16067714989185333, 0.9420833587646484, 0.9420833333333334, 0.9417367717531331, '03:05']
[25, 0.12772680819034576, 0.15954181551933289, 0.9430833458900452, 0.9430833333333333, 0.9429403032905844, '03:04']
[26, 0.14780542254447937, 0.15910543501377106, 0.9423333406448364, 0.9423333333333334, 0.9423311747351338, '03:05']
[27, 0.14242199063301086, 0.16032198071479797, 0.9431666731834412, 0.9431666666666667, 0.942952698536514, '03:06']
[28, 0.1378190666437149, 0.15941984951496124, 0.9424166679382324, 0.9424166666666668, 0.9424302281394408, '03:05']
[29, 0.14076587557792664, 0.16075462102890015, 0.9421666860580444, 0.9421666666666667, 0.9419930532434929, '03:06']

Tiempo de entrenamiento: 5577.82 segundos
/mnt/homeGPU/haoweihu/TFG/lib/python3.10/site-packages/fastai/learner.py:455: UserWarning: load_learner` uses Python's insecure pickle module, which can execute malicious arbitrary code when loading. Only load files you trust.
If you only need to load model weights and optimizer state, use the safe `Learner.load` instead.
  warn("load_learner` uses Python's insecure pickle module, which can execute malicious arbitrary code when loading. Only load files you trust.\nIf you only need to load model weights and optimizer state, use the safe `Learner.load` instead.")
Loss (valid): 0.1608
Accuracy (valid): 0.9422
Recall (valid): 0.9422
F1-Score (valid): 0.9420
/mnt/homeGPU/haoweihu/TFG/lib/python3.10/site-packages/torchvision/models/_utils.py:208: UserWarning: The parameter 'pretrained' is deprecated since 0.13 and may be removed in the future, please use 'weights' instead.
  warnings.warn(
/mnt/homeGPU/haoweihu/TFG/lib/python3.10/site-packages/torchvision/models/_utils.py:223: UserWarning: Arguments other than a weight enum or `None` for 'weights' are deprecated since 0.13 and may be removed in the future. The current behavior is equivalent to passing `weights=EfficientNet_V2_S_Weights.IMAGENET1K_V1`. You can also use `weights=EfficientNet_V2_S_Weights.DEFAULT` to get the most up-to-date weights.
  warnings.warn(msg)
Loss (test): 3.8394
Accuracy (test): 0.7525
Recall (test): 0.7528
F1-Score (test): 0.7516
---------------------------------------------------------------------------
Ejecutando: fmnist_80pct_effnetv2s_fps_pre_base
---------------------------------------------------------------------------
False
Número total de imágenes en entrenamiento: 35880
Número total de imágenes en validación: 12000
Clases: ['Ankle boot', 'Bag', 'Coat', 'Dress', 'Pullover', 'Sandal', 'Shirt', 'Sneaker', 'T-shirt', 'Trouser']
weights = None
[0, 1.4355096817016602, 0.7767866253852844, 0.7227500081062317, 0.72275, 0.7198917281383769, '03:39']
[1, 0.9662962555885315, 0.59907466173172, 0.7856666445732117, 0.7856666666666665, 0.7817526554946539, '03:20']
[2, 0.698580801486969, 0.47125592827796936, 0.8264999985694885, 0.8265, 0.8257117981760456, '03:32']
[3, 0.5346775650978088, 0.3682032525539398, 0.8650000095367432, 0.865, 0.8624276861086921, '03:21']
[4, 0.4166592061519623, 0.3151382505893707, 0.8857499957084656, 0.88575, 0.8863552828149563, '03:20']
[5, 0.3669627904891968, 0.27132129669189453, 0.8995000123977661, 0.8995, 0.898600240811961, '03:20']
[6, 0.3183361291885376, 0.24517595767974854, 0.9110000133514404, 0.9109999999999999, 0.9112137110455215, '03:22']
[7, 0.29626795649528503, 0.2248542308807373, 0.9179166555404663, 0.9179166666666667, 0.9162724724927784, '03:26']
[8, 0.285824179649353, 0.2020275890827179, 0.9266666769981384, 0.9266666666666665, 0.9260622016705018, '03:27']
[9, 0.2581399977207184, 0.20744474232196808, 0.9237499833106995, 0.9237500000000001, 0.9232926771840863, '03:23']
[10, 0.24571122229099274, 0.18846078217029572, 0.9316666722297668, 0.9316666666666666, 0.9312746874507362, '03:22']
[11, 0.2411791831254959, 0.18461023271083832, 0.9353333115577698, 0.9353333333333331, 0.9347812456732167, '03:22']
[12, 0.20068198442459106, 0.18711508810520172, 0.9339166879653931, 0.9339166666666665, 0.9337853593833982, '03:22']
[13, 0.22091588377952576, 0.18168745934963226, 0.9338333606719971, 0.9338333333333333, 0.9339096108909329, '03:25']
[14, 0.19550755620002747, 0.1748579442501068, 0.9369999766349792, 0.937, 0.9362951254953085, '03:21']
[15, 0.1957087218761444, 0.1729292869567871, 0.9370833039283752, 0.9370833333333334, 0.93721391726666, '03:22']
[16, 0.19010989367961884, 0.1631477326154709, 0.9434166550636292, 0.9434166666666666, 0.9432945951346984, '03:23']
[17, 0.16779670119285583, 0.16459213197231293, 0.9421666860580444, 0.9421666666666667, 0.9422192588523439, '03:22']
[18, 0.16554003953933716, 0.15752261877059937, 0.9448333382606506, 0.9448333333333334, 0.9447301977131651, '03:22']
[19, 0.15929247438907623, 0.15983285009860992, 0.9431666731834412, 0.9431666666666667, 0.9433182166367615, '03:22']
[20, 0.15585243701934814, 0.16072069108486176, 0.9443333148956299, 0.9443333333333331, 0.9441500002427959, '03:22']
[21, 0.15202511847019196, 0.1549082100391388, 0.9460833072662354, 0.9460833333333332, 0.9460313213496345, '03:23']
[22, 0.1497872918844223, 0.15496206283569336, 0.9459166526794434, 0.9459166666666666, 0.945731359898776, '03:23']
[23, 0.13982540369033813, 0.15443743765354156, 0.9457499980926514, 0.94575, 0.9458215797439167, '03:22']
[24, 0.13943102955818176, 0.1534055918455124, 0.9473333358764648, 0.9473333333333335, 0.9473571358787474, '03:22']
[25, 0.1418914794921875, 0.15310373902320862, 0.9467499852180481, 0.9467500000000001, 0.9467729455445433, '03:23']
[26, 0.13577087223529816, 0.15443645417690277, 0.9452499747276306, 0.9452499999999999, 0.9452838113492804, '03:23']
[27, 0.1291651725769043, 0.1545988917350769, 0.9463333487510681, 0.9463333333333332, 0.9463120773259813, '03:23']
[28, 0.1345970630645752, 0.15407082438468933, 0.9468333125114441, 0.9468333333333334, 0.9468042411502605, '03:23']
[29, 0.1347801834344864, 0.15493427217006683, 0.9449999928474426, 0.945, 0.9449297984921659, '03:22']

Tiempo de entrenamiento: 6112.90 segundos
/mnt/homeGPU/haoweihu/TFG/lib/python3.10/site-packages/fastai/learner.py:455: UserWarning: load_learner` uses Python's insecure pickle module, which can execute malicious arbitrary code when loading. Only load files you trust.
If you only need to load model weights and optimizer state, use the safe `Learner.load` instead.
  warn("load_learner` uses Python's insecure pickle module, which can execute malicious arbitrary code when loading. Only load files you trust.\nIf you only need to load model weights and optimizer state, use the safe `Learner.load` instead.")
Loss (valid): 0.1549
Accuracy (valid): 0.9450
Recall (valid): 0.9450
F1-Score (valid): 0.9449
/mnt/homeGPU/haoweihu/TFG/lib/python3.10/site-packages/torchvision/models/_utils.py:208: UserWarning: The parameter 'pretrained' is deprecated since 0.13 and may be removed in the future, please use 'weights' instead.
  warnings.warn(
/mnt/homeGPU/haoweihu/TFG/lib/python3.10/site-packages/torchvision/models/_utils.py:223: UserWarning: Arguments other than a weight enum or `None` for 'weights' are deprecated since 0.13 and may be removed in the future. The current behavior is equivalent to passing `weights=EfficientNet_V2_S_Weights.IMAGENET1K_V1`. You can also use `weights=EfficientNet_V2_S_Weights.DEFAULT` to get the most up-to-date weights.
  warnings.warn(msg)
Loss (test): 3.8845
Accuracy (test): 0.7546
Recall (test): 0.7544
F1-Score (test): 0.7534
---------------------------------------------------------------------------
Ejecutando: fmnist_90pct_effnetv2s_fps_pre_base
---------------------------------------------------------------------------
False
Número total de imágenes en entrenamiento: 39071
Número total de imágenes en validación: 12000
Clases: ['Ankle boot', 'Bag', 'Coat', 'Dress', 'Pullover', 'Sandal', 'Shirt', 'Sneaker', 'T-shirt', 'Trouser']
weights = None
[0, 1.3056750297546387, 0.7435529232025146, 0.734749972820282, 0.73475, 0.7354369315888459, '03:50']
[1, 0.9043720364570618, 0.5938886404037476, 0.784500002861023, 0.7845, 0.7860779471711389, '03:31']
[2, 0.6948563456535339, 0.44399112462997437, 0.8383333086967468, 0.8383333333333335, 0.8385844300187489, '03:31']
[3, 0.5144364833831787, 0.3618244230747223, 0.8645833134651184, 0.8645833333333333, 0.8619225094618426, '03:32']
[4, 0.41117098927497864, 0.29258131980895996, 0.89041668176651, 0.8904166666666666, 0.8892216944072588, '03:36']
[5, 0.34957364201545715, 0.252418577671051, 0.9050833582878113, 0.9050833333333334, 0.9044974356166897, '03:31']
[6, 0.3219138979911804, 0.22864839434623718, 0.9173333048820496, 0.9173333333333333, 0.9172436280488523, '03:56']
[7, 0.2805408239364624, 0.2010224461555481, 0.9253333210945129, 0.9253333333333333, 0.9251680380749405, '03:37']
[8, 0.2600226104259491, 0.19799882173538208, 0.9264166951179504, 0.9264166666666668, 0.926019841986591, '03:36']
[9, 0.23968952894210815, 0.18320754170417786, 0.934583306312561, 0.9345833333333333, 0.9342537869962797, '03:40']
[10, 0.2302335947751999, 0.1801702082157135, 0.9331666827201843, 0.9331666666666667, 0.9328415909824257, '03:41']
[11, 0.22322656214237213, 0.16939115524291992, 0.9368333220481873, 0.9368333333333332, 0.9368449669060904, '03:38']
[12, 0.20490716397762299, 0.1682664155960083, 0.9395833611488342, 0.9395833333333334, 0.9394577396119488, '03:31']
[13, 0.1883254498243332, 0.16651268303394318, 0.940750002861023, 0.9407499999999999, 0.9402770788773127, '03:32']
[14, 0.19799058139324188, 0.16682519018650055, 0.9394999742507935, 0.9395, 0.9392921431110965, '03:33']
[15, 0.18704304099082947, 0.15977320075035095, 0.9413333535194397, 0.9413333333333334, 0.9413023870065107, '03:33']
[16, 0.17993181943893433, 0.15879066288471222, 0.9422500133514404, 0.9422500000000001, 0.9424773333010871, '03:34']
[17, 0.17572806775569916, 0.15348833799362183, 0.9439166784286499, 0.9439166666666667, 0.9438522027191848, '03:35']
[18, 0.16430069506168365, 0.1593666523694992, 0.9427499771118164, 0.94275, 0.9424059475294551, '03:34']
[19, 0.15434090793132782, 0.15527133643627167, 0.9437500238418579, 0.94375, 0.9434947119279073, '03:32']
[20, 0.1528693288564682, 0.14939187467098236, 0.9459166526794434, 0.9459166666666666, 0.9459825214577313, '03:35']
[21, 0.1423015147447586, 0.15098421275615692, 0.9445000290870667, 0.9445, 0.9446175174436057, '03:38']
[22, 0.1433844268321991, 0.14882135391235352, 0.9463333487510681, 0.9463333333333332, 0.9462431824838007, '03:34']
[23, 0.14077837765216827, 0.1464676707983017, 0.9477499723434448, 0.9477500000000001, 0.9475866595373896, '03:34']
[24, 0.1382913738489151, 0.14673705399036407, 0.9482499957084656, 0.94825, 0.9482183016706275, '03:33']
[25, 0.13154487311840057, 0.14659492671489716, 0.9479166865348816, 0.9479166666666667, 0.9479253093313209, '03:32']
[26, 0.12632101774215698, 0.1464013010263443, 0.9482499957084656, 0.94825, 0.9482879668142093, '03:31']
[27, 0.12434030324220657, 0.1468649059534073, 0.9477499723434448, 0.9477499999999999, 0.9476963604536577, '03:31']
[28, 0.12351931631565094, 0.14705045521259308, 0.9486666917800903, 0.9486666666666668, 0.9487270356479641, '03:32']
[29, 0.12068193405866623, 0.1471923589706421, 0.9479166865348816, 0.9479166666666667, 0.9479516563619658, '03:31']

Tiempo de entrenamiento: 6469.62 segundos
/mnt/homeGPU/haoweihu/TFG/lib/python3.10/site-packages/fastai/learner.py:455: UserWarning: load_learner` uses Python's insecure pickle module, which can execute malicious arbitrary code when loading. Only load files you trust.
If you only need to load model weights and optimizer state, use the safe `Learner.load` instead.
  warn("load_learner` uses Python's insecure pickle module, which can execute malicious arbitrary code when loading. Only load files you trust.\nIf you only need to load model weights and optimizer state, use the safe `Learner.load` instead.")
Loss (valid): 0.1472
Accuracy (valid): 0.9479
Recall (valid): 0.9479
F1-Score (valid): 0.9480
Loss (test): 3.9524
Accuracy (test): 0.7548
Recall (test): 0.7546
F1-Score (test): 0.7542
mail: cannot send message: Process exited with a non-zero status
