/mnt/homeGPU/haoweihu/TFG/lib/python3.10/site-packages/torchvision/models/_utils.py:208: UserWarning: The parameter 'pretrained' is deprecated since 0.13 and may be removed in the future, please use 'weights' instead.
  warnings.warn(
/mnt/homeGPU/haoweihu/TFG/lib/python3.10/site-packages/torchvision/models/_utils.py:223: UserWarning: Arguments other than a weight enum or `None` for 'weights' are deprecated since 0.13 and may be removed in the future. The current behavior is equivalent to passing `weights=EfficientNet_V2_S_Weights.IMAGENET1K_V1`. You can also use `weights=EfficientNet_V2_S_Weights.DEFAULT` to get the most up-to-date weights.
  warnings.warn(msg)
---------------------------------------------------------------------------
Ejecutando: fmnist_10pct_effnetv2s_fps_pre_quant
---------------------------------------------------------------------------
False
Número total de imágenes en entrenamiento: 4800
Número total de imágenes en validación: 12000
Clases: ['Ankle boot', 'Bag', 'Coat', 'Dress', 'Pullover', 'Sandal', 'Shirt', 'Sneaker', 'T-shirt', 'Trouser']
weights = None
[0, 3.092426300048828, 1.8670895099639893, 0.3623333275318146, 0.3623333333333333, 0.3162343410787663, '01:13']
[1, 2.389972686767578, 1.2666468620300293, 0.5615833401679993, 0.5615833333333333, 0.5395392868040306, '00:58']
[2, 1.8679131269454956, 1.0522297620773315, 0.6293333172798157, 0.6293333333333333, 0.6216926386688584, '00:58']
[3, 1.5900315046310425, 1.0034915208816528, 0.6439999938011169, 0.644, 0.6403578910779733, '00:57']
[4, 1.4231528043746948, 0.9056752324104309, 0.6695833206176758, 0.6695833333333334, 0.6635594925712993, '00:58']
[5, 1.271602988243103, 0.7795783877372742, 0.7067499756813049, 0.70675, 0.7061108389141193, '00:58']
[6, 1.080533504486084, 0.7689701318740845, 0.7005000114440918, 0.7005, 0.7045448869128164, '00:58']
[7, 0.970850944519043, 0.6715751886367798, 0.7444999814033508, 0.7445, 0.7450836399418486, '00:58']
[8, 0.8821161985397339, 0.6558640599250793, 0.7519166469573975, 0.7519166666666667, 0.748603498337973, '00:58']
[9, 0.8271673321723938, 0.6235170364379883, 0.762416660785675, 0.7624166666666666, 0.760142782133809, '00:57']
[10, 0.7511404156684875, 0.5939019322395325, 0.7739999890327454, 0.7740000000000001, 0.7775527622226569, '00:57']
[11, 0.7114261984825134, 0.5518543124198914, 0.7884166836738586, 0.7884166666666668, 0.7851335726193692, '00:57']
[12, 0.6750429272651672, 0.543988049030304, 0.7913333177566528, 0.7913333333333334, 0.7910598218414024, '00:58']
[13, 0.6566759943962097, 0.5141738057136536, 0.8048333525657654, 0.8048333333333334, 0.8064617000665686, '00:58']
[14, 0.6267268061637878, 0.49759402871131897, 0.8084166646003723, 0.8084166666666667, 0.806957324095279, '00:57']
[15, 0.5912811756134033, 0.5002018213272095, 0.8061666488647461, 0.8061666666666666, 0.8054217114074269, '00:57']
[16, 0.5829805731773376, 0.4969099164009094, 0.8078333139419556, 0.8078333333333333, 0.8056913703959763, '00:57']
[17, 0.5736417174339294, 0.49133020639419556, 0.8100833296775818, 0.8100833333333334, 0.8095464897544786, '00:58']
[18, 0.5426807403564453, 0.47268590331077576, 0.8192499876022339, 0.81925, 0.8198109046515784, '00:57']
[19, 0.5230461359024048, 0.4662933349609375, 0.8234166502952576, 0.8234166666666667, 0.8243367924267823, '00:57']
[20, 0.5264154076576233, 0.4625343382358551, 0.8237500190734863, 0.8237500000000001, 0.8229296911345221, '00:57']
[21, 0.5076488256454468, 0.4490524232387543, 0.8294166922569275, 0.8294166666666666, 0.8292537286828446, '00:57']
[22, 0.48275503516197205, 0.4501780867576599, 0.8292499780654907, 0.8292499999999998, 0.8272368463264403, '01:01']
[23, 0.47149959206581116, 0.4479294717311859, 0.8305833339691162, 0.8305833333333335, 0.8303369381282513, '01:01']
[24, 0.46742135286331177, 0.4459053874015808, 0.8296666741371155, 0.8296666666666667, 0.8299597848414928, '01:01']
[25, 0.4581073522567749, 0.4435332715511322, 0.8324166536331177, 0.8324166666666667, 0.8327376523357298, '01:01']
[26, 0.4495452344417572, 0.44126081466674805, 0.8320000171661377, 0.8320000000000001, 0.8323673234137988, '01:01']
[27, 0.4519656300544739, 0.43922364711761475, 0.8314999938011169, 0.8314999999999999, 0.832357206535668, '00:58']
[28, 0.44819846749305725, 0.44084876775741577, 0.8324999809265137, 0.8325000000000001, 0.8332430928770194, '00:58']
[29, 0.4479954242706299, 0.4426826238632202, 0.8302500247955322, 0.83025, 0.8311707937658406, '00:58']

Tiempo de entrenamiento: 1776.65 segundos
/mnt/homeGPU/haoweihu/TFG/lib/python3.10/site-packages/fastai/learner.py:455: UserWarning: load_learner` uses Python's insecure pickle module, which can execute malicious arbitrary code when loading. Only load files you trust.
If you only need to load model weights and optimizer state, use the safe `Learner.load` instead.
  warn("load_learner` uses Python's insecure pickle module, which can execute malicious arbitrary code when loading. Only load files you trust.\nIf you only need to load model weights and optimizer state, use the safe `Learner.load` instead.")
Loss (valid): 0.4427
Accuracy (valid): 0.8303
Recall (valid): 0.8303
F1-Score (valid): 0.8312
/mnt/homeGPU/haoweihu/TFG/lib/python3.10/site-packages/torchvision/models/_utils.py:208: UserWarning: The parameter 'pretrained' is deprecated since 0.13 and may be removed in the future, please use 'weights' instead.
  warnings.warn(
/mnt/homeGPU/haoweihu/TFG/lib/python3.10/site-packages/torchvision/models/_utils.py:223: UserWarning: Arguments other than a weight enum or `None` for 'weights' are deprecated since 0.13 and may be removed in the future. The current behavior is equivalent to passing `weights=EfficientNet_V2_S_Weights.IMAGENET1K_V1`. You can also use `weights=EfficientNet_V2_S_Weights.DEFAULT` to get the most up-to-date weights.
  warnings.warn(msg)
Loss (test): 2.8862
Accuracy (test): 0.6571
Recall (test): 0.6571
F1-Score (test): 0.6552
---------------------------------------------------------------------------
Ejecutando: fmnist_20pct_effnetv2s_fps_pre_quant
---------------------------------------------------------------------------
False
Número total de imágenes en entrenamiento: 9600
Número total de imágenes en validación: 12000
Clases: ['Ankle boot', 'Bag', 'Coat', 'Dress', 'Pullover', 'Sandal', 'Shirt', 'Sneaker', 'T-shirt', 'Trouser']
weights = None
[0, 2.631169557571411, 1.4558193683624268, 0.4740833342075348, 0.47408333333333336, 0.45912121608137085, '01:31']
[1, 1.852394461631775, 1.051129937171936, 0.6196666955947876, 0.6196666666666666, 0.6132844357925823, '01:21']
[2, 1.5130672454833984, 0.9065864086151123, 0.6697499752044678, 0.6697500000000001, 0.6682798826881101, '01:21']
[3, 1.270703673362732, 0.8384341597557068, 0.6963333487510681, 0.6963333333333332, 0.6849844340697178, '01:22']
[4, 1.0767292976379395, 0.7353627681732178, 0.7258333563804626, 0.7258333333333333, 0.7277199677405749, '01:21']
[5, 0.9485496282577515, 0.6566934585571289, 0.7555833458900452, 0.7555833333333333, 0.7490520725117713, '01:20']
[6, 0.819841742515564, 0.5894902348518372, 0.778083324432373, 0.7780833333333332, 0.771415344705129, '01:21']
[7, 0.7571609616279602, 0.573897123336792, 0.7794166803359985, 0.7794166666666665, 0.7712884262095596, '01:21']
[8, 0.7033472657203674, 0.549116313457489, 0.7876666784286499, 0.7876666666666667, 0.7862967316450064, '01:21']
[9, 0.66716468334198, 0.4904640316963196, 0.809166669845581, 0.8091666666666667, 0.807186380170856, '01:20']
[10, 0.6058542728424072, 0.476681649684906, 0.8137500286102295, 0.81375, 0.8102849916174039, '01:21']
[11, 0.5761913657188416, 0.45604342222213745, 0.8247500061988831, 0.8247500000000001, 0.8245328539488869, '01:21']
[12, 0.5597604513168335, 0.4492228329181671, 0.8306666612625122, 0.8306666666666667, 0.8270191742305085, '01:21']
[13, 0.5241675972938538, 0.4115000367164612, 0.843500018119812, 0.8434999999999999, 0.8430271564198113, '01:21']
[14, 0.5138466954231262, 0.40537577867507935, 0.8443333506584167, 0.8443333333333334, 0.8426452922400159, '01:20']
[15, 0.4756518006324768, 0.406521201133728, 0.8450000286102295, 0.845, 0.8445825275084383, '01:21']
[16, 0.4618610739707947, 0.39092835783958435, 0.8525000214576721, 0.8525, 0.8529981722258333, '01:21']
[17, 0.45515546202659607, 0.3839978575706482, 0.8553333282470703, 0.8553333333333335, 0.8553532115592976, '01:20']
[18, 0.44715890288352966, 0.3910064697265625, 0.8513333201408386, 0.8513333333333334, 0.8522737053502476, '01:20']
[19, 0.4297833740711212, 0.3762526512145996, 0.8577499985694885, 0.85775, 0.8577021594935941, '01:22']
[20, 0.42459991574287415, 0.3745262026786804, 0.8575000166893005, 0.8574999999999999, 0.8573045750660533, '01:22']
[21, 0.40851542353630066, 0.37063029408454895, 0.8619999885559082, 0.8620000000000001, 0.8617640050395661, '01:22']
[22, 0.3874911963939667, 0.3630587160587311, 0.8632500171661377, 0.8632500000000001, 0.8629812819438032, '01:21']
[23, 0.3894283175468445, 0.36315271258354187, 0.8633333444595337, 0.8633333333333333, 0.8639533321799483, '01:21']
[24, 0.38689690828323364, 0.36243677139282227, 0.8634166717529297, 0.8634166666666667, 0.8630411174319234, '01:21']
[25, 0.3682705760002136, 0.36138224601745605, 0.8644999861717224, 0.8644999999999999, 0.8642779121703658, '01:21']
[26, 0.3830341696739197, 0.3618500232696533, 0.8635833263397217, 0.8635833333333333, 0.8629716619362799, '01:21']
[27, 0.3704766631126404, 0.3613772690296173, 0.8646666407585144, 0.8646666666666667, 0.8642657330613851, '01:20']
[28, 0.36682912707328796, 0.36082878708839417, 0.8637499809265137, 0.8637500000000001, 0.8638456113893032, '01:21']
[29, 0.37541964650154114, 0.3628617227077484, 0.8633333444595337, 0.8633333333333335, 0.8631593825655812, '01:21']

Tiempo de entrenamiento: 2450.42 segundos
/mnt/homeGPU/haoweihu/TFG/lib/python3.10/site-packages/fastai/learner.py:455: UserWarning: load_learner` uses Python's insecure pickle module, which can execute malicious arbitrary code when loading. Only load files you trust.
If you only need to load model weights and optimizer state, use the safe `Learner.load` instead.
  warn("load_learner` uses Python's insecure pickle module, which can execute malicious arbitrary code when loading. Only load files you trust.\nIf you only need to load model weights and optimizer state, use the safe `Learner.load` instead.")
Loss (valid): 0.3629
Accuracy (valid): 0.8633
Recall (valid): 0.8633
F1-Score (valid): 0.8632
/mnt/homeGPU/haoweihu/TFG/lib/python3.10/site-packages/torchvision/models/_utils.py:208: UserWarning: The parameter 'pretrained' is deprecated since 0.13 and may be removed in the future, please use 'weights' instead.
  warnings.warn(
/mnt/homeGPU/haoweihu/TFG/lib/python3.10/site-packages/torchvision/models/_utils.py:223: UserWarning: Arguments other than a weight enum or `None` for 'weights' are deprecated since 0.13 and may be removed in the future. The current behavior is equivalent to passing `weights=EfficientNet_V2_S_Weights.IMAGENET1K_V1`. You can also use `weights=EfficientNet_V2_S_Weights.DEFAULT` to get the most up-to-date weights.
  warnings.warn(msg)
Loss (test): 2.8226
Accuracy (test): 0.6806
Recall (test): 0.6806
F1-Score (test): 0.6797
---------------------------------------------------------------------------
Ejecutando: fmnist_30pct_effnetv2s_fps_pre_quant
---------------------------------------------------------------------------
False
Número total de imágenes en entrenamiento: 14392
Número total de imágenes en validación: 12000
Clases: ['Ankle boot', 'Bag', 'Coat', 'Dress', 'Pullover', 'Sandal', 'Shirt', 'Sneaker', 'T-shirt', 'Trouser']
weights = None
[0, 2.2420284748077393, 1.1951282024383545, 0.5728333592414856, 0.5728333333333333, 0.5681217357356474, '02:04']
[1, 1.6257820129394531, 0.993363618850708, 0.6480000019073486, 0.648, 0.6406742594178, '01:46']
[2, 1.2958954572677612, 0.8349350690841675, 0.6962500214576721, 0.6962499999999999, 0.6933102645788275, '01:43']
[3, 1.0790146589279175, 0.7221807241439819, 0.7329166531562805, 0.7329166666666668, 0.7296735545915214, '01:43']
[4, 0.8909226655960083, 0.6345589756965637, 0.7577499747276306, 0.75775, 0.7544931049370007, '01:45']
[5, 0.8107066750526428, 0.5548187494277954, 0.7894999980926514, 0.7895, 0.7903941052301791, '01:43']
[6, 0.7072030901908875, 0.5090227723121643, 0.8106666803359985, 0.8106666666666668, 0.8110441073888781, '01:47']
[7, 0.6167749166488647, 0.4779493510723114, 0.8231666684150696, 0.8231666666666666, 0.8225392731469556, '01:44']
[8, 0.5848850011825562, 0.4389130473136902, 0.8342499732971191, 0.8342500000000002, 0.8324944780159125, '01:44']
[9, 0.547317624092102, 0.41261011362075806, 0.8418333530426025, 0.8418333333333333, 0.8393174148199641, '01:46']
[10, 0.5204079747200012, 0.39118948578834534, 0.8508333563804626, 0.8508333333333334, 0.8494862448042438, '01:43']
[11, 0.49806293845176697, 0.38037556409835815, 0.8554999828338623, 0.8554999999999999, 0.8550439399182042, '01:44']
[12, 0.46733546257019043, 0.35867390036582947, 0.8651666641235352, 0.8651666666666665, 0.8649673183525426, '01:47']
[13, 0.44810307025909424, 0.36330074071884155, 0.8654166460037231, 0.8654166666666667, 0.8639211875767471, '01:45']
[14, 0.43392544984817505, 0.3471364676952362, 0.8672500252723694, 0.86725, 0.8673007861219849, '01:47']
[15, 0.4189537763595581, 0.3527716100215912, 0.8649166822433472, 0.8649166666666668, 0.8633593179320964, '01:46']
[16, 0.40887725353240967, 0.34057146310806274, 0.8723333477973938, 0.8723333333333333, 0.8705122684642985, '01:48']
[17, 0.3911202549934387, 0.3449263572692871, 0.8705833554267883, 0.8705833333333333, 0.8690855639415608, '01:46']
[18, 0.3845668435096741, 0.3292733430862427, 0.8768333196640015, 0.8768333333333332, 0.8762602634483153, '01:47']
[19, 0.3819352686405182, 0.3309266269207001, 0.8767499923706055, 0.87675, 0.8762882057110186, '01:48']
[20, 0.375921368598938, 0.3252813220024109, 0.8784999847412109, 0.8785000000000001, 0.8774888962747612, '01:46']
[21, 0.3627864122390747, 0.32395991683006287, 0.8794999718666077, 0.8795, 0.8780564084392616, '01:47']
[22, 0.3680632710456848, 0.3194805979728699, 0.8809999823570251, 0.881, 0.8799181854736382, '01:46']
[23, 0.33676210045814514, 0.32314854860305786, 0.8792499899864197, 0.8792500000000001, 0.8783663909068959, '01:46']
[24, 0.3533932864665985, 0.31969112157821655, 0.8803333044052124, 0.8803333333333333, 0.8796755253177334, '01:52']
[25, 0.332597553730011, 0.31931716203689575, 0.8815000057220459, 0.8815, 0.8806749266356146, '01:47']
[26, 0.33518800139427185, 0.3166607618331909, 0.8829166889190674, 0.8829166666666666, 0.8824736486695659, '01:49']
[27, 0.31589454412460327, 0.3186261057853699, 0.8806666731834412, 0.8806666666666667, 0.8802382656633247, '01:49']
[28, 0.3520679175853729, 0.31795814633369446, 0.8819166421890259, 0.8819166666666668, 0.8810397263128568, '01:47']
[29, 0.3332476317882538, 0.3179435133934021, 0.8807500004768372, 0.8807500000000001, 0.8797046314685831, '01:48']

Tiempo de entrenamiento: 3219.58 segundos
/mnt/homeGPU/haoweihu/TFG/lib/python3.10/site-packages/fastai/learner.py:455: UserWarning: load_learner` uses Python's insecure pickle module, which can execute malicious arbitrary code when loading. Only load files you trust.
If you only need to load model weights and optimizer state, use the safe `Learner.load` instead.
  warn("load_learner` uses Python's insecure pickle module, which can execute malicious arbitrary code when loading. Only load files you trust.\nIf you only need to load model weights and optimizer state, use the safe `Learner.load` instead.")
Loss (valid): 0.3179
Accuracy (valid): 0.8808
Recall (valid): 0.8808
F1-Score (valid): 0.8797
/mnt/homeGPU/haoweihu/TFG/lib/python3.10/site-packages/torchvision/models/_utils.py:208: UserWarning: The parameter 'pretrained' is deprecated since 0.13 and may be removed in the future, please use 'weights' instead.
  warnings.warn(
/mnt/homeGPU/haoweihu/TFG/lib/python3.10/site-packages/torchvision/models/_utils.py:223: UserWarning: Arguments other than a weight enum or `None` for 'weights' are deprecated since 0.13 and may be removed in the future. The current behavior is equivalent to passing `weights=EfficientNet_V2_S_Weights.IMAGENET1K_V1`. You can also use `weights=EfficientNet_V2_S_Weights.DEFAULT` to get the most up-to-date weights.
  warnings.warn(msg)
Loss (test): 3.1669
Accuracy (test): 0.6932
Recall (test): 0.6931
F1-Score (test): 0.6938
---------------------------------------------------------------------------
Ejecutando: fmnist_40pct_effnetv2s_fps_pre_quant
---------------------------------------------------------------------------
False
Número total de imágenes en entrenamiento: 19100
Número total de imágenes en validación: 12000
Clases: ['Ankle boot', 'Bag', 'Coat', 'Dress', 'Pullover', 'Sandal', 'Shirt', 'Sneaker', 'T-shirt', 'Trouser']
weights = None
[0, 2.061321496963501, 1.165290355682373, 0.5842499732971191, 0.5842499999999999, 0.5762527102369533, '03:05']
[1, 1.5774773359298706, 0.8933733701705933, 0.6839166879653931, 0.6839166666666666, 0.6756401168984054, '02:07']
[2, 1.230525016784668, 0.7686060667037964, 0.7146666646003723, 0.7146666666666668, 0.7173401737935874, '02:07']
[3, 0.9955151677131653, 0.6611817479133606, 0.7541666626930237, 0.7541666666666668, 0.7536649084747404, '02:07']
[4, 0.8254052400588989, 0.5797325372695923, 0.7829166650772095, 0.7829166666666667, 0.7804355408296875, '02:07']
[5, 0.7201393246650696, 0.5403659343719482, 0.7894166707992554, 0.7894166666666668, 0.7828640932382837, '02:07']
[6, 0.6283454298973083, 0.45468834042549133, 0.8256666660308838, 0.8256666666666668, 0.8266060545038221, '02:07']
[7, 0.5984809398651123, 0.44362324476242065, 0.825166642665863, 0.8251666666666667, 0.8294980140696516, '02:07']
[8, 0.5486060380935669, 0.4148307144641876, 0.8353333473205566, 0.8353333333333334, 0.8364410190232695, '02:10']
[9, 0.5174720287322998, 0.392421156167984, 0.8489166498184204, 0.8489166666666665, 0.8498665103212767, '02:10']
[10, 0.5064510107040405, 0.3590243458747864, 0.8619166612625122, 0.8619166666666667, 0.8613755230682395, '02:11']
[11, 0.47317439317703247, 0.35329297184944153, 0.8673333525657654, 0.8673333333333332, 0.8659679760288039, '02:07']
[12, 0.46301859617233276, 0.3338885009288788, 0.8729166388511658, 0.8729166666666666, 0.8723886745097085, '02:07']
[13, 0.43905675411224365, 0.33151787519454956, 0.8730833530426025, 0.8730833333333334, 0.8730377299219526, '02:08']
[14, 0.4094243049621582, 0.3235586881637573, 0.8765833377838135, 0.8765833333333333, 0.8765931708946694, '02:08']
[15, 0.41365620493888855, 0.32316654920578003, 0.8793333172798157, 0.8793333333333333, 0.8800627538399286, '02:08']
[16, 0.39784595370292664, 0.32635438442230225, 0.8734999895095825, 0.8734999999999999, 0.87457661913103, '02:07']
[17, 0.37973591685295105, 0.31301236152648926, 0.8811666369438171, 0.8811666666666668, 0.8806613437129018, '02:06']
[18, 0.38089996576309204, 0.3065536320209503, 0.8841666579246521, 0.8841666666666667, 0.88366684082737, '02:06']
[19, 0.3514770567417145, 0.30740952491760254, 0.8851666450500488, 0.8851666666666667, 0.8845473012630596, '02:08']
[20, 0.3589012920856476, 0.3016550838947296, 0.8852499723434448, 0.8852499999999999, 0.8852995594483376, '02:07']
[21, 0.35209569334983826, 0.3031123876571655, 0.8834166526794434, 0.8834166666666666, 0.8839830003915401, '02:07']
[22, 0.3420945405960083, 0.30164629220962524, 0.8854166865348816, 0.8854166666666666, 0.8860620620514054, '02:09']
[23, 0.3321493864059448, 0.3010186553001404, 0.887333333492279, 0.8873333333333333, 0.8872551584500625, '02:06']
[24, 0.33693933486938477, 0.29597991704940796, 0.887583315372467, 0.8875833333333333, 0.8874711513750364, '02:06']
[25, 0.3179056644439697, 0.2978241443634033, 0.8888333439826965, 0.8888333333333334, 0.8886606475793808, '02:07']
[26, 0.3151565194129944, 0.29617980122566223, 0.8879166841506958, 0.8879166666666667, 0.8880686609756994, '02:07']
[27, 0.3341645300388336, 0.29497092962265015, 0.8890833258628845, 0.8890833333333333, 0.8889513284064607, '02:07']
[28, 0.3110485374927521, 0.29642608761787415, 0.887583315372467, 0.8875833333333333, 0.8879202948033369, '02:10']
[29, 0.32367679476737976, 0.29716989398002625, 0.8886666893959045, 0.8886666666666665, 0.8885812774259852, '02:07']

Tiempo de entrenamiento: 3897.50 segundos
/mnt/homeGPU/haoweihu/TFG/lib/python3.10/site-packages/fastai/learner.py:455: UserWarning: load_learner` uses Python's insecure pickle module, which can execute malicious arbitrary code when loading. Only load files you trust.
If you only need to load model weights and optimizer state, use the safe `Learner.load` instead.
  warn("load_learner` uses Python's insecure pickle module, which can execute malicious arbitrary code when loading. Only load files you trust.\nIf you only need to load model weights and optimizer state, use the safe `Learner.load` instead.")
Loss (valid): 0.2972
Accuracy (valid): 0.8887
Recall (valid): 0.8887
F1-Score (valid): 0.8886
/mnt/homeGPU/haoweihu/TFG/lib/python3.10/site-packages/torchvision/models/_utils.py:208: UserWarning: The parameter 'pretrained' is deprecated since 0.13 and may be removed in the future, please use 'weights' instead.
  warnings.warn(
/mnt/homeGPU/haoweihu/TFG/lib/python3.10/site-packages/torchvision/models/_utils.py:223: UserWarning: Arguments other than a weight enum or `None` for 'weights' are deprecated since 0.13 and may be removed in the future. The current behavior is equivalent to passing `weights=EfficientNet_V2_S_Weights.IMAGENET1K_V1`. You can also use `weights=EfficientNet_V2_S_Weights.DEFAULT` to get the most up-to-date weights.
  warnings.warn(msg)
Loss (test): 3.1879
Accuracy (test): 0.6990
Recall (test): 0.6992
F1-Score (test): 0.6994
---------------------------------------------------------------------------
Ejecutando: fmnist_50pct_effnetv2s_fps_pre_quant
---------------------------------------------------------------------------
False
Número total de imágenes en entrenamiento: 23594
Número total de imágenes en validación: 12000
Clases: ['Ankle boot', 'Bag', 'Coat', 'Dress', 'Pullover', 'Sandal', 'Shirt', 'Sneaker', 'T-shirt', 'Trouser']
weights = None
[0, 1.9256412982940674, 1.1107325553894043, 0.6015833616256714, 0.6015833333333334, 0.5967139117303526, '03:33']
[1, 1.4273605346679688, 0.8710607886314392, 0.6784166693687439, 0.6784166666666667, 0.6761699093615944, '02:27']
[2, 1.1239902973175049, 0.7409207224845886, 0.722083330154419, 0.7220833333333333, 0.716398314732515, '02:29']
[3, 0.9121777415275574, 0.6204988360404968, 0.7699166536331177, 0.7699166666666668, 0.7709506946131841, '02:31']
[4, 0.7580059170722961, 0.559863269329071, 0.7901666760444641, 0.7901666666666667, 0.7872913632769294, '02:27']
[5, 0.6589762568473816, 0.4660564661026001, 0.8217499852180481, 0.8217500000000001, 0.8197348768737657, '02:28']
[6, 0.5654313564300537, 0.4317721426486969, 0.8374166488647461, 0.8374166666666667, 0.8363342687915974, '02:31']
[7, 0.536465585231781, 0.4067430794239044, 0.8449166417121887, 0.8449166666666666, 0.8434572880690231, '02:31']
[8, 0.49030601978302, 0.400583416223526, 0.8487499952316284, 0.8487500000000001, 0.8468753671220905, '02:31']
[9, 0.46712538599967957, 0.3663913309574127, 0.8598333597183228, 0.8598333333333332, 0.8605917609976057, '02:31']
[10, 0.4626200795173645, 0.34378087520599365, 0.8712499737739563, 0.8712500000000001, 0.8706948293233039, '02:34']
[11, 0.4337609112262726, 0.3363647162914276, 0.8725833296775818, 0.8725833333333334, 0.8714273524286111, '02:31']
[12, 0.4125308096408844, 0.32918161153793335, 0.8766666650772095, 0.8766666666666666, 0.8771869947557815, '02:32']
[13, 0.39072248339653015, 0.3310396373271942, 0.8768333196640015, 0.8768333333333335, 0.8761733082846209, '02:30']
[14, 0.392890065908432, 0.32078731060028076, 0.8798333406448364, 0.8798333333333332, 0.879912530327198, '02:31']
[15, 0.35729771852493286, 0.3155219554901123, 0.8806666731834412, 0.8806666666666665, 0.8797106809987143, '02:31']
[16, 0.365292489528656, 0.3193509578704834, 0.8799166679382324, 0.8799166666666667, 0.8793445411540924, '02:37']
[17, 0.35462239384651184, 0.3121817708015442, 0.8805000185966492, 0.8805, 0.8808013015313915, '02:32']
[18, 0.3533884584903717, 0.3023644685745239, 0.8877500295639038, 0.8877499999999999, 0.887023935752277, '02:34']
[19, 0.33803361654281616, 0.3002687394618988, 0.8887500166893005, 0.8887499999999999, 0.8882586214468011, '02:33']
[20, 0.34526243805885315, 0.2991684079170227, 0.8880000114440918, 0.8879999999999999, 0.8874081028180182, '02:34']
[21, 0.3139694929122925, 0.2981465756893158, 0.8884999752044678, 0.8885, 0.8881126938270544, '02:30']
[22, 0.3154301941394806, 0.2959643602371216, 0.89041668176651, 0.8904166666666666, 0.8899969177984989, '02:32']
[23, 0.3156234622001648, 0.2960813343524933, 0.8899166584014893, 0.8899166666666666, 0.8898892947961798, '02:33']
[24, 0.3149210810661316, 0.29494205117225647, 0.8913333415985107, 0.8913333333333334, 0.8907572886784081, '02:32']
[25, 0.32633382081985474, 0.29505133628845215, 0.8913333415985107, 0.8913333333333334, 0.891059819917569, '02:34']
[26, 0.30850762128829956, 0.29401183128356934, 0.8911666870117188, 0.8911666666666667, 0.8910420099573526, '02:34']
[27, 0.308076947927475, 0.29584214091300964, 0.8896666765213013, 0.8896666666666666, 0.8892027919754346, '02:32']
[28, 0.30269506573677063, 0.29499441385269165, 0.8914166688919067, 0.8914166666666666, 0.8911093973420936, '02:31']
[29, 0.31369465589523315, 0.29383590817451477, 0.8923333287239075, 0.8923333333333334, 0.8919357443869877, '02:32']

Tiempo de entrenamiento: 4623.84 segundos
/mnt/homeGPU/haoweihu/TFG/lib/python3.10/site-packages/fastai/learner.py:455: UserWarning: load_learner` uses Python's insecure pickle module, which can execute malicious arbitrary code when loading. Only load files you trust.
If you only need to load model weights and optimizer state, use the safe `Learner.load` instead.
  warn("load_learner` uses Python's insecure pickle module, which can execute malicious arbitrary code when loading. Only load files you trust.\nIf you only need to load model weights and optimizer state, use the safe `Learner.load` instead.")
Loss (valid): 0.2938
Accuracy (valid): 0.8923
Recall (valid): 0.8923
F1-Score (valid): 0.8919
/mnt/homeGPU/haoweihu/TFG/lib/python3.10/site-packages/torchvision/models/_utils.py:208: UserWarning: The parameter 'pretrained' is deprecated since 0.13 and may be removed in the future, please use 'weights' instead.
  warnings.warn(
/mnt/homeGPU/haoweihu/TFG/lib/python3.10/site-packages/torchvision/models/_utils.py:223: UserWarning: Arguments other than a weight enum or `None` for 'weights' are deprecated since 0.13 and may be removed in the future. The current behavior is equivalent to passing `weights=EfficientNet_V2_S_Weights.IMAGENET1K_V1`. You can also use `weights=EfficientNet_V2_S_Weights.DEFAULT` to get the most up-to-date weights.
  warnings.warn(msg)
Loss (test): 3.1518
Accuracy (test): 0.7040
Recall (test): 0.7041
F1-Score (test): 0.7046
---------------------------------------------------------------------------
Ejecutando: fmnist_60pct_effnetv2s_fps_pre_quant
---------------------------------------------------------------------------
False
Número total de imágenes en entrenamiento: 28324
Número total de imágenes en validación: 12000
Clases: ['Ankle boot', 'Bag', 'Coat', 'Dress', 'Pullover', 'Sandal', 'Shirt', 'Sneaker', 'T-shirt', 'Trouser']
weights = None
[0, 1.770641803741455, 1.037760853767395, 0.6340833306312561, 0.6340833333333333, 0.6279869744342383, '04:12']
[1, 1.338832974433899, 0.8334793448448181, 0.6971666812896729, 0.6971666666666667, 0.6914209383256513, '02:58']
[2, 1.0521681308746338, 0.6881731748580933, 0.7423333525657654, 0.7423333333333333, 0.7446753506761774, '02:56']
[3, 0.8174019455909729, 0.5859169960021973, 0.7816666960716248, 0.7816666666666666, 0.7813149990055839, '02:56']
[4, 0.6798205971717834, 0.4981546103954315, 0.8109999895095825, 0.8109999999999999, 0.8095029195782889, '02:56']
[5, 0.5918571949005127, 0.47163236141204834, 0.8187500238418579, 0.81875, 0.8170127394034423, '02:58']
[6, 0.5248025059700012, 0.4639799892902374, 0.8145833611488342, 0.8145833333333332, 0.8123665336533673, '02:55']
[7, 0.5145606398582458, 0.4027353823184967, 0.843833327293396, 0.8438333333333332, 0.8398115960649829, '02:55']
[8, 0.4793779253959656, 0.36518439650535583, 0.8617500066757202, 0.86175, 0.8610904375444821, '02:55']
[9, 0.4504210650920868, 0.3355441391468048, 0.8734999895095825, 0.8734999999999999, 0.8740611825769689, '02:54']
[10, 0.43339648842811584, 0.33166787028312683, 0.8742499947547913, 0.87425, 0.8734633317807884, '02:56']
[11, 0.40433576703071594, 0.3171909749507904, 0.8784166574478149, 0.8784166666666666, 0.8785970208622634, '02:57']
[12, 0.408236563205719, 0.31039658188819885, 0.8831666707992554, 0.8831666666666667, 0.881868062752304, '02:56']
[13, 0.38849687576293945, 0.3072403073310852, 0.8845000267028809, 0.8845000000000001, 0.8833709848762709, '02:56']
[14, 0.3788602650165558, 0.3054768443107605, 0.8827499747276306, 0.8827499999999999, 0.8834378992149299, '02:59']
[15, 0.3728426694869995, 0.30068787932395935, 0.887416660785675, 0.8874166666666667, 0.886747558158097, '02:59']
[16, 0.3625408411026001, 0.2996594309806824, 0.8857499957084656, 0.88575, 0.8866280738876527, '02:51']
[17, 0.34063488245010376, 0.29511016607284546, 0.890500009059906, 0.8905, 0.8905589644360117, '02:51']
[18, 0.3328379988670349, 0.2941693961620331, 0.8884166479110718, 0.8884166666666667, 0.8886190596842102, '02:50']
[19, 0.345358669757843, 0.28922176361083984, 0.890916645526886, 0.8909166666666668, 0.8915445728854356, '02:50']
[20, 0.3235712945461273, 0.28729012608528137, 0.8930000066757202, 0.893, 0.892548538116564, '02:49']
[21, 0.3146931827068329, 0.2870079576969147, 0.8934999704360962, 0.8934999999999998, 0.8931348163966131, '02:49']
[22, 0.3219170570373535, 0.2882644534111023, 0.8920833468437195, 0.8920833333333335, 0.8916211238240608, '02:49']
[23, 0.3138994574546814, 0.2832499146461487, 0.8924166560173035, 0.8924166666666666, 0.8928440171184787, '02:49']
[24, 0.29656293988227844, 0.28133341670036316, 0.8934999704360962, 0.8934999999999998, 0.8933553545878679, '02:49']
[25, 0.29533982276916504, 0.27904361486434937, 0.8949999809265137, 0.8950000000000001, 0.8951580580385989, '02:49']
[26, 0.3093479573726654, 0.28211891651153564, 0.8945833444595337, 0.8945833333333333, 0.8945752220089813, '02:49']
[27, 0.2904869318008423, 0.2800625264644623, 0.8932499885559082, 0.8932500000000001, 0.893418362880471, '02:49']
[28, 0.30196207761764526, 0.27949777245521545, 0.8951666951179504, 0.8951666666666668, 0.8951491086455576, '02:49']
[29, 0.2885112166404724, 0.28034311532974243, 0.8949166536331177, 0.8949166666666667, 0.8951295008428245, '02:54']

Tiempo de entrenamiento: 5291.82 segundos
/mnt/homeGPU/haoweihu/TFG/lib/python3.10/site-packages/fastai/learner.py:455: UserWarning: load_learner` uses Python's insecure pickle module, which can execute malicious arbitrary code when loading. Only load files you trust.
If you only need to load model weights and optimizer state, use the safe `Learner.load` instead.
  warn("load_learner` uses Python's insecure pickle module, which can execute malicious arbitrary code when loading. Only load files you trust.\nIf you only need to load model weights and optimizer state, use the safe `Learner.load` instead.")
Loss (valid): 0.2803
Accuracy (valid): 0.8949
Recall (valid): 0.8949
F1-Score (valid): 0.8951
/mnt/homeGPU/haoweihu/TFG/lib/python3.10/site-packages/torchvision/models/_utils.py:208: UserWarning: The parameter 'pretrained' is deprecated since 0.13 and may be removed in the future, please use 'weights' instead.
  warnings.warn(
/mnt/homeGPU/haoweihu/TFG/lib/python3.10/site-packages/torchvision/models/_utils.py:223: UserWarning: Arguments other than a weight enum or `None` for 'weights' are deprecated since 0.13 and may be removed in the future. The current behavior is equivalent to passing `weights=EfficientNet_V2_S_Weights.IMAGENET1K_V1`. You can also use `weights=EfficientNet_V2_S_Weights.DEFAULT` to get the most up-to-date weights.
  warnings.warn(msg)
Loss (test): 3.2375
Accuracy (test): 0.7088
Recall (test): 0.7089
F1-Score (test): 0.7073
---------------------------------------------------------------------------
Ejecutando: fmnist_70pct_effnetv2s_fps_pre_quant
---------------------------------------------------------------------------
False
Número total de imágenes en entrenamiento: 32301
Número total de imágenes en validación: 12000
Clases: ['Ankle boot', 'Bag', 'Coat', 'Dress', 'Pullover', 'Sandal', 'Shirt', 'Sneaker', 'T-shirt', 'Trouser']
weights = None
[0, 1.73991858959198, 1.0225026607513428, 0.6362500190734863, 0.63625, 0.6250474393394934, '04:06']
[1, 1.2747215032577515, 0.7988076210021973, 0.7080000042915344, 0.708, 0.706321458907655, '03:08']
[2, 0.9825465679168701, 0.690406084060669, 0.7398333549499512, 0.7398333333333333, 0.7368171372421006, '03:07']
[3, 0.7826657295227051, 0.5917602777481079, 0.768833339214325, 0.7688333333333335, 0.7649502879963817, '03:08']
[4, 0.624298632144928, 0.4896697998046875, 0.8130000233650208, 0.8130000000000001, 0.8140356949092444, '03:08']
[5, 0.5763840675354004, 0.4268859326839447, 0.8389166593551636, 0.8389166666666668, 0.8368634534339675, '03:07']
[6, 0.5032587647438049, 0.4103938937187195, 0.8476666808128357, 0.8476666666666667, 0.8480841394902902, '03:07']
[7, 0.4722065329551697, 0.3591439127922058, 0.8651666641235352, 0.8651666666666668, 0.8666938080193631, '03:06']
[8, 0.4564861059188843, 0.3491465151309967, 0.8663333058357239, 0.8663333333333332, 0.8671117163147646, '03:08']
[9, 0.4187014698982239, 0.33290740847587585, 0.8740000128746033, 0.874, 0.8744548973040397, '03:07']
[10, 0.41354167461395264, 0.3181716501712799, 0.8817499876022339, 0.88175, 0.8810917691212918, '03:07']
[11, 0.3919617831707001, 0.31515759229660034, 0.8802499771118164, 0.88025, 0.8816722064405159, '03:11']
[12, 0.37176287174224854, 0.31307703256607056, 0.8808333277702332, 0.8808333333333334, 0.8804309429084866, '03:11']
[13, 0.374925434589386, 0.3003404438495636, 0.8869166374206543, 0.8869166666666667, 0.8865101205475765, '03:09']
[14, 0.34903576970100403, 0.29533758759498596, 0.8899166584014893, 0.8899166666666666, 0.8892206248712494, '03:09']
[15, 0.3472993075847626, 0.2928243577480316, 0.8885833621025085, 0.8885833333333333, 0.8886166367576489, '03:10']
[16, 0.32289445400238037, 0.2947852611541748, 0.8894166946411133, 0.8894166666666667, 0.8897873792391724, '03:09']
[17, 0.3341788053512573, 0.28472065925598145, 0.8926666378974915, 0.8926666666666667, 0.8926925259251455, '03:10']
[18, 0.3116219639778137, 0.2839755117893219, 0.8924166560173035, 0.8924166666666666, 0.8925984115596165, '03:08']
[19, 0.3227129876613617, 0.27966737747192383, 0.8946666717529297, 0.8946666666666665, 0.8948280652559599, '03:12']
[20, 0.3030778467655182, 0.2821466326713562, 0.893916666507721, 0.8939166666666665, 0.8942994767891801, '03:09']
[21, 0.30714237689971924, 0.28021398186683655, 0.8952500224113464, 0.8952499999999999, 0.8953097151225287, '03:10']
[22, 0.30440041422843933, 0.28078174591064453, 0.8927500247955322, 0.8927499999999998, 0.8923948593987419, '03:09']
[23, 0.282118022441864, 0.2798808515071869, 0.8947499990463257, 0.8947499999999999, 0.894850689045861, '03:11']
[24, 0.2999041974544525, 0.2808791995048523, 0.8939999938011169, 0.8939999999999999, 0.893981136461856, '03:08']
No improvement since epoch 19: early stopping

Tiempo de entrenamiento: 4786.94 segundos
/mnt/homeGPU/haoweihu/TFG/lib/python3.10/site-packages/fastai/learner.py:455: UserWarning: load_learner` uses Python's insecure pickle module, which can execute malicious arbitrary code when loading. Only load files you trust.
If you only need to load model weights and optimizer state, use the safe `Learner.load` instead.
  warn("load_learner` uses Python's insecure pickle module, which can execute malicious arbitrary code when loading. Only load files you trust.\nIf you only need to load model weights and optimizer state, use the safe `Learner.load` instead.")
Loss (valid): 0.2809
Accuracy (valid): 0.8940
Recall (valid): 0.8940
F1-Score (valid): 0.8940
/mnt/homeGPU/haoweihu/TFG/lib/python3.10/site-packages/torchvision/models/_utils.py:208: UserWarning: The parameter 'pretrained' is deprecated since 0.13 and may be removed in the future, please use 'weights' instead.
  warnings.warn(
/mnt/homeGPU/haoweihu/TFG/lib/python3.10/site-packages/torchvision/models/_utils.py:223: UserWarning: Arguments other than a weight enum or `None` for 'weights' are deprecated since 0.13 and may be removed in the future. The current behavior is equivalent to passing `weights=EfficientNet_V2_S_Weights.IMAGENET1K_V1`. You can also use `weights=EfficientNet_V2_S_Weights.DEFAULT` to get the most up-to-date weights.
  warnings.warn(msg)
Loss (test): 3.3954
Accuracy (test): 0.7087
Recall (test): 0.7090
F1-Score (test): 0.7085
---------------------------------------------------------------------------
Ejecutando: fmnist_80pct_effnetv2s_fps_pre_quant
---------------------------------------------------------------------------
False
Número total de imágenes en entrenamiento: 35880
Número total de imágenes en validación: 12000
Clases: ['Ankle boot', 'Bag', 'Coat', 'Dress', 'Pullover', 'Sandal', 'Shirt', 'Sneaker', 'T-shirt', 'Trouser']
weights = None
[0, 1.6605525016784668, 1.0315239429473877, 0.6389999985694885, 0.639, 0.6298161558395265, '04:20']
[1, 1.2487244606018066, 0.8481867909431458, 0.6965833306312561, 0.6965833333333332, 0.6911896161841675, '03:24']
[2, 0.9535864591598511, 0.6494306921958923, 0.7580000162124634, 0.7580000000000001, 0.7565933901406232, '03:25']
[3, 0.7496987581253052, 0.5566741824150085, 0.7911666631698608, 0.7911666666666667, 0.7923115053197046, '03:26']
[4, 0.6180135607719421, 0.48003414273262024, 0.8135833144187927, 0.8135833333333334, 0.8121507525533078, '03:26']
[5, 0.5708907842636108, 0.4402759075164795, 0.8324166536331177, 0.8324166666666667, 0.8308660354757528, '03:25']
[6, 0.5057865977287292, 0.3905203342437744, 0.8518333435058594, 0.8518333333333332, 0.8524882253115796, '03:25']
[7, 0.46228379011154175, 0.3738050162792206, 0.8586666584014893, 0.8586666666666666, 0.8578435827298847, '03:25']
[8, 0.4475780725479126, 0.34286201000213623, 0.871916651725769, 0.8719166666666667, 0.8723291621610013, '03:24']
[9, 0.4209147095680237, 0.33770665526390076, 0.8711666464805603, 0.8711666666666666, 0.8712779866594424, '03:24']
[10, 0.39034444093704224, 0.3208857476711273, 0.8805000185966492, 0.8805, 0.8785917012989491, '03:25']
[11, 0.38719630241394043, 0.31664329767227173, 0.8796666860580444, 0.8796666666666667, 0.8796278231189365, '03:25']
[12, 0.37441807985305786, 0.30727022886276245, 0.8838333487510681, 0.8838333333333332, 0.8835162056209123, '03:25']
[13, 0.36968541145324707, 0.3023432195186615, 0.8871666789054871, 0.8871666666666667, 0.8872319373042485, '03:24']
[14, 0.35522955656051636, 0.29864150285720825, 0.887416660785675, 0.8874166666666667, 0.8868613825189442, '03:25']
[15, 0.34878528118133545, 0.29669880867004395, 0.8868333101272583, 0.8868333333333334, 0.8869607630147616, '03:24']
[16, 0.3311424255371094, 0.30117687582969666, 0.8862500190734863, 0.8862500000000001, 0.883868757752386, '03:31']
[17, 0.33115696907043457, 0.29372474551200867, 0.8895000219345093, 0.8895, 0.8892323179724594, '03:25']
[18, 0.31766968965530396, 0.29453185200691223, 0.887416660785675, 0.8874166666666667, 0.886337544483597, '03:25']
[19, 0.3118355870246887, 0.2903852164745331, 0.8916666507720947, 0.8916666666666668, 0.8917886700404674, '03:25']
[20, 0.3234356641769409, 0.28494927287101746, 0.8928333520889282, 0.8928333333333333, 0.8922923493420407, '03:26']
[21, 0.2891063094139099, 0.28626754879951477, 0.893833339214325, 0.8938333333333333, 0.8934047892159735, '03:25']
[22, 0.29820191860198975, 0.2820926606655121, 0.8950833082199097, 0.8950833333333333, 0.8946873535144704, '03:25']
[23, 0.2909447252750397, 0.2785528004169464, 0.8970000147819519, 0.8969999999999999, 0.8968746771761065, '03:25']
[24, 0.3030618727207184, 0.27975982427597046, 0.8967499732971191, 0.8967499999999999, 0.8962908741593225, '03:25']
[25, 0.2712249457836151, 0.28046324849128723, 0.8959166407585144, 0.8959166666666667, 0.8954777378921432, '03:27']
[26, 0.2844155430793762, 0.2803736627101898, 0.8955833315849304, 0.8955833333333333, 0.8952904027383166, '03:27']
[27, 0.2869666516780853, 0.280556857585907, 0.8952500224113464, 0.8952500000000001, 0.8948031551404476, '03:26']
[28, 0.28149184584617615, 0.2787930369377136, 0.8961666822433472, 0.8961666666666666, 0.8956925237081668, '03:26']
No improvement since epoch 23: early stopping

Tiempo de entrenamiento: 6025.36 segundos
/mnt/homeGPU/haoweihu/TFG/lib/python3.10/site-packages/fastai/learner.py:455: UserWarning: load_learner` uses Python's insecure pickle module, which can execute malicious arbitrary code when loading. Only load files you trust.
If you only need to load model weights and optimizer state, use the safe `Learner.load` instead.
  warn("load_learner` uses Python's insecure pickle module, which can execute malicious arbitrary code when loading. Only load files you trust.\nIf you only need to load model weights and optimizer state, use the safe `Learner.load` instead.")
Loss (valid): 0.2788
Accuracy (valid): 0.8962
Recall (valid): 0.8962
F1-Score (valid): 0.8957
/mnt/homeGPU/haoweihu/TFG/lib/python3.10/site-packages/torchvision/models/_utils.py:208: UserWarning: The parameter 'pretrained' is deprecated since 0.13 and may be removed in the future, please use 'weights' instead.
  warnings.warn(
/mnt/homeGPU/haoweihu/TFG/lib/python3.10/site-packages/torchvision/models/_utils.py:223: UserWarning: Arguments other than a weight enum or `None` for 'weights' are deprecated since 0.13 and may be removed in the future. The current behavior is equivalent to passing `weights=EfficientNet_V2_S_Weights.IMAGENET1K_V1`. You can also use `weights=EfficientNet_V2_S_Weights.DEFAULT` to get the most up-to-date weights.
  warnings.warn(msg)
Loss (test): 3.3361
Accuracy (test): 0.7076
Recall (test): 0.7075
F1-Score (test): 0.7083
---------------------------------------------------------------------------
Ejecutando: fmnist_90pct_effnetv2s_fps_pre_quant
---------------------------------------------------------------------------
False
Número total de imágenes en entrenamiento: 39071
Número total de imágenes en validación: 12000
Clases: ['Ankle boot', 'Bag', 'Coat', 'Dress', 'Pullover', 'Sandal', 'Shirt', 'Sneaker', 'T-shirt', 'Trouser']
weights = None
[0, 1.5953483581542969, 1.0366653203964233, 0.6277499794960022, 0.62775, 0.6242370333825109, '04:39']
[1, 1.1862488985061646, 0.7531794309616089, 0.7270833253860474, 0.7270833333333333, 0.7271375898908431, '03:40']
[2, 0.9112635850906372, 0.6436859965324402, 0.7543333172798157, 0.7543333333333334, 0.7521019578385313, '03:39']
[3, 0.7286410927772522, 0.5243409276008606, 0.8040833473205566, 0.8040833333333334, 0.8050529229765712, '03:40']
[4, 0.6075102686882019, 0.46339985728263855, 0.8225833177566528, 0.8225833333333334, 0.8207675334457765, '03:40']
[5, 0.5337960124015808, 0.39158231019973755, 0.8554999828338623, 0.8555000000000001, 0.8546307235482402, '03:40']
[6, 0.4751698672771454, 0.37379926443099976, 0.8603333234786987, 0.8603333333333334, 0.8569868887152199, '03:40']
[7, 0.43101492524147034, 0.36015215516090393, 0.8659166693687439, 0.8659166666666668, 0.866037113071671, '03:44']
[8, 0.43285804986953735, 0.31832990050315857, 0.8801666498184204, 0.8801666666666665, 0.8808341852281163, '03:43']
[9, 0.3870788812637329, 0.31355762481689453, 0.8821666836738586, 0.8821666666666668, 0.8821730212435517, '03:40']
[10, 0.3913348317146301, 0.3141443133354187, 0.8836666941642761, 0.8836666666666666, 0.8848490967391877, '03:41']
[11, 0.3930462896823883, 0.3044242560863495, 0.8871666789054871, 0.8871666666666667, 0.8869857591644921, '03:41']
[12, 0.3685333728790283, 0.29389679431915283, 0.8910833597183228, 0.8910833333333334, 0.8916528657089616, '03:40']
[13, 0.3522513806819916, 0.291086882352829, 0.8913333415985107, 0.8913333333333334, 0.8918481433351, '03:40']
[14, 0.33696699142456055, 0.28584957122802734, 0.893750011920929, 0.89375, 0.8945081883012526, '03:40']
[15, 0.3259707987308502, 0.29257577657699585, 0.89083331823349, 0.8908333333333334, 0.8908136673947972, '03:40']
[16, 0.3160204291343689, 0.2795286476612091, 0.8971666693687439, 0.8971666666666666, 0.8966426601998372, '03:41']
[17, 0.32311245799064636, 0.2799549400806427, 0.8930833339691162, 0.8930833333333332, 0.8934582101080017, '03:40']
[18, 0.31692445278167725, 0.27744197845458984, 0.8974999785423279, 0.8975, 0.8974706777491953, '03:40']
[19, 0.3070954382419586, 0.27363619208335876, 0.8988333344459534, 0.8988333333333334, 0.8989359011863162, '03:39']
[20, 0.29601168632507324, 0.2770463526248932, 0.8977500200271606, 0.8977499999999999, 0.8980250119511766, '03:40']
[21, 0.3067134618759155, 0.2720412313938141, 0.8992499709129333, 0.8992500000000001, 0.8993588228693042, '03:40']
[22, 0.2876858711242676, 0.27171221375465393, 0.8980000019073486, 0.898, 0.898543115107595, '03:40']
[23, 0.28406423330307007, 0.26914548873901367, 0.9000833630561829, 0.9000833333333335, 0.9003604527693938, '03:41']
[24, 0.266882061958313, 0.2678058445453644, 0.9003333449363708, 0.9003333333333334, 0.9006308672590588, '03:41']
[25, 0.28931766748428345, 0.2671230137348175, 0.9019166827201843, 0.9019166666666667, 0.9017474886605188, '03:40']
[26, 0.2828444838523865, 0.26788046956062317, 0.9017500281333923, 0.90175, 0.9017731708105791, '03:40']
[27, 0.2790070176124573, 0.2669355571269989, 0.9010833501815796, 0.9010833333333335, 0.9011440472729204, '03:40']
[28, 0.2715723216533661, 0.2680314779281616, 0.9010000228881836, 0.901, 0.9009535604167926, '03:41']
[29, 0.2763666808605194, 0.26702409982681274, 0.9014999866485596, 0.9015000000000001, 0.9014733978421079, '03:41']

Tiempo de entrenamiento: 6685.57 segundos
/mnt/homeGPU/haoweihu/TFG/lib/python3.10/site-packages/fastai/learner.py:455: UserWarning: load_learner` uses Python's insecure pickle module, which can execute malicious arbitrary code when loading. Only load files you trust.
If you only need to load model weights and optimizer state, use the safe `Learner.load` instead.
  warn("load_learner` uses Python's insecure pickle module, which can execute malicious arbitrary code when loading. Only load files you trust.\nIf you only need to load model weights and optimizer state, use the safe `Learner.load` instead.")
Loss (valid): 0.2670
Accuracy (valid): 0.9015
Recall (valid): 0.9015
F1-Score (valid): 0.9015
Loss (test): 3.4631
Accuracy (test): 0.7141
Recall (test): 0.7141
F1-Score (test): 0.7129
mail: cannot send message: Process exited with a non-zero status
