---------------------------------------------------------------------------
Ejecutando: r_mnist_dist5_otsu_ex1
---------------------------------------------------------------------------
Número total de imágenes en entrenamiento: 9814
Número total de imágenes en validación: 11996

Clases: ['0', '1', '2', '3', '4', '5', '6', '7', '8', '9']
[0, 1.5528154373168945, 0.838282585144043, 0.7178226113319397, 0.7130899800066535, 0.71157968328924, '01:10']
[0, 0.5636920928955078, 0.3836841583251953, 0.8781260251998901, 0.8763461620838342, 0.8765778306654495, '00:56']
[1, 0.24306319653987885, 0.27506956458091736, 0.913054347038269, 0.9121784084527025, 0.9122496235033264, '00:56']
[2, 0.11701487749814987, 0.2744748890399933, 0.9150550365447998, 0.9139586017499021, 0.9143294174993997, '00:57']
[3, 0.07075215876102448, 0.3201771676540375, 0.904884934425354, 0.903917278790531, 0.9017447638594774, '00:56']
[4, 0.06102263182401657, 0.2765117585659027, 0.918722927570343, 0.9180961864402277, 0.9180953076939398, '00:56']
[5, 0.052414096891880035, 0.24490168690681458, 0.9353951215744019, 0.9343382523427979, 0.9347313843536298, '00:57']
[6, 0.059790417551994324, 0.25999537110328674, 0.9356452226638794, 0.935095011667927, 0.9363419289651732, '00:58']
[7, 0.06863758713006973, 0.2539021670818329, 0.9376458525657654, 0.9365979112076523, 0.9370819534137613, '00:56']
[8, 0.045397866517305374, 0.20140579342842102, 0.9488162994384766, 0.9476787218516775, 0.948581465990685, '00:56']
[9, 0.04525529220700264, 0.16665463149547577, 0.9590696692466736, 0.9586547661508538, 0.9586797265542504, '00:56']
[10, 0.035308632999658585, 0.16273190081119537, 0.9576525688171387, 0.957240428339228, 0.9571679898431018, '00:56']
[11, 0.03049982711672783, 0.3369390666484833, 0.9286428689956665, 0.9287764307829057, 0.9286405090777734, '00:55']
[12, 0.028694836422801018, 0.15709242224693298, 0.961903989315033, 0.9611935722015559, 0.9616617437637431, '00:55']
[13, 0.01797950081527233, 0.1833483725786209, 0.9559853076934814, 0.9556617809993757, 0.9557091082187334, '01:02']
[14, 0.023902427405118942, 0.11333863437175751, 0.97215735912323, 0.971927698577254, 0.9719087479665498, '00:58']
[15, 0.013122900389134884, 0.19818732142448425, 0.9538179636001587, 0.9532263522883717, 0.9538316164307904, '00:56']
[16, 0.009672037325799465, 0.16444559395313263, 0.9631543755531311, 0.9620786402777499, 0.9625794995099666, '00:57']
[17, 0.009134780615568161, 0.12338059395551682, 0.9725741744041443, 0.9722691308752079, 0.9724148052907363, '00:56']
[18, 0.005814471282064915, 0.10939110815525055, 0.9743247628211975, 0.9742724225021251, 0.9740646555648069, '00:56']
[19, 0.0050237118266522884, 0.11854011565446854, 0.9734078049659729, 0.9732387333245184, 0.9732038688673491, '00:56']
[20, 0.0023949858732521534, 0.09393088519573212, 0.9794098138809204, 0.9790901205295007, 0.9792401645642757, '00:56']
[21, 0.0016897633904591203, 0.09318857640028, 0.9787428975105286, 0.9785955183836293, 0.9786406884950566, '00:56']
[22, 0.0015814629150554538, 0.10196403414011002, 0.978409469127655, 0.9782107035696944, 0.9782679784533446, '00:56']
[23, 0.0010641170665621758, 0.09238358587026596, 0.9799933433532715, 0.9797706520280369, 0.9798697418978184, '00:57']
[24, 0.00044645750313065946, 0.0860448032617569, 0.9806602001190186, 0.9805734141527017, 0.9805431340798656, '00:56']
[25, 0.000853269943036139, 0.09200699627399445, 0.9800766706466675, 0.9798703892533428, 0.9799170752938174, '00:56']
[26, 0.00021150473912712187, 0.08931048959493637, 0.9813271164894104, 0.9811060074183627, 0.981173174803691, '00:56']
[27, 0.00018255681789014488, 0.08549637347459793, 0.9819106459617615, 0.9817294218930497, 0.981786008479139, '00:56']
[28, 0.00011138464469695464, 0.08714823424816132, 0.9817439317703247, 0.9815626245600466, 0.9816137185685936, '00:56']
[29, 0.0001916991313919425, 0.08599197864532471, 0.9814104437828064, 0.9811960674212805, 0.981266807556701, '00:56']

Tiempo de entrenamiento: 1775.42 segundos
/mnt/homeGPU/haoweihu/TFG/lib/python3.10/site-packages/fastai/learner.py:455: UserWarning: load_learner` uses Python's insecure pickle module, which can execute malicious arbitrary code when loading. Only load files you trust.
If you only need to load model weights and optimizer state, use the safe `Learner.load` instead.
  warn("load_learner` uses Python's insecure pickle module, which can execute malicious arbitrary code when loading. Only load files you trust.\nIf you only need to load model weights and optimizer state, use the safe `Learner.load` instead.")
Loss: 0.0860
Accuracy: 0.9814
Recall: 0.9812
F1-Score: 0.9813
Loss: 0.07658727467060089
Accuracy: 0.9806690812110901
Recall (macro): 0.9804800529923975
F1 Score (macro): 0.9804893217077705
---------------------------------------------------------------------------
Ejecutando: r_mnist_dist5_otsu_ex2
---------------------------------------------------------------------------
Número total de imágenes en entrenamiento: 9814
Número total de imágenes en validación: 11996

Clases: ['0', '1', '2', '3', '4', '5', '6', '7', '8', '9']
[0, 1.5399560928344727, 0.8329614400863647, 0.7251583933830261, 0.7211341333840526, 0.717705121821177, '01:06']
[0, 0.5189442038536072, 0.3970143795013428, 0.8737912774085999, 0.872374178857814, 0.8721272916119733, '00:58']
[1, 0.2290927916765213, 0.31136229634284973, 0.9039679765701294, 0.9021936980699536, 0.9027183625037642, '00:58']
[2, 0.11077344417572021, 0.24841229617595673, 0.9231410622596741, 0.9219165482226854, 0.9222731842208491, '00:58']
[3, 0.06790916621685028, 0.2661892771720886, 0.9227242469787598, 0.9218718037109713, 0.9217754516254649, '00:58']
[4, 0.06951896846294403, 0.4796486496925354, 0.8798766136169434, 0.8779384025881622, 0.8794073736216964, '00:58']
[5, 0.06652315706014633, 0.1986963450908661, 0.9451484084129333, 0.9447455354717439, 0.944756381726474, '00:58']
[6, 0.061088696122169495, 0.28937825560569763, 0.9262254238128662, 0.9253774158896404, 0.9249181983998087, '00:59']
[7, 0.05269048735499382, 0.22087761759757996, 0.9451484084129333, 0.9450803049298824, 0.9448251356186, '00:58']
[8, 0.047330692410469055, 0.16707415878772736, 0.9584028124809265, 0.9582777786686822, 0.9580758315097221, '00:58']
[9, 0.0254322811961174, 0.37719088792800903, 0.9238913059234619, 0.9207477882487988, 0.9222142070925485, '00:57']
[10, 0.036169569939374924, 0.42688846588134766, 0.9073857665061951, 0.9048257236398387, 0.9074742973495749, '00:56']
[11, 0.02779300883412361, 0.18219755589962006, 0.9576525688171387, 0.9570201132318985, 0.957529731375736, '00:56']
[12, 0.02036159485578537, 0.16412505507469177, 0.9636545777320862, 0.9631387690810357, 0.9633475163395179, '00:57']
[13, 0.02034027688205242, 0.15720729529857635, 0.9647382497787476, 0.964323464341377, 0.9645260110721583, '00:56']
[14, 0.016232939437031746, 0.12030733376741409, 0.9709069728851318, 0.9708471468578612, 0.9705243636068982, '00:57']
[15, 0.0161904264241457, 0.12293078005313873, 0.9712404012680054, 0.971110540852998, 0.9710529653252868, '00:57']
[16, 0.011769549921154976, 0.10591953247785568, 0.9747415781021118, 0.9746542727744609, 0.9745932430093992, '00:56']
[17, 0.008399616926908493, 0.12167959660291672, 0.972074031829834, 0.9721030071501268, 0.9719010351824326, '00:56']
[18, 0.005560064688324928, 0.10263148695230484, 0.9761587381362915, 0.976016674302115, 0.9759235249840306, '00:57']
[19, 0.004637032747268677, 0.10638076812028885, 0.9755752086639404, 0.975496516727438, 0.9754976289027735, '00:57']
[20, 0.0032574315555393696, 0.09522296488285065, 0.979659914970398, 0.9796333342109753, 0.979556927004384, '00:56']
[21, 0.0016342548187822104, 0.10126656293869019, 0.9784928560256958, 0.9784038800513626, 0.9783325585244891, '00:57']
[22, 0.00042364411638118327, 0.08397380262613297, 0.9824941754341125, 0.982379167278413, 0.9823562015801413, '00:56']
[23, 0.0006026537739671767, 0.08375944197177887, 0.9825775027275085, 0.9824681199128655, 0.9824541637006309, '00:57']
[24, 0.0002950688358396292, 0.0859425887465477, 0.9820773601531982, 0.982031073333012, 0.981974933261184, '00:57']
[25, 0.0006776329828426242, 0.09122825413942337, 0.9819939732551575, 0.9819725880409775, 0.9818444236694528, '00:57']
[26, 0.00025951163843274117, 0.0848347544670105, 0.9824941754341125, 0.9824569329124968, 0.9823533220279982, '00:57']
[27, 0.00032430532155558467, 0.08292176574468613, 0.9834111332893372, 0.9833594547342368, 0.9832829726446386, '00:56']
[28, 0.00017386744730174541, 0.08309350907802582, 0.9832444190979004, 0.983180913611301, 0.9831411495393413, '00:57']
[29, 0.00026928188162855804, 0.08206939697265625, 0.9833277463912964, 0.9832876430231208, 0.9832220839271553, '00:57']

Tiempo de entrenamiento: 1793.29 segundos
/mnt/homeGPU/haoweihu/TFG/lib/python3.10/site-packages/fastai/learner.py:455: UserWarning: load_learner` uses Python's insecure pickle module, which can execute malicious arbitrary code when loading. Only load files you trust.
If you only need to load model weights and optimizer state, use the safe `Learner.load` instead.
  warn("load_learner` uses Python's insecure pickle module, which can execute malicious arbitrary code when loading. Only load files you trust.\nIf you only need to load model weights and optimizer state, use the safe `Learner.load` instead.")
Loss: 0.0821
Accuracy: 0.9833
Recall: 0.9833
F1-Score: 0.9832
Loss: 0.07685522735118866
Accuracy: 0.9825721383094788
Recall (macro): 0.9823846684905307
F1 Score (macro): 0.9824043228339303
---------------------------------------------------------------------------
Ejecutando: r_mnist_dist5_otsu_ex3
---------------------------------------------------------------------------
Número total de imágenes en entrenamiento: 9814
Número total de imágenes en validación: 11996

Clases: ['0', '1', '2', '3', '4', '5', '6', '7', '8', '9']
[0, 1.5342457294464111, 0.8496864438056946, 0.7108202576637268, 0.705550991912108, 0.7026757380178356, '01:06']
[0, 0.5837373733520508, 0.4450080394744873, 0.8592864274978638, 0.8573743018076161, 0.8565712242866541, '00:56']
[1, 0.262273371219635, 0.3119201958179474, 0.9016338586807251, 0.9007437181739114, 0.900292539259339, '00:56']
[2, 0.12558284401893616, 0.26747265458106995, 0.9164721369743347, 0.9151958647105867, 0.9156288635593608, '00:56']
[3, 0.06996987760066986, 0.26146456599235535, 0.9218906164169312, 0.9213584624821335, 0.9208316217463869, '00:56']
[4, 0.06247765198349953, 0.25634846091270447, 0.928309440612793, 0.9271624282018666, 0.9277819606338318, '00:56']
[5, 0.07278070598840714, 0.2648817002773285, 0.926975667476654, 0.9262594902919508, 0.9269461944248804, '00:56']
[6, 0.06260900944471359, 0.2376835197210312, 0.938479483127594, 0.9383172920209238, 0.937648019147692, '00:56']
[7, 0.05694236606359482, 0.2901218831539154, 0.9277259111404419, 0.9263831962927582, 0.9269092589529373, '00:57']
[8, 0.04907699301838875, 0.17910674214363098, 0.9529009461402893, 0.9523319504017971, 0.9524456532716803, '00:56']
[9, 0.03886633738875389, 0.31003910303115845, 0.9338946342468262, 0.932286253107517, 0.9338357451180392, '00:56']
[10, 0.030123667791485786, 0.16299426555633545, 0.9594031572341919, 0.9591256688758711, 0.9589508511523345, '00:57']
[11, 0.03501385822892189, 0.1304541528224945, 0.9678226113319397, 0.9673720718886798, 0.9674518938126392, '00:56']
[12, 0.026675637811422348, 0.21420730650424957, 0.9507336020469666, 0.9499958120782314, 0.9502906236723405, '00:56']
[13, 0.025081397965550423, 0.3748238682746887, 0.9272257685661316, 0.9262126211301414, 0.9261573529571269, '00:57']
[14, 0.014229691587388515, 0.1253347098827362, 0.9719906449317932, 0.9717624311292665, 0.971705338493145, '00:57']
[15, 0.008168875239789486, 0.12699945271015167, 0.9718239307403564, 0.971302879794143, 0.9715434373971567, '00:57']
[16, 0.011138608679175377, 0.11279641836881638, 0.9749916791915894, 0.9746991541314269, 0.9749027871027562, '00:57']
[17, 0.009563907980918884, 0.12866871058940887, 0.9712404012680054, 0.9705221250829729, 0.9708769063509728, '00:57']
[18, 0.005033377557992935, 0.1097162589430809, 0.9757419228553772, 0.975516467760728, 0.9755087157472347, '00:56']
[19, 0.003432229394093156, 0.10294000059366226, 0.9758252501487732, 0.9753916202098946, 0.9755743459089367, '00:57']
[20, 0.003268616273999214, 0.11307761073112488, 0.9765755534172058, 0.9761617322671784, 0.9764322777781539, '00:56']
[21, 0.0030959562864154577, 0.10139589756727219, 0.9783260822296143, 0.978067423062883, 0.9781495633727584, '00:56']
[22, 0.001600612886250019, 0.09476236999034882, 0.978409469127655, 0.9782374587539436, 0.9782232562249259, '00:57']
[23, 0.0009593687718734145, 0.10473424941301346, 0.9769923090934753, 0.9768296607405093, 0.9768223671725144, '00:57']
[24, 0.0007000056793913245, 0.09602268040180206, 0.9788262844085693, 0.9786407300267305, 0.978651325566543, '00:57']
[25, 0.0004697634722106159, 0.09304006397724152, 0.979659914970398, 0.9794284699803486, 0.9795044838432186, '00:56']
[26, 0.0002944848092738539, 0.09178341925144196, 0.9799099564552307, 0.9796833886866972, 0.9797498751800905, '00:56']
[27, 0.0010074918391183019, 0.09203056246042252, 0.9799933433532715, 0.9797531300376601, 0.9798311820755978, '00:57']
[28, 0.0003348675090819597, 0.09146922081708908, 0.9801600575447083, 0.9798867589050125, 0.979994517198547, '00:57']
[29, 0.0003129732212983072, 0.09386476129293442, 0.979743242263794, 0.9795340637975676, 0.9796087062083585, '00:56']

Tiempo de entrenamiento: 1775.88 segundos
/mnt/homeGPU/haoweihu/TFG/lib/python3.10/site-packages/fastai/learner.py:455: UserWarning: load_learner` uses Python's insecure pickle module, which can execute malicious arbitrary code when loading. Only load files you trust.
If you only need to load model weights and optimizer state, use the safe `Learner.load` instead.
  warn("load_learner` uses Python's insecure pickle module, which can execute malicious arbitrary code when loading. Only load files you trust.\nIf you only need to load model weights and optimizer state, use the safe `Learner.load` instead.")
Loss: 0.0939
Accuracy: 0.9797
Recall: 0.9795
F1-Score: 0.9796
Loss: 0.07384427636861801
Accuracy: 0.9816706776618958
Recall (macro): 0.9815266305928525
F1 Score (macro): 0.9815820542391392
---------------------------------------------------------------------------
Ejecutando: r_mnist_dist01_otsu_ex1
---------------------------------------------------------------------------
Número total de imágenes en entrenamiento: 21714
Número total de imágenes en validación: 11996

Clases: ['0', '1', '2', '3', '4', '5', '6', '7', '8', '9']
[0, 1.1404690742492676, 0.878483235836029, 0.7069023251533508, 0.7007832274725158, 0.6990558940967192, '01:45']
[0, 0.3199796974658966, 0.3427002429962158, 0.8883794546127319, 0.8877825247531155, 0.8871329609861982, '01:30']
[1, 0.13412481546401978, 0.24252566695213318, 0.9218906164169312, 0.9212085852437919, 0.920916707660437, '01:30']
[2, 0.06313643604516983, 0.21521762013435364, 0.9339780211448669, 0.9338306084019348, 0.9334359245004636, '01:30']
[3, 0.04420667514204979, 0.25768908858299255, 0.9307268857955933, 0.930000565117771, 0.93000702199147, '01:31']
[4, 0.04716382548213005, 0.19866007566452026, 0.9463987946510315, 0.9459314248616616, 0.9452924034071841, '01:30']
[5, 0.05541444197297096, 0.1926812380552292, 0.9493998289108276, 0.949030260548437, 0.948596361572883, '01:30']
[6, 0.04638185724616051, 0.1444365531206131, 0.9632377624511719, 0.9630279856888849, 0.9628110063191103, '01:31']
[7, 0.03200722858309746, 0.17901332676410675, 0.9534011483192444, 0.9528940861927249, 0.9526239357934164, '01:30']
[8, 0.03634744882583618, 0.3732411563396454, 0.9153884649276733, 0.9141520479970511, 0.9121935559957859, '01:30']
[9, 0.03255266323685646, 0.21895645558834076, 0.9459819793701172, 0.9462376682819901, 0.9457416026035173, '01:30']
[10, 0.025102781131863594, 0.12113840878009796, 0.9694898128509521, 0.9691454429042906, 0.9691343734997193, '01:31']
[11, 0.017806975170969963, 0.10499115288257599, 0.9757419228553772, 0.975551122492678, 0.9755386688094466, '01:31']
[12, 0.01943930797278881, 0.11467498540878296, 0.9728242754936218, 0.9726946739699436, 0.9724791589984164, '01:30']
[13, 0.008761823177337646, 0.09830338507890701, 0.9769089818000793, 0.9769588704627739, 0.9767933466840131, '01:30']
[14, 0.009034045040607452, 0.10776344686746597, 0.9771590232849121, 0.9771765938205104, 0.9770990742530413, '01:31']
[15, 0.003913818392902613, 0.08244547992944717, 0.9815772175788879, 0.9815628644871943, 0.9814246455817743, '01:30']
[16, 0.00733580207452178, 0.11100126802921295, 0.975908637046814, 0.975673503479989, 0.9758157234075714, '01:30']
[17, 0.0032148153986781836, 0.080295130610466, 0.9824941754341125, 0.9824641551197768, 0.9823719478366802, '01:33']
[18, 0.00878338422626257, 0.09441918879747391, 0.979659914970398, 0.979593977510287, 0.9794513811402761, '01:30']
[19, 0.005647447891533375, 0.07996775209903717, 0.9799933433532715, 0.9797248774261584, 0.9799354830398869, '01:30']
[20, 0.0011800805805251002, 0.07294435054063797, 0.9834945201873779, 0.983432112184578, 0.9833715449206067, '01:30']
[21, 0.0010345466434955597, 0.07241898775100708, 0.9839946627616882, 0.9838988125286935, 0.983857075130298, '01:30']
[22, 0.0009357468807138503, 0.0701308399438858, 0.9839946627616882, 0.9839055945197346, 0.9838762231963563, '01:30']
[23, 0.0003767523739952594, 0.07546801120042801, 0.984078049659729, 0.984041918144556, 0.9839660402805036, '01:30']
[24, 0.0005787343834526837, 0.06520422548055649, 0.9852451086044312, 0.9851039265084183, 0.9851567985405705, '01:30']
[25, 0.00032756468863226473, 0.06408368051052094, 0.9863287806510925, 0.9862257563691201, 0.986251553836554, '01:31']
[26, 8.089574839686975e-05, 0.06233474239706993, 0.9867455959320068, 0.9866482048171322, 0.9866723827983565, '01:30']
[27, 0.00014697985898237675, 0.06425881385803223, 0.9859119653701782, 0.985828959487255, 0.985835154705082, '01:30']
[28, 4.558368891594e-05, 0.06484215706586838, 0.9854118227958679, 0.9853402405984589, 0.9853044150815776, '01:30']
[29, 8.600129513069987e-05, 0.0645468458533287, 0.9858286380767822, 0.9857651568879875, 0.9857297977289186, '01:30']

Tiempo de entrenamiento: 2831.34 segundos
/mnt/homeGPU/haoweihu/TFG/lib/python3.10/site-packages/fastai/learner.py:455: UserWarning: load_learner` uses Python's insecure pickle module, which can execute malicious arbitrary code when loading. Only load files you trust.
If you only need to load model weights and optimizer state, use the safe `Learner.load` instead.
  warn("load_learner` uses Python's insecure pickle module, which can execute malicious arbitrary code when loading. Only load files you trust.\nIf you only need to load model weights and optimizer state, use the safe `Learner.load` instead.")
Loss: 0.0645
Accuracy: 0.9858
Recall: 0.9858
F1-Score: 0.9857
Loss: 0.06045617163181305
Accuracy: 0.9862780570983887
Recall (macro): 0.9861656530770908
F1 Score (macro): 0.986205380123155
---------------------------------------------------------------------------
Ejecutando: r_mnist_dist01_otsu_ex2
---------------------------------------------------------------------------
Número total de imágenes en entrenamiento: 21714
Número total de imágenes en validación: 11996

Clases: ['0', '1', '2', '3', '4', '5', '6', '7', '8', '9']
[0, 1.0258259773254395, 0.7846739292144775, 0.7430810332298279, 0.7386017401197972, 0.7372655146581326, '01:42']
[0, 0.2727123498916626, 0.3053581714630127, 0.9039679765701294, 0.9022172027704828, 0.9023385661763067, '01:30']
[1, 0.10847117006778717, 0.21548552811145782, 0.9314771294593811, 0.9311796032708652, 0.9308281342270621, '01:30']
[2, 0.058403853327035904, 0.18143276870250702, 0.9415638446807861, 0.9408396269331766, 0.9410074940118476, '01:30']
[3, 0.04734440892934799, 0.19936980307102203, 0.944731593132019, 0.94396240599417, 0.9436286918134027, '01:30']
[4, 0.046281322836875916, 0.4698055386543274, 0.8806268572807312, 0.8771439342210708, 0.8785254785971555, '01:29']
[5, 0.046180978417396545, 0.16609254479408264, 0.9567355513572693, 0.956480998400451, 0.9566550323534354, '01:30']
[6, 0.03584199398756027, 0.12831233441829681, 0.9664888381958008, 0.9660054714706481, 0.9661844935199495, '01:30']
[7, 0.03204059228301048, 0.13882870972156525, 0.963821291923523, 0.963715608937688, 0.9634406670890735, '01:30']
[8, 0.029473882168531418, 0.13241130113601685, 0.9674891829490662, 0.9674304335478858, 0.9672542840164171, '01:29']
[9, 0.026224592700600624, 0.1676132082939148, 0.9591530561447144, 0.9588992654276687, 0.9585676301043803, '01:30']
[10, 0.021964775398373604, 0.10413571447134018, 0.9749916791915894, 0.9749678837137534, 0.9747128046991251, '01:29']
[11, 0.015240020118653774, 0.11643917113542557, 0.972074031829834, 0.9716661787458246, 0.9719538236168438, '01:29']
[12, 0.01648978888988495, 0.10985974967479706, 0.9739079475402832, 0.973662393966314, 0.9738323585419902, '01:30']
[13, 0.013889782130718231, 0.10899156332015991, 0.9739079475402832, 0.973672162518237, 0.9737563976286499, '01:30']
[14, 0.010534249246120453, 0.10536971688270569, 0.9769089818000793, 0.9767983210721001, 0.976715387318268, '01:30']
[15, 0.009005303494632244, 0.08386142551898956, 0.9816605448722839, 0.9815742617881333, 0.9815463076127701, '01:30']
[16, 0.004984116647392511, 0.0861569195985794, 0.9810770153999329, 0.9809573630659898, 0.9809212689179747, '01:30']
[17, 0.004319454077631235, 0.09264599531888962, 0.9814104437828064, 0.9812918060632073, 0.9813209849035133, '01:30']
[18, 0.0022366910707205534, 0.09243331104516983, 0.9817439317703247, 0.9815734304414565, 0.9816256606394422, '01:30']
[19, 0.002481406554579735, 0.08616965264081955, 0.9826608896255493, 0.9826113041404977, 0.9825944232020858, '01:30']
[20, 0.001757651916705072, 0.08658904582262039, 0.9820773601531982, 0.9820114942246821, 0.9819593063165655, '01:30']
No improvement since epoch 15: early stopping

Tiempo de entrenamiento: 2000.07 segundos
/mnt/homeGPU/haoweihu/TFG/lib/python3.10/site-packages/fastai/learner.py:455: UserWarning: load_learner` uses Python's insecure pickle module, which can execute malicious arbitrary code when loading. Only load files you trust.
If you only need to load model weights and optimizer state, use the safe `Learner.load` instead.
  warn("load_learner` uses Python's insecure pickle module, which can execute malicious arbitrary code when loading. Only load files you trust.\nIf you only need to load model weights and optimizer state, use the safe `Learner.load` instead.")
Loss: 0.0866
Accuracy: 0.9821
Recall: 0.9820
F1-Score: 0.9820
Loss: 0.08030963689088821
Accuracy: 0.9849759340286255
Recall (macro): 0.9848371789139685
F1 Score (macro): 0.9848525434011941
---------------------------------------------------------------------------
Ejecutando: r_mnist_dist01_otsu_ex3
---------------------------------------------------------------------------
Número total de imágenes en entrenamiento: 21714
Número total de imágenes en validación: 11996

Clases: ['0', '1', '2', '3', '4', '5', '6', '7', '8', '9']
[0, 1.1108628511428833, 0.7978313565254211, 0.7318272590637207, 0.7274421980123292, 0.7247253122503947, '01:43']
[0, 0.32703691720962524, 0.29776111245155334, 0.9099699854850769, 0.9092180374748103, 0.9090448330245972, '01:30']
[1, 0.12950988113880157, 0.2238403558731079, 0.9333944916725159, 0.9328938265892747, 0.9326272320066262, '01:30']
[2, 0.059173185378313065, 0.21440264582633972, 0.9373958110809326, 0.9365080554646124, 0.9370867784393393, '01:30']
[3, 0.045581087470054626, 0.1994107961654663, 0.9450650215148926, 0.9448587668589035, 0.9445648989681606, '01:30']
[4, 0.05452410504221916, 0.22271722555160522, 0.9434811472892761, 0.9429304631908714, 0.9428060203774962, '01:30']
[5, 0.04183720797300339, 0.23077420890331268, 0.9400633573532104, 0.9393509601406395, 0.9397395000194079, '01:30']
[6, 0.038497015833854675, 0.2393551617860794, 0.9387295842170715, 0.9375965332421154, 0.9381965643039397, '01:30']
[7, 0.035152118653059006, 0.12237218767404556, 0.9687395691871643, 0.9685530738954558, 0.9687268642792415, '01:30']
[8, 0.03792359307408333, 0.1403266191482544, 0.9673224687576294, 0.9670118374580395, 0.9672108763234837, '01:30']
[9, 0.029779743403196335, 0.1186511442065239, 0.9700733423233032, 0.9697479639860662, 0.9699188904822365, '01:30']
[10, 0.024268800392746925, 0.11777258664369583, 0.9712404012680054, 0.9713307879892833, 0.9712674643735577, '01:30']
[11, 0.019594090059399605, 0.10993515700101852, 0.9754084944725037, 0.9753844848236308, 0.9753686077821222, '01:30']
[12, 0.009733784943819046, 0.10029539465904236, 0.976492166519165, 0.9762973106050362, 0.976328559480683, '01:30']
[13, 0.015342770144343376, 0.09639573097229004, 0.9769923090934753, 0.9768454292900653, 0.976941851116351, '01:29']
[14, 0.00987094547599554, 0.09687884896993637, 0.9789096117019653, 0.979023292654702, 0.9788707357929392, '01:30']
[15, 0.010335343889892101, 0.10246890038251877, 0.9783260822296143, 0.9781879076106831, 0.9782804961550753, '01:30']
[16, 0.00829057302325964, 0.09595917165279388, 0.9785761833190918, 0.9785583391992347, 0.9784597450172925, '01:30']
[17, 0.00261076376773417, 0.08357621729373932, 0.9819939732551575, 0.9819635193963846, 0.9819397981072457, '01:30']
[18, 0.0042409333400428295, 0.10167212784290314, 0.978409469127655, 0.9783786791434015, 0.9782609169054929, '01:30']
[19, 0.0036487411707639694, 0.09770256280899048, 0.9788262844085693, 0.9786747948610486, 0.9787906012367455, '01:30']
[20, 0.0012983559863641858, 0.08060357719659805, 0.9825775027275085, 0.9824701848461472, 0.9826261711606825, '01:28']
[21, 0.001328229089267552, 0.08312766999006271, 0.9819106459617615, 0.9818957130969966, 0.9818362052545098, '01:29']
[22, 0.0012358526000753045, 0.07481419295072556, 0.9830777049064636, 0.9830338573347456, 0.9829856999677459, '01:29']
[23, 0.0006977228913456202, 0.07285702228546143, 0.9837445616722107, 0.9836967943584142, 0.9836705817041486, '01:29']
[24, 0.0002396779746050015, 0.07163156569004059, 0.9848282933235168, 0.9848478264046125, 0.9847891320170449, '01:28']
[25, 0.0001875414018286392, 0.07159397006034851, 0.9853284358978271, 0.9853047909279736, 0.9852955984383801, '01:28']
[26, 0.00017038683290593326, 0.07046090811491013, 0.9856618642807007, 0.9856512090776505, 0.9856382985020444, '01:28']
[27, 9.164180664811283e-05, 0.06994602829217911, 0.9854951500892639, 0.9854872659713001, 0.9854460824768297, '01:28']
[28, 8.209997758967802e-05, 0.06972847133874893, 0.9862453937530518, 0.9862296372186454, 0.9862539600939841, '01:28']
[29, 0.0001141527682193555, 0.06904160231351852, 0.9861620664596558, 0.9861625802528652, 0.9861308858818129, '01:28']

Tiempo de entrenamiento: 2799.97 segundos
/mnt/homeGPU/haoweihu/TFG/lib/python3.10/site-packages/fastai/learner.py:455: UserWarning: load_learner` uses Python's insecure pickle module, which can execute malicious arbitrary code when loading. Only load files you trust.
If you only need to load model weights and optimizer state, use the safe `Learner.load` instead.
  warn("load_learner` uses Python's insecure pickle module, which can execute malicious arbitrary code when loading. Only load files you trust.\nIf you only need to load model weights and optimizer state, use the safe `Learner.load` instead.")
Loss: 0.0690
Accuracy: 0.9862
Recall: 0.9862
F1-Score: 0.9861
Loss: 0.056589774787425995
Accuracy: 0.9870793223381042
Recall (macro): 0.98701942406733
F1 Score (macro): 0.9869908874011084
mail: cannot send message: Process exited with a non-zero status
