---------------------------------------------------------------------------
Ejecutando: mnist_dist1_quant3_ex1
---------------------------------------------------------------------------
Número total de imágenes en entrenamiento: 10622
Número total de imágenes en validación: 11996

Clases: ['0', '1', '2', '3', '4', '5', '6', '7', '8', '9']
[0, 1.7116270065307617, 0.8718569278717041, 0.7099032998085022, 0.7058648114184747, 0.7013672001919475, '01:21']
[0, 0.6302452683448792, 0.4150133728981018, 0.8670390248298645, 0.8642938418382924, 0.8645786509542395, '01:00']
[1, 0.2778775990009308, 0.36474865674972534, 0.8856285214424133, 0.8830502647014411, 0.8832073533689598, '00:59']
[2, 0.1321190744638443, 0.31585806608200073, 0.9046348929405212, 0.9033298204850799, 0.9038638027077897, '01:00']
[3, 0.08587341010570526, 0.28392544388771057, 0.9189729690551758, 0.9182492105292652, 0.9174844936823267, '00:59']
[4, 0.06882820278406143, 0.3434494137763977, 0.9095531702041626, 0.9091590839742658, 0.9087639702673249, '00:59']
[5, 0.07949069887399673, 0.8975626826286316, 0.8080193400382996, 0.8092826425589333, 0.8147046568902614, '00:59']
[6, 0.06356734037399292, 0.8793789148330688, 0.8131043910980225, 0.8095210690397782, 0.8035320667675355, '00:59']
[7, 0.057578958570957184, 0.22523537278175354, 0.9400633573532104, 0.9397149927689868, 0.939254274548403, '00:59']
[8, 0.056335922330617905, 0.3205825388431549, 0.9239746332168579, 0.9228397143744063, 0.9228038974330737, '01:00']
[9, 0.035342153161764145, 0.18488134443759918, 0.9497332572937012, 0.9490364516484192, 0.9492202348494498, '00:59']
[10, 0.03190087154507637, 0.19287610054016113, 0.9554851651191711, 0.9547644574144367, 0.9548850466365162, '00:59']
[11, 0.02969292178750038, 0.3319985270500183, 0.9218906164169312, 0.9202678430290276, 0.92049681390675, '01:00']
[12, 0.022848915308713913, 0.5720032453536987, 0.8792930841445923, 0.8778891520742622, 0.8842732699772509, '00:59']
[13, 0.019743015989661217, 0.3212759494781494, 0.9315605163574219, 0.9299659815334304, 0.9303953211315132, '00:59']
[14, 0.010754643008112907, 0.13909591734409332, 0.9685728549957275, 0.9679053059742015, 0.968269951933609, '00:59']
[15, 0.013115582056343555, 0.1502550095319748, 0.9651550650596619, 0.9647871222782198, 0.964722759376056, '01:00']
[16, 0.011509450152516365, 0.13968132436275482, 0.9688229560852051, 0.9682671342898654, 0.9684329936625693, '00:59']
[17, 0.006491398438811302, 0.15157610177993774, 0.9654884934425354, 0.9647691731017618, 0.964978676178388, '01:00']
[18, 0.00814695656299591, 0.16304795444011688, 0.9633210897445679, 0.9627164887951869, 0.9627474385608394, '01:00']
[19, 0.0015823111170902848, 0.09455274045467377, 0.978409469127655, 0.9781414122349906, 0.9781742431538406, '00:59']
[20, 0.0018906075274571776, 0.10361646860837936, 0.9777425527572632, 0.9774707678495238, 0.9774426990698364, '01:00']
[21, 0.001446623937226832, 0.10015921294689178, 0.979743242263794, 0.9795036359822452, 0.9795243046012463, '01:00']
[22, 0.001139983767643571, 0.09752005338668823, 0.979659914970398, 0.9793577718825741, 0.9793809179539881, '01:00']
[23, 0.0006045918562449515, 0.09112785756587982, 0.9804934859275818, 0.980168417527751, 0.9802351436077406, '01:00']
[24, 0.00018064248433802277, 0.08678064495325089, 0.982244074344635, 0.9820240628592793, 0.9820204153000199, '01:00']
[25, 0.00024066874175332487, 0.08571087568998337, 0.9812437295913696, 0.9810172050092536, 0.9810134889674025, '00:59']
[26, 0.00019071920542046428, 0.08224383741617203, 0.9820773601531982, 0.9818963773400803, 0.9818216216223596, '01:00']
[27, 0.0004683161969296634, 0.08409632742404938, 0.9824107885360718, 0.9822077823193002, 0.9821782676707957, '01:00']
[28, 0.0001585476566106081, 0.08285029977560043, 0.9820773601531982, 0.9818631672949925, 0.9818641213927336, '00:59']
[29, 9.13475378183648e-05, 0.08406905084848404, 0.982160747051239, 0.9819206619192566, 0.9819442669016839, '01:00']

Tiempo de entrenamiento: 1881.75 segundos
/mnt/homeGPU/haoweihu/TFG/lib/python3.10/site-packages/fastai/learner.py:455: UserWarning: load_learner` uses Python's insecure pickle module, which can execute malicious arbitrary code when loading. Only load files you trust.
If you only need to load model weights and optimizer state, use the safe `Learner.load` instead.
  warn("load_learner` uses Python's insecure pickle module, which can execute malicious arbitrary code when loading. Only load files you trust.\nIf you only need to load model weights and optimizer state, use the safe `Learner.load` instead.")
Loss: 0.0841
Accuracy: 0.9822
Recall: 0.9819
F1-Score: 0.9819
Loss: 0.06913378834724426
Accuracy: 0.9841746687889099
Recall (macro): 0.9839440148627325
F1 Score (macro): 0.9839504229949367
---------------------------------------------------------------------------
Ejecutando: mnist_dist1_quant3_ex2
---------------------------------------------------------------------------
Número total de imágenes en entrenamiento: 10622
Número total de imágenes en validación: 11996

Clases: ['0', '1', '2', '3', '4', '5', '6', '7', '8', '9']
[0, 1.7409915924072266, 0.8954848647117615, 0.7037345767021179, 0.6967307462929508, 0.6943029640516215, '01:09']
[0, 0.6050113439559937, 0.4125974476337433, 0.8690396547317505, 0.8669779193677533, 0.8670257954331178, '00:59']
[1, 0.2623995244503021, 0.28704673051834106, 0.9114704728126526, 0.9102245984909303, 0.9105455761869508, '00:59']
[2, 0.12258253991603851, 0.2669666111469269, 0.9201400279998779, 0.919319032937701, 0.9192256498245159, '01:00']
[3, 0.07243768125772476, 0.4116169512271881, 0.8854618072509766, 0.885809965129237, 0.8813664635997422, '00:59']
[4, 0.07046546787023544, 0.2561056911945343, 0.9265588521957397, 0.9261220377770412, 0.9259742943990554, '01:00']
[5, 0.0733085349202156, 0.24228321015834808, 0.9343947768211365, 0.9340179883284717, 0.9339092609924495, '00:59']
[6, 0.05659564584493637, 0.28872790932655334, 0.9253917932510376, 0.924736036362745, 0.9237520113235848, '01:00']
[7, 0.07022380828857422, 0.23971188068389893, 0.9388129115104675, 0.9375371488904337, 0.9384391684842237, '01:00']
[8, 0.03877383470535278, 0.16476720571517944, 0.9570690393447876, 0.956708679753578, 0.9568212146929824, '00:59']
[9, 0.03701537847518921, 0.17860624194145203, 0.9558185935020447, 0.9543311282141189, 0.9547748043173847, '00:59']
[10, 0.038574621081352234, 0.1762923002243042, 0.956235408782959, 0.9553125324657813, 0.9560132111838586, '00:59']
[11, 0.029384950175881386, 0.23366563022136688, 0.9433978199958801, 0.9423446658200489, 0.9429008380560558, '01:00']
[12, 0.020523173734545708, 0.33364173769950867, 0.9243081212043762, 0.924051843013402, 0.9225585356182648, '00:59']
[13, 0.014937100000679493, 0.13705001771450043, 0.96832275390625, 0.968081438162622, 0.9680988555879001, '00:59']
[14, 0.02763047069311142, 0.17927423119544983, 0.9572357535362244, 0.9566669719316092, 0.9567852427289457, '00:59']
[15, 0.011678480543196201, 0.21324831247329712, 0.9533177614212036, 0.9526089738632594, 0.9518825398474314, '01:00']
[16, 0.008299754932522774, 0.2010720670223236, 0.9579026103019714, 0.9577911345679488, 0.957251887874415, '01:00']
[17, 0.008421420119702816, 0.10297521203756332, 0.9760753512382507, 0.9759953722683701, 0.9758885591602932, '01:00']
[18, 0.003061841242015362, 0.09364940226078033, 0.9767422676086426, 0.9765854685136499, 0.9765604608079845, '00:59']
[19, 0.003611933905631304, 0.1210886612534523, 0.9742414355278015, 0.974171049150816, 0.9740591495604513, '00:59']
[20, 0.0026287694927304983, 0.08569444715976715, 0.9799099564552307, 0.9796772112309722, 0.9797472945598343, '01:01']
[21, 0.003403671085834503, 0.07956767827272415, 0.9799933433532715, 0.9798116037360065, 0.9798564596818633, '01:00']
[22, 0.000977099291048944, 0.07610277086496353, 0.9825775027275085, 0.9824270883830348, 0.9824160593064366, '00:59']
[23, 0.00047224227455444634, 0.07920482754707336, 0.9824941754341125, 0.9823667945883698, 0.9823211254960912, '00:59']
[24, 0.0013089709682390094, 0.07224319130182266, 0.9836612343788147, 0.9835366202622241, 0.9835206053349621, '00:59']
[25, 0.0005652424297295511, 0.07171077281236649, 0.9834111332893372, 0.9833005066009836, 0.9832806262348882, '01:01']
[26, 0.0004955994663760066, 0.07282307744026184, 0.9836612343788147, 0.9834737355038993, 0.9835167845108763, '01:00']
[27, 0.0002867784060072154, 0.07427297532558441, 0.9832444190979004, 0.9830558536137918, 0.9831108235959475, '01:00']
[28, 6.417472468456253e-05, 0.07184522598981857, 0.9839946627616882, 0.9838455011868807, 0.9838558255584644, '00:59']
[29, 0.00021003199799451977, 0.07280039042234421, 0.9836612343788147, 0.9834873936873519, 0.9835279751937257, '01:00']

Tiempo de entrenamiento: 1873.22 segundos
/mnt/homeGPU/haoweihu/TFG/lib/python3.10/site-packages/fastai/learner.py:455: UserWarning: load_learner` uses Python's insecure pickle module, which can execute malicious arbitrary code when loading. Only load files you trust.
If you only need to load model weights and optimizer state, use the safe `Learner.load` instead.
  warn("load_learner` uses Python's insecure pickle module, which can execute malicious arbitrary code when loading. Only load files you trust.\nIf you only need to load model weights and optimizer state, use the safe `Learner.load` instead.")
Loss: 0.0728
Accuracy: 0.9837
Recall: 0.9835
F1-Score: 0.9835
Loss: 0.06170542538166046
Accuracy: 0.9848757982254028
Recall (macro): 0.984697663811201
F1 Score (macro): 0.984804325211775
---------------------------------------------------------------------------
Ejecutando: mnist_dist1_quant3_ex3
---------------------------------------------------------------------------
Número total de imágenes en entrenamiento: 10622
Número total de imágenes en validación: 11996

Clases: ['0', '1', '2', '3', '4', '5', '6', '7', '8', '9']
[0, 1.691320538520813, 0.8761458992958069, 0.7117372751235962, 0.7059535109419265, 0.7015187663610989, '01:15']
[0, 0.6073354482650757, 0.402627170085907, 0.8685395121574402, 0.8663558109544042, 0.8673330451683002, '01:00']
[1, 0.23701117932796478, 0.30623650550842285, 0.9044681787490845, 0.9036246984264882, 0.9033008904657163, '01:00']
[2, 0.12049920856952667, 0.2854170501232147, 0.914388120174408, 0.9129738082684831, 0.9133976651277566, '01:00']
[3, 0.07567744702100754, 0.44019192457199097, 0.881293773651123, 0.877740185439919, 0.8806732674982584, '01:00']
[4, 0.06042536348104477, 0.3478740155696869, 0.9045515060424805, 0.9021686899844852, 0.9024574592633312, '00:59']
[5, 0.07269252836704254, 0.3414863348007202, 0.9120540022850037, 0.9106760455746267, 0.9118297409297933, '01:00']
[6, 0.06082216650247574, 0.4634071886539459, 0.8930476903915405, 0.8885749800030309, 0.8879862711843547, '00:59']
[7, 0.06072038412094116, 0.4232894480228424, 0.9018839597702026, 0.8975611944410392, 0.895374630172452, '01:01']
No improvement since epoch 2: early stopping

Tiempo de entrenamiento: 559.24 segundos
/mnt/homeGPU/haoweihu/TFG/lib/python3.10/site-packages/fastai/learner.py:455: UserWarning: load_learner` uses Python's insecure pickle module, which can execute malicious arbitrary code when loading. Only load files you trust.
If you only need to load model weights and optimizer state, use the safe `Learner.load` instead.
  warn("load_learner` uses Python's insecure pickle module, which can execute malicious arbitrary code when loading. Only load files you trust.\nIf you only need to load model weights and optimizer state, use the safe `Learner.load` instead.")
Loss: 0.4233
Accuracy: 0.9019
Recall: 0.8976
F1-Score: 0.8954
Loss: 0.3809397518634796
Accuracy: 0.9109575152397156
Recall (macro): 0.9065141867656218
F1 Score (macro): 0.9048309017451356
---------------------------------------------------------------------------
Ejecutando: mnist_dist5_quant3_ex1
---------------------------------------------------------------------------
Número total de imágenes en entrenamiento: 9814
Número total de imágenes en validación: 11996

Clases: ['0', '1', '2', '3', '4', '5', '6', '7', '8', '9']
[0, 1.6215529441833496, 0.8841137886047363, 0.7151550650596619, 0.7089335366702894, 0.7068426366594321, '01:14']
[0, 0.6084821224212646, 0.41007792949676514, 0.8697065711021423, 0.8687774003644279, 0.867284894955452, '00:58']
[1, 0.2701092064380646, 0.25854548811912537, 0.9198065996170044, 0.918578595861997, 0.9190159007359744, '00:57']
[2, 0.12791500985622406, 0.359279602766037, 0.8923807740211487, 0.89056172631854, 0.892921006394465, '00:59']
[3, 0.07088325917720795, 0.22765643894672394, 0.9337279200553894, 0.9325114522540987, 0.933319667055058, '00:58']
[4, 0.06214296817779541, 0.3043549656867981, 0.9176391959190369, 0.9171723946349161, 0.9172807185853943, '01:01']
[5, 0.07953543961048126, 0.27329325675964355, 0.926392138004303, 0.9259783238926509, 0.9274825742627911, '01:06']
[6, 0.061961062252521515, 0.49019086360931396, 0.890880286693573, 0.8876728820822848, 0.8895107779688486, '01:04']
[7, 0.062478117644786835, 0.3985142409801483, 0.9046348929405212, 0.9021146385776986, 0.9046614187298321, '01:05']
[8, 0.042598653584718704, 0.16513174772262573, 0.9578192830085754, 0.9569846352857633, 0.9574959041214492, '01:05']
[9, 0.03609220311045647, 0.23145534098148346, 0.942314088344574, 0.9421933421565875, 0.9418766494728732, '01:05']
[10, 0.031020967289805412, 0.3512110114097595, 0.9178059101104736, 0.9163848874197018, 0.9152513758296299, '01:06']
[11, 0.03517282381653786, 0.2320760190486908, 0.9478159546852112, 0.9471244927568812, 0.9490115124753216, '01:05']
[12, 0.020740870386362076, 0.11032328009605408, 0.9719073176383972, 0.9716262163278291, 0.9716558280946114, '01:05']
[13, 0.015300403349101543, 0.11437281221151352, 0.9709069728851318, 0.9703241086712406, 0.970667821336837, '01:06']
[14, 0.018124589696526527, 0.18552018702030182, 0.9573190808296204, 0.9569046460799276, 0.9571914237608665, '01:05']
[15, 0.011709603480994701, 0.37209680676460266, 0.9298933148384094, 0.9275365806707686, 0.9309356509715425, '01:06']
[16, 0.011245505884289742, 0.11042719334363937, 0.9734078049659729, 0.9732025716997519, 0.9731324038004896, '01:05']
[17, 0.00719625735655427, 0.10216498374938965, 0.9774091243743896, 0.9773835552880781, 0.9772982750300907, '01:05']
[18, 0.004126331303268671, 0.10339826345443726, 0.975908637046814, 0.975695207752573, 0.9757028585834251, '01:07']
[19, 0.007352010812610388, 0.12123389542102814, 0.9723241329193115, 0.9720333457950039, 0.9720953449048544, '01:12']
[20, 0.003412635298445821, 0.1002553328871727, 0.9791597127914429, 0.9789106825416954, 0.9790163221681146, '01:14']
[21, 0.0028126731049269438, 0.09080556035041809, 0.9813271164894104, 0.9811682775213544, 0.9812313632406173, '01:15']
[22, 0.0007620739052072167, 0.09304889291524887, 0.9802433848381042, 0.9800035650188335, 0.9801427510374374, '01:15']
[23, 0.001369339763186872, 0.09751018136739731, 0.9800766706466675, 0.9799651671672258, 0.979979875193834, '01:22']
[24, 0.001186889479868114, 0.09930286556482315, 0.9794098138809204, 0.9792482249305274, 0.9792729684905723, '01:17']
[25, 0.0006669923895969987, 0.09664564579725266, 0.9808269143104553, 0.9806640092959572, 0.9807360132578511, '01:18']
[26, 0.00031608526478521526, 0.09550836682319641, 0.9811604022979736, 0.9810187634732875, 0.9810814998878762, '01:19']
No improvement since epoch 21: early stopping

Tiempo de entrenamiento: 1906.14 segundos
/mnt/homeGPU/haoweihu/TFG/lib/python3.10/site-packages/fastai/learner.py:455: UserWarning: load_learner` uses Python's insecure pickle module, which can execute malicious arbitrary code when loading. Only load files you trust.
If you only need to load model weights and optimizer state, use the safe `Learner.load` instead.
  warn("load_learner` uses Python's insecure pickle module, which can execute malicious arbitrary code when loading. Only load files you trust.\nIf you only need to load model weights and optimizer state, use the safe `Learner.load` instead.")
Loss: 0.0955
Accuracy: 0.9812
Recall: 0.9810
F1-Score: 0.9811
Loss: 0.08368697762489319
Accuracy: 0.9802684187889099
Recall (macro): 0.9801135586786189
F1 Score (macro): 0.9801439817180027
---------------------------------------------------------------------------
Ejecutando: mnist_dist5_quant3_ex2
---------------------------------------------------------------------------
Número total de imágenes en entrenamiento: 9814
Número total de imágenes en validación: 11996

Clases: ['0', '1', '2', '3', '4', '5', '6', '7', '8', '9']
[0, 1.5985080003738403, 0.9013869166374207, 0.7014004588127136, 0.6957290682512287, 0.6941947367867866, '02:42']
[0, 0.58551424741745, 0.38030022382736206, 0.8752083778381348, 0.8735497205164832, 0.8737256997893944, '01:14']
[1, 0.26442772150039673, 0.28193798661231995, 0.9102200865745544, 0.909157667467597, 0.9092460059714538, '01:13']
[2, 0.1275312304496765, 0.31172576546669006, 0.9051350355148315, 0.9034997537143463, 0.9047610720348622, '01:14']
[3, 0.07631218433380127, 0.2848089039325714, 0.916805624961853, 0.9165578570595544, 0.915149921596551, '01:13']
[4, 0.0768335834145546, 0.269273042678833, 0.92705899477005, 0.9267344925318293, 0.9272502448644998, '01:14']
[5, 0.06307148188352585, 0.3128410875797272, 0.9173057675361633, 0.9165704313301817, 0.9150599001448058, '01:12']
[6, 0.07123062759637833, 0.31200891733169556, 0.9212237596511841, 0.9214609411937422, 0.9212336804103242, '01:12']
[7, 0.059442758560180664, 0.28283894062042236, 0.9279760122299194, 0.926915408822427, 0.9273044939951631, '01:13']
[8, 0.04975360259413719, 0.2372247725725174, 0.934644877910614, 0.9320481114602639, 0.9334065938294058, '01:13']
[9, 0.04347687214612961, 0.2840220034122467, 0.9338112473487854, 0.9327146541416929, 0.9329055325518155, '01:12']
[10, 0.03154011070728302, 0.16597378253936768, 0.9569856524467468, 0.9565851817440916, 0.9559617237838763, '01:13']
[11, 0.024559084326028824, 0.13923124969005585, 0.9637379050254822, 0.963495414765361, 0.9633885400462059, '01:14']
[12, 0.03336580470204353, 0.2517750561237335, 0.9457319378852844, 0.944912145303592, 0.9450774801242016, '01:16']
[13, 0.01819249615073204, 0.15670059621334076, 0.9639880061149597, 0.9633616290885371, 0.9638432371011344, '01:14']
[14, 0.01904759556055069, 0.11876317858695984, 0.9728242754936218, 0.9726595771936276, 0.9724963318753618, '01:14']
[15, 0.017467450350522995, 0.1028888002038002, 0.9750750064849854, 0.974869475830254, 0.974973954195835, '01:13']
[16, 0.0100961122661829, 0.1152339056134224, 0.9743247628211975, 0.9741550735131508, 0.9741975389219538, '01:12']
[17, 0.00835061352699995, 0.09247051924467087, 0.977825939655304, 0.9776884662703603, 0.9776045139771078, '01:13']
[18, 0.008928232826292515, 0.11427229642868042, 0.9734078049659729, 0.9733568738680484, 0.9732404950294121, '01:13']
[19, 0.0032437185291200876, 0.10385353863239288, 0.9752417206764221, 0.9752542715029744, 0.9749250885234064, '01:13']
[20, 0.0016696477541700006, 0.08614839613437653, 0.9791597127914429, 0.9790477790858251, 0.9789999257864995, '01:13']
[21, 0.0017047630390152335, 0.09015018492937088, 0.9793264269828796, 0.9792516219833886, 0.9791428999143591, '01:14']
[22, 0.0015200176276266575, 0.08347806334495544, 0.9805768728256226, 0.980440975562556, 0.9804007852975012, '01:08']
[23, 0.0006261154194362462, 0.08540107309818268, 0.9819939732551575, 0.9819024692688296, 0.9818098571298839, '01:03']
[24, 0.0005845589330419898, 0.09132887423038483, 0.979659914970398, 0.9796856187277523, 0.9794541420575367, '01:02']
[25, 0.00030991664971224964, 0.08625301718711853, 0.9814938306808472, 0.981455594836554, 0.9813479301536813, '01:00']
[26, 0.0002630831440910697, 0.08620656281709671, 0.9812437295913696, 0.9812251147673685, 0.9810367926108364, '01:00']
[27, 0.0001452116121072322, 0.08636213839054108, 0.9808269143104553, 0.980817147804032, 0.9806555273933288, '01:00']
No improvement since epoch 22: early stopping

Tiempo de entrenamiento: 2159.34 segundos
/mnt/homeGPU/haoweihu/TFG/lib/python3.10/site-packages/fastai/learner.py:455: UserWarning: load_learner` uses Python's insecure pickle module, which can execute malicious arbitrary code when loading. Only load files you trust.
If you only need to load model weights and optimizer state, use the safe `Learner.load` instead.
  warn("load_learner` uses Python's insecure pickle module, which can execute malicious arbitrary code when loading. Only load files you trust.\nIf you only need to load model weights and optimizer state, use the safe `Learner.load` instead.")
Loss: 0.0864
Accuracy: 0.9808
Recall: 0.9808
F1-Score: 0.9807
Loss: 0.07101832330226898
Accuracy: 0.9828726053237915
Recall (macro): 0.9827826701846807
F1 Score (macro): 0.9827072479136622
---------------------------------------------------------------------------
Ejecutando: mnist_dist5_quant3_ex3
---------------------------------------------------------------------------
Número total de imágenes en entrenamiento: 9814
Número total de imágenes en validación: 11996

Clases: ['0', '1', '2', '3', '4', '5', '6', '7', '8', '9']
[0, 1.6104565858840942, 0.8227917551994324, 0.7237412333488464, 0.7181658418196772, 0.7180675926441504, '01:29']
[0, 0.6197298765182495, 0.40734755992889404, 0.8694564700126648, 0.8666913970583231, 0.8679631166661259, '01:00']
[1, 0.2829541563987732, 0.3216906785964966, 0.8992164134979248, 0.8978941877155752, 0.898068700605903, '01:00']
[2, 0.1343751847743988, 0.28822293877601624, 0.9103034138679504, 0.9092980549501398, 0.9083712499101388, '01:00']
[3, 0.07376295328140259, 0.2970997989177704, 0.9136378765106201, 0.9133565014120538, 0.9121021565100291, '00:59']
[4, 0.06758344918489456, 0.3132023811340332, 0.9132210612297058, 0.911980777276266, 0.9099443613818303, '00:59']
[5, 0.07016906887292862, 0.3353452980518341, 0.9113871455192566, 0.9097794544916713, 0.9113632226239176, '00:59']
[6, 0.07193693518638611, 0.21176601946353912, 0.9420640468597412, 0.9404505828475525, 0.941270914500558, '01:00']
[7, 0.053950175642967224, 0.22444643080234528, 0.9411470293998718, 0.9396572474671503, 0.9400891047482787, '01:00']
[8, 0.058320920914411545, 0.41753676533699036, 0.8995498418807983, 0.898926931288495, 0.8977970698657369, '00:59']
[9, 0.04449137672781944, 0.5149020552635193, 0.8922974467277527, 0.8923291383832606, 0.8843859268831498, '01:02']
[10, 0.03109928034245968, 0.12185029685497284, 0.9674057960510254, 0.9669123801121808, 0.9672569596913558, '01:00']
[11, 0.02996210753917694, 0.1345529556274414, 0.9667389392852783, 0.9664715567383293, 0.9664424455353385, '01:01']
[12, 0.02443859912455082, 0.11960124969482422, 0.9687395691871643, 0.9684280144602619, 0.9684362403542769, '01:00']
[13, 0.01850501075387001, 0.15660123527050018, 0.9623207449913025, 0.9618518516462536, 0.9619168179447181, '01:01']
[14, 0.0179835744202137, 0.11339671909809113, 0.9717406034469604, 0.971526280878148, 0.9714238335549105, '00:59']
[15, 0.01373690739274025, 0.10958820581436157, 0.9744081497192383, 0.9740252231568594, 0.9742490919838833, '00:59']
[16, 0.010386700741946697, 0.1318383812904358, 0.9680727124214172, 0.9675583021846548, 0.9676142081802593, '00:59']
[17, 0.008463859558105469, 0.10188031196594238, 0.9749082922935486, 0.974667527216333, 0.9747542863086114, '00:59']
[18, 0.00419059582054615, 0.08476653695106506, 0.978409469127655, 0.9782920308514728, 0.9782192701904787, '00:58']
[19, 0.005564542021602392, 0.08868658542633057, 0.9784928560256958, 0.9783347544856479, 0.978276569346842, '00:58']
[20, 0.00156344473361969, 0.07790283858776093, 0.9816605448722839, 0.9814613735111897, 0.9815116920704421, '00:58']
[21, 0.0011608718195930123, 0.09132364392280579, 0.9795765280723572, 0.9793677174513071, 0.9793960888002111, '00:58']
[22, 0.0008776378817856312, 0.07956308126449585, 0.9825775027275085, 0.9824036606590539, 0.9824623169696862, '00:59']
[23, 0.00048155724653042853, 0.07347476482391357, 0.9834111332893372, 0.9832836814284176, 0.9832860072158315, '00:57']
[24, 0.00018054989050142467, 0.07646489888429642, 0.9828276038169861, 0.9826461293839437, 0.9827329413338269, '00:57']
[25, 0.0003979360917583108, 0.07353001087903976, 0.9829109907150269, 0.9827670532114837, 0.982801850702742, '00:57']
[26, 0.0003737011575140059, 0.0741925910115242, 0.9825775027275085, 0.982456231645882, 0.9824338073448302, '01:04']
[27, 0.0001221086276927963, 0.07401441782712936, 0.9834111332893372, 0.9832692264294403, 0.9832924425450115, '00:58']
[28, 0.00040327655733563006, 0.0752476379275322, 0.9826608896255493, 0.9825182986064414, 0.9825576610748623, '01:00']
No improvement since epoch 23: early stopping

Tiempo de entrenamiento: 1822.62 segundos
/mnt/homeGPU/haoweihu/TFG/lib/python3.10/site-packages/fastai/learner.py:455: UserWarning: load_learner` uses Python's insecure pickle module, which can execute malicious arbitrary code when loading. Only load files you trust.
If you only need to load model weights and optimizer state, use the safe `Learner.load` instead.
  warn("load_learner` uses Python's insecure pickle module, which can execute malicious arbitrary code when loading. Only load files you trust.\nIf you only need to load model weights and optimizer state, use the safe `Learner.load` instead.")
Loss: 0.0752
Accuracy: 0.9827
Recall: 0.9825
F1-Score: 0.9826
Loss: 0.06350980699062347
Accuracy: 0.9848757982254028
Recall (macro): 0.9847415911985895
F1 Score (macro): 0.9847712785492659
---------------------------------------------------------------------------
Ejecutando: mnist_dist01_quant3_ex1
---------------------------------------------------------------------------
Número total de imágenes en entrenamiento: 21714
Número total de imágenes en validación: 11996

Clases: ['0', '1', '2', '3', '4', '5', '6', '7', '8', '9']
[0, 1.5495249032974243, 0.9813809394836426, 0.6747249364852905, 0.6693593878007476, 0.6635990157938373, '04:23']
[0, 0.3564907908439636, 0.41903045773506165, 0.873124361038208, 0.8709660997087368, 0.8708842607097921, '01:56']
[1, 0.14916837215423584, 0.36970794200897217, 0.883294403553009, 0.8809143576513195, 0.8839417169821104, '01:58']
[2, 0.0896611139178276, 0.3235785663127899, 0.9066355228424072, 0.9059890707703036, 0.9063694496953847, '02:03']
[3, 0.05191512778401375, 0.30835840106010437, 0.9178892970085144, 0.9170831947963812, 0.9171668887705791, '02:05']
[4, 0.0489494688808918, 0.6053093671798706, 0.8652050495147705, 0.8593634774783352, 0.8628529714027072, '01:34']
[5, 0.04027235135436058, 0.18156395852565765, 0.9500666856765747, 0.9493628061006072, 0.9501431118108755, '01:32']
[6, 0.040515027940273285, 0.11180811375379562, 0.9694064855575562, 0.968657957998178, 0.9689658661344934, '01:32']
[7, 0.04171917587518692, 0.1711297184228897, 0.9527342319488525, 0.9520692590248888, 0.9526928241553566, '01:33']
[8, 0.03351803869009018, 0.11512880772352219, 0.9679059982299805, 0.9671192858878281, 0.9674851296110344, '01:32']
[9, 0.026140011847019196, 0.1397036463022232, 0.9648216366767883, 0.9645714172142391, 0.9644887466032797, '01:32']
[10, 0.02008995972573757, 0.30250799655914307, 0.9273090958595276, 0.9272837243437351, 0.9275484440978392, '01:31']
[11, 0.007714850828051567, 0.06937247514724731, 0.9814938306808472, 0.981272410636566, 0.981424378971185, '01:35']
[12, 0.009227486327290535, 0.14365693926811218, 0.9695731997489929, 0.9693200758291864, 0.9693458528336812, '02:00']
[13, 0.012298419140279293, 0.0682925432920456, 0.9824941754341125, 0.982430659889625, 0.9824071181669132, '01:45']
[14, 0.007885630242526531, 0.0783403143286705, 0.9809103012084961, 0.9807569258875904, 0.9808492553091996, '01:43']
[15, 0.01613510772585869, 0.12399441748857498, 0.9741580486297607, 0.9742073416220463, 0.974047710060279, '01:32']
[16, 0.006741884630173445, 0.07175124436616898, 0.9833277463912964, 0.983368073026823, 0.9832515542740621, '01:33']
[17, 0.0038140476681292057, 0.06855166703462601, 0.9838279485702515, 0.9838320464626132, 0.9837579729657799, '01:32']
[18, 0.001835555536672473, 0.06568478047847748, 0.9844948053359985, 0.9843716324977608, 0.9843624518205273, '01:32']
[19, 0.005286388099193573, 0.07071171700954437, 0.9852451086044312, 0.98514801641881, 0.9851314236491462, '01:39']
[20, 0.0006532269180752337, 0.07165522128343582, 0.9847449064254761, 0.9848214568594991, 0.9846257571478978, '01:47']
[21, 0.00263767596334219, 0.07211078703403473, 0.9845781922340393, 0.9843916381160012, 0.9844472468390219, '01:47']
[22, 0.0013492755824699998, 0.06513141095638275, 0.9853284358978271, 0.9852058711760419, 0.9851851069318409, '01:33']
[23, 0.00048224363126792014, 0.06345465779304504, 0.9869123101234436, 0.9867475836819777, 0.9867731473652445, '01:32']
[24, 0.0010699344566091895, 0.06218736618757248, 0.9865788817405701, 0.9864882427380808, 0.9864691314601888, '01:35']
[25, 0.0006102410261519253, 0.06162887439131737, 0.9866622090339661, 0.9865687389880916, 0.9865124357406501, '01:35']
[26, 5.843828330398537e-05, 0.058840662240982056, 0.9866622090339661, 0.9865395708071463, 0.9865316118398179, '01:42']
[27, 0.00022715245722793043, 0.05862884223461151, 0.9869956374168396, 0.9868506883814808, 0.9868606656664711, '02:14']
[28, 0.00015999817696865648, 0.05867171287536621, 0.9866622090339661, 0.9865066764278115, 0.9865553126516142, '02:12']
[29, 9.288833098253235e-05, 0.05896788835525513, 0.9869956374168396, 0.9868706554307074, 0.9868628275862245, '02:18']

Tiempo de entrenamiento: 3393.40 segundos
/mnt/homeGPU/haoweihu/TFG/lib/python3.10/site-packages/fastai/learner.py:455: UserWarning: load_learner` uses Python's insecure pickle module, which can execute malicious arbitrary code when loading. Only load files you trust.
If you only need to load model weights and optimizer state, use the safe `Learner.load` instead.
  warn("load_learner` uses Python's insecure pickle module, which can execute malicious arbitrary code when loading. Only load files you trust.\nIf you only need to load model weights and optimizer state, use the safe `Learner.load` instead.")
Loss: 0.0590
Accuracy: 0.9870
Recall: 0.9869
F1-Score: 0.9869
Loss: 0.052982866764068604
Accuracy: 0.9880809187889099
Recall (macro): 0.9879374978523445
F1 Score (macro): 0.9879953008329009
---------------------------------------------------------------------------
Ejecutando: mnist_dist01_quant3_ex2
---------------------------------------------------------------------------
Número total de imágenes en entrenamiento: 21714
Número total de imágenes en validación: 11996

Clases: ['0', '1', '2', '3', '4', '5', '6', '7', '8', '9']
[0, 1.3880059719085693, 1.0372768640518188, 0.6476325392723083, 0.6413990333658609, 0.6257583524832293, '05:11']
[0, 0.3305116593837738, 0.3300553858280182, 0.8989663124084473, 0.8978823922568848, 0.8979580037866578, '02:09']
[1, 0.13619931042194366, 0.2754921019077301, 0.9183894395828247, 0.9175262686358815, 0.9177393854286585, '02:15']
[2, 0.08072327822446823, 0.27052122354507446, 0.9232243895530701, 0.9228716645259469, 0.9221337548065103, '02:13']
[3, 0.06225321441888809, 0.2292112112045288, 0.9388962984085083, 0.9379690865921158, 0.9388980305401698, '02:19']
[4, 0.04692517966032028, 0.5847326517105103, 0.862954318523407, 0.8635839622754478, 0.8649360477700838, '02:10']
[5, 0.04056679084897041, 0.1875436156988144, 0.9521507024765015, 0.9517565454011405, 0.9516839748060256, '02:10']
[6, 0.04601830244064331, 0.20453788340091705, 0.9455651640892029, 0.9456927685447749, 0.9455399970434198, '02:09']
[7, 0.03864262253046036, 0.24508558213710785, 0.9393131136894226, 0.9385929060075087, 0.9396432405152302, '02:37']
[8, 0.03424868360161781, 0.14895935356616974, 0.9641547203063965, 0.963984679916582, 0.9637328477465701, '02:23']
[9, 0.0217853095382452, 0.09860668331384659, 0.9748249650001526, 0.97466830547886, 0.9744870770891231, '02:29']
[10, 0.018022799864411354, 0.11180999875068665, 0.9722407460212708, 0.9718682566021984, 0.972033428341379, '02:18']
[11, 0.018576068803668022, 0.09705856442451477, 0.9755752086639404, 0.9756576680498339, 0.9753854760164893, '02:09']
[12, 0.017019620165228844, 0.12507349252700806, 0.97215735912323, 0.9718937250583333, 0.9720092726342455, '02:39']
[13, 0.012679423205554485, 0.1293904036283493, 0.97215735912323, 0.9720416641688043, 0.9720690017664058, '02:30']
[14, 0.009525964967906475, 0.09640569984912872, 0.9795765280723572, 0.9793925016867986, 0.9794607195509972, '02:15']
[15, 0.011135322041809559, 0.12520381808280945, 0.97215735912323, 0.9718764765970944, 0.972151452164085, '02:12']
[16, 0.006947922054678202, 0.07917943596839905, 0.9824941754341125, 0.9824687419273903, 0.9823715231261216, '02:13']
[17, 0.004720218479633331, 0.07803529500961304, 0.9829109907150269, 0.9827853967301226, 0.9828341934288589, '02:27']
[18, 0.00419623451307416, 0.08715979009866714, 0.9824941754341125, 0.9824014086214312, 0.9824176006526125, '02:23']
[19, 0.0029261349700391293, 0.09289835393428802, 0.980326771736145, 0.9802787800966384, 0.9802289883888049, '02:25']
[20, 0.000763052434194833, 0.08097685128450394, 0.9829109907150269, 0.9829368129880937, 0.9828356445740131, '02:25']
[21, 0.003130408702418208, 0.08328856527805328, 0.9833277463912964, 0.9832841448302061, 0.983244049109345, '02:22']
[22, 0.0013713983353227377, 0.0719408169388771, 0.9849116206169128, 0.9848544736952058, 0.9848324365016821, '02:19']
[23, 0.0010461864294484258, 0.07588011771440506, 0.9843280911445618, 0.9842979075898602, 0.9842642061958683, '02:14']
[24, 0.0003105531504843384, 0.0723782628774643, 0.9853284358978271, 0.9853309498528343, 0.9852625427642432, '02:10']
[25, 0.0001865072554210201, 0.07238441705703735, 0.9854118227958679, 0.9853964568292806, 0.9853706036962201, '02:21']
[26, 4.04426027671434e-05, 0.07223336398601532, 0.9854951500892639, 0.9855037015428081, 0.9854518375771694, '02:25']
[27, 0.00011372235894668847, 0.07119441777467728, 0.9858286380767822, 0.9858479992149904, 0.9857611146279333, '02:24']
[28, 0.00014484877465292811, 0.0730338767170906, 0.9856618642807007, 0.9856150372011715, 0.9856076839635228, '02:26']
[29, 0.00010414547432446852, 0.07419819384813309, 0.9851617217063904, 0.9851422173565376, 0.9851041454431655, '02:31']

Tiempo de entrenamiento: 4526.37 segundos
/mnt/homeGPU/haoweihu/TFG/lib/python3.10/site-packages/fastai/learner.py:455: UserWarning: load_learner` uses Python's insecure pickle module, which can execute malicious arbitrary code when loading. Only load files you trust.
If you only need to load model weights and optimizer state, use the safe `Learner.load` instead.
  warn("load_learner` uses Python's insecure pickle module, which can execute malicious arbitrary code when loading. Only load files you trust.\nIf you only need to load model weights and optimizer state, use the safe `Learner.load` instead.")
Loss: 0.0742
Accuracy: 0.9852
Recall: 0.9851
F1-Score: 0.9851
Loss: 0.049016911536455154
Accuracy: 0.9887820482254028
Recall (macro): 0.988732302129114
F1 Score (macro): 0.9887048567923218
---------------------------------------------------------------------------
Ejecutando: mnist_dist01_quant3_ex3
---------------------------------------------------------------------------
Número total de imágenes en entrenamiento: 21714
Número total de imágenes en validación: 11996

Clases: ['0', '1', '2', '3', '4', '5', '6', '7', '8', '9']
[0, 1.4858427047729492, 1.0181373357772827, 0.6566355228424072, 0.6541048221790183, 0.6559399945099765, '05:18']
[0, 0.3278273642063141, 0.291849821805954, 0.9103868007659912, 0.9106758112573662, 0.9097334708503448, '02:16']
[1, 0.1290694922208786, 0.2815932035446167, 0.9192230701446533, 0.9194998643676733, 0.9191843646942571, '02:11']
[2, 0.06955447793006897, 0.26900431513786316, 0.9255585074424744, 0.9266671511427633, 0.9257610946203207, '02:25']
[3, 0.058276258409023285, 0.22185567021369934, 0.9395632147789001, 0.9380484895613378, 0.9385971243341877, '02:22']
[4, 0.04441877081990242, 0.5237398743629456, 0.8797932863235474, 0.8765476018604661, 0.8779423002404254, '02:26']
[5, 0.041176654398441315, 0.2466547042131424, 0.9406468868255615, 0.9405940378124802, 0.9409650680539086, '02:27']
[6, 0.041035156697034836, 0.14921344816684723, 0.9615705013275146, 0.9614430061606949, 0.961238705419529, '02:24']
[7, 0.033506039530038834, 0.1666059046983719, 0.9589863419532776, 0.9585356297079286, 0.9585722016436271, '02:26']
[8, 0.022631188854575157, 0.11055002361536026, 0.9710736870765686, 0.9710201587804299, 0.9709915193388625, '02:31']
[9, 0.026390356943011284, 0.13805776834487915, 0.9689062833786011, 0.9689716649014712, 0.9688877704206614, '02:23']
[10, 0.02140210196375847, 0.15567994117736816, 0.960570216178894, 0.9602071814568577, 0.9604906964369759, '02:18']
[11, 0.017424797639250755, 0.15957175195217133, 0.9627375602722168, 0.9625921381130043, 0.9623295277336708, '02:30']
[12, 0.0120305260643363, 0.12594620883464813, 0.97215735912323, 0.9719995599299412, 0.971963357031474, '02:11']
[13, 0.012379034422338009, 0.07654330879449844, 0.9812437295913696, 0.9811044514468824, 0.9812026077472416, '02:13']
[14, 0.013527984730899334, 0.0875849574804306, 0.9789096117019653, 0.978852132654934, 0.978874808179968, '02:22']
[15, 0.006315604317933321, 0.07917296141386032, 0.9819939732551575, 0.9819541726871686, 0.9820022769381989, '02:12']
[16, 0.0075727407820522785, 0.08797797560691833, 0.982160747051239, 0.9821617701151062, 0.9821497958715169, '02:16']
[17, 0.0054268441163003445, 0.07745084911584854, 0.9842447638511658, 0.9842382887729142, 0.9842384137338271, '02:45']
[18, 0.0033443598076701164, 0.08081826567649841, 0.9830777049064636, 0.9830152974551009, 0.9830369932552543, '02:15']
No improvement since epoch 13: early stopping

Tiempo de entrenamiento: 3020.92 segundos
/mnt/homeGPU/haoweihu/TFG/lib/python3.10/site-packages/fastai/learner.py:455: UserWarning: load_learner` uses Python's insecure pickle module, which can execute malicious arbitrary code when loading. Only load files you trust.
If you only need to load model weights and optimizer state, use the safe `Learner.load` instead.
  warn("load_learner` uses Python's insecure pickle module, which can execute malicious arbitrary code when loading. Only load files you trust.\nIf you only need to load model weights and optimizer state, use the safe `Learner.load` instead.")
Loss: 0.0808
Accuracy: 0.9831
Recall: 0.9830
F1-Score: 0.9830
Loss: 0.05146113410592079
Accuracy: 0.9859775900840759
Recall (macro): 0.985996622079929
F1 Score (macro): 0.9859295939161263
mail: cannot send message: Process exited with a non-zero status
