---------------------------------------------------------------------------
--------------------------MODELOS BASE-----------------------------
---------------------------------------------------------------------------
---------------------------------------------------------------------------
Ejecutando: r_mnist_base
---------------------------------------------------------------------------
Número total de imágenes en entrenamiento: 48000
Número total de imágenes en validación: 12000

Clases: ['0', '1', '2', '3', '4', '5', '6', '7', '8', '9']
[0, 0.7915368676185608, 0.563525378704071, 0.8100833296775818, 0.807037025560717, 0.8073711690326174, '06:23']
[0, 0.16508090496063232, 0.1071714386343956, 0.9671666622161865, 0.9666568392264294, 0.9667026161129788, '03:32']
[1, 0.07281480729579926, 0.0840175524353981, 0.9727500081062317, 0.9722891571358719, 0.9723679940869335, '03:24']
[2, 0.04449723660945892, 0.08805727958679199, 0.9750000238418579, 0.9741936130888856, 0.9747105162009856, '03:23']
[3, 0.043326299637556076, 0.05491451919078827, 0.9829999804496765, 0.9828270691641959, 0.982868726324001, '03:22']
[4, 0.0434345044195652, 0.08332344889640808, 0.9747499823570251, 0.9748463233911007, 0.9745653470862192, '03:22']
[5, 0.045852601528167725, 0.08605095744132996, 0.9751666784286499, 0.97417503126969, 0.9747088165596889, '03:22']
[6, 0.03140775486826897, 0.04698377475142479, 0.9860000014305115, 0.9856769878028386, 0.9857990818311192, '03:23']
[7, 0.03346392884850502, 0.04827852547168732, 0.9870833158493042, 0.9869319025369911, 0.9869923115293474, '03:45']
[8, 0.020159555599093437, 0.040918197482824326, 0.9879999756813049, 0.9878107753750169, 0.9878167208831673, '03:22']
[9, 0.021386021748185158, 0.049609314650297165, 0.9865000247955322, 0.9861675978349538, 0.9864100083589691, '03:21']
[10, 0.018132485449314117, 0.054664138704538345, 0.987583339214325, 0.9876220069499542, 0.9875270202190949, '03:21']
[11, 0.019918959587812424, 0.04003886505961418, 0.9901666641235352, 0.9900966025973368, 0.9900821121575734, '03:22']
[12, 0.009211746044456959, 0.04973331093788147, 0.9895833134651184, 0.9894954079265045, 0.9895319069592154, '03:22']
[13, 0.006951275281608105, 0.041979748755693436, 0.9904999732971191, 0.9904049823423271, 0.990422960825519, '03:22']
[14, 0.011288447305560112, 0.04389858618378639, 0.9899166822433472, 0.9897190782913933, 0.9898931777546951, '03:21']
[15, 0.009382721967995167, 0.04349059984087944, 0.9905833601951599, 0.9904405775263998, 0.9905672458934376, '03:23']
[16, 0.0047431280836462975, 0.0403108149766922, 0.9921666383743286, 0.992178238679104, 0.9921038660152177, '03:28']
No improvement since epoch 11: early stopping

Tiempo de entrenamiento: 3868.48 segundos
/mnt/homeGPU/haoweihu/TFG/lib/python3.10/site-packages/fastai/learner.py:455: UserWarning: load_learner` uses Python's insecure pickle module, which can execute malicious arbitrary code when loading. Only load files you trust.
If you only need to load model weights and optimizer state, use the safe `Learner.load` instead.
  warn("load_learner` uses Python's insecure pickle module, which can execute malicious arbitrary code when loading. Only load files you trust.\nIf you only need to load model weights and optimizer state, use the safe `Learner.load` instead.")
Loss: 0.0403
Accuracy: 0.9922
Recall: 0.9922
F1-Score: 0.9921
Loss: 0.03814429044723511
Accuracy: 0.9924879670143127
Recall (macro): 0.992440274136278
F1 Score (macro): 0.9924590145479557
---------------------------------------------------------------------------
Ejecutando: r_fmnist_base
---------------------------------------------------------------------------
Número total de imágenes en entrenamiento: 48000
Número total de imágenes en validación: 12000

Clases: ['Ankle boot', 'Bag', 'Coat', 'Dress', 'Pullover', 'Sandal', 'Shirt', 'Sneaker', 'Trouser', 'top']
[0, 0.9053860902786255, 0.6609491109848022, 0.7542499899864197, 0.7540069631064921, 0.7512523416962956, '08:01']
[0, 0.47804510593414307, 0.398142546415329, 0.8569999933242798, 0.8567556835729947, 0.8544045915152431, '03:25']
[1, 0.3521350920200348, 0.35576188564300537, 0.8734999895095825, 0.8730997432989085, 0.8714033532142746, '03:24']
[2, 0.2792308032512665, 0.3687921166419983, 0.8713333606719971, 0.8713174348559513, 0.8671832876118852, '03:23']
[3, 0.2390727698802948, 0.45453062653541565, 0.8529166579246521, 0.8513156426957702, 0.8504413746051483, '03:23']
[4, 0.2053782343864441, 0.4208276867866516, 0.8679999709129333, 0.867609025736552, 0.8658044332324841, '03:36']
[5, 0.2009170651435852, 0.5246195197105408, 0.831166684627533, 0.8292848954530025, 0.8334682806487562, '03:37']
[6, 0.16270411014556885, 0.3918302059173584, 0.8813333511352539, 0.8811661886480969, 0.8783851699108451, '03:26']
No improvement since epoch 1: early stopping

Tiempo de entrenamiento: 1939.75 segundos
/mnt/homeGPU/haoweihu/TFG/lib/python3.10/site-packages/fastai/learner.py:455: UserWarning: load_learner` uses Python's insecure pickle module, which can execute malicious arbitrary code when loading. Only load files you trust.
If you only need to load model weights and optimizer state, use the safe `Learner.load` instead.
  warn("load_learner` uses Python's insecure pickle module, which can execute malicious arbitrary code when loading. Only load files you trust.\nIf you only need to load model weights and optimizer state, use the safe `Learner.load` instead.")
Loss: 0.3918
Accuracy: 0.8813
Recall: 0.8812
F1-Score: 0.8784
Loss: 0.4161125123500824
Accuracy: 0.8784054517745972
Recall (macro): 0.8784179589778258
F1 Score (macro): 0.8759305539655353
---------------------------------------------------------------------------
Ejecutando: r_cifar_base
---------------------------------------------------------------------------
Número total de imágenes en entrenamiento: 40000
Número total de imágenes en validación: 10000

Clases: ['airplane', 'automobile', 'bird', 'cat', 'deer', 'dog', 'frog', 'horse', 'ship', 'truck']
[0, 1.998439908027649, 1.7615978717803955, 0.36239999532699585, 0.3609929585787114, 0.3505415076210535, '05:43']
[0, 1.563981056213379, 1.436732292175293, 0.47920000553131104, 0.4779360640656815, 0.4651697337594234, '02:53']
[1, 1.3658008575439453, 1.327666997909546, 0.517300009727478, 0.5161699163432228, 0.5139415933394519, '02:52']
[2, 1.181822657585144, 1.2584701776504517, 0.5407000184059143, 0.5407141749217841, 0.5375000398870787, '03:00']
[3, 1.058463215827942, 1.2205759286880493, 0.5695000290870667, 0.56901407982973, 0.5666019841596881, '03:06']
[4, 0.9125561714172363, 1.3344138860702515, 0.5544999837875366, 0.5535426096389857, 0.5478023049555237, '02:52']
[5, 0.8116822242736816, 1.2853516340255737, 0.571399986743927, 0.5698151816913632, 0.5699970419785261, '02:52']
[6, 0.6558989882469177, 1.5341777801513672, 0.5613999962806702, 0.5608072225953793, 0.5469551198648045, '03:02']
[7, 0.6141360402107239, 1.489195466041565, 0.5701000094413757, 0.5699681811327784, 0.5643719587595669, '02:54']
[8, 0.4954039752483368, 1.6078132390975952, 0.5672000050544739, 0.5649531078307033, 0.5633476036611518, '02:54']
No improvement since epoch 3: early stopping

Tiempo de entrenamiento: 1932.57 segundos
/mnt/homeGPU/haoweihu/TFG/lib/python3.10/site-packages/fastai/learner.py:455: UserWarning: load_learner` uses Python's insecure pickle module, which can execute malicious arbitrary code when loading. Only load files you trust.
If you only need to load model weights and optimizer state, use the safe `Learner.load` instead.
  warn("load_learner` uses Python's insecure pickle module, which can execute malicious arbitrary code when loading. Only load files you trust.\nIf you only need to load model weights and optimizer state, use the safe `Learner.load` instead.")
Loss: 1.6078
Accuracy: 0.5672
Recall: 0.5650
F1-Score: 0.5633
Loss: 1.6175979375839233
Accuracy: 0.5605969429016113
Recall (macro): 0.5606221702817504
F1 Score (macro): 0.5570248142674059
mail: cannot send message: Process exited with a non-zero status
