/mnt/homeGPU/haoweihu/TFG/lib/python3.10/site-packages/torchvision/models/_utils.py:208: UserWarning: The parameter 'pretrained' is deprecated since 0.13 and may be removed in the future, please use 'weights' instead.
  warnings.warn(
/mnt/homeGPU/haoweihu/TFG/lib/python3.10/site-packages/torchvision/models/_utils.py:223: UserWarning: Arguments other than a weight enum or `None` for 'weights' are deprecated since 0.13 and may be removed in the future. The current behavior is equivalent to passing `weights=EfficientNet_V2_S_Weights.IMAGENET1K_V1`. You can also use `weights=EfficientNet_V2_S_Weights.DEFAULT` to get the most up-to-date weights.
  warnings.warn(msg)
---------------------------------------------------------------------------
Ejecutando: cifar_10pct_effnetv2s_fps_quant
---------------------------------------------------------------------------
False
Número total de imágenes en entrenamiento: 3931
Número total de imágenes en validación: 10000
Clases: ['airplane', 'automobile', 'bird', 'cat', 'deer', 'dog', 'frog', 'horse', 'ship', 'truck']
weights = None
[0, 3.637542486190796, 2.5631401538848877, 0.14640000462532043, 0.1464, 0.14026214333479503, '01:06']
[1, 3.3010168075561523, 2.2508046627044678, 0.23749999701976776, 0.2375, 0.22880901004865395, '00:48']
[2, 3.1312360763549805, 2.138545274734497, 0.265500009059906, 0.2655, 0.26033844626995767, '00:52']
[3, 2.909301519393921, 2.066383123397827, 0.29019999504089355, 0.29019999999999996, 0.28349476740890434, '00:52']
[4, 2.7540674209594727, 2.0122885704040527, 0.30790001153945923, 0.30789999999999995, 0.29989057076706793, '00:51']
[5, 2.55631685256958, 1.9597063064575195, 0.3249000012874603, 0.32489999999999997, 0.3143180035108885, '00:51']
[6, 2.4016518592834473, 1.8906877040863037, 0.33340001106262207, 0.3334, 0.3291656740121794, '00:51']
[7, 2.258408784866333, 1.8020141124725342, 0.3598000109195709, 0.35980000000000006, 0.3428065818294916, '00:51']
[8, 2.167013168334961, 1.7704689502716064, 0.37290000915527344, 0.37289999999999995, 0.36664369125177065, '00:51']
[9, 2.11757493019104, 1.7604962587356567, 0.3718999922275543, 0.3719, 0.35893233577985684, '00:51']
[10, 2.054636240005493, 1.7332452535629272, 0.38449999690055847, 0.38449999999999995, 0.3737915760296406, '00:52']
[11, 1.9631190299987793, 1.6848703622817993, 0.4027000069618225, 0.4027, 0.39382565463567937, '00:52']
[12, 1.9242143630981445, 1.6758943796157837, 0.4047999978065491, 0.4048, 0.39426022728957577, '00:53']
[13, 1.8767592906951904, 1.650094747543335, 0.415800005197525, 0.41580000000000006, 0.40946502523101974, '00:52']
[14, 1.8263556957244873, 1.6260173320770264, 0.42320001125335693, 0.4231999999999999, 0.41126748612496333, '00:51']
[15, 1.7805569171905518, 1.5901811122894287, 0.4339999854564667, 0.43400000000000005, 0.42241665353271174, '00:53']
[16, 1.754308819770813, 1.5573495626449585, 0.4415999948978424, 0.44160000000000005, 0.43275039954471844, '00:53']
[17, 1.739823579788208, 1.5465508699417114, 0.453000009059906, 0.45299999999999996, 0.44612875189371604, '00:53']
[18, 1.694581389427185, 1.5400094985961914, 0.45489999651908875, 0.45489999999999997, 0.4442603526101587, '00:53']
[19, 1.6806174516677856, 1.514786958694458, 0.4620000123977661, 0.462, 0.4525101549544118, '00:52']
[20, 1.6438971757888794, 1.5006732940673828, 0.4650000035762787, 0.46499999999999997, 0.4556951785342912, '00:52']
[21, 1.615663766860962, 1.4910855293273926, 0.46810001134872437, 0.4680999999999999, 0.46115124473319946, '00:52']
[22, 1.5924447774887085, 1.4837101697921753, 0.4724999964237213, 0.4725, 0.4650294673941513, '00:52']
[23, 1.5664498805999756, 1.480584979057312, 0.47440001368522644, 0.47440000000000004, 0.4661776549998917, '00:52']
[24, 1.5557405948638916, 1.4774671792984009, 0.4722000062465668, 0.47219999999999995, 0.4642389637186831, '00:53']
[25, 1.5582449436187744, 1.4696301221847534, 0.4781999886035919, 0.4782, 0.4722786359431983, '00:52']
[26, 1.5460259914398193, 1.4657740592956543, 0.48069998621940613, 0.4807, 0.4740634151891839, '00:52']
[27, 1.5431115627288818, 1.4687460660934448, 0.47769999504089355, 0.4776999999999999, 0.47085141407613007, '00:52']
[28, 1.5283042192459106, 1.4655135869979858, 0.47769999504089355, 0.4776999999999999, 0.4722464620731673, '00:52']
[29, 1.5306307077407837, 1.4670640230178833, 0.47929999232292175, 0.4793, 0.4729605831993413, '00:52']

Tiempo de entrenamiento: 1583.27 segundos
/mnt/homeGPU/haoweihu/TFG/lib/python3.10/site-packages/fastai/learner.py:455: UserWarning: load_learner` uses Python's insecure pickle module, which can execute malicious arbitrary code when loading. Only load files you trust.
If you only need to load model weights and optimizer state, use the safe `Learner.load` instead.
  warn("load_learner` uses Python's insecure pickle module, which can execute malicious arbitrary code when loading. Only load files you trust.\nIf you only need to load model weights and optimizer state, use the safe `Learner.load` instead.")
Loss (valid): 1.4671
Accuracy (valid): 0.4793
Recall (valid): 0.4793
F1-Score (valid): 0.4730
/mnt/homeGPU/haoweihu/TFG/lib/python3.10/site-packages/torchvision/models/_utils.py:208: UserWarning: The parameter 'pretrained' is deprecated since 0.13 and may be removed in the future, please use 'weights' instead.
  warnings.warn(
/mnt/homeGPU/haoweihu/TFG/lib/python3.10/site-packages/torchvision/models/_utils.py:223: UserWarning: Arguments other than a weight enum or `None` for 'weights' are deprecated since 0.13 and may be removed in the future. The current behavior is equivalent to passing `weights=EfficientNet_V2_S_Weights.IMAGENET1K_V1`. You can also use `weights=EfficientNet_V2_S_Weights.DEFAULT` to get the most up-to-date weights.
  warnings.warn(msg)
Loss (test): 1.4699
Accuracy (test): 0.4768
Recall (test): 0.4768
F1-Score (test): 0.4695
---------------------------------------------------------------------------
Ejecutando: cifar_20pct_effnetv2s_fps_quant
---------------------------------------------------------------------------
False
Número total de imágenes en entrenamiento: 7679
Número total de imágenes en validación: 10000
Clases: ['airplane', 'automobile', 'bird', 'cat', 'deer', 'dog', 'frog', 'horse', 'ship', 'truck']
weights = None
[0, 3.3765010833740234, 2.384899139404297, 0.1981000006198883, 0.1981, 0.1884089580837055, '01:30']
[1, 3.0674729347229004, 2.1515562534332275, 0.2718000113964081, 0.2718, 0.2577282357357008, '01:10']
[2, 2.8469467163085938, 2.024674892425537, 0.30379998683929443, 0.30379999999999996, 0.29235372530152626, '01:10']
[3, 2.611462116241455, 1.9365400075912476, 0.32499998807907104, 0.325, 0.3180316924059681, '01:10']
[4, 2.3702094554901123, 1.8362572193145752, 0.35339999198913574, 0.35340000000000005, 0.33376250725735646, '01:10']
[5, 2.222416639328003, 1.7638682126998901, 0.3709000051021576, 0.3709, 0.3559696931924957, '01:10']
[6, 2.0625696182250977, 1.697295069694519, 0.391400009393692, 0.39139999999999997, 0.37654544336353235, '01:12']
[7, 1.9978448152542114, 1.6802904605865479, 0.4036000072956085, 0.40359999999999996, 0.38488054079410194, '01:10']
[8, 1.9112287759780884, 1.6321685314178467, 0.4198000133037567, 0.41979999999999995, 0.4036700426449169, '01:10']
[9, 1.8179079294204712, 1.5251657962799072, 0.45500001311302185, 0.45499999999999996, 0.4463485986866728, '01:11']
[10, 1.766719937324524, 1.489762544631958, 0.4731000065803528, 0.47309999999999997, 0.4664509783312213, '01:11']
[11, 1.7073683738708496, 1.4520554542541504, 0.4781000018119812, 0.4781000000000001, 0.47041221796542965, '01:11']
[12, 1.6480847597122192, 1.4085949659347534, 0.4934999942779541, 0.49350000000000005, 0.48748106942666325, '01:10']
[13, 1.6100680828094482, 1.3742367029190063, 0.5066999793052673, 0.5067, 0.4977634635457884, '01:09']
[14, 1.534245252609253, 1.3474748134613037, 0.5174999833106995, 0.5175, 0.5069967998183986, '01:10']
[15, 1.5021113157272339, 1.320951223373413, 0.5302000045776367, 0.5302, 0.5230986416028258, '01:10']
[16, 1.4531017541885376, 1.2930723428726196, 0.5388000011444092, 0.5388, 0.530153040064439, '01:10']
[17, 1.4161511659622192, 1.2791533470153809, 0.5447999835014343, 0.5448000000000001, 0.5370354241233507, '01:10']
[18, 1.3952733278274536, 1.2526700496673584, 0.5515000224113464, 0.5515, 0.5423393955812854, '01:10']
[19, 1.3517639636993408, 1.2420564889907837, 0.5548999905586243, 0.5549000000000001, 0.5487691017435391, '01:13']
[20, 1.338058590888977, 1.2188551425933838, 0.5645999908447266, 0.5646, 0.561064982595997, '01:09']
[21, 1.2892396450042725, 1.2088353633880615, 0.5672000050544739, 0.5671999999999999, 0.5635767855931767, '01:10']
[22, 1.2933704853057861, 1.201701045036316, 0.5720999836921692, 0.5721, 0.5668235719915622, '01:10']
[23, 1.2650816440582275, 1.1927368640899658, 0.5766000151634216, 0.5766, 0.5719888950057188, '01:10']
[24, 1.2286863327026367, 1.1910463571548462, 0.5748000144958496, 0.5748, 0.5703264445690369, '01:09']
[25, 1.2499969005584717, 1.185957670211792, 0.5789999961853027, 0.5790000000000001, 0.5760344148727553, '01:10']
[26, 1.2394176721572876, 1.186436414718628, 0.5774999856948853, 0.5775, 0.5730326476430241, '01:10']
[27, 1.2348926067352295, 1.1866261959075928, 0.5767999887466431, 0.5767999999999999, 0.5723996947716715, '01:10']
[28, 1.22257661819458, 1.1871068477630615, 0.5756000280380249, 0.5756, 0.5706451576976925, '01:12']
[29, 1.217169165611267, 1.1865627765655518, 0.5759000182151794, 0.5759, 0.5712932257841069, '01:10']

Tiempo de entrenamiento: 2142.05 segundos
/mnt/homeGPU/haoweihu/TFG/lib/python3.10/site-packages/fastai/learner.py:455: UserWarning: load_learner` uses Python's insecure pickle module, which can execute malicious arbitrary code when loading. Only load files you trust.
If you only need to load model weights and optimizer state, use the safe `Learner.load` instead.
  warn("load_learner` uses Python's insecure pickle module, which can execute malicious arbitrary code when loading. Only load files you trust.\nIf you only need to load model weights and optimizer state, use the safe `Learner.load` instead.")
Loss (valid): 1.1866
Accuracy (valid): 0.5759
Recall (valid): 0.5759
F1-Score (valid): 0.5713
/mnt/homeGPU/haoweihu/TFG/lib/python3.10/site-packages/torchvision/models/_utils.py:208: UserWarning: The parameter 'pretrained' is deprecated since 0.13 and may be removed in the future, please use 'weights' instead.
  warnings.warn(
/mnt/homeGPU/haoweihu/TFG/lib/python3.10/site-packages/torchvision/models/_utils.py:223: UserWarning: Arguments other than a weight enum or `None` for 'weights' are deprecated since 0.13 and may be removed in the future. The current behavior is equivalent to passing `weights=EfficientNet_V2_S_Weights.IMAGENET1K_V1`. You can also use `weights=EfficientNet_V2_S_Weights.DEFAULT` to get the most up-to-date weights.
  warnings.warn(msg)
Loss (test): 1.2123
Accuracy (test): 0.5760
Recall (test): 0.5760
F1-Score (test): 0.5705
---------------------------------------------------------------------------
Ejecutando: cifar_30pct_effnetv2s_fps_quant
---------------------------------------------------------------------------
False
Número total de imágenes en entrenamiento: 11251
Número total de imágenes en validación: 10000
Clases: ['airplane', 'automobile', 'bird', 'cat', 'deer', 'dog', 'frog', 'horse', 'ship', 'truck']
weights = None
[0, 3.298858642578125, 2.29708194732666, 0.2125999927520752, 0.21259999999999998, 0.20610690395141057, '01:44']
[1, 2.9636917114257812, 2.055894613265991, 0.2935999929904938, 0.2936, 0.2844289544248354, '01:26']
[2, 2.681095838546753, 1.9205076694488525, 0.32580000162124634, 0.3257999999999999, 0.31597278532281003, '01:27']
[3, 2.4193711280822754, 1.8651562929153442, 0.3424000144004822, 0.3424, 0.33085195167137, '01:27']
[4, 2.194213628768921, 1.7795523405075073, 0.376800000667572, 0.37679999999999997, 0.36269831045367296, '01:27']
[5, 2.0575613975524902, 1.731169581413269, 0.3946000039577484, 0.3946, 0.3812368289131571, '01:27']
[6, 1.9413681030273438, 1.594973087310791, 0.43479999899864197, 0.43479999999999996, 0.420622539967456, '01:27']
[7, 1.873908519744873, 1.544447898864746, 0.45910000801086426, 0.4591, 0.4521764246503318, '01:27']
[8, 1.7768687009811401, 1.488891839981079, 0.4771000146865845, 0.4771000000000001, 0.4685512771233037, '01:27']
[9, 1.719195008277893, 1.4454153776168823, 0.49619999527931213, 0.4962, 0.48433434233655903, '01:27']
[10, 1.6279040575027466, 1.407642126083374, 0.4964999854564667, 0.4965, 0.4856405481810782, '01:27']
[11, 1.538162350654602, 1.3307069540023804, 0.5317999720573425, 0.5317999999999999, 0.5210453427634982, '01:29']
[12, 1.4977285861968994, 1.2946275472640991, 0.5389000177383423, 0.5389, 0.5288415065348571, '01:29']
[13, 1.4311168193817139, 1.2524049282073975, 0.5572999715805054, 0.5573, 0.5502293690704303, '01:27']
[14, 1.4198352098464966, 1.2165815830230713, 0.5666999816894531, 0.5667, 0.5631997371919577, '01:26']
[15, 1.351170539855957, 1.1912779808044434, 0.5748000144958496, 0.5748, 0.5705485863549632, '01:27']
[16, 1.3247233629226685, 1.176088809967041, 0.5812000036239624, 0.5812, 0.5743370776430947, '01:27']
[17, 1.2792308330535889, 1.1583842039108276, 0.5878999829292297, 0.5879, 0.5807103306797101, '01:26']
[18, 1.2710193395614624, 1.140447974205017, 0.5972999930381775, 0.5972999999999999, 0.5919447599813363, '01:26']
[19, 1.2538846731185913, 1.1288825273513794, 0.6021999716758728, 0.6022, 0.5985370271142199, '01:26']
[20, 1.2143936157226562, 1.11885404586792, 0.6065000295639038, 0.6065, 0.6016866584733843, '01:26']
[21, 1.170115351676941, 1.105637788772583, 0.6107000112533569, 0.6107, 0.6060119333401259, '01:26']
[22, 1.2003757953643799, 1.1016989946365356, 0.6121000051498413, 0.6121, 0.607315739456213, '01:26']
[23, 1.1614582538604736, 1.097568392753601, 0.6136999726295471, 0.6137, 0.6103255750075345, '01:26']
[24, 1.1417200565338135, 1.0909655094146729, 0.6180999875068665, 0.6181000000000001, 0.6139471997050212, '01:26']
[25, 1.1393396854400635, 1.0955754518508911, 0.6152999997138977, 0.6153000000000001, 0.6100874889458919, '01:26']
[26, 1.132313847541809, 1.0912907123565674, 0.6179999709129333, 0.618, 0.6137234200050041, '01:26']
[27, 1.1408284902572632, 1.0895718336105347, 0.6183000206947327, 0.6183, 0.6142767263198559, '01:26']
[28, 1.101888656616211, 1.087171196937561, 0.6187999844551086, 0.6188, 0.6149927535533364, '01:26']
[29, 1.1183542013168335, 1.0907968282699585, 0.6176999807357788, 0.6177, 0.6129911957639071, '01:26']

Tiempo de entrenamiento: 2630.16 segundos
/mnt/homeGPU/haoweihu/TFG/lib/python3.10/site-packages/fastai/learner.py:455: UserWarning: load_learner` uses Python's insecure pickle module, which can execute malicious arbitrary code when loading. Only load files you trust.
If you only need to load model weights and optimizer state, use the safe `Learner.load` instead.
  warn("load_learner` uses Python's insecure pickle module, which can execute malicious arbitrary code when loading. Only load files you trust.\nIf you only need to load model weights and optimizer state, use the safe `Learner.load` instead.")
Loss (valid): 1.0908
Accuracy (valid): 0.6177
Recall (valid): 0.6177
F1-Score (valid): 0.6130
/mnt/homeGPU/haoweihu/TFG/lib/python3.10/site-packages/torchvision/models/_utils.py:208: UserWarning: The parameter 'pretrained' is deprecated since 0.13 and may be removed in the future, please use 'weights' instead.
  warnings.warn(
/mnt/homeGPU/haoweihu/TFG/lib/python3.10/site-packages/torchvision/models/_utils.py:223: UserWarning: Arguments other than a weight enum or `None` for 'weights' are deprecated since 0.13 and may be removed in the future. The current behavior is equivalent to passing `weights=EfficientNet_V2_S_Weights.IMAGENET1K_V1`. You can also use `weights=EfficientNet_V2_S_Weights.DEFAULT` to get the most up-to-date weights.
  warnings.warn(msg)
Loss (test): 1.1053
Accuracy (test): 0.6101
Recall (test): 0.6101
F1-Score (test): 0.6046
---------------------------------------------------------------------------
Ejecutando: cifar_40pct_effnetv2s_fps_quant
---------------------------------------------------------------------------
False
Número total de imágenes en entrenamiento: 14882
Número total de imágenes en validación: 10000
Clases: ['airplane', 'automobile', 'bird', 'cat', 'deer', 'dog', 'frog', 'horse', 'ship', 'truck']
weights = None
[0, 3.188760280609131, 2.232842445373535, 0.2425999939441681, 0.2426, 0.23100050275281087, '02:03']
[1, 2.8791093826293945, 2.0023508071899414, 0.3188999891281128, 0.3189, 0.30910686063087167, '01:42']
[2, 2.588895320892334, 1.885480284690857, 0.3476000130176544, 0.3476, 0.3343340617530979, '01:43']
[3, 2.292649030685425, 1.7892699241638184, 0.36010000109672546, 0.3601, 0.3394749443048477, '01:43']
[4, 2.0725388526916504, 1.7322914600372314, 0.38089999556541443, 0.3809, 0.3707683445339086, '01:43']
[5, 1.9655402898788452, 1.6155680418014526, 0.4196999967098236, 0.4197, 0.41020194288885425, '01:43']
[6, 1.862579107284546, 1.5515474081039429, 0.4505000114440918, 0.45050000000000007, 0.4399599026919354, '01:43']
[7, 1.7315789461135864, 1.4647811651229858, 0.4837999939918518, 0.4837999999999999, 0.474986047902927, '01:43']
[8, 1.6420267820358276, 1.3738603591918945, 0.5088000297546387, 0.5088000000000001, 0.4994136089934679, '01:43']
[9, 1.5614279508590698, 1.3132601976394653, 0.5353999733924866, 0.5354000000000001, 0.5262445225463576, '01:43']
[10, 1.49553382396698, 1.2561618089675903, 0.5566999912261963, 0.5567, 0.5510952372491766, '01:43']
[11, 1.4337674379348755, 1.2124055624008179, 0.5666000247001648, 0.5666, 0.5620624478951617, '01:43']
[12, 1.36580228805542, 1.1611372232437134, 0.588699996471405, 0.5887, 0.5865035444761759, '01:43']
[13, 1.3310651779174805, 1.1353482007980347, 0.597599983215332, 0.5976000000000001, 0.5964623855593352, '01:43']
[14, 1.2764512300491333, 1.1160610914230347, 0.6061000227928162, 0.6060999999999999, 0.6037408828294413, '01:43']
[15, 1.271349549293518, 1.0971269607543945, 0.6133999824523926, 0.6134000000000001, 0.6087776919814152, '01:47']
[16, 1.2263984680175781, 1.0804262161254883, 0.6187000274658203, 0.6187, 0.6155515532204612, '01:44']
[17, 1.1821894645690918, 1.0647634267807007, 0.6265000104904175, 0.6265, 0.6241237178518577, '01:43']
[18, 1.1689223051071167, 1.0535509586334229, 0.6227999925613403, 0.6227999999999999, 0.6199443682318722, '01:44']
[19, 1.1208860874176025, 1.0467411279678345, 0.6283000111579895, 0.6283000000000001, 0.6253312182366442, '01:44']
[20, 1.139087438583374, 1.0389056205749512, 0.6348000168800354, 0.6347999999999999, 0.6318255429673411, '01:43']
[21, 1.0996164083480835, 1.0329978466033936, 0.6333000063896179, 0.6333, 0.630048531760951, '01:44']
[22, 1.0886057615280151, 1.0261147022247314, 0.6355000138282776, 0.6355000000000001, 0.6332479451035058, '01:44']
[23, 1.0540128946304321, 1.0271546840667725, 0.6359999775886536, 0.636, 0.6335030192282936, '01:44']
[24, 1.0323240756988525, 1.0229980945587158, 0.6377999782562256, 0.6377999999999999, 0.6351715850098396, '01:43']
[25, 1.0510070323944092, 1.0220078229904175, 0.6355000138282776, 0.6355000000000001, 0.632863091656769, '01:43']
[26, 1.05289626121521, 1.0296952724456787, 0.6334999799728394, 0.6335, 0.6296835088891657, '01:43']
[27, 1.0192700624465942, 1.0268892049789429, 0.635699987411499, 0.6357, 0.6319575116321061, '01:44']
[28, 1.0383561849594116, 1.0181338787078857, 0.6389999985694885, 0.639, 0.6363937819981687, '01:43']
[29, 1.0049101114273071, 1.0202136039733887, 0.6373999714851379, 0.6374000000000001, 0.6347789540958486, '01:44']

Tiempo de entrenamiento: 3134.28 segundos
/mnt/homeGPU/haoweihu/TFG/lib/python3.10/site-packages/fastai/learner.py:455: UserWarning: load_learner` uses Python's insecure pickle module, which can execute malicious arbitrary code when loading. Only load files you trust.
If you only need to load model weights and optimizer state, use the safe `Learner.load` instead.
  warn("load_learner` uses Python's insecure pickle module, which can execute malicious arbitrary code when loading. Only load files you trust.\nIf you only need to load model weights and optimizer state, use the safe `Learner.load` instead.")
Loss (valid): 1.0202
Accuracy (valid): 0.6374
Recall (valid): 0.6374
F1-Score (valid): 0.6348
/mnt/homeGPU/haoweihu/TFG/lib/python3.10/site-packages/torchvision/models/_utils.py:208: UserWarning: The parameter 'pretrained' is deprecated since 0.13 and may be removed in the future, please use 'weights' instead.
  warnings.warn(
/mnt/homeGPU/haoweihu/TFG/lib/python3.10/site-packages/torchvision/models/_utils.py:223: UserWarning: Arguments other than a weight enum or `None` for 'weights' are deprecated since 0.13 and may be removed in the future. The current behavior is equivalent to passing `weights=EfficientNet_V2_S_Weights.IMAGENET1K_V1`. You can also use `weights=EfficientNet_V2_S_Weights.DEFAULT` to get the most up-to-date weights.
  warnings.warn(msg)
Loss (test): 1.0347
Accuracy (test): 0.6389
Recall (test): 0.6389
F1-Score (test): 0.6347
---------------------------------------------------------------------------
Ejecutando: cifar_50pct_effnetv2s_fps_quant
---------------------------------------------------------------------------
False
Número total de imágenes en entrenamiento: 18078
Número total de imágenes en validación: 10000
Clases: ['airplane', 'automobile', 'bird', 'cat', 'deer', 'dog', 'frog', 'horse', 'ship', 'truck']
weights = None
[0, 3.1717984676361084, 2.1966190338134766, 0.2565999925136566, 0.25660000000000005, 0.24117464329704258, '03:17']
[1, 2.815755605697632, 1.996702790260315, 0.32359999418258667, 0.32360000000000005, 0.30722219363507086, '01:59']
[2, 2.453315496444702, 1.859013319015503, 0.34119999408721924, 0.3412, 0.33050881966717827, '01:59']
[3, 2.1831796169281006, 1.744028925895691, 0.3806000053882599, 0.3806, 0.36564926400814857, '02:03']
[4, 1.9989694356918335, 1.773114800453186, 0.39160001277923584, 0.3916, 0.3799920692484683, '01:59']
[5, 1.8888802528381348, 1.5508370399475098, 0.44920000433921814, 0.4492, 0.4399428404826226, '01:59']
[6, 1.778885841369629, 1.488770842552185, 0.4778999984264374, 0.4779, 0.47008249464928553, '01:59']
[7, 1.6424312591552734, 1.377212643623352, 0.5121999979019165, 0.5122, 0.5021582492112536, '01:59']
[8, 1.5092421770095825, 1.2930604219436646, 0.5422000288963318, 0.5422, 0.5363287108506438, '01:58']
[9, 1.4307186603546143, 1.2350733280181885, 0.564300000667572, 0.5643, 0.556678271374027, '01:59']
[10, 1.3711612224578857, 1.176680326461792, 0.5791000127792358, 0.5791000000000001, 0.5744220974128196, '01:58']
[11, 1.3095991611480713, 1.1334238052368164, 0.5974000096321106, 0.5973999999999999, 0.5912316072304987, '01:59']
[12, 1.2693650722503662, 1.0991442203521729, 0.6122999787330627, 0.6123000000000001, 0.6083614756069535, '01:58']
[13, 1.2414336204528809, 1.0792409181594849, 0.6190000176429749, 0.619, 0.6156732561235241, '01:58']
[14, 1.2099061012268066, 1.0584522485733032, 0.6298999786376953, 0.6299, 0.6255403567160251, '01:59']
[15, 1.1650015115737915, 1.0527994632720947, 0.6320000290870667, 0.6319999999999999, 0.6270099491910028, '01:59']
[16, 1.1488467454910278, 1.0258768796920776, 0.6413999795913696, 0.6414, 0.6380845375755531, '02:02']
[17, 1.1151608228683472, 1.0184485912322998, 0.6448000073432922, 0.6447999999999998, 0.6404092886431819, '01:59']
[18, 1.0932836532592773, 1.004815697669983, 0.6509000062942505, 0.6508999999999998, 0.6458098277426002, '01:58']
[19, 1.097537636756897, 1.0009781122207642, 0.6488999724388123, 0.6489, 0.6444272321356357, '02:00']
[20, 1.050431489944458, 0.9963712692260742, 0.6509000062942505, 0.6509, 0.6464746051186113, '02:02']
[21, 1.0549778938293457, 0.9890782237052917, 0.6553000211715698, 0.6552999999999999, 0.650579143178572, '02:00']
[22, 1.0261844396591187, 0.9859844446182251, 0.6575000286102295, 0.6575, 0.6537781861510537, '01:59']
[23, 1.0048843622207642, 0.9804865121841431, 0.6610999703407288, 0.6611, 0.6576477968138534, '02:00']
[24, 1.0000510215759277, 0.9796850681304932, 0.657800018787384, 0.6578, 0.6539090789924085, '02:00']
[25, 0.9787480235099792, 0.9773285388946533, 0.6606000065803528, 0.6605999999999999, 0.6567255407665679, '02:00']
[26, 0.972447395324707, 0.9787683486938477, 0.6586999893188477, 0.6587, 0.6547714772431893, '02:00']
[27, 0.9839106798171997, 0.9777279496192932, 0.6588000059127808, 0.6587999999999999, 0.6551602134004952, '01:59']
[28, 0.977296769618988, 0.9798147678375244, 0.6597999930381775, 0.6597999999999999, 0.6558676420118175, '02:01']
[29, 0.9984378814697266, 0.9796805381774902, 0.6603999733924866, 0.6604, 0.656350848904504, '01:59']

Tiempo de entrenamiento: 3675.22 segundos
/mnt/homeGPU/haoweihu/TFG/lib/python3.10/site-packages/fastai/learner.py:455: UserWarning: load_learner` uses Python's insecure pickle module, which can execute malicious arbitrary code when loading. Only load files you trust.
If you only need to load model weights and optimizer state, use the safe `Learner.load` instead.
  warn("load_learner` uses Python's insecure pickle module, which can execute malicious arbitrary code when loading. Only load files you trust.\nIf you only need to load model weights and optimizer state, use the safe `Learner.load` instead.")
Loss (valid): 0.9797
Accuracy (valid): 0.6604
Recall (valid): 0.6604
F1-Score (valid): 0.6564
/mnt/homeGPU/haoweihu/TFG/lib/python3.10/site-packages/torchvision/models/_utils.py:208: UserWarning: The parameter 'pretrained' is deprecated since 0.13 and may be removed in the future, please use 'weights' instead.
  warnings.warn(
/mnt/homeGPU/haoweihu/TFG/lib/python3.10/site-packages/torchvision/models/_utils.py:223: UserWarning: Arguments other than a weight enum or `None` for 'weights' are deprecated since 0.13 and may be removed in the future. The current behavior is equivalent to passing `weights=EfficientNet_V2_S_Weights.IMAGENET1K_V1`. You can also use `weights=EfficientNet_V2_S_Weights.DEFAULT` to get the most up-to-date weights.
  warnings.warn(msg)
Loss (test): 0.9883
Accuracy (test): 0.6580
Recall (test): 0.6579
F1-Score (test): 0.6537
---------------------------------------------------------------------------
Ejecutando: cifar_60pct_effnetv2s_fps_quant
---------------------------------------------------------------------------
False
Número total de imágenes en entrenamiento: 21041
Número total de imágenes en validación: 10000
Clases: ['airplane', 'automobile', 'bird', 'cat', 'deer', 'dog', 'frog', 'horse', 'ship', 'truck']
weights = None
[0, 3.081958532333374, 2.1811606884002686, 0.2728999853134155, 0.27290000000000003, 0.26221869664468356, '02:41']
[1, 2.753060817718506, 1.9946269989013672, 0.3208000063896179, 0.3208, 0.30900234684410016, '02:13']
[2, 2.4120001792907715, 1.8457847833633423, 0.3440000116825104, 0.344, 0.3339948363830584, '02:13']
[3, 2.1153500080108643, 1.7206132411956787, 0.38199999928474426, 0.382, 0.3688195224719789, '02:13']
[4, 1.901631474494934, 1.6022104024887085, 0.4311000108718872, 0.4311, 0.4194196488633021, '02:12']
[5, 1.7712572813034058, 1.5032762289047241, 0.4641000032424927, 0.4641, 0.45385831850481007, '02:12']
[6, 1.6575126647949219, 1.3960833549499512, 0.5019000172615051, 0.5019, 0.4932257703778218, '02:12']
[7, 1.5281585454940796, 1.2853906154632568, 0.5397999882698059, 0.5398, 0.5334540588953115, '02:12']
[8, 1.4286179542541504, 1.2183911800384521, 0.5658000111579895, 0.5658000000000001, 0.5609638557943697, '02:12']
[9, 1.362200379371643, 1.151963233947754, 0.597100019454956, 0.5971, 0.591895550996782, '02:13']
[10, 1.3297029733657837, 1.1143332719802856, 0.6079999804496765, 0.608, 0.6058464763214924, '02:13']
[11, 1.2455440759658813, 1.059862732887268, 0.6255999803543091, 0.6256, 0.6208239758709501, '02:11']
[12, 1.204784631729126, 1.0367083549499512, 0.6359999775886536, 0.6359999999999999, 0.633973316345901, '02:11']
[13, 1.1755229234695435, 1.006030559539795, 0.6448000073432922, 0.6448, 0.6433953228633985, '02:11']
[14, 1.1653767824172974, 0.9992412328720093, 0.6527000069618225, 0.6527000000000001, 0.6488901361579922, '02:11']
[15, 1.126550316810608, 0.9852111339569092, 0.6563000082969666, 0.6563000000000001, 0.6534351522268288, '02:11']
[16, 1.0612869262695312, 0.9781648516654968, 0.6592000126838684, 0.6592, 0.6564299956480705, '02:11']
[17, 1.074249267578125, 0.9569498300552368, 0.6668000221252441, 0.6668000000000001, 0.6647125893602963, '02:11']
[18, 1.0303614139556885, 0.9543164968490601, 0.6661999821662903, 0.6661999999999999, 0.6638436920835892, '02:11']
[19, 1.015804409980774, 0.9525056481361389, 0.666100025177002, 0.6660999999999999, 0.6625476005415132, '02:11']
[20, 1.0094876289367676, 0.9463147521018982, 0.67330002784729, 0.6733, 0.6709838921475254, '02:11']
[21, 0.9909122586250305, 0.9416871070861816, 0.6730999946594238, 0.6731, 0.6697267126566074, '02:11']
[22, 0.9831175804138184, 0.9438891410827637, 0.6736000180244446, 0.6736, 0.6701520889983454, '02:11']
[23, 0.9673532843589783, 0.9340063333511353, 0.6761000156402588, 0.6761000000000001, 0.6743102601155474, '02:11']
[24, 0.9715905785560608, 0.9340245127677917, 0.6761000156402588, 0.6761, 0.6736073299019008, '02:12']
[25, 0.9362097382545471, 0.933549702167511, 0.6769000291824341, 0.6769000000000001, 0.6742376754828131, '02:17']
[26, 0.9192407727241516, 0.933299720287323, 0.6769000291824341, 0.6769000000000001, 0.6753350694142315, '02:14']
[27, 0.9390546679496765, 0.9303951859474182, 0.6761999726295471, 0.6762, 0.6747652902328529, '02:12']
[28, 0.9240114092826843, 0.9298078417778015, 0.678600013256073, 0.6786, 0.6766685522786738, '02:12']
[29, 0.9469527006149292, 0.9344069361686707, 0.6761000156402588, 0.6761, 0.6737544023106002, '02:12']

Tiempo de entrenamiento: 4005.49 segundos
/mnt/homeGPU/haoweihu/TFG/lib/python3.10/site-packages/fastai/learner.py:455: UserWarning: load_learner` uses Python's insecure pickle module, which can execute malicious arbitrary code when loading. Only load files you trust.
If you only need to load model weights and optimizer state, use the safe `Learner.load` instead.
  warn("load_learner` uses Python's insecure pickle module, which can execute malicious arbitrary code when loading. Only load files you trust.\nIf you only need to load model weights and optimizer state, use the safe `Learner.load` instead.")
Loss (valid): 0.9344
Accuracy (valid): 0.6761
Recall (valid): 0.6761
F1-Score (valid): 0.6738
/mnt/homeGPU/haoweihu/TFG/lib/python3.10/site-packages/torchvision/models/_utils.py:208: UserWarning: The parameter 'pretrained' is deprecated since 0.13 and may be removed in the future, please use 'weights' instead.
  warnings.warn(
/mnt/homeGPU/haoweihu/TFG/lib/python3.10/site-packages/torchvision/models/_utils.py:223: UserWarning: Arguments other than a weight enum or `None` for 'weights' are deprecated since 0.13 and may be removed in the future. The current behavior is equivalent to passing `weights=EfficientNet_V2_S_Weights.IMAGENET1K_V1`. You can also use `weights=EfficientNet_V2_S_Weights.DEFAULT` to get the most up-to-date weights.
  warnings.warn(msg)
Loss (test): 0.9572
Accuracy (test): 0.6662
Recall (test): 0.6661
F1-Score (test): 0.6628
---------------------------------------------------------------------------
Ejecutando: cifar_70pct_effnetv2s_fps_quant
---------------------------------------------------------------------------
False
Número total de imágenes en entrenamiento: 23765
Número total de imágenes en validación: 10000
Clases: ['airplane', 'automobile', 'bird', 'cat', 'deer', 'dog', 'frog', 'horse', 'ship', 'truck']
weights = None
[0, 3.001197338104248, 2.136691093444824, 0.28029999136924744, 0.2803, 0.2710454654725211, '02:44']
[1, 2.670210599899292, 1.9241206645965576, 0.33629998564720154, 0.33629999999999993, 0.33001599203129167, '02:26']
[2, 2.3596441745758057, 1.8089277744293213, 0.36160001158714294, 0.36160000000000003, 0.3497761751688574, '02:27']
[3, 2.0753822326660156, 1.695452332496643, 0.399399995803833, 0.3994, 0.39132282570595706, '02:26']
[4, 1.8762640953063965, 1.5708520412445068, 0.4372999966144562, 0.4373, 0.42340657384584235, '02:26']
[5, 1.7277798652648926, 1.455427885055542, 0.47780001163482666, 0.47780000000000006, 0.46676442852608224, '02:26']
[6, 1.5457745790481567, 1.3387819528579712, 0.5236999988555908, 0.5236999999999999, 0.5165524145344722, '02:25']
[7, 1.4509191513061523, 1.2348973751068115, 0.5602999925613403, 0.5603, 0.5536122793430381, '02:26']
[8, 1.38274085521698, 1.1577242612838745, 0.5913000106811523, 0.5913, 0.5852279736048518, '02:26']
[9, 1.3185580968856812, 1.106200933456421, 0.6100999712944031, 0.6101, 0.6033767504890372, '02:26']
[10, 1.2534749507904053, 1.0653258562088013, 0.6244999766349792, 0.6245, 0.6198015378885321, '02:26']
[11, 1.2099030017852783, 1.0487825870513916, 0.6317999958992004, 0.6318000000000001, 0.6267603644174551, '02:26']
[12, 1.1718535423278809, 1.0104560852050781, 0.6460000276565552, 0.646, 0.6441799948788872, '02:27']
[13, 1.1201684474945068, 1.0022802352905273, 0.6468999981880188, 0.6469, 0.6428311675616917, '02:26']
[14, 1.1059222221374512, 0.9776855707168579, 0.6568999886512756, 0.6569, 0.6536061647026857, '02:26']
[15, 1.090427279472351, 0.9690377116203308, 0.6582000255584717, 0.6582, 0.6561997222963261, '02:26']
[16, 1.0722540616989136, 0.9571043252944946, 0.6639999747276306, 0.664, 0.6614059001371697, '02:26']
[17, 1.0333136320114136, 0.9582599401473999, 0.6588000059127808, 0.6588, 0.6559500422164266, '02:26']
[18, 1.0046405792236328, 0.9511764645576477, 0.6690999865531921, 0.6690999999999999, 0.6663946752555086, '02:25']
[19, 1.004126787185669, 0.9399635791778564, 0.67330002784729, 0.6733, 0.6711294458383382, '02:25']
[20, 0.9671369791030884, 0.9368938207626343, 0.6753000020980835, 0.6753, 0.6734077074652995, '02:25']
[21, 0.9601939916610718, 0.9337837100028992, 0.6761999726295471, 0.6762, 0.6743362222480717, '02:25']
[22, 0.9752219319343567, 0.9342861175537109, 0.6766999959945679, 0.6767000000000001, 0.6741883455854987, '02:24']
[23, 0.9512988328933716, 0.9318882822990417, 0.6765000224113464, 0.6765, 0.6748520320399338, '02:24']
[24, 0.9217401742935181, 0.9318722486495972, 0.6757000088691711, 0.6757000000000001, 0.6733612286221603, '02:25']
[25, 0.9235345125198364, 0.9283952116966248, 0.679099977016449, 0.6791, 0.6775312656005363, '02:25']
[26, 0.9383077621459961, 0.9264842867851257, 0.6802999973297119, 0.6803, 0.6787165639720668, '02:25']
[27, 0.9256872534751892, 0.9289859533309937, 0.6776999831199646, 0.6777000000000001, 0.6757759102541546, '02:25']
[28, 0.8799460530281067, 0.9278925657272339, 0.677299976348877, 0.6773, 0.6757882659568197, '02:25']
[29, 0.9096049666404724, 0.9267409443855286, 0.677299976348877, 0.6773, 0.6751697727636914, '02:25']

Tiempo de entrenamiento: 4400.05 segundos
/mnt/homeGPU/haoweihu/TFG/lib/python3.10/site-packages/fastai/learner.py:455: UserWarning: load_learner` uses Python's insecure pickle module, which can execute malicious arbitrary code when loading. Only load files you trust.
If you only need to load model weights and optimizer state, use the safe `Learner.load` instead.
  warn("load_learner` uses Python's insecure pickle module, which can execute malicious arbitrary code when loading. Only load files you trust.\nIf you only need to load model weights and optimizer state, use the safe `Learner.load` instead.")
Loss (valid): 0.9267
Accuracy (valid): 0.6773
Recall (valid): 0.6773
F1-Score (valid): 0.6752
/mnt/homeGPU/haoweihu/TFG/lib/python3.10/site-packages/torchvision/models/_utils.py:208: UserWarning: The parameter 'pretrained' is deprecated since 0.13 and may be removed in the future, please use 'weights' instead.
  warnings.warn(
/mnt/homeGPU/haoweihu/TFG/lib/python3.10/site-packages/torchvision/models/_utils.py:223: UserWarning: Arguments other than a weight enum or `None` for 'weights' are deprecated since 0.13 and may be removed in the future. The current behavior is equivalent to passing `weights=EfficientNet_V2_S_Weights.IMAGENET1K_V1`. You can also use `weights=EfficientNet_V2_S_Weights.DEFAULT` to get the most up-to-date weights.
  warnings.warn(msg)
Loss (test): 0.9461
Accuracy (test): 0.6691
Recall (test): 0.6690
F1-Score (test): 0.6662
---------------------------------------------------------------------------
Ejecutando: cifar_80pct_effnetv2s_fps_quant
---------------------------------------------------------------------------
False
Número total de imágenes en entrenamiento: 26187
Número total de imágenes en validación: 10000
Clases: ['airplane', 'automobile', 'bird', 'cat', 'deer', 'dog', 'frog', 'horse', 'ship', 'truck']
weights = None
[0, 2.9708402156829834, 2.1191887855529785, 0.27900001406669617, 0.279, 0.2695012156594155, '02:56']
[1, 2.60105299949646, 1.903578758239746, 0.3352999985218048, 0.3353, 0.3281382858815609, '02:38']
[2, 2.2503867149353027, 1.7907341718673706, 0.3594000041484833, 0.3594, 0.3547500845267527, '02:38']
[3, 2.025911569595337, 1.665647029876709, 0.4077000021934509, 0.4077, 0.4003315605806222, '02:37']
[4, 1.8480300903320312, 1.5472811460494995, 0.4426000118255615, 0.4426, 0.43130615377555026, '02:38']
[5, 1.6567754745483398, 1.4340639114379883, 0.4885999858379364, 0.4886000000000001, 0.48131484819555104, '02:37']
[6, 1.489417314529419, 1.3091193437576294, 0.5338000059127808, 0.5338, 0.5207394520337552, '02:38']
[7, 1.3853845596313477, 1.20938241481781, 0.5751000046730042, 0.5751, 0.5705289527392237, '02:37']
[8, 1.3169937133789062, 1.1363896131515503, 0.5958999991416931, 0.5959, 0.5916274971832766, '02:37']
[9, 1.2525169849395752, 1.087414026260376, 0.6168000102043152, 0.6167999999999999, 0.6142002745262058, '02:37']
[10, 1.2087042331695557, 1.053768277168274, 0.6273000240325928, 0.6272999999999999, 0.6231369006151037, '02:42']
[11, 1.1702401638031006, 1.0163339376449585, 0.642300009727478, 0.6422999999999999, 0.6394620038037895, '02:42']
[12, 1.1236908435821533, 1.001009225845337, 0.6496000289916992, 0.6496000000000001, 0.646692770455654, '02:41']
[13, 1.0853735208511353, 0.9873849749565125, 0.6556000113487244, 0.6556, 0.6526528857007795, '02:44']
[14, 1.0806735754013062, 0.9710499048233032, 0.6606000065803528, 0.6606, 0.6580067610615296, '02:45']
[15, 1.0288869142532349, 0.9644065499305725, 0.6653000116348267, 0.6653, 0.6630717562692313, '02:46']
[16, 1.0425167083740234, 0.9526103734970093, 0.66839998960495, 0.6684, 0.6646237221631612, '02:42']
[17, 0.9772223830223083, 0.9432340860366821, 0.6700999736785889, 0.6700999999999999, 0.6688498014183454, '02:43']
[18, 0.9990375638008118, 0.9392964839935303, 0.6732000112533569, 0.6731999999999999, 0.6703932419696768, '02:43']
[19, 0.9539355039596558, 0.9270992279052734, 0.6758999824523926, 0.6759, 0.6741504386368212, '02:43']
[20, 0.9483314752578735, 0.928026556968689, 0.6751999855041504, 0.6752, 0.6721964653956806, '02:42']
[21, 0.9372421503067017, 0.9255112409591675, 0.6769000291824341, 0.6769000000000001, 0.6745996549062175, '02:42']
[22, 0.9263991117477417, 0.919432520866394, 0.677299976348877, 0.6773, 0.6755961240154899, '02:43']
[23, 0.8943212628364563, 0.9226601719856262, 0.6782000064849854, 0.6781999999999999, 0.6756659024100143, '02:43']
[24, 0.8875868916511536, 0.9186058640480042, 0.6811000108718872, 0.6811, 0.6794065772814407, '02:41']
[25, 0.8769395351409912, 0.9153407216072083, 0.6812999844551086, 0.6813, 0.6798116824995811, '02:43']
[26, 0.879490852355957, 0.9164630174636841, 0.6812000274658203, 0.6812, 0.6786095822097336, '02:42']
[27, 0.8923762440681458, 0.9193164110183716, 0.680400013923645, 0.6804000000000001, 0.6775602225298931, '02:42']
[28, 0.8728919625282288, 0.9191316366195679, 0.6793000102043152, 0.6792999999999999, 0.6762871270358004, '02:42']
[29, 0.8593238592147827, 0.9167079925537109, 0.6807000041007996, 0.6807, 0.678072618174604, '02:40']

Tiempo de entrenamiento: 4858.66 segundos
/mnt/homeGPU/haoweihu/TFG/lib/python3.10/site-packages/fastai/learner.py:455: UserWarning: load_learner` uses Python's insecure pickle module, which can execute malicious arbitrary code when loading. Only load files you trust.
If you only need to load model weights and optimizer state, use the safe `Learner.load` instead.
  warn("load_learner` uses Python's insecure pickle module, which can execute malicious arbitrary code when loading. Only load files you trust.\nIf you only need to load model weights and optimizer state, use the safe `Learner.load` instead.")
Loss (valid): 0.9167
Accuracy (valid): 0.6807
Recall (valid): 0.6807
F1-Score (valid): 0.6781
/mnt/homeGPU/haoweihu/TFG/lib/python3.10/site-packages/torchvision/models/_utils.py:208: UserWarning: The parameter 'pretrained' is deprecated since 0.13 and may be removed in the future, please use 'weights' instead.
  warnings.warn(
/mnt/homeGPU/haoweihu/TFG/lib/python3.10/site-packages/torchvision/models/_utils.py:223: UserWarning: Arguments other than a weight enum or `None` for 'weights' are deprecated since 0.13 and may be removed in the future. The current behavior is equivalent to passing `weights=EfficientNet_V2_S_Weights.IMAGENET1K_V1`. You can also use `weights=EfficientNet_V2_S_Weights.DEFAULT` to get the most up-to-date weights.
  warnings.warn(msg)
Loss (test): 0.9295
Accuracy (test): 0.6797
Recall (test): 0.6797
F1-Score (test): 0.6767
---------------------------------------------------------------------------
Ejecutando: cifar_90pct_effnetv2s_fps_quant
---------------------------------------------------------------------------
False
Número total de imágenes en entrenamiento: 28477
Número total de imágenes en validación: 10000
Clases: ['airplane', 'automobile', 'bird', 'cat', 'deer', 'dog', 'frog', 'horse', 'ship', 'truck']
weights = None
[0, 2.99906063079834, 2.156409978866577, 0.28519999980926514, 0.2852, 0.26666034698011604, '03:26']
[1, 2.6131861209869385, 1.917828917503357, 0.34360000491142273, 0.3436, 0.3355861074832437, '02:50']
[2, 2.1909091472625732, 1.7720063924789429, 0.36570000648498535, 0.3657, 0.3507640417813246, '02:50']
[3, 1.9788738489151, 1.6585335731506348, 0.4106999933719635, 0.4107, 0.40564293096909354, '02:51']
[4, 1.7748804092407227, 1.5231550931930542, 0.4562999904155731, 0.4563, 0.4460207870401757, '02:51']
[5, 1.6140539646148682, 1.3860899209976196, 0.5055999755859375, 0.5055999999999999, 0.49456808783904893, '02:50']
[6, 1.453038215637207, 1.2525471448898315, 0.5541999936103821, 0.5541999999999999, 0.5494875501020487, '02:50']
[7, 1.346808671951294, 1.164372205734253, 0.5878999829292297, 0.5879, 0.5847112757984666, '02:50']
[8, 1.2830532789230347, 1.1044679880142212, 0.609499990940094, 0.6094999999999999, 0.6036747243806951, '02:50']
[9, 1.2288769483566284, 1.0594897270202637, 0.6243000030517578, 0.6243, 0.622255441347835, '02:50']
[10, 1.1767699718475342, 1.0327873229980469, 0.6345999836921692, 0.6345999999999999, 0.6293482223011359, '02:50']
[11, 1.128389596939087, 1.0018572807312012, 0.6485999822616577, 0.6486, 0.6475561486111483, '02:50']
[12, 1.1000698804855347, 0.9830420017242432, 0.6535999774932861, 0.6536000000000001, 0.6498969196651329, '02:50']
[13, 1.067168951034546, 0.9715134501457214, 0.6575000286102295, 0.6575, 0.6554913967010176, '02:50']
[14, 1.036094069480896, 0.9570717811584473, 0.6620000004768372, 0.6619999999999999, 0.6592983244025863, '02:50']
[15, 0.9905189275741577, 0.9465128183364868, 0.66839998960495, 0.6684, 0.6673360385128214, '02:51']
[16, 1.008060097694397, 0.9415829181671143, 0.6704999804496765, 0.6705, 0.6681128950624193, '02:50']
[17, 0.9749200344085693, 0.9335460066795349, 0.6718000173568726, 0.6718000000000001, 0.6700862749962345, '02:50']
[18, 0.9579524397850037, 0.9264838695526123, 0.671999990940094, 0.6719999999999999, 0.6702818912758669, '02:51']
[19, 0.9467388987541199, 0.9249483346939087, 0.6743000149726868, 0.6742999999999999, 0.6722694997802899, '02:49']
[20, 0.9249337315559387, 0.9244586825370789, 0.6751000285148621, 0.6751, 0.6733557617342557, '02:51']
[21, 0.9205586314201355, 0.9242540001869202, 0.6736999750137329, 0.6737000000000001, 0.6719928411888254, '02:51']
[22, 0.8977279663085938, 0.919379472732544, 0.6783000230789185, 0.6783000000000001, 0.6751149854232945, '02:49']
[23, 0.9009270071983337, 0.9142770767211914, 0.6775000095367432, 0.6775, 0.6762136997483105, '02:50']
[24, 0.8813598155975342, 0.9127594828605652, 0.6766999959945679, 0.6767, 0.6745879019042114, '02:50']
[25, 0.8928519487380981, 0.9141983389854431, 0.679099977016449, 0.6791, 0.6769639202773348, '02:50']
[26, 0.8691842555999756, 0.9107384085655212, 0.6800000071525574, 0.6799999999999999, 0.6788499809026475, '02:50']
[27, 0.8829107284545898, 0.9141677618026733, 0.6815000176429749, 0.6815, 0.6801135586568995, '02:50']
[28, 0.8250187635421753, 0.9125445485115051, 0.6794000267982483, 0.6794, 0.6775799753062096, '02:50']
[29, 0.8631865382194519, 0.9133546948432922, 0.679099977016449, 0.6791, 0.6773083160342013, '02:52']

Tiempo de entrenamiento: 5157.18 segundos
/mnt/homeGPU/haoweihu/TFG/lib/python3.10/site-packages/fastai/learner.py:455: UserWarning: load_learner` uses Python's insecure pickle module, which can execute malicious arbitrary code when loading. Only load files you trust.
If you only need to load model weights and optimizer state, use the safe `Learner.load` instead.
  warn("load_learner` uses Python's insecure pickle module, which can execute malicious arbitrary code when loading. Only load files you trust.\nIf you only need to load model weights and optimizer state, use the safe `Learner.load` instead.")
Loss (valid): 0.9134
Accuracy (valid): 0.6791
Recall (valid): 0.6791
F1-Score (valid): 0.6773
Loss (test): 0.9092
Accuracy (test): 0.6874
Recall (test): 0.6875
F1-Score (test): 0.6850
mail: cannot send message: Process exited with a non-zero status
