/mnt/homeGPU/haoweihu/TFG/lib/python3.10/site-packages/torchvision/models/_utils.py:208: UserWarning: The parameter 'pretrained' is deprecated since 0.13 and may be removed in the future, please use 'weights' instead.
  warnings.warn(
/mnt/homeGPU/haoweihu/TFG/lib/python3.10/site-packages/torchvision/models/_utils.py:223: UserWarning: Arguments other than a weight enum or `None` for 'weights' are deprecated since 0.13 and may be removed in the future. The current behavior is equivalent to passing `weights=EfficientNet_V2_S_Weights.IMAGENET1K_V1`. You can also use `weights=EfficientNet_V2_S_Weights.DEFAULT` to get the most up-to-date weights.
  warnings.warn(msg)
---------------------------------------------------------------------------
Ejecutando: fmnist_10pct_effnetv2s_fps_quant
---------------------------------------------------------------------------
False
Número total de imágenes en entrenamiento: 4800
Número total de imágenes en validación: 12000
Clases: ['Ankle boot', 'Bag', 'Coat', 'Dress', 'Pullover', 'Sandal', 'Shirt', 'Sneaker', 'T-shirt', 'Trouser']
weights = None
[0, 3.153944492340088, 1.9032907485961914, 0.3384166657924652, 0.33841666666666664, 0.30202097666402417, '01:13']
[1, 2.3979523181915283, 1.2783362865447998, 0.530916690826416, 0.5309166666666666, 0.5221520946969657, '01:02']
[2, 1.9082403182983398, 1.0646774768829346, 0.6223333477973938, 0.6223333333333334, 0.6153878019064557, '01:02']
[3, 1.6668057441711426, 0.9170793294906616, 0.6638333201408386, 0.6638333333333335, 0.663130024657969, '01:02']
[4, 1.4459201097488403, 0.8504359722137451, 0.6894166469573975, 0.6894166666666666, 0.687052221230841, '01:02']
[5, 1.3075588941574097, 0.7770944237709045, 0.7238333225250244, 0.7238333333333333, 0.7158482499909027, '01:02']
[6, 1.1698509454727173, 0.7026772499084473, 0.7394999861717224, 0.7395, 0.7409299728617145, '01:02']
[7, 1.0409314632415771, 0.6485560536384583, 0.7569166421890259, 0.7569166666666667, 0.7583410732561113, '01:03']
[8, 0.9584590792655945, 0.6454986333847046, 0.7553333044052124, 0.7553333333333334, 0.7536679921411407, '01:03']
[9, 0.8944544792175293, 0.6221762895584106, 0.7595000267028809, 0.7595000000000001, 0.7548522847848936, '01:03']
[10, 0.8490228056907654, 0.580915629863739, 0.7747499942779541, 0.7747499999999999, 0.7674440410713359, '01:04']
[11, 0.806439220905304, 0.5792772769927979, 0.7746666669845581, 0.7746666666666666, 0.7697971686279635, '01:04']
[12, 0.7684922814369202, 0.5652145743370056, 0.780916690826416, 0.7809166666666667, 0.77797307518938, '01:04']
[13, 0.7294972538948059, 0.5519999861717224, 0.7879999876022339, 0.788, 0.7850232376703801, '01:04']
[14, 0.7143129706382751, 0.5210616588592529, 0.8015833497047424, 0.8015833333333335, 0.8020570649943866, '01:02']
[15, 0.67746502161026, 0.500058650970459, 0.8137500286102295, 0.81375, 0.8136597748208567, '01:03']
[16, 0.6486800909042358, 0.4976285696029663, 0.8111666440963745, 0.8111666666666666, 0.8110568509335568, '01:03']
[17, 0.6208698153495789, 0.4911017119884491, 0.8105000257492065, 0.8105, 0.8089166307910279, '01:03']
[18, 0.6037787199020386, 0.46743351221084595, 0.8190833330154419, 0.8190833333333334, 0.8164598621136925, '01:03']
[19, 0.611388087272644, 0.4680381119251251, 0.8216666579246521, 0.8216666666666667, 0.8166091172644163, '01:02']
[20, 0.5978389978408813, 0.47490718960762024, 0.8172500133514404, 0.8172499999999999, 0.8127730259304877, '01:03']
[21, 0.5685826539993286, 0.45161283016204834, 0.8252500295639038, 0.8252499999999999, 0.8232221332895933, '01:03']
[22, 0.5681195259094238, 0.45839861035346985, 0.8240833282470703, 0.8240833333333333, 0.8221453182063815, '01:03']
[23, 0.5539451837539673, 0.44620439410209656, 0.8290833234786987, 0.8290833333333334, 0.8282923715604464, '01:06']
[24, 0.546951949596405, 0.4436361789703369, 0.8306666612625122, 0.8306666666666664, 0.8296327937627369, '01:04']
[25, 0.5349785685539246, 0.4428831934928894, 0.8295833468437195, 0.8295833333333335, 0.8282975890790251, '01:04']
[26, 0.5353469848632812, 0.44250208139419556, 0.8295833468437195, 0.8295833333333332, 0.8286208423624363, '01:03']
[27, 0.5422457456588745, 0.44472962617874146, 0.8301666378974915, 0.8301666666666666, 0.828691611218014, '01:04']
[28, 0.5333266854286194, 0.44075098633766174, 0.8299999833106995, 0.8299999999999998, 0.829151669051034, '01:03']
[29, 0.5236877799034119, 0.44228294491767883, 0.8303333520889282, 0.8303333333333335, 0.8287764225684761, '01:03']

Tiempo de entrenamiento: 1917.08 segundos
/mnt/homeGPU/haoweihu/TFG/lib/python3.10/site-packages/fastai/learner.py:455: UserWarning: load_learner` uses Python's insecure pickle module, which can execute malicious arbitrary code when loading. Only load files you trust.
If you only need to load model weights and optimizer state, use the safe `Learner.load` instead.
  warn("load_learner` uses Python's insecure pickle module, which can execute malicious arbitrary code when loading. Only load files you trust.\nIf you only need to load model weights and optimizer state, use the safe `Learner.load` instead.")
Loss (valid): 0.4423
Accuracy (valid): 0.8303
Recall (valid): 0.8303
F1-Score (valid): 0.8288
/mnt/homeGPU/haoweihu/TFG/lib/python3.10/site-packages/torchvision/models/_utils.py:208: UserWarning: The parameter 'pretrained' is deprecated since 0.13 and may be removed in the future, please use 'weights' instead.
  warnings.warn(
/mnt/homeGPU/haoweihu/TFG/lib/python3.10/site-packages/torchvision/models/_utils.py:223: UserWarning: Arguments other than a weight enum or `None` for 'weights' are deprecated since 0.13 and may be removed in the future. The current behavior is equivalent to passing `weights=EfficientNet_V2_S_Weights.IMAGENET1K_V1`. You can also use `weights=EfficientNet_V2_S_Weights.DEFAULT` to get the most up-to-date weights.
  warnings.warn(msg)
Loss (test): 2.7513
Accuracy (test): 0.6455
Recall (test): 0.6456
F1-Score (test): 0.6486
---------------------------------------------------------------------------
Ejecutando: fmnist_20pct_effnetv2s_fps_quant
---------------------------------------------------------------------------
False
Número total de imágenes en entrenamiento: 9600
Número total de imágenes en validación: 12000
Clases: ['Ankle boot', 'Bag', 'Coat', 'Dress', 'Pullover', 'Sandal', 'Shirt', 'Sneaker', 'T-shirt', 'Trouser']
weights = None
[0, 2.5324432849884033, 1.4559766054153442, 0.48266667127609253, 0.48266666666666663, 0.466398124805003, '01:46']
[1, 1.8958117961883545, 1.0426952838897705, 0.6234999895095825, 0.6235, 0.619470908302709, '01:27']
[2, 1.5591784715652466, 0.898065984249115, 0.6710833311080933, 0.6710833333333334, 0.6704574980048082, '01:28']
[3, 1.3754477500915527, 0.793804943561554, 0.7141666412353516, 0.7141666666666667, 0.7123792911274271, '01:29']
[4, 1.1169517040252686, 0.74776691198349, 0.7200000286102295, 0.72, 0.7077380737316257, '01:26']
[5, 1.0175193548202515, 0.6830394864082336, 0.734083354473114, 0.7340833333333333, 0.7238512152204334, '01:27']
[6, 0.8719396591186523, 0.6120113730430603, 0.7711666822433472, 0.7711666666666666, 0.7629950957843443, '01:27']
[7, 0.7884019017219543, 0.5738617181777954, 0.7777500152587891, 0.7777499999999999, 0.7768424503266361, '01:27']
[8, 0.7589760422706604, 0.5285464525222778, 0.7944166660308838, 0.7944166666666667, 0.7863034489819992, '01:27']
[9, 0.711624801158905, 0.49344247579574585, 0.8111666440963745, 0.8111666666666668, 0.8084286444805626, '01:27']
[10, 0.664643406867981, 0.4793756902217865, 0.8170833587646484, 0.8170833333333333, 0.8139610607528418, '01:30']
[11, 0.6378856897354126, 0.4439321756362915, 0.8343333601951599, 0.8343333333333334, 0.8318207198677227, '01:26']
[12, 0.5882118940353394, 0.4342690706253052, 0.8355833292007446, 0.8355833333333333, 0.8330898005097105, '01:26']
[13, 0.5675730109214783, 0.4197317361831665, 0.8412500023841858, 0.8412499999999999, 0.8398229550007155, '01:26']
[14, 0.5592232942581177, 0.4226008355617523, 0.8417500257492065, 0.84175, 0.8398255183036956, '01:27']
[15, 0.5242496132850647, 0.39724963903427124, 0.8538333177566528, 0.8538333333333334, 0.8540642341554859, '01:27']
[16, 0.5233703851699829, 0.3982689082622528, 0.8530833125114441, 0.8530833333333334, 0.8513804211432356, '01:27']
[17, 0.5230568647384644, 0.39492130279541016, 0.8516666889190674, 0.8516666666666666, 0.8506045696713878, '01:30']
[18, 0.5014581084251404, 0.38821688294410706, 0.8556666374206543, 0.8556666666666667, 0.8555500921065139, '01:27']
[19, 0.47818055748939514, 0.38555070757865906, 0.8557500243186951, 0.8557499999999999, 0.8544323335575029, '01:27']
[20, 0.47304168343544006, 0.3715939521789551, 0.8616666793823242, 0.8616666666666667, 0.861261926245216, '01:27']
[21, 0.4607342481613159, 0.37505200505256653, 0.859499990940094, 0.8595, 0.8588238175282065, '01:27']
[22, 0.45689043402671814, 0.3758930265903473, 0.8602499961853027, 0.86025, 0.8599854283409891, '01:27']
[23, 0.438724547624588, 0.3736227750778198, 0.859666645526886, 0.8596666666666666, 0.8581300626176297, '01:30']
[24, 0.4431886076927185, 0.3778328597545624, 0.8576666712760925, 0.8576666666666668, 0.856658636410471, '01:27']
[25, 0.42317473888397217, 0.3703415095806122, 0.8604999780654907, 0.8605, 0.8592435390961264, '01:27']
[26, 0.42749863862991333, 0.3714372515678406, 0.8603333234786987, 0.8603333333333334, 0.8594656360936643, '01:27']
[27, 0.43030062317848206, 0.372956246137619, 0.859499990940094, 0.8594999999999999, 0.8584971118981629, '01:28']
[28, 0.4283926784992218, 0.3704971969127655, 0.859250009059906, 0.85925, 0.8581205716458008, '01:28']
[29, 0.42350003123283386, 0.36995401978492737, 0.8598333597183228, 0.8598333333333332, 0.8588455202602585, '01:28']

Tiempo de entrenamiento: 2651.40 segundos
/mnt/homeGPU/haoweihu/TFG/lib/python3.10/site-packages/fastai/learner.py:455: UserWarning: load_learner` uses Python's insecure pickle module, which can execute malicious arbitrary code when loading. Only load files you trust.
If you only need to load model weights and optimizer state, use the safe `Learner.load` instead.
  warn("load_learner` uses Python's insecure pickle module, which can execute malicious arbitrary code when loading. Only load files you trust.\nIf you only need to load model weights and optimizer state, use the safe `Learner.load` instead.")
Loss (valid): 0.3700
Accuracy (valid): 0.8598
Recall (valid): 0.8598
F1-Score (valid): 0.8588
/mnt/homeGPU/haoweihu/TFG/lib/python3.10/site-packages/torchvision/models/_utils.py:208: UserWarning: The parameter 'pretrained' is deprecated since 0.13 and may be removed in the future, please use 'weights' instead.
  warnings.warn(
/mnt/homeGPU/haoweihu/TFG/lib/python3.10/site-packages/torchvision/models/_utils.py:223: UserWarning: Arguments other than a weight enum or `None` for 'weights' are deprecated since 0.13 and may be removed in the future. The current behavior is equivalent to passing `weights=EfficientNet_V2_S_Weights.IMAGENET1K_V1`. You can also use `weights=EfficientNet_V2_S_Weights.DEFAULT` to get the most up-to-date weights.
  warnings.warn(msg)
Loss (test): 2.6574
Accuracy (test): 0.6793
Recall (test): 0.6794
F1-Score (test): 0.6790
---------------------------------------------------------------------------
Ejecutando: fmnist_30pct_effnetv2s_fps_quant
---------------------------------------------------------------------------
False
Número total de imágenes en entrenamiento: 14272
Número total de imágenes en validación: 12000
Clases: ['Ankle boot', 'Bag', 'Coat', 'Dress', 'Pullover', 'Sandal', 'Shirt', 'Sneaker', 'T-shirt', 'Trouser']
weights = None
[0, 2.2720754146575928, 1.236548900604248, 0.5566666722297668, 0.5566666666666668, 0.5466941127908218, '02:09']
[1, 1.6837961673736572, 0.9242272973060608, 0.6702499985694885, 0.67025, 0.6669243965732322, '01:48']
[2, 1.373950719833374, 0.7946584224700928, 0.7081666588783264, 0.7081666666666668, 0.7120799368796933, '01:48']
[3, 1.155045747756958, 0.7191187143325806, 0.734416663646698, 0.7344166666666666, 0.7281085380439316, '01:49']
[4, 0.968940258026123, 0.6511358022689819, 0.7536666393280029, 0.7536666666666666, 0.7505042694466734, '01:49']
[5, 0.8505493402481079, 0.5882793068885803, 0.7761666774749756, 0.7761666666666667, 0.77439603865825, '01:48']
[6, 0.7440786361694336, 0.5556575655937195, 0.7900833487510681, 0.7900833333333332, 0.7896570337159601, '01:48']
[7, 0.6934863328933716, 0.4759805202484131, 0.8188333511352539, 0.8188333333333333, 0.8172118897778491, '01:48']
[8, 0.6517865657806396, 0.45576781034469604, 0.8240000009536743, 0.8240000000000001, 0.8224117855097501, '01:47']
[9, 0.6213349103927612, 0.4313105046749115, 0.8396666646003723, 0.8396666666666667, 0.8405419050272732, '01:48']
[10, 0.5831364393234253, 0.4158737361431122, 0.8395000100135803, 0.8394999999999999, 0.8371149327290427, '01:48']
[11, 0.5737807154655457, 0.4064604938030243, 0.8396666646003723, 0.8396666666666667, 0.8381474603245163, '01:48']
[12, 0.5351036787033081, 0.3852539360523224, 0.8533333539962769, 0.8533333333333333, 0.853650205245188, '01:48']
[13, 0.5230441689491272, 0.373953640460968, 0.8584166765213013, 0.8584166666666666, 0.8579718953112785, '01:48']
[14, 0.5014155507087708, 0.3679560422897339, 0.8608333468437195, 0.8608333333333332, 0.8604709622095672, '01:48']
[15, 0.5062198042869568, 0.365873247385025, 0.8613333106040955, 0.8613333333333333, 0.8610016924949623, '01:47']
[16, 0.4588802456855774, 0.3536566197872162, 0.8643333315849304, 0.8643333333333333, 0.8627533600652875, '01:46']
[17, 0.46016165614128113, 0.34759095311164856, 0.8670833110809326, 0.8670833333333332, 0.8663124457477537, '01:49']
[18, 0.44090163707733154, 0.34029680490493774, 0.8684166669845581, 0.8684166666666666, 0.8676926360208368, '01:49']
[19, 0.43355420231819153, 0.346719354391098, 0.8668333292007446, 0.8668333333333333, 0.8658563690881076, '01:48']
[20, 0.43567875027656555, 0.34134453535079956, 0.8691666722297668, 0.8691666666666666, 0.8687488405143471, '01:49']
[21, 0.418048620223999, 0.33382222056388855, 0.8712499737739563, 0.8712500000000001, 0.871149142178709, '01:49']
[22, 0.42155322432518005, 0.3321319818496704, 0.8725833296775818, 0.8725833333333334, 0.8718558586296832, '01:48']
[23, 0.4117896854877472, 0.33137890696525574, 0.8740000128746033, 0.874, 0.8730414828601244, '01:47']
[24, 0.4088652729988098, 0.33225834369659424, 0.8725833296775818, 0.8725833333333334, 0.8717023730027307, '01:47']
[25, 0.397688090801239, 0.3328150510787964, 0.8737499713897705, 0.87375, 0.8728229342345116, '01:47']
[26, 0.3856639564037323, 0.3345364034175873, 0.871666669845581, 0.8716666666666667, 0.8711221215164274, '01:47']
[27, 0.39373457431793213, 0.3316754698753357, 0.8733333349227905, 0.8733333333333334, 0.8727536401774184, '01:47']
[28, 0.4007507860660553, 0.33181872963905334, 0.8736666440963745, 0.8736666666666666, 0.8727443732250822, '01:47']
No improvement since epoch 23: early stopping

Tiempo de entrenamiento: 3160.88 segundos
/mnt/homeGPU/haoweihu/TFG/lib/python3.10/site-packages/fastai/learner.py:455: UserWarning: load_learner` uses Python's insecure pickle module, which can execute malicious arbitrary code when loading. Only load files you trust.
If you only need to load model weights and optimizer state, use the safe `Learner.load` instead.
  warn("load_learner` uses Python's insecure pickle module, which can execute malicious arbitrary code when loading. Only load files you trust.\nIf you only need to load model weights and optimizer state, use the safe `Learner.load` instead.")
Loss (valid): 0.3318
Accuracy (valid): 0.8737
Recall (valid): 0.8737
F1-Score (valid): 0.8727
/mnt/homeGPU/haoweihu/TFG/lib/python3.10/site-packages/torchvision/models/_utils.py:208: UserWarning: The parameter 'pretrained' is deprecated since 0.13 and may be removed in the future, please use 'weights' instead.
  warnings.warn(
/mnt/homeGPU/haoweihu/TFG/lib/python3.10/site-packages/torchvision/models/_utils.py:223: UserWarning: Arguments other than a weight enum or `None` for 'weights' are deprecated since 0.13 and may be removed in the future. The current behavior is equivalent to passing `weights=EfficientNet_V2_S_Weights.IMAGENET1K_V1`. You can also use `weights=EfficientNet_V2_S_Weights.DEFAULT` to get the most up-to-date weights.
  warnings.warn(msg)
Loss (test): 2.8771
Accuracy (test): 0.6866
Recall (test): 0.6866
F1-Score (test): 0.6905
---------------------------------------------------------------------------
Ejecutando: fmnist_40pct_effnetv2s_fps_quant
---------------------------------------------------------------------------
False
Número total de imágenes en entrenamiento: 18967
Número total de imágenes en validación: 12000
Clases: ['Ankle boot', 'Bag', 'Coat', 'Dress', 'Pullover', 'Sandal', 'Shirt', 'Sneaker', 'T-shirt', 'Trouser']
weights = None
[0, 2.094442129135132, 1.1782771348953247, 0.5728333592414856, 0.5728333333333334, 0.5677180788154614, '02:30']
[1, 1.5199977159500122, 0.9228788018226624, 0.6543333530426025, 0.6543333333333333, 0.6534723788660278, '02:10']
[2, 1.2560513019561768, 0.7689034938812256, 0.7142500281333923, 0.71425, 0.7127508348699194, '02:11']
[3, 1.0198827981948853, 0.6893380284309387, 0.737583339214325, 0.7375833333333335, 0.7331201654278916, '02:11']
[4, 0.8840700387954712, 0.6016044616699219, 0.7711666822433472, 0.7711666666666667, 0.7607620385411482, '02:11']
[5, 0.753375768661499, 0.53167724609375, 0.7929999828338623, 0.7929999999999999, 0.7897979474096342, '02:11']
[6, 0.6984534859657288, 0.4527455270290375, 0.8274999856948853, 0.8275, 0.8273471830530987, '02:10']
[7, 0.634239137172699, 0.43979671597480774, 0.8241666555404663, 0.8241666666666667, 0.8237807892966273, '02:10']
[8, 0.6061170697212219, 0.4044073224067688, 0.8471666574478149, 0.8471666666666666, 0.8477514210807424, '02:10']
[9, 0.558419942855835, 0.3779652416706085, 0.8568333387374878, 0.8568333333333333, 0.8561228513639939, '02:10']
[10, 0.5333263278007507, 0.3761724829673767, 0.8558333516120911, 0.8558333333333333, 0.8565739188646783, '02:10']
[11, 0.5121792554855347, 0.36269548535346985, 0.8619166612625122, 0.8619166666666667, 0.862232871582283, '02:11']
[12, 0.5001835823059082, 0.34573957324028015, 0.8714166879653931, 0.8714166666666667, 0.8714144724223047, '02:10']
[13, 0.4791691303253174, 0.3393765389919281, 0.8715000152587891, 0.8714999999999999, 0.8713820712922493, '02:10']
[14, 0.46023494005203247, 0.33075717091560364, 0.8762500286102295, 0.8762500000000001, 0.8755064518284479, '02:11']
[15, 0.45850908756256104, 0.3232439160346985, 0.8786666393280029, 0.8786666666666667, 0.8785094454832978, '02:13']
[16, 0.4343167245388031, 0.3171598017215729, 0.8805833458900452, 0.8805833333333334, 0.8801391317820342, '02:10']
[17, 0.4104004502296448, 0.3206694424152374, 0.8794999718666077, 0.8795, 0.8778298211107758, '02:10']
[18, 0.41570332646369934, 0.3153298497200012, 0.8826666474342346, 0.8826666666666666, 0.8831209209802944, '02:10']
[19, 0.3919565677642822, 0.3079635202884674, 0.8855000138282776, 0.8855000000000001, 0.8853453980445636, '02:10']
[20, 0.36420387029647827, 0.3049919307231903, 0.8866666555404663, 0.8866666666666667, 0.885923833487324, '02:09']
[21, 0.4049829840660095, 0.3052213788032532, 0.8856666684150696, 0.8856666666666667, 0.8852714683322869, '02:12']
[22, 0.39118167757987976, 0.30134233832359314, 0.8869166374206543, 0.8869166666666667, 0.8868167062445069, '02:10']
[23, 0.36455318331718445, 0.3022999167442322, 0.8865833282470703, 0.8865833333333335, 0.8863450980426586, '02:09']
[24, 0.376337468624115, 0.30000609159469604, 0.887416660785675, 0.8874166666666665, 0.8870376318663571, '02:09']
[25, 0.36902621388435364, 0.2981197237968445, 0.887416660785675, 0.8874166666666667, 0.8871775135446173, '02:10']
[26, 0.36342427134513855, 0.2992269992828369, 0.8865000009536743, 0.8865000000000001, 0.8862616596487094, '02:10']
[27, 0.3572552800178528, 0.30024728178977966, 0.8880000114440918, 0.8879999999999999, 0.88772722024752, '02:13']
[28, 0.37071236968040466, 0.2995260953903198, 0.8865833282470703, 0.8865833333333333, 0.8862651245152728, '02:10']
[29, 0.3530232012271881, 0.30019521713256836, 0.8880833387374878, 0.8880833333333333, 0.8877095562177477, '02:13']

Tiempo de entrenamiento: 3946.93 segundos
/mnt/homeGPU/haoweihu/TFG/lib/python3.10/site-packages/fastai/learner.py:455: UserWarning: load_learner` uses Python's insecure pickle module, which can execute malicious arbitrary code when loading. Only load files you trust.
If you only need to load model weights and optimizer state, use the safe `Learner.load` instead.
  warn("load_learner` uses Python's insecure pickle module, which can execute malicious arbitrary code when loading. Only load files you trust.\nIf you only need to load model weights and optimizer state, use the safe `Learner.load` instead.")
Loss (valid): 0.3002
Accuracy (valid): 0.8881
Recall (valid): 0.8881
F1-Score (valid): 0.8877
/mnt/homeGPU/haoweihu/TFG/lib/python3.10/site-packages/torchvision/models/_utils.py:208: UserWarning: The parameter 'pretrained' is deprecated since 0.13 and may be removed in the future, please use 'weights' instead.
  warnings.warn(
/mnt/homeGPU/haoweihu/TFG/lib/python3.10/site-packages/torchvision/models/_utils.py:223: UserWarning: Arguments other than a weight enum or `None` for 'weights' are deprecated since 0.13 and may be removed in the future. The current behavior is equivalent to passing `weights=EfficientNet_V2_S_Weights.IMAGENET1K_V1`. You can also use `weights=EfficientNet_V2_S_Weights.DEFAULT` to get the most up-to-date weights.
  warnings.warn(msg)
Loss (test): 2.9407
Accuracy (test): 0.6972
Recall (test): 0.6971
F1-Score (test): 0.6993
---------------------------------------------------------------------------
Ejecutando: fmnist_50pct_effnetv2s_fps_quant
---------------------------------------------------------------------------
False
Número total de imágenes en entrenamiento: 23305
Número total de imágenes en validación: 12000
Clases: ['Ankle boot', 'Bag', 'Coat', 'Dress', 'Pullover', 'Sandal', 'Shirt', 'Sneaker', 'T-shirt', 'Trouser']
weights = None
[0, 1.9219045639038086, 1.1031053066253662, 0.5981666445732117, 0.5981666666666666, 0.5892658752660169, '03:27']
[1, 1.4299119710922241, 0.8509204983711243, 0.6846666932106018, 0.6846666666666666, 0.684443426588847, '02:33']
[2, 1.1391626596450806, 0.7664400339126587, 0.7080833315849304, 0.7080833333333333, 0.7088126286254908, '02:32']
[3, 0.8881625533103943, 0.6046031713485718, 0.7741666436195374, 0.7741666666666667, 0.7719934669844861, '02:33']
[4, 0.769851803779602, 0.5384477972984314, 0.7990000247955322, 0.799, 0.7949342732354878, '02:34']
[5, 0.6821544766426086, 0.5118352174758911, 0.8015833497047424, 0.8015833333333333, 0.8004724492476634, '02:33']
[6, 0.6384081840515137, 0.4524115324020386, 0.8266666531562805, 0.8266666666666668, 0.823652009829966, '02:32']
[7, 0.602420449256897, 0.41013264656066895, 0.8397499918937683, 0.8397500000000001, 0.841020964462334, '02:34']
[8, 0.5638705492019653, 0.41807088255882263, 0.8376666903495789, 0.8376666666666667, 0.8353411981613569, '02:33']
[9, 0.5245547294616699, 0.3473615348339081, 0.8670833110809326, 0.8670833333333334, 0.8648326619450512, '02:32']
[10, 0.4878426194190979, 0.3445318937301636, 0.8688333630561829, 0.8688333333333332, 0.8685791141439527, '02:31']
[11, 0.45981365442276, 0.3285835385322571, 0.871833324432373, 0.8718333333333333, 0.8727331832035693, '02:33']
[12, 0.4412768483161926, 0.3202463388442993, 0.8786666393280029, 0.8786666666666665, 0.8790983771891276, '02:32']
[13, 0.44475463032722473, 0.31733235716819763, 0.8805833458900452, 0.8805833333333334, 0.8799736703767916, '02:32']
[14, 0.4375743567943573, 0.3143395781517029, 0.8815833330154419, 0.8815833333333334, 0.8807924125801389, '02:33']
[15, 0.43439528346061707, 0.3094800114631653, 0.8845000267028809, 0.8845000000000001, 0.8838202006563382, '02:34']
[16, 0.40360215306282043, 0.30175521969795227, 0.8842499852180481, 0.88425, 0.8835928561035479, '02:34']
[17, 0.3874951899051666, 0.296276718378067, 0.8893333077430725, 0.8893333333333333, 0.8885800649396647, '02:31']
[18, 0.37983500957489014, 0.29056161642074585, 0.8911666870117188, 0.8911666666666667, 0.8907843037727096, '02:32']
[19, 0.36780819296836853, 0.29067274928092957, 0.8914999961853027, 0.8915, 0.8902406219221147, '02:40']
[20, 0.372580885887146, 0.286624014377594, 0.8920000195503235, 0.892, 0.8907133356848878, '02:36']
[21, 0.36005088686943054, 0.2843092679977417, 0.8919166922569275, 0.8919166666666666, 0.89170003364263, '02:33']
[22, 0.36120182275772095, 0.28460031747817993, 0.8930000066757202, 0.893, 0.8929369751672416, '02:31']
[23, 0.35742485523223877, 0.2859475612640381, 0.8914999961853027, 0.8915000000000001, 0.8913383897390565, '02:31']
[24, 0.34604620933532715, 0.28447726368904114, 0.8931666612625122, 0.8931666666666667, 0.892671848109902, '02:30']
[25, 0.34522733092308044, 0.28201529383659363, 0.8929166793823242, 0.8929166666666667, 0.8923506523113482, '02:30']
[26, 0.3410373032093048, 0.28217679262161255, 0.893750011920929, 0.89375, 0.8929667005669726, '02:30']
[27, 0.35973408818244934, 0.2809779644012451, 0.8950833082199097, 0.8950833333333332, 0.8944886836474293, '02:31']
[28, 0.3443108797073364, 0.2799840271472931, 0.8955833315849304, 0.8955833333333333, 0.8949416796364332, '02:32']
[29, 0.3374432623386383, 0.28167712688446045, 0.8945833444595337, 0.8945833333333335, 0.8940116939762133, '02:31']

Tiempo de entrenamiento: 4645.62 segundos
/mnt/homeGPU/haoweihu/TFG/lib/python3.10/site-packages/fastai/learner.py:455: UserWarning: load_learner` uses Python's insecure pickle module, which can execute malicious arbitrary code when loading. Only load files you trust.
If you only need to load model weights and optimizer state, use the safe `Learner.load` instead.
  warn("load_learner` uses Python's insecure pickle module, which can execute malicious arbitrary code when loading. Only load files you trust.\nIf you only need to load model weights and optimizer state, use the safe `Learner.load` instead.")
Loss (valid): 0.2817
Accuracy (valid): 0.8946
Recall (valid): 0.8946
F1-Score (valid): 0.8940
/mnt/homeGPU/haoweihu/TFG/lib/python3.10/site-packages/torchvision/models/_utils.py:208: UserWarning: The parameter 'pretrained' is deprecated since 0.13 and may be removed in the future, please use 'weights' instead.
  warnings.warn(
/mnt/homeGPU/haoweihu/TFG/lib/python3.10/site-packages/torchvision/models/_utils.py:223: UserWarning: Arguments other than a weight enum or `None` for 'weights' are deprecated since 0.13 and may be removed in the future. The current behavior is equivalent to passing `weights=EfficientNet_V2_S_Weights.IMAGENET1K_V1`. You can also use `weights=EfficientNet_V2_S_Weights.DEFAULT` to get the most up-to-date weights.
  warnings.warn(msg)
Loss (test): 3.0438
Accuracy (test): 0.6981
Recall (test): 0.6980
F1-Score (test): 0.6994
---------------------------------------------------------------------------
Ejecutando: fmnist_60pct_effnetv2s_fps_quant
---------------------------------------------------------------------------
False
Número total de imágenes en entrenamiento: 27406
Número total de imágenes en validación: 12000
Clases: ['Ankle boot', 'Bag', 'Coat', 'Dress', 'Pullover', 'Sandal', 'Shirt', 'Sneaker', 'T-shirt', 'Trouser']
weights = None
[0, 1.8154938220977783, 1.0828769207000732, 0.6155833601951599, 0.6155833333333334, 0.6079383825419197, '03:11']
[1, 1.3708938360214233, 0.8468741774559021, 0.687666654586792, 0.6876666666666666, 0.6803647618726816, '02:50']
[2, 1.0517083406448364, 0.7302337288856506, 0.7195000052452087, 0.7194999999999999, 0.7119573593491798, '02:50']
[3, 0.862713634967804, 0.603745698928833, 0.7595000267028809, 0.7594999999999998, 0.7555258608191205, '02:51']
[4, 0.732693076133728, 0.5072870850563049, 0.8019999861717224, 0.8019999999999999, 0.7993812485288434, '02:49']
[5, 0.6665194034576416, 0.4608466327190399, 0.8223333358764648, 0.8223333333333332, 0.8202783550713748, '02:49']
[6, 0.5795595645904541, 0.4044683873653412, 0.8416666388511658, 0.8416666666666666, 0.839858989478149, '02:49']
[7, 0.5548951029777527, 0.38777148723602295, 0.8461666703224182, 0.8461666666666666, 0.8441997348498276, '02:49']
[8, 0.5006152987480164, 0.34959691762924194, 0.8661666512489319, 0.8661666666666668, 0.86653935654623, '02:49']
[9, 0.49332496523857117, 0.346598356962204, 0.8669999837875366, 0.867, 0.8663056215642092, '02:49']
[10, 0.47435835003852844, 0.3356199562549591, 0.8697500228881836, 0.8697500000000001, 0.8693513754800962, '02:49']
[11, 0.45402422547340393, 0.32759854197502136, 0.8770833611488342, 0.8770833333333334, 0.8783229420480506, '02:49']
[12, 0.42258498072624207, 0.3137972950935364, 0.8830000162124634, 0.883, 0.8814979594842832, '02:49']
[13, 0.4065120220184326, 0.3029322922229767, 0.8857499957084656, 0.88575, 0.8857296957782053, '02:49']
[14, 0.41044139862060547, 0.3086170554161072, 0.8828333616256714, 0.8828333333333334, 0.8825949885431592, '02:50']
[15, 0.4075898826122284, 0.30449602007865906, 0.8826666474342346, 0.8826666666666666, 0.8834950303356852, '02:55']
[16, 0.38972365856170654, 0.2912016212940216, 0.8884166479110718, 0.8884166666666667, 0.8866798798371442, '02:51']
[17, 0.3852544128894806, 0.28661060333251953, 0.8916666507720947, 0.8916666666666668, 0.8905999886896627, '02:52']
[18, 0.3761375844478607, 0.2898012399673462, 0.8914999961853027, 0.8915, 0.8916385284876338, '02:51']
[19, 0.3529318571090698, 0.2813256084918976, 0.8924999833106995, 0.8925000000000001, 0.8919105333015578, '02:51']
[20, 0.3574253022670746, 0.2797571122646332, 0.893833339214325, 0.8938333333333333, 0.8930692089420942, '02:50']
[21, 0.3430405855178833, 0.27708399295806885, 0.8953333497047424, 0.8953333333333333, 0.8952713290936771, '02:50']
[22, 0.33661240339279175, 0.2762060761451721, 0.8963333368301392, 0.8963333333333333, 0.8962473028371702, '02:51']
[23, 0.3417709171772003, 0.27628403902053833, 0.8951666951179504, 0.8951666666666668, 0.8952231449824017, '02:51']
[24, 0.33230605721473694, 0.274880588054657, 0.8973333239555359, 0.8973333333333334, 0.8971841466267488, '02:51']
[25, 0.337989866733551, 0.27448782324790955, 0.8959166407585144, 0.8959166666666667, 0.8957811138976695, '02:51']
[26, 0.34297454357147217, 0.27382713556289673, 0.8962500095367432, 0.89625, 0.8958332222074006, '02:51']
[27, 0.33313822746276855, 0.2731570303440094, 0.8973333239555359, 0.8973333333333334, 0.8971438807163755, '02:51']
[28, 0.3373756408691406, 0.2732737958431244, 0.8966666460037231, 0.8966666666666667, 0.8963954052952363, '02:51']
[29, 0.323731929063797, 0.2733169198036194, 0.8965833187103271, 0.8965833333333333, 0.8964297073416821, '02:50']

Tiempo de entrenamiento: 5145.92 segundos
/mnt/homeGPU/haoweihu/TFG/lib/python3.10/site-packages/fastai/learner.py:455: UserWarning: load_learner` uses Python's insecure pickle module, which can execute malicious arbitrary code when loading. Only load files you trust.
If you only need to load model weights and optimizer state, use the safe `Learner.load` instead.
  warn("load_learner` uses Python's insecure pickle module, which can execute malicious arbitrary code when loading. Only load files you trust.\nIf you only need to load model weights and optimizer state, use the safe `Learner.load` instead.")
Loss (valid): 0.2733
Accuracy (valid): 0.8966
Recall (valid): 0.8966
F1-Score (valid): 0.8964
/mnt/homeGPU/haoweihu/TFG/lib/python3.10/site-packages/torchvision/models/_utils.py:208: UserWarning: The parameter 'pretrained' is deprecated since 0.13 and may be removed in the future, please use 'weights' instead.
  warnings.warn(
/mnt/homeGPU/haoweihu/TFG/lib/python3.10/site-packages/torchvision/models/_utils.py:223: UserWarning: Arguments other than a weight enum or `None` for 'weights' are deprecated since 0.13 and may be removed in the future. The current behavior is equivalent to passing `weights=EfficientNet_V2_S_Weights.IMAGENET1K_V1`. You can also use `weights=EfficientNet_V2_S_Weights.DEFAULT` to get the most up-to-date weights.
  warnings.warn(msg)
Loss (test): 3.0408
Accuracy (test): 0.7013
Recall (test): 0.7014
F1-Score (test): 0.7038
---------------------------------------------------------------------------
Ejecutando: fmnist_70pct_effnetv2s_fps_quant
---------------------------------------------------------------------------
False
Número total de imágenes en entrenamiento: 31543
Número total de imágenes en validación: 12000
Clases: ['Ankle boot', 'Bag', 'Coat', 'Dress', 'Pullover', 'Sandal', 'Shirt', 'Sneaker', 'T-shirt', 'Trouser']
weights = None
[0, 1.7489649057388306, 1.051637887954712, 0.6294166445732117, 0.6294166666666667, 0.6222901104601946, '03:34']
[1, 1.2916710376739502, 0.8191884756088257, 0.7051666378974915, 0.7051666666666666, 0.7018948285502237, '03:09']
[2, 0.986442506313324, 0.668165385723114, 0.7582499980926514, 0.7582500000000001, 0.7561943246678815, '03:09']
[3, 0.7926784157752991, 0.5639433264732361, 0.7879166603088379, 0.7879166666666666, 0.788022580982022, '03:09']
[4, 0.6520844101905823, 0.4801168739795685, 0.8204166889190674, 0.8204166666666666, 0.8219199512953728, '03:10']
[5, 0.5940159559249878, 0.4390416145324707, 0.8331666588783264, 0.8331666666666667, 0.8325381511849785, '03:09']
[6, 0.5509032607078552, 0.3868500590324402, 0.8555833101272583, 0.8555833333333334, 0.8545627509888354, '03:09']
[7, 0.5284284353256226, 0.3688296973705292, 0.8578333258628845, 0.8578333333333333, 0.8585186376849263, '03:09']
[8, 0.45857715606689453, 0.34707239270210266, 0.8660833239555359, 0.8660833333333333, 0.8655035971412431, '03:09']
[9, 0.44533485174179077, 0.3274681270122528, 0.8784166574478149, 0.8784166666666667, 0.8787023686258844, '03:15']
[10, 0.4458976089954376, 0.32130441069602966, 0.8790833353996277, 0.8790833333333333, 0.8785285358005556, '03:12']
[11, 0.42713281512260437, 0.3094482719898224, 0.8845000267028809, 0.8844999999999998, 0.8845454859416162, '03:10']
[12, 0.4019972085952759, 0.30812209844589233, 0.8858333230018616, 0.8858333333333333, 0.885188015484462, '03:11']
[13, 0.3995479643344879, 0.29346391558647156, 0.890916645526886, 0.8909166666666668, 0.890873194309932, '03:11']
[14, 0.39685872197151184, 0.29152557253837585, 0.8931666612625122, 0.8931666666666667, 0.8926112031586021, '03:11']
[15, 0.37337255477905273, 0.2953190207481384, 0.8869166374206543, 0.8869166666666667, 0.885768204681232, '03:10']
[16, 0.36271893978118896, 0.2906073033809662, 0.89041668176651, 0.8904166666666666, 0.8902799066548998, '03:10']
[17, 0.37594467401504517, 0.2881397008895874, 0.89083331823349, 0.8908333333333334, 0.8903005792645848, '03:10']
[18, 0.35304269194602966, 0.28619804978370667, 0.8928333520889282, 0.8928333333333335, 0.8918819745875549, '03:15']
[19, 0.33874252438545227, 0.2848941385746002, 0.8940833210945129, 0.8940833333333333, 0.8930844615143153, '03:14']
[20, 0.3548966646194458, 0.2784694731235504, 0.8970833420753479, 0.8970833333333333, 0.8967531429542783, '03:19']
[21, 0.3420824110507965, 0.278368204832077, 0.8971666693687439, 0.8971666666666666, 0.8971179826845544, '03:23']
[22, 0.32258838415145874, 0.2802528142929077, 0.8952500224113464, 0.8952500000000001, 0.8952847262552657, '03:18']
[23, 0.30663666129112244, 0.27534547448158264, 0.8990833163261414, 0.8990833333333332, 0.8989873456360602, '03:16']
[24, 0.31958186626434326, 0.2757597267627716, 0.8967499732971191, 0.8967499999999999, 0.896752683287553, '03:17']
[25, 0.3118135333061218, 0.2752656936645508, 0.8981666564941406, 0.8981666666666666, 0.8980707412987586, '03:17']
[26, 0.31378230452537537, 0.27573779225349426, 0.8977500200271606, 0.8977499999999999, 0.8975412016968776, '03:16']
[27, 0.30378636717796326, 0.27365756034851074, 0.8990833163261414, 0.8990833333333332, 0.8989197208669074, '03:17']
[28, 0.3137039840221405, 0.2749471068382263, 0.8974166512489319, 0.8974166666666668, 0.8973759456187091, '03:17']
[29, 0.29725274443626404, 0.2747812569141388, 0.8980000019073486, 0.8979999999999999, 0.8979476891918425, '03:16']

Tiempo de entrenamiento: 5828.34 segundos
/mnt/homeGPU/haoweihu/TFG/lib/python3.10/site-packages/fastai/learner.py:455: UserWarning: load_learner` uses Python's insecure pickle module, which can execute malicious arbitrary code when loading. Only load files you trust.
If you only need to load model weights and optimizer state, use the safe `Learner.load` instead.
  warn("load_learner` uses Python's insecure pickle module, which can execute malicious arbitrary code when loading. Only load files you trust.\nIf you only need to load model weights and optimizer state, use the safe `Learner.load` instead.")
Loss (valid): 0.2748
Accuracy (valid): 0.8980
Recall (valid): 0.8980
F1-Score (valid): 0.8979
/mnt/homeGPU/haoweihu/TFG/lib/python3.10/site-packages/torchvision/models/_utils.py:208: UserWarning: The parameter 'pretrained' is deprecated since 0.13 and may be removed in the future, please use 'weights' instead.
  warnings.warn(
/mnt/homeGPU/haoweihu/TFG/lib/python3.10/site-packages/torchvision/models/_utils.py:223: UserWarning: Arguments other than a weight enum or `None` for 'weights' are deprecated since 0.13 and may be removed in the future. The current behavior is equivalent to passing `weights=EfficientNet_V2_S_Weights.IMAGENET1K_V1`. You can also use `weights=EfficientNet_V2_S_Weights.DEFAULT` to get the most up-to-date weights.
  warnings.warn(msg)
Loss (test): 3.0207
Accuracy (test): 0.7044
Recall (test): 0.7042
F1-Score (test): 0.7061
---------------------------------------------------------------------------
Ejecutando: fmnist_80pct_effnetv2s_fps_quant
---------------------------------------------------------------------------
False
Número total de imágenes en entrenamiento: 34633
Número total de imágenes en validación: 12000
Clases: ['Ankle boot', 'Bag', 'Coat', 'Dress', 'Pullover', 'Sandal', 'Shirt', 'Sneaker', 'T-shirt', 'Trouser']
weights = None
[0, 1.67074716091156, 0.9882391691207886, 0.6520000100135803, 0.6519999999999999, 0.6448316900444564, '05:41']
[1, 1.250494122505188, 0.7753016948699951, 0.7136666774749756, 0.7136666666666666, 0.7114341117372142, '03:30']
[2, 0.9837763905525208, 0.6651613116264343, 0.7490000128746033, 0.749, 0.7429484241212514, '03:26']
[3, 0.7410809397697449, 0.5698283314704895, 0.7800833582878113, 0.7800833333333335, 0.7778932164043116, '03:31']
[4, 0.6403062343597412, 0.4815836548805237, 0.8130833506584167, 0.8130833333333334, 0.8125022172943623, '03:28']
[5, 0.5630078315734863, 0.42663121223449707, 0.8376666903495789, 0.8376666666666667, 0.8355387408957379, '03:27']
[6, 0.5205404162406921, 0.38467085361480713, 0.8519999980926514, 0.852, 0.8494476366543516, '03:28']
[7, 0.4734295606613159, 0.37213438749313354, 0.859333336353302, 0.8593333333333334, 0.8593713761275025, '03:27']
[8, 0.4349084794521332, 0.3441058397293091, 0.8689166903495789, 0.8689166666666666, 0.8683053795495805, '03:28']
[9, 0.4361661970615387, 0.3349347412586212, 0.8739166855812073, 0.8739166666666668, 0.8730866864921921, '03:27']
[10, 0.4052216410636902, 0.33653372526168823, 0.8735833168029785, 0.8735833333333334, 0.8722158249836418, '03:27']
[11, 0.4011020064353943, 0.31218239665031433, 0.8807500004768372, 0.8807499999999999, 0.8804231543209363, '03:28']
[12, 0.38433340191841125, 0.30235081911087036, 0.8855833411216736, 0.8855833333333333, 0.8844048258006236, '03:28']
[13, 0.38757243752479553, 0.30677086114883423, 0.8860833048820496, 0.8860833333333333, 0.8853945319297176, '03:28']
[14, 0.3573058545589447, 0.2993527352809906, 0.8867499828338623, 0.8867499999999999, 0.8873226078979088, '03:27']
[15, 0.36069729924201965, 0.29223597049713135, 0.8896666765213013, 0.8896666666666666, 0.8892141924018576, '03:26']
[16, 0.34660229086875916, 0.29447218775749207, 0.890666663646698, 0.8906666666666666, 0.8908869569893048, '03:27']
[17, 0.339521586894989, 0.28807225823402405, 0.8931666612625122, 0.8931666666666667, 0.8932966322908312, '03:28']
[18, 0.32557788491249084, 0.28263789415359497, 0.893750011920929, 0.89375, 0.8932747394666395, '03:28']
[19, 0.3347318768501282, 0.2784655690193176, 0.8956666588783264, 0.8956666666666667, 0.8953927531669661, '03:32']
[20, 0.31036898493766785, 0.27818945050239563, 0.8946666717529297, 0.8946666666666665, 0.8944068247516783, '03:28']
[21, 0.32104775309562683, 0.27643147110939026, 0.8956666588783264, 0.8956666666666667, 0.8953474240960599, '03:27']
[22, 0.31007087230682373, 0.27424386143684387, 0.8974166512489319, 0.8974166666666668, 0.8973375839584474, '03:28']
[23, 0.307147741317749, 0.2767975926399231, 0.8970833420753479, 0.8970833333333333, 0.8967763942203858, '03:27']
[24, 0.3158385753631592, 0.2748236656188965, 0.8983333110809326, 0.8983333333333332, 0.8982288880741602, '03:26']
[25, 0.29526567459106445, 0.2754031717777252, 0.8966666460037231, 0.8966666666666667, 0.8965454637483461, '03:27']
[26, 0.29292839765548706, 0.27340370416641235, 0.8985833525657654, 0.8985833333333334, 0.8984743017082835, '03:26']
[27, 0.3067510724067688, 0.2735218405723572, 0.8973333239555359, 0.8973333333333333, 0.8971157717659028, '03:29']
[28, 0.2885584831237793, 0.2739599943161011, 0.8974999785423279, 0.8975, 0.897164137137856, '03:32']
[29, 0.30217039585113525, 0.27432113885879517, 0.8981666564941406, 0.8981666666666666, 0.8978791677113953, '03:31']

Tiempo de entrenamiento: 6386.34 segundos
/mnt/homeGPU/haoweihu/TFG/lib/python3.10/site-packages/fastai/learner.py:455: UserWarning: load_learner` uses Python's insecure pickle module, which can execute malicious arbitrary code when loading. Only load files you trust.
If you only need to load model weights and optimizer state, use the safe `Learner.load` instead.
  warn("load_learner` uses Python's insecure pickle module, which can execute malicious arbitrary code when loading. Only load files you trust.\nIf you only need to load model weights and optimizer state, use the safe `Learner.load` instead.")
Loss (valid): 0.2743
Accuracy (valid): 0.8982
Recall (valid): 0.8982
F1-Score (valid): 0.8979
/mnt/homeGPU/haoweihu/TFG/lib/python3.10/site-packages/torchvision/models/_utils.py:208: UserWarning: The parameter 'pretrained' is deprecated since 0.13 and may be removed in the future, please use 'weights' instead.
  warnings.warn(
/mnt/homeGPU/haoweihu/TFG/lib/python3.10/site-packages/torchvision/models/_utils.py:223: UserWarning: Arguments other than a weight enum or `None` for 'weights' are deprecated since 0.13 and may be removed in the future. The current behavior is equivalent to passing `weights=EfficientNet_V2_S_Weights.IMAGENET1K_V1`. You can also use `weights=EfficientNet_V2_S_Weights.DEFAULT` to get the most up-to-date weights.
  warnings.warn(msg)
Loss (test): 3.3841
Accuracy (test): 0.7045
Recall (test): 0.7047
F1-Score (test): 0.7068
---------------------------------------------------------------------------
Ejecutando: fmnist_90pct_effnetv2s_fps_quant
---------------------------------------------------------------------------
False
Número total de imágenes en entrenamiento: 37834
Número total de imágenes en validación: 12000
Clases: ['Ankle boot', 'Bag', 'Coat', 'Dress', 'Pullover', 'Sandal', 'Shirt', 'Sneaker', 'T-shirt', 'Trouser']
weights = None
[0, 1.624176025390625, 0.9753794074058533, 0.6464166641235352, 0.6464166666666668, 0.6410655491349149, '05:33']
[1, 1.2199419736862183, 0.773705005645752, 0.7149166464805603, 0.7149166666666666, 0.7166122443532996, '03:46']
[2, 0.8885169625282288, 0.662177324295044, 0.749916672706604, 0.7499166666666667, 0.7464619333382762, '03:43']
[3, 0.7324808239936829, 0.5280640721321106, 0.7979166507720947, 0.7979166666666666, 0.7974919819179758, '03:43']
[4, 0.6156993508338928, 0.45330312848091125, 0.8266666531562805, 0.8266666666666668, 0.8258121220465959, '03:44']
[5, 0.554439902305603, 0.4109090566635132, 0.8431666493415833, 0.8431666666666666, 0.8434108416981143, '03:49']
[6, 0.5143459439277649, 0.37804898619651794, 0.8540833592414856, 0.8540833333333335, 0.8541491292568789, '03:49']
[7, 0.47951287031173706, 0.3637538254261017, 0.8630833625793457, 0.8630833333333333, 0.8612607867197216, '03:51']
[8, 0.43185320496559143, 0.35167965292930603, 0.8666666746139526, 0.8666666666666666, 0.8674597106999272, '03:51']
[9, 0.4268845319747925, 0.33593836426734924, 0.8706666827201843, 0.8706666666666665, 0.8721984182915012, '03:52']
[10, 0.39416369795799255, 0.3234061598777771, 0.8754166960716248, 0.8754166666666665, 0.8762160349733084, '03:53']
[11, 0.3786907196044922, 0.31927308440208435, 0.8788333535194397, 0.8788333333333334, 0.8797317185639274, '03:56']
[12, 0.3761056661605835, 0.30274906754493713, 0.8851666450500488, 0.8851666666666667, 0.8849970656783203, '03:56']
[13, 0.35773682594299316, 0.30005088448524475, 0.8845833539962769, 0.8845833333333333, 0.8838545214608746, '03:51']
[14, 0.3497486710548401, 0.2943052351474762, 0.8864166736602783, 0.8864166666666666, 0.8872462623237964, '03:50']
[15, 0.33937516808509827, 0.29265326261520386, 0.8879166841506958, 0.8879166666666667, 0.8881115955983517, '03:50']
[16, 0.348768413066864, 0.2865076959133148, 0.8928333520889282, 0.8928333333333335, 0.8918852622903038, '03:50']
[17, 0.3325151205062866, 0.2860361635684967, 0.8911666870117188, 0.8911666666666667, 0.8916266676407723, '03:50']
[18, 0.32712459564208984, 0.2815120816230774, 0.8944166898727417, 0.8944166666666666, 0.8944839364702423, '03:50']
[19, 0.31489458680152893, 0.2789419889450073, 0.8949999809265137, 0.8949999999999999, 0.8949595878259853, '03:49']
[20, 0.3099208176136017, 0.278512179851532, 0.8940833210945129, 0.8940833333333333, 0.8946861412241199, '03:51']
[21, 0.30846408009529114, 0.27578601241111755, 0.8956666588783264, 0.8956666666666667, 0.8955534498531288, '03:51']
[22, 0.30895933508872986, 0.2751898169517517, 0.8956666588783264, 0.8956666666666667, 0.8959916578430984, '03:50']
[23, 0.3044877052307129, 0.2753095030784607, 0.8958333134651184, 0.8958333333333333, 0.8962398185431798, '03:49']
[24, 0.2881121039390564, 0.27373284101486206, 0.8970000147819519, 0.8969999999999999, 0.8970624379818707, '03:50']
[25, 0.2902960777282715, 0.2726818919181824, 0.8966666460037231, 0.8966666666666667, 0.896773149456268, '03:50']
[26, 0.28414198756217957, 0.27233749628067017, 0.8980000019073486, 0.8979999999999999, 0.8981167132161103, '03:50']
[27, 0.2858128845691681, 0.27368828654289246, 0.8972499966621399, 0.89725, 0.8975080121110353, '03:51']
[28, 0.26860105991363525, 0.27232855558395386, 0.8976666927337646, 0.8976666666666666, 0.8978505440725865, '03:58']
[29, 0.2870030999183655, 0.2727097272872925, 0.8981666564941406, 0.8981666666666668, 0.8983901700488289, '04:05']

Tiempo de entrenamiento: 7037.12 segundos
/mnt/homeGPU/haoweihu/TFG/lib/python3.10/site-packages/fastai/learner.py:455: UserWarning: load_learner` uses Python's insecure pickle module, which can execute malicious arbitrary code when loading. Only load files you trust.
If you only need to load model weights and optimizer state, use the safe `Learner.load` instead.
  warn("load_learner` uses Python's insecure pickle module, which can execute malicious arbitrary code when loading. Only load files you trust.\nIf you only need to load model weights and optimizer state, use the safe `Learner.load` instead.")
Loss (valid): 0.2727
Accuracy (valid): 0.8982
Recall (valid): 0.8982
F1-Score (valid): 0.8984
Loss (test): 3.1820
Accuracy (test): 0.7119
Recall (test): 0.7123
F1-Score (test): 0.7115
mail: cannot send message: Process exited with a non-zero status
