/mnt/homeGPU/haoweihu/TFG/lib/python3.10/site-packages/torchvision/models/_utils.py:208: UserWarning: The parameter 'pretrained' is deprecated since 0.13 and may be removed in the future, please use 'weights' instead.
  warnings.warn(
/mnt/homeGPU/haoweihu/TFG/lib/python3.10/site-packages/torchvision/models/_utils.py:223: UserWarning: Arguments other than a weight enum or `None` for 'weights' are deprecated since 0.13 and may be removed in the future. The current behavior is equivalent to passing `weights=EfficientNet_V2_S_Weights.IMAGENET1K_V1`. You can also use `weights=EfficientNet_V2_S_Weights.DEFAULT` to get the most up-to-date weights.
  warnings.warn(msg)
---------------------------------------------------------------------------
Ejecutando: fmnist_10pct_effnetv2s_fps
---------------------------------------------------------------------------
False
Número total de imágenes en entrenamiento: 4800
Número total de imágenes en validación: 12000
Clases: ['Ankle boot', 'Bag', 'Coat', 'Dress', 'Pullover', 'Sandal', 'Shirt', 'Sneaker', 'T-shirt', 'Trouser']
weights = None
[0, 3.029188871383667, 1.635116696357727, 0.4203333258628845, 0.42033333333333334, 0.40272329812053426, '01:06']
[1, 2.1775460243225098, 1.0091553926467896, 0.6330833435058594, 0.6330833333333333, 0.6258354150126803, '00:57']
[2, 1.642822027206421, 0.8044290542602539, 0.7131666541099548, 0.7131666666666667, 0.7086375640765334, '00:57']
[3, 1.3727195262908936, 0.7083112597465515, 0.7474166750907898, 0.7474166666666666, 0.745830383702585, '00:56']
[4, 1.2077116966247559, 0.6855169534683228, 0.7538333535194397, 0.7538333333333334, 0.7512080252895297, '00:58']
[5, 1.0340607166290283, 0.5797569751739502, 0.7880833148956299, 0.7880833333333335, 0.7857010450252628, '01:00']
[6, 0.9179651737213135, 0.5539592504501343, 0.7960000038146973, 0.796, 0.7970181376575127, '00:57']
[7, 0.8130848407745361, 0.4998692572116852, 0.8151666522026062, 0.8151666666666667, 0.8158073389581173, '00:59']
[8, 0.7278655767440796, 0.46540287137031555, 0.828499972820282, 0.8285, 0.8286321174095287, '01:05']
[9, 0.6826710104942322, 0.4267588257789612, 0.8446666598320007, 0.8446666666666666, 0.8431458154079097, '01:05']
[10, 0.6402934789657593, 0.40117350220680237, 0.8510833382606506, 0.8510833333333332, 0.8475575136012006, '01:04']
[11, 0.6021647453308105, 0.40177640318870544, 0.8494166731834412, 0.8494166666666667, 0.8465861938198174, '01:05']
[12, 0.5760151743888855, 0.3647097051143646, 0.8651666641235352, 0.8651666666666665, 0.8664779457466663, '01:04']
[13, 0.5158122777938843, 0.3685756325721741, 0.8610000014305115, 0.861, 0.8577811925235173, '01:02']
[14, 0.5149757266044617, 0.35441508889198303, 0.8705000281333923, 0.8705, 0.867974308570731, '01:02']
[15, 0.47399184107780457, 0.33117130398750305, 0.8790833353996277, 0.8790833333333333, 0.8791696664014635, '01:00']
[16, 0.4510788917541504, 0.3217664361000061, 0.8814166784286499, 0.8814166666666667, 0.8800601200458699, '00:58']
[17, 0.4302942454814911, 0.3232276141643524, 0.8815000057220459, 0.8815, 0.8810472521930395, '00:57']
[18, 0.41038215160369873, 0.3013976514339447, 0.8919166922569275, 0.8919166666666667, 0.8922683254781492, '00:57']
[19, 0.39264553785324097, 0.30174243450164795, 0.8911666870117188, 0.8911666666666667, 0.8904855018928266, '00:57']
[20, 0.38492390513420105, 0.29752641916275024, 0.8930000066757202, 0.893, 0.8934865087597859, '00:57']
[21, 0.3741541802883148, 0.2953527569770813, 0.8918333053588867, 0.8918333333333333, 0.8914633917746319, '00:57']
[22, 0.36741605401039124, 0.2973061203956604, 0.8934999704360962, 0.8935000000000001, 0.8927751231213638, '00:57']
[23, 0.36496442556381226, 0.28872138261795044, 0.8951666951179504, 0.8951666666666667, 0.8948498085714677, '00:57']
[24, 0.3387451469898224, 0.28642162680625916, 0.8963333368301392, 0.8963333333333333, 0.8959247788640144, '00:56']
[25, 0.3357873857021332, 0.285315603017807, 0.8974999785423279, 0.8975, 0.8971077750000604, '00:57']
[26, 0.3402175307273865, 0.285126268863678, 0.8970833420753479, 0.8970833333333333, 0.8965945948879621, '00:57']
[27, 0.32767578959465027, 0.28554391860961914, 0.8970833420753479, 0.8970833333333333, 0.8968495953340596, '00:58']
[28, 0.3224492073059082, 0.28465574979782104, 0.8971666693687439, 0.8971666666666668, 0.8970568089581873, '00:59']
[29, 0.32083767652511597, 0.2847523093223572, 0.8970000147819519, 0.8969999999999999, 0.8964790374982228, '00:59']

Tiempo de entrenamiento: 1796.83 segundos
/mnt/homeGPU/haoweihu/TFG/lib/python3.10/site-packages/fastai/learner.py:455: UserWarning: load_learner` uses Python's insecure pickle module, which can execute malicious arbitrary code when loading. Only load files you trust.
If you only need to load model weights and optimizer state, use the safe `Learner.load` instead.
  warn("load_learner` uses Python's insecure pickle module, which can execute malicious arbitrary code when loading. Only load files you trust.\nIf you only need to load model weights and optimizer state, use the safe `Learner.load` instead.")
Loss (valid): 0.2848
Accuracy (valid): 0.8970
Recall (valid): 0.8970
F1-Score (valid): 0.8965
/mnt/homeGPU/haoweihu/TFG/lib/python3.10/site-packages/torchvision/models/_utils.py:208: UserWarning: The parameter 'pretrained' is deprecated since 0.13 and may be removed in the future, please use 'weights' instead.
  warnings.warn(
/mnt/homeGPU/haoweihu/TFG/lib/python3.10/site-packages/torchvision/models/_utils.py:223: UserWarning: Arguments other than a weight enum or `None` for 'weights' are deprecated since 0.13 and may be removed in the future. The current behavior is equivalent to passing `weights=EfficientNet_V2_S_Weights.IMAGENET1K_V1`. You can also use `weights=EfficientNet_V2_S_Weights.DEFAULT` to get the most up-to-date weights.
  warnings.warn(msg)
Loss (test): 3.0156
Accuracy (test): 0.6995
Recall (test): 0.6994
F1-Score (test): 0.7020
---------------------------------------------------------------------------
Ejecutando: fmnist_20pct_effnetv2s_fps
---------------------------------------------------------------------------
False
Número total de imágenes en entrenamiento: 9600
Número total de imágenes en validación: 12000
Clases: ['Ankle boot', 'Bag', 'Coat', 'Dress', 'Pullover', 'Sandal', 'Shirt', 'Sneaker', 'T-shirt', 'Trouser']
weights = None
[0, 2.284874200820923, 1.1839725971221924, 0.5770833492279053, 0.5770833333333333, 0.5737984902938124, '01:23']
[1, 1.5783380270004272, 0.8178670406341553, 0.7081666588783264, 0.7081666666666667, 0.7039478744736293, '01:24']
[2, 1.2781939506530762, 0.6926129460334778, 0.7490833401679993, 0.7490833333333333, 0.748964012928668, '01:24']
[3, 1.048214316368103, 0.5925592184066772, 0.7839166522026062, 0.7839166666666667, 0.7831875484020083, '01:25']
[4, 0.9001432657241821, 0.5272257328033447, 0.8074166774749756, 0.8074166666666669, 0.8081335733995585, '01:24']
[5, 0.76286381483078, 0.46121519804000854, 0.824999988079071, 0.8250000000000002, 0.819454362734129, '01:23']
[6, 0.6798050999641418, 0.4069838523864746, 0.8524166941642761, 0.8524166666666666, 0.8483789004668889, '01:24']
[7, 0.6050792932510376, 0.3821423351764679, 0.8570833206176758, 0.8570833333333333, 0.8544156301866052, '01:24']
[8, 0.547942042350769, 0.37879717350006104, 0.859250009059906, 0.85925, 0.857284492235544, '01:23']
[9, 0.4921008050441742, 0.3156224489212036, 0.8841666579246521, 0.8841666666666667, 0.8836252413764722, '01:25']
[10, 0.47327718138694763, 0.3088838458061218, 0.8868333101272583, 0.8868333333333334, 0.8843671004365168, '01:24']
[11, 0.43973296880722046, 0.28688549995422363, 0.8917499780654907, 0.89175, 0.8908048232108197, '01:24']
[12, 0.43324214220046997, 0.2801567614078522, 0.8971666693687439, 0.8971666666666668, 0.8977298014424075, '01:24']
[13, 0.3949219584465027, 0.26971331238746643, 0.9017500281333923, 0.90175, 0.9002631789670007, '01:24']
[14, 0.3747279644012451, 0.2623232305049896, 0.9034166932106018, 0.9034166666666665, 0.9025940253967507, '01:25']
[15, 0.3574608862400055, 0.25328123569488525, 0.906583309173584, 0.9065833333333334, 0.9054720370721423, '01:24']
[16, 0.34130898118019104, 0.2505728304386139, 0.9085000157356262, 0.9085000000000001, 0.9081903669798768, '01:24']
[17, 0.32059475779533386, 0.2528524696826935, 0.9070833325386047, 0.9070833333333335, 0.9063654524458222, '01:24']
[18, 0.3159354329109192, 0.2409464716911316, 0.9123333096504211, 0.9123333333333333, 0.9120232015026473, '01:24']
[19, 0.28551191091537476, 0.23851540684700012, 0.9133333563804626, 0.9133333333333333, 0.9130952893972608, '01:24']
[20, 0.2868584990501404, 0.23318082094192505, 0.9157500267028809, 0.9157500000000001, 0.9155451274588893, '01:25']
[21, 0.27441510558128357, 0.23469464480876923, 0.9141666889190674, 0.9141666666666666, 0.9134264325569914, '01:25']
[22, 0.2624426484107971, 0.23283152282238007, 0.9157500267028809, 0.9157499999999998, 0.9149815589159177, '01:24']
[23, 0.25835302472114563, 0.23194752633571625, 0.9156666398048401, 0.9156666666666669, 0.9151720378679318, '01:23']
[24, 0.2547380030155182, 0.23064953088760376, 0.9160000085830688, 0.916, 0.9153068031906024, '01:23']
[25, 0.257080078125, 0.23239050805568695, 0.9150833487510681, 0.9150833333333332, 0.9141556375327445, '01:24']
[26, 0.24010834097862244, 0.23134690523147583, 0.9150000214576721, 0.9149999999999998, 0.9145105460064726, '01:24']
[27, 0.24414680898189545, 0.2309771329164505, 0.9159166812896729, 0.9159166666666667, 0.9152928161057854, '01:23']
[28, 0.2485027313232422, 0.22778426110744476, 0.9172499775886536, 0.9172500000000001, 0.9166497168293237, '01:23']
[29, 0.23020808398723602, 0.23026706278324127, 0.9157500267028809, 0.9157500000000001, 0.9150930662856661, '01:23']

Tiempo de entrenamiento: 2533.01 segundos
/mnt/homeGPU/haoweihu/TFG/lib/python3.10/site-packages/fastai/learner.py:455: UserWarning: load_learner` uses Python's insecure pickle module, which can execute malicious arbitrary code when loading. Only load files you trust.
If you only need to load model weights and optimizer state, use the safe `Learner.load` instead.
  warn("load_learner` uses Python's insecure pickle module, which can execute malicious arbitrary code when loading. Only load files you trust.\nIf you only need to load model weights and optimizer state, use the safe `Learner.load` instead.")
Loss (valid): 0.2303
Accuracy (valid): 0.9158
Recall (valid): 0.9158
F1-Score (valid): 0.9151
/mnt/homeGPU/haoweihu/TFG/lib/python3.10/site-packages/torchvision/models/_utils.py:208: UserWarning: The parameter 'pretrained' is deprecated since 0.13 and may be removed in the future, please use 'weights' instead.
  warnings.warn(
/mnt/homeGPU/haoweihu/TFG/lib/python3.10/site-packages/torchvision/models/_utils.py:223: UserWarning: Arguments other than a weight enum or `None` for 'weights' are deprecated since 0.13 and may be removed in the future. The current behavior is equivalent to passing `weights=EfficientNet_V2_S_Weights.IMAGENET1K_V1`. You can also use `weights=EfficientNet_V2_S_Weights.DEFAULT` to get the most up-to-date weights.
  warnings.warn(msg)
Loss (test): 3.0920
Accuracy (test): 0.7270
Recall (test): 0.7271
F1-Score (test): 0.7274
---------------------------------------------------------------------------
Ejecutando: fmnist_30pct_effnetv2s_fps
---------------------------------------------------------------------------
False
Número total de imágenes en entrenamiento: 14272
Número total de imágenes en validación: 12000
Clases: ['Ankle boot', 'Bag', 'Coat', 'Dress', 'Pullover', 'Sandal', 'Shirt', 'Sneaker', 'T-shirt', 'Trouser']
weights = None
[0, 2.047576427459717, 1.0341089963912964, 0.6294999718666077, 0.6295, 0.6243799870301869, '01:50']
[1, 1.4198256731033325, 0.730758786201477, 0.7389166951179504, 0.7389166666666667, 0.7373194293132934, '01:47']
[2, 1.106907606124878, 0.6227849125862122, 0.7735833525657654, 0.7735833333333334, 0.7742202447425524, '01:45']
[3, 0.9222880601882935, 0.5247650742530823, 0.8109999895095825, 0.8109999999999999, 0.810956904131003, '01:46']
[4, 0.7839846611022949, 0.4530490040779114, 0.8349999785423279, 0.835, 0.835230357910244, '01:45']
[5, 0.6475532054901123, 0.3742784559726715, 0.8609166741371155, 0.8609166666666667, 0.8604472922523433, '01:45']
[6, 0.5731542706489563, 0.3350720703601837, 0.874666690826416, 0.8746666666666666, 0.87425947564523, '01:46']
[7, 0.5039562582969666, 0.32087570428848267, 0.8825833201408386, 0.8825833333333334, 0.8792639549200242, '01:44']
[8, 0.47218960523605347, 0.2939210534095764, 0.8892499804496765, 0.88925, 0.8896746063867221, '01:45']
[9, 0.4418107867240906, 0.2707426846027374, 0.8986666798591614, 0.8986666666666666, 0.8975696265059618, '01:45']
[10, 0.40163853764533997, 0.25084662437438965, 0.9023333191871643, 0.9023333333333333, 0.903033777537907, '01:56']
[11, 0.38778194785118103, 0.245371013879776, 0.906499981880188, 0.9065, 0.9070968884240049, '01:52']
[12, 0.3530488908290863, 0.2378213256597519, 0.9100000262260437, 0.9099999999999999, 0.9096341672960702, '01:54']
[13, 0.3381916880607605, 0.2216462641954422, 0.9169166684150696, 0.9169166666666666, 0.9165956455154882, '01:53']
[14, 0.31937408447265625, 0.236161008477211, 0.909166693687439, 0.9091666666666667, 0.9090257973152728, '01:51']
[15, 0.32783403992652893, 0.2207961231470108, 0.9160000085830688, 0.916, 0.9156344657427384, '01:46']
[16, 0.30395352840423584, 0.22283731400966644, 0.9179999828338623, 0.9179999999999999, 0.9180267922771372, '01:54']
[17, 0.284879207611084, 0.21548311412334442, 0.9171666502952576, 0.9171666666666667, 0.9161867510383409, '01:53']
[18, 0.28999078273773193, 0.20653913915157318, 0.9225833415985107, 0.9225833333333332, 0.9221353157227341, '01:54']
[19, 0.277108758687973, 0.20661050081253052, 0.9199166893959045, 0.9199166666666667, 0.9190134838514938, '01:56']
[20, 0.26032304763793945, 0.20503763854503632, 0.9225000143051147, 0.9225, 0.9224805925362242, '01:54']
[21, 0.24689200520515442, 0.2009945809841156, 0.9242500066757202, 0.92425, 0.9237933391876793, '01:54']
[22, 0.24754539132118225, 0.1991056501865387, 0.9239166378974915, 0.9239166666666667, 0.9235516062443005, '01:52']
[23, 0.22734607756137848, 0.19765590131282806, 0.9240000247955322, 0.9239999999999998, 0.9237664916633879, '01:53']
[24, 0.24103516340255737, 0.19762533903121948, 0.9252499938011169, 0.9252500000000001, 0.9251177146889338, '01:51']
[25, 0.22880229353904724, 0.19620203971862793, 0.9244999885559082, 0.9244999999999999, 0.9240351939975548, '01:52']
[26, 0.22093644738197327, 0.19676609337329865, 0.925083339214325, 0.9250833333333333, 0.9247113296464635, '01:52']
[27, 0.22674424946308136, 0.19358140230178833, 0.9274166822433472, 0.9274166666666666, 0.9270125279437261, '01:52']
[28, 0.22544868290424347, 0.19530761241912842, 0.9252499938011169, 0.9252499999999999, 0.9250232067313119, '01:52']
[29, 0.22155813872814178, 0.19565348327159882, 0.9246666431427002, 0.9246666666666667, 0.924374423041941, '01:51']

Tiempo de entrenamiento: 3324.96 segundos
/mnt/homeGPU/haoweihu/TFG/lib/python3.10/site-packages/fastai/learner.py:455: UserWarning: load_learner` uses Python's insecure pickle module, which can execute malicious arbitrary code when loading. Only load files you trust.
If you only need to load model weights and optimizer state, use the safe `Learner.load` instead.
  warn("load_learner` uses Python's insecure pickle module, which can execute malicious arbitrary code when loading. Only load files you trust.\nIf you only need to load model weights and optimizer state, use the safe `Learner.load` instead.")
Loss (valid): 0.1957
Accuracy (valid): 0.9247
Recall (valid): 0.9247
F1-Score (valid): 0.9244
/mnt/homeGPU/haoweihu/TFG/lib/python3.10/site-packages/torchvision/models/_utils.py:208: UserWarning: The parameter 'pretrained' is deprecated since 0.13 and may be removed in the future, please use 'weights' instead.
  warnings.warn(
/mnt/homeGPU/haoweihu/TFG/lib/python3.10/site-packages/torchvision/models/_utils.py:223: UserWarning: Arguments other than a weight enum or `None` for 'weights' are deprecated since 0.13 and may be removed in the future. The current behavior is equivalent to passing `weights=EfficientNet_V2_S_Weights.IMAGENET1K_V1`. You can also use `weights=EfficientNet_V2_S_Weights.DEFAULT` to get the most up-to-date weights.
  warnings.warn(msg)
Loss (test): 3.3224
Accuracy (test): 0.7369
Recall (test): 0.7371
F1-Score (test): 0.7370
---------------------------------------------------------------------------
Ejecutando: fmnist_40pct_effnetv2s_fps
---------------------------------------------------------------------------
False
Número total de imágenes en entrenamiento: 18967
Número total de imágenes en validación: 12000
Clases: ['Ankle boot', 'Bag', 'Coat', 'Dress', 'Pullover', 'Sandal', 'Shirt', 'Sneaker', 'T-shirt', 'Trouser']
weights = None
[0, 1.8382389545440674, 0.9448695182800293, 0.6629166603088379, 0.6629166666666666, 0.6568950836109303, '03:46']
[1, 1.287524700164795, 0.7073303461074829, 0.7429166436195374, 0.7429166666666667, 0.7386115400353612, '02:38']
[2, 1.041689157485962, 0.6130533814430237, 0.7744166851043701, 0.7744166666666666, 0.76993422643195, '02:39']
[3, 0.8226720690727234, 0.4917598366737366, 0.8184999823570251, 0.8185, 0.8180294354675246, '02:25']
[4, 0.6678703427314758, 0.4069254994392395, 0.8489999771118164, 0.849, 0.8466123554019175, '02:27']
[5, 0.5581991672515869, 0.3617772161960602, 0.8645833134651184, 0.8645833333333334, 0.8624395677675694, '02:23']
[6, 0.5032082200050354, 0.3032543659210205, 0.890333354473114, 0.8903333333333332, 0.8901478448295952, '02:23']
[7, 0.43608981370925903, 0.28634798526763916, 0.8926666378974915, 0.8926666666666666, 0.8919968215253347, '02:23']
[8, 0.4105049669742584, 0.2572462856769562, 0.9057499766349792, 0.9057499999999999, 0.9049322738967585, '02:23']
[9, 0.3970832824707031, 0.2423815280199051, 0.9100000262260437, 0.9100000000000001, 0.9097027896977382, '02:24']
[10, 0.36155572533607483, 0.22757700085639954, 0.9155833125114441, 0.9155833333333332, 0.9149405240686237, '02:21']
[11, 0.36441361904144287, 0.22902143001556396, 0.9134166836738586, 0.9134166666666665, 0.9117695384885254, '02:27']
[12, 0.345160573720932, 0.21705548465251923, 0.9197499752044678, 0.91975, 0.9197419666555688, '02:19']
[13, 0.3126630485057831, 0.20879507064819336, 0.9224166870117188, 0.9224166666666667, 0.9219432791886495, '02:15']
[14, 0.2927192747592926, 0.2037375271320343, 0.9263333082199097, 0.9263333333333333, 0.9253460642659143, '02:16']
[15, 0.28280577063560486, 0.20096410810947418, 0.9263333082199097, 0.9263333333333336, 0.9256135387785107, '02:15']
[16, 0.2792445719242096, 0.1918993592262268, 0.9309166669845581, 0.9309166666666666, 0.9307950522822781, '02:13']
[17, 0.25511133670806885, 0.1908329725265503, 0.9300000071525574, 0.93, 0.9297936272227243, '02:18']
[18, 0.2521449327468872, 0.19051265716552734, 0.9317499995231628, 0.9317499999999999, 0.9314556738787289, '02:17']
[19, 0.2491862028837204, 0.18563777208328247, 0.9334166646003723, 0.9334166666666667, 0.9332657908028528, '02:13']
[20, 0.23123140633106232, 0.18530355393886566, 0.934249997138977, 0.9342499999999999, 0.9336255583534401, '02:13']
[21, 0.23417547345161438, 0.1853172332048416, 0.934416651725769, 0.9344166666666667, 0.9340764681842557, '02:13']
[22, 0.2238050252199173, 0.18437416851520538, 0.9336666464805603, 0.9336666666666668, 0.933455982225096, '02:13']
[23, 0.21202003955841064, 0.18206769227981567, 0.934333324432373, 0.9343333333333333, 0.9341128608147571, '02:13']
[24, 0.21527622640132904, 0.1819974184036255, 0.9346666932106018, 0.9346666666666665, 0.9344095733552471, '02:15']
[25, 0.20086301863193512, 0.17985647916793823, 0.9359999895095825, 0.9359999999999999, 0.935762073294048, '02:12']
[26, 0.20346084237098694, 0.17868566513061523, 0.9358333349227905, 0.9358333333333333, 0.935557475328587, '02:12']
[27, 0.19542758166790009, 0.17941367626190186, 0.9355000257492065, 0.9354999999999999, 0.9352533031898813, '02:13']
[28, 0.20611588656902313, 0.17996366322040558, 0.9359166622161865, 0.9359166666666667, 0.9356613700702805, '02:14']
[29, 0.20999933779239655, 0.17865172028541565, 0.9360833168029785, 0.9360833333333334, 0.9358168270076407, '02:14']

Tiempo de entrenamiento: 4272.57 segundos
/mnt/homeGPU/haoweihu/TFG/lib/python3.10/site-packages/fastai/learner.py:455: UserWarning: load_learner` uses Python's insecure pickle module, which can execute malicious arbitrary code when loading. Only load files you trust.
If you only need to load model weights and optimizer state, use the safe `Learner.load` instead.
  warn("load_learner` uses Python's insecure pickle module, which can execute malicious arbitrary code when loading. Only load files you trust.\nIf you only need to load model weights and optimizer state, use the safe `Learner.load` instead.")
Loss (valid): 0.1787
Accuracy (valid): 0.9361
Recall (valid): 0.9361
F1-Score (valid): 0.9358
/mnt/homeGPU/haoweihu/TFG/lib/python3.10/site-packages/torchvision/models/_utils.py:208: UserWarning: The parameter 'pretrained' is deprecated since 0.13 and may be removed in the future, please use 'weights' instead.
  warnings.warn(
/mnt/homeGPU/haoweihu/TFG/lib/python3.10/site-packages/torchvision/models/_utils.py:223: UserWarning: Arguments other than a weight enum or `None` for 'weights' are deprecated since 0.13 and may be removed in the future. The current behavior is equivalent to passing `weights=EfficientNet_V2_S_Weights.IMAGENET1K_V1`. You can also use `weights=EfficientNet_V2_S_Weights.DEFAULT` to get the most up-to-date weights.
  warnings.warn(msg)
Loss (test): 3.5042
Accuracy (test): 0.7420
Recall (test): 0.7420
F1-Score (test): 0.7423
---------------------------------------------------------------------------
Ejecutando: fmnist_50pct_effnetv2s_fps
---------------------------------------------------------------------------
False
Número total de imágenes en entrenamiento: 23305
Número total de imágenes en validación: 12000
Clases: ['Ankle boot', 'Bag', 'Coat', 'Dress', 'Pullover', 'Sandal', 'Shirt', 'Sneaker', 'T-shirt', 'Trouser']
weights = None
[0, 1.6905615329742432, 0.8670428991317749, 0.6915833353996277, 0.6915833333333332, 0.6879231324456139, '03:30']
[1, 1.1756713390350342, 0.655034065246582, 0.7650833129882812, 0.7650833333333333, 0.7651115313502344, '02:33']
[2, 0.904065728187561, 0.5524781942367554, 0.7950833439826965, 0.7950833333333334, 0.7924225985996157, '02:41']
[3, 0.7386578917503357, 0.44790613651275635, 0.8356666564941406, 0.8356666666666668, 0.8372875670989564, '02:34']
[4, 0.5710940361022949, 0.3663164973258972, 0.8629166483879089, 0.8629166666666667, 0.8613916866885927, '02:36']
[5, 0.5029157400131226, 0.3087913393974304, 0.8855833411216736, 0.8855833333333333, 0.8847170906088119, '02:38']
[6, 0.4469459652900696, 0.27953198552131653, 0.8960833549499512, 0.8960833333333333, 0.8971890550182577, '02:36']
[7, 0.4048551023006439, 0.24574707448482513, 0.909333348274231, 0.9093333333333332, 0.9086506137085244, '02:35']
[8, 0.368447870016098, 0.23506087064743042, 0.9134166836738586, 0.9134166666666665, 0.9128989357208634, '02:34']
[9, 0.3175053894519806, 0.20900610089302063, 0.9239166378974915, 0.9239166666666666, 0.9233943032645161, '02:34']
[10, 0.3193545341491699, 0.20004376769065857, 0.9254166483879089, 0.9254166666666667, 0.9248354876242295, '02:37']
[11, 0.3028877377510071, 0.1896006017923355, 0.9298333525657654, 0.9298333333333334, 0.9298344352622087, '02:35']
[12, 0.2841252088546753, 0.18384861946105957, 0.9313333630561829, 0.9313333333333332, 0.9312789298192194, '02:34']
[13, 0.2881411612033844, 0.18187592923641205, 0.9331666827201843, 0.9331666666666667, 0.9323963698372962, '02:35']
[14, 0.26375240087509155, 0.17391248047351837, 0.9360833168029785, 0.9360833333333334, 0.9359492090566516, '02:33']
[15, 0.24637745320796967, 0.17583803832530975, 0.9385833144187927, 0.9385833333333332, 0.9385211598825072, '02:36']
[16, 0.24824945628643036, 0.16866423189640045, 0.937166690826416, 0.9371666666666668, 0.9368681133470339, '02:40']
[17, 0.21811452507972717, 0.17663569748401642, 0.9359166622161865, 0.9359166666666665, 0.9353806646020437, '02:34']
[18, 0.23724579811096191, 0.16911157965660095, 0.937333345413208, 0.9373333333333334, 0.9368603354551576, '02:33']
[19, 0.20902429521083832, 0.16417023539543152, 0.9409999847412109, 0.9410000000000001, 0.9409848089631334, '02:33']
[20, 0.21857385337352753, 0.1647575944662094, 0.9396666884422302, 0.9396666666666667, 0.9394754086503854, '02:33']
[21, 0.19825305044651031, 0.15985718369483948, 0.9419166445732117, 0.9419166666666667, 0.9417047803964861, '02:33']
[22, 0.20304927229881287, 0.1604737937450409, 0.9419999718666077, 0.942, 0.9420153715452063, '02:34']
[23, 0.19429223239421844, 0.15784087777137756, 0.9427499771118164, 0.9427499999999999, 0.9427541906879575, '02:37']
[24, 0.19329984486103058, 0.15770456194877625, 0.9432500004768372, 0.9432500000000001, 0.9430154265747681, '02:33']
[25, 0.18139441311359406, 0.15563389658927917, 0.9440833330154419, 0.9440833333333334, 0.9441009908839233, '02:32']
[26, 0.1834721714258194, 0.15761485695838928, 0.9426666498184204, 0.9426666666666665, 0.9427005619943566, '02:36']
[27, 0.17699161171913147, 0.15582767128944397, 0.9436666369438171, 0.9436666666666665, 0.9435994607529494, '02:32']
[28, 0.17537161707878113, 0.15639393031597137, 0.9437500238418579, 0.94375, 0.9437239925929172, '02:34']
[29, 0.17411412298679352, 0.157290518283844, 0.9434166550636292, 0.9434166666666666, 0.9433463828540685, '02:44']

Tiempo de entrenamiento: 4725.68 segundos
/mnt/homeGPU/haoweihu/TFG/lib/python3.10/site-packages/fastai/learner.py:455: UserWarning: load_learner` uses Python's insecure pickle module, which can execute malicious arbitrary code when loading. Only load files you trust.
If you only need to load model weights and optimizer state, use the safe `Learner.load` instead.
  warn("load_learner` uses Python's insecure pickle module, which can execute malicious arbitrary code when loading. Only load files you trust.\nIf you only need to load model weights and optimizer state, use the safe `Learner.load` instead.")
Loss (valid): 0.1573
Accuracy (valid): 0.9434
Recall (valid): 0.9434
F1-Score (valid): 0.9433
/mnt/homeGPU/haoweihu/TFG/lib/python3.10/site-packages/torchvision/models/_utils.py:208: UserWarning: The parameter 'pretrained' is deprecated since 0.13 and may be removed in the future, please use 'weights' instead.
  warnings.warn(
/mnt/homeGPU/haoweihu/TFG/lib/python3.10/site-packages/torchvision/models/_utils.py:223: UserWarning: Arguments other than a weight enum or `None` for 'weights' are deprecated since 0.13 and may be removed in the future. The current behavior is equivalent to passing `weights=EfficientNet_V2_S_Weights.IMAGENET1K_V1`. You can also use `weights=EfficientNet_V2_S_Weights.DEFAULT` to get the most up-to-date weights.
  warnings.warn(msg)
Loss (test): 3.7283
Accuracy (test): 0.7462
Recall (test): 0.7463
F1-Score (test): 0.7471
---------------------------------------------------------------------------
Ejecutando: fmnist_60pct_effnetv2s_fps
---------------------------------------------------------------------------
False
Número total de imágenes en entrenamiento: 27406
Número total de imágenes en validación: 12000
Clases: ['Ankle boot', 'Bag', 'Coat', 'Dress', 'Pullover', 'Sandal', 'Shirt', 'Sneaker', 'T-shirt', 'Trouser']
weights = None
[0, 1.6075459718704224, 0.8340806365013123, 0.7026666402816772, 0.7026666666666667, 0.6967341617156568, '03:44']
[1, 1.138209581375122, 0.6184714436531067, 0.7789999842643738, 0.779, 0.77838189056777, '02:54']
[2, 0.875504195690155, 0.5078943967819214, 0.812166690826416, 0.8121666666666666, 0.8075296517929372, '02:52']
[3, 0.675234854221344, 0.4202641546726227, 0.844083309173584, 0.8440833333333332, 0.8387837736062582, '02:54']
[4, 0.5406186580657959, 0.34395647048950195, 0.8755000233650208, 0.8755, 0.8754610542306243, '02:53']
[5, 0.46974149346351624, 0.29168474674224854, 0.8929166793823242, 0.8929166666666667, 0.8898737079240604, '02:54']
[6, 0.40340811014175415, 0.26055195927619934, 0.9049999713897705, 0.9049999999999999, 0.9044284840213648, '02:53']
[7, 0.38336312770843506, 0.238594651222229, 0.9115833044052124, 0.9115833333333333, 0.9107951934522667, '02:54']
[8, 0.33645904064178467, 0.22469639778137207, 0.9179166555404663, 0.9179166666666667, 0.9169575969133152, '02:52']
[9, 0.32736650109291077, 0.20687876641750336, 0.9210833311080933, 0.9210833333333334, 0.9209840890816787, '02:53']
[10, 0.2919131815433502, 0.19830389320850372, 0.9244999885559082, 0.9244999999999999, 0.9241856919809679, '02:53']
[11, 0.27862805128097534, 0.1950172334909439, 0.9263333082199097, 0.9263333333333333, 0.9264041239166614, '02:57']
[12, 0.2583414316177368, 0.19764409959316254, 0.9259166717529297, 0.9259166666666665, 0.925669687376342, '02:55']
[13, 0.23056794703006744, 0.18553845584392548, 0.9334166646003723, 0.9334166666666667, 0.9323848308905005, '02:56']
[14, 0.26064005494117737, 0.1768103688955307, 0.9327499866485596, 0.9327499999999999, 0.9326348011679603, '02:54']
[15, 0.23478010296821594, 0.18119429051876068, 0.9327499866485596, 0.9327500000000001, 0.9317183070660026, '02:53']
[16, 0.23643720149993896, 0.16956491768360138, 0.9387500286102295, 0.93875, 0.9385634257651857, '02:53']
[17, 0.2260625809431076, 0.1702844500541687, 0.9369166493415833, 0.9369166666666668, 0.9364053785534312, '02:52']
[18, 0.20273250341415405, 0.16580623388290405, 0.9382500052452087, 0.93825, 0.9380960746752054, '02:53']
[19, 0.20742391049861908, 0.16652511060237885, 0.9383333325386047, 0.9383333333333335, 0.9384362439067747, '02:53']
[20, 0.19595028460025787, 0.1618829071521759, 0.9398333430290222, 0.9398333333333333, 0.9395809208923123, '02:53']
[21, 0.1927982121706009, 0.1611480414867401, 0.9409166574478149, 0.9409166666666666, 0.9406090134109535, '02:52']
[22, 0.18419231474399567, 0.16003301739692688, 0.9415833353996277, 0.9415833333333333, 0.9417147462557759, '02:53']
[23, 0.16871675848960876, 0.15955117344856262, 0.9417499899864197, 0.9417500000000001, 0.9416937661827205, '02:55']
[24, 0.17474213242530823, 0.1583917886018753, 0.9419999718666077, 0.942, 0.9417767006509186, '02:52']
[25, 0.16844595968723297, 0.15813875198364258, 0.9413333535194397, 0.9413333333333334, 0.941318625356738, '02:54']
[26, 0.16646862030029297, 0.1594833880662918, 0.9426666498184204, 0.9426666666666665, 0.9423904663999727, '02:52']
[27, 0.16526785492897034, 0.15718436241149902, 0.9430000185966492, 0.943, 0.9428505936236041, '02:52']
[28, 0.15969501435756683, 0.15712514519691467, 0.9426666498184204, 0.9426666666666668, 0.9425598424842668, '02:52']
[29, 0.15690112113952637, 0.1587095409631729, 0.9422500133514404, 0.9422499999999999, 0.9419676614014711, '02:52']

Tiempo de entrenamiento: 5260.73 segundos
/mnt/homeGPU/haoweihu/TFG/lib/python3.10/site-packages/fastai/learner.py:455: UserWarning: load_learner` uses Python's insecure pickle module, which can execute malicious arbitrary code when loading. Only load files you trust.
If you only need to load model weights and optimizer state, use the safe `Learner.load` instead.
  warn("load_learner` uses Python's insecure pickle module, which can execute malicious arbitrary code when loading. Only load files you trust.\nIf you only need to load model weights and optimizer state, use the safe `Learner.load` instead.")
Loss (valid): 0.1587
Accuracy (valid): 0.9423
Recall (valid): 0.9422
F1-Score (valid): 0.9420
/mnt/homeGPU/haoweihu/TFG/lib/python3.10/site-packages/torchvision/models/_utils.py:208: UserWarning: The parameter 'pretrained' is deprecated since 0.13 and may be removed in the future, please use 'weights' instead.
  warnings.warn(
/mnt/homeGPU/haoweihu/TFG/lib/python3.10/site-packages/torchvision/models/_utils.py:223: UserWarning: Arguments other than a weight enum or `None` for 'weights' are deprecated since 0.13 and may be removed in the future. The current behavior is equivalent to passing `weights=EfficientNet_V2_S_Weights.IMAGENET1K_V1`. You can also use `weights=EfficientNet_V2_S_Weights.DEFAULT` to get the most up-to-date weights.
  warnings.warn(msg)
Loss (test): 3.6269
Accuracy (test): 0.7492
Recall (test): 0.7490
F1-Score (test): 0.7490
---------------------------------------------------------------------------
Ejecutando: fmnist_70pct_effnetv2s_fps
---------------------------------------------------------------------------
False
Número total de imágenes en entrenamiento: 31543
Número total de imágenes en validación: 12000
Clases: ['Ankle boot', 'Bag', 'Coat', 'Dress', 'Pullover', 'Sandal', 'Shirt', 'Sneaker', 'T-shirt', 'Trouser']
weights = None
[0, 1.4785926342010498, 0.8344351649284363, 0.6972500085830688, 0.6972499999999999, 0.6950569299120852, '04:40']
[1, 1.0625863075256348, 0.6208301186561584, 0.7709166407585144, 0.7709166666666666, 0.7697400674589476, '03:17']
[2, 0.7863156199455261, 0.48872852325439453, 0.8186666369438171, 0.8186666666666668, 0.8168991188747812, '03:12']
[3, 0.6404710412025452, 0.39064547419548035, 0.8542500138282776, 0.8542500000000001, 0.8516340548863479, '03:13']
[4, 0.49589818716049194, 0.3310900628566742, 0.8807500004768372, 0.8807499999999999, 0.8809951113130507, '03:15']
[5, 0.4362344741821289, 0.2666114270687103, 0.9035000205039978, 0.9034999999999999, 0.9020778284084512, '03:13']
[6, 0.37384656071662903, 0.24699945747852325, 0.909583330154419, 0.9095833333333333, 0.9090386965633781, '03:11']
[7, 0.32908597588539124, 0.22380048036575317, 0.9194166660308838, 0.9194166666666665, 0.920271958922604, '03:10']
[8, 0.3150458037853241, 0.21615688502788544, 0.92166668176651, 0.9216666666666666, 0.9210765216203803, '03:12']
[9, 0.2952105700969696, 0.20010986924171448, 0.9271666407585144, 0.9271666666666667, 0.9271140731204124, '03:10']
[10, 0.2752598524093628, 0.18819980323314667, 0.9335833191871643, 0.9335833333333333, 0.933805187273868, '03:14']
[11, 0.2681102156639099, 0.18306037783622742, 0.9339166879653931, 0.9339166666666665, 0.9341551982236718, '03:11']
[12, 0.24537010490894318, 0.18194667994976044, 0.9325000047683716, 0.9325000000000001, 0.9326773728038932, '03:10']
[13, 0.2416008561849594, 0.17506647109985352, 0.9360833168029785, 0.9360833333333334, 0.9353826010272931, '03:11']
[14, 0.24052074551582336, 0.17467175424098969, 0.9364166855812073, 0.9364166666666668, 0.9355171076971798, '03:10']
[15, 0.2201966941356659, 0.16889125108718872, 0.9402499794960022, 0.94025, 0.9402421979214548, '03:11']
[16, 0.2060701698064804, 0.16825295984745026, 0.9393333196640015, 0.9393333333333332, 0.9387719316909072, '03:12']
[17, 0.19100017845630646, 0.1655423492193222, 0.9416666626930237, 0.9416666666666667, 0.9412560185405283, '03:10']
[18, 0.19496846199035645, 0.16148614883422852, 0.9427499771118164, 0.9427499999999999, 0.9427931067511952, '03:11']
[19, 0.1849479079246521, 0.15995563566684723, 0.9417499899864197, 0.9417500000000001, 0.9419066269072347, '03:13']
[20, 0.18471001088619232, 0.15765683352947235, 0.9438333511352539, 0.9438333333333333, 0.943823520442861, '03:12']
[21, 0.16557063162326813, 0.15678498148918152, 0.9431666731834412, 0.9431666666666667, 0.9433984595438568, '03:10']
[22, 0.1695040762424469, 0.1553087830543518, 0.9437500238418579, 0.94375, 0.9438190908590982, '03:10']
[23, 0.17390277981758118, 0.15562191605567932, 0.9444166421890259, 0.9444166666666668, 0.9445490077174172, '03:10']
[24, 0.15955008566379547, 0.15468838810920715, 0.9456666707992554, 0.9456666666666667, 0.945699242403246, '03:11']
[25, 0.16003218293190002, 0.15467283129692078, 0.9451666474342346, 0.9451666666666666, 0.9452691756707156, '03:11']
[26, 0.15530957281589508, 0.15554507076740265, 0.9454166889190674, 0.9454166666666666, 0.945452778735338, '03:11']
[27, 0.15965619683265686, 0.1549653261899948, 0.9442499876022339, 0.94425, 0.9442611354017705, '03:11']
[28, 0.15467771887779236, 0.15601055324077606, 0.9450833201408386, 0.9450833333333332, 0.9450241325802615, '03:16']
[29, 0.15830174088478088, 0.15412694215774536, 0.9459999799728394, 0.946, 0.9459355815040901, '03:12']

Tiempo de entrenamiento: 5853.79 segundos
/mnt/homeGPU/haoweihu/TFG/lib/python3.10/site-packages/fastai/learner.py:455: UserWarning: load_learner` uses Python's insecure pickle module, which can execute malicious arbitrary code when loading. Only load files you trust.
If you only need to load model weights and optimizer state, use the safe `Learner.load` instead.
  warn("load_learner` uses Python's insecure pickle module, which can execute malicious arbitrary code when loading. Only load files you trust.\nIf you only need to load model weights and optimizer state, use the safe `Learner.load` instead.")
Loss (valid): 0.1541
Accuracy (valid): 0.9460
Recall (valid): 0.9460
F1-Score (valid): 0.9459
/mnt/homeGPU/haoweihu/TFG/lib/python3.10/site-packages/torchvision/models/_utils.py:208: UserWarning: The parameter 'pretrained' is deprecated since 0.13 and may be removed in the future, please use 'weights' instead.
  warnings.warn(
/mnt/homeGPU/haoweihu/TFG/lib/python3.10/site-packages/torchvision/models/_utils.py:223: UserWarning: Arguments other than a weight enum or `None` for 'weights' are deprecated since 0.13 and may be removed in the future. The current behavior is equivalent to passing `weights=EfficientNet_V2_S_Weights.IMAGENET1K_V1`. You can also use `weights=EfficientNet_V2_S_Weights.DEFAULT` to get the most up-to-date weights.
  warnings.warn(msg)
Loss (test): 3.7124
Accuracy (test): 0.7538
Recall (test): 0.7532
F1-Score (test): 0.7536
---------------------------------------------------------------------------
Ejecutando: fmnist_80pct_effnetv2s_fps
---------------------------------------------------------------------------
False
Número total de imágenes en entrenamiento: 34633
Número total de imágenes en validación: 12000
Clases: ['Ankle boot', 'Bag', 'Coat', 'Dress', 'Pullover', 'Sandal', 'Shirt', 'Sneaker', 'T-shirt', 'Trouser']
weights = None
[0, 1.3950152397155762, 0.7798184156417847, 0.7240833044052124, 0.7240833333333334, 0.7184086144032724, '04:18']
[1, 0.9731034636497498, 0.5926251411437988, 0.7857499718666077, 0.78575, 0.7790871331941699, '03:26']
[2, 0.746651828289032, 0.4582081437110901, 0.8305833339691162, 0.8305833333333335, 0.8306220350093689, '03:27']
[3, 0.5618428587913513, 0.3711494207382202, 0.8669166564941406, 0.8669166666666666, 0.8650013076502592, '03:22']
[4, 0.4478199779987335, 0.3124430477619171, 0.8823333382606506, 0.8823333333333332, 0.8836188039140964, '03:22']
[5, 0.3899334669113159, 0.2706959843635559, 0.9014166593551636, 0.9014166666666668, 0.9000312592727389, '03:23']
[6, 0.33903956413269043, 0.26374271512031555, 0.9044166803359985, 0.9044166666666668, 0.9019732891271618, '03:22']
[7, 0.3218420743942261, 0.24388712644577026, 0.9102500081062317, 0.9102500000000001, 0.9093244545011474, '03:22']
[8, 0.29675284028053284, 0.2340046614408493, 0.9169999957084656, 0.917, 0.9151731638315977, '03:22']
[9, 0.27575212717056274, 0.2129514217376709, 0.9232500195503235, 0.92325, 0.9222966628867268, '03:22']
[10, 0.2771827280521393, 0.19164282083511353, 0.9319999814033508, 0.932, 0.9314738361800566, '03:22']
[11, 0.24685998260974884, 0.18889625370502472, 0.934499979019165, 0.9345000000000001, 0.9342498622315922, '03:22']
[12, 0.23191803693771362, 0.18163718283176422, 0.9354166388511658, 0.9354166666666666, 0.9350582844573155, '03:24']
[13, 0.2220364212989807, 0.1823062002658844, 0.9368333220481873, 0.9368333333333332, 0.9360650693088889, '03:25']
[14, 0.20820078253746033, 0.17692625522613525, 0.9370833039283752, 0.9370833333333334, 0.9366413789697636, '03:24']
[15, 0.19118891656398773, 0.17636741697788239, 0.9392499923706055, 0.93925, 0.938946639226734, '03:24']
[16, 0.19887325167655945, 0.17668429017066956, 0.9388333559036255, 0.9388333333333334, 0.938278598423467, '03:24']
[17, 0.19226104021072388, 0.16449780762195587, 0.9412500262260437, 0.9412499999999999, 0.9412128711466204, '03:24']
[18, 0.17018172144889832, 0.165864497423172, 0.9411666393280029, 0.9411666666666667, 0.9410256631257763, '03:24']
[19, 0.17954905331134796, 0.16298863291740417, 0.9420833587646484, 0.9420833333333333, 0.9418485590097895, '03:24']
[20, 0.18080870807170868, 0.16139742732048035, 0.9436666369438171, 0.9436666666666665, 0.9435478119339515, '03:25']
[21, 0.16590070724487305, 0.15815933048725128, 0.9424999952316284, 0.9425000000000001, 0.9424961669316823, '03:29']
[22, 0.15600503981113434, 0.15854357182979584, 0.9445833563804626, 0.9445833333333334, 0.9442627271001036, '03:27']
[23, 0.158916175365448, 0.15873004496097565, 0.9434166550636292, 0.9434166666666666, 0.9432470151899526, '03:27']
[24, 0.15062934160232544, 0.15851706266403198, 0.9444166421890259, 0.9444166666666666, 0.9444729137175882, '03:29']
[25, 0.16158191859722137, 0.15839946269989014, 0.9433333277702332, 0.9433333333333334, 0.9431428605385417, '03:32']
[26, 0.15431538224220276, 0.1582731157541275, 0.9437500238418579, 0.9437500000000002, 0.9436489504623612, '03:32']
No improvement since epoch 21: early stopping

Tiempo de entrenamiento: 5595.80 segundos
/mnt/homeGPU/haoweihu/TFG/lib/python3.10/site-packages/fastai/learner.py:455: UserWarning: load_learner` uses Python's insecure pickle module, which can execute malicious arbitrary code when loading. Only load files you trust.
If you only need to load model weights and optimizer state, use the safe `Learner.load` instead.
  warn("load_learner` uses Python's insecure pickle module, which can execute malicious arbitrary code when loading. Only load files you trust.\nIf you only need to load model weights and optimizer state, use the safe `Learner.load` instead.")
Loss (valid): 0.1583
Accuracy (valid): 0.9438
Recall (valid): 0.9438
F1-Score (valid): 0.9436
/mnt/homeGPU/haoweihu/TFG/lib/python3.10/site-packages/torchvision/models/_utils.py:208: UserWarning: The parameter 'pretrained' is deprecated since 0.13 and may be removed in the future, please use 'weights' instead.
  warnings.warn(
/mnt/homeGPU/haoweihu/TFG/lib/python3.10/site-packages/torchvision/models/_utils.py:223: UserWarning: Arguments other than a weight enum or `None` for 'weights' are deprecated since 0.13 and may be removed in the future. The current behavior is equivalent to passing `weights=EfficientNet_V2_S_Weights.IMAGENET1K_V1`. You can also use `weights=EfficientNet_V2_S_Weights.DEFAULT` to get the most up-to-date weights.
  warnings.warn(msg)
Loss (test): 3.7856
Accuracy (test): 0.7538
Recall (test): 0.7534
F1-Score (test): 0.7527
---------------------------------------------------------------------------
Ejecutando: fmnist_90pct_effnetv2s_fps
---------------------------------------------------------------------------
False
Número total de imágenes en entrenamiento: 37834
Número total de imágenes en validación: 12000
Clases: ['Ankle boot', 'Bag', 'Coat', 'Dress', 'Pullover', 'Sandal', 'Shirt', 'Sneaker', 'T-shirt', 'Trouser']
weights = None
[0, 1.3196853399276733, 0.7736321687698364, 0.7245833277702332, 0.7245833333333334, 0.7233671608032987, '06:17']
[1, 0.9447988271713257, 0.5873703956604004, 0.7875833511352539, 0.7875833333333333, 0.7847844002601779, '03:45']
[2, 0.6979948878288269, 0.46327587962150574, 0.827750027179718, 0.8277500000000002, 0.8249758001065783, '03:47']
[3, 0.5431352257728577, 0.36170199513435364, 0.8673333525657654, 0.8673333333333334, 0.8673008929484212, '03:46']
[4, 0.4432854652404785, 0.29555392265319824, 0.8947499990463257, 0.8947499999999999, 0.8941145064935156, '03:47']
[5, 0.38186147809028625, 0.25576257705688477, 0.906166672706604, 0.9061666666666668, 0.9062955219933497, '03:46']
[6, 0.3445698320865631, 0.2352755069732666, 0.9141666889190674, 0.9141666666666668, 0.9145588086146358, '03:47']
[7, 0.29514095187187195, 0.2217482030391693, 0.9192500114440918, 0.9192500000000001, 0.9189585530330021, '03:47']
[8, 0.29056796431541443, 0.21091048419475555, 0.9199166893959045, 0.9199166666666667, 0.9201835137766621, '03:48']
[9, 0.25657927989959717, 0.19437246024608612, 0.9290833473205566, 0.9290833333333334, 0.928710251084912, '03:46']
[10, 0.24729382991790771, 0.18316370248794556, 0.9334999918937683, 0.9334999999999999, 0.9335608214446515, '03:46']
[11, 0.22416430711746216, 0.1772589385509491, 0.9357500076293945, 0.93575, 0.9354526051712148, '03:46']
[12, 0.21096406877040863, 0.1752351075410843, 0.9375, 0.9375, 0.9373926367195962, '03:46']
[13, 0.20200368762016296, 0.17709416151046753, 0.9350833296775818, 0.9350833333333333, 0.9354794240135098, '03:47']
[14, 0.2051793932914734, 0.16530920565128326, 0.9389166831970215, 0.9389166666666666, 0.939243009243414, '03:46']
[15, 0.17833051085472107, 0.16521069407463074, 0.9402499794960022, 0.94025, 0.9402857703200823, '03:50']
[16, 0.1855257898569107, 0.15928097069263458, 0.9424166679382324, 0.9424166666666667, 0.9424722070756711, '03:46']
[17, 0.19378183782100677, 0.16107600927352905, 0.940666675567627, 0.9406666666666667, 0.9408737669349172, '03:47']
[18, 0.1856967806816101, 0.15767529606819153, 0.9426666498184204, 0.9426666666666668, 0.9425711328643624, '03:49']
[19, 0.16776637732982635, 0.1563757210969925, 0.9424166679382324, 0.9424166666666667, 0.9425061784234838, '03:47']
[20, 0.1732638031244278, 0.15168114006519318, 0.9455833435058594, 0.9455833333333332, 0.9454321101001391, '03:48']
[21, 0.15720118582248688, 0.15279138088226318, 0.9460833072662354, 0.9460833333333332, 0.9463259800188577, '03:47']
[22, 0.1416894495487213, 0.15038570761680603, 0.9465000033378601, 0.9465, 0.9466049110797952, '03:52']
[23, 0.1433999240398407, 0.1501384675502777, 0.9470000267028809, 0.9469999999999998, 0.9470255687748221, '03:49']
[24, 0.15269005298614502, 0.1498207002878189, 0.9470000267028809, 0.9470000000000001, 0.9471389011248299, '03:49']
[25, 0.13508911430835724, 0.1489964872598648, 0.9473333358764648, 0.9473333333333332, 0.9475111983815404, '03:54']
[26, 0.14074692130088806, 0.14927464723587036, 0.9465000033378601, 0.9465, 0.9465595809469294, '04:10']
[27, 0.1416594684123993, 0.1479640156030655, 0.9475833177566528, 0.9475833333333334, 0.9476487784028917, '04:00']
[28, 0.1379445344209671, 0.147125706076622, 0.9488333463668823, 0.9488333333333333, 0.9489414636617368, '03:50']
[29, 0.14372506737709045, 0.14825767278671265, 0.9480833411216736, 0.9480833333333333, 0.9481453423766713, '03:43']

Tiempo de entrenamiento: 7020.58 segundos
/mnt/homeGPU/haoweihu/TFG/lib/python3.10/site-packages/fastai/learner.py:455: UserWarning: load_learner` uses Python's insecure pickle module, which can execute malicious arbitrary code when loading. Only load files you trust.
If you only need to load model weights and optimizer state, use the safe `Learner.load` instead.
  warn("load_learner` uses Python's insecure pickle module, which can execute malicious arbitrary code when loading. Only load files you trust.\nIf you only need to load model weights and optimizer state, use the safe `Learner.load` instead.")
Loss (valid): 0.1483
Accuracy (valid): 0.9481
Recall (valid): 0.9481
F1-Score (valid): 0.9481
Loss (test): 3.8398
Accuracy (test): 0.7555
Recall (test): 0.7556
F1-Score (test): 0.7546
mail: cannot send message: Process exited with a non-zero status
