---------------------------------------------------------------------------
--------------------------distilld 04-----------------------------
---------------------------------------------------------------------------
---------------------------------------------------------------------------
Ejecutando: cifar10_dist4_ex1
---------------------------------------------------------------------------
Número total de imágenes en entrenamiento: 8030
Número total de imágenes en validación: 10000

Clases: ['airplane', 'automobile', 'bird', 'cat', 'deer', 'dog', 'frog', 'horse', 'ship', 'truck']
[0, 2.3042073249816895, 2.3031420707702637, 0.10000000149011612, 0.1, 0.01818181818181818, '02:45']
[1, 2.2984347343444824, 2.2930526733398438, 0.1111999973654747, 0.11120000000000001, 0.04756485521534535, '00:51']
[2, 2.240812301635742, 2.197221279144287, 0.17829999327659607, 0.1783, 0.13226323543164661, '00:48']
[3, 2.15175199508667, 2.0994057655334473, 0.2433999925851822, 0.24339999999999998, 0.21354286248226328, '00:47']
[4, 2.042069673538208, 2.050309896469116, 0.25859999656677246, 0.25860000000000005, 0.22461807612742501, '00:50']
[5, 1.9504001140594482, 1.9263120889663696, 0.30329999327659607, 0.3033, 0.28048090198217324, '00:47']
[6, 1.8584177494049072, 1.8063209056854248, 0.34310001134872437, 0.3431, 0.32697698232796923, '00:47']
[7, 1.7964892387390137, 1.801998257637024, 0.35120001435279846, 0.35120000000000007, 0.344950272732318, '00:47']
[8, 1.740256428718567, 1.73392915725708, 0.36970001459121704, 0.3697, 0.36079371216487255, '00:51']
[9, 1.6992558240890503, 1.7168222665786743, 0.3720000088214874, 0.37200000000000005, 0.3654273853991858, '00:54']
[10, 1.671021580696106, 1.7211837768554688, 0.3806999921798706, 0.3807, 0.36028185530888346, '00:48']
[11, 1.6250642538070679, 1.684815764427185, 0.3871000111103058, 0.3871, 0.3818821588626456, '00:49']
[12, 1.5998624563217163, 1.631179928779602, 0.41499999165534973, 0.4149999999999999, 0.40833311011922496, '00:49']
[13, 1.5823845863342285, 1.615630030632019, 0.4171000123023987, 0.4171, 0.41475258893129896, '00:49']
[14, 1.5532327890396118, 1.623218297958374, 0.4174000024795532, 0.41740000000000005, 0.408298232282334, '00:50']
[15, 1.5212271213531494, 1.5971462726593018, 0.4239000082015991, 0.4239, 0.41203027242976464, '00:48']
[16, 1.4907680749893188, 1.5864365100860596, 0.4345000088214874, 0.4345, 0.4268466188655441, '00:50']
[17, 1.475301742553711, 1.619811773300171, 0.41850000619888306, 0.4185, 0.4078056427584694, '00:49']
[18, 1.441227674484253, 1.5654423236846924, 0.4438000023365021, 0.4438000000000001, 0.4375247002476545, '00:50']
[19, 1.4354016780853271, 1.5644924640655518, 0.44369998574256897, 0.44370000000000004, 0.4335263614828892, '00:48']
[20, 1.40834641456604, 1.5587254762649536, 0.4458000063896179, 0.4457999999999999, 0.4413240719071694, '00:49']
[21, 1.3963936567306519, 1.548306941986084, 0.45179998874664307, 0.4518, 0.44513433547331155, '00:49']
[22, 1.3748996257781982, 1.5453433990478516, 0.44769999384880066, 0.44770000000000004, 0.4421066952566132, '00:48']
[23, 1.3587733507156372, 1.56560218334198, 0.4440999925136566, 0.4441, 0.43556063607020645, '00:48']
[24, 1.3575234413146973, 1.5406821966171265, 0.4551999866962433, 0.45520000000000005, 0.4497786588041667, '00:49']
[25, 1.3517343997955322, 1.539624810218811, 0.45320001244544983, 0.4532, 0.447517456487562, '00:52']
[26, 1.3253841400146484, 1.535495638847351, 0.4580000042915344, 0.4579999999999999, 0.4523755353569294, '00:47']
[27, 1.3301526308059692, 1.5344277620315552, 0.454800009727478, 0.4548, 0.45071248240464146, '00:49']
[28, 1.3138147592544556, 1.53383469581604, 0.45730000734329224, 0.45730000000000004, 0.453147212926182, '00:50']
[29, 1.3125450611114502, 1.5339109897613525, 0.4578999876976013, 0.4579000000000001, 0.45370515797200317, '00:49']

Tiempo de entrenamiento: 1601.83 segundos
/mnt/homeGPU/haoweihu/TFG/lib/python3.10/site-packages/fastai/learner.py:455: UserWarning: load_learner` uses Python's insecure pickle module, which can execute malicious arbitrary code when loading. Only load files you trust.
If you only need to load model weights and optimizer state, use the safe `Learner.load` instead.
  warn("load_learner` uses Python's insecure pickle module, which can execute malicious arbitrary code when loading. Only load files you trust.\nIf you only need to load model weights and optimizer state, use the safe `Learner.load` instead.")
Loss: 1.5339
Accuracy: 0.4579
Recall: 0.4579
F1-Score: 0.4537
Loss: 1.5383795499801636
Accuracy: 0.45192307233810425
Recall (macro): 0.45187547465918676
F1 Score (macro): 0.44692796024016024

