---------------------------------------------------------------------------
Ejecutando: fmnist_dist2_ex1
---------------------------------------------------------------------------
Número total de imágenes en entrenamiento: 9650
Número total de imágenes en validación: 12000

Clases: ['Ankle boot', 'Bag', 'Coat', 'Dress', 'Pullover', 'Sandal', 'Shirt', 'Sneaker', 'T-shirt', 'Trouser']
[0, 2.2799301147460938, 2.256852626800537, 0.35600000619888306, 0.356, 0.266714320821683, '02:51']
[1, 1.6761945486068726, 1.2255502939224243, 0.5881666541099548, 0.5881666666666667, 0.5575693069375361, '01:03']
[2, 0.9239440560340881, 0.808626651763916, 0.6882500052452087, 0.68825, 0.6900692125269507, '00:59']
[3, 0.7374507188796997, 0.7152454257011414, 0.7182499766349792, 0.71825, 0.7077222866116808, '01:05']
[4, 0.6636746525764465, 0.6331436634063721, 0.7574166655540466, 0.7574166666666666, 0.7420677215973529, '00:59']
[5, 0.6124131083488464, 0.6344249248504639, 0.746749997138977, 0.74675, 0.7448401334115566, '00:58']
[6, 0.5759807229042053, 0.5752671957015991, 0.7771666646003723, 0.7771666666666667, 0.7693669210393266, '00:59']
[7, 0.5489817261695862, 0.5463948845863342, 0.7856666445732117, 0.7856666666666666, 0.7725912766327523, '00:57']
[8, 0.49764585494995117, 0.5602626800537109, 0.7794166803359985, 0.7794166666666666, 0.7525454257990193, '00:59']
[9, 0.47258153557777405, 0.5098158121109009, 0.8078333139419556, 0.8078333333333333, 0.8111848260554606, '00:58']
[10, 0.45215898752212524, 0.4756540060043335, 0.8286666870117188, 0.8286666666666667, 0.8192382449442194, '00:55']
[11, 0.4258347153663635, 0.49110108613967896, 0.8186666369438171, 0.8186666666666668, 0.8019905174201087, '00:56']
[12, 0.39581990242004395, 0.45714327692985535, 0.8393333554267883, 0.8393333333333333, 0.8373631469671204, '00:54']
[13, 0.3784489631652832, 0.4542493522167206, 0.8399166464805603, 0.8399166666666668, 0.8348619500708357, '00:57']
[14, 0.3674609661102295, 0.42016687989234924, 0.8517500162124634, 0.85175, 0.8504870816708818, '00:55']
[15, 0.3417065441608429, 0.42535096406936646, 0.8485000133514404, 0.8484999999999999, 0.8461998325789104, '00:55']
[16, 0.3294917047023773, 0.40381574630737305, 0.8560000061988831, 0.8560000000000001, 0.8537946143288215, '00:56']
[17, 0.31435367465019226, 0.4040587246417999, 0.8579166531562805, 0.8579166666666668, 0.8576225245075225, '00:56']
[18, 0.2990322709083557, 0.4006894826889038, 0.859333336353302, 0.8593333333333334, 0.8591248815981747, '00:55']
[19, 0.27785345911979675, 0.41075757145881653, 0.8569999933242798, 0.857, 0.8549801910009481, '00:54']
[20, 0.29045477509498596, 0.40105876326560974, 0.8609166741371155, 0.8609166666666667, 0.8599394065248085, '01:01']
[21, 0.2686904966831207, 0.3942888677120209, 0.8609166741371155, 0.8609166666666667, 0.8582521297602407, '00:55']
[22, 0.26877322793006897, 0.3892291188240051, 0.8661666512489319, 0.8661666666666668, 0.8661328453969223, '00:55']
[23, 0.2529870569705963, 0.3821093738079071, 0.8674166798591614, 0.8674166666666666, 0.8669643456283834, '00:56']
[24, 0.25140130519866943, 0.3838678002357483, 0.8671666383743286, 0.8671666666666666, 0.8663345084737385, '00:55']
[25, 0.24400460720062256, 0.3839901089668274, 0.8680833578109741, 0.8680833333333334, 0.8671517863636534, '00:56']
[26, 0.23235556483268738, 0.38197049498558044, 0.8685833215713501, 0.8685833333333333, 0.8674108241913085, '00:55']
[27, 0.23252907395362854, 0.3812800347805023, 0.8680833578109741, 0.8680833333333334, 0.8674736845607522, '00:55']
[28, 0.22541841864585876, 0.38106217980384827, 0.8687499761581421, 0.86875, 0.8684227901021883, '00:55']
[29, 0.24052459001541138, 0.38094019889831543, 0.8687499761581421, 0.86875, 0.8681226138300187, '00:55']

Tiempo de entrenamiento: 1831.72 segundos
/mnt/homeGPU/haoweihu/TFG/lib/python3.10/site-packages/fastai/learner.py:455: UserWarning: load_learner` uses Python's insecure pickle module, which can execute malicious arbitrary code when loading. Only load files you trust.
If you only need to load model weights and optimizer state, use the safe `Learner.load` instead.
  warn("load_learner` uses Python's insecure pickle module, which can execute malicious arbitrary code when loading. Only load files you trust.\nIf you only need to load model weights and optimizer state, use the safe `Learner.load` instead.")
Loss: 0.3809
Accuracy: 0.8687
Recall: 0.8688
F1-Score: 0.8681
Loss: 3.0928380489349365
Accuracy: 0.6885015964508057
Recall (macro): 0.6883081213218453
F1 Score (macro): 0.6877412328788421
---------------------------------------------------------------------------
--------------------------distilld 04-----------------------------
---------------------------------------------------------------------------
---------------------------------------------------------------------------
Ejecutando: fmnist_dist4_ex1
---------------------------------------------------------------------------
Número total de imágenes en entrenamiento: 9630
Número total de imágenes en validación: 12000

Clases: ['Ankle boot', 'Bag', 'Coat', 'Dress', 'Pullover', 'Sandal', 'Shirt', 'Sneaker', 'T-shirt', 'Trouser']
[0, 2.275434970855713, 2.2520625591278076, 0.2915833294391632, 0.29158333333333336, 0.1425598415376997, '02:37']
[1, 1.69338059425354, 1.2892749309539795, 0.5198333263397217, 0.5198333333333334, 0.4581082614992245, '00:56']
[2, 0.958071231842041, 0.852385401725769, 0.67208331823349, 0.6720833333333334, 0.6717636824855854, '00:52']
[3, 0.7747630476951599, 0.7628833055496216, 0.7014166712760925, 0.7014166666666666, 0.678568981930862, '00:55']
[4, 0.6996806263923645, 0.6918168067932129, 0.7315833568572998, 0.7315833333333334, 0.7203963197743908, '00:55']
[5, 0.6530458927154541, 0.6630703806877136, 0.7505833506584167, 0.7505833333333334, 0.7432169156769113, '00:54']
[6, 0.5858852863311768, 0.5645864009857178, 0.7862499952316284, 0.78625, 0.7835292480964924, '00:55']
[7, 0.5533220767974854, 0.5434105396270752, 0.8015833497047424, 0.8015833333333333, 0.7977822718636602, '00:54']
[8, 0.49789828062057495, 0.5240195989608765, 0.8090833425521851, 0.8090833333333333, 0.8031582030744259, '00:57']
[9, 0.4868920147418976, 0.5161780118942261, 0.7964166402816772, 0.7964166666666666, 0.7849523591810249, '00:54']
[10, 0.4640934467315674, 0.482869416475296, 0.8197500109672546, 0.81975, 0.81975804750856, '00:55']
[11, 0.4421139359474182, 0.49777480959892273, 0.8171666860580444, 0.8171666666666667, 0.8193620295420437, '00:56']
[12, 0.41899585723876953, 0.4446572959423065, 0.8422499895095825, 0.8422500000000002, 0.8381838849727457, '00:55']
[13, 0.418861448764801, 0.46570125222206116, 0.8333333134651184, 0.8333333333333334, 0.8317904078050337, '00:58']
[14, 0.3908798396587372, 0.435813307762146, 0.8417500257492065, 0.84175, 0.8415411694619266, '00:54']
[15, 0.37637394666671753, 0.4280225932598114, 0.8475000262260437, 0.8474999999999999, 0.8451434481392847, '00:55']
[16, 0.3526098132133484, 0.41844040155410767, 0.8484166860580444, 0.8484166666666667, 0.8451099480001787, '00:58']
[17, 0.3382261097431183, 0.4209634065628052, 0.8491666913032532, 0.8491666666666667, 0.8445598815843075, '00:54']
[18, 0.33110496401786804, 0.41384410858154297, 0.8523333072662354, 0.8523333333333334, 0.8490121865271174, '00:54']
[19, 0.32080742716789246, 0.40807780623435974, 0.8565833568572998, 0.8565833333333334, 0.8560466172744023, '00:55']
[20, 0.3189966082572937, 0.407818078994751, 0.8585000038146973, 0.8585, 0.8559187046858512, '00:56']
[21, 0.3055533766746521, 0.40302005410194397, 0.8575000166893005, 0.8574999999999999, 0.855772388464193, '00:55']
[22, 0.29569265246391296, 0.39784905314445496, 0.8609166741371155, 0.8609166666666667, 0.8611387331878039, '00:59']
[23, 0.28826990723609924, 0.39575403928756714, 0.8621666431427002, 0.8621666666666666, 0.8613308639269999, '00:54']
[24, 0.2884570360183716, 0.39223653078079224, 0.8629999756813049, 0.8630000000000001, 0.862320000418282, '00:55']
[25, 0.2743210792541504, 0.3912990689277649, 0.8637499809265137, 0.8637499999999999, 0.8629284651125747, '00:57']
[26, 0.2638779580593109, 0.3926757872104645, 0.8645833134651184, 0.8645833333333334, 0.8627782682857272, '00:55']
[27, 0.2630763053894043, 0.3906842768192291, 0.8638333082199097, 0.8638333333333333, 0.8631786506307835, '00:59']
[28, 0.2668113708496094, 0.390930712223053, 0.8655833601951599, 0.8655833333333334, 0.8648584438215121, '00:57']
[29, 0.2690581679344177, 0.3909324109554291, 0.8654999732971191, 0.8655000000000002, 0.8648462666426792, '00:57']

Tiempo de entrenamiento: 1781.94 segundos
/mnt/homeGPU/haoweihu/TFG/lib/python3.10/site-packages/fastai/learner.py:455: UserWarning: load_learner` uses Python's insecure pickle module, which can execute malicious arbitrary code when loading. Only load files you trust.
If you only need to load model weights and optimizer state, use the safe `Learner.load` instead.
  warn("load_learner` uses Python's insecure pickle module, which can execute malicious arbitrary code when loading. Only load files you trust.\nIf you only need to load model weights and optimizer state, use the safe `Learner.load` instead.")
Loss: 0.3909
Accuracy: 0.8655
Recall: 0.8655
F1-Score: 0.8648
Loss: 3.036206007003784
Accuracy: 0.6815905570983887
Recall (macro): 0.6816497038120285
F1 Score (macro): 0.681534729759256
