---------------------------------------------------------------------------
--------------------------MODELOS Quantize 2--------------------------------
---------------------------------------------------------------------------
---------------------------------------------------------------------------
Ejecutando: mnist_base_quant
---------------------------------------------------------------------------
Número total de imágenes en entrenamiento: 48000
Número total de imágenes en validación: 12000

Clases: ['0', '1', '2', '3', '4', '5', '6', '7', '8', '9']
[0, 2.302079439163208, 2.301617383956909, 0.11516666412353516, 0.1, 0.020654610671050667, '09:12']
[1, 2.301053285598755, 2.3010058403015137, 0.11516666412353516, 0.1, 0.020654610671050667, '02:45']
[2, 2.3018617630004883, 2.3015565872192383, 0.11516666412353516, 0.1, 0.020654610671050667, '02:37']
[3, 2.0735819339752197, 1.938470482826233, 0.31075000762939453, 0.29911728463237053, 0.19969929277324622, '02:42']
[4, 0.8880547285079956, 0.8391605615615845, 0.7095000147819519, 0.7042228993835705, 0.7001796809560826, '02:37']
[5, 0.5387729406356812, 0.5167990922927856, 0.8324166536331177, 0.8297660901011448, 0.827138655623472, '02:50']
[6, 0.3100959062576294, 0.32351040840148926, 0.8949166536331177, 0.8930526515214581, 0.8930086800360021, '02:58']
[7, 0.23141461610794067, 0.21596767008304596, 0.934249997138977, 0.933200903551563, 0.9334746986686302, '03:03']
[8, 0.17394991219043732, 0.17109322547912598, 0.9470000267028809, 0.9464106484557329, 0.946196506433451, '02:49']
[9, 0.15940114855766296, 0.14584986865520477, 0.953083336353302, 0.9522152146977048, 0.9524986162874811, '02:51']
[10, 0.13351240754127502, 0.14225731790065765, 0.9555833339691162, 0.9548769455110294, 0.9552001094484007, '02:59']
[11, 0.1139620840549469, 0.1199827566742897, 0.9622499942779541, 0.9614632870391333, 0.9617272554913544, '02:43']
[12, 0.11012360453605652, 0.10552962124347687, 0.9677500128746033, 0.9671597173397327, 0.9673795867118044, '02:55']
[13, 0.09825339913368225, 0.09988320618867874, 0.9671666622161865, 0.9668080069881754, 0.9669247187858565, '02:49']
[14, 0.08545976877212524, 0.08776599913835526, 0.9723333120346069, 0.9720080607712374, 0.972026527387143, '02:46']
[15, 0.07718907296657562, 0.0844481885433197, 0.9732499718666077, 0.9728233878362845, 0.9729904194165165, '02:49']
[16, 0.07191954553127289, 0.08100997656583786, 0.9742500185966492, 0.9738519015034633, 0.9739342045223702, '02:39']
[17, 0.05945929139852524, 0.0802549496293068, 0.9745000004768372, 0.9743679259790632, 0.9742326070131948, '02:40']
[18, 0.06398482620716095, 0.07690355181694031, 0.9748333096504211, 0.974621733533277, 0.9745971546424993, '02:40']
[19, 0.057923924177885056, 0.07385899126529694, 0.9770833253860474, 0.976717847023339, 0.9768436861724542, '02:37']
[20, 0.04940418154001236, 0.06976617127656937, 0.9776666760444641, 0.9774432868556113, 0.9774414694793994, '02:49']
[21, 0.054690197110176086, 0.06960394978523254, 0.9786666631698608, 0.978500654944583, 0.9784220161986277, '02:41']
[22, 0.05670025944709778, 0.06983259320259094, 0.9779999852180481, 0.9779966376748674, 0.977796765326486, '02:32']
[23, 0.05682304874062538, 0.06730669736862183, 0.9786666631698608, 0.9783909705974054, 0.9784155408105079, '02:42']
[24, 0.051449764519929886, 0.06787274032831192, 0.9784166812896729, 0.9783507661409285, 0.9781810720059589, '02:38']
[25, 0.0466102696955204, 0.06569033861160278, 0.9801666736602783, 0.9800183592380319, 0.9799678393348741, '02:22']
[26, 0.0523102842271328, 0.06552502512931824, 0.9794999957084656, 0.9792410309681104, 0.9792608456070504, '02:39']
[27, 0.05238876864314079, 0.06515062600374222, 0.9803333282470703, 0.9800985092808832, 0.9800958006297439, '02:44']
[28, 0.03893643617630005, 0.06493633985519409, 0.9803333282470703, 0.9801426628684713, 0.9801066625714545, '02:38']
[29, 0.04239392280578613, 0.06494123488664627, 0.9802500009536743, 0.9800589107746689, 0.980022619920285, '02:40']

Tiempo de entrenamiento: 5324.23 segundos
/mnt/homeGPU/haoweihu/TFG/lib/python3.10/site-packages/fastai/learner.py:455: UserWarning: load_learner` uses Python's insecure pickle module, which can execute malicious arbitrary code when loading. Only load files you trust.
If you only need to load model weights and optimizer state, use the safe `Learner.load` instead.
  warn("load_learner` uses Python's insecure pickle module, which can execute malicious arbitrary code when loading. Only load files you trust.\nIf you only need to load model weights and optimizer state, use the safe `Learner.load` instead.")
Loss: 0.0649
Accuracy: 0.9803
Recall: 0.9801
F1-Score: 0.9800
Loss: 0.05292974412441254
Accuracy: 0.9829727411270142
Recall (macro): 0.9828545129392833
F1 Score (macro): 0.9828622070336334
---------------------------------------------------------------------------
Ejecutando: fmnist_base_quant
---------------------------------------------------------------------------
Número total de imágenes en entrenamiento: 48000
Número total de imágenes en validación: 12000

Clases: ['Ankle boot', 'Bag', 'Coat', 'Dress', 'Pullover', 'Sandal', 'Shirt', 'Sneaker', 'Trouser', 'top']
[0, 2.3027353286743164, 2.303201913833618, 0.09925000369548798, 0.1, 0.01805776665908574, '09:02']
[1, 2.3026506900787354, 2.3031556606292725, 0.09716666489839554, 0.1, 0.01771228922983442, '02:48']
[2, 1.6717584133148193, 1.5612872838974, 0.4312500059604645, 0.4305417143833803, 0.37495366591130486, '02:42']
[3, 1.0582534074783325, 1.0316323041915894, 0.57833331823349, 0.5772483450676325, 0.5498372534280176, '02:39']
[4, 0.9042783379554749, 0.9013529419898987, 0.6675000190734863, 0.6674106590240145, 0.6474396919249336, '02:55']
[5, 0.7861315608024597, 0.7735921740531921, 0.7168333530426025, 0.7159444102845445, 0.6971665649314808, '02:42']
[6, 0.72530597448349, 0.6863329410552979, 0.7419999837875366, 0.7412718734049036, 0.7291834785192381, '02:39']
[7, 0.6579455137252808, 0.6309217214584351, 0.7528333067893982, 0.7525113486548952, 0.7369464800081514, '02:40']
[8, 0.6222074627876282, 0.6037275195121765, 0.7639166712760925, 0.7637546624261236, 0.7483471587168538, '02:38']
[9, 0.6079952120780945, 0.5820093154907227, 0.7741666436195374, 0.7736947372032958, 0.7592457293836483, '02:37']
[10, 0.5779635906219482, 0.5547143816947937, 0.7890833616256714, 0.788227639902123, 0.7831437266867427, '02:38']
[11, 0.554501473903656, 0.5408803820610046, 0.7950000166893005, 0.7941362739163178, 0.791922884694157, '02:37']
[12, 0.5323675274848938, 0.5178993940353394, 0.8016666769981384, 0.8010410882553434, 0.7989358552175261, '02:35']
[13, 0.5122037529945374, 0.4971317648887634, 0.8130833506584167, 0.81248354635365, 0.8026204026202995, '02:39']
[14, 0.4908929169178009, 0.4926004707813263, 0.8159166574478149, 0.8153552635704286, 0.8074155858357397, '02:36']
[15, 0.48439309000968933, 0.5012584924697876, 0.809583306312561, 0.8089558712519122, 0.8089094559064469, '02:45']
[16, 0.48957666754722595, 0.46127182245254517, 0.8289166688919067, 0.828054218454062, 0.8254541546860015, '02:37']
[17, 0.4673193395137787, 0.4587475657463074, 0.8309166431427002, 0.8304605526451485, 0.8260870803467213, '02:37']
[18, 0.4730314016342163, 0.4554859697818756, 0.8307499885559082, 0.8296410338142675, 0.82687714216434, '02:33']
[19, 0.443089097738266, 0.44163164496421814, 0.8355833292007446, 0.8346693627090932, 0.831032480594371, '02:31']
[20, 0.4339156150817871, 0.44602707028388977, 0.8340833187103271, 0.8336992335598106, 0.8270458092874444, '02:39']
[21, 0.445681095123291, 0.4374940097332001, 0.8362500071525574, 0.8354419107866397, 0.832646968248136, '02:42']
[22, 0.43629732728004456, 0.4325253367424011, 0.8385833501815796, 0.8380504320105023, 0.833307857728955, '02:55']
[23, 0.4466594457626343, 0.4298049211502075, 0.8423333168029785, 0.8417830774249724, 0.8378711287846944, '02:35']
[24, 0.4112793803215027, 0.4285254180431366, 0.840583324432373, 0.8398989395421289, 0.8360695285285654, '02:49']
[25, 0.4188060164451599, 0.425777792930603, 0.8426666855812073, 0.8418777336830813, 0.8385372691904776, '02:53']
[26, 0.4266624450683594, 0.42571231722831726, 0.840666651725769, 0.8396924632838916, 0.8386203420191839, '02:45']
[27, 0.41722404956817627, 0.42451241612434387, 0.8423333168029785, 0.841425645838821, 0.8393716490869736, '02:39']
[28, 0.4168933629989624, 0.42408308386802673, 0.8424166440963745, 0.841496926340003, 0.8393330133428544, '02:41']
[29, 0.41050323843955994, 0.4240969121456146, 0.8426666855812073, 0.8417751994047113, 0.8396817636369379, '02:36']

Tiempo de entrenamiento: 5216.26 segundos
/mnt/homeGPU/haoweihu/TFG/lib/python3.10/site-packages/fastai/learner.py:455: UserWarning: load_learner` uses Python's insecure pickle module, which can execute malicious arbitrary code when loading. Only load files you trust.
If you only need to load model weights and optimizer state, use the safe `Learner.load` instead.
  warn("load_learner` uses Python's insecure pickle module, which can execute malicious arbitrary code when loading. Only load files you trust.\nIf you only need to load model weights and optimizer state, use the safe `Learner.load` instead.")
Loss: 0.4241
Accuracy: 0.8427
Recall: 0.8418
F1-Score: 0.8397
Loss: 0.45479515194892883
Accuracy: 0.8321313858032227
Recall (macro): 0.8322348932286031
F1 Score (macro): 0.8304483260794775
---------------------------------------------------------------------------
Ejecutando: cifar_base_quant
---------------------------------------------------------------------------
Número total de imágenes en entrenamiento: 40000
Número total de imágenes en validación: 10000

Clases: ['airplane', 'automobile', 'bird', 'cat', 'deer', 'dog', 'frog', 'horse', 'ship', 'truck']
[0, 2.303159713745117, 2.3032875061035156, 0.09539999812841415, 0.1, 0.017418294686872376, '08:11']
[1, 2.303025007247925, 2.30290150642395, 0.09539999812841415, 0.1, 0.017418294686872376, '02:18']
[2, 2.3028485774993896, 2.303227186203003, 0.09809999912977219, 0.1, 0.017867225207176034, '02:11']
[3, 2.3028650283813477, 2.3030741214752197, 0.0997999981045723, 0.1, 0.018148754318967085, '02:14']
[4, 2.3028974533081055, 2.30191707611084, 0.10459999740123749, 0.1, 0.0189389824370813, '02:21']
[5, 2.183939218521118, 2.1876797676086426, 0.19009999930858612, 0.18880154110499828, 0.12240667938348933, '02:34']
[6, 2.089029312133789, 2.081606388092041, 0.24459999799728394, 0.24389687025954804, 0.22126426590972814, '02:12']
[7, 2.034266710281372, 2.022432327270508, 0.2597000002861023, 0.25824989112242386, 0.23967149556660602, '02:13']
[8, 1.9751187562942505, 1.9886085987091064, 0.2718000113964081, 0.2707934449338828, 0.24600128851687245, '02:15']
[9, 1.9700279235839844, 1.9722992181777954, 0.28540000319480896, 0.2825278881217259, 0.26188527421854013, '02:20']
[10, 1.9381229877471924, 1.9445873498916626, 0.29490000009536743, 0.293116001781853, 0.2792524340869766, '02:11']
[11, 1.925380825996399, 1.948272705078125, 0.29980000853538513, 0.2984878138952109, 0.28233099730194744, '02:27']
[12, 1.9163134098052979, 1.9171507358551025, 0.30959999561309814, 0.3081543427336926, 0.29756340543041093, '02:11']
[13, 1.89028799533844, 1.9131168127059937, 0.3100000023841858, 0.30841889066824246, 0.29653469525229587, '02:16']
[14, 1.8724392652511597, 1.900646686553955, 0.321399986743927, 0.31970199207529476, 0.3106910533239366, '02:09']
[15, 1.8773869276046753, 1.9042819738388062, 0.3215999901294708, 0.31999372027328504, 0.31140575003515003, '02:16']
[16, 1.8705179691314697, 1.8796968460083008, 0.32580000162124634, 0.3241894862482724, 0.3131563108569114, '02:11']
[17, 1.8589626550674438, 1.8707308769226074, 0.3321000039577484, 0.33020869042688095, 0.3236299384357466, '02:14']
[18, 1.8511444330215454, 1.8611027002334595, 0.3353999853134155, 0.3333813142598806, 0.3258836745172222, '02:25']
[19, 1.8517241477966309, 1.8627030849456787, 0.3370000123977661, 0.33514655526271575, 0.33101550777320676, '02:11']
[20, 1.833243489265442, 1.8496965169906616, 0.3402999937534332, 0.3385086336546243, 0.3312063021600252, '02:19']
[21, 1.8116061687469482, 1.8481953144073486, 0.3407000005245209, 0.3388224535817022, 0.32909594279836896, '02:16']
[22, 1.8186858892440796, 1.8458095788955688, 0.34450000524520874, 0.3425340371285408, 0.33740615587268813, '02:13']
[23, 1.8273252248764038, 1.8422646522521973, 0.3422999978065491, 0.3404911396125068, 0.3324976433738831, '02:12']
[24, 1.8023258447647095, 1.840330719947815, 0.3424000144004822, 0.3404546210918595, 0.3348849954040533, '02:14']
[25, 1.8274070024490356, 1.839294672012329, 0.3447999954223633, 0.3429576156924777, 0.3356916585503297, '02:12']
[26, 1.8215047121047974, 1.8379536867141724, 0.3458000123500824, 0.3439210902317703, 0.3369844526501937, '02:13']
[27, 1.8079472780227661, 1.8378939628601074, 0.34529998898506165, 0.34339293266038623, 0.33572804936481576, '02:15']
[28, 1.8187830448150635, 1.8377116918563843, 0.3447999954223633, 0.342927471339476, 0.33549728338759666, '02:20']
[29, 1.8163400888442993, 1.837600588798523, 0.34599998593330383, 0.34415395208075006, 0.3368681009506316, '02:24']

Tiempo de entrenamiento: 4456.72 segundos
/mnt/homeGPU/haoweihu/TFG/lib/python3.10/site-packages/fastai/learner.py:455: UserWarning: load_learner` uses Python's insecure pickle module, which can execute malicious arbitrary code when loading. Only load files you trust.
If you only need to load model weights and optimizer state, use the safe `Learner.load` instead.
  warn("load_learner` uses Python's insecure pickle module, which can execute malicious arbitrary code when loading. Only load files you trust.\nIf you only need to load model weights and optimizer state, use the safe `Learner.load` instead.")
Loss: 1.8376
Accuracy: 0.3460
Recall: 0.3442
F1-Score: 0.3369
Loss: 1.8428961038589478
Accuracy: 0.33984375
Recall (macro): 0.3398318406051221
F1 Score (macro): 0.33083941383482085
mail: cannot send message: Process exited with a non-zero status
