---------------------------------------------------------------------------
Ejecutando: cifar_gray_10pct_example1
---------------------------------------------------------------------------
Número total de imágenes en entrenamiento: 4000
Número total de imágenes en validación: 10000

Clases: ['airplane', 'automobile', 'bird', 'cat', 'deer', 'dog', 'frog', 'horse', 'ship', 'truck']
[0, 2.3039581775665283, 2.3035850524902344, 0.10010000318288803, 0.1001, 0.018394922451642794, '00:20']
[1, 2.3029720783233643, 2.301408052444458, 0.10270000249147415, 0.10269999999999999, 0.023448722400521364, '00:19']
[2, 2.2978928089141846, 2.2864842414855957, 0.1995999962091446, 0.19960000000000003, 0.11867019783971404, '00:19']
[3, 2.2355809211730957, 2.130802869796753, 0.21950000524520874, 0.21949999999999997, 0.1793114712610125, '00:20']
[4, 2.1209657192230225, 2.0427253246307373, 0.26010000705718994, 0.2601, 0.22133377112131045, '00:20']
[5, 2.043458938598633, 1.9685767889022827, 0.28690001368522644, 0.2869, 0.25279028306547036, '00:33']
[6, 1.9691498279571533, 1.9132400751113892, 0.30809998512268066, 0.30809999999999993, 0.2840571981361864, '00:24']
[7, 1.9274929761886597, 1.8856431245803833, 0.3050000071525574, 0.305, 0.29168806706269484, '00:28']
[8, 1.8784205913543701, 1.8709704875946045, 0.3093000054359436, 0.3093, 0.2854101040753583, '00:20']
[9, 1.8479057550430298, 1.8369150161743164, 0.33070001006126404, 0.33070000000000005, 0.3206387768874364, '00:20']
[10, 1.8296329975128174, 1.808827519416809, 0.3384000062942505, 0.33840000000000003, 0.32204096027472257, '00:20']
[11, 1.7882825136184692, 1.8045119047164917, 0.3368000090122223, 0.33680000000000004, 0.3220809436099382, '00:20']
[12, 1.7779597043991089, 1.8019248247146606, 0.3449000120162964, 0.3449, 0.33512173187658645, '00:20']
[13, 1.7596797943115234, 1.7869173288345337, 0.34279999136924744, 0.34280000000000005, 0.3209652462862985, '00:19']
[14, 1.7267451286315918, 1.808184027671814, 0.3409000039100647, 0.3409, 0.3402773411859477, '00:20']
[15, 1.7036162614822388, 1.7459303140640259, 0.3594000041484833, 0.3594, 0.346872687345214, '00:19']
[16, 1.6870925426483154, 1.746566653251648, 0.361299991607666, 0.3613, 0.34748890012704925, '00:20']
[17, 1.6723002195358276, 1.799517035484314, 0.3506999909877777, 0.35069999999999996, 0.32784101234424806, '00:20']
[18, 1.64994215965271, 1.7289785146713257, 0.3725000023841858, 0.3725, 0.3672899267147716, '00:20']
[19, 1.6294351816177368, 1.7133642435073853, 0.3743000030517578, 0.3743, 0.3667829012902265, '00:20']
[20, 1.6105506420135498, 1.7131925821304321, 0.3752000033855438, 0.3752, 0.3610100703741942, '00:20']
[21, 1.6034634113311768, 1.70842444896698, 0.3774999976158142, 0.3775, 0.37006373316245883, '00:20']
[22, 1.5951277017593384, 1.7042462825775146, 0.3831999897956848, 0.3832, 0.3748645820202614, '00:20']
[23, 1.5801912546157837, 1.7059084177017212, 0.3792000114917755, 0.3792, 0.3744879120307451, '00:20']
[24, 1.5694423913955688, 1.7099039554595947, 0.3799000084400177, 0.3799, 0.373483059511084, '00:20']
[25, 1.575316309928894, 1.701273798942566, 0.38519999384880066, 0.38520000000000004, 0.37924401787021134, '00:20']
[26, 1.5610594749450684, 1.6974347829818726, 0.38350000977516174, 0.3835, 0.3775271621521291, '00:20']
[27, 1.553316593170166, 1.6978933811187744, 0.3824999928474426, 0.38249999999999995, 0.37541810927735025, '00:20']
[28, 1.5552031993865967, 1.6971909999847412, 0.3824000060558319, 0.38239999999999996, 0.37619711619993024, '00:19']
[29, 1.546180248260498, 1.69722318649292, 0.38179999589920044, 0.38180000000000003, 0.3752728657018337, '00:20']

Tiempo de entrenamiento: 629.92 segundos
/mnt/homeGPU/haoweihu/TFG/lib/python3.10/site-packages/fastai/learner.py:455: UserWarning: load_learner` uses Python's insecure pickle module, which can execute malicious arbitrary code when loading. Only load files you trust.
If you only need to load model weights and optimizer state, use the safe `Learner.load` instead.
  warn("load_learner` uses Python's insecure pickle module, which can execute malicious arbitrary code when loading. Only load files you trust.\nIf you only need to load model weights and optimizer state, use the safe `Learner.load` instead.")
Loss: 1.6972
Accuracy: 0.3818
Recall: 0.3818
F1-Score: 0.3753
Loss: 1.6903678178787231
Accuracy: 0.38571715354919434
Recall (macro): 0.385701476542659
F1 Score (macro): 0.37885310198855293
---------------------------------------------------------------------------
Ejecutando: cifar_gray_10pct_example2
---------------------------------------------------------------------------
Número total de imágenes en entrenamiento: 4000
Número total de imágenes en validación: 10000

Clases: ['airplane', 'automobile', 'bird', 'cat', 'deer', 'dog', 'frog', 'horse', 'ship', 'truck']
[0, 2.3026223182678223, 2.3015241622924805, 0.11640000343322754, 0.11640000000000002, 0.04281475086035123, '00:20']
[1, 2.300139904022217, 2.2952306270599365, 0.14749999344348907, 0.1475, 0.07301129760706807, '00:20']
[2, 2.2833874225616455, 2.2422139644622803, 0.13500000536441803, 0.13499999999999998, 0.06163893929007239, '00:21']
[3, 2.2277443408966064, 2.186267375946045, 0.18790000677108765, 0.1879, 0.14470120661112107, '00:20']
[4, 2.175194025039673, 2.111217498779297, 0.23579999804496765, 0.2358, 0.20004141170345696, '00:20']
[5, 2.1164073944091797, 2.141326665878296, 0.20280000567436218, 0.2028, 0.174626510694822, '00:19']
[6, 2.06676983833313, 2.036363124847412, 0.250900000333786, 0.2509, 0.20915872722602638, '00:20']
[7, 2.0267460346221924, 1.9817848205566406, 0.288100004196167, 0.2881, 0.2729665002063928, '00:20']
[8, 1.9734023809432983, 1.9828300476074219, 0.28380000591278076, 0.2838, 0.27342236085866894, '00:20']
[9, 1.9275909662246704, 1.924398422241211, 0.301800012588501, 0.30179999999999996, 0.28325469151588006, '00:20']
[10, 1.893876075744629, 1.905973196029663, 0.3125, 0.31249999999999994, 0.3021644124995691, '00:19']
[11, 1.8407416343688965, 1.845320463180542, 0.3330000042915344, 0.333, 0.32311065154851026, '00:20']
[12, 1.7978521585464478, 1.8597215414047241, 0.3303999900817871, 0.3304, 0.3198930482208526, '00:20']
[13, 1.766059160232544, 1.8307533264160156, 0.3294000029563904, 0.3294, 0.3109168874789575, '00:19']
[14, 1.7168687582015991, 1.8026925325393677, 0.3517000079154968, 0.3517, 0.3425438827910058, '00:20']
[15, 1.6868102550506592, 1.7762717008590698, 0.3619000017642975, 0.3619, 0.3513938337808356, '00:20']
[16, 1.6497173309326172, 1.7971062660217285, 0.3528999984264374, 0.35290000000000005, 0.3389872327615541, '00:20']
[17, 1.6295820474624634, 1.7849005460739136, 0.3598000109195709, 0.3598, 0.3493326553983066, '00:20']
[18, 1.6010193824768066, 1.752581000328064, 0.37040001153945923, 0.37039999999999995, 0.36176547666669534, '00:20']
[19, 1.5821568965911865, 1.7535905838012695, 0.3747999966144562, 0.3748, 0.36922868617489485, '00:20']
[20, 1.5570764541625977, 1.740907073020935, 0.37869998812675476, 0.3787, 0.3744004991152702, '00:20']
[21, 1.5325061082839966, 1.7390269041061401, 0.3783999979496002, 0.37839999999999996, 0.37087805423980735, '00:20']
[22, 1.5188393592834473, 1.735870361328125, 0.38019999861717224, 0.3802, 0.3743462381574815, '00:20']
[23, 1.4958229064941406, 1.7370250225067139, 0.3797000050544739, 0.37970000000000004, 0.37669936500670664, '00:20']
[24, 1.4908092021942139, 1.7386640310287476, 0.37950000166893005, 0.3795, 0.37262023378507336, '00:20']
[25, 1.4731522798538208, 1.734147310256958, 0.3815000057220459, 0.38149999999999995, 0.3779416575889296, '00:20']
[26, 1.4576584100723267, 1.7349954843521118, 0.3831999897956848, 0.3832, 0.3780377511306106, '00:20']
[27, 1.463103175163269, 1.733896255493164, 0.384799987077713, 0.3848, 0.37994631626591746, '00:20']
[28, 1.459731101989746, 1.7334630489349365, 0.38269999623298645, 0.3827, 0.37851805693179097, '00:21']
[29, 1.4560134410858154, 1.7334710359573364, 0.382999986410141, 0.383, 0.3786420740970371, '00:20']

Tiempo de entrenamiento: 608.04 segundos
/mnt/homeGPU/haoweihu/TFG/lib/python3.10/site-packages/fastai/learner.py:455: UserWarning: load_learner` uses Python's insecure pickle module, which can execute malicious arbitrary code when loading. Only load files you trust.
If you only need to load model weights and optimizer state, use the safe `Learner.load` instead.
  warn("load_learner` uses Python's insecure pickle module, which can execute malicious arbitrary code when loading. Only load files you trust.\nIf you only need to load model weights and optimizer state, use the safe `Learner.load` instead.")
Loss: 1.7335
Accuracy: 0.3830
Recall: 0.3830
F1-Score: 0.3786
Loss: 1.7290276288986206
Accuracy: 0.3845152258872986
Recall (macro): 0.3844608385657231
F1 Score (macro): 0.38006406847764146
---------------------------------------------------------------------------
Ejecutando: cifar_gray_20pct_example1
---------------------------------------------------------------------------
Número total de imágenes en entrenamiento: 8000
Número total de imágenes en validación: 10000

Clases: ['airplane', 'automobile', 'bird', 'cat', 'deer', 'dog', 'frog', 'horse', 'ship', 'truck']
[0, 2.304111957550049, 2.303042411804199, 0.10140000283718109, 0.1014, 0.021429483865081055, '00:25']
[1, 2.296776533126831, 2.2876663208007812, 0.16840000450611115, 0.16840000000000002, 0.111858316852016, '00:25']
[2, 2.198965311050415, 2.159006357192993, 0.2134999930858612, 0.21349999999999997, 0.17350832844417896, '00:25']
[3, 2.0967917442321777, 2.0842742919921875, 0.23080000281333923, 0.23080000000000003, 0.1963896457037547, '00:25']
[4, 2.02002215385437, 1.987593173980713, 0.28519999980926514, 0.2852, 0.25318724852934843, '00:25']
[5, 1.9197815656661987, 1.9022589921951294, 0.30959999561309814, 0.3096, 0.29054936792744807, '00:25']
[6, 1.8329616785049438, 1.8287304639816284, 0.3407000005245209, 0.3407, 0.3223095041331424, '00:25']
[7, 1.766154170036316, 1.759166955947876, 0.3695000112056732, 0.3695, 0.35263542237649703, '00:25']
[8, 1.7279319763183594, 1.7588248252868652, 0.3666999936103821, 0.3667, 0.34980974651048935, '00:25']
[9, 1.6991559267044067, 1.7349398136138916, 0.3781000077724457, 0.3781, 0.3619846759816411, '00:25']
[10, 1.6578644514083862, 1.7000209093093872, 0.3903999924659729, 0.39039999999999997, 0.37719598811428134, '00:25']
[11, 1.6273443698883057, 1.683502197265625, 0.40230000019073486, 0.4023, 0.39664786264972307, '00:25']
[12, 1.5938315391540527, 1.6467190980911255, 0.41589999198913574, 0.41590000000000005, 0.40730375368208716, '00:25']
[13, 1.579575538635254, 1.630810022354126, 0.4212000072002411, 0.42119999999999996, 0.4085205132101639, '00:25']
[14, 1.5453152656555176, 1.6337202787399292, 0.4171000123023987, 0.4170999999999999, 0.40902314575074816, '00:25']
[15, 1.5115312337875366, 1.6072534322738647, 0.42910000681877136, 0.42910000000000004, 0.4274729364831151, '00:25']
[16, 1.5054848194122314, 1.6040538549423218, 0.4287000000476837, 0.42869999999999997, 0.41915382127313344, '00:25']
[17, 1.4687118530273438, 1.6043453216552734, 0.4300999939441681, 0.43010000000000004, 0.42802818261941766, '00:27']
[18, 1.4483636617660522, 1.5936355590820312, 0.43209999799728394, 0.43210000000000004, 0.426023044044444, '00:25']
[19, 1.4344812631607056, 1.5751885175704956, 0.4417000114917755, 0.4417, 0.42845889007366916, '00:25']
[20, 1.4116568565368652, 1.5608975887298584, 0.44850000739097595, 0.4485, 0.44309877175434104, '00:25']
[21, 1.378101110458374, 1.561261773109436, 0.4458000063896179, 0.4457999999999999, 0.44018522762693824, '00:25']
[22, 1.3898661136627197, 1.556441068649292, 0.4471000134944916, 0.4471, 0.43914982844741274, '00:25']
[23, 1.3766899108886719, 1.5569223165512085, 0.44699999690055847, 0.44699999999999995, 0.4421750141553334, '00:25']
[24, 1.3711026906967163, 1.5568991899490356, 0.4503999948501587, 0.45039999999999997, 0.44690715303372947, '00:25']
[25, 1.3532098531723022, 1.547454595565796, 0.4526999890804291, 0.4527000000000001, 0.4467674985449146, '00:25']
[26, 1.3253436088562012, 1.5455361604690552, 0.4528999924659729, 0.45289999999999997, 0.44798564105055705, '00:25']
[27, 1.3395098447799683, 1.5454612970352173, 0.45419999957084656, 0.4542, 0.44892373868181823, '00:25']
[28, 1.3294819593429565, 1.5454906225204468, 0.4537000060081482, 0.4537, 0.44877240116723527, '00:25']
[29, 1.3212724924087524, 1.5454057455062866, 0.4535999894142151, 0.45360000000000006, 0.44889170272169243, '00:25']

Tiempo de entrenamiento: 773.80 segundos
/mnt/homeGPU/haoweihu/TFG/lib/python3.10/site-packages/fastai/learner.py:455: UserWarning: load_learner` uses Python's insecure pickle module, which can execute malicious arbitrary code when loading. Only load files you trust.
If you only need to load model weights and optimizer state, use the safe `Learner.load` instead.
  warn("load_learner` uses Python's insecure pickle module, which can execute malicious arbitrary code when loading. Only load files you trust.\nIf you only need to load model weights and optimizer state, use the safe `Learner.load` instead.")
Loss: 1.5454
Accuracy: 0.4536
Recall: 0.4536
F1-Score: 0.4489
Loss: 1.5508043766021729
Accuracy: 0.4459134638309479
Recall (macro): 0.4459268059763774
F1 Score (macro): 0.4402357422620836
---------------------------------------------------------------------------
Ejecutando: cifar_gray_20pct_example2
---------------------------------------------------------------------------
Número total de imágenes en entrenamiento: 8000
Número total de imágenes en validación: 10000

Clases: ['airplane', 'automobile', 'bird', 'cat', 'deer', 'dog', 'frog', 'horse', 'ship', 'truck']
[0, 2.3038480281829834, 2.3022584915161133, 0.10000000149011612, 0.1, 0.01818181818181818, '00:25']
[1, 2.2947988510131836, 2.2839410305023193, 0.1738000065088272, 0.1738, 0.11606969733267461, '00:25']
[2, 2.183720350265503, 2.132042407989502, 0.1868000030517578, 0.1868, 0.11098039906848238, '00:25']
[3, 2.046339273452759, 1.9903689622879028, 0.27059999108314514, 0.27060000000000006, 0.2667425414812179, '00:25']
[4, 1.9366462230682373, 1.8902287483215332, 0.2980000078678131, 0.298, 0.276999227798268, '00:25']
[5, 1.880517601966858, 1.8771345615386963, 0.32359999418258667, 0.3236, 0.2959942338178493, '00:25']
[6, 1.8304914236068726, 1.802376389503479, 0.34119999408721924, 0.34120000000000006, 0.3313248837944732, '00:27']
[7, 1.7619565725326538, 1.733698844909668, 0.3691999912261963, 0.3692, 0.36596347558560527, '00:25']
[8, 1.729720115661621, 1.7079421281814575, 0.37529999017715454, 0.3753, 0.36234209850436244, '00:49']
[9, 1.679353952407837, 1.68302583694458, 0.39070001244544983, 0.39069999999999994, 0.38155277341435073, '00:25']
[10, 1.64426589012146, 1.729294776916504, 0.37529999017715454, 0.3753, 0.36950996025895333, '00:25']
[11, 1.625502109527588, 1.6873770952224731, 0.3828999996185303, 0.38289999999999996, 0.37289457684442834, '00:26']
[12, 1.593890905380249, 1.6328204870224, 0.41670000553131104, 0.41669999999999996, 0.409068068505477, '00:43']
[13, 1.5680588483810425, 1.6209887266159058, 0.4205999970436096, 0.4206, 0.41150593672110525, '00:56']
[14, 1.5482884645462036, 1.6163702011108398, 0.4162999987602234, 0.4163, 0.41419587713897704, '00:33']
[15, 1.5223044157028198, 1.6008380651474, 0.43479999899864197, 0.43479999999999996, 0.42843678670491314, '00:35']
[16, 1.4988261461257935, 1.6039235591888428, 0.4327000081539154, 0.4327, 0.43099297539071263, '00:25']
[17, 1.4763174057006836, 1.5763838291168213, 0.43709999322891235, 0.43709999999999993, 0.4317346932035749, '00:26']
[18, 1.448211908340454, 1.575105905532837, 0.4390000104904175, 0.43900000000000006, 0.4324958845221006, '00:25']
[19, 1.4413492679595947, 1.5738914012908936, 0.43709999322891235, 0.43709999999999993, 0.42908208161880806, '00:25']
[20, 1.4202609062194824, 1.5800092220306396, 0.4390999972820282, 0.4391, 0.42902708891705804, '00:35']
[21, 1.4014045000076294, 1.5605427026748657, 0.4449999928474426, 0.445, 0.43825528701471733, '00:25']
[22, 1.395972728729248, 1.557981014251709, 0.44749999046325684, 0.44749999999999995, 0.44295706638019877, '00:25']
[23, 1.3925577402114868, 1.5530303716659546, 0.4498000144958496, 0.44980000000000003, 0.44600604963460294, '00:37']
[24, 1.3539698123931885, 1.5524009466171265, 0.45089998841285706, 0.4509, 0.4457045056772877, '00:35']
[25, 1.3459076881408691, 1.5499533414840698, 0.45019999146461487, 0.4502, 0.4447724638157376, '00:25']
[26, 1.3541929721832275, 1.549715280532837, 0.45089998841285706, 0.45089999999999997, 0.4472964544233363, '00:25']
[27, 1.3450407981872559, 1.5481035709381104, 0.45159998536109924, 0.4516, 0.44695682191170666, '00:25']
[28, 1.3474640846252441, 1.5489530563354492, 0.4507000148296356, 0.45070000000000005, 0.44540676053452255, '00:25']
[29, 1.3427925109863281, 1.5488362312316895, 0.4505000114440918, 0.45050000000000007, 0.44544071547194963, '00:25']

Tiempo de entrenamiento: 895.83 segundos
/mnt/homeGPU/haoweihu/TFG/lib/python3.10/site-packages/fastai/learner.py:455: UserWarning: load_learner` uses Python's insecure pickle module, which can execute malicious arbitrary code when loading. Only load files you trust.
If you only need to load model weights and optimizer state, use the safe `Learner.load` instead.
  warn("load_learner` uses Python's insecure pickle module, which can execute malicious arbitrary code when loading. Only load files you trust.\nIf you only need to load model weights and optimizer state, use the safe `Learner.load` instead.")
Loss: 1.5488
Accuracy: 0.4505
Recall: 0.4505
F1-Score: 0.4454
Loss: 1.553978681564331
Accuracy: 0.4503205120563507
Recall (macro): 0.4502894108318082
F1 Score (macro): 0.44420285130930337
---------------------------------------------------------------------------
Ejecutando: cifar_gray_30pct_example1
---------------------------------------------------------------------------
Número total de imágenes en entrenamiento: 12000
Número total de imágenes en validación: 10000

Clases: ['airplane', 'automobile', 'bird', 'cat', 'deer', 'dog', 'frog', 'horse', 'ship', 'truck']
[0, 2.301959991455078, 2.3001246452331543, 0.1096000000834465, 0.1096, 0.03517062157400662, '00:31']
[1, 2.2454190254211426, 2.1865077018737793, 0.21150000393390656, 0.21149999999999997, 0.16618948769643496, '00:31']
[2, 2.0519919395446777, 1.9868570566177368, 0.2759999930858612, 0.276, 0.26639686604288243, '00:32']
[3, 1.9519550800323486, 1.891595721244812, 0.30649998784065247, 0.3065, 0.2836865211805955, '00:31']
[4, 1.8749393224716187, 1.8269914388656616, 0.3328000009059906, 0.3328, 0.3254727748535971, '00:31']
[5, 1.809761881828308, 1.811437726020813, 0.34049999713897705, 0.3405, 0.32448061019547275, '00:31']
[6, 1.783813714981079, 1.7597297430038452, 0.36059999465942383, 0.3606, 0.3509678205318355, '00:31']
[7, 1.7503628730773926, 1.7537310123443604, 0.3612000048160553, 0.3612, 0.3404585266119091, '00:31']
[8, 1.6831748485565186, 1.6856200695037842, 0.39489999413490295, 0.3949, 0.38950856368596337, '00:31']
[9, 1.6471959352493286, 1.666995644569397, 0.39570000767707825, 0.39570000000000005, 0.37453907896836297, '00:31']
[10, 1.6129968166351318, 1.618965983390808, 0.4262000024318695, 0.4262, 0.4198600377659936, '00:31']
[11, 1.5778841972351074, 1.6371482610702515, 0.42260000109672546, 0.4226, 0.4208726314334642, '00:32']
[12, 1.5467392206192017, 1.586366057395935, 0.4287000000476837, 0.4286999999999999, 0.41610407308183817, '00:31']
[13, 1.526201605796814, 1.5714019536972046, 0.43880000710487366, 0.43879999999999997, 0.4294235491852826, '00:31']
[14, 1.4803197383880615, 1.558088779449463, 0.4404999911785126, 0.44049999999999995, 0.4315255409234437, '00:31']
[15, 1.4732024669647217, 1.5735530853271484, 0.43709999322891235, 0.43710000000000004, 0.4300963107719936, '00:31']
[16, 1.442530632019043, 1.5608651638031006, 0.450300008058548, 0.4503000000000001, 0.444205582323317, '00:31']
[17, 1.4148550033569336, 1.5182005167007446, 0.46860000491142273, 0.4686, 0.4640823957529291, '00:31']
[18, 1.3925861120224, 1.5169843435287476, 0.4668999910354614, 0.46690000000000004, 0.4550831366669576, '00:32']
[19, 1.3777706623077393, 1.5029467344284058, 0.4715000092983246, 0.4715, 0.4674533410110014, '00:31']
[20, 1.3376541137695312, 1.5028315782546997, 0.4715000092983246, 0.4715, 0.4661306024427471, '00:31']
[21, 1.3228839635849, 1.4920073747634888, 0.48089998960494995, 0.4809, 0.4762898290343621, '00:30']
[22, 1.3110461235046387, 1.4913883209228516, 0.48100000619888306, 0.48100000000000004, 0.47736163366801365, '00:31']
[23, 1.3002461194992065, 1.494208574295044, 0.47870001196861267, 0.4787, 0.4718535955718779, '00:31']
[24, 1.2993779182434082, 1.4946117401123047, 0.48030000925064087, 0.4803, 0.47666507716471357, '00:31']
[25, 1.2754942178726196, 1.4893423318862915, 0.4846999943256378, 0.48469999999999996, 0.4798573673033668, '00:30']
[26, 1.2792320251464844, 1.4839216470718384, 0.48510000109672546, 0.4851, 0.48134451354689023, '00:31']
[27, 1.2776037454605103, 1.4835424423217773, 0.4860000014305115, 0.48599999999999993, 0.48281651161276695, '00:30']
[28, 1.2625828981399536, 1.482692837715149, 0.48399999737739563, 0.484, 0.4805276078129353, '00:31']
[29, 1.2639155387878418, 1.4828276634216309, 0.48420000076293945, 0.48419999999999996, 0.4809058718197402, '00:31']

Tiempo de entrenamiento: 941.07 segundos
/mnt/homeGPU/haoweihu/TFG/lib/python3.10/site-packages/fastai/learner.py:455: UserWarning: load_learner` uses Python's insecure pickle module, which can execute malicious arbitrary code when loading. Only load files you trust.
If you only need to load model weights and optimizer state, use the safe `Learner.load` instead.
  warn("load_learner` uses Python's insecure pickle module, which can execute malicious arbitrary code when loading. Only load files you trust.\nIf you only need to load model weights and optimizer state, use the safe `Learner.load` instead.")
Loss: 1.4828
Accuracy: 0.4842
Recall: 0.4842
F1-Score: 0.4809
Loss: 1.4913806915283203
Accuracy: 0.4780648946762085
Recall (macro): 0.47810048866743465
F1 Score (macro): 0.4738279771720705
---------------------------------------------------------------------------
Ejecutando: cifar_gray_30pct_example2
---------------------------------------------------------------------------
Número total de imágenes en entrenamiento: 12000
Número total de imágenes en validación: 10000

Clases: ['airplane', 'automobile', 'bird', 'cat', 'deer', 'dog', 'frog', 'horse', 'ship', 'truck']
[0, 2.3029799461364746, 2.302525281906128, 0.10000000149011612, 0.1, 0.01818181818181818, '00:31']
[1, 2.29195237159729, 2.281458854675293, 0.1923000067472458, 0.1923, 0.12889429606091887, '00:31']
[2, 2.159053325653076, 2.0900580883026123, 0.24609999358654022, 0.24610000000000004, 0.21866443466166574, '00:31']
[3, 2.050232172012329, 2.0099520683288574, 0.27790001034736633, 0.2779, 0.25618064488895786, '00:32']
[4, 1.9242181777954102, 1.8723150491714478, 0.3287999927997589, 0.3288, 0.2906876728945792, '00:31']
[5, 1.8251200914382935, 1.7953683137893677, 0.3529999852180481, 0.3530000000000001, 0.3252061768306094, '00:30']
[6, 1.7911555767059326, 1.8042808771133423, 0.35850000381469727, 0.3585, 0.34192087739189775, '00:31']
[7, 1.7458757162094116, 1.7285398244857788, 0.37560001015663147, 0.37560000000000004, 0.36034613441570634, '00:31']
[8, 1.705514669418335, 1.6974927186965942, 0.3917999863624573, 0.39180000000000004, 0.37621946346334445, '00:31']
[9, 1.65277099609375, 1.6595312356948853, 0.40619999170303345, 0.4062, 0.3886427304999513, '00:31']
[10, 1.6377288103103638, 1.676461100578308, 0.4018000066280365, 0.40180000000000005, 0.39077475715350696, '00:31']
[11, 1.5914967060089111, 1.621565580368042, 0.4163999855518341, 0.4164, 0.40489268948667834, '00:30']
[12, 1.5805327892303467, 1.5915346145629883, 0.43220001459121704, 0.43220000000000003, 0.4203180265995982, '00:31']
[13, 1.5419389009475708, 1.5804905891418457, 0.4372999966144562, 0.4373, 0.43138068365911364, '00:30']
[14, 1.5210587978363037, 1.5744961500167847, 0.43529999256134033, 0.43529999999999996, 0.4190200052696225, '00:43']
[15, 1.5004879236221313, 1.5507419109344482, 0.44609999656677246, 0.44610000000000005, 0.4384707580242555, '00:31']
[16, 1.4594333171844482, 1.5632365942001343, 0.4505999982357025, 0.45059999999999995, 0.4424337251423527, '00:30']
[17, 1.4200243949890137, 1.5393259525299072, 0.4555000066757202, 0.45549999999999996, 0.4450881461526238, '00:31']
[18, 1.4283771514892578, 1.537522792816162, 0.4593999981880188, 0.4593999999999999, 0.4548338381176388, '00:31']
[19, 1.3825374841690063, 1.507893681526184, 0.4675000011920929, 0.46749999999999997, 0.4590294546193002, '00:32']
[20, 1.3613258600234985, 1.518811821937561, 0.4641000032424927, 0.4641, 0.4621013254667801, '00:31']
[21, 1.3352420330047607, 1.5031358003616333, 0.4702000021934509, 0.4702, 0.46063639354546415, '00:31']
[22, 1.3376469612121582, 1.4996271133422852, 0.475600004196167, 0.4756, 0.47265891938074545, '00:32']
[23, 1.316064476966858, 1.4912036657333374, 0.47609999775886536, 0.4761, 0.4722069621519546, '00:31']
[24, 1.3086010217666626, 1.486676812171936, 0.4810999929904938, 0.4811000000000001, 0.4749682985305844, '00:31']
[25, 1.292070984840393, 1.4854620695114136, 0.48179998993873596, 0.48179999999999995, 0.47848785516093884, '00:31']
[26, 1.3019351959228516, 1.4869968891143799, 0.4796999990940094, 0.47969999999999996, 0.47731334552340393, '00:31']
[27, 1.2886021137237549, 1.4828095436096191, 0.48190000653266907, 0.4819, 0.47858943186272923, '00:31']
[28, 1.2759714126586914, 1.4809441566467285, 0.48339998722076416, 0.48339999999999994, 0.4796549792661272, '00:31']
[29, 1.286899209022522, 1.481588363647461, 0.4846999943256378, 0.48469999999999996, 0.48102659210113974, '00:30']

Tiempo de entrenamiento: 952.21 segundos
/mnt/homeGPU/haoweihu/TFG/lib/python3.10/site-packages/fastai/learner.py:455: UserWarning: load_learner` uses Python's insecure pickle module, which can execute malicious arbitrary code when loading. Only load files you trust.
If you only need to load model weights and optimizer state, use the safe `Learner.load` instead.
  warn("load_learner` uses Python's insecure pickle module, which can execute malicious arbitrary code when loading. Only load files you trust.\nIf you only need to load model weights and optimizer state, use the safe `Learner.load` instead.")
Loss: 1.4816
Accuracy: 0.4847
Recall: 0.4847
F1-Score: 0.4810
Loss: 1.4689977169036865
Accuracy: 0.48096954822540283
Recall (macro): 0.4808874876076069
F1 Score (macro): 0.4758578047727776
---------------------------------------------------------------------------
Ejecutando: cifar_gray_40pct_example1
---------------------------------------------------------------------------
Número total de imágenes en entrenamiento: 16000
Número total de imágenes en validación: 10000

Clases: ['airplane', 'automobile', 'bird', 'cat', 'deer', 'dog', 'frog', 'horse', 'ship', 'truck']
[0, 2.2978007793426514, 2.296015739440918, 0.1509999930858612, 0.15100000000000002, 0.08167899562562138, '00:36']
[1, 2.1991727352142334, 2.148418426513672, 0.20649999380111694, 0.2065, 0.1656926108128436, '00:36']
[2, 2.0805392265319824, 2.0451393127441406, 0.25279998779296875, 0.2528, 0.2164930752485239, '00:36']
[3, 1.9742895364761353, 1.9215641021728516, 0.3075000047683716, 0.3075, 0.292914611120642, '00:38']
[4, 1.886353611946106, 1.8465523719787598, 0.3303000032901764, 0.3303, 0.31949037689134213, '00:58']
[5, 1.7913671731948853, 1.7817611694335938, 0.35569998621940613, 0.3557, 0.3438165472695232, '00:36']
[6, 1.7244952917099, 1.6860229969024658, 0.3903999924659729, 0.3904, 0.3849741339526195, '00:36']
[7, 1.6855847835540771, 1.6506593227386475, 0.40849998593330383, 0.4085, 0.4076722142530743, '00:36']
[8, 1.631286382675171, 1.6154979467391968, 0.4146000146865845, 0.41459999999999997, 0.40005636222550783, '00:36']
[9, 1.589825987815857, 1.6713310480117798, 0.39590001106262207, 0.39590000000000003, 0.3811047100460736, '00:36']
[10, 1.5553956031799316, 1.5829238891601562, 0.4302999973297119, 0.4303, 0.4235306862252809, '00:36']
[11, 1.5217499732971191, 1.5877432823181152, 0.4278999865055084, 0.4279, 0.4224794977829324, '00:36']
[12, 1.4782781600952148, 1.513582468032837, 0.4555000066757202, 0.45549999999999996, 0.45050690744100147, '00:36']
[13, 1.4514672756195068, 1.5229201316833496, 0.4542999863624573, 0.45430000000000004, 0.4535297182629542, '00:36']
[14, 1.4363648891448975, 1.5057505369186401, 0.4657000005245209, 0.4657, 0.4653436976037348, '00:36']
[15, 1.3924425840377808, 1.5005074739456177, 0.4690000116825104, 0.46900000000000003, 0.46296167964213303, '00:42']
[16, 1.3893320560455322, 1.5189270973205566, 0.461899995803833, 0.4619, 0.46022044322990396, '00:36']
[17, 1.360140323638916, 1.4674124717712402, 0.4853000044822693, 0.48529999999999995, 0.48532313262272064, '00:36']
[18, 1.3499878644943237, 1.4719531536102295, 0.4796000123023987, 0.4796, 0.4794385170399916, '00:36']
[19, 1.2932571172714233, 1.4856544733047485, 0.47049999237060547, 0.47050000000000003, 0.4617850175112584, '00:36']
[20, 1.2756844758987427, 1.468127965927124, 0.47920000553131104, 0.47919999999999996, 0.47691571959375345, '00:36']
[21, 1.2731980085372925, 1.4561653137207031, 0.4880000054836273, 0.488, 0.4867108753792043, '00:36']
[22, 1.248526692390442, 1.4527028799057007, 0.4878999888896942, 0.48790000000000006, 0.48633614585202556, '00:36']
[23, 1.2194766998291016, 1.4517970085144043, 0.4839000105857849, 0.48390000000000005, 0.4770905318123577, '00:52']
[24, 1.2419371604919434, 1.4477022886276245, 0.4875999987125397, 0.48760000000000003, 0.4833592274248587, '00:47']
[25, 1.1981629133224487, 1.4489775896072388, 0.4878999888896942, 0.48789999999999994, 0.4863638866114659, '00:36']
[26, 1.1937023401260376, 1.4459896087646484, 0.4878999888896942, 0.48790000000000006, 0.48503683080658877, '00:36']
[27, 1.1962242126464844, 1.4456946849822998, 0.487199991941452, 0.48719999999999997, 0.48460785121262784, '00:36']
[28, 1.2024472951889038, 1.4470982551574707, 0.4894999861717224, 0.48949999999999994, 0.4872009917648993, '00:36']
[29, 1.174547791481018, 1.4462579488754272, 0.48829999566078186, 0.4883, 0.485264192775179, '00:36']

Tiempo de entrenamiento: 1152.47 segundos
/mnt/homeGPU/haoweihu/TFG/lib/python3.10/site-packages/fastai/learner.py:455: UserWarning: load_learner` uses Python's insecure pickle module, which can execute malicious arbitrary code when loading. Only load files you trust.
If you only need to load model weights and optimizer state, use the safe `Learner.load` instead.
  warn("load_learner` uses Python's insecure pickle module, which can execute malicious arbitrary code when loading. Only load files you trust.\nIf you only need to load model weights and optimizer state, use the safe `Learner.load` instead.")
Loss: 1.4463
Accuracy: 0.4883
Recall: 0.4883
F1-Score: 0.4853
Loss: 1.457826852798462
Accuracy: 0.4934895932674408
Recall (macro): 0.4934298363975446
F1 Score (macro): 0.49058109533699534
---------------------------------------------------------------------------
Ejecutando: cifar_gray_40pct_example2
---------------------------------------------------------------------------
Número total de imágenes en entrenamiento: 16000
Número total de imágenes en validación: 10000

Clases: ['airplane', 'automobile', 'bird', 'cat', 'deer', 'dog', 'frog', 'horse', 'ship', 'truck']
[0, 2.3016905784606934, 2.301089286804199, 0.1298000067472458, 0.1298, 0.05298639004578135, '00:36']
[1, 2.2472145557403564, 2.219064712524414, 0.17339999973773956, 0.1734, 0.12947726912240715, '00:36']
[2, 2.143800735473633, 2.134969472885132, 0.20329999923706055, 0.20329999999999998, 0.1523407666683377, '00:36']
[3, 2.0587503910064697, 2.0512855052948, 0.2605000138282776, 0.2605, 0.22587282699354203, '00:39']
[4, 1.9058715105056763, 1.8732622861862183, 0.3237999975681305, 0.3238, 0.3052762027566901, '01:00']
[5, 1.7918424606323242, 1.7884836196899414, 0.35280001163482666, 0.3528, 0.34448183739911337, '00:36']
[6, 1.6945832967758179, 1.737410545349121, 0.37389999628067017, 0.3739, 0.3589463711688453, '00:37']
[7, 1.6832722425460815, 1.7472511529922485, 0.3718000054359436, 0.3718, 0.35552863978175797, '00:38']
[8, 1.6520960330963135, 1.664080023765564, 0.40059998631477356, 0.4006, 0.39740866730845736, '00:36']
[9, 1.6140676736831665, 1.6331661939620972, 0.4088999927043915, 0.40890000000000004, 0.39184121522563303, '00:36']
[10, 1.59587562084198, 1.6222580671310425, 0.4189000129699707, 0.4189, 0.40714129453371795, '00:36']
[11, 1.5462514162063599, 1.599798560142517, 0.42820000648498535, 0.4282, 0.41911921505012834, '00:36']
[12, 1.538422703742981, 1.5724310874938965, 0.4406000077724457, 0.4406, 0.43684891563036254, '00:36']
[13, 1.5106655359268188, 1.5990062952041626, 0.43309998512268066, 0.43309999999999993, 0.42263681978628675, '00:36']
[14, 1.472872018814087, 1.5575850009918213, 0.44850000739097595, 0.4485, 0.4432565535546811, '00:36']
[15, 1.4690040349960327, 1.5435681343078613, 0.45730000734329224, 0.45729999999999993, 0.4520242923954809, '00:36']
[16, 1.4497146606445312, 1.5211952924728394, 0.4629000127315521, 0.46290000000000003, 0.459429842811759, '00:36']
[17, 1.4184468984603882, 1.5184874534606934, 0.45989999175071716, 0.45990000000000003, 0.45568958790264924, '00:36']
[18, 1.4158951044082642, 1.5269416570663452, 0.461899995803833, 0.4619, 0.4592105502838638, '00:36']
[19, 1.3988980054855347, 1.530691146850586, 0.45089998841285706, 0.4509, 0.4516998397264441, '00:38']
[20, 1.3790172338485718, 1.5042619705200195, 0.4715999960899353, 0.4716, 0.4669665148195795, '00:36']
[21, 1.364044189453125, 1.4905157089233398, 0.4731999933719635, 0.47319999999999995, 0.46739402069610014, '00:38']
[22, 1.336356282234192, 1.4932211637496948, 0.4708000123500824, 0.4708, 0.46734407843829784, '00:36']
[23, 1.327364444732666, 1.4843106269836426, 0.476500004529953, 0.47650000000000003, 0.47353712309166596, '00:36']
[24, 1.325655460357666, 1.4777052402496338, 0.48019999265670776, 0.48019999999999996, 0.47731593502622427, '00:36']
[25, 1.3211095333099365, 1.4775950908660889, 0.47940000891685486, 0.47940000000000005, 0.4747544774458744, '00:36']
[26, 1.2986047267913818, 1.4779821634292603, 0.4779999852180481, 0.4779999999999999, 0.472989332894615, '00:36']
[27, 1.293778419494629, 1.475152850151062, 0.48100000619888306, 0.48100000000000004, 0.4769364067780965, '00:36']
[28, 1.3025879859924316, 1.4752670526504517, 0.4794999957084656, 0.4795, 0.4747977265624022, '00:36']
[29, 1.302730679512024, 1.4749492406845093, 0.48080000281333923, 0.4808, 0.47659052495604326, '00:36']

Tiempo de entrenamiento: 1130.63 segundos
/mnt/homeGPU/haoweihu/TFG/lib/python3.10/site-packages/fastai/learner.py:455: UserWarning: load_learner` uses Python's insecure pickle module, which can execute malicious arbitrary code when loading. Only load files you trust.
If you only need to load model weights and optimizer state, use the safe `Learner.load` instead.
  warn("load_learner` uses Python's insecure pickle module, which can execute malicious arbitrary code when loading. Only load files you trust.\nIf you only need to load model weights and optimizer state, use the safe `Learner.load` instead.")
Loss: 1.4749
Accuracy: 0.4808
Recall: 0.4808
F1-Score: 0.4766
Loss: 1.4574419260025024
Accuracy: 0.48687902092933655
Recall (macro): 0.4868828854705079
F1 Score (macro): 0.4819648778195293
---------------------------------------------------------------------------
Ejecutando: cifar_gray_50pct_example1
---------------------------------------------------------------------------
Número total de imágenes en entrenamiento: 20000
Número total de imágenes en validación: 10000

Clases: ['airplane', 'automobile', 'bird', 'cat', 'deer', 'dog', 'frog', 'horse', 'ship', 'truck']
[0, 2.2988479137420654, 2.2953996658325195, 0.15620000660419464, 0.15619999999999998, 0.06832586139167701, '00:41']
[1, 2.155040740966797, 2.1270313262939453, 0.21299999952316284, 0.213, 0.18371759332458998, '00:41']
[2, 2.068192958831787, 2.0501911640167236, 0.24969999492168427, 0.24969999999999998, 0.22747348975178155, '00:43']
[3, 1.9341577291488647, 1.9257103204727173, 0.2842999994754791, 0.2843, 0.26374300347006063, '00:42']
[4, 1.8473339080810547, 1.8024736642837524, 0.3587999939918518, 0.35879999999999995, 0.35065188921260415, '00:43']
[5, 1.7556949853897095, 1.758117437362671, 0.36910000443458557, 0.3691, 0.36111061372341824, '00:42']
[6, 1.7345024347305298, 1.7035514116287231, 0.387800008058548, 0.38780000000000003, 0.3808006324308232, '00:41']
[7, 1.7016594409942627, 1.6965515613555908, 0.3871000111103058, 0.3871, 0.37227695899713903, '00:42']
[8, 1.6399543285369873, 1.6499133110046387, 0.41609999537467957, 0.41609999999999997, 0.4075982640977457, '00:42']
[9, 1.6269242763519287, 1.6240965127944946, 0.4172999858856201, 0.4173, 0.40380918014666384, '00:42']
[10, 1.591109037399292, 1.5930644273757935, 0.43299999833106995, 0.433, 0.4246648233312104, '00:42']
[11, 1.5502724647521973, 1.6269749402999878, 0.4212000072002411, 0.42119999999999996, 0.41086622710204435, '00:42']
[12, 1.5091630220413208, 1.5662391185760498, 0.445499986410141, 0.4455, 0.43929770165016324, '00:42']
[13, 1.485647201538086, 1.5627022981643677, 0.45089998841285706, 0.45089999999999997, 0.4457132236404563, '00:41']
[14, 1.4574205875396729, 1.557831883430481, 0.4510999917984009, 0.4511, 0.4529878370850934, '00:43']
[15, 1.4267067909240723, 1.5221275091171265, 0.45879998803138733, 0.45879999999999993, 0.452716366573337, '00:42']
[16, 1.4099818468093872, 1.5238924026489258, 0.46000000834465027, 0.4600000000000001, 0.4544017384408397, '00:45']
[17, 1.3711073398590088, 1.541626214981079, 0.46380001306533813, 0.4638, 0.45258485743285026, '00:44']
[18, 1.3606820106506348, 1.4952691793441772, 0.47279998660087585, 0.4728, 0.46812014055956314, '00:44']
[19, 1.3323285579681396, 1.4964357614517212, 0.4724999964237213, 0.4725, 0.47118017941303414, '00:43']
[20, 1.2948462963104248, 1.481689214706421, 0.48170000314712524, 0.4817, 0.4802259918087648, '00:42']
[21, 1.2638566493988037, 1.4791998863220215, 0.4832000136375427, 0.48319999999999996, 0.4778978899854856, '00:42']
[22, 1.2736146450042725, 1.4656786918640137, 0.48339998722076416, 0.48339999999999994, 0.477492581510839, '00:42']
[23, 1.255135416984558, 1.4637058973312378, 0.48829999566078186, 0.4883, 0.48320834222423015, '01:06']
[24, 1.2240670919418335, 1.4598268270492554, 0.48750001192092896, 0.4875000000000001, 0.48362870761845383, '00:57']
[25, 1.2149747610092163, 1.4594688415527344, 0.4884999990463257, 0.4885, 0.48447705330850166, '00:44']
[26, 1.211271047592163, 1.458983063697815, 0.49129998683929443, 0.4913, 0.48775260971460244, '00:42']
[27, 1.2318652868270874, 1.459545373916626, 0.49219998717308044, 0.49219999999999997, 0.48834873446718985, '00:42']
[28, 1.213462233543396, 1.4587591886520386, 0.49140000343322754, 0.49139999999999995, 0.4886970300163516, '00:52']
[29, 1.2191749811172485, 1.457770824432373, 0.49160000681877136, 0.49160000000000004, 0.4883781715241574, '00:42']

Tiempo de entrenamiento: 1332.70 segundos
/mnt/homeGPU/haoweihu/TFG/lib/python3.10/site-packages/fastai/learner.py:455: UserWarning: load_learner` uses Python's insecure pickle module, which can execute malicious arbitrary code when loading. Only load files you trust.
If you only need to load model weights and optimizer state, use the safe `Learner.load` instead.
  warn("load_learner` uses Python's insecure pickle module, which can execute malicious arbitrary code when loading. Only load files you trust.\nIf you only need to load model weights and optimizer state, use the safe `Learner.load` instead.")
Loss: 1.4578
Accuracy: 0.4916
Recall: 0.4916
F1-Score: 0.4884
Loss: 1.4507503509521484
Accuracy: 0.49579328298568726
Recall (macro): 0.49574631235615474
F1 Score (macro): 0.4922416800498429
---------------------------------------------------------------------------
Ejecutando: cifar_gray_50pct_example2
---------------------------------------------------------------------------
Número total de imágenes en entrenamiento: 20000
Número total de imágenes en validación: 10000

Clases: ['airplane', 'automobile', 'bird', 'cat', 'deer', 'dog', 'frog', 'horse', 'ship', 'truck']
[0, 2.301499366760254, 2.299356698989868, 0.14030000567436218, 0.1403, 0.05034839612284496, '00:42']
[1, 2.2133336067199707, 2.1720099449157715, 0.2046000063419342, 0.20460000000000003, 0.16206191933526778, '00:41']
[2, 2.080944538116455, 2.0303237438201904, 0.26829999685287476, 0.2683, 0.24898694075735542, '00:42']
[3, 1.9164296388626099, 1.8744949102401733, 0.3125, 0.3125, 0.2967918942492727, '00:42']
[4, 1.8003652095794678, 1.7645232677459717, 0.3481999933719635, 0.3482, 0.3314847804685649, '00:42']
[5, 1.7435842752456665, 1.7123216390609741, 0.37929999828338623, 0.3793, 0.3735136019325853, '00:43']
[6, 1.6813517808914185, 1.6757479906082153, 0.39160001277923584, 0.3916, 0.3825163769548121, '00:42']
[7, 1.637680172920227, 1.6241257190704346, 0.4169999957084656, 0.417, 0.4052456990849797, '00:51']
[8, 1.565169095993042, 1.571574330329895, 0.4359999895095825, 0.43600000000000005, 0.4280655804339128, '00:42']
[9, 1.5290008783340454, 1.5282213687896729, 0.4505999982357025, 0.4506, 0.4437673167431157, '00:42']
[10, 1.5097728967666626, 1.5315306186676025, 0.45559999346733093, 0.4556, 0.45693003064995025, '00:42']
[11, 1.4380196332931519, 1.4846985340118408, 0.4693000018596649, 0.46930000000000005, 0.46023975368860903, '00:42']
[12, 1.4096205234527588, 1.4651612043380737, 0.4713999927043915, 0.47140000000000004, 0.4618957932108592, '00:42']
[13, 1.3812141418457031, 1.442610502243042, 0.48919999599456787, 0.48919999999999997, 0.48529710889491273, '00:42']
[14, 1.3567548990249634, 1.4252123832702637, 0.4927000105381012, 0.49269999999999997, 0.48686640093058164, '00:42']
[15, 1.3176401853561401, 1.461998701095581, 0.4821999967098236, 0.4821999999999999, 0.47951922496321675, '00:42']
[16, 1.3037291765213013, 1.40985107421875, 0.5004000067710876, 0.5004, 0.5016116921279992, '00:42']
[17, 1.2645801305770874, 1.4206950664520264, 0.49799999594688416, 0.49800000000000005, 0.49686635213276575, '00:44']
[18, 1.252389669418335, 1.3932644128799438, 0.5070000290870667, 0.507, 0.4996607293688743, '00:42']
[19, 1.2459489107131958, 1.3904269933700562, 0.5113000273704529, 0.5113000000000001, 0.5030569736060692, '00:42']
[20, 1.214949369430542, 1.393182396888733, 0.5077999830245972, 0.5077999999999999, 0.5054467775732896, '00:42']
[21, 1.2182750701904297, 1.3776077032089233, 0.5144000053405762, 0.5144, 0.5095315674465576, '00:42']
[22, 1.1827398538589478, 1.3800525665283203, 0.517300009727478, 0.5173, 0.5140481796328313, '00:42']
[23, 1.1875306367874146, 1.3703794479370117, 0.519599974155426, 0.5196000000000001, 0.515977244167968, '00:42']
[24, 1.1685264110565186, 1.3776003122329712, 0.5181000232696533, 0.5181, 0.5167969180394583, '00:42']
[25, 1.139329195022583, 1.3719290494918823, 0.5213000178337097, 0.5213, 0.5182644498742902, '00:42']
[26, 1.155222773551941, 1.3709449768066406, 0.5200999975204468, 0.5201, 0.5160752416238165, '00:42']
[27, 1.1355175971984863, 1.3678133487701416, 0.5236999988555908, 0.5237, 0.5202125797468663, '00:42']
[28, 1.1293230056762695, 1.368025302886963, 0.5230000019073486, 0.523, 0.5198138590455986, '00:42']
[29, 1.135318398475647, 1.3678025007247925, 0.5228000283241272, 0.5227999999999999, 0.5199256373789559, '00:43']

Tiempo de entrenamiento: 1280.10 segundos
/mnt/homeGPU/haoweihu/TFG/lib/python3.10/site-packages/fastai/learner.py:455: UserWarning: load_learner` uses Python's insecure pickle module, which can execute malicious arbitrary code when loading. Only load files you trust.
If you only need to load model weights and optimizer state, use the safe `Learner.load` instead.
  warn("load_learner` uses Python's insecure pickle module, which can execute malicious arbitrary code when loading. Only load files you trust.\nIf you only need to load model weights and optimizer state, use the safe `Learner.load` instead.")
Loss: 1.3678
Accuracy: 0.5228
Recall: 0.5228
F1-Score: 0.5199
Loss: 1.3732612133026123
Accuracy: 0.5171273946762085
Recall (macro): 0.5171337226791276
F1 Score (macro): 0.5144288109394657
---------------------------------------------------------------------------
Ejecutando: cifar_gray_60pct_example1
---------------------------------------------------------------------------
Número total de imágenes en entrenamiento: 24000
Número total de imágenes en validación: 10000

Clases: ['airplane', 'automobile', 'bird', 'cat', 'deer', 'dog', 'frog', 'horse', 'ship', 'truck']
[0, 2.2896926403045654, 2.2816812992095947, 0.18170000612735748, 0.1817, 0.13296623077025077, '00:47']
[1, 2.1193227767944336, 2.0844309329986572, 0.22869999706745148, 0.22870000000000004, 0.18437959121284014, '00:47']
[2, 2.0190343856811523, 1.989970088005066, 0.27320000529289246, 0.2732, 0.25246094523865154, '00:47']
[3, 1.907703161239624, 1.9049804210662842, 0.30820000171661377, 0.3082, 0.27801213819693993, '00:47']
[4, 1.8127784729003906, 1.7694119215011597, 0.3628000020980835, 0.3628, 0.3542742040103297, '00:47']
[5, 1.7540053129196167, 1.7150499820709229, 0.38029998540878296, 0.3803, 0.3684845714331076, '00:47']
[6, 1.729799747467041, 1.668893575668335, 0.39640000462532043, 0.3964, 0.37503290926795935, '00:47']
[7, 1.616989016532898, 1.6106314659118652, 0.421099990606308, 0.4210999999999999, 0.4171211831694232, '00:47']
[8, 1.5635216236114502, 1.5437555313110352, 0.44429999589920044, 0.4443, 0.42587136482250215, '00:47']
[9, 1.5135626792907715, 1.6044714450836182, 0.4169999957084656, 0.417, 0.4090620411628024, '00:49']
[10, 1.487754464149475, 1.4574254751205444, 0.4832000136375427, 0.48319999999999996, 0.4755906764634904, '00:47']
[11, 1.4284971952438354, 1.4568012952804565, 0.48080000281333923, 0.4808, 0.47776785343438294, '00:47']
[12, 1.3912174701690674, 1.4335283041000366, 0.4867999851703644, 0.4868, 0.47991487227775853, '00:47']
[13, 1.3433256149291992, 1.3985099792480469, 0.49889999628067017, 0.4989, 0.495874396451552, '00:47']
[14, 1.3381190299987793, 1.3747334480285645, 0.5116000175476074, 0.5115999999999999, 0.5070687951993821, '00:47']
[15, 1.338064432144165, 1.3592877388000488, 0.5163999795913696, 0.5164000000000001, 0.5116672090928581, '00:47']
[16, 1.2758281230926514, 1.3448433876037598, 0.525600016117096, 0.5256000000000001, 0.5170553504503188, '00:47']
[17, 1.2552844285964966, 1.3423502445220947, 0.5241000056266785, 0.5241, 0.511792528093141, '00:47']
[18, 1.2445955276489258, 1.3178074359893799, 0.5365999937057495, 0.5366000000000001, 0.5321964017706386, '00:47']
[19, 1.2320408821105957, 1.3304550647735596, 0.5299000144004822, 0.5299, 0.5166722485259607, '00:49']
[20, 1.2054096460342407, 1.3272744417190552, 0.5299000144004822, 0.5298999999999999, 0.5183618695127274, '00:57']
[21, 1.1749634742736816, 1.2984524965286255, 0.5458999872207642, 0.5458999999999999, 0.5396717267321282, '00:47']
[22, 1.1688436269760132, 1.292834997177124, 0.544700026512146, 0.5447, 0.5372535487984111, '00:47']
[23, 1.174675703048706, 1.2907533645629883, 0.5460000038146973, 0.546, 0.5439715898761698, '00:47']
[24, 1.121727705001831, 1.2862393856048584, 0.5493000149726868, 0.5492999999999999, 0.5447119407919983, '00:47']
[25, 1.1348612308502197, 1.2826180458068848, 0.5508000254631042, 0.5508, 0.5465886071954442, '00:47']
[26, 1.1303060054779053, 1.2796086072921753, 0.5508000254631042, 0.5508, 0.5480599849960723, '00:47']
[27, 1.1186984777450562, 1.279081106185913, 0.5507000088691711, 0.5507, 0.5476065505133746, '00:47']
[28, 1.1061211824417114, 1.2788894176483154, 0.5516999959945679, 0.5517000000000001, 0.5482499491966955, '00:48']
[29, 1.1142553091049194, 1.2788442373275757, 0.551800012588501, 0.5517999999999998, 0.5486857467991963, '00:47']

Tiempo de entrenamiento: 1445.69 segundos
/mnt/homeGPU/haoweihu/TFG/lib/python3.10/site-packages/fastai/learner.py:455: UserWarning: load_learner` uses Python's insecure pickle module, which can execute malicious arbitrary code when loading. Only load files you trust.
If you only need to load model weights and optimizer state, use the safe `Learner.load` instead.
  warn("load_learner` uses Python's insecure pickle module, which can execute malicious arbitrary code when loading. Only load files you trust.\nIf you only need to load model weights and optimizer state, use the safe `Learner.load` instead.")
Loss: 1.2788
Accuracy: 0.5518
Recall: 0.5518
F1-Score: 0.5487
Loss: 1.3121256828308105
Accuracy: 0.5391626358032227
Recall (macro): 0.5391550184893623
F1 Score (macro): 0.5355220142480097
---------------------------------------------------------------------------
Ejecutando: cifar_gray_60pct_example2
---------------------------------------------------------------------------
Número total de imágenes en entrenamiento: 24000
Número total de imágenes en validación: 10000

Clases: ['airplane', 'automobile', 'bird', 'cat', 'deer', 'dog', 'frog', 'horse', 'ship', 'truck']
[0, 2.2909350395202637, 2.284667491912842, 0.1859000027179718, 0.18589999999999998, 0.12565523645982307, '00:47']
[1, 2.0620508193969727, 2.0460805892944336, 0.25029999017715454, 0.2503, 0.20638968214604855, '00:47']
[2, 1.9265694618225098, 1.9089486598968506, 0.30970001220703125, 0.30970000000000003, 0.2986790692218326, '00:48']
[3, 1.8090109825134277, 1.7827255725860596, 0.36230000853538513, 0.3623, 0.34669134209933816, '00:48']
[4, 1.7519505023956299, 1.7607613801956177, 0.36660000681877136, 0.3665999999999999, 0.3512263820273609, '00:47']
[5, 1.6955875158309937, 1.6783795356750488, 0.39419999718666077, 0.39420000000000005, 0.388450015543376, '00:47']
[6, 1.6173332929611206, 1.6258444786071777, 0.4147000014781952, 0.4147, 0.4078997940316387, '00:47']
[7, 1.6004066467285156, 1.6141606569290161, 0.42739999294281006, 0.4274, 0.41735343989626594, '00:47']
[8, 1.5400629043579102, 1.5594148635864258, 0.4438999891281128, 0.4439, 0.4395553821518915, '00:47']
[9, 1.4932478666305542, 1.5269519090652466, 0.4595000147819519, 0.4594999999999999, 0.45699508805607597, '00:47']
[10, 1.4506683349609375, 1.4953734874725342, 0.47029998898506165, 0.47029999999999994, 0.4648265612637349, '00:47']
[11, 1.4251346588134766, 1.4690548181533813, 0.4796999990940094, 0.47970000000000007, 0.4767082608960367, '00:47']
[12, 1.4191304445266724, 1.4655730724334717, 0.47769999504089355, 0.4777, 0.47423116627828665, '00:47']
[13, 1.3683679103851318, 1.432464599609375, 0.49160000681877136, 0.49160000000000004, 0.4890451802262284, '00:47']
[14, 1.3425172567367554, 1.401901125907898, 0.503000020980835, 0.503, 0.49772013594299747, '00:47']
[15, 1.3124819993972778, 1.3896583318710327, 0.5091999769210815, 0.5092000000000001, 0.500272301752111, '00:47']
[16, 1.287400484085083, 1.4006320238113403, 0.5027999877929688, 0.5027999999999999, 0.49608659728443055, '00:47']
[17, 1.2392008304595947, 1.3768301010131836, 0.5210999846458435, 0.5210999999999999, 0.5135624148587963, '00:47']
[18, 1.2344459295272827, 1.3693562746047974, 0.5198000073432922, 0.5198, 0.5212118431364252, '00:47']
[19, 1.1919679641723633, 1.365567922592163, 0.5281000137329102, 0.5281, 0.5274958334083371, '00:47']
[20, 1.1798906326293945, 1.343073844909668, 0.5333999991416931, 0.5334000000000001, 0.5306166255425535, '00:47']
[21, 1.1465818881988525, 1.351076364517212, 0.5325999855995178, 0.5326, 0.5291387371423207, '01:10']
[22, 1.1246305704116821, 1.3486065864562988, 0.5335999727249146, 0.5336000000000001, 0.5342569660023053, '00:50']
[23, 1.1343644857406616, 1.345792293548584, 0.5392000079154968, 0.5391999999999999, 0.5335673392980282, '00:47']
[24, 1.0954276323318481, 1.3513789176940918, 0.5339999794960022, 0.534, 0.5280355286288053, '00:47']
[25, 1.0835893154144287, 1.3415136337280273, 0.5400999784469604, 0.5401, 0.5366192296375589, '00:47']
[26, 1.092312216758728, 1.3373879194259644, 0.5397999882698059, 0.5398, 0.5382003720432565, '00:47']
[27, 1.0965189933776855, 1.3372585773468018, 0.5407999753952026, 0.5408000000000001, 0.5387448148242219, '00:47']
[28, 1.0653847455978394, 1.3367197513580322, 0.5414999723434448, 0.5414999999999999, 0.5391432728208878, '00:47']
[29, 1.0635628700256348, 1.3362351655960083, 0.5421000123023987, 0.5421, 0.5393270959871045, '00:47']

Tiempo de entrenamiento: 1456.98 segundos
/mnt/homeGPU/haoweihu/TFG/lib/python3.10/site-packages/fastai/learner.py:455: UserWarning: load_learner` uses Python's insecure pickle module, which can execute malicious arbitrary code when loading. Only load files you trust.
If you only need to load model weights and optimizer state, use the safe `Learner.load` instead.
  warn("load_learner` uses Python's insecure pickle module, which can execute malicious arbitrary code when loading. Only load files you trust.\nIf you only need to load model weights and optimizer state, use the safe `Learner.load` instead.")
Loss: 1.3362
Accuracy: 0.5421
Recall: 0.5421
F1-Score: 0.5393
Loss: 1.3455052375793457
Accuracy: 0.5333533883094788
Recall (macro): 0.5333175989622908
F1 Score (macro): 0.5298636268010173
---------------------------------------------------------------------------
Ejecutando: cifar_gray_70pct_example1
---------------------------------------------------------------------------
Número total de imágenes en entrenamiento: 28000
Número total de imágenes en validación: 10000

Clases: ['airplane', 'automobile', 'bird', 'cat', 'deer', 'dog', 'frog', 'horse', 'ship', 'truck']
[0, 2.2905120849609375, 2.2851436138153076, 0.1356000006198883, 0.1356, 0.061974978080800616, '00:52']
[1, 2.0938282012939453, 2.0654873847961426, 0.24210000038146973, 0.24210000000000004, 0.20867622465008648, '00:52']
[2, 1.9250125885009766, 1.918227195739746, 0.2921000123023987, 0.29209999999999997, 0.2570881403097247, '00:54']
[3, 1.8096997737884521, 1.8301588296890259, 0.32510000467300415, 0.32510000000000006, 0.30077538609417237, '00:53']
[4, 1.7416216135025024, 1.7109414339065552, 0.3747999966144562, 0.3748, 0.35632419865983783, '00:53']
[5, 1.6908152103424072, 1.7253895998001099, 0.37929999828338623, 0.3793, 0.37048336456699316, '00:53']
[6, 1.6323131322860718, 1.6116713285446167, 0.413100004196167, 0.4131, 0.4066024472693167, '00:53']
[7, 1.585311770439148, 1.582578420639038, 0.42570000886917114, 0.42569999999999997, 0.4231011507107696, '00:53']
[8, 1.5375909805297852, 1.5397987365722656, 0.44699999690055847, 0.44699999999999995, 0.43890452881371467, '00:53']
[9, 1.5147793292999268, 1.5404343605041504, 0.45019999146461487, 0.45020000000000004, 0.44119904976989277, '00:52']
[10, 1.4501049518585205, 1.4983960390090942, 0.46459999680519104, 0.4646, 0.46038567118165263, '00:53']
[11, 1.4235944747924805, 1.4560000896453857, 0.48069998621940613, 0.4807, 0.4680409820009935, '00:54']
[12, 1.3716129064559937, 1.4468493461608887, 0.48510000109672546, 0.4851000000000001, 0.4769170202523208, '00:53']
[13, 1.352066159248352, 1.4426748752593994, 0.48910000920295715, 0.4891, 0.4821396502830771, '00:53']
[14, 1.325942039489746, 1.4127365350723267, 0.4950000047683716, 0.495, 0.4850956106961063, '00:53']
[15, 1.3220136165618896, 1.4191179275512695, 0.4984999895095825, 0.49850000000000005, 0.4974475686725791, '00:53']
[16, 1.2674719095230103, 1.39249849319458, 0.5135999917984009, 0.5136000000000001, 0.5052180514592985, '00:53']
[17, 1.2531673908233643, 1.3924084901809692, 0.5074999928474426, 0.5075, 0.5051685108293512, '00:53']
[18, 1.2046432495117188, 1.416261076927185, 0.503000020980835, 0.503, 0.4988177363634603, '00:53']
[19, 1.2044661045074463, 1.3710174560546875, 0.5182999968528748, 0.5183, 0.5146827833961923, '00:53']
[20, 1.1621290445327759, 1.3622630834579468, 0.5252000093460083, 0.5252, 0.519444396783452, '01:24']
[21, 1.1625747680664062, 1.3689820766448975, 0.5236999988555908, 0.5237, 0.5208864326667584, '01:05']
[22, 1.153993010520935, 1.3573205471038818, 0.5242000222206116, 0.5241999999999999, 0.5186823346531146, '00:53']
[23, 1.1211713552474976, 1.357077956199646, 0.5264000296592712, 0.5264000000000001, 0.5209289858226981, '00:53']
[24, 1.1084321737289429, 1.348618745803833, 0.531499981880188, 0.5315000000000001, 0.5294593675109944, '00:53']
[25, 1.108796238899231, 1.3525171279907227, 0.5289000272750854, 0.5289, 0.5289832549129591, '00:52']
[26, 1.0958658456802368, 1.3458701372146606, 0.5314000248908997, 0.5314, 0.5282284944895212, '00:53']
[27, 1.089066505432129, 1.3459473848342896, 0.531000018119812, 0.531, 0.5277664550468888, '00:53']
[28, 1.06873619556427, 1.3459125757217407, 0.5321000218391418, 0.5321, 0.5289910896906668, '00:53']
[29, 1.0579445362091064, 1.345186471939087, 0.5315999984741211, 0.5316, 0.5293706540223582, '00:53']

Tiempo de entrenamiento: 1643.88 segundos
/mnt/homeGPU/haoweihu/TFG/lib/python3.10/site-packages/fastai/learner.py:455: UserWarning: load_learner` uses Python's insecure pickle module, which can execute malicious arbitrary code when loading. Only load files you trust.
If you only need to load model weights and optimizer state, use the safe `Learner.load` instead.
  warn("load_learner` uses Python's insecure pickle module, which can execute malicious arbitrary code when loading. Only load files you trust.\nIf you only need to load model weights and optimizer state, use the safe `Learner.load` instead.")
Loss: 1.3452
Accuracy: 0.5316
Recall: 0.5316
F1-Score: 0.5294
Loss: 1.3550978899002075
Accuracy: 0.5294471383094788
Recall (macro): 0.5294928716488314
F1 Score (macro): 0.5258433470601505
---------------------------------------------------------------------------
Ejecutando: cifar_gray_70pct_example2
---------------------------------------------------------------------------
Número total de imágenes en entrenamiento: 28000
Número total de imágenes en validación: 10000

Clases: ['airplane', 'automobile', 'bird', 'cat', 'deer', 'dog', 'frog', 'horse', 'ship', 'truck']
[0, 2.2941477298736572, 2.289149045944214, 0.12229999899864197, 0.12229999999999999, 0.06007310767863622, '00:56']
[1, 2.1477715969085693, 2.133268356323242, 0.22139999270439148, 0.22139999999999999, 0.20000352984920755, '00:53']
[2, 2.052704095840454, 2.0253114700317383, 0.2736000120639801, 0.2736, 0.2556991563202979, '00:53']
[3, 1.949652075767517, 1.9317785501480103, 0.3111000061035156, 0.3111, 0.2915480922867235, '00:53']
[4, 1.8431322574615479, 1.80862557888031, 0.3495999872684479, 0.34959999999999997, 0.3364048456571519, '00:53']
[5, 1.7559349536895752, 1.7464847564697266, 0.36149999499320984, 0.36150000000000004, 0.35802908273058226, '00:53']
[6, 1.7163504362106323, 1.6921463012695312, 0.391400009393692, 0.39139999999999997, 0.38643625549861416, '01:07']
[7, 1.6487077474594116, 1.6379117965698242, 0.4081999957561493, 0.40820000000000006, 0.3995417823077106, '01:03']
[8, 1.6121585369110107, 1.5892884731292725, 0.4318000078201294, 0.43179999999999996, 0.4258540396896412, '00:53']
[9, 1.5789262056350708, 1.5976781845092773, 0.42649999260902405, 0.4265, 0.424310017547796, '00:57']
[10, 1.5219963788986206, 1.5460307598114014, 0.44830000400543213, 0.4483, 0.4372581282834586, '01:00']
[11, 1.4974380731582642, 1.5254175662994385, 0.4544000029563904, 0.45439999999999997, 0.4481549367103856, '00:53']
[12, 1.473024845123291, 1.5481985807418823, 0.44690001010894775, 0.4469, 0.4439386305433882, '00:53']
[13, 1.4291194677352905, 1.4852330684661865, 0.4697999954223633, 0.46980000000000005, 0.4672273639873614, '00:53']
[14, 1.416615605354309, 1.4823650121688843, 0.4715000092983246, 0.4715, 0.4656653345265477, '00:53']
[15, 1.3830721378326416, 1.4948298931121826, 0.46709999442100525, 0.4671, 0.46286817840136746, '00:53']
[16, 1.347715973854065, 1.434798002243042, 0.49050000309944153, 0.49050000000000005, 0.48510396869701744, '00:54']
[17, 1.3155425786972046, 1.4153693914413452, 0.5016999840736389, 0.5017, 0.49790927701489124, '00:53']
[18, 1.2978276014328003, 1.4333876371383667, 0.49230000376701355, 0.4923, 0.49265601145991533, '00:55']
[19, 1.2730185985565186, 1.4295645952224731, 0.4925999939441681, 0.4925999999999999, 0.4918023203084639, '00:53']
[20, 1.2642990350723267, 1.404667615890503, 0.5026999711990356, 0.5027, 0.5030554441359305, '00:53']
[21, 1.2296868562698364, 1.4009560346603394, 0.5085999965667725, 0.5086, 0.506546142696744, '00:53']
[22, 1.2120249271392822, 1.4134315252304077, 0.5040000081062317, 0.504, 0.5021775931612302, '00:53']
[23, 1.2119958400726318, 1.3984912633895874, 0.5070000290870667, 0.5069999999999999, 0.5035266787861928, '00:53']
[24, 1.198882818222046, 1.3891594409942627, 0.5145999789237976, 0.5146, 0.511167734435146, '00:53']
[25, 1.1909453868865967, 1.3922265768051147, 0.5146999955177307, 0.5146999999999999, 0.511559398945263, '00:53']
[26, 1.1833075284957886, 1.3895176649093628, 0.5175999999046326, 0.5176000000000001, 0.5142728452471308, '00:55']
[27, 1.172135829925537, 1.3880139589309692, 0.5152999758720398, 0.5153, 0.5112297198348783, '00:55']
[28, 1.1355608701705933, 1.3865841627120972, 0.5156000256538391, 0.5156000000000001, 0.5129269507830686, '00:53']
[29, 1.1702957153320312, 1.3863838911056519, 0.515500009059906, 0.5155, 0.5128472131155235, '00:53']

Tiempo de entrenamiento: 1646.75 segundos
/mnt/homeGPU/haoweihu/TFG/lib/python3.10/site-packages/fastai/learner.py:455: UserWarning: load_learner` uses Python's insecure pickle module, which can execute malicious arbitrary code when loading. Only load files you trust.
If you only need to load model weights and optimizer state, use the safe `Learner.load` instead.
  warn("load_learner` uses Python's insecure pickle module, which can execute malicious arbitrary code when loading. Only load files you trust.\nIf you only need to load model weights and optimizer state, use the safe `Learner.load` instead.")
Loss: 1.3864
Accuracy: 0.5155
Recall: 0.5155
F1-Score: 0.5128
Loss: 1.395098328590393
Accuracy: 0.5145232081413269
Recall (macro): 0.5145399347178649
F1 Score (macro): 0.5116052664859146
---------------------------------------------------------------------------
Ejecutando: cifar_gray_80pct_example1
---------------------------------------------------------------------------
Número total de imágenes en entrenamiento: 32000
Número total de imágenes en validación: 10000

Clases: ['airplane', 'automobile', 'bird', 'cat', 'deer', 'dog', 'frog', 'horse', 'ship', 'truck']
[0, 2.2786219120025635, 2.265918254852295, 0.1826999932527542, 0.18270000000000003, 0.12179134210454212, '00:59']
[1, 2.1258962154388428, 2.0974888801574707, 0.23759999871253967, 0.23759999999999998, 0.2124140128386232, '00:59']
[2, 1.9863959550857544, 1.9718306064605713, 0.29589998722076416, 0.2959, 0.28251422095807327, '01:14']
[3, 1.7826569080352783, 1.766013264656067, 0.36039999127388, 0.36040000000000005, 0.344562519432165, '00:58']
[4, 1.7382670640945435, 1.7035812139511108, 0.3862999975681305, 0.3863, 0.37504092829595737, '00:57']
[5, 1.6641080379486084, 1.6429945230484009, 0.4032999873161316, 0.40330000000000005, 0.39251346350513705, '01:00']
[6, 1.5826259851455688, 1.68496835231781, 0.39809998869895935, 0.3981, 0.38247364596184363, '01:17']
[7, 1.5175682306289673, 1.559027910232544, 0.44279998540878296, 0.4427999999999999, 0.4392901012580282, '00:57']
[8, 1.4806079864501953, 1.4843614101409912, 0.4659999907016754, 0.466, 0.45680868397749774, '00:57']
[9, 1.4253711700439453, 1.44718599319458, 0.48330000042915344, 0.4833, 0.47196194385099466, '00:57']
[10, 1.3920845985412598, 1.443698525428772, 0.4887000024318695, 0.48869999999999997, 0.483821704805409, '00:57']
[11, 1.3554739952087402, 1.376832365989685, 0.513700008392334, 0.5136999999999999, 0.5058365263003441, '00:57']
[12, 1.326248049736023, 1.3508334159851074, 0.5235999822616577, 0.5235999999999998, 0.5203971429015637, '00:57']
[13, 1.2878062725067139, 1.3360776901245117, 0.5296000242233276, 0.5296000000000001, 0.5241111871718582, '00:58']
[14, 1.25135338306427, 1.345947504043579, 0.5303000211715698, 0.5303000000000001, 0.5182102070522591, '00:58']
[15, 1.2258646488189697, 1.3127338886260986, 0.5375999808311462, 0.5376000000000001, 0.5312126171735552, '00:57']
[16, 1.192085862159729, 1.3139389753341675, 0.5393999814987183, 0.5393999999999999, 0.5408757853369928, '00:57']
[17, 1.174509882926941, 1.307037591934204, 0.5386999845504761, 0.5387, 0.5347165117469062, '00:57']
[18, 1.1442147493362427, 1.2841686010360718, 0.5501000285148621, 0.5501, 0.5499701085476797, '00:57']
[19, 1.1160808801651, 1.3046350479125977, 0.5493999719619751, 0.5494, 0.5402491352514687, '00:57']
[20, 1.0776015520095825, 1.2886192798614502, 0.5530999898910522, 0.5530999999999999, 0.5476784258402555, '00:57']
[21, 1.0659034252166748, 1.2714967727661133, 0.5633999705314636, 0.5634, 0.5628027055739866, '00:57']
[22, 1.0633870363235474, 1.2698854207992554, 0.5618000030517578, 0.5618000000000001, 0.5603280082480718, '00:57']
[23, 1.0251199007034302, 1.2698752880096436, 0.5669000148773193, 0.5669000000000001, 0.5621524158276207, '01:09']
[24, 1.0313373804092407, 1.2648355960845947, 0.5645999908447266, 0.5645999999999999, 0.5629680537842603, '00:59']
[25, 1.0073726177215576, 1.268950343132019, 0.5656999945640564, 0.5657, 0.5651856284643416, '01:00']
[26, 1.0219966173171997, 1.2623780965805054, 0.5677000284194946, 0.5677, 0.5655952748791204, '00:57']
[27, 1.0018692016601562, 1.2638272047042847, 0.5690000057220459, 0.5690000000000001, 0.5673512958678915, '00:57']
[28, 0.9750441312789917, 1.2617601156234741, 0.5681999921798706, 0.5682, 0.5654950882202527, '00:57']
[29, 1.0046414136886597, 1.2624914646148682, 0.5684999823570251, 0.5685, 0.5663090234552282, '00:57']

Tiempo de entrenamiento: 1790.23 segundos
/mnt/homeGPU/haoweihu/TFG/lib/python3.10/site-packages/fastai/learner.py:455: UserWarning: load_learner` uses Python's insecure pickle module, which can execute malicious arbitrary code when loading. Only load files you trust.
If you only need to load model weights and optimizer state, use the safe `Learner.load` instead.
  warn("load_learner` uses Python's insecure pickle module, which can execute malicious arbitrary code when loading. Only load files you trust.\nIf you only need to load model weights and optimizer state, use the safe `Learner.load` instead.")
Loss: 1.2625
Accuracy: 0.5685
Recall: 0.5685
F1-Score: 0.5663
Loss: 1.2913576364517212
Accuracy: 0.5543870329856873
Recall (macro): 0.5543608517865145
F1 Score (macro): 0.5509515361558769
---------------------------------------------------------------------------
Ejecutando: cifar_gray_80pct_example2
---------------------------------------------------------------------------
Número total de imágenes en entrenamiento: 32000
Número total de imágenes en validación: 10000

Clases: ['airplane', 'automobile', 'bird', 'cat', 'deer', 'dog', 'frog', 'horse', 'ship', 'truck']
[0, 2.294581174850464, 2.2913334369659424, 0.16990000009536743, 0.1699, 0.10050176502905747, '01:14']
[1, 2.0940418243408203, 2.071302890777588, 0.25699999928474426, 0.257, 0.23251757646762633, '00:57']
[2, 1.933122158050537, 1.932986855506897, 0.29670000076293945, 0.29669999999999996, 0.28391782725341647, '00:57']
[3, 1.7718563079833984, 1.7448047399520874, 0.36640000343322754, 0.3664, 0.3489967279839024, '00:57']
[4, 1.723334550857544, 1.738736867904663, 0.36959999799728394, 0.3696, 0.35147861104160505, '00:57']
[5, 1.642625331878662, 1.6133484840393066, 0.4171000123023987, 0.4171, 0.4117162785933021, '00:57']
[6, 1.5758073329925537, 1.5972119569778442, 0.4259999990463257, 0.42600000000000005, 0.40941894101536735, '00:57']
[7, 1.5246902704238892, 1.52285635471344, 0.4609000086784363, 0.4609, 0.46318604335510855, '00:57']
[8, 1.4876646995544434, 1.5078232288360596, 0.4690000116825104, 0.469, 0.4619383795555069, '00:57']
[9, 1.451050043106079, 1.4728976488113403, 0.47909998893737793, 0.4791, 0.466291767806618, '01:05']
[10, 1.4147895574569702, 1.4290765523910522, 0.4932999908924103, 0.49329999999999996, 0.4871509424371898, '01:23']
[11, 1.3559166193008423, 1.4230644702911377, 0.4986000061035156, 0.4986, 0.501788115436761, '01:06']
[12, 1.3154700994491577, 1.3745849132537842, 0.5163000226020813, 0.5163, 0.5105881273340502, '00:57']
[13, 1.2926174402236938, 1.3692820072174072, 0.5232999920845032, 0.5233, 0.5220144606932546, '00:57']
[14, 1.2678366899490356, 1.3402312994003296, 0.5354999899864197, 0.5355000000000001, 0.5335428291002294, '00:57']
[15, 1.2276437282562256, 1.369879126548767, 0.5263000130653381, 0.5263, 0.5312574317561387, '00:57']
[16, 1.2141928672790527, 1.323775053024292, 0.5422999858856201, 0.5423, 0.5407042268781558, '00:57']
[17, 1.1860309839248657, 1.306607961654663, 0.5436999797821045, 0.5437, 0.5374763642788665, '00:59']
[18, 1.1569528579711914, 1.3086504936218262, 0.5447999835014343, 0.5448000000000001, 0.547530979771454, '01:00']
[19, 1.1428972482681274, 1.301891803741455, 0.5461999773979187, 0.5462, 0.5456814376728801, '01:00']
[20, 1.1326321363449097, 1.2950314283370972, 0.5507000088691711, 0.5507, 0.5465087544516365, '00:57']
[21, 1.0956939458847046, 1.2829704284667969, 0.5587000250816345, 0.5586999999999999, 0.5539833549741864, '00:57']
[22, 1.0747624635696411, 1.2916920185089111, 0.5559999942779541, 0.556, 0.55647689982259, '00:57']
[23, 1.0693755149841309, 1.2867401838302612, 0.5547999739646912, 0.5548000000000001, 0.5533164909610456, '00:57']
[24, 1.0491727590560913, 1.2751541137695312, 0.5618000030517578, 0.5618000000000001, 0.5606292711469201, '00:57']
[25, 1.0572094917297363, 1.2775458097457886, 0.5587999820709229, 0.5588, 0.5547884840529153, '00:57']
[26, 1.023245096206665, 1.27068293094635, 0.5651999711990356, 0.5652, 0.5632207017100799, '00:57']
[27, 1.0605907440185547, 1.2691570520401, 0.5644000172615051, 0.5643999999999999, 0.562701377713742, '00:57']
[28, 1.0206412076950073, 1.269633173942566, 0.5644000172615051, 0.5643999999999999, 0.5627664122453051, '00:59']
[29, 1.0298199653625488, 1.2695319652557373, 0.5641999840736389, 0.5641999999999999, 0.5627317821930065, '01:33']

Tiempo de entrenamiento: 1833.60 segundos
/mnt/homeGPU/haoweihu/TFG/lib/python3.10/site-packages/fastai/learner.py:455: UserWarning: load_learner` uses Python's insecure pickle module, which can execute malicious arbitrary code when loading. Only load files you trust.
If you only need to load model weights and optimizer state, use the safe `Learner.load` instead.
  warn("load_learner` uses Python's insecure pickle module, which can execute malicious arbitrary code when loading. Only load files you trust.\nIf you only need to load model weights and optimizer state, use the safe `Learner.load` instead.")
Loss: 1.2695
Accuracy: 0.5642
Recall: 0.5642
F1-Score: 0.5627
Loss: 1.273163080215454
Accuracy: 0.557692289352417
Recall (macro): 0.5577283447683128
F1 Score (macro): 0.5556275527801862
---------------------------------------------------------------------------
Ejecutando: cifar_gray_90pct_example1
---------------------------------------------------------------------------
Número total de imágenes en entrenamiento: 36000
Número total de imágenes en validación: 10000

Clases: ['airplane', 'automobile', 'bird', 'cat', 'deer', 'dog', 'frog', 'horse', 'ship', 'truck']
[0, 2.2781641483306885, 2.2676503658294678, 0.17820000648498535, 0.17820000000000003, 0.12713958470652542, '01:19']
[1, 2.0470118522644043, 2.0478644371032715, 0.25029999017715454, 0.2503, 0.21828310192397007, '01:02']
[2, 1.909489631652832, 1.8971234560012817, 0.31310001015663147, 0.31310000000000004, 0.29201222881529426, '01:02']
[3, 1.783358097076416, 1.7640482187271118, 0.3668999969959259, 0.36689999999999995, 0.36130918099292486, '01:02']
[4, 1.705673336982727, 1.6920408010482788, 0.3903999924659729, 0.39039999999999997, 0.3752781857360018, '01:03']
[5, 1.6382914781570435, 1.6397113800048828, 0.4034999907016754, 0.4035, 0.3907207614070477, '01:04']
[6, 1.5909587144851685, 1.5668915510177612, 0.44279998540878296, 0.44279999999999997, 0.44004311036290134, '01:02']
[7, 1.5393645763397217, 1.5339292287826538, 0.4514999985694885, 0.45150000000000007, 0.4442580157276163, '01:04']
[8, 1.4993616342544556, 1.5067507028579712, 0.4657999873161316, 0.46579999999999994, 0.45803701784409745, '01:02']
[9, 1.444874882698059, 1.4664041996002197, 0.4788999855518341, 0.4789, 0.4770564233280516, '01:02']
[10, 1.42566978931427, 1.476224660873413, 0.4772000014781952, 0.4772, 0.4660317881586192, '01:02']
[11, 1.3751636743545532, 1.4371771812438965, 0.49309998750686646, 0.4931, 0.49437765988032856, '01:02']
[12, 1.3462746143341064, 1.403236746788025, 0.5063999891281128, 0.5064, 0.5014379993910392, '01:02']
[13, 1.3334295749664307, 1.38349187374115, 0.5149000287055969, 0.5149, 0.5051552476840483, '01:04']
[14, 1.304214596748352, 1.4024326801300049, 0.5139999985694885, 0.514, 0.513666976075007, '01:03']
[15, 1.2335877418518066, 1.3508714437484741, 0.5304999947547913, 0.5305, 0.526211373123532, '01:04']
[16, 1.2197866439819336, 1.3684860467910767, 0.5234000086784363, 0.5234, 0.5233447357321512, '01:03']
[17, 1.199430227279663, 1.3365203142166138, 0.5357000231742859, 0.5357, 0.531285353298971, '01:02']
[18, 1.173253059387207, 1.346145749092102, 0.535099983215332, 0.5351, 0.5319178441001544, '01:02']
[19, 1.1629778146743774, 1.3363970518112183, 0.5375000238418579, 0.5375, 0.5383062076848917, '01:02']
[20, 1.1468716859817505, 1.3207483291625977, 0.542900025844574, 0.5429, 0.5418424846481622, '01:02']
[21, 1.117211937904358, 1.3186429738998413, 0.5464000105857849, 0.5464, 0.5424008735040672, '01:21']
[22, 1.101019024848938, 1.3199492692947388, 0.5468000173568726, 0.5468, 0.5437279381044318, '01:04']
[23, 1.0951615571975708, 1.315220594406128, 0.546999990940094, 0.547, 0.5434372506904943, '01:03']
[24, 1.0616053342819214, 1.3140734434127808, 0.5547000169754028, 0.5547000000000001, 0.5509419470601763, '01:03']
[25, 1.0523390769958496, 1.3200982809066772, 0.5493000149726868, 0.5493000000000001, 0.5468702464531633, '01:07']
[26, 1.0461910963058472, 1.3134262561798096, 0.5497999787330627, 0.5498000000000001, 0.5484565309062012, '01:02']
[27, 1.02625572681427, 1.3130717277526855, 0.5533000230789185, 0.5532999999999999, 0.5510391447695161, '01:03']
[28, 1.0320850610733032, 1.3123538494110107, 0.5511999726295471, 0.5511999999999999, 0.5492267524644915, '01:02']
[29, 1.0553808212280273, 1.3121955394744873, 0.5515999794006348, 0.5516000000000001, 0.5495476033411325, '01:02']

Tiempo de entrenamiento: 1937.07 segundos
/mnt/homeGPU/haoweihu/TFG/lib/python3.10/site-packages/fastai/learner.py:455: UserWarning: load_learner` uses Python's insecure pickle module, which can execute malicious arbitrary code when loading. Only load files you trust.
If you only need to load model weights and optimizer state, use the safe `Learner.load` instead.
  warn("load_learner` uses Python's insecure pickle module, which can execute malicious arbitrary code when loading. Only load files you trust.\nIf you only need to load model weights and optimizer state, use the safe `Learner.load` instead.")
Loss: 1.3122
Accuracy: 0.5516
Recall: 0.5516
F1-Score: 0.5495
Loss: 1.3322069644927979
Accuracy: 0.5373597741127014
Recall (macro): 0.537347117368402
F1 Score (macro): 0.5351697963773678
---------------------------------------------------------------------------
Ejecutando: cifar_gray_90pct_example2
---------------------------------------------------------------------------
Número total de imágenes en entrenamiento: 36000
Número total de imágenes en validación: 10000

Clases: ['airplane', 'automobile', 'bird', 'cat', 'deer', 'dog', 'frog', 'horse', 'ship', 'truck']
[0, 2.2740299701690674, 2.2651000022888184, 0.17470000684261322, 0.17470000000000002, 0.12740400315835962, '01:25']
[1, 2.0807437896728516, 2.0883235931396484, 0.2402999997138977, 0.2403, 0.21478763846040136, '01:02']
[2, 1.889583706855774, 1.8419193029403687, 0.3416000008583069, 0.3416, 0.3328806166325661, '01:03']
[3, 1.764546513557434, 1.7685301303863525, 0.364300012588501, 0.36429999999999996, 0.34891534625394194, '01:03']
[4, 1.6549068689346313, 1.708792805671692, 0.3855000138282776, 0.3855, 0.3697308146967463, '01:02']
[5, 1.624481201171875, 1.7257661819458008, 0.38440001010894775, 0.38439999999999996, 0.3584128109708157, '01:02']
[6, 1.569490671157837, 1.5596091747283936, 0.4390000104904175, 0.43899999999999995, 0.42720826179591087, '01:03']
[7, 1.5182512998580933, 1.514997124671936, 0.46059998869895935, 0.4606, 0.44713208651219505, '01:05']
[8, 1.4481121301651, 1.4772282838821411, 0.47839999198913574, 0.47840000000000005, 0.4665006430219476, '01:21']
[9, 1.4291945695877075, 1.4677757024765015, 0.4844000041484833, 0.48440000000000005, 0.48171620715131513, '01:02']
[10, 1.368367075920105, 1.432890772819519, 0.4918000102043152, 0.4917999999999999, 0.48314605612860567, '01:02']
[11, 1.355076551437378, 1.446468710899353, 0.4839000105857849, 0.48389999999999994, 0.47211224643709687, '01:02']
[12, 1.3384027481079102, 1.4045344591140747, 0.5037000179290771, 0.5037, 0.5024812959371827, '01:02']
[13, 1.2842730283737183, 1.390915870666504, 0.5070000290870667, 0.507, 0.5072411699134878, '01:03']
[14, 1.2810884714126587, 1.3848031759262085, 0.5187000036239624, 0.5187, 0.5065794305245048, '01:03']
[15, 1.2456142902374268, 1.3554414510726929, 0.5278000235557556, 0.5278, 0.5201286657314834, '01:02']
[16, 1.2049411535263062, 1.3402973413467407, 0.5297999978065491, 0.5297999999999999, 0.5268699892129967, '01:03']
[17, 1.1911981105804443, 1.345913290977478, 0.5328999757766724, 0.5328999999999999, 0.5276942928497605, '01:06']
[18, 1.1463794708251953, 1.3397982120513916, 0.534600019454956, 0.5346, 0.5278092635735379, '01:03']
[19, 1.142694115638733, 1.322883129119873, 0.5414999723434448, 0.5415, 0.540780729063447, '01:02']
[20, 1.0902292728424072, 1.338489055633545, 0.5317000150680542, 0.5317000000000001, 0.5308294766806141, '01:03']
[21, 1.0878300666809082, 1.326263427734375, 0.5461000204086304, 0.5460999999999998, 0.5443038186667326, '01:04']
[22, 1.0693126916885376, 1.3244054317474365, 0.5491999983787537, 0.5491999999999999, 0.5466150139456922, '01:41']
[23, 1.0399494171142578, 1.3337591886520386, 0.5465999841690063, 0.5466, 0.5425587215937491, '01:03']
[24, 1.0459789037704468, 1.311448574066162, 0.5497000217437744, 0.5497000000000001, 0.5459735439768847, '01:03']
[25, 1.0110204219818115, 1.315995216369629, 0.5468000173568726, 0.5468, 0.5432735312694664, '01:03']
[26, 1.0273154973983765, 1.3117012977600098, 0.5479999780654907, 0.548, 0.544767360069237, '01:03']
[27, 1.0126228332519531, 1.3120276927947998, 0.5519999861717224, 0.5519999999999999, 0.549784502617501, '01:03']
[28, 1.0139331817626953, 1.3122144937515259, 0.5504999756813049, 0.5505, 0.5476677277865407, '01:02']
[29, 0.9982368350028992, 1.3124586343765259, 0.5519000291824341, 0.5519000000000001, 0.5494390118213305, '01:15']
No improvement since epoch 24: early stopping

Tiempo de entrenamiento: 1988.89 segundos
/mnt/homeGPU/haoweihu/TFG/lib/python3.10/site-packages/fastai/learner.py:455: UserWarning: load_learner` uses Python's insecure pickle module, which can execute malicious arbitrary code when loading. Only load files you trust.
If you only need to load model weights and optimizer state, use the safe `Learner.load` instead.
  warn("load_learner` uses Python's insecure pickle module, which can execute malicious arbitrary code when loading. Only load files you trust.\nIf you only need to load model weights and optimizer state, use the safe `Learner.load` instead.")
Loss: 1.3125
Accuracy: 0.5519
Recall: 0.5519
F1-Score: 0.5494
Loss: 1.3150959014892578
Accuracy: 0.5496794581413269
Recall (macro): 0.549692230270431
F1 Score (macro): 0.5467102535217045
mail: cannot send message: Process exited with a non-zero status
