---------------------------------------------------------------------------
Ejecutando: cifar10_dist1_otsu_ex1
---------------------------------------------------------------------------
Número total de imágenes en entrenamiento: 9000
Número total de imágenes en validación: 10000

Clases: ['airplane', 'automobile', 'bird', 'cat', 'deer', 'dog', 'frog', 'horse', 'ship', 'truck']
[0, 2.2976810932159424, 2.293184280395508, 0.10419999808073044, 0.1042, 0.02919636130722324, '00:30']
[1, 2.1817710399627686, 2.152629852294922, 0.21220000088214874, 0.2122, 0.17903154429952634, '00:22']
[2, 2.026948928833008, 2.0549890995025635, 0.25279998779296875, 0.2528, 0.24681183774362309, '00:22']
[3, 1.896054983139038, 1.9713423252105713, 0.29499998688697815, 0.295, 0.2758066965417227, '00:24']
[4, 1.8260385990142822, 1.9108290672302246, 0.3109999895095825, 0.31100000000000005, 0.3003421513829371, '00:23']
[5, 1.7704355716705322, 1.8970099687576294, 0.31299999356269836, 0.313, 0.30972326814610496, '00:23']
[6, 1.7393460273742676, 1.8475087881088257, 0.3393000066280365, 0.33930000000000005, 0.32558775698714293, '00:24']
[7, 1.6824582815170288, 1.818259358406067, 0.3481000065803528, 0.3481, 0.3392382132111082, '00:22']
[8, 1.6360862255096436, 1.813889503479004, 0.3483000099658966, 0.3483, 0.3471494993333348, '00:23']
[9, 1.6011443138122559, 1.7873363494873047, 0.3644999861717224, 0.3645, 0.3612540981810858, '00:23']
[10, 1.5485385656356812, 1.7707068920135498, 0.3763999938964844, 0.3764, 0.36829374225790223, '00:23']
[11, 1.4938855171203613, 1.7697726488113403, 0.37229999899864197, 0.37229999999999996, 0.37211723284407944, '00:22']
[12, 1.4380751848220825, 1.7756906747817993, 0.37439998984336853, 0.3744, 0.363154209470019, '00:22']
[13, 1.4237889051437378, 1.7454160451889038, 0.3840999901294708, 0.3841, 0.3814349435353598, '00:22']
[14, 1.3536121845245361, 1.8283658027648926, 0.37860000133514404, 0.37859999999999994, 0.3692872079521311, '00:22']
[15, 1.3117228746414185, 1.784950613975525, 0.3871999979019165, 0.3872, 0.38603348045464625, '00:22']
[16, 1.2674715518951416, 1.7915626764297485, 0.3840999901294708, 0.3841, 0.38213750978735617, '00:22']
[17, 1.219203233718872, 1.832151174545288, 0.383899986743927, 0.3839, 0.3803889168014275, '00:22']
[18, 1.1609386205673218, 1.872790813446045, 0.38850000500679016, 0.38849999999999996, 0.3836273133071466, '00:23']
No improvement since epoch 13: early stopping

Tiempo de entrenamiento: 446.68 segundos
/mnt/homeGPU/haoweihu/TFG/lib/python3.10/site-packages/fastai/learner.py:455: UserWarning: load_learner` uses Python's insecure pickle module, which can execute malicious arbitrary code when loading. Only load files you trust.
If you only need to load model weights and optimizer state, use the safe `Learner.load` instead.
  warn("load_learner` uses Python's insecure pickle module, which can execute malicious arbitrary code when loading. Only load files you trust.\nIf you only need to load model weights and optimizer state, use the safe `Learner.load` instead.")
Loss: 1.8728
Accuracy: 0.3885
Recall: 0.3885
F1-Score: 0.3836
Loss: 1.8730672597885132
Accuracy: 0.3895232379436493
Recall (macro): 0.3894837201585318
F1 Score (macro): 0.3853932756967315
---------------------------------------------------------------------------
Ejecutando: cifar10_dist1_otsu_ex2
---------------------------------------------------------------------------
Número total de imágenes en entrenamiento: 9000
Número total de imágenes en validación: 10000

Clases: ['airplane', 'automobile', 'bird', 'cat', 'deer', 'dog', 'frog', 'horse', 'ship', 'truck']
[0, 2.2997171878814697, 2.298543930053711, 0.09969999641180038, 0.0997, 0.029339814590498135, '00:45']
[1, 2.2421817779541016, 2.202620029449463, 0.2012999951839447, 0.20130000000000003, 0.16278653200995508, '00:22']
[2, 2.060384511947632, 2.0898830890655518, 0.24490000307559967, 0.24489999999999998, 0.23111731808274194, '00:22']
[3, 1.983116626739502, 2.0295865535736084, 0.2703999876976013, 0.2704, 0.2629491060182494, '00:22']
[4, 1.9137293100357056, 1.9760522842407227, 0.28769999742507935, 0.2877, 0.27529347179453734, '00:24']
[5, 1.850219488143921, 1.9682369232177734, 0.29440000653266907, 0.2944, 0.2764862892694141, '00:22']
[6, 1.7801921367645264, 1.8830955028533936, 0.3140999972820282, 0.31410000000000005, 0.2964328817899344, '00:22']
[7, 1.7260828018188477, 1.8133519887924194, 0.3479999899864197, 0.348, 0.33753378650011767, '00:23']
[8, 1.6835572719573975, 1.8325691223144531, 0.3375000059604645, 0.33749999999999997, 0.3286219176583972, '00:23']
[9, 1.6434857845306396, 1.77190101146698, 0.36579999327659607, 0.3658, 0.35513316989519, '00:22']
[10, 1.5924314260482788, 1.758116364479065, 0.36410000920295715, 0.3641, 0.34952470343061537, '00:22']
[11, 1.556126594543457, 1.7246843576431274, 0.3815999925136566, 0.3816, 0.37249566481559565, '00:23']
[12, 1.51957106590271, 1.7171738147735596, 0.3808000087738037, 0.38079999999999997, 0.3729363922886994, '00:23']
[13, 1.487076759338379, 1.7128214836120605, 0.3912000060081482, 0.39119999999999994, 0.3878539737151682, '00:23']
[14, 1.4523862600326538, 1.7157660722732544, 0.3864000141620636, 0.38639999999999997, 0.3819206722383304, '00:22']
[15, 1.4031767845153809, 1.6990060806274414, 0.400299996137619, 0.40029999999999993, 0.3952461231789978, '00:22']
[16, 1.36834716796875, 1.70228910446167, 0.40119999647140503, 0.40119999999999995, 0.397779130552629, '00:23']
[17, 1.3255717754364014, 1.7008962631225586, 0.4074000120162964, 0.4074000000000001, 0.40375521113245705, '00:23']
[18, 1.2906140089035034, 1.720929741859436, 0.40799999237060547, 0.40800000000000003, 0.3996434061903513, '00:22']
[19, 1.279335856437683, 1.7227706909179688, 0.40389999747276306, 0.4039, 0.40323416237249293, '00:22']
[20, 1.230933427810669, 1.7231158018112183, 0.4083000123500824, 0.4083, 0.4026666627834463, '00:22']
No improvement since epoch 15: early stopping

Tiempo de entrenamiento: 508.11 segundos
/mnt/homeGPU/haoweihu/TFG/lib/python3.10/site-packages/fastai/learner.py:455: UserWarning: load_learner` uses Python's insecure pickle module, which can execute malicious arbitrary code when loading. Only load files you trust.
If you only need to load model weights and optimizer state, use the safe `Learner.load` instead.
  warn("load_learner` uses Python's insecure pickle module, which can execute malicious arbitrary code when loading. Only load files you trust.\nIf you only need to load model weights and optimizer state, use the safe `Learner.load` instead.")
Loss: 1.7231
Accuracy: 0.4083
Recall: 0.4083
F1-Score: 0.4027
Loss: 1.723353624343872
Accuracy: 0.4129607379436493
Recall (macro): 0.41288035565824466
F1 Score (macro): 0.407228057561956
---------------------------------------------------------------------------
Ejecutando: cifar10_dist1_otsu_ex3
---------------------------------------------------------------------------
Número total de imágenes en entrenamiento: 9000
Número total de imágenes en validación: 10000

Clases: ['airplane', 'automobile', 'bird', 'cat', 'deer', 'dog', 'frog', 'horse', 'ship', 'truck']
[0, 2.2879650592803955, 2.2796339988708496, 0.1589999943971634, 0.15900000000000003, 0.09219554084363024, '00:35']
[1, 2.1704249382019043, 2.156715154647827, 0.2214999943971634, 0.22149999999999997, 0.19912844567595278, '00:22']
[2, 2.046438694000244, 2.0756237506866455, 0.251800000667572, 0.2518, 0.23383339684234924, '00:22']
[3, 1.9673367738723755, 2.0142276287078857, 0.2840000092983246, 0.284, 0.2671968143266991, '00:23']
[4, 1.8623477220535278, 1.9380549192428589, 0.2996000051498413, 0.2996, 0.2968802220182962, '00:25']
[5, 1.8186801671981812, 1.871641993522644, 0.3294000029563904, 0.32939999999999997, 0.32443794444667334, '00:23']
[6, 1.7664433717727661, 1.8547638654708862, 0.33309999108314514, 0.33310000000000006, 0.3293252077273337, '00:22']
[7, 1.7186932563781738, 1.8054310083389282, 0.3521000146865845, 0.35209999999999997, 0.3497004175046471, '00:22']
[8, 1.6646350622177124, 1.8572125434875488, 0.34049999713897705, 0.34049999999999997, 0.33075092050058125, '00:22']
[9, 1.6121697425842285, 1.7640457153320312, 0.37290000915527344, 0.3729, 0.37189049263875945, '00:23']
[10, 1.5753469467163086, 1.786894679069519, 0.36820000410079956, 0.3682, 0.3584762312135646, '00:23']
[11, 1.5227209329605103, 1.804511308670044, 0.36640000343322754, 0.36639999999999995, 0.366239963056601, '00:25']
[12, 1.4811084270477295, 1.7626800537109375, 0.37959998846054077, 0.37960000000000005, 0.3776550797951364, '00:24']
[13, 1.4521546363830566, 1.7243218421936035, 0.3917999863624573, 0.39180000000000004, 0.3866382698195549, '00:23']
[14, 1.380414366722107, 1.7431925535202026, 0.3901999890804291, 0.3902, 0.3854895977096714, '00:23']
[15, 1.345861554145813, 1.7515443563461304, 0.39430001378059387, 0.3943, 0.3911389804735567, '00:22']
[16, 1.2947635650634766, 1.7668441534042358, 0.38679999113082886, 0.3868, 0.3882665300107258, '00:22']
[17, 1.2466973066329956, 1.774466633796692, 0.39640000462532043, 0.3964, 0.39372156760544147, '00:23']
[18, 1.201859474182129, 1.7653285264968872, 0.4032000005245209, 0.4031999999999999, 0.4001242178196045, '00:22']
No improvement since epoch 13: early stopping

Tiempo de entrenamiento: 456.18 segundos
/mnt/homeGPU/haoweihu/TFG/lib/python3.10/site-packages/fastai/learner.py:455: UserWarning: load_learner` uses Python's insecure pickle module, which can execute malicious arbitrary code when loading. Only load files you trust.
If you only need to load model weights and optimizer state, use the safe `Learner.load` instead.
  warn("load_learner` uses Python's insecure pickle module, which can execute malicious arbitrary code when loading. Only load files you trust.\nIf you only need to load model weights and optimizer state, use the safe `Learner.load` instead.")
Loss: 1.7653
Accuracy: 0.4032
Recall: 0.4032
F1-Score: 0.4001
Loss: 1.791910171508789
Accuracy: 0.40264421701431274
Recall (macro): 0.4026491822312613
F1 Score (macro): 0.39864794716600543
---------------------------------------------------------------------------
Ejecutando: cifar10_dist5_otsu_ex1
---------------------------------------------------------------------------
Número total de imágenes en entrenamiento: 8200
Número total de imágenes en validación: 10000

Clases: ['airplane', 'automobile', 'bird', 'cat', 'deer', 'dog', 'frog', 'horse', 'ship', 'truck']
[0, 2.3024322986602783, 2.2996647357940674, 0.09929999709129333, 0.0993, 0.01887794665441486, '00:35']
[1, 2.2709460258483887, 2.232344627380371, 0.2061000019311905, 0.2061, 0.16474847978237198, '00:22']
[2, 2.1277079582214355, 2.0987114906311035, 0.2468000054359436, 0.2468, 0.21274806153980808, '00:22']
[3, 2.035912275314331, 2.0058693885803223, 0.28119999170303345, 0.28119999999999995, 0.2650844143364609, '00:21']
[4, 1.9427876472473145, 1.9773318767547607, 0.28870001435279846, 0.28870000000000007, 0.26541185745561763, '00:22']
[5, 1.8606611490249634, 1.8543328046798706, 0.33239999413490295, 0.3324, 0.3081715249611616, '00:22']
[6, 1.8019136190414429, 1.8445907831192017, 0.3382999897003174, 0.3383, 0.324933554439086, '00:23']
[7, 1.757804036140442, 1.7847833633422852, 0.35659998655319214, 0.35660000000000003, 0.344838886161719, '00:23']
[8, 1.7102596759796143, 1.7672884464263916, 0.36090001463890076, 0.3609, 0.36118779298490744, '00:22']
[9, 1.6660137176513672, 1.7553114891052246, 0.3749000132083893, 0.3749, 0.3636867035272281, '00:21']
[10, 1.593973159790039, 1.7140529155731201, 0.3935999870300293, 0.39360000000000006, 0.38543260248349387, '00:22']
[11, 1.5716016292572021, 1.722666621208191, 0.38769999146461487, 0.38770000000000004, 0.37119277503101816, '00:23']
[12, 1.5310935974121094, 1.728030800819397, 0.3862999975681305, 0.3863, 0.3743501408350446, '00:22']
[13, 1.4780175685882568, 1.7198455333709717, 0.3928000032901764, 0.3928, 0.3841474691957619, '00:21']
[14, 1.4456100463867188, 1.6955682039260864, 0.4050000011920929, 0.40499999999999997, 0.39457251445598784, '00:24']
[15, 1.4020203351974487, 1.6956266164779663, 0.40459999442100525, 0.4046, 0.39431411898604807, '00:23']
[16, 1.364187240600586, 1.6919753551483154, 0.4074999988079071, 0.4074999999999999, 0.39843550758875296, '00:22']
[17, 1.3235552310943604, 1.7197136878967285, 0.4018000066280365, 0.4018, 0.3966224007944181, '00:22']
[18, 1.2829766273498535, 1.6989996433258057, 0.41519999504089355, 0.4152, 0.4087273128302667, '00:22']
[19, 1.2579150199890137, 1.726783037185669, 0.4077000021934509, 0.4077, 0.40339808337105376, '00:22']
[20, 1.217218279838562, 1.752719521522522, 0.4059999883174896, 0.40599999999999997, 0.4014183279212286, '00:22']
[21, 1.1703845262527466, 1.7424166202545166, 0.4122999906539917, 0.41229999999999994, 0.40538084199308455, '00:21']
No improvement since epoch 16: early stopping

Tiempo de entrenamiento: 508.74 segundos
/mnt/homeGPU/haoweihu/TFG/lib/python3.10/site-packages/fastai/learner.py:455: UserWarning: load_learner` uses Python's insecure pickle module, which can execute malicious arbitrary code when loading. Only load files you trust.
If you only need to load model weights and optimizer state, use the safe `Learner.load` instead.
  warn("load_learner` uses Python's insecure pickle module, which can execute malicious arbitrary code when loading. Only load files you trust.\nIf you only need to load model weights and optimizer state, use the safe `Learner.load` instead.")
Loss: 1.7424
Accuracy: 0.4123
Recall: 0.4123
F1-Score: 0.4054
Loss: 1.758575201034546
Accuracy: 0.40815305709838867
Recall (macro): 0.4080802123342523
F1 Score (macro): 0.40216051189592533
---------------------------------------------------------------------------
Ejecutando: cifar10_dist5_otsu_ex2
---------------------------------------------------------------------------
Número total de imágenes en entrenamiento: 8200
Número total de imágenes en validación: 10000

Clases: ['airplane', 'automobile', 'bird', 'cat', 'deer', 'dog', 'frog', 'horse', 'ship', 'truck']
[0, 2.3009214401245117, 2.2975881099700928, 0.09989999979734421, 0.0999, 0.019324384956141423, '00:36']
[1, 2.2703568935394287, 2.238621950149536, 0.19480000436306, 0.1948, 0.16922280038192777, '00:21']
[2, 2.144181489944458, 2.1039011478424072, 0.23989999294281006, 0.2399, 0.21924253459503493, '00:21']
[3, 2.043428421020508, 2.0068559646606445, 0.2800999879837036, 0.2801, 0.2618449579063676, '00:21']
[4, 1.9386252164840698, 1.9053046703338623, 0.30379998683929443, 0.3038, 0.28205981918502554, '00:21']
[5, 1.8563514947891235, 1.8304263353347778, 0.3327000141143799, 0.3327, 0.3295568221839512, '00:23']
[6, 1.8009644746780396, 1.804189682006836, 0.3506999909877777, 0.35069999999999996, 0.34302220270927286, '00:24']
[7, 1.7522695064544678, 1.7694021463394165, 0.36469998955726624, 0.3647, 0.3587847411491497, '00:22']
[8, 1.702570915222168, 1.7623753547668457, 0.3659000098705292, 0.3659, 0.35401848183311474, '00:21']
[9, 1.6609625816345215, 1.7689789533615112, 0.365200012922287, 0.3652, 0.3556522564967102, '00:21']
[10, 1.627492070198059, 1.7343049049377441, 0.3752000033855438, 0.3752, 0.35959918577256783, '00:21']
[11, 1.59092378616333, 1.715701699256897, 0.3815999925136566, 0.38160000000000005, 0.3749032758968779, '00:21']
[12, 1.5412366390228271, 1.6890461444854736, 0.40070000290870667, 0.40069999999999995, 0.39442463850553466, '00:21']
[13, 1.501600742340088, 1.69014310836792, 0.39660000801086426, 0.3966, 0.39091616468231727, '00:22']
[14, 1.4902291297912598, 1.7522629499435425, 0.37700000405311584, 0.37699999999999995, 0.3750271365097641, '00:24']
[15, 1.4265936613082886, 1.6783502101898193, 0.400299996137619, 0.4003, 0.39510189451695465, '00:24']
[16, 1.4022018909454346, 1.6992384195327759, 0.3950999975204468, 0.3951, 0.3920064860901408, '00:21']
[17, 1.3506304025650024, 1.6966966390609741, 0.4077000021934509, 0.4077, 0.39776565201846564, '00:21']
[18, 1.3115037679672241, 1.70487642288208, 0.40779998898506165, 0.40780000000000005, 0.39816107520415395, '00:21']
[19, 1.2761180400848389, 1.7050689458847046, 0.4043999910354614, 0.4044, 0.4006544853843209, '00:21']
[20, 1.257242202758789, 1.7213207483291626, 0.4007999897003174, 0.4008, 0.39938691500106926, '00:22']
No improvement since epoch 15: early stopping

Tiempo de entrenamiento: 483.99 segundos
/mnt/homeGPU/haoweihu/TFG/lib/python3.10/site-packages/fastai/learner.py:455: UserWarning: load_learner` uses Python's insecure pickle module, which can execute malicious arbitrary code when loading. Only load files you trust.
If you only need to load model weights and optimizer state, use the safe `Learner.load` instead.
  warn("load_learner` uses Python's insecure pickle module, which can execute malicious arbitrary code when loading. Only load files you trust.\nIf you only need to load model weights and optimizer state, use the safe `Learner.load` instead.")
Loss: 1.7213
Accuracy: 0.4008
Recall: 0.4008
F1-Score: 0.3994
Loss: 1.7284445762634277
Accuracy: 0.40805289149284363
Recall (macro): 0.4080351217182173
F1 Score (macro): 0.4064553878598688
---------------------------------------------------------------------------
Ejecutando: cifar10_dist5_otsu_ex3
---------------------------------------------------------------------------
Número total de imágenes en entrenamiento: 8200
Número total de imágenes en validación: 10000

Clases: ['airplane', 'automobile', 'bird', 'cat', 'deer', 'dog', 'frog', 'horse', 'ship', 'truck']
[0, 2.299788236618042, 2.2961103916168213, 0.12549999356269836, 0.1255, 0.04363959335895164, '00:36']
[1, 2.248518943786621, 2.2155163288116455, 0.19169999659061432, 0.1917, 0.14988321575605693, '00:21']
[2, 2.141331672668457, 2.1573400497436523, 0.2125999927520752, 0.21259999999999998, 0.19763483796702133, '00:21']
[3, 2.0596721172332764, 2.053145408630371, 0.2517000138759613, 0.2516999999999999, 0.2205765493060407, '00:21']
[4, 1.9598965644836426, 1.9732599258422852, 0.2896000146865845, 0.28959999999999997, 0.2749666676452827, '00:21']
[5, 1.8794009685516357, 1.8876506090164185, 0.32120001316070557, 0.3212, 0.30943204198679447, '00:23']
[6, 1.8113034963607788, 1.8425625562667847, 0.33379998803138733, 0.3338, 0.32196106346416165, '00:21']
[7, 1.7563978433609009, 1.8344799280166626, 0.3490999937057495, 0.34909999999999997, 0.3363637082429625, '00:22']
[8, 1.7090914249420166, 1.801965594291687, 0.34940001368522644, 0.34940000000000004, 0.34223142939758966, '00:21']
[9, 1.6454921960830688, 1.7722272872924805, 0.36469998955726624, 0.36469999999999997, 0.36191012715319576, '00:23']
[10, 1.6012680530548096, 1.7388228178024292, 0.38280001282691956, 0.38280000000000003, 0.3747578378074721, '00:21']
[11, 1.5488346815109253, 1.710913896560669, 0.3968000113964081, 0.3968, 0.3909991779681221, '00:21']
[12, 1.4886022806167603, 1.708638072013855, 0.39489999413490295, 0.3949, 0.39295411954360165, '00:22']
[13, 1.4422365427017212, 1.7299691438674927, 0.4018000066280365, 0.4018, 0.3994348000933797, '00:22']
[14, 1.4096275568008423, 1.7087944746017456, 0.40139999985694885, 0.40140000000000003, 0.39856015837615544, '00:21']
[15, 1.3605632781982422, 1.7324572801589966, 0.40720000863075256, 0.4072, 0.4005452022619429, '00:23']
[16, 1.3374836444854736, 1.7086890935897827, 0.4002000093460083, 0.4002, 0.3962073979879413, '00:24']
[17, 1.3057876825332642, 1.7176804542541504, 0.40630000829696655, 0.4063, 0.40171134783289564, '00:23']
No improvement since epoch 12: early stopping

Tiempo de entrenamiento: 418.52 segundos
/mnt/homeGPU/haoweihu/TFG/lib/python3.10/site-packages/fastai/learner.py:455: UserWarning: load_learner` uses Python's insecure pickle module, which can execute malicious arbitrary code when loading. Only load files you trust.
If you only need to load model weights and optimizer state, use the safe `Learner.load` instead.
  warn("load_learner` uses Python's insecure pickle module, which can execute malicious arbitrary code when loading. Only load files you trust.\nIf you only need to load model weights and optimizer state, use the safe `Learner.load` instead.")
Loss: 1.7177
Accuracy: 0.4063
Recall: 0.4063
F1-Score: 0.4017
Loss: 1.7053765058517456
Accuracy: 0.4073517620563507
Recall (macro): 0.40742722585541147
F1 Score (macro): 0.4027819957423152
---------------------------------------------------------------------------
Ejecutando: cifar10_dist01_otsu_ex1
---------------------------------------------------------------------------
Número total de imágenes en entrenamiento: 18670
Número total de imágenes en validación: 10000

Clases: ['airplane', 'automobile', 'bird', 'cat', 'deer', 'dog', 'frog', 'horse', 'ship', 'truck']
[0, 2.2708494663238525, 2.262005090713501, 0.16869999468326569, 0.16870000000000002, 0.11349272486818644, '00:56']
[1, 2.0388760566711426, 2.122894525527954, 0.2354000061750412, 0.2354, 0.2091301971042195, '00:34']
[2, 1.9012165069580078, 2.01257586479187, 0.2847999930381775, 0.28480000000000005, 0.277806201096068, '00:34']
[3, 1.7927137613296509, 1.886762261390686, 0.3285999894142151, 0.32859999999999995, 0.32268383875494344, '00:34']
[4, 1.7285822629928589, 1.8739955425262451, 0.3280999958515167, 0.32809999999999995, 0.32111120346858957, '00:36']
[5, 1.6649115085601807, 1.8382160663604736, 0.3456000089645386, 0.34559999999999996, 0.33939936226349826, '00:34']
[6, 1.6049381494522095, 1.74491548538208, 0.38690000772476196, 0.3869, 0.3807231728415458, '00:34']
[7, 1.5618064403533936, 1.7188432216644287, 0.38940000534057617, 0.3894, 0.3841525272341072, '00:34']
[8, 1.516359567642212, 1.7004765272140503, 0.39980000257492065, 0.39980000000000004, 0.38625348249146424, '00:35']
[9, 1.455304503440857, 1.6743658781051636, 0.4106999933719635, 0.4107, 0.3977331560349478, '00:34']
[10, 1.4282104969024658, 1.6838363409042358, 0.40709999203681946, 0.40709999999999996, 0.40349233964090486, '00:34']
[11, 1.3754593133926392, 1.648390293121338, 0.4293000102043152, 0.4293, 0.4315562570993718, '00:34']
[12, 1.3615707159042358, 1.625731110572815, 0.4372999966144562, 0.4373, 0.4350769693800934, '00:34']
[13, 1.2868781089782715, 1.6396921873092651, 0.44530001282691956, 0.44530000000000003, 0.4413470499227249, '00:36']
[14, 1.2809960842132568, 1.6739376783370972, 0.42089998722076416, 0.42090000000000005, 0.4224682670347077, '00:36']
[15, 1.225007176399231, 1.6418017148971558, 0.4440999925136566, 0.44410000000000005, 0.44466279263747915, '00:34']
[16, 1.1867470741271973, 1.6727049350738525, 0.4417000114917755, 0.4417000000000001, 0.441319666455417, '00:34']
[17, 1.1657614707946777, 1.6482013463974, 0.44179999828338623, 0.4418, 0.4429541871688804, '00:34']
No improvement since epoch 12: early stopping

Tiempo de entrenamiento: 648.49 segundos
/mnt/homeGPU/haoweihu/TFG/lib/python3.10/site-packages/fastai/learner.py:455: UserWarning: load_learner` uses Python's insecure pickle module, which can execute malicious arbitrary code when loading. Only load files you trust.
If you only need to load model weights and optimizer state, use the safe `Learner.load` instead.
  warn("load_learner` uses Python's insecure pickle module, which can execute malicious arbitrary code when loading. Only load files you trust.\nIf you only need to load model weights and optimizer state, use the safe `Learner.load` instead.")
Loss: 1.6482
Accuracy: 0.4418
Recall: 0.4418
F1-Score: 0.4430
Loss: 1.6594533920288086
Accuracy: 0.4405048191547394
Recall (macro): 0.4404318623299375
F1 Score (macro): 0.44081058473918056
---------------------------------------------------------------------------
Ejecutando: cifar10_dist01_otsu_ex2
---------------------------------------------------------------------------
Número total de imágenes en entrenamiento: 18670
Número total de imágenes en validación: 10000

Clases: ['airplane', 'automobile', 'bird', 'cat', 'deer', 'dog', 'frog', 'horse', 'ship', 'truck']
[0, 2.22692608833313, 2.2150344848632812, 0.20419999957084656, 0.2042, 0.17788825760061103, '00:55']
[1, 2.029768228530884, 2.1151316165924072, 0.24940000474452972, 0.24939999999999998, 0.23427077683331216, '00:35']
[2, 1.9004935026168823, 2.0012831687927246, 0.2773999869823456, 0.2774, 0.26330256923249284, '00:34']
[3, 1.7608987092971802, 1.9117143154144287, 0.313400000333786, 0.3134, 0.3082171697870718, '00:36']
[4, 1.7217786312103271, 1.868266224861145, 0.3334999978542328, 0.3335, 0.3203368115584463, '00:34']
[5, 1.6593586206436157, 1.7959709167480469, 0.3578999936580658, 0.3579, 0.3485859891945505, '00:36']
[6, 1.60407292842865, 1.8021295070648193, 0.3617999851703644, 0.3618, 0.35801261451673455, '00:34']
[7, 1.5508359670639038, 1.737304449081421, 0.3828999996185303, 0.3829, 0.378274570718126, '00:34']
[8, 1.4904941320419312, 1.702131986618042, 0.3970000147819519, 0.39699999999999996, 0.3943200706636144, '00:34']
[9, 1.4404308795928955, 1.7107725143432617, 0.40700000524520874, 0.4069999999999999, 0.40264515464563866, '00:35']
[10, 1.384056806564331, 1.744483232498169, 0.4025000035762787, 0.4025, 0.3983763741657328, '00:34']
[11, 1.3817788362503052, 1.673255443572998, 0.41260001063346863, 0.4126, 0.40975955534322583, '00:36']
[12, 1.3282819986343384, 1.6652685403823853, 0.4189999997615814, 0.41899999999999993, 0.4139166566112021, '00:34']
[13, 1.2995702028274536, 1.6491718292236328, 0.42910000681877136, 0.42910000000000004, 0.4251398673646493, '00:34']
[14, 1.2488669157028198, 1.7061715126037598, 0.4250999987125397, 0.42510000000000003, 0.42176786264415567, '00:34']
[15, 1.2199909687042236, 1.662356972694397, 0.43059998750686646, 0.4306000000000001, 0.43160625665027963, '00:34']
[16, 1.1658859252929688, 1.7167917490005493, 0.4260999858379364, 0.42610000000000003, 0.42184630002244344, '00:34']
[17, 1.1305731534957886, 1.6943572759628296, 0.4415999948978424, 0.44160000000000005, 0.43743611869771054, '00:34']
[18, 1.1064265966415405, 1.6860312223434448, 0.43860000371932983, 0.4386, 0.4367204282906201, '00:35']
No improvement since epoch 13: early stopping

Tiempo de entrenamiento: 685.61 segundos
/mnt/homeGPU/haoweihu/TFG/lib/python3.10/site-packages/fastai/learner.py:455: UserWarning: load_learner` uses Python's insecure pickle module, which can execute malicious arbitrary code when loading. Only load files you trust.
If you only need to load model weights and optimizer state, use the safe `Learner.load` instead.
  warn("load_learner` uses Python's insecure pickle module, which can execute malicious arbitrary code when loading. Only load files you trust.\nIf you only need to load model weights and optimizer state, use the safe `Learner.load` instead.")
Loss: 1.6860
Accuracy: 0.4386
Recall: 0.4386
F1-Score: 0.4367
Loss: 1.6665817499160767
Accuracy: 0.44140625
Recall (macro): 0.4413418170035211
F1 Score (macro): 0.4392935851210801
---------------------------------------------------------------------------
Ejecutando: cifar10_dist01_otsu_ex3
---------------------------------------------------------------------------
Número total de imágenes en entrenamiento: 18670
Número total de imágenes en validación: 10000

Clases: ['airplane', 'automobile', 'bird', 'cat', 'deer', 'dog', 'frog', 'horse', 'ship', 'truck']
[0, 2.2803008556365967, 2.2714054584503174, 0.1282999962568283, 0.1283, 0.0443113335179653, '01:00']
[1, 2.0228970050811768, 2.1184754371643066, 0.23929999768733978, 0.2393, 0.21454781408842258, '00:36']
[2, 1.9146225452423096, 2.0240609645843506, 0.27570000290870667, 0.27569999999999995, 0.2600048483579769, '00:34']
[3, 1.8274284601211548, 1.949522614479065, 0.2919999957084656, 0.292, 0.2845836964257016, '00:34']
[4, 1.7547646760940552, 1.8893526792526245, 0.32100000977516174, 0.321, 0.3132682082014923, '00:35']
[5, 1.6885138750076294, 1.815327525138855, 0.34769999980926514, 0.3477, 0.3405584001585247, '00:34']
[6, 1.6268486976623535, 1.7795675992965698, 0.36329999566078186, 0.3633, 0.35989288607869585, '00:35']
[7, 1.563948392868042, 1.7251708507537842, 0.382099986076355, 0.3821, 0.3738251241367549, '00:34']
[8, 1.507933497428894, 1.6939324140548706, 0.399399995803833, 0.3994, 0.3886410652162432, '00:34']
[9, 1.497266173362732, 1.6714246273040771, 0.40459999442100525, 0.4046, 0.3999343027343156, '00:34']
[10, 1.4250123500823975, 1.7036778926849365, 0.4032000005245209, 0.4032, 0.39840859297776177, '00:34']
[11, 1.3762965202331543, 1.6626648902893066, 0.4194999933242798, 0.41950000000000004, 0.41555946289789636, '00:34']
[12, 1.3236784934997559, 1.6499663591384888, 0.42809998989105225, 0.4281, 0.42570281570816065, '00:34']
[13, 1.2997565269470215, 1.651289701461792, 0.4325999915599823, 0.4326, 0.43233059740584157, '00:36']
[14, 1.2745623588562012, 1.6483019590377808, 0.43810001015663147, 0.43810000000000004, 0.43979172315996207, '00:35']
[15, 1.2278270721435547, 1.6397188901901245, 0.43950000405311584, 0.43949999999999995, 0.43704361974369005, '00:34']
[16, 1.1861907243728638, 1.641131043434143, 0.4413999915122986, 0.44139999999999996, 0.44032597892711883, '00:34']
[17, 1.170849323272705, 1.652766227722168, 0.4471000134944916, 0.4471000000000001, 0.44376248174461336, '00:34']
[18, 1.1039619445800781, 1.6741031408309937, 0.4401000142097473, 0.4401, 0.43884587130211034, '00:34']
[19, 1.0839372873306274, 1.6840591430664062, 0.4440000057220459, 0.44399999999999995, 0.43889907406006234, '00:36']
[20, 1.0324946641921997, 1.688418984413147, 0.44670000672340393, 0.4467, 0.4472161668540552, '00:34']
No improvement since epoch 15: early stopping

Tiempo de entrenamiento: 759.49 segundos
/mnt/homeGPU/haoweihu/TFG/lib/python3.10/site-packages/fastai/learner.py:455: UserWarning: load_learner` uses Python's insecure pickle module, which can execute malicious arbitrary code when loading. Only load files you trust.
If you only need to load model weights and optimizer state, use the safe `Learner.load` instead.
  warn("load_learner` uses Python's insecure pickle module, which can execute malicious arbitrary code when loading. Only load files you trust.\nIf you only need to load model weights and optimizer state, use the safe `Learner.load` instead.")
Loss: 1.6884
Accuracy: 0.4467
Recall: 0.4467
F1-Score: 0.4472
Loss: 1.7123632431030273
Accuracy: 0.43699920177459717
Recall (macro): 0.4369438785317902
F1 Score (macro): 0.4366241200854142
mail: cannot send message: Process exited with a non-zero status
