
---------------------------------------------------------------------------
Ejecutando: cifar10_dist1_quand2_ex1
---------------------------------------------------------------------------

Número total de imágenes en entrenamiento: 9000
Número total de imágenes en validación: 10000

Clases: ['airplane', 'automobile', 'bird', 'cat', 'deer', 'dog', 'frog', 'horse', 'ship', 'truck']
[0, 2.304032802581787, 2.3032350540161133, 0.10000000149011612, 0.1, 0.01818181818181818, '00:24']
[1, 2.303439140319824, 2.3028464317321777, 0.10000000149011612, 0.1, 0.01818181818181818, '00:24']
[2, 2.3032281398773193, 2.302668333053589, 0.10000000149011612, 0.1, 0.01818181818181818, '00:24']
[3, 2.3031482696533203, 2.3026211261749268, 0.10000000149011612, 0.1, 0.01818181818181818, '00:28']
[4, 2.303208589553833, 2.302694797515869, 0.10000000149011612, 0.1, 0.01818181818181818, '00:25']
[5, 2.3033063411712646, 2.3026394844055176, 0.10000000149011612, 0.1, 0.01818181818181818, '00:50']
[6, 2.3031654357910156, 2.30267333984375, 0.10000000149011612, 0.1, 0.01818181818181818, '00:29']
[7, 2.3031957149505615, 2.302640914916992, 0.10000000149011612, 0.1, 0.01818181818181818, '00:23']
[8, 2.303223133087158, 2.3026421070098877, 0.10000000149011612, 0.1, 0.01818181818181818, '00:24']
No improvement since epoch 3: early stopping

Tiempo de entrenamiento: 255.72 segundos
/mnt/homeGPU/haoweihu/TFG/lib/python3.10/site-packages/fastai/learner.py:455: UserWarning: load_learner` uses Python's insecure pickle module, which can execute malicious arbitrary code when loading. Only load files you trust.
If you only need to load model weights and optimizer state, use the safe `Learner.load` instead.
  warn("load_learner` uses Python's insecure pickle module, which can execute malicious arbitrary code when loading. Only load files you trust.\nIf you only need to load model weights and optimizer state, use the safe `Learner.load` instead.")
Loss: 2.3026
Accuracy: 0.1000
Recall: 0.1000
F1-Score: 0.0182
Loss: 2.302644729614258
Accuracy: 0.09985977411270142
Recall (macro): 0.1
F1 Score (macro): 0.01815863764684455

---------------------------------------------------------------------------
Ejecutando: cifar10_dist1_quand2_ex2
---------------------------------------------------------------------------

Número total de imágenes en entrenamiento: 9000
Número total de imágenes en validación: 10000

Clases: ['airplane', 'automobile', 'bird', 'cat', 'deer', 'dog', 'frog', 'horse', 'ship', 'truck']
[0, 2.3040342330932617, 2.304169178009033, 0.10000000149011612, 0.1, 0.01818181818181818, '00:30']
[1, 2.3041787147521973, 2.303297758102417, 0.10000000149011612, 0.1, 0.01818181818181818, '00:23']
[2, 2.303081750869751, 2.3027586936950684, 0.10000000149011612, 0.1, 0.01818181818181818, '00:23']
[3, 2.303166151046753, 2.302722930908203, 0.10000000149011612, 0.1, 0.01818181818181818, '00:23']
[4, 2.30334210395813, 2.3027665615081787, 0.10000000149011612, 0.1, 0.01818181818181818, '00:23']
[5, 2.3033745288848877, 2.302729606628418, 0.10000000149011612, 0.1, 0.01818181818181818, '00:23']
[6, 2.303053140640259, 2.302717924118042, 0.10000000149011612, 0.1, 0.01818181818181818, '00:23']
[7, 2.303358793258667, 2.3026235103607178, 0.10000000149011612, 0.1, 0.01818181818181818, '00:23']
[8, 2.303069829940796, 2.302633285522461, 0.10000000149011612, 0.1, 0.01818181818181818, '00:23']
[9, 2.303340196609497, 2.302621364593506, 0.10000000149011612, 0.1, 0.01818181818181818, '00:25']
[10, 2.3032212257385254, 2.3026437759399414, 0.10000000149011612, 0.1, 0.01818181818181818, '00:23']
[11, 2.303166627883911, 2.3026041984558105, 0.10000000149011612, 0.1, 0.01818181818181818, '00:23']
[12, 2.303086042404175, 2.3025989532470703, 0.10000000149011612, 0.1, 0.01818181818181818, '00:23']
[13, 2.3030593395233154, 2.3026039600372314, 0.10000000149011612, 0.1, 0.01818181818181818, '00:25']
[14, 2.3030872344970703, 2.3025920391082764, 0.10000000149011612, 0.1, 0.01818181818181818, '00:25']
[15, 2.3029561042785645, 2.302595376968384, 0.10000000149011612, 0.1, 0.01818181818181818, '00:23']
[16, 2.30297589302063, 2.3025918006896973, 0.10000000149011612, 0.1, 0.01818181818181818, '00:23']
[17, 2.302893877029419, 2.3025870323181152, 0.10000000149011612, 0.1, 0.01818181818181818, '00:23']
[18, 2.3028652667999268, 2.3025906085968018, 0.10000000149011612, 0.1, 0.01818181818181818, '00:23']
[19, 2.3028247356414795, 2.3025906085968018, 0.10000000149011612, 0.1, 0.01818181818181818, '00:25']
[20, 2.302780866622925, 2.3025875091552734, 0.10000000149011612, 0.1, 0.01818181818181818, '00:23']
[21, 2.302798271179199, 2.302584171295166, 0.10000000149011612, 0.1, 0.01818181818181818, '00:23']
[22, 2.3027427196502686, 2.30258846282959, 0.10000000149011612, 0.1, 0.01818181818181818, '00:23']
[23, 2.302726984024048, 2.302584409713745, 0.10000000149011612, 0.1, 0.01818181818181818, '00:23']
[24, 2.3026812076568604, 2.3025882244110107, 0.10000000149011612, 0.1, 0.01818181818181818, '00:23']
[25, 2.3026580810546875, 2.302583932876587, 0.10000000149011612, 0.1, 0.01818181818181818, '00:23']
[26, 2.302654504776001, 2.3025853633880615, 0.10000000149011612, 0.1, 0.01818181818181818, '00:23']
[27, 2.3026020526885986, 2.3025877475738525, 0.10000000149011612, 0.1, 0.01818181818181818, '00:23']
[28, 2.302582025527954, 2.3025872707366943, 0.10000000149011612, 0.1, 0.01818181818181818, '00:23']
[29, 2.3025872707366943, 2.3025872707366943, 0.10000000149011612, 0.1, 0.01818181818181818, '00:23']

Tiempo de entrenamiento: 723.64 segundos
/mnt/homeGPU/haoweihu/TFG/lib/python3.10/site-packages/fastai/learner.py:455: UserWarning: load_learner` uses Python's insecure pickle module, which can execute malicious arbitrary code when loading. Only load files you trust.
If you only need to load model weights and optimizer state, use the safe `Learner.load` instead.
  warn("load_learner` uses Python's insecure pickle module, which can execute malicious arbitrary code when loading. Only load files you trust.\nIf you only need to load model weights and optimizer state, use the safe `Learner.load` instead.")
Loss: 2.3026
Accuracy: 0.1000
Recall: 0.1000
F1-Score: 0.0182
Loss: 2.302586793899536
Accuracy: 0.09975961595773697
Recall (macro): 0.1
F1 Score (macro): 0.01814207650273224

---------------------------------------------------------------------------
Ejecutando: cifar10_dist1_quand2_ex3
---------------------------------------------------------------------------

Número total de imágenes en entrenamiento: 9000
Número total de imágenes en validación: 10000

Clases: ['airplane', 'automobile', 'bird', 'cat', 'deer', 'dog', 'frog', 'horse', 'ship', 'truck']
[0, 2.3034415245056152, 2.3029990196228027, 0.10000000149011612, 0.1, 0.01818181818181818, '00:38']
[1, 2.3037288188934326, 2.302725076675415, 0.10000000149011612, 0.1, 0.01818181818181818, '00:23']
[2, 2.3030128479003906, 2.3026363849639893, 0.10000000149011612, 0.1, 0.01818181818181818, '00:23']
[3, 2.3031249046325684, 2.3026223182678223, 0.10000000149011612, 0.1, 0.01818181818181818, '00:25']
[4, 2.303342342376709, 2.3026392459869385, 0.10000000149011612, 0.1, 0.01818181818181818, '00:23']
[5, 2.3033201694488525, 2.302685260772705, 0.10000000149011612, 0.1, 0.01818181818181818, '00:23']
[6, 2.303321599960327, 2.3026010990142822, 0.10000000149011612, 0.1, 0.01818181818181818, '00:23']
[7, 2.3033573627471924, 2.3026044368743896, 0.10000000149011612, 0.1, 0.01818181818181818, '00:23']
[8, 2.3030970096588135, 2.3026063442230225, 0.10000000149011612, 0.1, 0.01818181818181818, '00:23']
[9, 2.3031938076019287, 2.3026087284088135, 0.10000000149011612, 0.1, 0.01818181818181818, '00:24']
[10, 2.3031299114227295, 2.3025925159454346, 0.10000000149011612, 0.1, 0.01818181818181818, '00:24']
[11, 2.3032352924346924, 2.302607536315918, 0.10000000149011612, 0.1, 0.01818181818181818, '00:23']
[12, 2.303061008453369, 2.302598714828491, 0.10000000149011612, 0.1, 0.01818181818181818, '00:23']
[13, 2.3030166625976562, 2.302596092224121, 0.10000000149011612, 0.1, 0.01818181818181818, '00:23']
[14, 2.30287766456604, 2.3025870323181152, 0.10000000149011612, 0.1, 0.01818181818181818, '00:23']
[15, 2.3029592037200928, 2.3025927543640137, 0.10000000149011612, 0.1, 0.01818181818181818, '00:23']
[16, 2.3028297424316406, 2.302584648132324, 0.10000000149011612, 0.1, 0.01818181818181818, '00:23']
[17, 2.3029539585113525, 2.3025941848754883, 0.10000000149011612, 0.1, 0.01818181818181818, '00:23']
[18, 2.302851915359497, 2.302591323852539, 0.10000000149011612, 0.1, 0.01818181818181818, '00:23']
[19, 2.3027920722961426, 2.302586555480957, 0.10000000149011612, 0.1, 0.01818181818181818, '00:23']
[20, 2.302778482437134, 2.3025853633880615, 0.10000000149011612, 0.1, 0.01818181818181818, '00:23']
[21, 2.3027141094207764, 2.302586078643799, 0.10000000149011612, 0.1, 0.01818181818181818, '00:25']
No improvement since epoch 16: early stopping

Tiempo de entrenamiento: 541.21 segundos
/mnt/homeGPU/haoweihu/TFG/lib/python3.10/site-packages/fastai/learner.py:455: UserWarning: load_learner` uses Python's insecure pickle module, which can execute malicious arbitrary code when loading. Only load files you trust.
If you only need to load model weights and optimizer state, use the safe `Learner.load` instead.
  warn("load_learner` uses Python's insecure pickle module, which can execute malicious arbitrary code when loading. Only load files you trust.\nIf you only need to load model weights and optimizer state, use the safe `Learner.load` instead.")
Loss: 2.3026
Accuracy: 0.1000
Recall: 0.1000
F1-Score: 0.0182
Loss: 2.3025877475738525
Accuracy: 0.09975961595773697
Recall (macro): 0.1
F1 Score (macro): 0.01814207650273224

---------------------------------------------------------------------------
Ejecutando: cifar10_dist5_quand2_ex1
---------------------------------------------------------------------------

Número total de imágenes en entrenamiento: 8200
Número total de imágenes en validación: 10000

Clases: ['airplane', 'automobile', 'bird', 'cat', 'deer', 'dog', 'frog', 'horse', 'ship', 'truck']
[0, 2.30403733253479, 2.304170608520508, 0.10000000149011612, 0.1, 0.01818181818181818, '00:29']
[1, 2.3037421703338623, 2.3031413555145264, 0.10000000149011612, 0.1, 0.01818181818181818, '00:22']
[2, 2.3038034439086914, 2.302669048309326, 0.10000000149011612, 0.1, 0.01818181818181818, '00:24']
[3, 2.303417205810547, 2.302791118621826, 0.10000000149011612, 0.1, 0.01818181818181818, '00:22']
[4, 2.303471565246582, 2.3027331829071045, 0.10000000149011612, 0.1, 0.01818181818181818, '00:22']
[5, 2.303462505340576, 2.302828550338745, 0.10000000149011612, 0.1, 0.01818181818181818, '00:22']
[6, 2.3034183979034424, 2.302598237991333, 0.10000000149011612, 0.1, 0.01818181818181818, '00:22']
[7, 2.3032639026641846, 2.3026740550994873, 0.10000000149011612, 0.1, 0.01818181818181818, '00:22']
[8, 2.303525924682617, 2.302617073059082, 0.10000000149011612, 0.1, 0.01818181818181818, '00:22']
[9, 2.3033111095428467, 2.302591323852539, 0.10000000149011612, 0.1, 0.01818181818181818, '00:24']
[10, 2.3014111518859863, 2.294642686843872, 0.133200004696846, 0.13319999999999999, 0.04438428852876388, '00:22']
[11, 2.2257955074310303, 2.2120723724365234, 0.15960000455379486, 0.15960000000000002, 0.09349418433767329, '00:22']
[12, 2.1904330253601074, 2.188115119934082, 0.20270000398159027, 0.20270000000000002, 0.15566925870992715, '00:25']
[13, 2.170398712158203, 2.1761820316314697, 0.20000000298023224, 0.2, 0.1686210689070498, '00:24']
[14, 2.147568702697754, 2.153101921081543, 0.20980000495910645, 0.20980000000000004, 0.1785798421930751, '00:22']
[15, 2.1228396892547607, 2.120177984237671, 0.2305999994277954, 0.2306, 0.2040963366869711, '00:22']
[16, 2.0992536544799805, 2.1046218872070312, 0.23729999363422394, 0.2373, 0.214677992332497, '00:22']
[17, 2.0910933017730713, 2.093062162399292, 0.24220000207424164, 0.24220000000000003, 0.2230725838121416, '00:22']
[18, 2.0751874446868896, 2.0898075103759766, 0.24160000681877136, 0.24159999999999998, 0.2205078997700563, '00:22']
[19, 2.068972110748291, 2.084233045578003, 0.2434999942779541, 0.2435, 0.22096528793553966, '00:24']
[20, 2.0642428398132324, 2.079552173614502, 0.25049999356269836, 0.2505, 0.23216748246258745, '00:22']
[21, 2.065739154815674, 2.0774595737457275, 0.2492000013589859, 0.2492, 0.23197138611422755, '00:22']
[22, 2.057830572128296, 2.0751051902770996, 0.25279998779296875, 0.2528, 0.23716888804309524, '00:22']
[23, 2.052884101867676, 2.0757594108581543, 0.24940000474452972, 0.24939999999999998, 0.23069059021617724, '00:23']
[24, 2.050790786743164, 2.072324275970459, 0.2533999979496002, 0.25339999999999996, 0.2373776314197366, '00:25']
[25, 2.052978038787842, 2.0698142051696777, 0.2498999983072281, 0.24989999999999996, 0.23059020124690735, '00:26']
[26, 2.0498499870300293, 2.0690627098083496, 0.2515999972820282, 0.2516, 0.23331163007430877, '00:23']
[27, 2.0486528873443604, 2.068577527999878, 0.2529999911785126, 0.253, 0.23494055217850124, '00:22']
[28, 2.042595624923706, 2.0685722827911377, 0.25360000133514404, 0.2536, 0.23587339795200252, '00:22']
[29, 2.0488789081573486, 2.068516969680786, 0.2531000077724457, 0.2531, 0.2351691448382868, '00:22']

Tiempo de entrenamiento: 704.96 segundos
/mnt/homeGPU/haoweihu/TFG/lib/python3.10/site-packages/fastai/learner.py:455: UserWarning: load_learner` uses Python's insecure pickle module, which can execute malicious arbitrary code when loading. Only load files you trust.
If you only need to load model weights and optimizer state, use the safe `Learner.load` instead.
  warn("load_learner` uses Python's insecure pickle module, which can execute malicious arbitrary code when loading. Only load files you trust.\nIf you only need to load model weights and optimizer state, use the safe `Learner.load` instead.")
Loss: 2.0685
Accuracy: 0.2531
Recall: 0.2531
F1-Score: 0.2352
Loss: 2.0657386779785156
Accuracy: 0.25620993971824646
Recall (macro): 0.2561820626161317
F1 Score (macro): 0.2396716008567361

---------------------------------------------------------------------------
Ejecutando: cifar10_dist5_quand2_ex2
---------------------------------------------------------------------------

Número total de imágenes en entrenamiento: 8200
Número total de imágenes en validación: 10000

Clases: ['airplane', 'automobile', 'bird', 'cat', 'deer', 'dog', 'frog', 'horse', 'ship', 'truck']
[0, 2.3053061962127686, 2.305337429046631, 0.10000000149011612, 0.1, 0.01818181818181818, '00:29']
[1, 2.3046047687530518, 2.303739547729492, 0.10000000149011612, 0.1, 0.01818181818181818, '00:24']
[2, 2.3038058280944824, 2.302701234817505, 0.10000000149011612, 0.1, 0.01818181818181818, '00:22']
[3, 2.303394317626953, 2.302870512008667, 0.10000000149011612, 0.1, 0.01818181818181818, '00:22']
[4, 2.3037705421447754, 2.3030359745025635, 0.10000000149011612, 0.1, 0.01818181818181818, '00:22']
[5, 2.303342580795288, 2.30260968208313, 0.10000000149011612, 0.1, 0.01818181818181818, '00:22']
[6, 2.3035125732421875, 2.302643060684204, 0.10000000149011612, 0.1, 0.01818181818181818, '00:22']
[7, 2.3035635948181152, 2.302652359008789, 0.10000000149011612, 0.1, 0.01818181818181818, '00:22']
[8, 2.303262233734131, 2.302603006362915, 0.10000000149011612, 0.1, 0.01818181818181818, '00:24']
[9, 2.303271532058716, 2.302586317062378, 0.10000000149011612, 0.1, 0.01818181818181818, '00:22']
[10, 2.3031418323516846, 2.3024539947509766, 0.10000000149011612, 0.1, 0.01818181818181818, '00:22']
[11, 2.2797796726226807, 2.2353343963623047, 0.14190000295639038, 0.1419, 0.04817278910284239, '00:22']
[12, 2.209575653076172, 2.196885824203491, 0.1639000028371811, 0.1639, 0.09520339934420233, '00:22']
[13, 2.166987419128418, 2.1575183868408203, 0.2037000060081482, 0.2037, 0.14307455815606648, '00:22']
[14, 2.1314404010772705, 2.1291353702545166, 0.22310000658035278, 0.2231, 0.18326564191467432, '00:22']
[15, 2.1085524559020996, 2.099616289138794, 0.23759999871253967, 0.23760000000000003, 0.2071529801131259, '00:24']
[16, 2.082969903945923, 2.0825841426849365, 0.24369999766349792, 0.24370000000000003, 0.2222991584243485, '00:22']
[17, 2.067549228668213, 2.073026180267334, 0.24719999730587006, 0.2472, 0.22612433930410486, '00:22']
[18, 2.0621068477630615, 2.06713604927063, 0.24959999322891235, 0.2496, 0.2315075888847283, '00:22']
[19, 2.065058946609497, 2.0696632862091064, 0.24860000610351562, 0.2486, 0.23458214966110677, '00:24']
[20, 2.049855947494507, 2.06441593170166, 0.2513999938964844, 0.2514, 0.23037401296129095, '00:22']
[21, 2.0520379543304443, 2.0557079315185547, 0.2538999915122986, 0.2539, 0.23490970084359133, '00:22']
[22, 2.0469279289245605, 2.0571939945220947, 0.2506999969482422, 0.25070000000000003, 0.23600224587288357, '00:22']
[23, 2.044796943664551, 2.0523242950439453, 0.25119999051094055, 0.2512, 0.2343479367052975, '00:22']
[24, 2.0401675701141357, 2.0502140522003174, 0.2540999948978424, 0.2541, 0.23750016861123183, '00:24']
[25, 2.044551372528076, 2.0489003658294678, 0.2549000084400177, 0.2549, 0.2380280195000854, '00:23']
[26, 2.0341413021087646, 2.04911732673645, 0.25780001282691956, 0.2578, 0.2397672620959718, '00:22']
[27, 2.0384318828582764, 2.048238754272461, 0.25609999895095825, 0.2561, 0.23887150702200488, '00:22']
[28, 2.032073974609375, 2.0479178428649902, 0.25690001249313354, 0.2569, 0.2397318225212278, '00:22']
[29, 2.0398523807525635, 2.047900438308716, 0.25690001249313354, 0.2569, 0.23976368740846282, '00:24']

Tiempo de entrenamiento: 699.05 segundos
/mnt/homeGPU/haoweihu/TFG/lib/python3.10/site-packages/fastai/learner.py:455: UserWarning: load_learner` uses Python's insecure pickle module, which can execute malicious arbitrary code when loading. Only load files you trust.
If you only need to load model weights and optimizer state, use the safe `Learner.load` instead.
  warn("load_learner` uses Python's insecure pickle module, which can execute malicious arbitrary code when loading. Only load files you trust.\nIf you only need to load model weights and optimizer state, use the safe `Learner.load` instead.")
Loss: 2.0479
Accuracy: 0.2569
Recall: 0.2569
F1-Score: 0.2398
Loss: 2.05420184135437
Accuracy: 0.25771233439445496
Recall (macro): 0.25768368996360747
F1 Score (macro): 0.241489999420999

---------------------------------------------------------------------------
Ejecutando: cifar10_dist5_quand2_ex3
---------------------------------------------------------------------------

Número total de imágenes en entrenamiento: 8200
Número total de imágenes en validación: 10000

Clases: ['airplane', 'automobile', 'bird', 'cat', 'deer', 'dog', 'frog', 'horse', 'ship', 'truck']
[0, 2.3037827014923096, 2.3037149906158447, 0.10000000149011612, 0.1, 0.01818181818181818, '00:29']
[1, 2.3035056591033936, 2.3030643463134766, 0.10000000149011612, 0.1, 0.01818181818181818, '00:22']
[2, 2.3033177852630615, 2.302745819091797, 0.10000000149011612, 0.1, 0.01818181818181818, '00:22']
[3, 2.303349494934082, 2.302753210067749, 0.10000000149011612, 0.1, 0.01818181818181818, '00:22']
[4, 2.303417921066284, 2.3027992248535156, 0.10000000149011612, 0.1, 0.01818181818181818, '00:22']
[5, 2.3033816814422607, 2.302717447280884, 0.10000000149011612, 0.1, 0.01818181818181818, '00:22']
[6, 2.3034207820892334, 2.3026466369628906, 0.10000000149011612, 0.1, 0.01818181818181818, '00:24']
[7, 2.303243398666382, 2.3026633262634277, 0.10000000149011612, 0.1, 0.01818181818181818, '00:23']
[8, 2.303241014480591, 2.302621603012085, 0.10000000149011612, 0.1, 0.01818181818181818, '00:22']
[9, 2.303091526031494, 2.30261492729187, 0.10000000149011612, 0.1, 0.01818181818181818, '00:22']
[10, 2.3032002449035645, 2.3025944232940674, 0.10000000149011612, 0.1, 0.01818181818181818, '00:23']
[11, 2.303156852722168, 2.302600145339966, 0.10000000149011612, 0.1, 0.01818181818181818, '00:23']
[12, 2.303053855895996, 2.3026020526885986, 0.10000000149011612, 0.1, 0.01818181818181818, '00:22']
[13, 2.3030519485473633, 2.302609920501709, 0.10000000149011612, 0.1, 0.01818181818181818, '00:22']
[14, 2.3032021522521973, 2.3026015758514404, 0.10000000149011612, 0.1, 0.01818181818181818, '00:23']
[15, 2.3030731678009033, 2.3025901317596436, 0.10000000149011612, 0.1, 0.01818181818181818, '00:22']
[16, 2.3029518127441406, 2.3025920391082764, 0.10000000149011612, 0.1, 0.01818181818181818, '00:22']
[17, 2.3029072284698486, 2.3025903701782227, 0.10000000149011612, 0.1, 0.01818181818181818, '00:23']
[18, 2.302853584289551, 2.3025903701782227, 0.10000000149011612, 0.1, 0.01818181818181818, '00:24']
[19, 2.302887201309204, 2.3025898933410645, 0.10000000149011612, 0.1, 0.01818181818181818, '00:23']
[20, 2.302861452102661, 2.3025877475738525, 0.10000000149011612, 0.1, 0.01818181818181818, '00:24']
[21, 2.3028440475463867, 2.3025872707366943, 0.10000000149011612, 0.1, 0.01818181818181818, '00:22']
[22, 2.302715539932251, 2.302586555480957, 0.10000000149011612, 0.1, 0.01818181818181818, '00:22']
[23, 2.3026742935180664, 2.302583694458008, 0.10000000149011612, 0.1, 0.01818181818181818, '00:22']
[24, 2.30267596244812, 2.3025870323181152, 0.10000000149011612, 0.1, 0.01818181818181818, '00:22']
[25, 2.3026227951049805, 2.302589178085327, 0.10000000149011612, 0.1, 0.01818181818181818, '00:22']
[26, 2.3026187419891357, 2.3025858402252197, 0.10000000149011612, 0.1, 0.01818181818181818, '00:22']
[27, 2.302645444869995, 2.3025875091552734, 0.10000000149011612, 0.1, 0.01818181818181818, '00:22']
[28, 2.3025918006896973, 2.302584648132324, 0.10000000149011612, 0.1, 0.01818181818181818, '00:22']
No improvement since epoch 23: early stopping

Tiempo de entrenamiento: 674.83 segundos
/mnt/homeGPU/haoweihu/TFG/lib/python3.10/site-packages/fastai/learner.py:455: UserWarning: load_learner` uses Python's insecure pickle module, which can execute malicious arbitrary code when loading. Only load files you trust.
If you only need to load model weights and optimizer state, use the safe `Learner.load` instead.
  warn("load_learner` uses Python's insecure pickle module, which can execute malicious arbitrary code when loading. Only load files you trust.\nIf you only need to load model weights and optimizer state, use the safe `Learner.load` instead.")
Loss: 2.3026
Accuracy: 0.1000
Recall: 0.1000
F1-Score: 0.0182
Loss: 2.302586793899536
Accuracy: 0.09975961595773697
Recall (macro): 0.1
F1 Score (macro): 0.01814207650273224

---------------------------------------------------------------------------
Ejecutando: cifar10_dist01_quand2_ex1
---------------------------------------------------------------------------

Número total de imágenes en entrenamiento: 18670
Número total de imágenes en validación: 10000

Clases: ['airplane', 'automobile', 'bird', 'cat', 'deer', 'dog', 'frog', 'horse', 'ship', 'truck']
[0, 2.303584098815918, 2.3029520511627197, 0.10000000149011612, 0.1, 0.01818181818181818, '00:45']
[1, 2.302785873413086, 2.302877902984619, 0.10000000149011612, 0.1, 0.01818181818181818, '00:36']
[2, 2.303272008895874, 2.3027408123016357, 0.10000000149011612, 0.1, 0.01818181818181818, '00:35']
[3, 2.302922487258911, 2.302854299545288, 0.10000000149011612, 0.1, 0.01818181818181818, '00:35']
[4, 2.3012592792510986, 2.298412322998047, 0.10050000250339508, 0.10049999999999999, 0.01918711443820614, '00:35']
[5, 2.119006395339966, 2.1976540088653564, 0.1987999975681305, 0.1988, 0.16256491249106889, '00:37']
[6, 2.06575345993042, 2.1569583415985107, 0.2207999974489212, 0.22080000000000002, 0.2012067942640003, '00:35']
[7, 2.00666880607605, 2.1140034198760986, 0.2425999939441681, 0.2426, 0.2289576927806956, '00:35']
[8, 1.9876447916030884, 2.1075661182403564, 0.24660000205039978, 0.24659999999999999, 0.23523186579900962, '00:37']
[9, 1.9484007358551025, 2.0776028633117676, 0.26420000195503235, 0.26420000000000005, 0.2501716951462477, '00:35']
[10, 1.94802725315094, 2.04866623878479, 0.26899999380111694, 0.269, 0.2591712647237664, '00:35']
[11, 1.9283723831176758, 2.0403571128845215, 0.27399998903274536, 0.27399999999999997, 0.2667379574203509, '00:35']
[12, 1.9056817293167114, 2.0343644618988037, 0.2770000100135803, 0.27699999999999997, 0.26512296424313464, '00:35']
[13, 1.9005616903305054, 2.0454540252685547, 0.26660001277923584, 0.2666, 0.2596967844222025, '00:37']
[14, 1.8832517862319946, 2.00430965423584, 0.28439998626708984, 0.2844, 0.27941412815009914, '00:35']
[15, 1.8611347675323486, 2.0066685676574707, 0.28600001335144043, 0.286, 0.27996051108218206, '00:35']
[16, 1.8718534708023071, 1.9942137002944946, 0.2896000146865845, 0.28959999999999997, 0.2846820723881573, '00:37']
[17, 1.8601531982421875, 1.9947527647018433, 0.28679999709129333, 0.2868, 0.2824127359829759, '00:35']
[18, 1.8488508462905884, 1.9882891178131104, 0.29170000553131104, 0.2917, 0.2875653244979349, '00:35']
[19, 1.8385863304138184, 1.981661319732666, 0.2953999936580658, 0.2954, 0.28787400064291513, '00:35']
[20, 1.8362611532211304, 1.9823076725006104, 0.2930000126361847, 0.293, 0.28943653025586785, '00:37']
[21, 1.8436847925186157, 1.988493800163269, 0.2912999987602234, 0.2913, 0.28655885770791983, '00:35']
[22, 1.826698660850525, 1.9775396585464478, 0.2962000072002411, 0.2962, 0.2920822797791342, '00:36']
[23, 1.825060486793518, 1.9837695360183716, 0.2937999963760376, 0.29379999999999995, 0.29019654096710834, '00:37']
[24, 1.8193374872207642, 1.980499267578125, 0.29600000381469727, 0.29599999999999993, 0.2912009060562327, '00:35']
[25, 1.832048773765564, 1.974615216255188, 0.29649999737739563, 0.2965, 0.2938996636207946, '00:35']
[26, 1.813393235206604, 1.9737427234649658, 0.2971000075340271, 0.29710000000000003, 0.2941587854018381, '00:35']
[27, 1.8166494369506836, 1.9738904237747192, 0.29739999771118164, 0.2974, 0.2943348065995287, '00:35']
[28, 1.8349746465682983, 1.9750052690505981, 0.2964000105857849, 0.29640000000000005, 0.2930952721541745, '00:35']
[29, 1.8107234239578247, 1.9742636680603027, 0.29670000076293945, 0.2967, 0.29341806340777615, '00:35']

Tiempo de entrenamiento: 1090.22 segundos
/mnt/homeGPU/haoweihu/TFG/lib/python3.10/site-packages/fastai/learner.py:455: UserWarning: load_learner` uses Python's insecure pickle module, which can execute malicious arbitrary code when loading. Only load files you trust.
If you only need to load model weights and optimizer state, use the safe `Learner.load` instead.
  warn("load_learner` uses Python's insecure pickle module, which can execute malicious arbitrary code when loading. Only load files you trust.\nIf you only need to load model weights and optimizer state, use the safe `Learner.load` instead.")
Loss: 1.9743
Accuracy: 0.2967
Recall: 0.2967
F1-Score: 0.2934
Loss: 1.998984694480896
Accuracy: 0.2901642620563507
Recall (macro): 0.29017359258704534
F1 Score (macro): 0.2871099955367617

---------------------------------------------------------------------------
Ejecutando: cifar10_dist01_quand2_ex2
---------------------------------------------------------------------------

Número total de imágenes en entrenamiento: 18670
Número total de imágenes en validación: 10000

Clases: ['airplane', 'automobile', 'bird', 'cat', 'deer', 'dog', 'frog', 'horse', 'ship', 'truck']
[0, 2.304497003555298, 2.3033909797668457, 0.10000000149011612, 0.1, 0.01818181818181818, '00:52']
[1, 2.303323268890381, 2.3026721477508545, 0.10000000149011612, 0.1, 0.01818181818181818, '00:35']
[2, 2.3034520149230957, 2.3027355670928955, 0.10000000149011612, 0.1, 0.01818181818181818, '00:37']
[3, 2.3036248683929443, 2.302975654602051, 0.10000000149011612, 0.1, 0.01818181818181818, '00:35']
[4, 2.3034849166870117, 2.302805185317993, 0.10000000149011612, 0.1, 0.01818181818181818, '00:35']
[5, 2.303123712539673, 2.3027305603027344, 0.10000000149011612, 0.1, 0.01818181818181818, '00:35']
[6, 2.303086757659912, 2.302706480026245, 0.10000000149011612, 0.1, 0.01818181818181818, '00:37']
No improvement since epoch 1: early stopping

Tiempo de entrenamiento: 269.48 segundos
/mnt/homeGPU/haoweihu/TFG/lib/python3.10/site-packages/fastai/learner.py:455: UserWarning: load_learner` uses Python's insecure pickle module, which can execute malicious arbitrary code when loading. Only load files you trust.
If you only need to load model weights and optimizer state, use the safe `Learner.load` instead.
  warn("load_learner` uses Python's insecure pickle module, which can execute malicious arbitrary code when loading. Only load files you trust.\nIf you only need to load model weights and optimizer state, use the safe `Learner.load` instead.")
Loss: 2.3027
Accuracy: 0.1000
Recall: 0.1000
F1-Score: 0.0182
Loss: 2.3027076721191406
Accuracy: 0.09995993226766586
Recall (macro): 0.1
F1 Score (macro): 0.01817519577490439

---------------------------------------------------------------------------
Ejecutando: cifar10_dist01_quand2_ex3
---------------------------------------------------------------------------

Número total de imágenes en entrenamiento: 18670
Número total de imágenes en validación: 10000

Clases: ['airplane', 'automobile', 'bird', 'cat', 'deer', 'dog', 'frog', 'horse', 'ship', 'truck']
[0, 2.3041296005249023, 2.3039956092834473, 0.10000000149011612, 0.1, 0.01818181818181818, '00:45']
[1, 2.303001880645752, 2.3028550148010254, 0.10000000149011612, 0.1, 0.01818181818181818, '00:35']
[2, 2.303483247756958, 2.3027803897857666, 0.10000000149011612, 0.1, 0.01818181818181818, '00:35']
[3, 2.3033668994903564, 2.302734375, 0.10000000149011612, 0.1, 0.01818181818181818, '00:35']
[4, 2.3031604290008545, 2.3027286529541016, 0.10000000149011612, 0.1, 0.01818181818181818, '00:35']
[5, 2.3007709980010986, 2.294849157333374, 0.14319999516010284, 0.1432, 0.08095502415462068, '00:37']
[6, 2.0939829349517822, 2.1746137142181396, 0.20739999413490295, 0.20739999999999997, 0.1690916164048973, '00:35']
[7, 2.015219211578369, 2.1319682598114014, 0.2337999939918518, 0.2338, 0.22219165220003964, '00:38']
[8, 1.9897710084915161, 2.092991828918457, 0.2492000013589859, 0.2492, 0.2402411584099619, '00:36']
[9, 1.948660135269165, 2.0891005992889404, 0.2583000063896179, 0.2583, 0.24265128919968748, '00:35']
[10, 1.931612491607666, 2.11283016204834, 0.25450000166893005, 0.2545, 0.23793876825992558, '00:35']
[11, 1.9302616119384766, 2.0503950119018555, 0.2720000147819519, 0.272, 0.26721313006694336, '00:35']
[12, 1.8898966312408447, 2.0471413135528564, 0.27480000257492065, 0.27480000000000004, 0.2704696689937739, '00:35']
[13, 1.8833547830581665, 2.031341314315796, 0.28040000796318054, 0.28040000000000004, 0.2756383082321194, '00:37']
[14, 1.8782191276550293, 2.029428243637085, 0.2815000116825104, 0.28150000000000003, 0.2776121151597669, '00:35']
[15, 1.868277907371521, 2.0161914825439453, 0.2872999906539917, 0.2873, 0.2849982370676266, '00:35']
[16, 1.874720573425293, 2.0097501277923584, 0.2890999913215637, 0.2891, 0.2838639605979776, '00:35']
[17, 1.851989507675171, 2.0030267238616943, 0.2888000011444092, 0.2888, 0.28651838753584824, '00:35']
[18, 1.842191219329834, 2.001732349395752, 0.29420000314712524, 0.2942, 0.28829283749266504, '00:35']
[19, 1.8369066715240479, 2.0012965202331543, 0.289900004863739, 0.28990000000000005, 0.2873455822108605, '00:35']
[20, 1.8532692193984985, 1.9938043355941772, 0.29499998688697815, 0.29500000000000004, 0.29275535611656717, '00:38']
[21, 1.8373082876205444, 1.9947189092636108, 0.29179999232292175, 0.2918, 0.28884119875618486, '00:36']
[22, 1.8533293008804321, 1.990352988243103, 0.29490000009536743, 0.29490000000000005, 0.2910224067721893, '00:37']
[23, 1.8301432132720947, 1.9880805015563965, 0.2953999936580658, 0.2954, 0.29220762697090075, '00:35']
[24, 1.8145524263381958, 1.9865552186965942, 0.29750001430511475, 0.2975, 0.2931461313908166, '00:35']
[25, 1.8074681758880615, 1.9880768060684204, 0.29670000076293945, 0.29669999999999996, 0.2933868094474186, '00:35']
[26, 1.839109182357788, 1.9906822443008423, 0.2955999970436096, 0.2956, 0.2932717553064724, '00:35']
[27, 1.8306540250778198, 1.986602544784546, 0.2957000136375427, 0.29569999999999996, 0.29298173953343, '00:35']
[28, 1.825028896331787, 1.9864624738693237, 0.2962000072002411, 0.29619999999999996, 0.2935014345779873, '00:35']
[29, 1.8170725107192993, 1.9857732057571411, 0.29660001397132874, 0.29660000000000003, 0.29388921700494597, '00:35']

Tiempo de entrenamiento: 1089.20 segundos
/mnt/homeGPU/haoweihu/TFG/lib/python3.10/site-packages/fastai/learner.py:455: UserWarning: load_learner` uses Python's insecure pickle module, which can execute malicious arbitrary code when loading. Only load files you trust.
If you only need to load model weights and optimizer state, use the safe `Learner.load` instead.
  warn("load_learner` uses Python's insecure pickle module, which can execute malicious arbitrary code when loading. Only load files you trust.\nIf you only need to load model weights and optimizer state, use the safe `Learner.load` instead.")
Loss: 1.9858
Accuracy: 0.2966
Recall: 0.2966
F1-Score: 0.2939
Loss: 2.006011962890625
Accuracy: 0.28896233439445496
Recall (macro): 0.28891149796245774
F1 Score (macro): 0.2863402386126884
mail: cannot send message: Process exited with a non-zero status
