
---------------------------------------------------------------------------
Ejecutando: cifar10_dist1_quand3_ex1
---------------------------------------------------------------------------

Número total de imágenes en entrenamiento: 9000
Número total de imágenes en validación: 10000

Clases: ['airplane', 'automobile', 'bird', 'cat', 'deer', 'dog', 'frog', 'horse', 'ship', 'truck']
[0, 2.3039238452911377, 2.3042845726013184, 0.10000000149011612, 0.1, 0.01818181818181818, '00:56']
[1, 2.3037033081054688, 2.3033549785614014, 0.10000000149011612, 0.1, 0.01818181818181818, '00:25']
[2, 2.3031044006347656, 2.3028430938720703, 0.10000000149011612, 0.1, 0.01818181818181818, '00:25']
[3, 2.303328037261963, 2.3027334213256836, 0.10000000149011612, 0.1, 0.01818181818181818, '00:28']
[4, 2.3034286499023438, 2.3026139736175537, 0.10000000149011612, 0.1, 0.01818181818181818, '00:30']
[5, 2.3032660484313965, 2.302705764770508, 0.10000000149011612, 0.1, 0.01818181818181818, '00:52']
[6, 2.3034281730651855, 2.3025875091552734, 0.10000000149011612, 0.1, 0.01818181818181818, '00:32']
[7, 2.302511215209961, 2.2997782230377197, 0.15850000083446503, 0.1585, 0.08435309723357638, '00:26']
[8, 2.194537878036499, 2.186985969543457, 0.18639999628067017, 0.1864, 0.15802233736836735, '00:27']
[9, 2.122670888900757, 2.1693382263183594, 0.19990000128746033, 0.19990000000000002, 0.17484251274330323, '00:27']
[10, 2.093345880508423, 2.1269943714141846, 0.21570000052452087, 0.2157, 0.1910579608109632, '00:28']
[11, 2.0653719902038574, 2.110344886779785, 0.22519999742507935, 0.22519999999999998, 0.21419171474010104, '00:26']
[12, 2.051279306411743, 2.103799343109131, 0.23350000381469727, 0.23349999999999999, 0.21795818932472644, '00:26']
[13, 2.0310275554656982, 2.100693464279175, 0.2282000035047531, 0.22820000000000001, 0.21598453110175755, '00:26']
[14, 2.01930832862854, 2.0884907245635986, 0.23309999704360962, 0.2331, 0.22576721976602743, '00:26']
[15, 2.005645751953125, 2.0698485374450684, 0.2467000037431717, 0.2467, 0.23670904381510183, '00:27']
[16, 1.9876091480255127, 2.065126895904541, 0.2476000040769577, 0.24759999999999996, 0.23529305425514835, '00:26']
[17, 1.9733033180236816, 2.0536415576934814, 0.2567000091075897, 0.25670000000000004, 0.24387862046759134, '00:26']
[18, 1.9684504270553589, 2.0631444454193115, 0.24619999527931213, 0.24619999999999997, 0.24152921314479192, '00:28']
[19, 1.9598268270492554, 2.049665689468384, 0.257099986076355, 0.2571, 0.24798331989500016, '00:25']
[20, 1.9526832103729248, 2.0380897521972656, 0.26190000772476196, 0.2619, 0.2544789598795534, '00:25']
[21, 1.9381073713302612, 2.0300686359405518, 0.27149999141693115, 0.2715, 0.2647595514590277, '00:25']
[22, 1.9325969219207764, 2.027040958404541, 0.2712000012397766, 0.2712, 0.2625556475110863, '00:26']
[23, 1.9246783256530762, 2.023371458053589, 0.27320000529289246, 0.2732, 0.2658430112944429, '00:26']
[24, 1.9201457500457764, 2.021108627319336, 0.27379998564720154, 0.2738, 0.2661378278078159, '00:24']
[25, 1.923538088798523, 2.0223586559295654, 0.27090001106262207, 0.27090000000000003, 0.26574544818242385, '00:25']
[26, 1.9148608446121216, 2.0202207565307617, 0.2736000120639801, 0.2736, 0.26688749057741495, '00:25']
[27, 1.91587495803833, 2.0200581550598145, 0.27250000834465027, 0.2725, 0.26711707394404477, '00:26']
[28, 1.9092541933059692, 2.019392251968384, 0.2736000120639801, 0.2736, 0.26773611969046124, '00:25']
[29, 1.9113445281982422, 2.019270420074463, 0.273499995470047, 0.27349999999999997, 0.267545563083633, '00:25']

Tiempo de entrenamiento: 858.42 segundos
/mnt/homeGPU/haoweihu/TFG/lib/python3.10/site-packages/fastai/learner.py:455: UserWarning: load_learner` uses Python's insecure pickle module, which can execute malicious arbitrary code when loading. Only load files you trust.
If you only need to load model weights and optimizer state, use the safe `Learner.load` instead.
  warn("load_learner` uses Python's insecure pickle module, which can execute malicious arbitrary code when loading. Only load files you trust.\nIf you only need to load model weights and optimizer state, use the safe `Learner.load` instead.")
Loss: 2.0193
Accuracy: 0.2735
Recall: 0.2735
F1-Score: 0.2675
Loss: 2.0224080085754395
Accuracy: 0.27534055709838867
Recall (macro): 0.2753404363718738
F1 Score (macro): 0.2702033858375982

---------------------------------------------------------------------------
Ejecutando: cifar10_dist1_quand3_ex2
---------------------------------------------------------------------------

Número total de imágenes en entrenamiento: 9000
Número total de imágenes en validación: 10000

Clases: ['airplane', 'automobile', 'bird', 'cat', 'deer', 'dog', 'frog', 'horse', 'ship', 'truck']
[0, 2.3054087162017822, 2.3041906356811523, 0.10000000149011612, 0.1, 0.01818181818181818, '00:25']
[1, 2.3031136989593506, 2.3030030727386475, 0.10000000149011612, 0.1, 0.01818181818181818, '00:25']
[2, 2.3034071922302246, 2.302727460861206, 0.10000000149011612, 0.1, 0.01818181818181818, '00:25']
[3, 2.3032302856445312, 2.3031160831451416, 0.10000000149011612, 0.1, 0.01818181818181818, '00:25']
[4, 2.30330228805542, 2.302611827850342, 0.10000000149011612, 0.1, 0.01818181818181818, '00:25']
[5, 2.302149534225464, 2.2982177734375, 0.1446000039577484, 0.1446, 0.06142388580665248, '00:25']
[6, 2.18802809715271, 2.2111752033233643, 0.16220000386238098, 0.16219999999999998, 0.10748214428091377, '00:24']
[7, 2.127103090286255, 2.192991018295288, 0.19009999930858612, 0.19010000000000002, 0.15968919985150337, '00:26']
[8, 2.099008560180664, 2.1611132621765137, 0.19930000603199005, 0.19930000000000003, 0.17519269129696188, '00:28']
[9, 2.0594048500061035, 2.129612922668457, 0.21739999949932098, 0.21739999999999998, 0.19627143957185483, '00:25']
[10, 2.0229547023773193, 2.093534469604492, 0.23430000245571136, 0.2343, 0.21960373616525297, '00:25']
[11, 2.0135886669158936, 2.0995752811431885, 0.2434999942779541, 0.24349999999999997, 0.2207878430926226, '00:26']
[12, 1.9800779819488525, 2.0684375762939453, 0.2556000053882599, 0.2556, 0.23570719150247124, '00:25']
[13, 1.9538986682891846, 2.0596377849578857, 0.2484000027179718, 0.2484, 0.23829740391136758, '00:25']
[14, 1.9447704553604126, 2.0403475761413574, 0.2563000023365021, 0.25630000000000003, 0.24561607398318483, '00:25']
[15, 1.9270131587982178, 2.040717840194702, 0.26019999384880066, 0.2602, 0.24767446312683356, '00:25']
[16, 1.9071818590164185, 2.02476167678833, 0.27079999446868896, 0.27080000000000004, 0.2568586745473361, '00:25']
[17, 1.9192463159561157, 2.0170352458953857, 0.27160000801086426, 0.2716, 0.26270191850918206, '00:26']
[18, 1.9163970947265625, 2.0072433948516846, 0.2782999873161316, 0.2783, 0.26755588566678734, '00:25']
[19, 1.8968158960342407, 2.0013070106506348, 0.27649998664855957, 0.2765, 0.26879096723672846, '00:25']
[20, 1.8823262453079224, 2.001392364501953, 0.2750000059604645, 0.275, 0.26708712478976576, '00:25']
[21, 1.8865593671798706, 1.995574951171875, 0.2782999873161316, 0.27830000000000005, 0.2693688382224889, '00:25']
[22, 1.8751391172409058, 1.995779275894165, 0.2777999937534332, 0.2778, 0.2672755760811819, '00:25']
[23, 1.8642069101333618, 1.9963250160217285, 0.274399995803833, 0.2744, 0.2670406495879224, '00:25']
[24, 1.8724802732467651, 1.990304708480835, 0.2799000144004822, 0.2799, 0.2709150800921751, '00:25']
[25, 1.8655595779418945, 1.9925750494003296, 0.2773999869823456, 0.2774, 0.26947781258299136, '00:25']
[26, 1.857795238494873, 1.9912632703781128, 0.2768999934196472, 0.27690000000000003, 0.2699027449646304, '00:25']
[27, 1.861676812171936, 1.9895286560058594, 0.2782999873161316, 0.27830000000000005, 0.2705562630550747, '00:25']
[28, 1.8533776998519897, 1.9891382455825806, 0.27900001406669617, 0.279, 0.2710362614496854, '00:27']
[29, 1.857334017753601, 1.9892348051071167, 0.2782999873161316, 0.2783, 0.270378334810336, '00:26']

Tiempo de entrenamiento: 770.75 segundos
/mnt/homeGPU/haoweihu/TFG/lib/python3.10/site-packages/fastai/learner.py:455: UserWarning: load_learner` uses Python's insecure pickle module, which can execute malicious arbitrary code when loading. Only load files you trust.
If you only need to load model weights and optimizer state, use the safe `Learner.load` instead.
  warn("load_learner` uses Python's insecure pickle module, which can execute malicious arbitrary code when loading. Only load files you trust.\nIf you only need to load model weights and optimizer state, use the safe `Learner.load` instead.")
Loss: 1.9892
Accuracy: 0.2783
Recall: 0.2783
F1-Score: 0.2704
Loss: 1.989007592201233
Accuracy: 0.2868589758872986
Recall (macro): 0.28688549575261635
F1 Score (macro): 0.27936398162556797

---------------------------------------------------------------------------
Ejecutando: cifar10_dist1_quand3_ex3
---------------------------------------------------------------------------

Número total de imágenes en entrenamiento: 9000
Número total de imágenes en validación: 10000

Clases: ['airplane', 'automobile', 'bird', 'cat', 'deer', 'dog', 'frog', 'horse', 'ship', 'truck']
[0, 2.303304433822632, 2.303394079208374, 0.10000000149011612, 0.1, 0.01818181818181818, '00:25']
[1, 2.303393602371216, 2.302748203277588, 0.10000000149011612, 0.1, 0.01818181818181818, '00:26']
[2, 2.3032867908477783, 2.3026909828186035, 0.10000000149011612, 0.1, 0.01818181818181818, '00:25']
[3, 2.303267478942871, 2.302610158920288, 0.10000000149011612, 0.1, 0.018183471224656786, '00:25']
[4, 2.3032658100128174, 2.302597761154175, 0.10000000149011612, 0.1, 0.01818181818181818, '00:25']
[5, 2.303344964981079, 2.30265212059021, 0.10000000149011612, 0.1, 0.01818181818181818, '00:25']
[6, 2.3033716678619385, 2.3026182651519775, 0.10000000149011612, 0.1, 0.01818181818181818, '00:25']
[7, 2.303251028060913, 2.302626609802246, 0.10000000149011612, 0.1, 0.01818181818181818, '00:26']
[8, 2.3032166957855225, 2.302617073059082, 0.10000000149011612, 0.1, 0.01818181818181818, '00:25']
[9, 2.3032386302948, 2.302608013153076, 0.10000000149011612, 0.1, 0.01818181818181818, '00:25']
No improvement since epoch 4: early stopping

Tiempo de entrenamiento: 257.39 segundos
/mnt/homeGPU/haoweihu/TFG/lib/python3.10/site-packages/fastai/learner.py:455: UserWarning: load_learner` uses Python's insecure pickle module, which can execute malicious arbitrary code when loading. Only load files you trust.
If you only need to load model weights and optimizer state, use the safe `Learner.load` instead.
  warn("load_learner` uses Python's insecure pickle module, which can execute malicious arbitrary code when loading. Only load files you trust.\nIf you only need to load model weights and optimizer state, use the safe `Learner.load` instead.")
Loss: 2.3026
Accuracy: 0.1000
Recall: 0.1000
F1-Score: 0.0182
Loss: 2.302607774734497
Accuracy: 0.09995993226766586
Recall (macro): 0.1
F1 Score (macro): 0.01817519577490439

---------------------------------------------------------------------------
Ejecutando: cifar10_dist5_quand3_ex1
---------------------------------------------------------------------------

Número total de imágenes en entrenamiento: 8200
Número total de imágenes en validación: 10000

Clases: ['airplane', 'automobile', 'bird', 'cat', 'deer', 'dog', 'frog', 'horse', 'ship', 'truck']
[0, 2.305304765701294, 2.3052120208740234, 0.10000000149011612, 0.1, 0.01818181818181818, '00:24']
[1, 2.304119825363159, 2.3036880493164062, 0.10000000149011612, 0.1, 0.01818181818181818, '00:24']
[2, 2.3035590648651123, 2.303004264831543, 0.10000000149011612, 0.1, 0.01818181818181818, '00:24']
[3, 2.3035519123077393, 2.3027443885803223, 0.10000000149011612, 0.1, 0.01818181818181818, '00:24']
[4, 2.3035013675689697, 2.302809000015259, 0.10000000149011612, 0.1, 0.01818181818181818, '00:24']
[5, 2.303589344024658, 2.302772283554077, 0.10000000149011612, 0.1, 0.01818181818181818, '00:25']
[6, 2.3034071922302246, 2.3024442195892334, 0.13349999487400055, 0.1335, 0.04432601832720122, '00:24']
[7, 2.2770650386810303, 2.234689474105835, 0.15839999914169312, 0.1584, 0.10214141711808042, '00:24']
[8, 2.2141880989074707, 2.1998488903045654, 0.18320000171661377, 0.1832, 0.10805420821177511, '00:24']
[9, 2.185938835144043, 2.179276943206787, 0.19830000400543213, 0.1983, 0.14414808690330486, '00:25']
[10, 2.1593945026397705, 2.1556055545806885, 0.20399999618530273, 0.20400000000000001, 0.14235852670069696, '00:26']
[11, 2.135640859603882, 2.126585006713867, 0.23270000517368317, 0.2327, 0.20563330312915498, '00:29']
[12, 2.1111273765563965, 2.1146090030670166, 0.22939999401569366, 0.22939999999999997, 0.20950014689466503, '00:24']
[13, 2.0846376419067383, 2.0962631702423096, 0.2476000040769577, 0.24760000000000004, 0.2302957459622575, '00:24']
[14, 2.079805374145508, 2.095838785171509, 0.23849999904632568, 0.2385, 0.2269145744093594, '00:24']
[15, 2.0776257514953613, 2.0838963985443115, 0.2483000010251999, 0.24830000000000002, 0.23412300847379566, '00:24']
[16, 2.0649054050445557, 2.0834124088287354, 0.24889999628067017, 0.24889999999999998, 0.23077910266334167, '00:25']
[17, 2.0550718307495117, 2.071650743484497, 0.25540000200271606, 0.2554, 0.23419580398402876, '00:26']
[18, 2.0583274364471436, 2.0695385932922363, 0.2538999915122986, 0.25389999999999996, 0.2350520562790548, '00:24']
[19, 2.054102659225464, 2.073467493057251, 0.25220000743865967, 0.25220000000000004, 0.2370334026162632, '00:24']
[20, 2.041144371032715, 2.0715863704681396, 0.25440001487731934, 0.25439999999999996, 0.23213731569442242, '00:24']
[21, 2.043398857116699, 2.0611605644226074, 0.2624000012874603, 0.26239999999999997, 0.24641850871819485, '00:24']
[22, 2.0293784141540527, 2.058206796646118, 0.26249998807907104, 0.2625, 0.24526657413774994, '00:24']
[23, 2.035644054412842, 2.055593252182007, 0.2662000060081482, 0.26620000000000005, 0.2497826917076594, '00:24']
[24, 2.03021502494812, 2.0542712211608887, 0.26570001244544983, 0.2657, 0.25042237944720613, '00:26']
[25, 2.025599718093872, 2.0541982650756836, 0.26600000262260437, 0.266, 0.2520809352451211, '00:24']
[26, 2.031919479370117, 2.0529723167419434, 0.26840001344680786, 0.2684, 0.2549509506496116, '00:24']
[27, 2.0299787521362305, 2.0528526306152344, 0.2671000063419342, 0.2671, 0.25307374332087124, '00:24']
[28, 2.0266804695129395, 2.0526785850524902, 0.26750001311302185, 0.2675, 0.25386854041753326, '00:24']
[29, 2.0297415256500244, 2.0526530742645264, 0.26750001311302185, 0.2675, 0.2538116446692849, '00:24']

Tiempo de entrenamiento: 750.66 segundos
/mnt/homeGPU/haoweihu/TFG/lib/python3.10/site-packages/fastai/learner.py:455: UserWarning: load_learner` uses Python's insecure pickle module, which can execute malicious arbitrary code when loading. Only load files you trust.
If you only need to load model weights and optimizer state, use the safe `Learner.load` instead.
  warn("load_learner` uses Python's insecure pickle module, which can execute malicious arbitrary code when loading. Only load files you trust.\nIf you only need to load model weights and optimizer state, use the safe `Learner.load` instead.")
Loss: 2.0527
Accuracy: 0.2675
Recall: 0.2675
F1-Score: 0.2538
Loss: 2.059643507003784
Accuracy: 0.26121795177459717
Recall (macro): 0.2611446385140684
F1 Score (macro): 0.2462797765499344

---------------------------------------------------------------------------
Ejecutando: cifar10_dist5_quand3_ex2
---------------------------------------------------------------------------

Número total de imágenes en entrenamiento: 8200
Número total de imágenes en validación: 10000

Clases: ['airplane', 'automobile', 'bird', 'cat', 'deer', 'dog', 'frog', 'horse', 'ship', 'truck']
[0, 2.3038628101348877, 2.303537607192993, 0.10000000149011612, 0.1, 0.01818181818181818, '00:24']
[1, 2.3033316135406494, 2.302875518798828, 0.10000000149011612, 0.1, 0.01818181818181818, '00:24']
[2, 2.303147792816162, 2.3026375770568848, 0.10000000149011612, 0.1, 0.01818181818181818, '00:24']
[3, 2.303292989730835, 2.3027377128601074, 0.10000000149011612, 0.1, 0.01818181818181818, '00:26']
[4, 2.3032925128936768, 2.3026387691497803, 0.10000000149011612, 0.1, 0.01818181818181818, '00:24']
[5, 2.30317759513855, 2.3027634620666504, 0.10000000149011612, 0.1, 0.01818181818181818, '00:24']
[6, 2.3034870624542236, 2.302699089050293, 0.10000000149011612, 0.1, 0.01818181818181818, '00:24']
[7, 2.303396224975586, 2.302612066268921, 0.10000000149011612, 0.1, 0.01818181818181818, '00:24']
[8, 2.303319215774536, 2.3026041984558105, 0.10000000149011612, 0.1, 0.01818181818181818, '00:25']
[9, 2.3032116889953613, 2.3026134967803955, 0.10000000149011612, 0.1, 0.01818181818181818, '00:24']
[10, 2.3031811714172363, 2.302616834640503, 0.10000000149011612, 0.1, 0.01818181818181818, '00:24']
[11, 2.3031435012817383, 2.302617311477661, 0.10000000149011612, 0.1, 0.01818181818181818, '00:24']
[12, 2.3030295372009277, 2.302563190460205, 0.10000000149011612, 0.1, 0.01818181818181818, '00:26']
[13, 2.2986247539520264, 2.286132335662842, 0.1468999981880188, 0.14689999999999998, 0.0491723234935982, '00:24']
[14, 2.232935667037964, 2.208988904953003, 0.1808999925851822, 0.1809, 0.1479097302683122, '00:25']
[15, 2.195265054702759, 2.189714193344116, 0.19349999725818634, 0.1935, 0.1545075677792393, '00:25']
[16, 2.1788699626922607, 2.1762068271636963, 0.19460000097751617, 0.1946, 0.15334073213025695, '00:24']
[17, 2.1624324321746826, 2.158109426498413, 0.2142000049352646, 0.2142, 0.18551731681017905, '00:24']
[18, 2.156160593032837, 2.146453380584717, 0.21950000524520874, 0.21950000000000003, 0.1940858066931205, '00:24']
[19, 2.1362242698669434, 2.134126901626587, 0.22130000591278076, 0.2213, 0.19727066630633666, '00:24']
[20, 2.1199655532836914, 2.1302719116210938, 0.22130000591278076, 0.2213, 0.19246547178649823, '00:25']
[21, 2.120103120803833, 2.125014305114746, 0.22120000422000885, 0.22119999999999998, 0.20466925148745352, '00:24']
[22, 2.1191020011901855, 2.1247761249542236, 0.2231999933719635, 0.2232, 0.2078224266290712, '00:24']
[23, 2.109046220779419, 2.1229262351989746, 0.22139999270439148, 0.22139999999999999, 0.20699284706796428, '00:24']
[24, 2.094254970550537, 2.1175639629364014, 0.22419999539852142, 0.2242, 0.2064122662695158, '00:25']
[25, 2.1034624576568604, 2.116926431655884, 0.2232999950647354, 0.2233, 0.20589494213007287, '00:24']
[26, 2.0968196392059326, 2.1166787147521973, 0.2240000069141388, 0.22400000000000003, 0.20808490950558106, '00:24']
[27, 2.1037075519561768, 2.1163389682769775, 0.22349999845027924, 0.22350000000000003, 0.2074843240360554, '00:24']
[28, 2.101378917694092, 2.116380453109741, 0.22390000522136688, 0.2239, 0.20814760774693988, '00:24']
[29, 2.096587657928467, 2.1162776947021484, 0.22370000183582306, 0.2237, 0.207945372389072, '00:24']

Tiempo de entrenamiento: 746.81 segundos
/mnt/homeGPU/haoweihu/TFG/lib/python3.10/site-packages/fastai/learner.py:455: UserWarning: load_learner` uses Python's insecure pickle module, which can execute malicious arbitrary code when loading. Only load files you trust.
If you only need to load model weights and optimizer state, use the safe `Learner.load` instead.
  warn("load_learner` uses Python's insecure pickle module, which can execute malicious arbitrary code when loading. Only load files you trust.\nIf you only need to load model weights and optimizer state, use the safe `Learner.load` instead.")
Loss: 2.1163
Accuracy: 0.2237
Recall: 0.2237
F1-Score: 0.2079
Loss: 2.1210649013519287
Accuracy: 0.22345753014087677
Recall (macro): 0.22356046404086252
F1 Score (macro): 0.20798741711970065

---------------------------------------------------------------------------
Ejecutando: cifar10_dist5_quand3_ex3
---------------------------------------------------------------------------

Número total de imágenes en entrenamiento: 8200
Número total de imágenes en validación: 10000

Clases: ['airplane', 'automobile', 'bird', 'cat', 'deer', 'dog', 'frog', 'horse', 'ship', 'truck']
[0, 2.3046228885650635, 2.3037495613098145, 0.10000000149011612, 0.1, 0.01818181818181818, '00:26']
[1, 2.303267240524292, 2.303208112716675, 0.10000000149011612, 0.1, 0.01818181818181818, '00:25']
[2, 2.3037335872650146, 2.3027541637420654, 0.10000000149011612, 0.1, 0.01818181818181818, '00:25']
[3, 2.303351402282715, 2.3027052879333496, 0.10000000149011612, 0.1, 0.01818181818181818, '00:24']
[4, 2.303159713745117, 2.3026938438415527, 0.10000000149011612, 0.1, 0.01818181818181818, '00:24']
[5, 2.303386926651001, 2.302614450454712, 0.10000000149011612, 0.1, 0.01818181818181818, '00:24']
[6, 2.301581621170044, 2.2951552867889404, 0.1316000074148178, 0.1316, 0.04602332575726396, '00:24']
[7, 2.2342379093170166, 2.2170562744140625, 0.18170000612735748, 0.1817, 0.15468978961214097, '00:24']
[8, 2.1839728355407715, 2.1818063259124756, 0.19140000641345978, 0.1914, 0.14552203374812728, '00:24']
[9, 2.158454418182373, 2.1639840602874756, 0.20010000467300415, 0.2001, 0.17504288185810438, '00:24']
[10, 2.1340785026550293, 2.1517252922058105, 0.21299999952316284, 0.213, 0.1928693179969711, '00:25']
[11, 2.1301376819610596, 2.1395041942596436, 0.21610000729560852, 0.21609999999999996, 0.18981387208856582, '00:25']
[12, 2.102036952972412, 2.1217987537384033, 0.22859999537467957, 0.2286, 0.21394668494565736, '00:26']
[13, 2.086555242538452, 2.108433485031128, 0.2272000014781952, 0.2272, 0.20476355788436437, '00:25']
[14, 2.0771572589874268, 2.0946850776672363, 0.24320000410079956, 0.2432, 0.22579307398527884, '00:26']
[15, 2.0659615993499756, 2.09207820892334, 0.23819999396800995, 0.23820000000000002, 0.22457131198677632, '00:24']
[16, 2.0634164810180664, 2.0849881172180176, 0.24549999833106995, 0.2455, 0.23615501828959654, '00:24']
[17, 2.0448317527770996, 2.0757360458374023, 0.25, 0.25, 0.23100228667725203, '00:24']
[18, 2.0493927001953125, 2.073136329650879, 0.2468000054359436, 0.2468, 0.23955111795586376, '00:24']
[19, 2.037431001663208, 2.062053680419922, 0.2556000053882599, 0.2556, 0.24107242369834245, '00:25']
[20, 2.0288474559783936, 2.0579590797424316, 0.25760000944137573, 0.2576, 0.2467736993474005, '00:25']
[21, 2.0250260829925537, 2.0566627979278564, 0.2567000091075897, 0.25670000000000004, 0.24365856153791493, '00:24']
[22, 2.0115387439727783, 2.0524463653564453, 0.258899986743927, 0.2589, 0.24633013926408576, '00:24']
[23, 2.023374319076538, 2.049896478652954, 0.2605000138282776, 0.26050000000000006, 0.2485778488025741, '00:26']
[24, 2.0146868228912354, 2.0482189655303955, 0.25920000672340393, 0.2592, 0.24863523777237, '00:24']
[25, 2.0131547451019287, 2.047330617904663, 0.2615000009536743, 0.2615, 0.24941342597164828, '00:24']
[26, 2.013852596282959, 2.0467076301574707, 0.2624000012874603, 0.2624, 0.250290376198757, '00:24']
[27, 2.017573833465576, 2.0464401245117188, 0.2623000144958496, 0.26230000000000003, 0.25124769130373015, '00:24']
[28, 2.0100152492523193, 2.0463409423828125, 0.26179999113082886, 0.26180000000000003, 0.2505206033462176, '00:24']
[29, 2.007279872894287, 2.0463321208953857, 0.2619999945163727, 0.262, 0.2507937040390668, '00:24']

Tiempo de entrenamiento: 751.58 segundos
/mnt/homeGPU/haoweihu/TFG/lib/python3.10/site-packages/fastai/learner.py:455: UserWarning: load_learner` uses Python's insecure pickle module, which can execute malicious arbitrary code when loading. Only load files you trust.
If you only need to load model weights and optimizer state, use the safe `Learner.load` instead.
  warn("load_learner` uses Python's insecure pickle module, which can execute malicious arbitrary code when loading. Only load files you trust.\nIf you only need to load model weights and optimizer state, use the safe `Learner.load` instead.")
Loss: 2.0463
Accuracy: 0.2620
Recall: 0.2620
F1-Score: 0.2508
Loss: 2.054807424545288
Accuracy: 0.2658253312110901
Recall (macro): 0.2658007023236729
F1 Score (macro): 0.2555927404547185

---------------------------------------------------------------------------
Ejecutando: cifar10_dist01_quand3_ex1
---------------------------------------------------------------------------

Número total de imágenes en entrenamiento: 18670
Número total de imágenes en validación: 10000

Clases: ['airplane', 'automobile', 'bird', 'cat', 'deer', 'dog', 'frog', 'horse', 'ship', 'truck']
[0, 2.304185390472412, 2.303438186645508, 0.10000000149011612, 0.1, 0.01818181818181818, '00:39']
[1, 2.303321361541748, 2.3026366233825684, 0.10000000149011612, 0.1, 0.01818181818181818, '00:37']
[2, 2.3034424781799316, 2.302853584289551, 0.10000000149011612, 0.1, 0.01818181818181818, '00:39']
[3, 2.303062677383423, 2.3028030395507812, 0.10000000149011612, 0.1, 0.01818181818181818, '00:38']
[4, 2.30324387550354, 2.3026981353759766, 0.10000000149011612, 0.1, 0.01818181818181818, '00:38']
[5, 2.1855361461639404, 2.23260760307312, 0.17550000548362732, 0.17550000000000004, 0.11421268672206919, '00:38']
[6, 2.1064798831939697, 2.1865344047546387, 0.1996999979019165, 0.19970000000000002, 0.15351708907910375, '00:39']
[7, 2.037611961364746, 2.145315408706665, 0.22339999675750732, 0.2234, 0.20232210150838287, '00:38']
[8, 1.9921841621398926, 2.129322052001953, 0.23119999468326569, 0.23120000000000002, 0.2096496799682396, '00:38']
[9, 1.992505669593811, 2.1072192192077637, 0.23929999768733978, 0.23929999999999998, 0.23170699535550082, '00:39']
[10, 1.9640543460845947, 2.082792282104492, 0.2531999945640564, 0.2532, 0.2337318653211844, '00:38']
[11, 1.962511420249939, 2.063920021057129, 0.2540000081062317, 0.254, 0.23967396973892724, '00:38']
[12, 1.9508002996444702, 2.068817615509033, 0.2615000009536743, 0.2615, 0.2506820079181939, '00:38']
[13, 1.928395390510559, 2.0429205894470215, 0.2743000090122223, 0.2743, 0.26768354075263356, '00:38']
[14, 1.9110461473464966, 2.036313533782959, 0.2720000147819519, 0.27199999999999996, 0.2649554040765585, '00:38']
[15, 1.8971738815307617, 2.031198501586914, 0.2793999910354614, 0.2794, 0.2723898529610628, '00:38']
[16, 1.8853517770767212, 2.0292088985443115, 0.2833000123500824, 0.2833, 0.27412180847882706, '00:42']
[17, 1.8842499256134033, 2.0184082984924316, 0.2745000123977661, 0.2745, 0.2676522600702034, '00:39']
[18, 1.8654224872589111, 2.017916202545166, 0.28119999170303345, 0.2812, 0.2758140440278226, '00:39']
[19, 1.871228814125061, 2.0048513412475586, 0.2840999960899353, 0.28409999999999996, 0.28166363412802525, '00:38']
[20, 1.8658713102340698, 2.004443645477295, 0.28119999170303345, 0.2812, 0.2783052111210346, '00:38']
[21, 1.8693045377731323, 1.9994972944259644, 0.2865999937057495, 0.28659999999999997, 0.2823988498234945, '00:38']
[22, 1.8545643091201782, 1.9987719058990479, 0.2870999872684479, 0.2871, 0.28245093676604577, '00:39']
[23, 1.8667583465576172, 2.0023062229156494, 0.2842000126838684, 0.28419999999999995, 0.28223347004270827, '00:38']
[24, 1.8382354974746704, 1.9951138496398926, 0.2897000014781952, 0.28969999999999996, 0.28562131024593995, '00:40']
[25, 1.8359992504119873, 1.9974181652069092, 0.2858999967575073, 0.2859, 0.2827412300313764, '00:38']
[26, 1.8570945262908936, 1.9915900230407715, 0.29019999504089355, 0.2902, 0.28521412396986523, '00:38']
[27, 1.847845435142517, 1.990508794784546, 0.2915000021457672, 0.2915, 0.28754519068547135, '00:38']
[28, 1.8634034395217896, 1.9920812845230103, 0.2897000014781952, 0.2897, 0.2858445999627135, '00:38']
[29, 1.8440477848052979, 1.9916400909423828, 0.2903999984264374, 0.29039999999999994, 0.28663618783553224, '00:39']

Tiempo de entrenamiento: 1165.94 segundos
/mnt/homeGPU/haoweihu/TFG/lib/python3.10/site-packages/fastai/learner.py:455: UserWarning: load_learner` uses Python's insecure pickle module, which can execute malicious arbitrary code when loading. Only load files you trust.
If you only need to load model weights and optimizer state, use the safe `Learner.load` instead.
  warn("load_learner` uses Python's insecure pickle module, which can execute malicious arbitrary code when loading. Only load files you trust.\nIf you only need to load model weights and optimizer state, use the safe `Learner.load` instead.")
Loss: 1.9916
Accuracy: 0.2904
Recall: 0.2904
F1-Score: 0.2866
Loss: 2.0140888690948486
Accuracy: 0.2862580120563507
Recall (macro): 0.2862361054758609
F1 Score (macro): 0.28258292022648945

---------------------------------------------------------------------------
Ejecutando: cifar10_dist01_quand3_ex2
---------------------------------------------------------------------------

Número total de imágenes en entrenamiento: 18670
Número total de imágenes en validación: 10000

Clases: ['airplane', 'automobile', 'bird', 'cat', 'deer', 'dog', 'frog', 'horse', 'ship', 'truck']
[0, 2.303457498550415, 2.3035101890563965, 0.10000000149011612, 0.1, 0.01818181818181818, '00:40']
[1, 2.303250551223755, 2.3028266429901123, 0.10000000149011612, 0.1, 0.01818181818181818, '00:38']
[2, 2.302978754043579, 2.3027000427246094, 0.10000000149011612, 0.1, 0.01818181818181818, '00:38']
[3, 2.3033227920532227, 2.302675724029541, 0.10000000149011612, 0.1, 0.01818181818181818, '00:38']
[4, 2.303086280822754, 2.3027024269104004, 0.10000000149011612, 0.1, 0.01818181818181818, '00:37']
[5, 2.303316116333008, 2.3027803897857666, 0.10000000149011612, 0.1, 0.01818181818181818, '00:38']
[6, 2.3032991886138916, 2.3027608394622803, 0.10000000149011612, 0.1, 0.01818181818181818, '00:39']
[7, 2.303067922592163, 2.3026368618011475, 0.10000000149011612, 0.1, 0.01818181818181818, '00:38']
[8, 2.3029932975769043, 2.302671194076538, 0.10000000149011612, 0.1, 0.01818181818181818, '00:38']
[9, 2.3030636310577393, 2.302717685699463, 0.10000000149011612, 0.1, 0.01818181818181818, '00:38']
[10, 2.30325984954834, 2.3026840686798096, 0.10000000149011612, 0.1, 0.01818181818181818, '00:37']
[11, 2.303096294403076, 2.3026199340820312, 0.10000000149011612, 0.1, 0.01818181818181818, '00:38']
[12, 2.302865982055664, 2.3026351928710938, 0.10000000149011612, 0.1, 0.01818181818181818, '00:39']
[13, 2.3029534816741943, 2.3026137351989746, 0.10000000149011612, 0.1, 0.01818181818181818, '00:39']
[14, 2.3028926849365234, 2.3026249408721924, 0.10000000149011612, 0.1, 0.01818181818181818, '00:39']
[15, 2.3029510974884033, 2.3026177883148193, 0.10000000149011612, 0.1, 0.01818181818181818, '00:38']
[16, 2.3029539585113525, 2.3025965690612793, 0.10000000149011612, 0.1, 0.01818181818181818, '00:38']
[17, 2.3027913570404053, 2.3026180267333984, 0.10000000149011612, 0.1, 0.01818181818181818, '00:38']
[18, 2.3028557300567627, 2.3025870323181152, 0.10000000149011612, 0.1, 0.01818181818181818, '00:38']
[19, 2.302753448486328, 2.3025858402252197, 0.10000000149011612, 0.1, 0.01818181818181818, '00:38']
[20, 2.3028085231781006, 2.302588939666748, 0.10000000149011612, 0.1, 0.01818181818181818, '00:38']
[21, 2.302716016769409, 2.3025870323181152, 0.10000000149011612, 0.1, 0.01818181818181818, '00:39']
[22, 2.302729845046997, 2.3025870323181152, 0.10000000149011612, 0.1, 0.01818181818181818, '00:45']
[23, 2.302673101425171, 2.3025875091552734, 0.10000000149011612, 0.1, 0.01818181818181818, '00:38']
[24, 2.302703380584717, 2.302588939666748, 0.10000000149011612, 0.1, 0.01818181818181818, '00:36']
No improvement since epoch 19: early stopping

Tiempo de entrenamiento: 970.13 segundos
/mnt/homeGPU/haoweihu/TFG/lib/python3.10/site-packages/fastai/learner.py:455: UserWarning: load_learner` uses Python's insecure pickle module, which can execute malicious arbitrary code when loading. Only load files you trust.
If you only need to load model weights and optimizer state, use the safe `Learner.load` instead.
  warn("load_learner` uses Python's insecure pickle module, which can execute malicious arbitrary code when loading. Only load files you trust.\nIf you only need to load model weights and optimizer state, use the safe `Learner.load` instead.")
Loss: 2.3026
Accuracy: 0.1000
Recall: 0.1000
F1-Score: 0.0182
Loss: 2.302586317062378
Accuracy: 0.09995993226766586
Recall (macro): 0.1
F1 Score (macro): 0.01817519577490439

---------------------------------------------------------------------------
Ejecutando: cifar10_dist01_quand3_ex3
---------------------------------------------------------------------------

Número total de imágenes en entrenamiento: 18670
Número total de imágenes en validación: 10000

Clases: ['airplane', 'automobile', 'bird', 'cat', 'deer', 'dog', 'frog', 'horse', 'ship', 'truck']
[0, 2.303818464279175, 2.3033576011657715, 0.10000000149011612, 0.1, 0.01818181818181818, '00:48']
[1, 2.3027594089508057, 2.302736282348633, 0.10000000149011612, 0.1, 0.01818181818181818, '00:37']
[2, 2.3031351566314697, 2.302698850631714, 0.10000000149011612, 0.1, 0.01818181818181818, '00:36']
[3, 2.301854372024536, 2.3006153106689453, 0.1062999963760376, 0.10629999999999999, 0.03067823867056846, '00:36']
[4, 2.126100540161133, 2.1999104022979736, 0.18860000371932983, 0.18860000000000002, 0.16026893831290107, '00:36']
[5, 2.028134822845459, 2.1584534645080566, 0.219200000166893, 0.2192, 0.20217888980163878, '00:37']
[6, 1.99698007106781, 2.1205971240997314, 0.23399999737739563, 0.23400000000000004, 0.21767832341373533, '00:35']
[7, 1.9691952466964722, 2.0786705017089844, 0.25609999895095825, 0.25610000000000005, 0.24726079886394134, '00:36']
[8, 1.9261212348937988, 2.0661122798919678, 0.2549000084400177, 0.2549, 0.23767309639551432, '00:36']
[9, 1.901549220085144, 2.0326991081237793, 0.2759999930858612, 0.2759999999999999, 0.2653464569251035, '00:37']
[10, 1.8889214992523193, 2.0306081771850586, 0.2754000127315521, 0.2754, 0.2616263855150529, '00:36']
[11, 1.8610283136367798, 1.9989687204360962, 0.2824000120162964, 0.28240000000000004, 0.2764923301147698, '00:36']
[12, 1.8622418642044067, 2.039482355117798, 0.27070000767707825, 0.27070000000000005, 0.2592740817306562, '00:36']
[13, 1.836128830909729, 1.9752665758132935, 0.2964000105857849, 0.2964, 0.29597501093689066, '00:36']
[14, 1.8198580741882324, 1.9820208549499512, 0.29739999771118164, 0.2974, 0.28834355526965616, '00:37']
[15, 1.8071696758270264, 1.9446457624435425, 0.31119999289512634, 0.31120000000000003, 0.305356959078965, '00:36']
[16, 1.7836318016052246, 1.9643055200576782, 0.31130000948905945, 0.31129999999999997, 0.3066827972464028, '00:37']
[17, 1.7912843227386475, 1.951920509338379, 0.3082999885082245, 0.3083, 0.30536832997724195, '00:36']
[18, 1.7918720245361328, 1.940103530883789, 0.3122999966144562, 0.3123, 0.30867840779856853, '00:36']
[19, 1.772849202156067, 1.9504972696304321, 0.3163999915122986, 0.3164, 0.31220938791287056, '00:36']
[20, 1.7754219770431519, 1.9459517002105713, 0.310699999332428, 0.31070000000000003, 0.30797585468086314, '00:36']
[21, 1.7602814435958862, 1.9299546480178833, 0.3156999945640564, 0.3157, 0.30825453931577673, '00:35']
[22, 1.753831148147583, 1.9259529113769531, 0.3237000107765198, 0.3237, 0.31703198801718074, '00:36']
[23, 1.7528632879257202, 1.9289861917495728, 0.3215999901294708, 0.3216, 0.3169394968478464, '00:37']
[24, 1.7405134439468384, 1.9310954809188843, 0.3197999894618988, 0.3198, 0.31672543669788084, '00:37']
[25, 1.751021146774292, 1.9247220754623413, 0.32339999079704285, 0.3234, 0.3180243426058018, '00:36']
[26, 1.7417545318603516, 1.9270130395889282, 0.32120001316070557, 0.3212, 0.31692482399078065, '00:36']
[27, 1.7336374521255493, 1.92587149143219, 0.3221000134944916, 0.3221, 0.31701518320230226, '00:36']
[28, 1.7247217893600464, 1.9270286560058594, 0.3221000134944916, 0.3221, 0.3174910095645588, '00:36']
[29, 1.727393627166748, 1.9263089895248413, 0.32249999046325684, 0.3225, 0.3176091553378322, '00:36']

Tiempo de entrenamiento: 1110.05 segundos
/mnt/homeGPU/haoweihu/TFG/lib/python3.10/site-packages/fastai/learner.py:455: UserWarning: load_learner` uses Python's insecure pickle module, which can execute malicious arbitrary code when loading. Only load files you trust.
If you only need to load model weights and optimizer state, use the safe `Learner.load` instead.
  warn("load_learner` uses Python's insecure pickle module, which can execute malicious arbitrary code when loading. Only load files you trust.\nIf you only need to load model weights and optimizer state, use the safe `Learner.load` instead.")
Loss: 1.9263
Accuracy: 0.3225
Recall: 0.3225
F1-Score: 0.3176
Loss: 1.9296964406967163
Accuracy: 0.3205128312110901
Recall (macro): 0.32052967205162286
F1 Score (macro): 0.3163487886673268
mail: cannot send message: Process exited with a non-zero status
