---------------------------------------------------------------------------
Ejecutando: fmnist_dist1_quant2_ex1
---------------------------------------------------------------------------
Número total de imágenes en entrenamiento: 9558
Número total de imágenes en validación: 10800

Clases: ['Ankle boot', 'Bag', 'Coat', 'Dress', 'Pullover', 'Sandal', 'Shirt', 'Sneaker', 'Trouser']
[0, 2.300846815109253, 2.2953593730926514, 0.1111111119389534, 0.1111111111111111, 0.022222222222222223, '00:51']
[1, 2.247575521469116, 2.2168917655944824, 0.1111111119389534, 0.1111111111111111, 0.022222222222222223, '00:31']
[2, 2.204739809036255, 2.2020020484924316, 0.1111111119389534, 0.1111111111111111, 0.022222222222222223, '00:31']
[3, 2.2014501094818115, 2.201206922531128, 0.1111111119389534, 0.1111111111111111, 0.022222222222222223, '00:31']
[4, 2.2008540630340576, 2.1998484134674072, 0.1111111119389534, 0.1111111111111111, 0.022222222222222223, '00:30']
[5, 2.2007086277008057, 2.19954252243042, 0.1111111119389534, 0.1111111111111111, 0.022222222222222223, '00:30']
[6, 2.200101137161255, 2.195744037628174, 0.1111111119389534, 0.1111111111111111, 0.022222222222222223, '00:31']
[7, 1.7367700338363647, 1.3065533638000488, 0.4955555498600006, 0.4955555555555555, 0.42277546729441356, '00:30']
[8, 1.031398057937622, 0.9570299983024597, 0.5583333373069763, 0.5583333333333332, 0.5337073424323681, '00:23']
[9, 0.8631905913352966, 0.8872206807136536, 0.6082407236099243, 0.6082407407407407, 0.5806711169825746, '00:24']
[10, 0.8059746623039246, 0.8225428462028503, 0.6575000286102295, 0.6575000000000001, 0.6405870820212107, '00:22']
[11, 0.7646125555038452, 0.7825149893760681, 0.6652777791023254, 0.6652777777777777, 0.6515367354201279, '00:23']
[12, 0.7251043319702148, 0.7440860271453857, 0.6812037229537964, 0.6812037037037036, 0.6734763135812317, '00:22']
[13, 0.7187777161598206, 0.7257230877876282, 0.6989814639091492, 0.6989814814814815, 0.6905251157813961, '00:22']
[14, 0.7041400671005249, 0.7218195199966431, 0.7061111330986023, 0.7061111111111111, 0.6959858946182945, '00:23']
[15, 0.6881430745124817, 0.7163021564483643, 0.7035185098648071, 0.7035185185185185, 0.6944077311647175, '00:22']
[16, 0.6799340844154358, 0.6937438249588013, 0.7169444561004639, 0.7169444444444445, 0.7095831144095642, '00:24']
[17, 0.666725754737854, 0.6852307319641113, 0.7264814972877502, 0.7264814814814815, 0.7160093599133512, '00:23']
[18, 0.655834436416626, 0.700482189655304, 0.7100926041603088, 0.7100925925925926, 0.704923864587488, '00:23']
[19, 0.6555975079536438, 0.6811553239822388, 0.7197222113609314, 0.7197222222222223, 0.7121497069825776, '00:26']
[20, 0.6338629126548767, 0.6784586310386658, 0.7259259223937988, 0.7259259259259259, 0.7175191243128243, '00:23']
[21, 0.6253198981285095, 0.671066403388977, 0.7270370125770569, 0.727037037037037, 0.7165638434352007, '00:23']
[22, 0.6215018033981323, 0.6657176613807678, 0.7320370078086853, 0.732037037037037, 0.723156791965471, '00:22']
[23, 0.6168074607849121, 0.6614218354225159, 0.7294444441795349, 0.7294444444444443, 0.7229133111656761, '00:23']
[24, 0.6050898432731628, 0.664039134979248, 0.7300000190734863, 0.73, 0.7227922156251292, '00:23']
[25, 0.6177707314491272, 0.657564103603363, 0.7338888645172119, 0.7338888888888888, 0.7258113045810236, '00:23']
[26, 0.6021898984909058, 0.6566032767295837, 0.7355555295944214, 0.7355555555555555, 0.7254940309013911, '00:23']
[27, 0.6211071610450745, 0.6565796136856079, 0.7334259152412415, 0.7334259259259259, 0.72463046554152, '00:22']
[28, 0.6155027747154236, 0.6555674076080322, 0.7350925803184509, 0.7350925925925926, 0.7253066286828607, '00:23']
[29, 0.6041520237922668, 0.6554492115974426, 0.7354629635810852, 0.735462962962963, 0.7255471610639775, '00:24']

Tiempo de entrenamiento: 787.76 segundos
/mnt/homeGPU/haoweihu/TFG/lib/python3.10/site-packages/fastai/learner.py:455: UserWarning: load_learner` uses Python's insecure pickle module, which can execute malicious arbitrary code when loading. Only load files you trust.
If you only need to load model weights and optimizer state, use the safe `Learner.load` instead.
  warn("load_learner` uses Python's insecure pickle module, which can execute malicious arbitrary code when loading. Only load files you trust.\nIf you only need to load model weights and optimizer state, use the safe `Learner.load` instead.")
Loss: 0.6554
Accuracy: 0.7355
Recall: 0.7355
F1-Score: 0.7255
Loss: 6.264811038970947
Accuracy: 0.6584535241127014
Recall (macro): 0.6585552893758815
F1 Score (macro): 0.6317645114397014
---------------------------------------------------------------------------
Ejecutando: fmnist_dist1_quant2_ex2
---------------------------------------------------------------------------
Número total de imágenes en entrenamiento: 9558
Número total de imágenes en validación: 10800

Clases: ['Ankle boot', 'Bag', 'Coat', 'Dress', 'Pullover', 'Sandal', 'Shirt', 'Sneaker', 'Trouser']
[0, 2.3037166595458984, 2.2968029975891113, 0.1111111119389534, 0.1111111111111111, 0.022222222222222223, '00:22']
[1, 2.246462106704712, 2.2127134799957275, 0.1111111119389534, 0.1111111111111111, 0.022222222222222223, '00:22']
[2, 2.2041125297546387, 2.2011401653289795, 0.1111111119389534, 0.1111111111111111, 0.022222222222222223, '00:22']
[3, 2.202910900115967, 2.200305461883545, 0.1111111119389534, 0.1111111111111111, 0.022222222222222223, '00:22']
[4, 2.2020511627197266, 2.2043604850769043, 0.1111111119389534, 0.1111111111111111, 0.022222222222222223, '00:22']
[5, 2.200517416000366, 2.2011537551879883, 0.1111111119389534, 0.1111111111111111, 0.022222222222222223, '00:22']
[6, 2.1785128116607666, 2.109919309616089, 0.32435184717178345, 0.32435185185185184, 0.21416352845953002, '00:22']
[7, 1.077092170715332, 0.9391416311264038, 0.5962963104248047, 0.5962962962962963, 0.5693969740521083, '00:22']
[8, 0.8572494983673096, 0.824280858039856, 0.6666666865348816, 0.6666666666666666, 0.6260234177205654, '00:24']
[9, 0.7736467123031616, 0.7772455215454102, 0.7122222185134888, 0.7122222222222221, 0.6934347224572748, '00:22']
[10, 0.7464919686317444, 0.733720064163208, 0.7210184931755066, 0.7210185185185185, 0.7023508234802439, '00:22']
[11, 0.6913153529167175, 0.732164740562439, 0.7181481719017029, 0.7181481481481482, 0.709493108714333, '00:23']
[12, 0.689786970615387, 0.7180788516998291, 0.7225000262260437, 0.7225, 0.7152662085364958, '00:23']
[13, 0.6991507411003113, 0.7274547219276428, 0.7208333611488342, 0.7208333333333333, 0.7051067914472053, '00:22']
[14, 0.6683779954910278, 0.6794660091400146, 0.7385185360908508, 0.7385185185185186, 0.730585299558435, '00:23']
[15, 0.6515207290649414, 0.6708551049232483, 0.7412962913513184, 0.7412962962962962, 0.7304129612502923, '00:23']
[16, 0.6413587927818298, 0.6829795837402344, 0.7370370626449585, 0.7370370370370372, 0.7270413621263576, '00:23']
[17, 0.6328239440917969, 0.669612467288971, 0.7370370626449585, 0.7370370370370369, 0.7178815430072866, '00:24']
[18, 0.6319555044174194, 0.6798852682113647, 0.7367592453956604, 0.7367592592592593, 0.7200712440712416, '00:22']
[19, 0.6160789132118225, 0.6501650214195251, 0.7505555748939514, 0.7505555555555555, 0.7477843681924496, '00:23']
[20, 0.5938315391540527, 0.6429339647293091, 0.7472222447395325, 0.7472222222222222, 0.7353882256521609, '00:23']
[21, 0.5961983799934387, 0.6392976641654968, 0.7526851892471313, 0.7526851851851851, 0.7477530569535386, '00:23']
[22, 0.5997014045715332, 0.6315391063690186, 0.7529629468917847, 0.752962962962963, 0.750412538946379, '00:23']
[23, 0.5847434997558594, 0.6310444474220276, 0.7521296143531799, 0.7521296296296297, 0.7446832776512052, '00:23']
[24, 0.5823240876197815, 0.6321467757225037, 0.7516666650772095, 0.7516666666666666, 0.742827633198702, '00:23']
[25, 0.5964457988739014, 0.6274396181106567, 0.7535185217857361, 0.7535185185185185, 0.7488064637653831, '00:23']
[26, 0.5803955793380737, 0.6259018778800964, 0.7560185194015503, 0.7560185185185184, 0.7506784845744641, '00:23']
[27, 0.5874190330505371, 0.6250798106193542, 0.7535185217857361, 0.7535185185185186, 0.7485693768371303, '00:23']
[28, 0.5840163826942444, 0.6249182224273682, 0.7540740966796875, 0.7540740740740741, 0.7487393407813794, '00:23']
[29, 0.5856499075889587, 0.6249549984931946, 0.7537037134170532, 0.7537037037037038, 0.7485056412902771, '00:22']

Tiempo de entrenamiento: 695.64 segundos
/mnt/homeGPU/haoweihu/TFG/lib/python3.10/site-packages/fastai/learner.py:455: UserWarning: load_learner` uses Python's insecure pickle module, which can execute malicious arbitrary code when loading. Only load files you trust.
If you only need to load model weights and optimizer state, use the safe `Learner.load` instead.
  warn("load_learner` uses Python's insecure pickle module, which can execute malicious arbitrary code when loading. Only load files you trust.\nIf you only need to load model weights and optimizer state, use the safe `Learner.load` instead.")
Loss: 0.6250
Accuracy: 0.7537
Recall: 0.7537
F1-Score: 0.7485
Loss: 3.852854013442993
Accuracy: 0.6746794581413269
Recall (macro): 0.674775898154716
F1 Score (macro): 0.6488463081770424
---------------------------------------------------------------------------
Ejecutando: fmnist_dist1_quant2_ex3
---------------------------------------------------------------------------
Número total de imágenes en entrenamiento: 9558
Número total de imágenes en validación: 10800

Clases: ['Ankle boot', 'Bag', 'Coat', 'Dress', 'Pullover', 'Sandal', 'Shirt', 'Sneaker', 'Trouser']
[0, 2.2902309894561768, 2.285431385040283, 0.1111111119389534, 0.1111111111111111, 0.022222222222222223, '00:24']
[1, 2.238239288330078, 2.2140583992004395, 0.1111111119389534, 0.1111111111111111, 0.022222222222222223, '00:23']
[2, 2.2039098739624023, 2.199878454208374, 0.1111111119389534, 0.1111111111111111, 0.022222222222222223, '00:23']
[3, 2.2018439769744873, 2.200740337371826, 0.1111111119389534, 0.1111111111111111, 0.022222222222222223, '00:23']
[4, 2.201171636581421, 2.201829671859741, 0.1111111119389534, 0.1111111111111111, 0.022222222222222223, '00:22']
[5, 2.1992597579956055, 2.196474552154541, 0.1111111119389534, 0.1111111111111111, 0.022222222222222223, '00:22']
[6, 1.9399608373641968, 1.4534207582473755, 0.41527777910232544, 0.41527777777777775, 0.3339262408984227, '00:23']
[7, 1.0293855667114258, 0.9254995584487915, 0.6264814734458923, 0.6264814814814815, 0.6036389264845424, '00:25']
[8, 0.8487070798873901, 0.8251596093177795, 0.6439814567565918, 0.6439814814814815, 0.6142320612384427, '00:23']
[9, 0.7924447059631348, 0.7708443403244019, 0.6902777552604675, 0.6902777777777778, 0.6728450829282875, '00:24']
[10, 0.7404810190200806, 0.7566279768943787, 0.696481466293335, 0.6964814814814815, 0.6809187587220034, '00:22']
[11, 0.7338962554931641, 0.7313064932823181, 0.6956481337547302, 0.6956481481481482, 0.6876224768563043, '00:23']
[12, 0.7032025456428528, 0.7092870473861694, 0.6958333253860474, 0.6958333333333333, 0.6903509578991893, '00:23']
[13, 0.6840382218360901, 0.7020807266235352, 0.7127777934074402, 0.7127777777777777, 0.7085830842384916, '00:23']
[14, 0.6659913063049316, 0.6891155242919922, 0.7238888740539551, 0.7238888888888888, 0.7208679476775307, '00:23']
[15, 0.6511421203613281, 0.6678248047828674, 0.7290740609169006, 0.7290740740740742, 0.721074554081757, '00:23']
[16, 0.6389909982681274, 0.6737501621246338, 0.7111111283302307, 0.711111111111111, 0.7091488381242951, '00:23']
[17, 0.6153746843338013, 0.6529675126075745, 0.7254629731178284, 0.7254629629629629, 0.7231309519146507, '00:22']
[18, 0.6236351728439331, 0.6426589488983154, 0.7372221946716309, 0.7372222222222222, 0.7352847182985354, '00:23']
[19, 0.6093243956565857, 0.6394720673561096, 0.7462037205696106, 0.7462037037037036, 0.7370686719711976, '00:22']
[20, 0.5963349342346191, 0.6324145197868347, 0.7467592358589172, 0.7467592592592592, 0.7408252848597502, '00:22']
[21, 0.5985996723175049, 0.6281654834747314, 0.7496296167373657, 0.7496296296296296, 0.7396007707372997, '00:23']
[22, 0.595154345035553, 0.6232491731643677, 0.7484259009361267, 0.7484259259259258, 0.7431977239599753, '00:23']
[23, 0.5843868255615234, 0.6282546520233154, 0.7488889098167419, 0.7488888888888889, 0.7419252080232479, '00:22']
[24, 0.5834481120109558, 0.6206443309783936, 0.7485185265541077, 0.7485185185185186, 0.7432316614946909, '00:23']
[25, 0.5871570706367493, 0.6187249422073364, 0.7504629492759705, 0.7504629629629629, 0.7461879034029724, '00:22']
[26, 0.57730633020401, 0.6192407011985779, 0.7484259009361267, 0.7484259259259258, 0.7448326168899302, '00:22']
[27, 0.5742073655128479, 0.6174170970916748, 0.7497222423553467, 0.7497222222222222, 0.746656181774831, '00:23']
[28, 0.5787708759307861, 0.6172041296958923, 0.7503703832626343, 0.7503703703703705, 0.7468728949901954, '00:23']
[29, 0.5728569626808167, 0.6171219348907471, 0.7499074339866638, 0.7499074074074074, 0.7461101874904293, '00:23']

Tiempo de entrenamiento: 698.16 segundos
/mnt/homeGPU/haoweihu/TFG/lib/python3.10/site-packages/fastai/learner.py:455: UserWarning: load_learner` uses Python's insecure pickle module, which can execute malicious arbitrary code when loading. Only load files you trust.
If you only need to load model weights and optimizer state, use the safe `Learner.load` instead.
  warn("load_learner` uses Python's insecure pickle module, which can execute malicious arbitrary code when loading. Only load files you trust.\nIf you only need to load model weights and optimizer state, use the safe `Learner.load` instead.")
Loss: 0.6171
Accuracy: 0.7499
Recall: 0.7499
F1-Score: 0.7461
Loss: 5.010036945343018
Accuracy: 0.6682692170143127
Recall (macro): 0.6683182819094775
F1 Score (macro): 0.6454032955342998
---------------------------------------------------------------------------
Ejecutando: fmnist_dist5_quant2_ex1
---------------------------------------------------------------------------
Número total de imágenes en entrenamiento: 8820
Número total de imágenes en validación: 10800

Clases: ['Ankle boot', 'Bag', 'Coat', 'Dress', 'Pullover', 'Sandal', 'Shirt', 'Sneaker', 'Trouser']
[0, 2.289747714996338, 2.284405469894409, 0.1111111119389534, 0.1111111111111111, 0.022222222222222223, '00:22']
[1, 2.2309911251068115, 2.2052035331726074, 0.1111111119389534, 0.1111111111111111, 0.022222222222222223, '00:23']
[2, 2.2036237716674805, 2.203242778778076, 0.1111111119389534, 0.1111111111111111, 0.022222222222222223, '00:21']
[3, 2.2035062313079834, 2.2013988494873047, 0.1111111119389534, 0.1111111111111111, 0.022222222222222223, '00:22']
[4, 2.201735496520996, 2.198837995529175, 0.1111111119389534, 0.1111111111111111, 0.022222222222222223, '00:22']
[5, 2.201331377029419, 2.2005646228790283, 0.1111111119389534, 0.1111111111111111, 0.022222222222222223, '00:21']
[6, 2.1990058422088623, 2.199126958847046, 0.1111111119389534, 0.1111111111111111, 0.022222222222222223, '00:22']
[7, 1.8236593008041382, 1.4506980180740356, 0.40768519043922424, 0.40768518518518515, 0.289248894451313, '00:22']
[8, 1.0697766542434692, 0.9036819934844971, 0.6337962746620178, 0.6337962962962963, 0.6168155797471536, '00:22']
[9, 0.8571760058403015, 0.817829430103302, 0.6844444274902344, 0.6844444444444444, 0.6825409720473299, '00:22']
[10, 0.8039474487304688, 0.7616525888442993, 0.7155555486679077, 0.7155555555555555, 0.6983278035377647, '00:22']
[11, 0.7588873505592346, 0.7217121720314026, 0.7210184931755066, 0.7210185185185185, 0.7069213975903373, '00:22']
[12, 0.7378977537155151, 0.7321287393569946, 0.7121296525001526, 0.7121296296296298, 0.688376531015883, '00:21']
[13, 0.7037719488143921, 0.6862519383430481, 0.7411110997200012, 0.741111111111111, 0.7344060279236866, '00:21']
[14, 0.6784650087356567, 0.6840075850486755, 0.7389814853668213, 0.7389814814814816, 0.7227251435995833, '00:22']
[15, 0.6788127422332764, 0.6575231552124023, 0.754537045955658, 0.754537037037037, 0.7487133926891116, '00:22']
[16, 0.6603890061378479, 0.6494745016098022, 0.7540740966796875, 0.7540740740740741, 0.7517985659277829, '00:22']
[17, 0.6506293416023254, 0.6422761678695679, 0.7543518543243408, 0.7543518518518518, 0.7518207845264621, '00:22']
[18, 0.6380038857460022, 0.6417641639709473, 0.762592613697052, 0.7625925925925926, 0.7612124431127054, '00:22']
[19, 0.6276050209999084, 0.6203281283378601, 0.7638888955116272, 0.7638888888888888, 0.7582896702659077, '00:22']
[20, 0.6092092394828796, 0.6192888617515564, 0.7637962698936462, 0.7637962962962963, 0.7588481679448846, '00:22']
[21, 0.6065926551818848, 0.6103287935256958, 0.7712963223457336, 0.7712962962962964, 0.767816500288811, '00:22']
[22, 0.6043291091918945, 0.6046530604362488, 0.769444465637207, 0.7694444444444444, 0.7662619787968589, '00:22']
[23, 0.6032887697219849, 0.6002331376075745, 0.7699999809265137, 0.77, 0.7662837313628348, '00:22']
[24, 0.6099980473518372, 0.6071507334709167, 0.7663888931274414, 0.7663888888888889, 0.759987235003059, '00:24']
[25, 0.6000857949256897, 0.5994016528129578, 0.7699074149131775, 0.7699074074074075, 0.763955507772786, '00:23']
[26, 0.5851271748542786, 0.5961130261421204, 0.7717592716217041, 0.7717592592592593, 0.766881107439683, '00:22']
[27, 0.5875194668769836, 0.5947244763374329, 0.7724999785423279, 0.7725, 0.768239194070223, '00:22']
[28, 0.5922377109527588, 0.5948349237442017, 0.772685170173645, 0.7726851851851853, 0.7685173575724403, '00:22']
[29, 0.5856284499168396, 0.5946981906890869, 0.7716666460037231, 0.7716666666666667, 0.7673392804895446, '00:22']

Tiempo de entrenamiento: 670.10 segundos
/mnt/homeGPU/haoweihu/TFG/lib/python3.10/site-packages/fastai/learner.py:455: UserWarning: load_learner` uses Python's insecure pickle module, which can execute malicious arbitrary code when loading. Only load files you trust.
If you only need to load model weights and optimizer state, use the safe `Learner.load` instead.
  warn("load_learner` uses Python's insecure pickle module, which can execute malicious arbitrary code when loading. Only load files you trust.\nIf you only need to load model weights and optimizer state, use the safe `Learner.load` instead.")
Loss: 0.5947
Accuracy: 0.7717
Recall: 0.7717
F1-Score: 0.7673
Loss: 4.291747093200684
Accuracy: 0.686598539352417
Recall (macro): 0.6867922726474391
F1 Score (macro): 0.6618901278520704
---------------------------------------------------------------------------
Ejecutando: fmnist_dist5_quant2_ex2
---------------------------------------------------------------------------
Número total de imágenes en entrenamiento: 8820
Número total de imágenes en validación: 10800

Clases: ['Ankle boot', 'Bag', 'Coat', 'Dress', 'Pullover', 'Sandal', 'Shirt', 'Sneaker', 'Trouser']
[0, 2.293539047241211, 2.2861413955688477, 0.1111111119389534, 0.1111111111111111, 0.022222222222222223, '00:21']
[1, 2.2371652126312256, 2.209592580795288, 0.1111111119389534, 0.1111111111111111, 0.022222222222222223, '00:22']
[2, 2.2046711444854736, 2.2003798484802246, 0.1111111119389534, 0.1111111111111111, 0.022222222222222223, '00:22']
[3, 2.203242063522339, 2.199690580368042, 0.1111111119389534, 0.1111111111111111, 0.022222222222222223, '00:21']
[4, 2.202422618865967, 2.1990811824798584, 0.1111111119389534, 0.1111111111111111, 0.022222222222222223, '00:22']
[5, 2.1997509002685547, 2.1958370208740234, 0.1111111119389534, 0.1111111111111111, 0.022222222222222223, '00:21']
[6, 2.187387228012085, 2.1685807704925537, 0.1111111119389534, 0.1111111111111111, 0.022222222222222223, '00:22']
[7, 1.2982347011566162, 0.9926633834838867, 0.5856481194496155, 0.5856481481481481, 0.5577156207619234, '00:22']
[8, 0.9338430762290955, 0.8556878566741943, 0.64083331823349, 0.6408333333333334, 0.6162296637662668, '00:22']
[9, 0.8347662687301636, 0.8161575198173523, 0.6582407355308533, 0.6582407407407407, 0.6117192650619384, '00:21']
[10, 0.7709911465644836, 0.7666491270065308, 0.6910185217857361, 0.6910185185185185, 0.664089124722541, '00:22']
[11, 0.7417876124382019, 0.7290462851524353, 0.6993518471717834, 0.6993518518518518, 0.6957088560004524, '00:22']
[12, 0.7180235385894775, 0.6986314654350281, 0.7311111092567444, 0.7311111111111112, 0.7259871003120996, '00:23']
[13, 0.6997267007827759, 0.6951431632041931, 0.728425920009613, 0.7284259259259259, 0.7231045316804245, '00:22']
[14, 0.6706496477127075, 0.6704890131950378, 0.7346296310424805, 0.7346296296296296, 0.7198432284014862, '00:22']
[15, 0.6736515760421753, 0.6741687655448914, 0.734074056148529, 0.7340740740740741, 0.7183930127972586, '00:23']
[16, 0.6526713967323303, 0.6488496661186218, 0.7396296262741089, 0.7396296296296296, 0.7289839913083291, '00:23']
[17, 0.6407065391540527, 0.6408427357673645, 0.7514814734458923, 0.7514814814814815, 0.7378122356432404, '00:28']
[18, 0.635102391242981, 0.6253960132598877, 0.7536110877990723, 0.7536111111111112, 0.7449194453643844, '00:43']
[19, 0.6227400898933411, 0.6189143061637878, 0.7572222352027893, 0.7572222222222221, 0.7489448351915624, '00:38']
[20, 0.6171184182167053, 0.615301251411438, 0.7574999928474426, 0.7575000000000001, 0.7539317515684222, '00:42']
[21, 0.6099526882171631, 0.6084093451499939, 0.7612037062644958, 0.7612037037037037, 0.7564628620132144, '00:44']
[22, 0.6043625473976135, 0.6049454808235168, 0.7621296048164368, 0.7621296296296296, 0.7558012010389852, '00:38']
[23, 0.5927854180335999, 0.6009179949760437, 0.7678703665733337, 0.7678703703703703, 0.7653045625815255, '00:47']
[24, 0.5957974791526794, 0.6003441214561462, 0.7626851797103882, 0.7626851851851852, 0.7563908231813011, '00:46']
[25, 0.599627673625946, 0.5980508327484131, 0.7675926089286804, 0.7675925925925926, 0.7659774988548568, '00:34']
[26, 0.5888285040855408, 0.5974456667900085, 0.7684259414672852, 0.768425925925926, 0.7642985263382829, '00:23']
[27, 0.5903775095939636, 0.5959293246269226, 0.7692592740058899, 0.7692592592592592, 0.7660743452258235, '00:22']
[28, 0.5789828896522522, 0.5956353545188904, 0.7697222232818604, 0.7697222222222222, 0.7665881363304542, '00:23']
[29, 0.5906542539596558, 0.5956918001174927, 0.7688888907432556, 0.7688888888888888, 0.7655925365069616, '00:22']

Tiempo de entrenamiento: 835.91 segundos
/mnt/homeGPU/haoweihu/TFG/lib/python3.10/site-packages/fastai/learner.py:455: UserWarning: load_learner` uses Python's insecure pickle module, which can execute malicious arbitrary code when loading. Only load files you trust.
If you only need to load model weights and optimizer state, use the safe `Learner.load` instead.
  warn("load_learner` uses Python's insecure pickle module, which can execute malicious arbitrary code when loading. Only load files you trust.\nIf you only need to load model weights and optimizer state, use the safe `Learner.load` instead.")
Loss: 0.5957
Accuracy: 0.7689
Recall: 0.7689
F1-Score: 0.7656
Loss: 3.8521337509155273
Accuracy: 0.6893028616905212
Recall (macro): 0.6891793164764534
F1 Score (macro): 0.6646369932701817
---------------------------------------------------------------------------
Ejecutando: fmnist_dist5_quant2_ex3
---------------------------------------------------------------------------
Número total de imágenes en entrenamiento: 8820
Número total de imágenes en validación: 10800

Clases: ['Ankle boot', 'Bag', 'Coat', 'Dress', 'Pullover', 'Sandal', 'Shirt', 'Sneaker', 'Trouser']
[0, 2.3036367893218994, 2.296553373336792, 0.1111111119389534, 0.1111111111111111, 0.022222222222222223, '00:22']
[1, 2.2449684143066406, 2.2119851112365723, 0.1111111119389534, 0.1111111111111111, 0.022222222222222223, '00:22']
[2, 2.20691180229187, 2.202918291091919, 0.1111111119389534, 0.1111111111111111, 0.022222222222222223, '00:22']
[3, 2.202791213989258, 2.2019541263580322, 0.1111111119389534, 0.1111111111111111, 0.022222222222222223, '00:22']
[4, 2.201808214187622, 2.2026851177215576, 0.1111111119389534, 0.1111111111111111, 0.022222222222222223, '00:22']
[5, 2.200608491897583, 2.201704263687134, 0.1111111119389534, 0.1111111111111111, 0.022222222222222223, '00:22']
[6, 2.1997454166412354, 2.197369337081909, 0.1111111119389534, 0.1111111111111111, 0.022222222222222223, '00:23']
[7, 2.1922266483306885, 2.1837401390075684, 0.1111111119389534, 0.1111111111111111, 0.022222222222222223, '00:24']
[8, 1.5641249418258667, 1.246724009513855, 0.4646296203136444, 0.4646296296296296, 0.4021997581187986, '00:22']
[9, 0.9808975458145142, 0.8856722116470337, 0.6270370483398438, 0.6270370370370371, 0.6071903185646623, '00:22']
[10, 0.8492016792297363, 0.8429448008537292, 0.6637963056564331, 0.6637962962962963, 0.6614192682900693, '00:22']
[11, 0.8126317858695984, 0.7694125175476074, 0.6927777528762817, 0.6927777777777778, 0.6861060172692477, '00:22']
[12, 0.7526265978813171, 0.7394454479217529, 0.710277795791626, 0.7102777777777778, 0.6947730378051628, '00:22']
[13, 0.7314945459365845, 0.7125518321990967, 0.7142592668533325, 0.7142592592592593, 0.7136622411494962, '00:22']
[14, 0.7168192267417908, 0.7303603291511536, 0.7055555582046509, 0.7055555555555555, 0.6990309340516266, '00:22']
[15, 0.7013930082321167, 0.6996127367019653, 0.7292592525482178, 0.7292592592592593, 0.7306179526413216, '00:22']
[16, 0.6874366402626038, 0.6827573180198669, 0.7269444465637207, 0.7269444444444445, 0.7239356664809962, '00:23']
[17, 0.6780965924263, 0.6631181836128235, 0.7444444298744202, 0.7444444444444445, 0.7406173904760771, '00:23']
[18, 0.6506311297416687, 0.6465870141983032, 0.7529629468917847, 0.752962962962963, 0.7418136784642857, '00:22']
[19, 0.6393341422080994, 0.6377970576286316, 0.7535185217857361, 0.7535185185185185, 0.7454465170653168, '00:22']
[20, 0.6267827153205872, 0.6389368772506714, 0.7538889050483704, 0.7538888888888889, 0.7465986315978105, '00:22']
[21, 0.6213982701301575, 0.6284182667732239, 0.755740761756897, 0.7557407407407407, 0.7461041250825139, '00:23']
[22, 0.6188277006149292, 0.6228058338165283, 0.7607407569885254, 0.7607407407407406, 0.7570813238205265, '00:23']
[23, 0.6207398772239685, 0.6149600744247437, 0.7672222256660461, 0.7672222222222221, 0.7643938079946587, '00:23']
[24, 0.6126181483268738, 0.612300455570221, 0.7675926089286804, 0.7675925925925926, 0.7637354462799324, '00:23']
[25, 0.6094372868537903, 0.6129746437072754, 0.7614814639091492, 0.7614814814814815, 0.7581830705984403, '00:23']
[26, 0.611784040927887, 0.6097841858863831, 0.7662962675094604, 0.7662962962962963, 0.7634916078239369, '00:24']
[27, 0.6027989387512207, 0.6083166599273682, 0.7681481242179871, 0.7681481481481482, 0.765392081390376, '00:22']
[28, 0.6096444725990295, 0.6076695919036865, 0.7687963247299194, 0.7687962962962964, 0.7653992036453783, '00:23']
[29, 0.6117832660675049, 0.6076638102531433, 0.7692592740058899, 0.7692592592592593, 0.765938144723614, '00:24']

Tiempo de entrenamiento: 693.00 segundos
/mnt/homeGPU/haoweihu/TFG/lib/python3.10/site-packages/fastai/learner.py:455: UserWarning: load_learner` uses Python's insecure pickle module, which can execute malicious arbitrary code when loading. Only load files you trust.
If you only need to load model weights and optimizer state, use the safe `Learner.load` instead.
  warn("load_learner` uses Python's insecure pickle module, which can execute malicious arbitrary code when loading. Only load files you trust.\nIf you only need to load model weights and optimizer state, use the safe `Learner.load` instead.")
Loss: 0.6077
Accuracy: 0.7693
Recall: 0.7693
F1-Score: 0.7659
Loss: 4.700780391693115
Accuracy: 0.6842948794364929
Recall (macro): 0.6843041933743441
F1 Score (macro): 0.6587426646527634
---------------------------------------------------------------------------
Ejecutando: fmnist_dist01_quant2_ex1
---------------------------------------------------------------------------
Número total de imágenes en entrenamiento: 20160
Número total de imágenes en validación: 10800

Clases: ['Ankle boot', 'Bag', 'Coat', 'Dress', 'Pullover', 'Sandal', 'Shirt', 'Sneaker', 'Trouser']
[0, 2.2571396827697754, 2.2383885383605957, 0.1111111119389534, 0.1111111111111111, 0.022222222222222223, '00:36']
[1, 2.201857805252075, 2.1988699436187744, 0.1111111119389534, 0.1111111111111111, 0.022222222222222223, '00:36']
[2, 2.200836181640625, 2.1981818675994873, 0.1111111119389534, 0.1111111111111111, 0.022222222222222223, '00:37']
[3, 2.1975338459014893, 2.194924831390381, 0.1111111119389534, 0.1111111111111111, 0.022222222222222223, '00:38']
[4, 1.0280115604400635, 0.945905864238739, 0.6106481552124023, 0.6106481481481482, 0.5523185543152834, '00:36']
[5, 0.7476796507835388, 0.8276870846748352, 0.6839814782142639, 0.6839814814814815, 0.6763292604223221, '00:36']
[6, 0.6424890160560608, 0.8125855326652527, 0.6852777600288391, 0.6852777777777779, 0.6686425308818444, '00:38']
[7, 0.579667866230011, 0.7564718723297119, 0.7218518257141113, 0.7218518518518519, 0.7065711504076331, '00:38']
[8, 0.5637373924255371, 0.7181792855262756, 0.7397222518920898, 0.7397222222222223, 0.7327781695056561, '00:37']
[9, 0.5383720397949219, 0.6686573028564453, 0.7494444251060486, 0.7494444444444445, 0.7458188647368278, '00:37']
[10, 0.5073316097259521, 0.6476123332977295, 0.7590740919113159, 0.7590740740740741, 0.7559480346540505, '00:37']
[11, 0.5034793019294739, 0.6275978088378906, 0.7687963247299194, 0.7687962962962963, 0.7668702178594058, '00:37']
[12, 0.4857177734375, 0.6572935581207275, 0.7561110854148865, 0.7561111111111111, 0.7520765497603273, '00:37']
[13, 0.4798240661621094, 0.6160232424736023, 0.7733333110809326, 0.7733333333333333, 0.770246923404419, '00:38']
[14, 0.4546586573123932, 0.6154301166534424, 0.7692592740058899, 0.7692592592592592, 0.7667226980255957, '00:37']
[15, 0.4379724860191345, 0.6401342749595642, 0.7576851844787598, 0.7576851851851852, 0.7498925572009679, '00:37']
[16, 0.44440793991088867, 0.596592903137207, 0.7800925970077515, 0.7800925925925926, 0.7759742450691531, '00:38']
[17, 0.4208280146121979, 0.5692012310028076, 0.7937963008880615, 0.7937962962962962, 0.7915991988597282, '00:37']
[18, 0.42601487040519714, 0.5812843441963196, 0.7876851558685303, 0.7876851851851852, 0.7833053972622896, '00:43']
[19, 0.4251152575016022, 0.5710200071334839, 0.7917592525482178, 0.7917592592592594, 0.7874706041671832, '00:52']
[20, 0.4095660150051117, 0.5712007880210876, 0.7919444441795349, 0.7919444444444445, 0.7894997269943642, '00:37']
[21, 0.40409430861473083, 0.5646869540214539, 0.791018545627594, 0.7910185185185186, 0.7897882660276063, '00:38']
[22, 0.3983839452266693, 0.5608530640602112, 0.7961111068725586, 0.796111111111111, 0.7937279424622277, '00:36']
[23, 0.3886920213699341, 0.5699986219406128, 0.7940740585327148, 0.794074074074074, 0.7919840537053304, '00:37']
[24, 0.4050177037715912, 0.5608154535293579, 0.7971296310424805, 0.7971296296296296, 0.795070672821823, '00:36']
[25, 0.39390116930007935, 0.5579898357391357, 0.7976852059364319, 0.7976851851851853, 0.7957123220616071, '00:37']
[26, 0.3787258565425873, 0.5548048615455627, 0.7987962961196899, 0.7987962962962963, 0.7969460926046836, '00:38']
[27, 0.3866104185581207, 0.5581181049346924, 0.7964814901351929, 0.7964814814814815, 0.794239608077946, '00:37']
[28, 0.38819777965545654, 0.556561291217804, 0.7974073886871338, 0.7974074074074075, 0.7953494382451686, '00:36']
[29, 0.39153948426246643, 0.5568814873695374, 0.7969444394111633, 0.7969444444444445, 0.7949189889962915, '00:36']

Tiempo de entrenamiento: 1146.35 segundos
/mnt/homeGPU/haoweihu/TFG/lib/python3.10/site-packages/fastai/learner.py:455: UserWarning: load_learner` uses Python's insecure pickle module, which can execute malicious arbitrary code when loading. Only load files you trust.
If you only need to load model weights and optimizer state, use the safe `Learner.load` instead.
  warn("load_learner` uses Python's insecure pickle module, which can execute malicious arbitrary code when loading. Only load files you trust.\nIf you only need to load model weights and optimizer state, use the safe `Learner.load` instead.")
Loss: 0.5569
Accuracy: 0.7969
Recall: 0.7969
F1-Score: 0.7949
Loss: 4.24350643157959
Accuracy: 0.710036039352417
Recall (macro): 0.7100537280375392
F1 Score (macro): 0.6851836130701331
---------------------------------------------------------------------------
Ejecutando: fmnist_dist01_quant2_ex2
---------------------------------------------------------------------------
Número total de imágenes en entrenamiento: 20160
Número total de imágenes en validación: 10800

Clases: ['Ankle boot', 'Bag', 'Coat', 'Dress', 'Pullover', 'Sandal', 'Shirt', 'Sneaker', 'Trouser']
[0, 2.2740414142608643, 2.256986379623413, 0.1111111119389534, 0.1111111111111111, 0.022222222222222223, '00:51']
[1, 2.2015159130096436, 2.1991829872131348, 0.1111111119389534, 0.1111111111111111, 0.022222222222222223, '00:36']
[2, 2.2013261318206787, 2.2009634971618652, 0.1111111119389534, 0.1111111111111111, 0.022222222222222223, '00:36']
[3, 2.2001829147338867, 2.1994099617004395, 0.1111111119389534, 0.1111111111111111, 0.022222222222222223, '00:36']
[4, 2.19968581199646, 2.1985013484954834, 0.1111111119389534, 0.1111111111111111, 0.022222222222222223, '00:36']
[5, 2.1995134353637695, 2.1973798274993896, 0.1111111119389534, 0.1111111111111111, 0.022222222222222223, '00:36']
[6, 1.0564671754837036, 0.9827247858047485, 0.5878703594207764, 0.5878703703703703, 0.546259552557855, '00:36']
[7, 0.7324877381324768, 0.8431864976882935, 0.6752777695655823, 0.6752777777777778, 0.6553075705243848, '00:36']
[8, 0.652052640914917, 0.7458202242851257, 0.7222222089767456, 0.7222222222222222, 0.717974624983975, '00:36']
[9, 0.5669483542442322, 0.7411367297172546, 0.7173148393630981, 0.717314814814815, 0.7124805377640253, '00:36']
[10, 0.574217677116394, 0.6957308053970337, 0.7375925779342651, 0.7375925925925926, 0.7251850740123849, '00:38']
[11, 0.5399718880653381, 0.6615949869155884, 0.7463889122009277, 0.7463888888888889, 0.7364009632723713, '00:36']
[12, 0.5029430985450745, 0.6729100942611694, 0.7430555820465088, 0.7430555555555556, 0.7392407606689775, '00:36']
[13, 0.49815529584884644, 0.6363218426704407, 0.7604629397392273, 0.7604629629629629, 0.7568282304759353, '00:37']
[14, 0.4680200219154358, 0.6294248700141907, 0.772685170173645, 0.772685185185185, 0.7718105581197283, '00:36']
[15, 0.47482830286026, 0.6270108819007874, 0.7608333230018616, 0.7608333333333334, 0.7575140231966384, '00:36']
[16, 0.45799514651298523, 0.6092597842216492, 0.7771296501159668, 0.7771296296296296, 0.7754009831983871, '00:37']
[17, 0.4512801766395569, 0.5872730612754822, 0.7831481695175171, 0.7831481481481481, 0.7816211301424989, '00:36']
[18, 0.4522690176963806, 0.6029777526855469, 0.7777777910232544, 0.7777777777777778, 0.7760176307442251, '00:37']
[19, 0.4455762803554535, 0.5864046812057495, 0.7851851582527161, 0.7851851851851852, 0.7836803994083328, '00:36']
[20, 0.42914122343063354, 0.5833216905593872, 0.785277783870697, 0.7852777777777777, 0.7844743109399831, '00:36']
[21, 0.4388362765312195, 0.5885703563690186, 0.7853703498840332, 0.7853703703703704, 0.7841956613144563, '00:36']
[22, 0.4190822243690491, 0.5717676281929016, 0.7875925898551941, 0.7875925925925925, 0.7858885533286338, '00:36']
[23, 0.4202319085597992, 0.5795215368270874, 0.7887036800384521, 0.7887037037037037, 0.7873582936052785, '00:36']
[24, 0.4204496741294861, 0.5736399292945862, 0.7891666889190674, 0.7891666666666666, 0.7876429359817592, '00:37']
[25, 0.4090030789375305, 0.567158043384552, 0.791018545627594, 0.7910185185185186, 0.7891993179109393, '00:39']
[26, 0.4052729606628418, 0.5743272304534912, 0.7884259223937988, 0.7884259259259259, 0.7863044876723194, '00:38']
[27, 0.40240365266799927, 0.5657261610031128, 0.7908333539962769, 0.7908333333333333, 0.789414226156965, '00:36']
[28, 0.4133380055427551, 0.5682064890861511, 0.7907407283782959, 0.7907407407407407, 0.7892418019205911, '00:38']
[29, 0.38629093766212463, 0.5675517916679382, 0.7904629707336426, 0.7904629629629629, 0.788909758404449, '00:36']

Tiempo de entrenamiento: 1123.90 segundos
/mnt/homeGPU/haoweihu/TFG/lib/python3.10/site-packages/fastai/learner.py:455: UserWarning: load_learner` uses Python's insecure pickle module, which can execute malicious arbitrary code when loading. Only load files you trust.
If you only need to load model weights and optimizer state, use the safe `Learner.load` instead.
  warn("load_learner` uses Python's insecure pickle module, which can execute malicious arbitrary code when loading. Only load files you trust.\nIf you only need to load model weights and optimizer state, use the safe `Learner.load` instead.")
Loss: 0.5676
Accuracy: 0.7905
Recall: 0.7905
F1-Score: 0.7889
Loss: 7.076236724853516
Accuracy: 0.7055288553237915
Recall (macro): 0.705793116259599
F1 Score (macro): 0.6817417130561829
---------------------------------------------------------------------------
Ejecutando: fmnist_dist01_quant2_ex3
---------------------------------------------------------------------------
Número total de imágenes en entrenamiento: 20160
Número total de imágenes en validación: 10800

Clases: ['Ankle boot', 'Bag', 'Coat', 'Dress', 'Pullover', 'Sandal', 'Shirt', 'Sneaker', 'Trouser']
[0, 2.275968074798584, 2.2667269706726074, 0.1111111119389534, 0.1111111111111111, 0.022222222222222223, '00:49']
[1, 2.202133893966675, 2.201533794403076, 0.1111111119389534, 0.1111111111111111, 0.022222222222222223, '00:36']
[2, 2.200752019882202, 2.2017712593078613, 0.1111111119389534, 0.1111111111111111, 0.022222222222222223, '00:36']
[3, 2.198655128479004, 2.1977856159210205, 0.1111111119389534, 0.1111111111111111, 0.022222222222222223, '00:36']
[4, 1.8037430047988892, 1.4349836111068726, 0.5011110901832581, 0.5011111111111112, 0.4591601680297203, '00:36']
[5, 0.8010619878768921, 0.9242182970046997, 0.620462954044342, 0.620462962962963, 0.5769105088693196, '00:36']
[6, 0.6838651895523071, 0.8176724314689636, 0.6746296286582947, 0.6746296296296296, 0.6548241231945044, '00:36']
[7, 0.6140273213386536, 0.7820959687232971, 0.6918518543243408, 0.6918518518518518, 0.6789178437027666, '00:36']
[8, 0.5635567307472229, 0.7118019461631775, 0.7351852059364319, 0.7351851851851852, 0.72887490677476, '00:37']
[9, 0.5375000238418579, 0.6877899169921875, 0.7408333420753479, 0.7408333333333332, 0.7275155763449214, '00:38']
[10, 0.5288804769515991, 0.6795507073402405, 0.7382407188415527, 0.7382407407407406, 0.7317902269001633, '00:36']
[11, 0.5054706335067749, 0.6827800869941711, 0.7390740513801575, 0.739074074074074, 0.7303962263440726, '00:39']
[12, 0.4840141236782074, 0.6529603004455566, 0.754444420337677, 0.7544444444444446, 0.7499354946254025, '00:37']
[13, 0.46207594871520996, 0.6257768869400024, 0.7678703665733337, 0.7678703703703704, 0.7631786753739718, '00:36']
[14, 0.47611913084983826, 0.6170639991760254, 0.7687963247299194, 0.7687962962962963, 0.7661345639028573, '00:36']
[15, 0.4584249258041382, 0.5922990441322327, 0.7788888812065125, 0.778888888888889, 0.7769380044006555, '00:36']
[16, 0.44004541635513306, 0.6294249296188354, 0.7618518471717834, 0.7618518518518518, 0.7599776624476222, '00:37']
[17, 0.4358028471469879, 0.6086469888687134, 0.7708333134651184, 0.7708333333333334, 0.769857898444369, '00:36']
[18, 0.42551758885383606, 0.593291163444519, 0.7736111283302307, 0.773611111111111, 0.772160647515718, '00:36']
[19, 0.4072810411453247, 0.5853413343429565, 0.7810184955596924, 0.7810185185185184, 0.7787418354904199, '00:36']
[20, 0.4196273684501648, 0.5698162913322449, 0.7820370197296143, 0.7820370370370369, 0.7795714113976369, '00:37']
[21, 0.4008393883705139, 0.5810991525650024, 0.7799074053764343, 0.7799074074074075, 0.777256525742885, '00:36']
[22, 0.41230902075767517, 0.5692048072814941, 0.7837036848068237, 0.7837037037037037, 0.7823419472108433, '00:37']
[23, 0.3970228135585785, 0.5605099201202393, 0.786481499671936, 0.7864814814814816, 0.7854543902222346, '00:37']
[24, 0.4047195613384247, 0.5653236508369446, 0.7863888740539551, 0.7863888888888888, 0.7850087845817513, '00:37']
[25, 0.40633252263069153, 0.5571455359458923, 0.7893518805503845, 0.7893518518518519, 0.7874606233244761, '00:37']
[26, 0.386714905500412, 0.556893527507782, 0.7894444465637207, 0.7894444444444445, 0.7877381932553486, '00:39']
[27, 0.409716933965683, 0.5592770576477051, 0.7896296381950378, 0.7896296296296297, 0.7876710874265856, '00:37']
[28, 0.39533531665802, 0.5585191249847412, 0.7899073958396912, 0.7899074074074074, 0.7882200313092996, '00:36']
[29, 0.38389161229133606, 0.5584316849708557, 0.7888888716697693, 0.7888888888888889, 0.7872155142085868, '00:37']

Tiempo de entrenamiento: 1128.73 segundos
/mnt/homeGPU/haoweihu/TFG/lib/python3.10/site-packages/fastai/learner.py:455: UserWarning: load_learner` uses Python's insecure pickle module, which can execute malicious arbitrary code when loading. Only load files you trust.
If you only need to load model weights and optimizer state, use the safe `Learner.load` instead.
  warn("load_learner` uses Python's insecure pickle module, which can execute malicious arbitrary code when loading. Only load files you trust.\nIf you only need to load model weights and optimizer state, use the safe `Learner.load` instead.")
Loss: 0.5584
Accuracy: 0.7889
Recall: 0.7889
F1-Score: 0.7872
Loss: 4.641056537628174
Accuracy: 0.7064303159713745
Recall (macro): 0.7063619013395372
F1 Score (macro): 0.6820144079614494
mail: cannot send message: Process exited with a non-zero status
