---------------------------------------------------------------------------
Ejecutando: fmnist_dist1_otsu_ex1
---------------------------------------------------------------------------
Número total de imágenes en entrenamiento: 9558
Número total de imágenes en validación: 10800

Clases: ['Ankle boot', 'Bag', 'Coat', 'Dress', 'Pullover', 'Sandal', 'Shirt', 'Sneaker', 'Trouser']
[0, 2.2413461208343506, 2.1746432781219482, 0.29018518328666687, 0.2901851851851852, 0.1684079252199226, '00:53']
[1, 1.395318865776062, 1.025869369506836, 0.5881481766700745, 0.5881481481481481, 0.5231639265492771, '00:22']
[2, 0.8281137347221375, 0.7440735101699829, 0.7149999737739563, 0.7150000000000001, 0.7057613627731768, '00:22']
[3, 0.6834234595298767, 0.7018800973892212, 0.7188888788223267, 0.7188888888888889, 0.7040235692014277, '00:21']
[4, 0.6236459016799927, 0.6458225846290588, 0.7412962913513184, 0.7412962962962962, 0.7214519274957857, '00:21']
[5, 0.5649407505989075, 0.5597782731056213, 0.7924073934555054, 0.7924074074074074, 0.790149265914782, '00:21']
[6, 0.5142521858215332, 0.5207870006561279, 0.811296284198761, 0.8112962962962963, 0.8124408353010425, '00:21']
[7, 0.47842150926589966, 0.5076149106025696, 0.8143518567085266, 0.8143518518518519, 0.8138490504559763, '00:22']
[8, 0.4370061755180359, 0.4880397915840149, 0.820277750492096, 0.8202777777777778, 0.8203548310410914, '00:25']
[9, 0.4042103588581085, 0.46304550766944885, 0.8349074125289917, 0.8349074074074074, 0.8328559457479906, '00:22']
[10, 0.3653246760368347, 0.4409762918949127, 0.8382407426834106, 0.8382407407407407, 0.8370056302696693, '00:21']
[11, 0.3607933819293976, 0.4130965769290924, 0.8504629731178284, 0.850462962962963, 0.8497601916498888, '00:21']
[12, 0.3482038676738739, 0.4549196660518646, 0.8314814567565918, 0.8314814814814815, 0.8295149212953711, '00:21']
[13, 0.32980865240097046, 0.41412851214408875, 0.849907398223877, 0.8499074074074074, 0.8506641179394757, '00:22']
[14, 0.3129994869232178, 0.43264657258987427, 0.8445370197296143, 0.844537037037037, 0.8458978530899388, '00:21']
[15, 0.29711100459098816, 0.4124313294887543, 0.8543518781661987, 0.8543518518518519, 0.8529292218532223, '00:21']
[16, 0.2931359112262726, 0.4274158477783203, 0.8481481671333313, 0.8481481481481481, 0.8464306052286193, '00:22']
[17, 0.2932750880718231, 0.39253929257392883, 0.8574073910713196, 0.8574074074074074, 0.857229594623693, '00:22']
[18, 0.28004589676856995, 0.39117708802223206, 0.8596296310424805, 0.8596296296296296, 0.8592845988584409, '00:22']
[19, 0.2620842456817627, 0.39917105436325073, 0.85916668176651, 0.8591666666666666, 0.8589974232616003, '00:21']
[20, 0.2392774075269699, 0.3957989811897278, 0.8620370626449585, 0.8620370370370369, 0.8624195192562338, '00:22']
[21, 0.23291103541851044, 0.39436039328575134, 0.862500011920929, 0.8625, 0.8622396876799286, '00:30']
[22, 0.23028410971164703, 0.3879944384098053, 0.8643518686294556, 0.8643518518518518, 0.8642340704090266, '00:25']
[23, 0.2291858196258545, 0.3927876353263855, 0.8656481504440308, 0.8656481481481482, 0.8657079388611104, '00:21']
[24, 0.22519809007644653, 0.393641859292984, 0.8646296262741089, 0.8646296296296296, 0.8650356897479107, '00:21']
[25, 0.2211269736289978, 0.39134690165519714, 0.8655555844306946, 0.8655555555555555, 0.8652868943977885, '00:21']
[26, 0.20918507874011993, 0.3912144601345062, 0.8662962913513184, 0.8662962962962962, 0.8662922105869869, '00:21']
[27, 0.2019396871328354, 0.39083433151245117, 0.8664814829826355, 0.8664814814814815, 0.8663673159396095, '00:22']
No improvement since epoch 22: early stopping

Tiempo de entrenamiento: 662.81 segundos
/mnt/homeGPU/haoweihu/TFG/lib/python3.10/site-packages/fastai/learner.py:455: UserWarning: load_learner` uses Python's insecure pickle module, which can execute malicious arbitrary code when loading. Only load files you trust.
If you only need to load model weights and optimizer state, use the safe `Learner.load` instead.
  warn("load_learner` uses Python's insecure pickle module, which can execute malicious arbitrary code when loading. Only load files you trust.\nIf you only need to load model weights and optimizer state, use the safe `Learner.load` instead.")
Loss: 0.3908
Accuracy: 0.8665
Recall: 0.8665
F1-Score: 0.8664
Loss: 3.1836626529693604
Accuracy: 0.7775440812110901
Recall (macro): 0.7776163403884847
F1 Score (macro): 0.7490783982667576
---------------------------------------------------------------------------
Ejecutando: fmnist_dist1_otsu_ex2
---------------------------------------------------------------------------
Número total de imágenes en entrenamiento: 9558
Número total de imágenes en validación: 10800

Clases: ['Ankle boot', 'Bag', 'Coat', 'Dress', 'Pullover', 'Sandal', 'Shirt', 'Sneaker', 'Trouser']
[0, 2.2590858936309814, 2.2048263549804688, 0.27703702449798584, 0.277037037037037, 0.17856618340466193, '00:45']
[1, 1.5303269624710083, 1.1431297063827515, 0.5794444680213928, 0.5794444444444444, 0.5200294434779393, '00:22']
[2, 0.8302266597747803, 0.7839736938476562, 0.6652777791023254, 0.6652777777777776, 0.6249791114325454, '00:23']
[3, 0.6945696473121643, 0.6748384833335876, 0.7382407188415527, 0.7382407407407408, 0.7303096007060009, '00:21']
[4, 0.6278512477874756, 0.6284953355789185, 0.7506481409072876, 0.7506481481481482, 0.7431213495594742, '00:22']
[5, 0.5759320259094238, 0.5990244746208191, 0.7629629373550415, 0.762962962962963, 0.7560915968472075, '00:22']
[6, 0.5278568267822266, 0.571233868598938, 0.7794444561004639, 0.7794444444444445, 0.7717260283358702, '00:22']
[7, 0.4930709898471832, 0.5226332545280457, 0.7919444441795349, 0.7919444444444443, 0.7877435999540048, '00:22']
[8, 0.46473780274391174, 0.522809624671936, 0.802314817905426, 0.8023148148148149, 0.7964520500762597, '00:21']
[9, 0.42389601469039917, 0.4962638318538666, 0.8164814710617065, 0.8164814814814814, 0.8177466933930186, '00:21']
[10, 0.3907005488872528, 0.48149192333221436, 0.816944420337677, 0.8169444444444444, 0.8134265459694902, '00:22']
[11, 0.3821837306022644, 0.44636067748069763, 0.8389815092086792, 0.8389814814814814, 0.8369366536156079, '00:22']
[12, 0.35829925537109375, 0.4223330020904541, 0.8462036848068237, 0.8462037037037038, 0.8460449909252605, '00:22']
[13, 0.3374823033809662, 0.4272990822792053, 0.8458333611488342, 0.8458333333333334, 0.8448476322312616, '00:22']
[14, 0.33071058988571167, 0.4173662066459656, 0.8450925946235657, 0.8450925925925925, 0.8455234325497627, '00:21']
[15, 0.3053114414215088, 0.4012662172317505, 0.8560185432434082, 0.8560185185185184, 0.8554937872955704, '00:21']
[16, 0.300220251083374, 0.4365682303905487, 0.8467592597007751, 0.8467592592592592, 0.8459718995889364, '00:22']
[17, 0.27378129959106445, 0.4048927128314972, 0.855555534362793, 0.8555555555555556, 0.8560229154263508, '00:21']
[18, 0.2651687562465668, 0.3909975290298462, 0.8584259152412415, 0.8584259259259258, 0.8584923718797329, '00:23']
[19, 0.26036930084228516, 0.38848963379859924, 0.8612037301063538, 0.8612037037037037, 0.8605778937936657, '00:22']
[20, 0.24850855767726898, 0.3820439875125885, 0.8618518710136414, 0.8618518518518518, 0.8615694254585836, '00:22']
[21, 0.23592963814735413, 0.37921106815338135, 0.8665740489959717, 0.866574074074074, 0.8667001694614197, '00:21']
[22, 0.2418505996465683, 0.37563955783843994, 0.8667592406272888, 0.8667592592592592, 0.8668590343388602, '00:24']
[23, 0.22403953969478607, 0.37652096152305603, 0.8654629588127136, 0.8654629629629631, 0.8659607521201312, '00:22']
[24, 0.21833436191082, 0.3727717697620392, 0.8687037229537964, 0.8687037037037038, 0.8685687179119554, '00:24']
[25, 0.20705357193946838, 0.378113329410553, 0.866944432258606, 0.8669444444444445, 0.866831298489932, '00:22']
[26, 0.2110404670238495, 0.3745145797729492, 0.8691666722297668, 0.8691666666666666, 0.8692449435763838, '00:22']
[27, 0.2112932652235031, 0.37339046597480774, 0.8688889145851135, 0.8688888888888889, 0.8689225142760596, '00:22']
[28, 0.20975394546985626, 0.3728823959827423, 0.8686110973358154, 0.868611111111111, 0.8686330470739186, '00:22']
[29, 0.20040126144886017, 0.3729272782802582, 0.8691666722297668, 0.8691666666666666, 0.8691582369865176, '00:23']
No improvement since epoch 24: early stopping

Tiempo de entrenamiento: 698.48 segundos
/mnt/homeGPU/haoweihu/TFG/lib/python3.10/site-packages/fastai/learner.py:455: UserWarning: load_learner` uses Python's insecure pickle module, which can execute malicious arbitrary code when loading. Only load files you trust.
If you only need to load model weights and optimizer state, use the safe `Learner.load` instead.
  warn("load_learner` uses Python's insecure pickle module, which can execute malicious arbitrary code when loading. Only load files you trust.\nIf you only need to load model weights and optimizer state, use the safe `Learner.load` instead.")
Loss: 0.3729
Accuracy: 0.8692
Recall: 0.8692
F1-Score: 0.8692
Loss: 2.7663371562957764
Accuracy: 0.7784455418586731
Recall (macro): 0.7783516374449677
F1 Score (macro): 0.7500534222032227
---------------------------------------------------------------------------
Ejecutando: fmnist_dist1_otsu_ex3
---------------------------------------------------------------------------
Número total de imágenes en entrenamiento: 9558
Número total de imágenes en validación: 10800

Clases: ['Ankle boot', 'Bag', 'Coat', 'Dress', 'Pullover', 'Sandal', 'Shirt', 'Sneaker', 'Trouser']
[0, 2.2463574409484863, 2.1793553829193115, 0.4011111259460449, 0.4011111111111111, 0.3044732665608826, '00:45']
[1, 1.4343775510787964, 1.088991641998291, 0.5443518757820129, 0.5443518518518519, 0.47077625518473465, '00:22']
[2, 0.9022118449211121, 0.8382418155670166, 0.6524074077606201, 0.6524074074074073, 0.6210691459711336, '00:22']
[3, 0.7302684783935547, 0.7161268591880798, 0.7228703498840332, 0.7228703703703703, 0.7079611881812788, '00:22']
[4, 0.6405404210090637, 0.6434838175773621, 0.7603703737258911, 0.7603703703703704, 0.751930041284194, '00:22']
[5, 0.5990987420082092, 0.6408311724662781, 0.751203715801239, 0.7512037037037038, 0.725468904654435, '00:22']
[6, 0.5386658906936646, 0.585574209690094, 0.784074068069458, 0.784074074074074, 0.777626613860677, '00:21']
[7, 0.48885855078697205, 0.5118327736854553, 0.814907431602478, 0.8149074074074074, 0.813082772051119, '00:22']
[8, 0.4496142566204071, 0.5296748280525208, 0.8059259057044983, 0.8059259259259259, 0.7958810027820482, '00:24']
[9, 0.4272463321685791, 0.5034840703010559, 0.8144444227218628, 0.8144444444444443, 0.8164096673611992, '00:22']
[10, 0.4098265767097473, 0.4681388735771179, 0.8244444727897644, 0.8244444444444443, 0.8219885132423846, '00:24']
[11, 0.3904283940792084, 0.4438152015209198, 0.8350926041603088, 0.8350925925925926, 0.8335144385975737, '00:22']
[12, 0.3707772195339203, 0.439340740442276, 0.8391666412353516, 0.8391666666666667, 0.8402303647213184, '00:22']
[13, 0.3622538447380066, 0.4346179664134979, 0.8432407379150391, 0.8432407407407407, 0.8432454989671275, '00:22']
[14, 0.3351108431816101, 0.44314810633659363, 0.8437036871910095, 0.8437037037037037, 0.8451184006303322, '00:22']
[15, 0.3144323527812958, 0.40453627705574036, 0.8551852107048035, 0.8551851851851852, 0.8558942831265612, '00:27']
[16, 0.31401801109313965, 0.43366578221321106, 0.8433333039283752, 0.8433333333333333, 0.842463492467468, '00:23']
[17, 0.2968580424785614, 0.39965498447418213, 0.8570370078086853, 0.857037037037037, 0.857539299312518, '00:22']
[18, 0.284442275762558, 0.3980538845062256, 0.8592592477798462, 0.8592592592592593, 0.8596195126930598, '00:22']
[19, 0.27427831292152405, 0.40777018666267395, 0.8554629683494568, 0.8554629629629629, 0.8544683753320546, '00:22']
[20, 0.2677077054977417, 0.39685848355293274, 0.8611111044883728, 0.8611111111111112, 0.8614669291063319, '00:24']
[21, 0.25988253951072693, 0.3949810564517975, 0.8598148226737976, 0.8598148148148148, 0.8584909618818277, '00:22']
[22, 0.2503778338432312, 0.38236984610557556, 0.8667592406272888, 0.8667592592592592, 0.8655634382582784, '00:23']
[23, 0.24246260523796082, 0.3855859935283661, 0.868148148059845, 0.8681481481481481, 0.8676468497909696, '00:23']
[24, 0.24309881031513214, 0.38415536284446716, 0.8682407140731812, 0.8682407407407408, 0.8678573060520071, '00:24']
[25, 0.23712904751300812, 0.38274481892585754, 0.8673148155212402, 0.8673148148148148, 0.8660794976680457, '00:23']
[26, 0.2247944325208664, 0.38222184777259827, 0.8699073791503906, 0.8699074074074074, 0.8693157811049795, '00:22']
[27, 0.22538180649280548, 0.3798963725566864, 0.8702777624130249, 0.8702777777777777, 0.8697340396760783, '00:22']
[28, 0.2267610728740692, 0.37912845611572266, 0.8695370554924011, 0.8695370370370371, 0.8691120111645483, '00:22']
[29, 0.22544723749160767, 0.3788999319076538, 0.8700925707817078, 0.8700925925925925, 0.8696266619592273, '00:22']

Tiempo de entrenamiento: 709.25 segundos
/mnt/homeGPU/haoweihu/TFG/lib/python3.10/site-packages/fastai/learner.py:455: UserWarning: load_learner` uses Python's insecure pickle module, which can execute malicious arbitrary code when loading. Only load files you trust.
If you only need to load model weights and optimizer state, use the safe `Learner.load` instead.
  warn("load_learner` uses Python's insecure pickle module, which can execute malicious arbitrary code when loading. Only load files you trust.\nIf you only need to load model weights and optimizer state, use the safe `Learner.load` instead.")
Loss: 0.3789
Accuracy: 0.8701
Recall: 0.8701
F1-Score: 0.8696
Loss: 2.839385509490967
Accuracy: 0.7790464758872986
Recall (macro): 0.7791299243626767
F1 Score (macro): 0.7506473429731264
---------------------------------------------------------------------------
Ejecutando: fmnist_dist5_otsu_ex1
---------------------------------------------------------------------------
Número total de imágenes en entrenamiento: 8820
Número total de imágenes en validación: 10800

Clases: ['Ankle boot', 'Bag', 'Coat', 'Dress', 'Pullover', 'Sandal', 'Shirt', 'Sneaker', 'Trouser']
[0, 2.2652242183685303, 2.2220211029052734, 0.2552777826786041, 0.25527777777777777, 0.14436022987668676, '01:06']
[1, 1.6139622926712036, 1.192091703414917, 0.5765740871429443, 0.5765740740740741, 0.5413353826193156, '00:21']
[2, 0.8810913562774658, 0.7818989753723145, 0.6893518567085266, 0.6893518518518519, 0.6605973356245798, '00:22']
[3, 0.7109165191650391, 0.6822167038917542, 0.73416668176651, 0.7341666666666666, 0.725070753271152, '00:21']
[4, 0.660281240940094, 0.6187826991081238, 0.760185182094574, 0.7601851851851851, 0.7534601440316673, '00:21']
[5, 0.6213836669921875, 0.619267463684082, 0.7590740919113159, 0.759074074074074, 0.7428822315813244, '00:21']
[6, 0.5701035261154175, 0.5312622785568237, 0.7998148202896118, 0.7998148148148149, 0.7981483758001425, '00:21']
[7, 0.5289356708526611, 0.5131808519363403, 0.7976852059364319, 0.7976851851851853, 0.7938261390438952, '00:21']
[8, 0.48495087027549744, 0.5117120742797852, 0.802314817905426, 0.8023148148148148, 0.7953989756943165, '00:23']
[9, 0.4538394510746002, 0.4760707914829254, 0.8246296048164368, 0.8246296296296296, 0.8214190577029785, '00:22']
[10, 0.4268985986709595, 0.43842101097106934, 0.8368518352508545, 0.8368518518518518, 0.8375233659080125, '00:27']
[11, 0.39372172951698303, 0.4114578664302826, 0.8539814949035645, 0.8539814814814815, 0.8532096092192254, '00:23']
[12, 0.3833043575286865, 0.4274607002735138, 0.8475925922393799, 0.8475925925925927, 0.8456393297646126, '00:21']
[13, 0.3705139756202698, 0.3908979892730713, 0.8618518710136414, 0.8618518518518519, 0.8611330158956942, '00:21']
[14, 0.35328900814056396, 0.41415709257125854, 0.8518518805503845, 0.8518518518518519, 0.8508763163388915, '00:23']
[15, 0.33116614818573, 0.41084712743759155, 0.8549073934555054, 0.8549074074074074, 0.8547069628485473, '00:23']
[16, 0.3331927955150604, 0.38321012258529663, 0.8633333444595337, 0.8633333333333333, 0.8640568085917947, '00:27']
[17, 0.31601259112358093, 0.3781563937664032, 0.8687037229537964, 0.8687037037037038, 0.8684839548473158, '00:23']
[18, 0.2981029152870178, 0.3680606186389923, 0.8686110973358154, 0.8686111111111111, 0.8683077719754885, '00:22']
[19, 0.28778544068336487, 0.3711051642894745, 0.8700000047683716, 0.87, 0.8697586349663136, '00:22']
[20, 0.2926712930202484, 0.3710455298423767, 0.8670370578765869, 0.8670370370370369, 0.8661885734814229, '00:22']
[21, 0.2701597809791565, 0.3633483946323395, 0.871666669845581, 0.8716666666666666, 0.8711042079876702, '00:23']
[22, 0.26676496863365173, 0.36078324913978577, 0.8736110925674438, 0.8736111111111111, 0.8739009736580116, '00:22']
[23, 0.258176326751709, 0.3652043640613556, 0.870555579662323, 0.8705555555555556, 0.8706330647788073, '00:22']
[24, 0.2486136108636856, 0.3634617030620575, 0.871666669845581, 0.8716666666666666, 0.8709958649213889, '00:22']
[25, 0.24426281452178955, 0.36165252327919006, 0.8748148083686829, 0.8748148148148148, 0.8743316440745367, '00:22']
[26, 0.2489779144525528, 0.36024653911590576, 0.875, 0.8750000000000001, 0.874609970843905, '00:23']
[27, 0.23478108644485474, 0.36095285415649414, 0.8748148083686829, 0.8748148148148148, 0.8744281977910109, '00:22']
[28, 0.2405913770198822, 0.35963916778564453, 0.8753703832626343, 0.8753703703703704, 0.8750289112280081, '00:23']
[29, 0.2375297099351883, 0.35955047607421875, 0.8747222423553467, 0.8747222222222223, 0.8744011503242168, '00:22']

Tiempo de entrenamiento: 730.17 segundos
/mnt/homeGPU/haoweihu/TFG/lib/python3.10/site-packages/fastai/learner.py:455: UserWarning: load_learner` uses Python's insecure pickle module, which can execute malicious arbitrary code when loading. Only load files you trust.
If you only need to load model weights and optimizer state, use the safe `Learner.load` instead.
  warn("load_learner` uses Python's insecure pickle module, which can execute malicious arbitrary code when loading. Only load files you trust.\nIf you only need to load model weights and optimizer state, use the safe `Learner.load` instead.")
Loss: 0.3596
Accuracy: 0.8747
Recall: 0.8747
F1-Score: 0.8744
Loss: 2.92600154876709
Accuracy: 0.7794471383094788
Recall (macro): 0.7794210048637514
F1 Score (macro): 0.7509660677859443
---------------------------------------------------------------------------
Ejecutando: fmnist_dist5_otsu_ex2
---------------------------------------------------------------------------
Número total de imágenes en entrenamiento: 8820
Número total de imágenes en validación: 10800

Clases: ['Ankle boot', 'Bag', 'Coat', 'Dress', 'Pullover', 'Sandal', 'Shirt', 'Sneaker', 'Trouser']
[0, 2.2709100246429443, 2.224390983581543, 0.3368518650531769, 0.33685185185185185, 0.26430662508175473, '00:36']
[1, 1.6135302782058716, 1.1990288496017456, 0.5088889002799988, 0.508888888888889, 0.4129578493306235, '00:21']
[2, 0.9432685375213623, 0.8318362832069397, 0.6740740537643433, 0.674074074074074, 0.6329431179378701, '00:23']
[3, 0.7784887552261353, 0.7825183272361755, 0.6767592430114746, 0.6767592592592593, 0.6487306100952925, '00:23']
[4, 0.7152954936027527, 0.6978141069412231, 0.6890740990638733, 0.6890740740740741, 0.66178982270984, '00:21']
[5, 0.6612461805343628, 0.6793771982192993, 0.7208333611488342, 0.7208333333333334, 0.698481560050311, '00:21']
[6, 0.5963022708892822, 0.5722084641456604, 0.7866666913032532, 0.7866666666666666, 0.7827914893628939, '00:21']
[7, 0.5463354587554932, 0.5234887003898621, 0.8061110973358154, 0.8061111111111112, 0.8059451628282885, '00:21']
[8, 0.5137075185775757, 0.5307744741439819, 0.8055555820465088, 0.8055555555555556, 0.8032865381989568, '00:21']
[9, 0.4761548638343811, 0.5342013239860535, 0.7904629707336426, 0.7904629629629629, 0.7843663504492852, '00:21']
[10, 0.44474655389785767, 0.4535042643547058, 0.8257407546043396, 0.8257407407407407, 0.8248307016220058, '00:21']
[11, 0.4168526232242584, 0.43273332715034485, 0.8374999761581421, 0.8375, 0.8361862811380785, '00:21']
[12, 0.3987430930137634, 0.45390117168426514, 0.8294444680213928, 0.8294444444444444, 0.8280245226839669, '00:21']
[13, 0.3893410265445709, 0.42937201261520386, 0.8407407402992249, 0.8407407407407407, 0.8402791166847215, '00:31']
[14, 0.356075257062912, 0.413731187582016, 0.8486111164093018, 0.8486111111111111, 0.8473371956094797, '00:21']
[15, 0.345564067363739, 0.4003138244152069, 0.8543518781661987, 0.8543518518518518, 0.853530683717262, '00:21']
[16, 0.32317429780960083, 0.39516738057136536, 0.8528703451156616, 0.8528703703703705, 0.8520404366341, '00:21']
[17, 0.32395967841148376, 0.3791496157646179, 0.8611111044883728, 0.8611111111111112, 0.8611411381918156, '00:21']
[18, 0.304698646068573, 0.38791319727897644, 0.862500011920929, 0.8625, 0.8621154602952578, '00:21']
[19, 0.2978505492210388, 0.3883674740791321, 0.8610185384750366, 0.8610185185185185, 0.8605242386068475, '00:21']
[20, 0.2783157229423523, 0.38260769844055176, 0.8661110997200012, 0.866111111111111, 0.8658325150192752, '00:21']
[21, 0.2729538381099701, 0.37779292464256287, 0.8662037253379822, 0.8662037037037037, 0.8659551733424904, '00:21']
[22, 0.2610437870025635, 0.37345975637435913, 0.8678703904151917, 0.8678703703703703, 0.8676328200499589, '00:21']
[23, 0.24942119419574738, 0.3770087659358978, 0.8659259080886841, 0.865925925925926, 0.8662018903381961, '00:21']
[24, 0.24584868550300598, 0.3712760806083679, 0.8712037205696106, 0.8712037037037037, 0.871251128670347, '00:21']
[25, 0.2393583357334137, 0.3736816942691803, 0.870462954044342, 0.870462962962963, 0.8705161882640373, '00:21']
[26, 0.23823577165603638, 0.37006065249443054, 0.8691666722297668, 0.8691666666666666, 0.8691714636102383, '00:23']
[27, 0.23698543012142181, 0.36989831924438477, 0.8700000047683716, 0.87, 0.8700670423167324, '00:22']
[28, 0.23197206854820251, 0.37017256021499634, 0.8708333373069763, 0.8708333333333332, 0.8708766794514196, '00:23']
[29, 0.23524275422096252, 0.37006381154060364, 0.8703703880310059, 0.8703703703703703, 0.8704396741521588, '00:21']

Tiempo de entrenamiento: 678.49 segundos
/mnt/homeGPU/haoweihu/TFG/lib/python3.10/site-packages/fastai/learner.py:455: UserWarning: load_learner` uses Python's insecure pickle module, which can execute malicious arbitrary code when loading. Only load files you trust.
If you only need to load model weights and optimizer state, use the safe `Learner.load` instead.
  warn("load_learner` uses Python's insecure pickle module, which can execute malicious arbitrary code when loading. Only load files you trust.\nIf you only need to load model weights and optimizer state, use the safe `Learner.load` instead.")
Loss: 0.3701
Accuracy: 0.8704
Recall: 0.8704
F1-Score: 0.8704
Loss: 2.5745091438293457
Accuracy: 0.7796474099159241
Recall (macro): 0.7795752760542927
F1 Score (macro): 0.7515750805147433
---------------------------------------------------------------------------
Ejecutando: fmnist_dist5_otsu_ex3
---------------------------------------------------------------------------
Número total de imágenes en entrenamiento: 8820
Número total de imágenes en validación: 10800

Clases: ['Ankle boot', 'Bag', 'Coat', 'Dress', 'Pullover', 'Sandal', 'Shirt', 'Sneaker', 'Trouser']
[0, 2.2689929008483887, 2.232697010040283, 0.15620370209217072, 0.1562037037037037, 0.0547362187610375, '00:37']
[1, 1.7627990245819092, 1.309658169746399, 0.6462036967277527, 0.6462037037037036, 0.6217242297213748, '00:21']
[2, 0.9396323561668396, 0.8049811720848083, 0.6827777624130249, 0.6827777777777777, 0.6427816040199537, '00:21']
[3, 0.7448749542236328, 0.7407674193382263, 0.6971296072006226, 0.6971296296296295, 0.667761008590475, '00:21']
[4, 0.6652918457984924, 0.6444238424301147, 0.748796284198761, 0.7487962962962963, 0.7435540864815704, '00:21']
[5, 0.6323038339614868, 0.5792422890663147, 0.7654629349708557, 0.7654629629629629, 0.762840522790634, '00:21']
[6, 0.5834733247756958, 0.5807933807373047, 0.7676851749420166, 0.7676851851851851, 0.7595588498403781, '00:23']
[7, 0.5354816913604736, 0.5585341453552246, 0.7754629850387573, 0.7754629629629629, 0.7674850961224656, '00:21']
[8, 0.503336489200592, 0.550142228603363, 0.7771296501159668, 0.7771296296296296, 0.7783329796116747, '00:22']
[9, 0.48510587215423584, 0.4749656915664673, 0.8154629468917847, 0.8154629629629628, 0.8156051513196435, '00:22']
[10, 0.445361465215683, 0.4624817371368408, 0.8220370411872864, 0.822037037037037, 0.8194095529206663, '00:21']
[11, 0.4261155128479004, 0.44606539607048035, 0.8255555629730225, 0.8255555555555555, 0.8232804791681783, '00:21']
[12, 0.40622028708457947, 0.41665130853652954, 0.8400925993919373, 0.8400925925925926, 0.8409924240629888, '00:25']
[13, 0.37254735827445984, 0.4354757070541382, 0.833981454372406, 0.8339814814814814, 0.8313111625838367, '00:22']
[14, 0.3599836826324463, 0.4002268314361572, 0.8492592573165894, 0.8492592592592593, 0.8486490999717117, '00:21']
[15, 0.3329974412918091, 0.41041481494903564, 0.8461111187934875, 0.8461111111111111, 0.8461565417128496, '00:21']
[16, 0.3328564167022705, 0.3855445384979248, 0.8550000190734863, 0.855, 0.8542494242715528, '00:21']
[17, 0.32523927092552185, 0.3939705789089203, 0.8581481575965881, 0.8581481481481482, 0.8577223693369578, '00:21']
[18, 0.3112484812736511, 0.37675514817237854, 0.8615740537643433, 0.861574074074074, 0.8617132351543968, '00:23']
[19, 0.29729095101356506, 0.38414984941482544, 0.8621296286582947, 0.8621296296296296, 0.8630233291445458, '00:21']
[20, 0.28491565585136414, 0.37191009521484375, 0.8645370602607727, 0.8645370370370371, 0.8650228801123706, '00:24']
[21, 0.27085068821907043, 0.381152480840683, 0.8647222518920898, 0.8647222222222223, 0.8650563933138141, '00:21']
[22, 0.2586277723312378, 0.37944579124450684, 0.8634259104728699, 0.863425925925926, 0.8636393339448428, '00:21']
[23, 0.2690467834472656, 0.3728991448879242, 0.8651852011680603, 0.8651851851851853, 0.8651378387691925, '00:23']
[24, 0.25408756732940674, 0.37055501341819763, 0.8662962913513184, 0.8662962962962962, 0.8667691117025915, '00:26']
[25, 0.2476019561290741, 0.3691416084766388, 0.8680555820465088, 0.8680555555555556, 0.8683732094036843, '00:21']
[26, 0.23989546298980713, 0.3688544034957886, 0.869351863861084, 0.8693518518518518, 0.8698196102235269, '00:21']
[27, 0.242545947432518, 0.3686295747756958, 0.8687037229537964, 0.8687037037037038, 0.8690032708073748, '00:21']
[28, 0.24740701913833618, 0.36885374784469604, 0.8685185313224792, 0.8685185185185186, 0.8687776999263019, '00:21']
[29, 0.24698837101459503, 0.36880847811698914, 0.8685185313224792, 0.8685185185185185, 0.8687738326073353, '00:21']

Tiempo de entrenamiento: 685.64 segundos
/mnt/homeGPU/haoweihu/TFG/lib/python3.10/site-packages/fastai/learner.py:455: UserWarning: load_learner` uses Python's insecure pickle module, which can execute malicious arbitrary code when loading. Only load files you trust.
If you only need to load model weights and optimizer state, use the safe `Learner.load` instead.
  warn("load_learner` uses Python's insecure pickle module, which can execute malicious arbitrary code when loading. Only load files you trust.\nIf you only need to load model weights and optimizer state, use the safe `Learner.load` instead.")
Loss: 0.3688
Accuracy: 0.8685
Recall: 0.8685
F1-Score: 0.8688
Loss: 2.514028787612915
Accuracy: 0.7801482081413269
Recall (macro): 0.7803038848063624
F1 Score (macro): 0.7529620013256141
---------------------------------------------------------------------------
Ejecutando: fmnist_dist01_otsu_ex1
---------------------------------------------------------------------------
Número total de imágenes en entrenamiento: 20160
Número total de imágenes en validación: 10800

Clases: ['Ankle boot', 'Bag', 'Coat', 'Dress', 'Pullover', 'Sandal', 'Shirt', 'Sneaker', 'Trouser']
[0, 1.9219958782196045, 1.7377264499664307, 0.5079629421234131, 0.507962962962963, 0.42282674579501145, '00:58']
[1, 0.7625920176506042, 0.8388815522193909, 0.6518518328666687, 0.6518518518518519, 0.6297897934470214, '00:34']
[2, 0.5613625049591064, 0.7257794141769409, 0.7408333420753479, 0.7408333333333333, 0.7308137399421668, '00:34']
[3, 0.5088146328926086, 0.6303163766860962, 0.7698147892951965, 0.7698148148148147, 0.7680686071783893, '00:33']
[4, 0.4343477487564087, 0.5575839281082153, 0.7939814925193787, 0.7939814814814814, 0.7907203481683519, '00:33']
[5, 0.4001021981239319, 0.5899240374565125, 0.7801851630210876, 0.7801851851851852, 0.777120477463987, '00:35']
[6, 0.3563387393951416, 0.5043273568153381, 0.8146296143531799, 0.8146296296296297, 0.8106081628898649, '00:34']
[7, 0.3141462802886963, 0.451696515083313, 0.8381481766700745, 0.8381481481481482, 0.837421771894058, '00:34']
[8, 0.2905198633670807, 0.4405301809310913, 0.8478703498840332, 0.8478703703703704, 0.8478111194683844, '00:36']
[9, 0.263390451669693, 0.4141901731491089, 0.8520370125770569, 0.8520370370370371, 0.8507163117069817, '00:41']
[10, 0.2532878816127777, 0.42488977313041687, 0.8532407283782959, 0.8532407407407407, 0.8532512683746296, '00:37']
[11, 0.24752159416675568, 0.4404882788658142, 0.8500925898551941, 0.8500925925925926, 0.8489253844328455, '00:34']
[12, 0.22083169221878052, 0.4005081355571747, 0.8637962937355042, 0.8637962962962963, 0.8627940147882577, '00:33']
[13, 0.21536029875278473, 0.4099217355251312, 0.8639814853668213, 0.8639814814814816, 0.8626525289055249, '00:34']
[14, 0.21057747304439545, 0.378364235162735, 0.8689814805984497, 0.8689814814814816, 0.8675450254492887, '00:33']
[15, 0.20428185164928436, 0.3734268546104431, 0.8700925707817078, 0.8700925925925926, 0.8699887765498676, '00:33']
[16, 0.1936076581478119, 0.39185383915901184, 0.8653703927993774, 0.8653703703703703, 0.8646427814229575, '00:34']
[17, 0.17262980341911316, 0.3804880976676941, 0.8739814758300781, 0.8739814814814815, 0.8733717644882787, '00:33']
[18, 0.17370565235614777, 0.3833421468734741, 0.8735185265541077, 0.8735185185185185, 0.8736387910587575, '00:34']
[19, 0.16551019251346588, 0.3706821799278259, 0.8786110877990723, 0.8786111111111111, 0.8781588726066921, '00:34']
[20, 0.16855941712856293, 0.3833444118499756, 0.8774999976158142, 0.8775, 0.8779012949304172, '00:34']
[21, 0.15563459694385529, 0.3823900520801544, 0.8763889074325562, 0.876388888888889, 0.8757578175810327, '00:34']
[22, 0.14404138922691345, 0.39261701703071594, 0.8760185241699219, 0.8760185185185185, 0.8756418065510602, '00:34']
[23, 0.13711680471897125, 0.39030471444129944, 0.8772222399711609, 0.8772222222222222, 0.8768986471640597, '00:34']
[24, 0.13072268664836884, 0.3890891373157501, 0.8779629468917847, 0.8779629629629631, 0.8774520873117247, '00:35']
No improvement since epoch 19: early stopping

Tiempo de entrenamiento: 895.40 segundos
/mnt/homeGPU/haoweihu/TFG/lib/python3.10/site-packages/fastai/learner.py:455: UserWarning: load_learner` uses Python's insecure pickle module, which can execute malicious arbitrary code when loading. Only load files you trust.
If you only need to load model weights and optimizer state, use the safe `Learner.load` instead.
  warn("load_learner` uses Python's insecure pickle module, which can execute malicious arbitrary code when loading. Only load files you trust.\nIf you only need to load model weights and optimizer state, use the safe `Learner.load` instead.")
Loss: 0.3891
Accuracy: 0.8780
Recall: 0.8780
F1-Score: 0.8775
Loss: 2.7404868602752686
Accuracy: 0.7818509340286255
Recall (macro): 0.7818462301329435
F1 Score (macro): 0.75271189902674
---------------------------------------------------------------------------
Ejecutando: fmnist_dist01_otsu_ex2
---------------------------------------------------------------------------
Número total de imágenes en entrenamiento: 20160
Número total de imágenes en validación: 10800

Clases: ['Ankle boot', 'Bag', 'Coat', 'Dress', 'Pullover', 'Sandal', 'Shirt', 'Sneaker', 'Trouser']
[0, 1.9647060632705688, 1.7999253273010254, 0.5955555438995361, 0.5955555555555556, 0.5546894234258514, '01:04']
[1, 0.7779930830001831, 0.8449322581291199, 0.6601851582527161, 0.6601851851851852, 0.6283299669764741, '00:37']
[2, 0.5745635032653809, 0.6983135938644409, 0.7392592430114746, 0.7392592592592594, 0.7292993763303548, '00:37']
[3, 0.49806708097457886, 0.6179116368293762, 0.7594444155693054, 0.7594444444444444, 0.7586191110966316, '00:37']
[4, 0.4275861084461212, 0.6095591187477112, 0.7675926089286804, 0.7675925925925926, 0.7616615827000913, '00:35']
[5, 0.38789403438568115, 0.5378783941268921, 0.8052777647972107, 0.8052777777777778, 0.8063062360293487, '00:34']
[6, 0.3420617878437042, 0.4787701964378357, 0.8231481313705444, 0.8231481481481482, 0.8216783507453918, '00:34']
[7, 0.317666232585907, 0.45173805952072144, 0.8274999856948853, 0.8275000000000001, 0.828390795536373, '00:34']
[8, 0.29962867498397827, 0.4217720925807953, 0.8458333611488342, 0.8458333333333334, 0.8463391984093992, '00:33']
[9, 0.3000890910625458, 0.38853520154953003, 0.8584259152412415, 0.858425925925926, 0.8585026658415065, '00:34']
[10, 0.27261799573898315, 0.4065520167350769, 0.8533333539962769, 0.8533333333333333, 0.8543406162428488, '00:34']
[11, 0.2633022367954254, 0.4023941457271576, 0.8512963056564331, 0.8512962962962962, 0.8490779146086331, '00:34']
[12, 0.2563742995262146, 0.38822296261787415, 0.8606481552124023, 0.860648148148148, 0.8608269332749942, '00:34']
[13, 0.24388648569583893, 0.3816525936126709, 0.8652777671813965, 0.8652777777777778, 0.8648377420848089, '00:35']
[14, 0.21411938965320587, 0.36327335238456726, 0.8670370578765869, 0.867037037037037, 0.8669445461863438, '00:34']
[15, 0.22053182125091553, 0.3637268841266632, 0.8662037253379822, 0.8662037037037037, 0.8658497140584599, '00:34']
[16, 0.21662327647209167, 0.3768085539340973, 0.8630555272102356, 0.8630555555555556, 0.8628021008057374, '00:34']
[17, 0.2116394191980362, 0.36456725001335144, 0.8697222471237183, 0.8697222222222222, 0.8698939069013361, '00:34']
[18, 0.19578315317630768, 0.36901047825813293, 0.8680555820465088, 0.8680555555555555, 0.867967352755087, '00:34']
[19, 0.1828988939523697, 0.37100446224212646, 0.8696296215057373, 0.8696296296296295, 0.8696436878167094, '00:34']
No improvement since epoch 14: early stopping

Tiempo de entrenamiento: 728.89 segundos
/mnt/homeGPU/haoweihu/TFG/lib/python3.10/site-packages/fastai/learner.py:455: UserWarning: load_learner` uses Python's insecure pickle module, which can execute malicious arbitrary code when loading. Only load files you trust.
If you only need to load model weights and optimizer state, use the safe `Learner.load` instead.
  warn("load_learner` uses Python's insecure pickle module, which can execute malicious arbitrary code when loading. Only load files you trust.\nIf you only need to load model weights and optimizer state, use the safe `Learner.load` instead.")
Loss: 0.3710
Accuracy: 0.8696
Recall: 0.8696
F1-Score: 0.8696
Loss: 2.6850764751434326
Accuracy: 0.7736378312110901
Recall (macro): 0.7737938105742923
F1 Score (macro): 0.7468840995476722
---------------------------------------------------------------------------
Ejecutando: fmnist_dist01_otsu_ex3
---------------------------------------------------------------------------
Número total de imágenes en entrenamiento: 20160
Número total de imágenes en validación: 10800

Clases: ['Ankle boot', 'Bag', 'Coat', 'Dress', 'Pullover', 'Sandal', 'Shirt', 'Sneaker', 'Trouser']
[0, 1.9458893537521362, 1.7773555517196655, 0.44611111283302307, 0.4461111111111112, 0.4000677659785217, '00:55']
[1, 0.7154935002326965, 0.80277019739151, 0.676111102104187, 0.6761111111111111, 0.6646623597115895, '00:34']
[2, 0.5225042700767517, 0.6595470309257507, 0.7481481432914734, 0.7481481481481481, 0.7446928826489286, '00:34']
[3, 0.4463215172290802, 0.5660902857780457, 0.787407398223877, 0.7874074074074074, 0.7855779854517266, '00:34']
[4, 0.3929084241390228, 0.5273664593696594, 0.8025925755500793, 0.8025925925925926, 0.8020954815152836, '00:34']
[5, 0.3443228304386139, 0.46361589431762695, 0.8282407522201538, 0.8282407407407406, 0.8269696462422356, '00:33']
[6, 0.3193056583404541, 0.5041961669921875, 0.8146296143531799, 0.8146296296296297, 0.8125776116480145, '00:33']
[7, 0.28968480229377747, 0.43049171566963196, 0.8456481695175171, 0.8456481481481481, 0.8443125172145329, '00:34']
[8, 0.2813962996006012, 0.4220218062400818, 0.846666693687439, 0.8466666666666667, 0.845012523520438, '00:34']
[9, 0.24521179497241974, 0.41794145107269287, 0.8512036800384521, 0.8512037037037037, 0.8530683957026555, '00:34']
[10, 0.2358912229537964, 0.4046831727027893, 0.8553703427314758, 0.8553703703703704, 0.8529044993762764, '00:34']
[11, 0.2387973815202713, 0.3793163597583771, 0.8642592430114746, 0.8642592592592592, 0.863050552026127, '00:34']
[12, 0.22737877070903778, 0.3887249529361725, 0.8589814901351929, 0.8589814814814815, 0.8585955593752703, '00:34']
[13, 0.2162572294473648, 0.3977411091327667, 0.8596296310424805, 0.8596296296296296, 0.859441544308433, '00:34']
[14, 0.18825553357601166, 0.37389102578163147, 0.8710185289382935, 0.8710185185185185, 0.8706753908382124, '00:34']
[15, 0.18204717338085175, 0.40036866068840027, 0.8630555272102356, 0.8630555555555556, 0.8614994374441951, '00:34']
[16, 0.19277125597000122, 0.38326889276504517, 0.8635185360908508, 0.8635185185185186, 0.862425068509737, '00:34']
[17, 0.17069238424301147, 0.3760668635368347, 0.8731481432914734, 0.8731481481481481, 0.8730521587736781, '00:34']
[18, 0.16268494725227356, 0.3941928446292877, 0.8698148131370544, 0.8698148148148148, 0.8692918667655911, '00:35']
[19, 0.1696254462003708, 0.3819945454597473, 0.8737037181854248, 0.8737037037037036, 0.8734467459806309, '00:35']
No improvement since epoch 14: early stopping

Tiempo de entrenamiento: 709.82 segundos
/mnt/homeGPU/haoweihu/TFG/lib/python3.10/site-packages/fastai/learner.py:455: UserWarning: load_learner` uses Python's insecure pickle module, which can execute malicious arbitrary code when loading. Only load files you trust.
If you only need to load model weights and optimizer state, use the safe `Learner.load` instead.
  warn("load_learner` uses Python's insecure pickle module, which can execute malicious arbitrary code when loading. Only load files you trust.\nIf you only need to load model weights and optimizer state, use the safe `Learner.load` instead.")
Loss: 0.3820
Accuracy: 0.8737
Recall: 0.8737
F1-Score: 0.8734
Loss: 2.5459249019622803
Accuracy: 0.7789463400840759
Recall (macro): 0.7790167215723175
F1 Score (macro): 0.7511177634570283
mail: cannot send message: Process exited with a non-zero status
