---------------------------------------------------------------------------
Ejecutando: cifar_rgb_10pct_dq
---------------------------------------------------------------------------
Número total de imágenes en entrenamiento: 4000
Número total de imágenes en validación: 10000

Clases: ['airplane', 'automobile', 'bird', 'cat', 'deer', 'dog', 'frog', 'horse', 'ship', 'truck']
[0, 2.3035809993743896, 2.3029568195343018, 0.09910000115633011, 0.0991, 0.01970922100902748, '00:57']
[1, 2.3020179271698, 2.298121213912964, 0.1412999927997589, 0.14129999999999998, 0.06744993364911886, '00:23']
[2, 2.2696902751922607, 2.177180767059326, 0.16459999978542328, 0.1646, 0.06455594255059288, '00:23']
[3, 2.1595683097839355, 2.129878282546997, 0.18979999423027039, 0.18980000000000002, 0.12117688611278996, '00:24']
[4, 2.107253074645996, 2.035829782485962, 0.23489999771118164, 0.23490000000000003, 0.17514427682285796, '00:23']
[5, 2.0637807846069336, 2.011343002319336, 0.23000000417232513, 0.23000000000000004, 0.15376258574689625, '00:23']
[6, 2.0322484970092773, 1.980283260345459, 0.24619999527931213, 0.24620000000000003, 0.1995984778064636, '00:23']
[7, 1.967982292175293, 1.8350692987442017, 0.32739999890327454, 0.32739999999999997, 0.2858924486715809, '00:23']
[8, 1.9171251058578491, 1.80427885055542, 0.3450999855995178, 0.3451, 0.333977077085467, '00:23']
[9, 1.8528622388839722, 1.750664234161377, 0.3560999929904938, 0.35609999999999997, 0.34745135963929275, '00:23']
[10, 1.8044933080673218, 1.7422330379486084, 0.35040000081062317, 0.3504, 0.3428651515717909, '00:23']
[11, 1.7774804830551147, 1.6896107196807861, 0.3824000060558319, 0.38239999999999996, 0.38199257044400137, '00:23']
[12, 1.752170205116272, 1.6406642198562622, 0.4027999937534332, 0.40280000000000005, 0.3861309139117247, '00:23']
[13, 1.7226307392120361, 1.6536275148391724, 0.39500001072883606, 0.395, 0.37359894085945455, '00:23']
[14, 1.693135380744934, 1.6212799549102783, 0.40700000524520874, 0.40700000000000003, 0.40000000026940963, '00:23']
[15, 1.6802440881729126, 1.6081857681274414, 0.4108999967575073, 0.4109, 0.39366883847436995, '00:23']
[16, 1.6488924026489258, 1.5926365852355957, 0.4146000146865845, 0.4145999999999999, 0.3956510133357381, '00:23']
[17, 1.652219533920288, 1.5889383554458618, 0.421999990940094, 0.422, 0.4114114630861918, '00:29']
[18, 1.6327037811279297, 1.5605549812316895, 0.4350000023841858, 0.43500000000000005, 0.42675205809562333, '00:23']
[19, 1.6071628332138062, 1.562868356704712, 0.4311000108718872, 0.4311, 0.4238734979998098, '00:23']
[20, 1.593355417251587, 1.5794841051101685, 0.427700012922287, 0.4277, 0.4289122543715903, '00:23']
[21, 1.5808382034301758, 1.5540030002593994, 0.4350999891757965, 0.4351, 0.42321259573612424, '00:23']
[22, 1.5646599531173706, 1.546402931213379, 0.4408000111579895, 0.4408, 0.43768113731380504, '00:23']
[23, 1.550313115119934, 1.5330095291137695, 0.44350001215934753, 0.44349999999999995, 0.43666856757864386, '00:23']
[24, 1.5341992378234863, 1.5331498384475708, 0.44530001282691956, 0.44530000000000003, 0.4327745290768827, '00:23']
[25, 1.5318585634231567, 1.5229988098144531, 0.44929999113082886, 0.44930000000000003, 0.4409867851875246, '00:23']
[26, 1.5251790285110474, 1.5223571062088013, 0.4494999945163727, 0.4495, 0.4421660775633831, '00:23']
[27, 1.522587537765503, 1.5189979076385498, 0.4507000148296356, 0.4507, 0.44072187850348865, '00:23']
[28, 1.519016981124878, 1.5189306735992432, 0.4462999999523163, 0.4462999999999999, 0.4368340467866572, '00:23']
[29, 1.518630862236023, 1.5190602540969849, 0.447299987077713, 0.4473, 0.4378095215708962, '00:23']

Tiempo de entrenamiento: 748.99 segundos
/mnt/homeGPU/haoweihu/TFG/lib/python3.10/site-packages/fastai/learner.py:455: UserWarning: load_learner` uses Python's insecure pickle module, which can execute malicious arbitrary code when loading. Only load files you trust.
If you only need to load model weights and optimizer state, use the safe `Learner.load` instead.
  warn("load_learner` uses Python's insecure pickle module, which can execute malicious arbitrary code when loading. Only load files you trust.\nIf you only need to load model weights and optimizer state, use the safe `Learner.load` instead.")
Loss: 1.5191
Accuracy: 0.4473
Recall: 0.4473
F1-Score: 0.4378
Loss: 1.5197598934173584
Accuracy: 0.44130608439445496
Recall (macro): 0.44140614520011756
F1 Score (macro): 0.4304982992674894
---------------------------------------------------------------------------
Ejecutando: cifar_rgb_20pct_dq
---------------------------------------------------------------------------
Número total de imágenes en entrenamiento: 7986
Número total de imágenes en validación: 10000

Clases: ['airplane', 'automobile', 'bird', 'cat', 'deer', 'dog', 'frog', 'horse', 'ship', 'truck']
[0, 2.302171468734741, 2.3006863594055176, 0.1347000002861023, 0.1347, 0.046849961778866314, '00:53']
[1, 2.285147190093994, 2.256657123565674, 0.18719999492168427, 0.18719999999999998, 0.10911167788874501, '00:30']
[2, 2.139742851257324, 2.0717437267303467, 0.20080000162124634, 0.2008, 0.132356263991735, '00:30']
[3, 2.0576653480529785, 2.007017135620117, 0.22619999945163727, 0.22619999999999996, 0.1669129635457684, '00:30']
[4, 2.0017311573028564, 1.9136415719985962, 0.28630000352859497, 0.2863, 0.24659135517821745, '00:29']
[5, 1.931870460510254, 1.8740191459655762, 0.2971999943256378, 0.2972, 0.2749443055282785, '00:30']
[6, 1.8974767923355103, 1.8419932126998901, 0.3131999969482422, 0.31320000000000003, 0.29135360803670707, '00:30']
[7, 1.8301310539245605, 1.7388066053390503, 0.3720000088214874, 0.372, 0.35860754333315137, '00:30']
[8, 1.7949472665786743, 1.723257064819336, 0.3601999878883362, 0.36019999999999996, 0.3517485191427951, '00:30']
[9, 1.7789300680160522, 1.6537672281265259, 0.40139999985694885, 0.40140000000000003, 0.3928830917064156, '00:29']
[10, 1.7425713539123535, 1.6409199237823486, 0.40380001068115234, 0.40379999999999994, 0.3920125014572194, '00:30']
[11, 1.7096152305603027, 1.6457608938217163, 0.39899998903274536, 0.399, 0.3749223931403295, '00:30']
[12, 1.6776922941207886, 1.582067847251892, 0.42750000953674316, 0.42750000000000005, 0.41665251172355944, '00:29']
[13, 1.6484339237213135, 1.6251251697540283, 0.4138999879360199, 0.41389999999999993, 0.41059076602572037, '00:30']
[14, 1.628383755683899, 1.559921145439148, 0.4332999885082245, 0.4333, 0.41842848584148784, '00:30']
[15, 1.619042158126831, 1.5429744720458984, 0.43560001254081726, 0.4356, 0.42621461961400203, '00:30']
[16, 1.582619547843933, 1.5202288627624512, 0.4505000114440918, 0.4505, 0.44089899002208777, '00:32']
[17, 1.5521994829177856, 1.4928666353225708, 0.45989999175071716, 0.4598999999999999, 0.4536564864942855, '00:43']
[18, 1.5174368619918823, 1.4896366596221924, 0.46380001306533813, 0.4638, 0.4521134782903422, '00:43']
[19, 1.5163087844848633, 1.4856332540512085, 0.45500001311302185, 0.45499999999999996, 0.4457943035850597, '00:43']
[20, 1.487095832824707, 1.4770578145980835, 0.4634000062942505, 0.46340000000000003, 0.4546017947333551, '00:43']
[21, 1.464562177658081, 1.4605079889297485, 0.47209998965263367, 0.4721, 0.46647339931953546, '00:46']
[22, 1.4514894485473633, 1.460737943649292, 0.47099998593330383, 0.471, 0.4647079349085684, '00:45']
[23, 1.4419790506362915, 1.4586690664291382, 0.47360000014305115, 0.47359999999999997, 0.4633222248074036, '00:33']
[24, 1.414041519165039, 1.4450180530548096, 0.4794999957084656, 0.4795, 0.47339605601798807, '00:30']
[25, 1.4148094654083252, 1.450003743171692, 0.47850000858306885, 0.4784999999999999, 0.47226869099503094, '00:30']
[26, 1.4102942943572998, 1.4411689043045044, 0.48420000076293945, 0.4842000000000001, 0.478857250143444, '00:30']
[27, 1.4063224792480469, 1.4416718482971191, 0.4796999990940094, 0.47970000000000007, 0.47414805079230327, '00:30']
[28, 1.4010523557662964, 1.4409599304199219, 0.48159998655319214, 0.4816, 0.4753979460074664, '00:30']
[29, 1.4104819297790527, 1.4407269954681396, 0.4814000129699707, 0.4814, 0.47511060700390023, '00:30']

Tiempo de entrenamiento: 1020.44 segundos
/mnt/homeGPU/haoweihu/TFG/lib/python3.10/site-packages/fastai/learner.py:455: UserWarning: load_learner` uses Python's insecure pickle module, which can execute malicious arbitrary code when loading. Only load files you trust.
If you only need to load model weights and optimizer state, use the safe `Learner.load` instead.
  warn("load_learner` uses Python's insecure pickle module, which can execute malicious arbitrary code when loading. Only load files you trust.\nIf you only need to load model weights and optimizer state, use the safe `Learner.load` instead.")
Loss: 1.4407
Accuracy: 0.4814
Recall: 0.4814
F1-Score: 0.4751
Loss: 1.4258331060409546
Accuracy: 0.48237180709838867
Recall (macro): 0.4823354342183463
F1 Score (macro): 0.47646576730532153
---------------------------------------------------------------------------
Ejecutando: cifar_rgb_30pct_dq
---------------------------------------------------------------------------
Número total de imágenes en entrenamiento: 11927
Número total de imágenes en validación: 10000

Clases: ['airplane', 'automobile', 'bird', 'cat', 'deer', 'dog', 'frog', 'horse', 'ship', 'truck']
[0, 2.30161714553833, 2.2999794483184814, 0.10949999839067459, 0.1095, 0.036050546162188314, '01:04']
[1, 2.276442527770996, 2.23752760887146, 0.20960000157356262, 0.2096, 0.14970510894956648, '00:37']
[2, 2.0899147987365723, 2.031130075454712, 0.23960000276565552, 0.23959999999999998, 0.177625675263775, '00:37']
[3, 2.039515256881714, 1.959252953529358, 0.2732999920845032, 0.27330000000000004, 0.23452332728889475, '00:37']
[4, 1.97038996219635, 1.8747475147247314, 0.2987000048160553, 0.29869999999999997, 0.2691766298901811, '00:37']
[5, 1.914095401763916, 1.878135323524475, 0.3059999942779541, 0.306, 0.2887044230382677, '00:36']
[6, 1.8390216827392578, 1.7315524816513062, 0.3675999939441681, 0.36760000000000004, 0.35737645986956074, '00:36']
[7, 1.8047266006469727, 1.7448657751083374, 0.3544999957084656, 0.3545, 0.3277218090292897, '00:36']
[8, 1.760562777519226, 1.6439447402954102, 0.40849998593330383, 0.4085, 0.3967182236187592, '00:37']
[9, 1.7126933336257935, 1.6084154844284058, 0.4214000105857849, 0.42139999999999994, 0.4104625328577735, '00:36']
[10, 1.6710913181304932, 1.5800786018371582, 0.43140000104904175, 0.4314, 0.4133287118657753, '00:37']
[11, 1.6257046461105347, 1.6237472295761108, 0.4108999967575073, 0.4109000000000001, 0.4016911871185601, '00:36']
[12, 1.5973800420761108, 1.5590194463729858, 0.4343000054359436, 0.4343, 0.42371806236432635, '00:37']
[13, 1.5873394012451172, 1.5953110456466675, 0.42500001192092896, 0.425, 0.41096509191241803, '00:36']
[14, 1.5520453453063965, 1.5715916156768799, 0.43130001425743103, 0.43129999999999996, 0.4235001979217404, '00:37']
[15, 1.5531245470046997, 1.5097384452819824, 0.4595000147819519, 0.45949999999999996, 0.4492844789132685, '00:36']
[16, 1.5208392143249512, 1.4999061822891235, 0.45570001006126404, 0.45569999999999994, 0.4460990778065739, '00:37']
[17, 1.4894521236419678, 1.5005247592926025, 0.4607999920845032, 0.46080000000000004, 0.45453264153483747, '00:37']
[18, 1.467332124710083, 1.4767428636550903, 0.46970000863075256, 0.4697, 0.46500502232303553, '00:37']
[19, 1.4465043544769287, 1.4824165105819702, 0.4668000042438507, 0.4668, 0.4586074862557504, '00:37']
[20, 1.4328442811965942, 1.4683457612991333, 0.47920000553131104, 0.47919999999999996, 0.47552535690674375, '00:37']
[21, 1.4126192331314087, 1.4467428922653198, 0.48260000348091125, 0.48260000000000003, 0.4753584179981729, '00:37']
[22, 1.3716503381729126, 1.4407254457473755, 0.48739999532699585, 0.48740000000000006, 0.481088351290828, '00:36']
[23, 1.3826298713684082, 1.4452495574951172, 0.4839000105857849, 0.48390000000000005, 0.47713280540865793, '00:37']
[24, 1.3641914129257202, 1.4448875188827515, 0.487199991941452, 0.48719999999999997, 0.482097053248709, '00:37']
[25, 1.3451085090637207, 1.4405606985092163, 0.48829999566078186, 0.4883, 0.4833861805584201, '00:37']
[26, 1.3361730575561523, 1.4347407817840576, 0.4900999963283539, 0.4901, 0.4847244615348417, '00:37']
[27, 1.3281784057617188, 1.4338527917861938, 0.4900999963283539, 0.4901000000000001, 0.4858028780682311, '00:37']
[28, 1.3427942991256714, 1.43367600440979, 0.4909999966621399, 0.49099999999999994, 0.4870188514199965, '00:37']
[29, 1.3321491479873657, 1.434043288230896, 0.4909999966621399, 0.491, 0.48701267123876646, '00:36']

Tiempo de entrenamiento: 1141.88 segundos
/mnt/homeGPU/haoweihu/TFG/lib/python3.10/site-packages/fastai/learner.py:455: UserWarning: load_learner` uses Python's insecure pickle module, which can execute malicious arbitrary code when loading. Only load files you trust.
If you only need to load model weights and optimizer state, use the safe `Learner.load` instead.
  warn("load_learner` uses Python's insecure pickle module, which can execute malicious arbitrary code when loading. Only load files you trust.\nIf you only need to load model weights and optimizer state, use the safe `Learner.load` instead.")
Loss: 1.4340
Accuracy: 0.4910
Recall: 0.4910
F1-Score: 0.4870
Loss: 1.409462571144104
Accuracy: 0.4992988705635071
Recall (macro): 0.4992466795173044
F1 Score (macro): 0.49353389548291615
---------------------------------------------------------------------------
Ejecutando: cifar_rgb_40pct_dq
---------------------------------------------------------------------------
Número total de imágenes en entrenamiento: 15749
Número total de imágenes en validación: 10000

Clases: ['airplane', 'automobile', 'bird', 'cat', 'deer', 'dog', 'frog', 'horse', 'ship', 'truck']
[0, 2.291548252105713, 2.279313564300537, 0.16459999978542328, 0.1646, 0.08498413738020796, '01:16']
[1, 2.1350715160369873, 2.081592321395874, 0.22169999778270721, 0.2217, 0.17651470108880124, '00:44']
[2, 2.0612080097198486, 2.00216007232666, 0.2313999980688095, 0.2314, 0.16362863420041512, '00:43']
[3, 1.9687250852584839, 1.877819538116455, 0.3244999945163727, 0.3245, 0.2806573407261043, '00:43']
[4, 1.8655664920806885, 1.766961932182312, 0.34769999980926514, 0.3477, 0.3087111786440624, '00:43']
[5, 1.7804192304611206, 1.660738229751587, 0.39980000257492065, 0.3998, 0.3821615894411908, '00:43']
[6, 1.71547532081604, 1.5792680978775024, 0.4251999855041504, 0.42519999999999997, 0.40517911211617214, '00:44']
[7, 1.663150429725647, 1.5654644966125488, 0.4250999987125397, 0.42510000000000003, 0.3998633921133055, '00:43']
[8, 1.6157293319702148, 1.5094794034957886, 0.45350000262260437, 0.4535, 0.44327348622215335, '00:42']
[9, 1.5670807361602783, 1.5065580606460571, 0.45509999990463257, 0.4551, 0.4468499720182863, '00:43']
[10, 1.5553089380264282, 1.4501075744628906, 0.4781999886035919, 0.4782, 0.46529666004415826, '00:53']
[11, 1.4826571941375732, 1.4163312911987305, 0.48579999804496765, 0.48579999999999995, 0.47619712748141724, '01:01']
[12, 1.45818293094635, 1.4377282857894897, 0.48190000653266907, 0.4819, 0.4693948884850124, '01:04']
[13, 1.4129860401153564, 1.4385244846343994, 0.4837000072002411, 0.48369999999999996, 0.47882239283137273, '01:08']
[14, 1.4101951122283936, 1.3797470331192017, 0.5006999969482422, 0.5007, 0.49425543291274704, '01:02']
[15, 1.3815253973007202, 1.3616816997528076, 0.5139999985694885, 0.514, 0.5104823244318049, '00:43']
[16, 1.3269115686416626, 1.3807318210601807, 0.503600001335144, 0.5035999999999999, 0.4912278145746905, '00:43']
[17, 1.319286823272705, 1.3382768630981445, 0.5209000110626221, 0.5208999999999999, 0.5177595703649105, '00:42']
[18, 1.2777363061904907, 1.3357429504394531, 0.5195000171661377, 0.5195, 0.5168928053339987, '00:47']
[19, 1.2845100164413452, 1.3424288034439087, 0.5199000239372253, 0.5199, 0.5111950211314698, '00:50']
[20, 1.2580938339233398, 1.3360912799835205, 0.5232999920845032, 0.5233, 0.5184035476492339, '00:44']
[21, 1.2304108142852783, 1.3205933570861816, 0.5339000225067139, 0.5339, 0.5285640089541972, '00:45']
[22, 1.2054020166397095, 1.331289529800415, 0.5307999849319458, 0.5308, 0.5310272829312443, '00:44']
[23, 1.1855924129486084, 1.3303664922714233, 0.5300999879837036, 0.5301, 0.5265201052517755, '01:03']
[24, 1.1656203269958496, 1.3145643472671509, 0.5335000157356262, 0.5335, 0.52888966752654, '01:03']
[25, 1.1530910730361938, 1.31353759765625, 0.5343999862670898, 0.5344, 0.5319462586455631, '01:00']
[26, 1.1679421663284302, 1.3123793601989746, 0.5371000170707703, 0.5371, 0.5341747342950209, '00:59']
[27, 1.1444242000579834, 1.3109849691390991, 0.5379999876022339, 0.538, 0.5352477634213433, '00:59']
[28, 1.1412631273269653, 1.3096868991851807, 0.5386999845504761, 0.5387000000000001, 0.5355455539495786, '00:55']
[29, 1.1431171894073486, 1.3098026514053345, 0.5400999784469604, 0.5401, 0.5371422277296329, '00:56']

Tiempo de entrenamiento: 1561.29 segundos
/mnt/homeGPU/haoweihu/TFG/lib/python3.10/site-packages/fastai/learner.py:455: UserWarning: load_learner` uses Python's insecure pickle module, which can execute malicious arbitrary code when loading. Only load files you trust.
If you only need to load model weights and optimizer state, use the safe `Learner.load` instead.
  warn("load_learner` uses Python's insecure pickle module, which can execute malicious arbitrary code when loading. Only load files you trust.\nIf you only need to load model weights and optimizer state, use the safe `Learner.load` instead.")
Loss: 1.3098
Accuracy: 0.5401
Recall: 0.5401
F1-Score: 0.5371
Loss: 1.306150197982788
Accuracy: 0.53515625
Recall (macro): 0.5351507993611487
F1 Score (macro): 0.531649392667861
---------------------------------------------------------------------------
Ejecutando: cifar_rgb_50pct_dq
---------------------------------------------------------------------------
Número total de imágenes en entrenamiento: 19430
Número total de imágenes en validación: 10000

Clases: ['airplane', 'automobile', 'bird', 'cat', 'deer', 'dog', 'frog', 'horse', 'ship', 'truck']
[0, 2.2969064712524414, 2.2915496826171875, 0.13899999856948853, 0.13899999999999998, 0.05394586315567038, '01:47']
[1, 2.0926921367645264, 2.0325677394866943, 0.2531000077724457, 0.2531, 0.20858326757731036, '01:05']
[2, 2.042572021484375, 2.008883476257324, 0.25279998779296875, 0.2528, 0.21163176748700946, '00:59']
[3, 1.93885338306427, 1.8595988750457764, 0.32030001282691956, 0.3203000000000001, 0.28185702407661944, '01:00']
[4, 1.8513789176940918, 1.7312099933624268, 0.3714999854564667, 0.37150000000000005, 0.3428591378836268, '00:52']
[5, 1.7713382244110107, 1.6316092014312744, 0.4043000042438507, 0.4043, 0.3931104820497159, '00:52']
[6, 1.7376137971878052, 1.6358976364135742, 0.4000999927520752, 0.40009999999999996, 0.3680901495298764, '00:52']
[7, 1.662204623222351, 1.586356520652771, 0.4237000048160553, 0.4237, 0.41785347340129936, '00:51']
[8, 1.6177868843078613, 1.5440988540649414, 0.43380001187324524, 0.4338, 0.4085853769485025, '00:52']
[9, 1.5727155208587646, 1.4564849138259888, 0.4715999960899353, 0.4716, 0.46758375201101277, '00:52']
[10, 1.5518240928649902, 1.4316339492797852, 0.4779999852180481, 0.47800000000000004, 0.46562395276055624, '00:52']
[11, 1.527383804321289, 1.421585202217102, 0.48579999804496765, 0.48579999999999995, 0.47054010309393257, '00:51']
[12, 1.4652087688446045, 1.3928419351577759, 0.49720001220703125, 0.49720000000000003, 0.49917373442717106, '00:50']
[13, 1.4345601797103882, 1.3550124168395996, 0.510200023651123, 0.5102, 0.5038005153895196, '00:50']
[14, 1.4100614786148071, 1.4001175165176392, 0.4945000112056732, 0.49450000000000005, 0.4833287396884926, '00:52']
[15, 1.3819795846939087, 1.4177764654159546, 0.49300000071525574, 0.493, 0.47126524779719114, '00:51']
[16, 1.3611135482788086, 1.3304933309555054, 0.512499988079071, 0.5125, 0.5086438220603096, '00:52']
[17, 1.324842095375061, 1.299820065498352, 0.5273000001907349, 0.5273, 0.5182284959515463, '00:51']
[18, 1.269648551940918, 1.2975027561187744, 0.5321999788284302, 0.5322, 0.5300733454052564, '00:51']
[19, 1.2541214227676392, 1.288974404335022, 0.5374000072479248, 0.5374000000000001, 0.5306841677187293, '01:03']
[20, 1.2353798151016235, 1.2817208766937256, 0.5356000065803528, 0.5355999999999999, 0.5294826852360064, '01:12']
[21, 1.2161816358566284, 1.271472454071045, 0.5421000123023987, 0.5421, 0.5390490173186077, '01:14']
[22, 1.1845073699951172, 1.2662385702133179, 0.5414000153541565, 0.5414, 0.5403932388032615, '01:18']
[23, 1.1541743278503418, 1.26712965965271, 0.5414999723434448, 0.5414999999999999, 0.5342356853941784, '00:56']
[24, 1.1619415283203125, 1.270133137702942, 0.5468000173568726, 0.5468, 0.5448274595406541, '00:51']
[25, 1.166088581085205, 1.2631324529647827, 0.5453000068664551, 0.5453, 0.5377030719171401, '00:50']
[26, 1.1457109451293945, 1.2606524229049683, 0.545799970626831, 0.5458000000000001, 0.5423227740364316, '00:51']
[27, 1.1477935314178467, 1.260042667388916, 0.546999990940094, 0.5469999999999999, 0.5447948689141074, '00:52']
[28, 1.1193162202835083, 1.2597132921218872, 0.5446000099182129, 0.5446, 0.5410603835883073, '00:52']
[29, 1.125805139541626, 1.2596385478973389, 0.5454999804496765, 0.5455, 0.541985529633667, '00:52']

Tiempo de entrenamiento: 1727.29 segundos
/mnt/homeGPU/haoweihu/TFG/lib/python3.10/site-packages/fastai/learner.py:455: UserWarning: load_learner` uses Python's insecure pickle module, which can execute malicious arbitrary code when loading. Only load files you trust.
If you only need to load model weights and optimizer state, use the safe `Learner.load` instead.
  warn("load_learner` uses Python's insecure pickle module, which can execute malicious arbitrary code when loading. Only load files you trust.\nIf you only need to load model weights and optimizer state, use the safe `Learner.load` instead.")
Loss: 1.2596
Accuracy: 0.5455
Recall: 0.5455
F1-Score: 0.5420
Loss: 1.249916911125183
Accuracy: 0.5541867017745972
Recall (macro): 0.5542881464031373
F1 Score (macro): 0.5507242667710895
---------------------------------------------------------------------------
Ejecutando: cifar_rgb_60pct_dq
---------------------------------------------------------------------------
Número total de imágenes en entrenamiento: 22764
Número total de imágenes en validación: 10000

Clases: ['airplane', 'automobile', 'bird', 'cat', 'deer', 'dog', 'frog', 'horse', 'ship', 'truck']
[0, 2.2867884635925293, 2.2710392475128174, 0.1995999962091446, 0.1996, 0.13961782854885182, '01:46']
[1, 2.101465940475464, 2.0657849311828613, 0.23669999837875366, 0.2367, 0.19130361237590537, '01:00']
[2, 2.036771059036255, 1.983337640762329, 0.262800008058548, 0.26280000000000003, 0.2167538061899089, '01:09']
[3, 1.9386688470840454, 1.8502777814865112, 0.33059999346733093, 0.3306, 0.31054586736107864, '01:31']
[4, 1.8223568201065063, 1.7418934106826782, 0.3666999936103821, 0.36669999999999997, 0.3383484235173226, '01:33']
[5, 1.7422139644622803, 1.64301598072052, 0.4025000035762787, 0.4025, 0.3758879749756823, '01:29']
[6, 1.6652858257293701, 1.5578557252883911, 0.43529999256134033, 0.43529999999999996, 0.42245872581585564, '01:28']
[7, 1.6191504001617432, 1.4807686805725098, 0.45989999175071716, 0.4598999999999999, 0.45127257651780184, '01:30']
[8, 1.5609549283981323, 1.4831291437149048, 0.4596000015735626, 0.4596, 0.4360747391887725, '01:31']
[9, 1.5196701288223267, 1.4620866775512695, 0.4699999988079071, 0.4699999999999999, 0.455201108542483, '01:26']
[10, 1.4906724691390991, 1.4308035373687744, 0.47859999537467957, 0.47859999999999997, 0.4656870223142614, '01:26']
[11, 1.4420630931854248, 1.3872942924499512, 0.5048999786376953, 0.5048999999999999, 0.4921711555500089, '01:31']
[12, 1.4160631895065308, 1.3426969051361084, 0.526199996471405, 0.5262, 0.5203787824236547, '01:28']
[13, 1.3827741146087646, 1.3349031209945679, 0.5248000025749207, 0.5248, 0.5214957723856037, '01:26']
[14, 1.3383705615997314, 1.3082001209259033, 0.5303999781608582, 0.5304, 0.5259308916664361, '01:29']
[15, 1.3231182098388672, 1.2942458391189575, 0.5412999987602234, 0.5413, 0.537489096717426, '01:50']
[16, 1.274106740951538, 1.3111215829849243, 0.5333999991416931, 0.5334000000000001, 0.5274270746165708, '01:34']
[17, 1.2832034826278687, 1.3163293600082397, 0.5315999984741211, 0.5316, 0.524694276151126, '01:33']
[18, 1.241473913192749, 1.2721093893051147, 0.5479000210762024, 0.5479, 0.5448523279247045, '01:39']
[19, 1.2319761514663696, 1.2666257619857788, 0.5497999787330627, 0.5498, 0.5480708150990233, '01:41']
[20, 1.184569239616394, 1.260316252708435, 0.5519000291824341, 0.5519, 0.551757720576368, '01:38']
[21, 1.173108696937561, 1.252497911453247, 0.553600013256073, 0.5536, 0.5478460539590346, '01:33']
[22, 1.1633576154708862, 1.2413893938064575, 0.5579000115394592, 0.5579, 0.5544789597206846, '01:29']
[23, 1.1563585996627808, 1.2530019283294678, 0.5540000200271606, 0.554, 0.551153582620922, '01:32']
[24, 1.1308611631393433, 1.2398310899734497, 0.5641999840736389, 0.5642, 0.5609595309504287, '01:32']
[25, 1.1155579090118408, 1.2393115758895874, 0.5630999803543091, 0.5631, 0.5598236849727793, '01:32']
[26, 1.1012766361236572, 1.2363982200622559, 0.565500020980835, 0.5655, 0.564667306339591, '01:32']
[27, 1.087957501411438, 1.2367076873779297, 0.5651000142097473, 0.5650999999999999, 0.5617677345313924, '01:32']
[28, 1.1046701669692993, 1.2352484464645386, 0.5651999711990356, 0.5652, 0.5623188419067617, '01:33']
[29, 1.0886435508728027, 1.2353743314743042, 0.565500020980835, 0.5655000000000001, 0.562656182355888, '01:32']

Tiempo de entrenamiento: 2740.18 segundos
/mnt/homeGPU/haoweihu/TFG/lib/python3.10/site-packages/fastai/learner.py:455: UserWarning: load_learner` uses Python's insecure pickle module, which can execute malicious arbitrary code when loading. Only load files you trust.
If you only need to load model weights and optimizer state, use the safe `Learner.load` instead.
  warn("load_learner` uses Python's insecure pickle module, which can execute malicious arbitrary code when loading. Only load files you trust.\nIf you only need to load model weights and optimizer state, use the safe `Learner.load` instead.")
Loss: 1.2354
Accuracy: 0.5655
Recall: 0.5655
F1-Score: 0.5627
Loss: 1.2223422527313232
Accuracy: 0.5669070482254028
Recall (macro): 0.5668686070413534
F1 Score (macro): 0.5631849527161913
---------------------------------------------------------------------------
Ejecutando: cifar_rgb_70pct_dq
---------------------------------------------------------------------------
Número total de imágenes en entrenamiento: 26023
Número total de imágenes en validación: 10000

Clases: ['airplane', 'automobile', 'bird', 'cat', 'deer', 'dog', 'frog', 'horse', 'ship', 'truck']
[0, 2.267916202545166, 2.2432901859283447, 0.156700000166893, 0.1567, 0.09112194735512898, '03:13']
[1, 2.0453171730041504, 1.9864164590835571, 0.23849999904632568, 0.2385, 0.1942241516174657, '01:29']
[2, 1.9383786916732788, 1.8595107793807983, 0.3156000077724457, 0.3156, 0.2911524914500018, '01:27']
[3, 1.8200064897537231, 1.7977243661880493, 0.3248000144958496, 0.32480000000000003, 0.3057025712068347, '01:27']
[4, 1.757814645767212, 1.6426135301589966, 0.3930000066757202, 0.393, 0.35793570130719077, '01:28']
[5, 1.6381750106811523, 1.5314111709594727, 0.44190001487731934, 0.44190000000000007, 0.42656754885850556, '01:39']
[6, 1.5790023803710938, 1.502426028251648, 0.44179999828338623, 0.4418, 0.4135674377062378, '01:39']
[7, 1.5510673522949219, 1.471526026725769, 0.4636000096797943, 0.4636, 0.45940520402269086, '01:36']
[8, 1.5057636499404907, 1.3965989351272583, 0.4934999942779541, 0.49349999999999994, 0.4848871256030523, '01:33']
[9, 1.4666390419006348, 1.4354089498519897, 0.4699999988079071, 0.47000000000000003, 0.45247361769001804, '01:29']
[10, 1.4026482105255127, 1.3480924367904663, 0.5073999762535095, 0.5074, 0.5010753349134227, '01:39']
[11, 1.3709851503372192, 1.33832848072052, 0.5127000212669373, 0.5127, 0.5126086878344978, '01:45']
[12, 1.3502503633499146, 1.3214318752288818, 0.527899980545044, 0.5279, 0.516083198591894, '01:48']
[13, 1.3402420282363892, 1.3810029029846191, 0.5, 0.5, 0.4986789881456099, '01:31']
[14, 1.2647571563720703, 1.2883449792861938, 0.5404999852180481, 0.5405, 0.5349636046408868, '01:27']
[15, 1.2313717603683472, 1.281951904296875, 0.535099983215332, 0.5350999999999999, 0.5325392607602109, '01:28']
[16, 1.2089921236038208, 1.2390516996383667, 0.5572999715805054, 0.5573, 0.5531354477112538, '01:28']
[17, 1.1867388486862183, 1.2492380142211914, 0.5580999851226807, 0.5580999999999999, 0.5520236374016393, '01:28']
[18, 1.1635736227035522, 1.238905906677246, 0.5615000128746033, 0.5615, 0.5579472972597, '01:28']
[19, 1.130903720855713, 1.2354836463928223, 0.5658000111579895, 0.5658000000000001, 0.5631782744605134, '01:27']
[20, 1.12424635887146, 1.2342132329940796, 0.5663999915122986, 0.5664, 0.5607217049907596, '01:06']
[21, 1.0993844270706177, 1.222899079322815, 0.5710999965667725, 0.5710999999999999, 0.5668797104250947, '01:06']
[22, 1.089739203453064, 1.2125520706176758, 0.5755000114440918, 0.5754999999999999, 0.5726971640111066, '01:15']
[23, 1.0506762266159058, 1.2195804119110107, 0.5716000199317932, 0.5715999999999999, 0.5699817265854501, '01:21']
[24, 1.0485366582870483, 1.2134120464324951, 0.5756000280380249, 0.5756, 0.5721192738901822, '01:16']
[25, 1.0320075750350952, 1.2125554084777832, 0.5758000016212463, 0.5758, 0.5731862262349431, '01:06']
[26, 1.009992003440857, 1.2086938619613647, 0.5782999992370605, 0.5782999999999999, 0.5767791700664642, '01:06']
[27, 1.01823091506958, 1.2091227769851685, 0.5789999961853027, 0.579, 0.5769645091182869, '01:06']
[28, 1.0003396272659302, 1.209187626838684, 0.5774000287055969, 0.5774, 0.5755224909943177, '01:06']
[29, 1.0137299299240112, 1.2087346315383911, 0.5778999924659729, 0.5779, 0.57601967195488, '01:06']

Tiempo de entrenamiento: 2656.73 segundos
/mnt/homeGPU/haoweihu/TFG/lib/python3.10/site-packages/fastai/learner.py:455: UserWarning: load_learner` uses Python's insecure pickle module, which can execute malicious arbitrary code when loading. Only load files you trust.
If you only need to load model weights and optimizer state, use the safe `Learner.load` instead.
  warn("load_learner` uses Python's insecure pickle module, which can execute malicious arbitrary code when loading. Only load files you trust.\nIf you only need to load model weights and optimizer state, use the safe `Learner.load` instead.")
Loss: 1.2087
Accuracy: 0.5779
Recall: 0.5779
F1-Score: 0.5760
Loss: 1.2121398448944092
Accuracy: 0.5766226053237915
Recall (macro): 0.5766465572627258
F1 Score (macro): 0.5733152927617693
---------------------------------------------------------------------------
Ejecutando: cifar_rgb_80pct_dq
---------------------------------------------------------------------------
Número total de imágenes en entrenamiento: 28716
Número total de imágenes en validación: 10000

Clases: ['airplane', 'automobile', 'bird', 'cat', 'deer', 'dog', 'frog', 'horse', 'ship', 'truck']
[0, 2.261270523071289, 2.2392523288726807, 0.1639000028371811, 0.1639, 0.09665257799999152, '02:08']
[1, 2.002746105194092, 1.9996622800827026, 0.25440001487731934, 0.25439999999999996, 0.2014896240636795, '01:17']
[2, 1.9163156747817993, 1.8896912336349487, 0.2922999858856201, 0.2923, 0.230696053659993, '01:22']
[3, 1.796378493309021, 1.7411381006240845, 0.3637000024318695, 0.3637, 0.33490492586266735, '01:15']
[4, 1.7158982753753662, 1.6440349817276, 0.3978999853134155, 0.39790000000000003, 0.38904163241117223, '01:09']
[5, 1.6450916528701782, 1.5891568660736084, 0.4124999940395355, 0.4125, 0.3968881667850691, '01:06']
[6, 1.5811312198638916, 1.5306713581085205, 0.44209998846054077, 0.44210000000000005, 0.43894435449703684, '01:05']
[7, 1.5149096250534058, 1.4415788650512695, 0.4745999872684479, 0.4746, 0.46160386162539024, '01:17']
[8, 1.4713410139083862, 1.4451005458831787, 0.47699999809265137, 0.47700000000000004, 0.4731065871198422, '01:39']
[9, 1.3944156169891357, 1.4150855541229248, 0.4945000112056732, 0.49450000000000005, 0.4949063266437384, '01:40']
[10, 1.380291223526001, 1.3253995180130005, 0.5174000263214111, 0.5174, 0.5124363988997735, '01:21']
[11, 1.3187084197998047, 1.2876057624816895, 0.5376999974250793, 0.5376999999999998, 0.5315239692785856, '01:05']
[12, 1.308417558670044, 1.2835078239440918, 0.5401999950408936, 0.5402, 0.5405725382451398, '01:05']
[13, 1.2723815441131592, 1.28397798538208, 0.5403000116348267, 0.5402999999999999, 0.5322618097252193, '01:06']
[14, 1.22111177444458, 1.2783068418502808, 0.5460000038146973, 0.546, 0.5421799193146397, '01:13']
[15, 1.2104800939559937, 1.2291783094406128, 0.5608000159263611, 0.5608000000000001, 0.5526532276799313, '01:06']
[16, 1.1763988733291626, 1.241194486618042, 0.5565999746322632, 0.5566, 0.5499691166559505, '01:05']
[17, 1.1414568424224854, 1.2416871786117554, 0.5587000250816345, 0.5587000000000001, 0.5554466334595636, '01:05']
[18, 1.0892363786697388, 1.2274856567382812, 0.5641999840736389, 0.5641999999999999, 0.5612923397000219, '01:05']
[19, 1.0796972513198853, 1.2129101753234863, 0.5717999935150146, 0.5718, 0.5691560594522387, '01:04']
[20, 1.0659500360488892, 1.1980336904525757, 0.5806000232696533, 0.5806, 0.5779986203436027, '01:04']
[21, 1.038697600364685, 1.191786766052246, 0.5813999772071838, 0.5814, 0.5781268473937771, '01:05']
[22, 1.0081772804260254, 1.2047431468963623, 0.573199987411499, 0.5732, 0.5728889466405953, '01:05']
[23, 0.9820359349250793, 1.1887307167053223, 0.5856000185012817, 0.5856, 0.5834357922826349, '01:05']
[24, 0.984168529510498, 1.1925047636032104, 0.5838000178337097, 0.5837999999999999, 0.5826700771324049, '01:04']
[25, 0.9532053470611572, 1.1882126331329346, 0.580299973487854, 0.5803, 0.577928415245587, '01:05']
[26, 0.9772094488143921, 1.1902090311050415, 0.583299994468689, 0.5833, 0.5806594549280393, '01:05']
[27, 0.9468945264816284, 1.1890504360198975, 0.5819000005722046, 0.5819, 0.5796367630129079, '01:06']
[28, 0.9393308162689209, 1.1879082918167114, 0.5828999876976013, 0.5829000000000001, 0.5809471210008075, '01:05']
[29, 0.9414687156677246, 1.1882039308547974, 0.5828999876976013, 0.5829, 0.5807040212850112, '01:05']

Tiempo de entrenamiento: 2175.06 segundos
/mnt/homeGPU/haoweihu/TFG/lib/python3.10/site-packages/fastai/learner.py:455: UserWarning: load_learner` uses Python's insecure pickle module, which can execute malicious arbitrary code when loading. Only load files you trust.
If you only need to load model weights and optimizer state, use the safe `Learner.load` instead.
  warn("load_learner` uses Python's insecure pickle module, which can execute malicious arbitrary code when loading. Only load files you trust.\nIf you only need to load model weights and optimizer state, use the safe `Learner.load` instead.")
Loss: 1.1882
Accuracy: 0.5829
Recall: 0.5829
F1-Score: 0.5807
Loss: 1.1573961973190308
Accuracy: 0.5920472741127014
Recall (macro): 0.5920067840945176
F1 Score (macro): 0.5894136406896212
---------------------------------------------------------------------------
Ejecutando: cifar_rgb_90pct_dq
---------------------------------------------------------------------------
Número total de imágenes en entrenamiento: 31063
Número total de imágenes en validación: 10000

Clases: ['airplane', 'automobile', 'bird', 'cat', 'deer', 'dog', 'frog', 'horse', 'ship', 'truck']
[0, 2.2696244716644287, 2.2519028186798096, 0.1860000044107437, 0.186, 0.12552172451360186, '02:00']
[1, 2.034722328186035, 1.9946941137313843, 0.2768000066280365, 0.27680000000000005, 0.2501898665584822, '01:08']
[2, 1.9134564399719238, 1.8516976833343506, 0.3188000023365021, 0.3187999999999999, 0.2747677366920625, '01:09']
[3, 1.787900447845459, 1.7504074573516846, 0.36090001463890076, 0.36089999999999994, 0.3513762577418014, '01:08']
[4, 1.7078945636749268, 1.6197205781936646, 0.40540000796318054, 0.40540000000000004, 0.38606045724006777, '01:08']
[5, 1.6434974670410156, 1.546918272972107, 0.4456000030040741, 0.44559999999999994, 0.439315734655222, '01:08']
[6, 1.5673497915267944, 1.539527177810669, 0.444599986076355, 0.44460000000000005, 0.42711755809077123, '01:08']
[7, 1.490581750869751, 1.4509918689727783, 0.47119998931884766, 0.47120000000000006, 0.4597837834336146, '01:23']
[8, 1.4756121635437012, 1.4003628492355347, 0.4878999888896942, 0.48789999999999994, 0.4825272743491043, '01:41']
[9, 1.4174768924713135, 1.3433910608291626, 0.5188000202178955, 0.5188, 0.5151053000074374, '01:44']
[10, 1.3563225269317627, 1.3173922300338745, 0.5202999711036682, 0.5203, 0.5181385682423023, '01:24']
[11, 1.330337643623352, 1.2863399982452393, 0.5450999736785889, 0.5450999999999999, 0.5423121972380136, '01:08']
[12, 1.3057044744491577, 1.2780539989471436, 0.5426999926567078, 0.5427000000000001, 0.5401645798017737, '01:08']
[13, 1.246038556098938, 1.2832423448562622, 0.5386999845504761, 0.5387000000000001, 0.5364413881913637, '01:08']
[14, 1.240344524383545, 1.2879905700683594, 0.5436999797821045, 0.5437000000000001, 0.534450214808235, '01:08']
[15, 1.1999926567077637, 1.266659140586853, 0.5440999865531921, 0.5441, 0.5444181508432735, '01:08']
[16, 1.1442922353744507, 1.2431243658065796, 0.5572999715805054, 0.5572999999999999, 0.5557175185133507, '01:08']
[17, 1.1886234283447266, 1.2506572008132935, 0.5561000108718872, 0.5560999999999999, 0.5567737876333485, '01:08']
[18, 1.1281987428665161, 1.2246555089950562, 0.564300000667572, 0.5643, 0.5600265240153642, '01:08']
[19, 1.091239094734192, 1.2315443754196167, 0.5647000074386597, 0.5647, 0.5592553847062647, '01:08']
[20, 1.0894988775253296, 1.237382173538208, 0.5623999834060669, 0.5624, 0.558522381113914, '01:09']
[21, 1.0570895671844482, 1.2361499071121216, 0.5659000277519226, 0.5659, 0.5615642512822463, '01:09']
[22, 1.0392357110977173, 1.224818229675293, 0.5719000101089478, 0.5719000000000001, 0.5702267801556075, '01:08']
[23, 1.0202885866165161, 1.2216650247573853, 0.5699999928474426, 0.57, 0.5674132596759189, '01:08']
[24, 0.9974907636642456, 1.220061182975769, 0.5695000290870667, 0.5694999999999999, 0.5662824717738778, '01:08']
[25, 0.9893813729286194, 1.2242311239242554, 0.5683000087738037, 0.5683, 0.5646396789713521, '01:08']
[26, 0.9988721609115601, 1.2256265878677368, 0.5706999897956848, 0.5707, 0.5666319700854286, '01:08']
[27, 0.9761024713516235, 1.2212897539138794, 0.5697000026702881, 0.5697, 0.5670531690882881, '01:08']
[28, 0.9759352207183838, 1.2213882207870483, 0.5684999823570251, 0.5685, 0.5666381084457857, '01:08']
[29, 0.9637172222137451, 1.221114158630371, 0.5687000155448914, 0.5687, 0.5663412789892251, '01:07']
No improvement since epoch 24: early stopping

Tiempo de entrenamiento: 2206.62 segundos
/mnt/homeGPU/haoweihu/TFG/lib/python3.10/site-packages/fastai/learner.py:455: UserWarning: load_learner` uses Python's insecure pickle module, which can execute malicious arbitrary code when loading. Only load files you trust.
If you only need to load model weights and optimizer state, use the safe `Learner.load` instead.
  warn("load_learner` uses Python's insecure pickle module, which can execute malicious arbitrary code when loading. Only load files you trust.\nIf you only need to load model weights and optimizer state, use the safe `Learner.load` instead.")
Loss: 1.2211
Accuracy: 0.5687
Recall: 0.5687
F1-Score: 0.5663
Loss: 1.2039591073989868
Accuracy: 0.5824319124221802
Recall (macro): 0.582383564160056
F1 Score (macro): 0.5800511418278329
mail: cannot send message: Process exited with a non-zero status
