---------------------------------------------------------------------------
Ejecutando: cifar_gray_10pct_dq
---------------------------------------------------------------------------
Número total de imágenes en entrenamiento: 4000
Número total de imágenes en validación: 10000

Clases: ['airplane', 'automobile', 'bird', 'cat', 'deer', 'dog', 'frog', 'horse', 'ship', 'truck']
[0, 2.3048133850097656, 2.302983045578003, 0.1137000024318695, 0.1137, 0.03840589459735592, '00:51']
[1, 2.301898241043091, 2.297778606414795, 0.12250000238418579, 0.12250000000000001, 0.056352204126607866, '00:36']
[2, 2.2956223487854004, 2.2802774906158447, 0.18850000202655792, 0.18850000000000003, 0.15593156242294187, '00:33']
[3, 2.2652475833892822, 2.1949398517608643, 0.19439999759197235, 0.1944, 0.1427455502219163, '00:24']
[4, 2.219850778579712, 2.1481776237487793, 0.20600000023841858, 0.20600000000000002, 0.1766277835218233, '00:24']
[5, 2.1916580200195312, 2.0978574752807617, 0.24860000610351562, 0.2486, 0.23384920468203146, '00:24']
[6, 2.151289224624634, 2.0492966175079346, 0.26089999079704285, 0.2609, 0.2412968276893964, '00:24']
[7, 2.1138620376586914, 2.028834819793701, 0.26809999346733093, 0.26809999999999995, 0.2496530623106497, '00:25']
[8, 2.0796327590942383, 1.9576666355133057, 0.28369998931884766, 0.2837, 0.264953561587973, '00:24']
[9, 2.0343024730682373, 1.9124422073364258, 0.31200000643730164, 0.31200000000000006, 0.2955870358650705, '00:24']
[10, 2.007511854171753, 1.892762303352356, 0.31290000677108765, 0.31289999999999996, 0.304706486669421, '00:24']
[11, 1.9744375944137573, 1.9117379188537598, 0.301800012588501, 0.30179999999999996, 0.2783571121921365, '00:33']
[12, 1.9475247859954834, 1.8266760110855103, 0.349700003862381, 0.3497, 0.33952990475616984, '00:38']
[13, 1.9162052869796753, 1.813140630722046, 0.34860000014305115, 0.3486, 0.33402456814310055, '00:40']
[14, 1.8961442708969116, 1.7916308641433716, 0.35659998655319214, 0.3565999999999999, 0.35332591967556365, '00:25']
[15, 1.871047854423523, 1.7849255800247192, 0.35899999737739563, 0.359, 0.3521625683582041, '00:24']
[16, 1.8584346771240234, 1.757282018661499, 0.37310001254081726, 0.37310000000000004, 0.3610437603765638, '00:23']
[17, 1.8304412364959717, 1.7499597072601318, 0.3747999966144562, 0.3748, 0.3681961675332853, '00:23']
[18, 1.8061314821243286, 1.7369660139083862, 0.38190001249313354, 0.3819, 0.378959711800359, '00:23']
[19, 1.7971421480178833, 1.8049927949905396, 0.34619998931884766, 0.3462, 0.33082447049548974, '00:24']
[20, 1.786486029624939, 1.7341341972351074, 0.38100001215934753, 0.38099999999999995, 0.3759995038664209, '00:28']
[21, 1.7675288915634155, 1.7222741842269897, 0.3855000138282776, 0.3855, 0.38287139910543955, '00:34']
[22, 1.738586664199829, 1.7111302614212036, 0.38999998569488525, 0.39, 0.3845814457290966, '00:30']
[23, 1.7341257333755493, 1.7191658020019531, 0.3813999891281128, 0.3814, 0.3697191801382874, '00:23']
[24, 1.7225184440612793, 1.707567572593689, 0.3952000141143799, 0.3952, 0.3920760374535146, '00:24']
[25, 1.7191603183746338, 1.7035071849822998, 0.39250001311302185, 0.39249999999999996, 0.38566931416897776, '00:25']
[26, 1.7139990329742432, 1.7015135288238525, 0.3939000070095062, 0.39390000000000003, 0.39007691042142006, '00:39']
[27, 1.707477331161499, 1.7008556127548218, 0.3946000039577484, 0.39459999999999995, 0.390093664873675, '00:24']
[28, 1.6976191997528076, 1.700681447982788, 0.3950999975204468, 0.39509999999999995, 0.3903698328920986, '00:24']
[29, 1.7017215490341187, 1.7003624439239502, 0.39469999074935913, 0.3947, 0.39000196433924655, '00:23']

Tiempo de entrenamiento: 855.19 segundos
/mnt/homeGPU/haoweihu/TFG/lib/python3.10/site-packages/fastai/learner.py:455: UserWarning: load_learner` uses Python's insecure pickle module, which can execute malicious arbitrary code when loading. Only load files you trust.
If you only need to load model weights and optimizer state, use the safe `Learner.load` instead.
  warn("load_learner` uses Python's insecure pickle module, which can execute malicious arbitrary code when loading. Only load files you trust.\nIf you only need to load model weights and optimizer state, use the safe `Learner.load` instead.")
Loss: 1.7004
Accuracy: 0.3947
Recall: 0.3947
F1-Score: 0.3900
Loss: 1.6892651319503784
Accuracy: 0.39222756028175354
Recall (macro): 0.3922730410565282
F1 Score (macro): 0.3882569052687585
---------------------------------------------------------------------------
Ejecutando: cifar_gray_20pct_dq
---------------------------------------------------------------------------
Número total de imágenes en entrenamiento: 7986
Número total de imágenes en validación: 10000

Clases: ['airplane', 'automobile', 'bird', 'cat', 'deer', 'dog', 'frog', 'horse', 'ship', 'truck']
[0, 2.3028719425201416, 2.3018155097961426, 0.10000000149011612, 0.1, 0.018183471224656786, '01:02']
[1, 2.3004062175750732, 2.2965266704559326, 0.10040000081062317, 0.1004, 0.01899690318228959, '00:30']
[2, 2.280437469482422, 2.2537612915039062, 0.12809999287128448, 0.12810000000000002, 0.052687885555839385, '00:30']
[3, 2.2006678581237793, 2.1232004165649414, 0.20180000364780426, 0.20179999999999998, 0.16560029287911285, '00:33']
[4, 2.1453847885131836, 2.0620718002319336, 0.23899999260902405, 0.23900000000000002, 0.2131422022072223, '00:47']
[5, 2.100480318069458, 2.009422779083252, 0.26269999146461487, 0.26270000000000004, 0.25283543486134763, '00:46']
[6, 2.03842830657959, 1.90342378616333, 0.3061000108718872, 0.3060999999999999, 0.2843082458934136, '00:37']
[7, 1.9831992387771606, 1.8945417404174805, 0.3050999939441681, 0.3051, 0.27344493696585953, '00:30']
[8, 1.9518290758132935, 1.7923392057418823, 0.34869998693466187, 0.3487, 0.3235059243186706, '00:31']
[9, 1.9083549976348877, 1.7859880924224854, 0.35429999232292175, 0.35429999999999995, 0.3394452086173126, '00:30']
[10, 1.9089016914367676, 1.8004924058914185, 0.35760000348091125, 0.35760000000000003, 0.35372918608116455, '00:30']
[11, 1.8597404956817627, 1.7360996007919312, 0.37279999256134033, 0.3728, 0.35976150731101225, '00:31']
[12, 1.8342883586883545, 1.7280925512313843, 0.3756999969482422, 0.37570000000000003, 0.36616754809806623, '00:30']
[13, 1.814699411392212, 1.7059420347213745, 0.3849000036716461, 0.38489999999999996, 0.3673568825891024, '00:48']
[14, 1.794377088546753, 1.6760181188583374, 0.3912999927997589, 0.39130000000000004, 0.3801617343063578, '00:51']
[15, 1.7783992290496826, 1.68485689163208, 0.39469999074935913, 0.3947, 0.3795712650563337, '00:30']
[16, 1.7468355894088745, 1.676255226135254, 0.39899998903274536, 0.399, 0.3882130932078037, '00:34']
[17, 1.732301115989685, 1.6476439237594604, 0.40310001373291016, 0.40310000000000007, 0.396229744603618, '00:43']
[18, 1.7183953523635864, 1.6396853923797607, 0.41370001435279846, 0.41370000000000007, 0.405102033616782, '00:44']
[19, 1.693906307220459, 1.621252417564392, 0.4156000018119812, 0.41559999999999997, 0.4063520018915421, '00:45']
[20, 1.6864172220230103, 1.62503981590271, 0.4214000105857849, 0.42139999999999994, 0.41289726039176544, '00:47']
[21, 1.6627339124679565, 1.609747052192688, 0.4189000129699707, 0.4189, 0.4110950658020981, '00:54']
[22, 1.6528371572494507, 1.6054935455322266, 0.42579999566078186, 0.4258, 0.42084645778966207, '00:43']
[23, 1.6406371593475342, 1.6040078401565552, 0.4221000075340271, 0.42210000000000003, 0.41706027621076114, '00:31']
[24, 1.6401329040527344, 1.6038947105407715, 0.4239000082015991, 0.4239, 0.4178421198372912, '00:31']
[25, 1.629958152770996, 1.5985100269317627, 0.42669999599456787, 0.4267, 0.42392674750372994, '00:31']
[26, 1.6167641878128052, 1.5924383401870728, 0.4287000000476837, 0.42869999999999997, 0.42221500844837134, '00:30']
[27, 1.612321376800537, 1.5916746854782104, 0.42820000648498535, 0.4282, 0.42141540647988035, '00:39']
[28, 1.6242183446884155, 1.5917717218399048, 0.42809998989105225, 0.4281, 0.4217804240504046, '00:53']
[29, 1.6296746730804443, 1.5914541482925415, 0.427700012922287, 0.4277, 0.4213335800442473, '00:38']

Tiempo de entrenamiento: 1175.93 segundos
/mnt/homeGPU/haoweihu/TFG/lib/python3.10/site-packages/fastai/learner.py:455: UserWarning: load_learner` uses Python's insecure pickle module, which can execute malicious arbitrary code when loading. Only load files you trust.
If you only need to load model weights and optimizer state, use the safe `Learner.load` instead.
  warn("load_learner` uses Python's insecure pickle module, which can execute malicious arbitrary code when loading. Only load files you trust.\nIf you only need to load model weights and optimizer state, use the safe `Learner.load` instead.")
Loss: 1.5915
Accuracy: 0.4277
Recall: 0.4277
F1-Score: 0.4213
Loss: 1.583336591720581
Accuracy: 0.42718347907066345
Recall (macro): 0.42715800704976914
F1 Score (macro): 0.4203577425758522
---------------------------------------------------------------------------
Ejecutando: cifar_gray_30pct_dq
---------------------------------------------------------------------------
Número total de imágenes en entrenamiento: 11927
Número total de imágenes en validación: 10000

Clases: ['airplane', 'automobile', 'bird', 'cat', 'deer', 'dog', 'frog', 'horse', 'ship', 'truck']
[0, 2.3027219772338867, 2.301656484603882, 0.15000000596046448, 0.15, 0.0698563224863932, '01:14']
[1, 2.2959163188934326, 2.28645658493042, 0.16750000417232513, 0.16749999999999998, 0.10512046701043443, '00:48']
[2, 2.235078811645508, 2.1859796047210693, 0.193900004029274, 0.19390000000000002, 0.14170458214255383, '00:52']
[3, 2.1496434211730957, 2.0796756744384766, 0.2500999867916107, 0.25010000000000004, 0.2245694931765147, '00:51']
[4, 2.0649166107177734, 1.9738187789916992, 0.2816999852657318, 0.2817, 0.273591139398643, '00:37']
[5, 1.996740698814392, 1.8730710744857788, 0.32170000672340393, 0.3217, 0.28722431106972746, '00:37']
[6, 1.9416747093200684, 1.8323231935501099, 0.34060001373291016, 0.3406, 0.323519782109987, '00:48']
[7, 1.8954297304153442, 1.7689979076385498, 0.34860000014305115, 0.3486, 0.32478483265859265, '00:48']
[8, 1.8742352724075317, 1.7277140617370605, 0.37880000472068787, 0.3788, 0.36189109236542033, '00:47']
[9, 1.8414943218231201, 1.7166787385940552, 0.3772999942302704, 0.3773, 0.3618051894506945, '00:53']
[10, 1.8119122982025146, 1.693998098373413, 0.3919000029563904, 0.3919, 0.37848968112421344, '00:37']
[11, 1.7965346574783325, 1.6718401908874512, 0.40959998965263367, 0.4096, 0.4035783266772392, '00:54']
[12, 1.7771846055984497, 1.6348652839660645, 0.41850000619888306, 0.41850000000000004, 0.41009387433253475, '00:38']
[13, 1.7207657098770142, 1.6245466470718384, 0.4194999933242798, 0.41950000000000004, 0.41066284673079984, '00:38']
[14, 1.688531756401062, 1.628658652305603, 0.4205000102519989, 0.4205, 0.4125433172224212, '00:47']
[15, 1.6773340702056885, 1.614621639251709, 0.4221000075340271, 0.42210000000000003, 0.4082079285633736, '00:50']
[16, 1.6646733283996582, 1.600999355316162, 0.428600013256073, 0.42860000000000004, 0.4161825959750285, '00:37']
[17, 1.6334084272384644, 1.5863709449768066, 0.43619999289512634, 0.43620000000000003, 0.42711820303717707, '00:37']
[18, 1.6085634231567383, 1.5846713781356812, 0.435699999332428, 0.43570000000000003, 0.4332780105023616, '00:37']
[19, 1.59047532081604, 1.5673047304153442, 0.44339999556541443, 0.4434, 0.4317532726040806, '00:37']
[20, 1.5664445161819458, 1.5479713678359985, 0.45159998536109924, 0.4516, 0.44508108550616665, '00:44']
[21, 1.548704743385315, 1.5427067279815674, 0.4523000121116638, 0.4523, 0.44226641865922733, '00:58']
[22, 1.5403774976730347, 1.5358375310897827, 0.45579999685287476, 0.4558, 0.44855651868774027, '00:49']
[23, 1.5152206420898438, 1.5311945676803589, 0.45410001277923584, 0.45410000000000006, 0.4512794126873107, '00:37']
[24, 1.5090184211730957, 1.527482271194458, 0.4551999866962433, 0.45519999999999994, 0.4521610723413061, '00:37']
[25, 1.4892393350601196, 1.5307501554489136, 0.45489999651908875, 0.45489999999999997, 0.45098422570796226, '00:37']
[26, 1.4827497005462646, 1.5223063230514526, 0.4577000141143799, 0.4577, 0.45284000166514937, '00:37']
[27, 1.4913699626922607, 1.5227402448654175, 0.45739999413490295, 0.4574, 0.4526548528410513, '00:37']
[28, 1.4859591722488403, 1.5231305360794067, 0.45730000734329224, 0.45730000000000004, 0.451856613768689, '00:57']
[29, 1.48245108127594, 1.5223753452301025, 0.45680001378059387, 0.4568, 0.4517335820544292, '00:41']

Tiempo de entrenamiento: 1357.25 segundos
/mnt/homeGPU/haoweihu/TFG/lib/python3.10/site-packages/fastai/learner.py:455: UserWarning: load_learner` uses Python's insecure pickle module, which can execute malicious arbitrary code when loading. Only load files you trust.
If you only need to load model weights and optimizer state, use the safe `Learner.load` instead.
  warn("load_learner` uses Python's insecure pickle module, which can execute malicious arbitrary code when loading. Only load files you trust.\nIf you only need to load model weights and optimizer state, use the safe `Learner.load` instead.")
Loss: 1.5224
Accuracy: 0.4568
Recall: 0.4568
F1-Score: 0.4517
Loss: 1.5042070150375366
Accuracy: 0.46604567766189575
Recall (macro): 0.46585336107431996
F1 Score (macro): 0.4597270058073886
---------------------------------------------------------------------------
Ejecutando: cifar_gray_40pct_dq
---------------------------------------------------------------------------
Número total de imágenes en entrenamiento: 15749
Número total de imágenes en validación: 10000

Clases: ['airplane', 'automobile', 'bird', 'cat', 'deer', 'dog', 'frog', 'horse', 'ship', 'truck']
[0, 2.3017921447753906, 2.3010735511779785, 0.10000000149011612, 0.1, 0.01818181818181818, '01:29']
[1, 2.2882626056671143, 2.274064302444458, 0.20479999482631683, 0.2048, 0.1660707694120933, '00:44']
[2, 2.1529266834259033, 2.0664021968841553, 0.2362000048160553, 0.23620000000000002, 0.20302723325936062, '01:06']
[3, 2.0449106693267822, 1.9981390237808228, 0.25780001282691956, 0.2578, 0.21339094346610038, '00:44']
[4, 1.9570211172103882, 1.8757054805755615, 0.3160000145435333, 0.316, 0.2857533221603378, '00:54']
[5, 1.8894035816192627, 1.780945062637329, 0.34150001406669617, 0.3415, 0.32460400009439916, '01:05']
[6, 1.8769516944885254, 1.7714430093765259, 0.34860000014305115, 0.3486, 0.3161405650633353, '01:02']
[7, 1.8236624002456665, 1.6679733991622925, 0.39320001006126404, 0.39319999999999994, 0.3779479119266577, '01:12']
[8, 1.778011441230774, 1.6467255353927612, 0.3961000144481659, 0.3961, 0.3763006448394719, '01:01']
[9, 1.7334632873535156, 1.665466547012329, 0.40529999136924744, 0.4053, 0.4051875245739461, '00:43']
[10, 1.7317230701446533, 1.6538894176483154, 0.39969998598098755, 0.3997, 0.3971589493169083, '00:44']
[11, 1.6763428449630737, 1.5835893154144287, 0.4237000048160553, 0.4237000000000001, 0.4164478206476397, '00:56']
[12, 1.651106595993042, 1.5464221239089966, 0.4456999897956848, 0.4457, 0.44053598547279404, '01:04']
[13, 1.630631446838379, 1.5521694421768188, 0.4480000138282776, 0.44799999999999995, 0.4414015496013114, '00:49']
[14, 1.619615912437439, 1.5811089277267456, 0.43290001153945923, 0.43289999999999995, 0.4276357290034757, '00:43']
[15, 1.567039966583252, 1.4932523965835571, 0.4683000147342682, 0.4683, 0.460914414424283, '00:48']
[16, 1.5519485473632812, 1.4953173398971558, 0.4652000069618225, 0.4652, 0.45298975443208167, '00:43']
[17, 1.522548794746399, 1.4749444723129272, 0.4702000021934509, 0.4702, 0.4653409002467642, '00:49']
[18, 1.4967458248138428, 1.4768775701522827, 0.4729999899864197, 0.473, 0.4579891343441009, '01:00']
[19, 1.4968395233154297, 1.4776748418807983, 0.4724000096321106, 0.47240000000000004, 0.4669370206973526, '00:43']
[20, 1.4827204942703247, 1.4466986656188965, 0.48429998755455017, 0.4843, 0.47902860534845465, '00:43']
[21, 1.4574180841445923, 1.446250319480896, 0.48429998755455017, 0.4843, 0.4738949302474814, '00:43']
[22, 1.4281452894210815, 1.4378405809402466, 0.48919999599456787, 0.4892, 0.4820039732339992, '00:43']
[23, 1.420925259590149, 1.4335893392562866, 0.489300012588501, 0.48929999999999996, 0.48324811370288173, '00:52']
[24, 1.3974707126617432, 1.4353668689727783, 0.48969998955726624, 0.4897, 0.48463382153858714, '00:56']
[25, 1.406402349472046, 1.4325319528579712, 0.4862000048160553, 0.4861999999999999, 0.48011133389312255, '00:43']
[26, 1.3999290466308594, 1.4261527061462402, 0.492000013589859, 0.492, 0.4867487379384759, '00:43']
[27, 1.396320104598999, 1.425657033920288, 0.4925000071525574, 0.49250000000000005, 0.48600880522631906, '00:44']
[28, 1.392110824584961, 1.4254608154296875, 0.49309998750686646, 0.4931, 0.4869825280398798, '00:43']
[29, 1.385392427444458, 1.4253861904144287, 0.49300000071525574, 0.493, 0.48687889581619775, '00:59']

Tiempo de entrenamiento: 1583.65 segundos
/mnt/homeGPU/haoweihu/TFG/lib/python3.10/site-packages/fastai/learner.py:455: UserWarning: load_learner` uses Python's insecure pickle module, which can execute malicious arbitrary code when loading. Only load files you trust.
If you only need to load model weights and optimizer state, use the safe `Learner.load` instead.
  warn("load_learner` uses Python's insecure pickle module, which can execute malicious arbitrary code when loading. Only load files you trust.\nIf you only need to load model weights and optimizer state, use the safe `Learner.load` instead.")
Loss: 1.4254
Accuracy: 0.4930
Recall: 0.4930
F1-Score: 0.4869
Loss: 1.4299150705337524
Accuracy: 0.49298879504203796
Recall (macro): 0.49297012021096415
F1 Score (macro): 0.4870639329603848
---------------------------------------------------------------------------
Ejecutando: cifar_gray_50pct_dq
---------------------------------------------------------------------------
Número total de imágenes en entrenamiento: 19430
Número total de imágenes en validación: 10000

Clases: ['airplane', 'automobile', 'bird', 'cat', 'deer', 'dog', 'frog', 'horse', 'ship', 'truck']
[0, 2.299126625061035, 2.296532392501831, 0.10540000349283218, 0.10539999999999998, 0.02876462241716965, '01:36']
[1, 2.2381739616394043, 2.1725668907165527, 0.21490000188350677, 0.2149, 0.1746618696477375, '01:00']
[2, 2.1105494499206543, 2.0183827877044678, 0.2728999853134155, 0.27290000000000003, 0.2366247053373307, '01:09']
[3, 2.007078170776367, 1.8957024812698364, 0.32420000433921814, 0.3242, 0.2956770951329229, '01:01']
[4, 1.9165581464767456, 1.7844094038009644, 0.36250001192092896, 0.3625, 0.35227462045380065, '00:50']
[5, 1.8804775476455688, 1.7653478384017944, 0.3630000054836273, 0.36300000000000004, 0.3401698210947458, '00:49']
[6, 1.8241461515426636, 1.6855272054672241, 0.4025999903678894, 0.40259999999999996, 0.4015525415973665, '00:50']
[7, 1.7710880041122437, 1.6391183137893677, 0.4099000096321106, 0.40990000000000004, 0.3970884228424501, '01:10']
[8, 1.7392089366912842, 1.6260707378387451, 0.4230000078678131, 0.42299999999999993, 0.42017210229378676, '01:01']
[9, 1.713705062866211, 1.5709145069122314, 0.44190001487731934, 0.44189999999999996, 0.4386411767356984, '00:49']
[10, 1.6537084579467773, 1.5246351957321167, 0.4569999873638153, 0.457, 0.4464255181392319, '00:50']
[11, 1.5983413457870483, 1.5240248441696167, 0.4603999853134155, 0.46040000000000003, 0.4589366263528721, '00:50']
[12, 1.5926930904388428, 1.5116196870803833, 0.461899995803833, 0.4619000000000001, 0.45524798949043743, '01:13']
[13, 1.5400805473327637, 1.4850329160690308, 0.47209998965263367, 0.4721, 0.4685495418735054, '00:50']
[14, 1.5175316333770752, 1.4801863431930542, 0.4717999994754791, 0.4718, 0.4624058946612406, '00:51']
[15, 1.4670977592468262, 1.4538426399230957, 0.4903999865055084, 0.4904, 0.48715979482928706, '01:10']
[16, 1.4635376930236816, 1.4140886068344116, 0.4986000061035156, 0.4986, 0.4927048707455701, '01:25']
[17, 1.4292689561843872, 1.4159563779830933, 0.4950999915599823, 0.49510000000000004, 0.48976573235918347, '01:23']
[18, 1.38505220413208, 1.44505774974823, 0.4902999997138977, 0.49030000000000007, 0.48489966623552583, '01:11']
[19, 1.3730640411376953, 1.425155758857727, 0.4966000020503998, 0.49660000000000004, 0.49994320407087606, '00:52']
[20, 1.354593276977539, 1.4012000560760498, 0.5029000043869019, 0.5029, 0.49984975723488567, '00:50']
[21, 1.3532402515411377, 1.394176959991455, 0.5080999732017517, 0.5081, 0.5042711894835143, '01:10']
[22, 1.3162540197372437, 1.4069314002990723, 0.5059000253677368, 0.5059, 0.4956373480571562, '00:52']
[23, 1.2947016954421997, 1.3854459524154663, 0.5123000144958496, 0.5123, 0.5081993891076697, '00:50']
[24, 1.290192723274231, 1.3832236528396606, 0.5159000158309937, 0.5159, 0.514353512794399, '00:49']
[25, 1.2811501026153564, 1.3830472230911255, 0.5164999961853027, 0.5165, 0.5136225196515115, '00:49']
[26, 1.2578908205032349, 1.3780118227005005, 0.5170999765396118, 0.5171, 0.5130883703622879, '01:07']
[27, 1.260872483253479, 1.3776081800460815, 0.5181000232696533, 0.5181, 0.5146033966704204, '00:58']
[28, 1.2396273612976074, 1.3781520128250122, 0.5185999870300293, 0.5186, 0.5143385841179915, '00:50']
[29, 1.2341935634613037, 1.3780596256256104, 0.5181999802589417, 0.5182, 0.5140400731144192, '00:50']

Tiempo de entrenamiento: 1811.28 segundos
/mnt/homeGPU/haoweihu/TFG/lib/python3.10/site-packages/fastai/learner.py:455: UserWarning: load_learner` uses Python's insecure pickle module, which can execute malicious arbitrary code when loading. Only load files you trust.
If you only need to load model weights and optimizer state, use the safe `Learner.load` instead.
  warn("load_learner` uses Python's insecure pickle module, which can execute malicious arbitrary code when loading. Only load files you trust.\nIf you only need to load model weights and optimizer state, use the safe `Learner.load` instead.")
Loss: 1.3781
Accuracy: 0.5182
Recall: 0.5182
F1-Score: 0.5140
Loss: 1.378201961517334
Accuracy: 0.5150240659713745
Recall (macro): 0.5150273552113513
F1 Score (macro): 0.5102446878803832
---------------------------------------------------------------------------
Ejecutando: cifar_gray_60pct_dq
---------------------------------------------------------------------------
Número total de imágenes en entrenamiento: 22764
Número total de imágenes en validación: 10000

Clases: ['airplane', 'automobile', 'bird', 'cat', 'deer', 'dog', 'frog', 'horse', 'ship', 'truck']
[0, 2.2972443103790283, 2.2931582927703857, 0.1428000032901764, 0.14279999999999998, 0.08644690526803474, '02:15']
[1, 2.233938694000244, 2.1928374767303467, 0.18610000610351562, 0.1861, 0.15828131315240665, '00:56']
[2, 2.103070020675659, 2.0351994037628174, 0.26030001044273376, 0.2603, 0.22595182442403944, '00:55']
[3, 2.034330368041992, 1.92876136302948, 0.3012999892234802, 0.3013, 0.2705442545049784, '00:59']
[4, 1.9390439987182617, 1.7989574670791626, 0.3506999909877777, 0.3507, 0.32287252857245463, '01:14']
[5, 1.8696712255477905, 1.7353031635284424, 0.38119998574256897, 0.38119999999999993, 0.3802463881430448, '00:55']
[6, 1.8011692762374878, 1.7245092391967773, 0.37940001487731934, 0.3794, 0.3838526171052825, '00:55']
[7, 1.7726527452468872, 1.6426481008529663, 0.4066999852657318, 0.4067, 0.3922896826989091, '00:56']
[8, 1.7129125595092773, 1.6080907583236694, 0.42260000109672546, 0.4226, 0.42195450201094553, '01:15']
[9, 1.6680958271026611, 1.6198230981826782, 0.41600000858306885, 0.4159999999999999, 0.40216967333400166, '01:09']
[10, 1.6316207647323608, 1.5253407955169678, 0.44929999113082886, 0.44930000000000003, 0.4416038126758119, '00:58']
[11, 1.589633584022522, 1.5418329238891602, 0.4413999915122986, 0.44140000000000007, 0.4351525788178553, '01:13']
[12, 1.570415735244751, 1.4827879667282104, 0.4625999927520752, 0.4626, 0.45647575879726804, '01:13']
[13, 1.5369385480880737, 1.47226881980896, 0.4713999927043915, 0.47140000000000004, 0.4627424336810114, '01:00']
[14, 1.493803858757019, 1.4600096940994263, 0.4805999994277954, 0.4806, 0.475554915121854, '00:55']
[15, 1.50863778591156, 1.427638292312622, 0.48969998955726624, 0.4897, 0.48614119502296066, '00:55']
[16, 1.4554213285446167, 1.408285140991211, 0.5008000135421753, 0.5008, 0.4998817308147519, '00:57']
[17, 1.4448931217193604, 1.4060895442962646, 0.5034999847412109, 0.5035, 0.5034368592397609, '01:18']
[18, 1.3901883363723755, 1.42402982711792, 0.4945000112056732, 0.49449999999999994, 0.48772859999793605, '00:53']
[19, 1.3777343034744263, 1.3921847343444824, 0.5085999965667725, 0.5086, 0.5069898664692417, '00:53']
[20, 1.385596752166748, 1.4176768064498901, 0.5005999803543091, 0.5006, 0.49604479619592096, '01:18']
[21, 1.3282649517059326, 1.390714406967163, 0.512499988079071, 0.5125, 0.5077301015827482, '01:27']
[22, 1.311635971069336, 1.3794814348220825, 0.5151000022888184, 0.5151, 0.5115703091022588, '01:17']
[23, 1.324243187904358, 1.3858935832977295, 0.510699987411499, 0.5107, 0.5055793748429462, '01:15']
[24, 1.2901229858398438, 1.3745183944702148, 0.5164999961853027, 0.5165, 0.5110500510947844, '00:57']
[25, 1.2787837982177734, 1.3818570375442505, 0.5145000219345093, 0.5145000000000001, 0.5148026698433135, '01:18']
[26, 1.2703971862792969, 1.3730218410491943, 0.5170999765396118, 0.5171, 0.5124462311874323, '00:54']
[27, 1.2738142013549805, 1.3708730936050415, 0.5178999900817871, 0.5178999999999999, 0.5156876556529602, '00:54']
[28, 1.2894448041915894, 1.369688630104065, 0.5195000171661377, 0.5195, 0.5164304725927036, '00:54']
[29, 1.2761261463165283, 1.3696330785751343, 0.5199000239372253, 0.5199, 0.5165576281510084, '01:03']

Tiempo de entrenamiento: 1994.45 segundos
/mnt/homeGPU/haoweihu/TFG/lib/python3.10/site-packages/fastai/learner.py:455: UserWarning: load_learner` uses Python's insecure pickle module, which can execute malicious arbitrary code when loading. Only load files you trust.
If you only need to load model weights and optimizer state, use the safe `Learner.load` instead.
  warn("load_learner` uses Python's insecure pickle module, which can execute malicious arbitrary code when loading. Only load files you trust.\nIf you only need to load model weights and optimizer state, use the safe `Learner.load` instead.")
Loss: 1.3696
Accuracy: 0.5199
Recall: 0.5199
F1-Score: 0.5166
Loss: 1.3745754957199097
Accuracy: 0.5135216116905212
Recall (macro): 0.5136006007528644
F1 Score (macro): 0.5092479955376151
---------------------------------------------------------------------------
Ejecutando: cifar_gray_70pct_dq
---------------------------------------------------------------------------
Número total de imágenes en entrenamiento: 26023
Número total de imágenes en validación: 10000

Clases: ['airplane', 'automobile', 'bird', 'cat', 'deer', 'dog', 'frog', 'horse', 'ship', 'truck']
[0, 2.2985105514526367, 2.293724536895752, 0.11649999767541885, 0.1165, 0.06086285120677241, '02:07']
[1, 2.1986701488494873, 2.1520962715148926, 0.21230000257492065, 0.2123, 0.1923421355419358, '01:27']
[2, 2.0959994792938232, 2.0146591663360596, 0.26989999413490295, 0.2699, 0.23952773093167257, '01:12']
[3, 1.9711185693740845, 1.8739478588104248, 0.32839998602867126, 0.3284, 0.31903183498220555, '00:58']
[4, 1.8757742643356323, 1.764642357826233, 0.3612000048160553, 0.36119999999999997, 0.34797879007306337, '00:59']
[5, 1.812809944152832, 1.684838891029358, 0.3944000005722046, 0.3944, 0.376708517773191, '01:03']
[6, 1.757784366607666, 1.647342562675476, 0.4041999876499176, 0.4042, 0.38273047561863904, '01:22']
[7, 1.71791672706604, 1.598267674446106, 0.43560001254081726, 0.4356, 0.4189286473498822, '00:55']
[8, 1.6734744310379028, 1.6217246055603027, 0.414000004529953, 0.414, 0.3978298499505656, '00:59']
[9, 1.6217515468597412, 1.5258158445358276, 0.45590001344680786, 0.4558999999999999, 0.4443104365186987, '00:59']
[10, 1.5683847665786743, 1.4934289455413818, 0.4699999988079071, 0.4699999999999999, 0.4611750910338895, '01:20']
[11, 1.5293290615081787, 1.4590166807174683, 0.48159998655319214, 0.4816000000000001, 0.4679790830787394, '01:18']
[12, 1.51706862449646, 1.4501469135284424, 0.4853000044822693, 0.48529999999999995, 0.4835567810496325, '00:59']
[13, 1.523003339767456, 1.429862380027771, 0.4968999922275543, 0.4969, 0.48632954404857986, '00:59']
[14, 1.4649877548217773, 1.413543462753296, 0.5004000067710876, 0.5004, 0.49680584678703366, '01:19']
[15, 1.4057307243347168, 1.3927395343780518, 0.5067999958992004, 0.5067999999999999, 0.5035101185904167, '01:17']
[16, 1.4084153175354004, 1.3677154779434204, 0.5185999870300293, 0.5186, 0.512685156332798, '01:00']
[17, 1.374645471572876, 1.391703724861145, 0.5091000199317932, 0.5091, 0.4974773510975921, '01:00']
[18, 1.3525141477584839, 1.3537627458572388, 0.5224999785423279, 0.5225000000000001, 0.5186633253340637, '01:26']
[19, 1.3182817697525024, 1.3586103916168213, 0.5223000049591064, 0.5222999999999999, 0.5219784252504165, '01:06']
[20, 1.3091789484024048, 1.3687372207641602, 0.5210999846458435, 0.5211, 0.5127335714739084, '00:58']
[21, 1.2850528955459595, 1.3541932106018066, 0.5250999927520752, 0.5250999999999999, 0.5239916406384377, '00:59']
[22, 1.2607697248458862, 1.3483911752700806, 0.5257999897003174, 0.5258, 0.5194551874247998, '01:28']
[23, 1.2587324380874634, 1.3322442770004272, 0.5320000052452087, 0.5319999999999999, 0.529843806370273, '01:32']
[24, 1.222987413406372, 1.334136724472046, 0.5336999893188477, 0.5336999999999998, 0.5274295280753198, '01:19']
[25, 1.2066550254821777, 1.3393391370773315, 0.5302000045776367, 0.5302, 0.5278937868662835, '01:16']
[26, 1.220443844795227, 1.3305188417434692, 0.5342000126838684, 0.5342, 0.5299667184769312, '01:13']
[27, 1.1939553022384644, 1.3285032510757446, 0.534500002861023, 0.5345, 0.5309242514734469, '00:58']
[28, 1.188942790031433, 1.3281974792480469, 0.5328999757766724, 0.5329, 0.5290084638845176, '00:59']
[29, 1.1946663856506348, 1.3283520936965942, 0.5327000021934509, 0.5327, 0.5288163675130493, '00:59']

Tiempo de entrenamiento: 2140.67 segundos
/mnt/homeGPU/haoweihu/TFG/lib/python3.10/site-packages/fastai/learner.py:455: UserWarning: load_learner` uses Python's insecure pickle module, which can execute malicious arbitrary code when loading. Only load files you trust.
If you only need to load model weights and optimizer state, use the safe `Learner.load` instead.
  warn("load_learner` uses Python's insecure pickle module, which can execute malicious arbitrary code when loading. Only load files you trust.\nIf you only need to load model weights and optimizer state, use the safe `Learner.load` instead.")
Loss: 1.3284
Accuracy: 0.5327
Recall: 0.5327
F1-Score: 0.5288
Loss: 1.3512613773345947
Accuracy: 0.5330528616905212
Recall (macro): 0.5330400158046168
F1 Score (macro): 0.5284510812973271
---------------------------------------------------------------------------
Ejecutando: cifar_gray_80pct_dq
---------------------------------------------------------------------------
Número total de imágenes en entrenamiento: 28716
Número total de imágenes en validación: 10000

Clases: ['airplane', 'automobile', 'bird', 'cat', 'deer', 'dog', 'frog', 'horse', 'ship', 'truck']
[0, 2.298370838165283, 2.295316457748413, 0.15139999985694885, 0.1514, 0.08786940579479556, '03:19']
[1, 2.146223306655884, 2.078404188156128, 0.2475000023841858, 0.2475, 0.2066216527342756, '01:03']
[2, 2.0117650032043457, 1.94184410572052, 0.29170000553131104, 0.29169999999999996, 0.2618200340272554, '01:12']
[3, 1.9214657545089722, 1.8159962892532349, 0.33500000834465027, 0.3350000000000001, 0.30847690848855314, '01:07']
[4, 1.806994080543518, 1.7561873197555542, 0.35510000586509705, 0.3551, 0.33176635548446853, '01:02']
[5, 1.7788187265396118, 1.7483019828796387, 0.36660000681877136, 0.3666, 0.3658789153481405, '01:02']
[6, 1.7265996932983398, 1.6119604110717773, 0.4171999990940094, 0.41719999999999996, 0.404398591477102, '00:58']
[7, 1.6505838632583618, 1.5688985586166382, 0.43070000410079956, 0.43069999999999997, 0.41414745052045615, '01:14']
[8, 1.619734764099121, 1.5366971492767334, 0.44530001282691956, 0.44530000000000003, 0.4392128124803934, '01:04']
[9, 1.5743370056152344, 1.5086350440979004, 0.45660001039505005, 0.45660000000000006, 0.4472596154422307, '01:02']
[10, 1.5387260913848877, 1.4529839754104614, 0.4749000072479248, 0.4749, 0.4663238026686556, '01:03']
[11, 1.5359697341918945, 1.4691855907440186, 0.4733000099658966, 0.47330000000000005, 0.4604621221051633, '01:18']
[12, 1.4875004291534424, 1.4230313301086426, 0.49070000648498535, 0.4907, 0.48575778547141935, '01:04']
[13, 1.4531294107437134, 1.3996930122375488, 0.4973999857902527, 0.4974, 0.498674078136282, '01:04']
[14, 1.4308010339736938, 1.4165410995483398, 0.49619999527931213, 0.4962, 0.4924401403596413, '01:03']
[15, 1.408424973487854, 1.3771519660949707, 0.5112000107765198, 0.5112, 0.5008065820177724, '01:16']
[16, 1.3733279705047607, 1.3658883571624756, 0.5130000114440918, 0.5130000000000001, 0.5096474842073911, '01:20']
[17, 1.342450499534607, 1.3669443130493164, 0.5163999795913696, 0.5164000000000001, 0.5116376628374224, '01:03']
[18, 1.3130464553833008, 1.3632456064224243, 0.5138999819755554, 0.5139, 0.505187062379093, '01:03']
[19, 1.277466058731079, 1.3310221433639526, 0.527400016784668, 0.5274, 0.5184368223321473, '01:07']
[20, 1.2661778926849365, 1.3293968439102173, 0.5315999984741211, 0.5316000000000001, 0.5261275227924547, '01:02']
[21, 1.2452526092529297, 1.3258168697357178, 0.5331000089645386, 0.5331, 0.5255158927397736, '01:03']
[22, 1.2123191356658936, 1.3153294324874878, 0.5375000238418579, 0.5375, 0.5355064835253075, '01:21']
[23, 1.2168687582015991, 1.320130705833435, 0.5342000126838684, 0.5342, 0.5318109392247476, '01:26']
[24, 1.1979665756225586, 1.3118194341659546, 0.5378999710083008, 0.5379, 0.5325441699733163, '01:24']
[25, 1.1793924570083618, 1.3064484596252441, 0.5376999974250793, 0.5377, 0.5334891530410855, '01:31']
[26, 1.1729214191436768, 1.311191439628601, 0.5389999747276306, 0.5389999999999999, 0.538302258195896, '01:36']
[27, 1.1804975271224976, 1.3059828281402588, 0.5396999716758728, 0.5397, 0.5363602314317133, '01:03']
[28, 1.1667383909225464, 1.3066848516464233, 0.5385000109672546, 0.5385, 0.5359264119941229, '01:03']
[29, 1.1736801862716675, 1.3062573671340942, 0.5379999876022339, 0.538, 0.5354721735142145, '01:04']

Tiempo de entrenamiento: 2233.88 segundos
/mnt/homeGPU/haoweihu/TFG/lib/python3.10/site-packages/fastai/learner.py:455: UserWarning: load_learner` uses Python's insecure pickle module, which can execute malicious arbitrary code when loading. Only load files you trust.
If you only need to load model weights and optimizer state, use the safe `Learner.load` instead.
  warn("load_learner` uses Python's insecure pickle module, which can execute malicious arbitrary code when loading. Only load files you trust.\nIf you only need to load model weights and optimizer state, use the safe `Learner.load` instead.")
Loss: 1.3063
Accuracy: 0.5380
Recall: 0.5380
F1-Score: 0.5355
Loss: 1.3198062181472778
Accuracy: 0.5341546535491943
Recall (macro): 0.5341742249748196
F1 Score (macro): 0.5307617689940278
---------------------------------------------------------------------------
Ejecutando: cifar_gray_90pct_dq
---------------------------------------------------------------------------
Número total de imágenes en entrenamiento: 31063
Número total de imágenes en validación: 10000

Clases: ['airplane', 'automobile', 'bird', 'cat', 'deer', 'dog', 'frog', 'horse', 'ship', 'truck']
[0, 2.2956669330596924, 2.291567325592041, 0.19609999656677246, 0.1961, 0.1552123624876697, '02:35']
[1, 2.162689208984375, 2.124804973602295, 0.218299999833107, 0.2183, 0.18254214344159955, '01:07']
[2, 2.0125317573547363, 1.945364236831665, 0.2867000102996826, 0.2867, 0.26615103951168856, '01:09']
[3, 1.8557465076446533, 1.7654005289077759, 0.3596000075340271, 0.35960000000000003, 0.3425084837100881, '01:34']
[4, 1.8076107501983643, 1.747873067855835, 0.3637999892234802, 0.3638, 0.3448358254879063, '01:06']
[5, 1.7200766801834106, 1.6481661796569824, 0.3968999981880188, 0.3969, 0.382898313935218, '01:07']
[6, 1.6845334768295288, 1.5964070558547974, 0.4260999858379364, 0.4260999999999999, 0.42179556296557347, '01:07']
[7, 1.6345282793045044, 1.5777816772460938, 0.43540000915527344, 0.4353999999999999, 0.4139266303561433, '01:08']
[8, 1.5686880350112915, 1.568095088005066, 0.43939998745918274, 0.4394, 0.42499137843015866, '01:25']
[9, 1.5415796041488647, 1.4727736711502075, 0.47519999742507935, 0.47519999999999996, 0.4615645971091774, '01:08']
[10, 1.4774471521377563, 1.4571157693862915, 0.4846000075340271, 0.4846000000000001, 0.4835237647676669, '01:08']
[11, 1.4382952451705933, 1.4454096555709839, 0.48410001397132874, 0.48410000000000003, 0.47476370713694555, '01:08']
[12, 1.4360524415969849, 1.389878273010254, 0.5094000101089478, 0.5094000000000001, 0.4994582333035581, '01:07']
[13, 1.4000710248947144, 1.3686484098434448, 0.5189999938011169, 0.519, 0.5096388375963644, '01:18']
[14, 1.3500502109527588, 1.3529152870178223, 0.5224000215530396, 0.5224, 0.5124653746573438, '01:07']
[15, 1.318122386932373, 1.3547358512878418, 0.5234000086784363, 0.5234, 0.5157012253351991, '01:07']
[16, 1.2973129749298096, 1.3284817934036255, 0.52920001745224, 0.5292000000000001, 0.5256595924568338, '01:07']
[17, 1.2636305093765259, 1.3321810960769653, 0.5307999849319458, 0.5307999999999999, 0.5282144176009311, '01:07']
[18, 1.239493727684021, 1.3117808103561401, 0.5371999740600586, 0.5372, 0.535074648263471, '01:08']
[19, 1.2182717323303223, 1.305405855178833, 0.539900004863739, 0.5398999999999999, 0.5354085741876775, '01:07']
[20, 1.2067548036575317, 1.295415997505188, 0.5437999963760376, 0.5438000000000001, 0.5404412015278557, '01:08']
[21, 1.1649937629699707, 1.291479468345642, 0.5482000112533569, 0.5482, 0.5435107256423506, '01:26']
[22, 1.1372989416122437, 1.2855024337768555, 0.5497999787330627, 0.5498, 0.5456600005007364, '01:14']
[23, 1.1327687501907349, 1.2899142503738403, 0.5468000173568726, 0.5468, 0.5433735180735555, '01:42']
[24, 1.1220085620880127, 1.2861648797988892, 0.5511999726295471, 0.5512, 0.5484613727275051, '01:45']
[25, 1.0929629802703857, 1.2880491018295288, 0.5504000186920166, 0.5504, 0.5482287258117468, '01:24']
[26, 1.1078628301620483, 1.2873104810714722, 0.5515999794006348, 0.5515999999999999, 0.5479129746448945, '01:15']
[27, 1.1142473220825195, 1.2844902276992798, 0.5508999824523926, 0.5509000000000001, 0.5471274429458, '01:21']
[28, 1.0793628692626953, 1.2833924293518066, 0.5514000058174133, 0.5514, 0.5484580624267501, '01:07']
[29, 1.0788450241088867, 1.2833940982818604, 0.5508999824523926, 0.5509, 0.5476676491499475, '01:07']

Tiempo de entrenamiento: 2313.48 segundos
/mnt/homeGPU/haoweihu/TFG/lib/python3.10/site-packages/fastai/learner.py:455: UserWarning: load_learner` uses Python's insecure pickle module, which can execute malicious arbitrary code when loading. Only load files you trust.
If you only need to load model weights and optimizer state, use the safe `Learner.load` instead.
  warn("load_learner` uses Python's insecure pickle module, which can execute malicious arbitrary code when loading. Only load files you trust.\nIf you only need to load model weights and optimizer state, use the safe `Learner.load` instead.")
Loss: 1.2834
Accuracy: 0.5509
Recall: 0.5509
F1-Score: 0.5477
Loss: 1.2941792011260986
Accuracy: 0.5452724099159241
Recall (macro): 0.5452384394917467
F1 Score (macro): 0.5412846757101505
mail: cannot send message: Process exited with a non-zero status
