---------------------------------------------------------------------------
Ejecutando: fmnist_10pct_dq
---------------------------------------------------------------------------
Número total de imágenes en entrenamiento: 4800
Número total de imágenes en validación: 12000

Clases: ['Ankle boot', 'Bag', 'Coat', 'Dress', 'Pullover', 'Sandal', 'Shirt', 'Sneaker', 'T-shirt', 'Trouser']
[0, 2.30122709274292, 2.296539306640625, 0.10000000149011612, 0.1, 0.01818181818181818, '01:47']
[1, 2.264309883117676, 2.1640238761901855, 0.3569999933242798, 0.35700000000000004, 0.28323129056150403, '00:28']
[2, 1.6995348930358887, 1.1220821142196655, 0.5512499809265137, 0.55125, 0.501502691786033, '00:29']
[3, 1.2600212097167969, 0.921747088432312, 0.6754166483879089, 0.6754166666666667, 0.6564206205457229, '00:28']
[4, 1.0603920221328735, 0.8193073868751526, 0.6933333277702332, 0.6933333333333334, 0.6645274350619137, '00:28']
[5, 0.9384669661521912, 0.7610834836959839, 0.7089166641235352, 0.7089166666666668, 0.6957224616214897, '00:29']
[6, 0.867921769618988, 0.7093700170516968, 0.7335000038146973, 0.7335, 0.703672865097276, '00:38']
[7, 0.8258314728736877, 0.7013614177703857, 0.7305833101272583, 0.7305833333333334, 0.7108557998013376, '00:43']
[8, 0.7939038276672363, 0.6558495163917542, 0.7552499771118164, 0.75525, 0.7247730791581477, '00:30']
[9, 0.7565116286277771, 0.6187708973884583, 0.7441666722297668, 0.7441666666666666, 0.7364246381852216, '00:29']
[10, 0.7247968912124634, 0.5839127898216248, 0.7745000123977661, 0.7745, 0.7545396561950959, '00:28']
[11, 0.7021343111991882, 0.5657219886779785, 0.7789166569709778, 0.7789166666666667, 0.7616255614297087, '00:28']
[12, 0.6833668947219849, 0.5639541149139404, 0.7854999899864197, 0.7855000000000001, 0.7692122966017144, '00:28']
[13, 0.6638424396514893, 0.5742653608322144, 0.7847499847412109, 0.7847500000000001, 0.7705614471135481, '00:29']
[14, 0.6534016728401184, 0.5966989994049072, 0.7714999914169312, 0.7715000000000001, 0.7620950450275515, '00:34']
[15, 0.619890570640564, 0.5279983282089233, 0.7997499704360962, 0.79975, 0.7947634427860708, '00:33']
[16, 0.6112481355667114, 0.5025039315223694, 0.815416693687439, 0.8154166666666667, 0.8106770462004136, '00:42']
[17, 0.5997111797332764, 0.5155751705169678, 0.8104166388511658, 0.8104166666666666, 0.8007950219299851, '00:35']
[18, 0.5733853578567505, 0.5011118054389954, 0.8077499866485596, 0.8077499999999999, 0.7813456840375523, '00:31']
[19, 0.5768429040908813, 0.4896734952926636, 0.8133333325386047, 0.8133333333333332, 0.8002352807659401, '00:29']
[20, 0.5561637282371521, 0.48700377345085144, 0.8146666884422302, 0.8146666666666667, 0.8039204750882509, '00:31']
[21, 0.5462950468063354, 0.4883688986301422, 0.8199166655540466, 0.8199166666666668, 0.8125318808589077, '00:42']
[22, 0.5371946692466736, 0.4729025363922119, 0.8218333125114441, 0.8218333333333332, 0.8162012927169956, '00:43']
[23, 0.5242379307746887, 0.4689210057258606, 0.8220833539962769, 0.8220833333333333, 0.8134771018226502, '00:49']
[24, 0.5199199318885803, 0.46870410442352295, 0.8240000009536743, 0.8240000000000001, 0.8181441451308091, '00:52']
[25, 0.5155285000801086, 0.46832597255706787, 0.8224999904632568, 0.8225, 0.8133364167684507, '00:42']
[26, 0.5108987092971802, 0.4665601849555969, 0.8230833411216736, 0.8230833333333333, 0.8141243534216613, '00:42']
[27, 0.507613480091095, 0.4663061797618866, 0.8255000114440918, 0.8254999999999999, 0.8190342399866413, '00:35']
[28, 0.5054783225059509, 0.4651954770088196, 0.8256666660308838, 0.8256666666666665, 0.8185417166484006, '00:28']
[29, 0.49995696544647217, 0.4651593565940857, 0.8259999752044678, 0.826, 0.8190288881421864, '00:29']

Tiempo de entrenamiento: 1112.20 segundos
/mnt/homeGPU/haoweihu/TFG/lib/python3.10/site-packages/fastai/learner.py:455: UserWarning: load_learner` uses Python's insecure pickle module, which can execute malicious arbitrary code when loading. Only load files you trust.
If you only need to load model weights and optimizer state, use the safe `Learner.load` instead.
  warn("load_learner` uses Python's insecure pickle module, which can execute malicious arbitrary code when loading. Only load files you trust.\nIf you only need to load model weights and optimizer state, use the safe `Learner.load` instead.")
Loss: 0.4652
Accuracy: 0.8260
Recall: 0.8260
F1-Score: 0.8190
Loss: 2.261927604675293
Accuracy: 0.645432710647583
Recall (macro): 0.6450909334387465
F1 Score (macro): 0.6432702192387708
---------------------------------------------------------------------------
Ejecutando: fmnist_20pct_dq
---------------------------------------------------------------------------
Número total de imágenes en entrenamiento: 9600
Número total de imágenes en validación: 12000

Clases: ['Ankle boot', 'Bag', 'Coat', 'Dress', 'Pullover', 'Sandal', 'Shirt', 'Sneaker', 'T-shirt', 'Trouser']
[0, 2.275200128555298, 2.244927167892456, 0.16108334064483643, 0.16108333333333336, 0.0959365266549165, '01:15']
[1, 1.7183905839920044, 1.2642937898635864, 0.5861666798591614, 0.5861666666666666, 0.5344856159452084, '00:39']
[2, 1.2100800275802612, 0.9751738905906677, 0.5979166626930237, 0.5979166666666668, 0.5778707638550368, '00:36']
[3, 1.0529248714447021, 0.810857355594635, 0.7074166536331177, 0.7074166666666667, 0.699983075467072, '00:36']
[4, 0.9370837807655334, 0.7087834477424622, 0.73416668176651, 0.7341666666666666, 0.7156445583143575, '00:46']
[5, 0.8572354912757874, 0.6533721685409546, 0.749750018119812, 0.7497499999999999, 0.742846933702617, '00:51']
[6, 0.817823052406311, 0.6237029433250427, 0.7680833339691162, 0.7680833333333333, 0.7566246472600078, '00:37']
[7, 0.7747846841812134, 0.6442924737930298, 0.7448333501815796, 0.7448333333333333, 0.7307906878942746, '00:36']
[8, 0.7394980192184448, 0.5677988529205322, 0.7822499871253967, 0.78225, 0.7773242060286558, '00:36']
[9, 0.6968938112258911, 0.5340880155563354, 0.8038333058357239, 0.8038333333333334, 0.7861561571192297, '00:36']
[10, 0.6664640307426453, 0.5145622491836548, 0.8084166646003723, 0.8084166666666667, 0.7853718479423824, '00:42']
[11, 0.6463131904602051, 0.5085505247116089, 0.8025000095367432, 0.8025, 0.7767687133330619, '01:00']
[12, 0.611873209476471, 0.4740871489048004, 0.8333333134651184, 0.8333333333333334, 0.8299531820027581, '00:47']
[13, 0.6115698218345642, 0.47440001368522644, 0.8255000114440918, 0.8255000000000001, 0.8121820452930102, '00:36']
[14, 0.5707306265830994, 0.4484484791755676, 0.8364999890327454, 0.8365, 0.8285737424199568, '00:36']
[15, 0.5612581968307495, 0.4636562466621399, 0.8309166431427002, 0.8309166666666666, 0.8274813637660818, '00:36']
[16, 0.5344670414924622, 0.42140451073646545, 0.843999981880188, 0.844, 0.8341817733982342, '00:36']
[17, 0.5297611355781555, 0.43087634444236755, 0.846666693687439, 0.8466666666666667, 0.8444701529360572, '00:48']
[18, 0.4993041455745697, 0.4193851053714752, 0.8455833196640015, 0.8455833333333335, 0.8445492644962348, '00:52']
[19, 0.4813005328178406, 0.4108408987522125, 0.8487499952316284, 0.8487499999999999, 0.8449897690656532, '00:36']
[20, 0.4836476445198059, 0.39877355098724365, 0.8553333282470703, 0.8553333333333333, 0.8526530065476716, '00:36']
[21, 0.48975417017936707, 0.40500760078430176, 0.8548333048820496, 0.8548333333333333, 0.8535429902677849, '00:36']
[22, 0.4596917927265167, 0.39903947710990906, 0.8530833125114441, 0.8530833333333334, 0.8492474226292863, '00:36']
[23, 0.4493437707424164, 0.39980992674827576, 0.85958331823349, 0.8595833333333334, 0.8547467191381004, '00:43']
[24, 0.44323083758354187, 0.391387939453125, 0.8609166741371155, 0.8609166666666667, 0.8588700382575969, '00:41']
[25, 0.4299568831920624, 0.3892403542995453, 0.8605833053588867, 0.8605833333333335, 0.858875798208363, '00:47']
[26, 0.4306052625179291, 0.38758525252342224, 0.8613333106040955, 0.8613333333333333, 0.8595615387366211, '00:36']
[27, 0.41481897234916687, 0.3879988491535187, 0.8615000247955322, 0.8615, 0.8597099899166064, '00:36']
[28, 0.42568111419677734, 0.38738900423049927, 0.8617500066757202, 0.86175, 0.8595603995060925, '00:51']
[29, 0.40861520171165466, 0.3873232305049896, 0.8612499833106995, 0.8612499999999998, 0.8590909375831421, '00:45']

Tiempo de entrenamiento: 1276.27 segundos
/mnt/homeGPU/haoweihu/TFG/lib/python3.10/site-packages/fastai/learner.py:455: UserWarning: load_learner` uses Python's insecure pickle module, which can execute malicious arbitrary code when loading. Only load files you trust.
If you only need to load model weights and optimizer state, use the safe `Learner.load` instead.
  warn("load_learner` uses Python's insecure pickle module, which can execute malicious arbitrary code when loading. Only load files you trust.\nIf you only need to load model weights and optimizer state, use the safe `Learner.load` instead.")
Loss: 0.3873
Accuracy: 0.8612
Recall: 0.8612
F1-Score: 0.8591
Loss: 2.9981343746185303
Accuracy: 0.6689703464508057
Recall (macro): 0.6689323317476306
F1 Score (macro): 0.6728173429026933
---------------------------------------------------------------------------
Ejecutando: fmnist_30pct_dq
---------------------------------------------------------------------------
Número total de imágenes en entrenamiento: 14269
Número total de imágenes en validación: 12000

Clases: ['Ankle boot', 'Bag', 'Coat', 'Dress', 'Pullover', 'Sandal', 'Shirt', 'Sneaker', 'T-shirt', 'Trouser']
[0, 2.243140935897827, 2.172725200653076, 0.4611666798591614, 0.4611666666666666, 0.36033547907780916, '01:36']
[1, 1.312872290611267, 1.0207269191741943, 0.596750020980835, 0.5967499999999999, 0.566720071955588, '00:43']
[2, 1.0199811458587646, 0.8219594955444336, 0.6982499957084656, 0.69825, 0.6836919859688442, '00:44']
[3, 0.8912050127983093, 0.7116352319717407, 0.7260000109672546, 0.7260000000000001, 0.7181681170754424, '00:53']
[4, 0.8086293339729309, 0.6376679539680481, 0.7508333325386047, 0.7508333333333334, 0.7356519797629096, '01:00']
[5, 0.747490644454956, 0.5853758454322815, 0.7670000195503235, 0.767, 0.7514679941869982, '00:43']
[6, 0.7270119786262512, 0.5305749177932739, 0.8005833625793457, 0.8005833333333333, 0.7857559094014841, '00:44']
[7, 0.6582316160202026, 0.4899432063102722, 0.812416672706604, 0.8124166666666668, 0.7906916150473744, '00:44']
[8, 0.6152743101119995, 0.5002375841140747, 0.8105000257492065, 0.8105, 0.8000614789034118, '00:55']
[9, 0.5721134543418884, 0.4319573938846588, 0.8360833525657654, 0.8360833333333334, 0.825438278326669, '01:10']
[10, 0.5564015507698059, 0.42589274048805237, 0.8426666855812073, 0.8426666666666666, 0.8392367652275368, '01:01']
[11, 0.5278145670890808, 0.39932873845100403, 0.8499166369438171, 0.8499166666666668, 0.8475554393719505, '01:04']
[12, 0.5079907774925232, 0.3859805464744568, 0.8604166507720947, 0.8604166666666668, 0.8573942743640826, '01:04']
[13, 0.5025721192359924, 0.38506069779396057, 0.856416642665863, 0.8564166666666667, 0.8514486191119298, '00:56']
[14, 0.4819946587085724, 0.37074944376945496, 0.8712499737739563, 0.8712500000000001, 0.8707954945794298, '00:56']
[15, 0.44419801235198975, 0.3751545548439026, 0.8619999885559082, 0.8619999999999999, 0.8619000617326813, '00:43']
[16, 0.4450109899044037, 0.36352574825286865, 0.8679166436195374, 0.8679166666666667, 0.8688772658368645, '00:52']
[17, 0.40626224875450134, 0.347794771194458, 0.8689166903495789, 0.8689166666666667, 0.8679835322193149, '00:51']
[18, 0.3929350972175598, 0.33930811285972595, 0.874916672706604, 0.8749166666666668, 0.8758294883067596, '00:52']
[19, 0.38911202549934387, 0.33068686723709106, 0.878000020980835, 0.8779999999999999, 0.8781370081788834, '00:56']
[20, 0.3853941857814789, 0.3327087461948395, 0.8776666522026062, 0.8776666666666667, 0.8782376020452176, '00:44']
[21, 0.3643726110458374, 0.3308737277984619, 0.8806666731834412, 0.8806666666666667, 0.8789648789212124, '00:44']
[22, 0.3561336398124695, 0.3244728744029999, 0.8791666626930237, 0.8791666666666667, 0.8788426005598238, '00:44']
[23, 0.35581475496292114, 0.3293117582798004, 0.8813333511352539, 0.8813333333333334, 0.8795808732685355, '01:00']
[24, 0.34272170066833496, 0.32283541560173035, 0.8827499747276306, 0.88275, 0.8810426306290168, '01:04']
[25, 0.32868093252182007, 0.3181030750274658, 0.8825833201408386, 0.8825833333333334, 0.8830703723116693, '00:44']
[26, 0.3315127193927765, 0.3165363073348999, 0.8828333616256714, 0.8828333333333334, 0.8827104319480199, '00:44']
[27, 0.32481658458709717, 0.3169417381286621, 0.8833333253860474, 0.8833333333333332, 0.8826822224940176, '00:44']
[28, 0.3402446508407593, 0.31544849276542664, 0.8841666579246521, 0.8841666666666667, 0.8837193970044946, '00:43']
[29, 0.32959654927253723, 0.3154250383377075, 0.8837500214576721, 0.8837499999999998, 0.8832587577896959, '00:53']

Tiempo de entrenamiento: 1609.79 segundos
/mnt/homeGPU/haoweihu/TFG/lib/python3.10/site-packages/fastai/learner.py:455: UserWarning: load_learner` uses Python's insecure pickle module, which can execute malicious arbitrary code when loading. Only load files you trust.
If you only need to load model weights and optimizer state, use the safe `Learner.load` instead.
  warn("load_learner` uses Python's insecure pickle module, which can execute malicious arbitrary code when loading. Only load files you trust.\nIf you only need to load model weights and optimizer state, use the safe `Learner.load` instead.")
Loss: 0.3154
Accuracy: 0.8838
Recall: 0.8837
F1-Score: 0.8833
Loss: 2.9020543098449707
Accuracy: 0.7000200152397156
Recall (macro): 0.6999915238611536
F1 Score (macro): 0.6999936741498514
---------------------------------------------------------------------------
Ejecutando: fmnist_40pct_dq
---------------------------------------------------------------------------
Número total de imágenes en entrenamiento: 18740
Número total de imágenes en validación: 12000

Clases: ['Ankle boot', 'Bag', 'Coat', 'Dress', 'Pullover', 'Sandal', 'Shirt', 'Sneaker', 'T-shirt', 'Trouser']
[0, 2.134089231491089, 1.9797308444976807, 0.31058332324028015, 0.3105833333333333, 0.2135228248500794, '01:48']
[1, 1.1013929843902588, 0.8997518420219421, 0.6793333292007446, 0.6793333333333333, 0.6573047982935276, '01:05']
[2, 0.8801788687705994, 0.7172747254371643, 0.7215833067893982, 0.7215833333333334, 0.7092707810892314, '01:11']
[3, 0.7840790748596191, 0.649014949798584, 0.7479166388511658, 0.7479166666666667, 0.728267355913611, '00:51']
[4, 0.7226634621620178, 0.5741657018661499, 0.781083345413208, 0.7810833333333332, 0.7660946760942979, '01:06']
[5, 0.6810640692710876, 0.5231996774673462, 0.8032500147819519, 0.80325, 0.7981792038516582, '00:52']
[6, 0.6264075040817261, 0.49453356862068176, 0.8203333616256714, 0.8203333333333334, 0.8208347497396671, '01:07']
[7, 0.5702999830245972, 0.4556838274002075, 0.8245000243186951, 0.8245000000000001, 0.8150036845499538, '01:03']
[8, 0.5632723569869995, 0.42717814445495605, 0.840749979019165, 0.8407500000000001, 0.8337538359405501, '00:52']
[9, 0.5234476327896118, 0.4054197072982788, 0.8495833277702332, 0.8495833333333334, 0.8429584796437355, '00:51']
[10, 0.5017980337142944, 0.39476245641708374, 0.8602499961853027, 0.86025, 0.8594559673544924, '00:58']
[11, 0.47036054730415344, 0.3792411684989929, 0.8633333444595337, 0.8633333333333333, 0.8626465674842152, '01:12']
[12, 0.4420047104358673, 0.3667682409286499, 0.859749972820282, 0.85975, 0.8530104053101161, '00:55']
[13, 0.43825268745422363, 0.3681439757347107, 0.8619999885559082, 0.8619999999999999, 0.8553676775072626, '00:51']
[14, 0.41824930906295776, 0.3616286516189575, 0.8697500228881836, 0.86975, 0.8702968979166282, '00:51']
[15, 0.4076020419597626, 0.34507837891578674, 0.8728333115577698, 0.8728333333333333, 0.8726982835114118, '01:02']
[16, 0.3934843838214874, 0.33924466371536255, 0.8778333067893982, 0.8778333333333332, 0.8771855717847796, '01:10']
[17, 0.36873480677604675, 0.32640960812568665, 0.8824166655540466, 0.8824166666666666, 0.8820983274030251, '01:17']
[18, 0.34611594676971436, 0.33497968316078186, 0.8796666860580444, 0.8796666666666667, 0.8783701962749804, '01:15']
[19, 0.3464081883430481, 0.32419294118881226, 0.8823333382606506, 0.8823333333333334, 0.8820071377291632, '01:22']
[20, 0.3472824692726135, 0.3180135488510132, 0.8845000267028809, 0.8845000000000001, 0.8838459326312924, '01:12']
[21, 0.3313552439212799, 0.32030946016311646, 0.8830000162124634, 0.883, 0.8805029980052904, '00:51']
[22, 0.31646761298179626, 0.31775879859924316, 0.8852499723434448, 0.8852499999999999, 0.8840742587291837, '00:51']
[23, 0.3102465271949768, 0.3176414370536804, 0.8847500085830688, 0.88475, 0.8850780841642244, '00:57']
[24, 0.3057645857334137, 0.31710273027420044, 0.8842499852180481, 0.8842500000000001, 0.8844402002447312, '01:07']
[25, 0.2941907048225403, 0.31783822178840637, 0.8850833177566528, 0.8850833333333332, 0.8855460876820735, '00:51']
[26, 0.2967280447483063, 0.3153403699398041, 0.8881666660308838, 0.8881666666666665, 0.8874170402449325, '01:05']
[27, 0.29332655668258667, 0.31528565287590027, 0.8894166946411133, 0.8894166666666667, 0.8885732313172937, '01:05']
[28, 0.27883899211883545, 0.314387708902359, 0.8899166584014893, 0.8899166666666668, 0.8892585021710702, '01:15']
[29, 0.27606725692749023, 0.3143024742603302, 0.8898333311080933, 0.8898333333333334, 0.8891551682041916, '00:51']

Tiempo de entrenamiento: 1919.71 segundos
/mnt/homeGPU/haoweihu/TFG/lib/python3.10/site-packages/fastai/learner.py:455: UserWarning: load_learner` uses Python's insecure pickle module, which can execute malicious arbitrary code when loading. Only load files you trust.
If you only need to load model weights and optimizer state, use the safe `Learner.load` instead.
  warn("load_learner` uses Python's insecure pickle module, which can execute malicious arbitrary code when loading. Only load files you trust.\nIf you only need to load model weights and optimizer state, use the safe `Learner.load` instead.")
Loss: 0.3143
Accuracy: 0.8898
Recall: 0.8898
F1-Score: 0.8892
Loss: 3.0721728801727295
Accuracy: 0.6997195482254028
Recall (macro): 0.6997518100830227
F1 Score (macro): 0.701582462435761
---------------------------------------------------------------------------
Ejecutando: fmnist_50pct_dq
---------------------------------------------------------------------------
Número total de imágenes en entrenamiento: 22662
Número total de imágenes en validación: 12000

Clases: ['Ankle boot', 'Bag', 'Coat', 'Dress', 'Pullover', 'Sandal', 'Shirt', 'Sneaker', 'T-shirt', 'Trouser']
[0, 1.972083330154419, 1.7751829624176025, 0.47874999046325684, 0.47874999999999995, 0.4253451440006156, '02:18']
[1, 1.0540822744369507, 0.9285101890563965, 0.6459166407585144, 0.6459166666666667, 0.6130381099106176, '01:14']
[2, 0.9116330146789551, 0.7477259635925293, 0.7174166440963745, 0.7174166666666666, 0.6973573589918562, '00:57']
[3, 0.805514931678772, 0.6691954731941223, 0.7442499995231628, 0.74425, 0.7236306966966011, '00:58']
[4, 0.7257182002067566, 0.6004849672317505, 0.7693333625793457, 0.7693333333333333, 0.7551802334936248, '01:00']
[5, 0.6667613387107849, 0.5747483372688293, 0.784583330154419, 0.7845833333333334, 0.7664956600629926, '01:25']
[6, 0.6339359879493713, 0.48946434259414673, 0.8181666731834412, 0.8181666666666668, 0.8057290200735642, '00:58']
[7, 0.562782883644104, 0.4399579167366028, 0.8357499837875366, 0.83575, 0.8277883980283143, '00:57']
[8, 0.5439719557762146, 0.415220707654953, 0.8506666421890259, 0.8506666666666668, 0.8490792189591293, '00:57']
[9, 0.5095449686050415, 0.39462417364120483, 0.8535000085830688, 0.8535, 0.8464767713961114, '01:21']
[10, 0.4628835916519165, 0.3688047230243683, 0.8610833287239075, 0.8610833333333334, 0.8623124559130018, '00:58']
[11, 0.46517637372016907, 0.36739376187324524, 0.8645833134651184, 0.8645833333333333, 0.8644159412928181, '00:58']
[12, 0.43488237261772156, 0.3390582203865051, 0.8735833168029785, 0.8735833333333334, 0.8734270140422297, '00:58']
[13, 0.4132091701030731, 0.34773677587509155, 0.8665000200271606, 0.8664999999999999, 0.8639121611111825, '01:10']
[14, 0.4030211865901947, 0.33424869179725647, 0.8754166960716248, 0.8754166666666666, 0.8717261178052655, '01:08']
[15, 0.37790846824645996, 0.32791680097579956, 0.8794999718666077, 0.8795000000000002, 0.8782681880432717, '00:59']
[16, 0.3639647364616394, 0.3212384879589081, 0.8784999847412109, 0.8785000000000001, 0.8783178361260934, '00:59']
[17, 0.3640974462032318, 0.3081102967262268, 0.8840833306312561, 0.8840833333333332, 0.8833070666070956, '01:09']
[18, 0.3382980227470398, 0.31906718015670776, 0.878333330154419, 0.8783333333333333, 0.8747572747631468, '01:32']
[19, 0.3369784355163574, 0.3019068241119385, 0.8889999985694885, 0.8889999999999999, 0.8884411018221601, '01:17']
[20, 0.31951984763145447, 0.3045561909675598, 0.8890833258628845, 0.8890833333333333, 0.8893855190284781, '01:24']
[21, 0.3140068054199219, 0.30420705676078796, 0.8867499828338623, 0.8867499999999999, 0.8864675328870547, '01:47']
[22, 0.3023587465286255, 0.3072379231452942, 0.8853333592414856, 0.8853333333333333, 0.8856427638746883, '01:17']
[23, 0.2878624498844147, 0.30009323358535767, 0.8884999752044678, 0.8885, 0.8874636745171139, '00:59']
[24, 0.2894119620323181, 0.3005869686603546, 0.887666642665863, 0.8876666666666667, 0.8871037787230802, '01:11']
[25, 0.2788510322570801, 0.2973312437534332, 0.8896666765213013, 0.8896666666666666, 0.8898195496207209, '01:26']
[26, 0.2738587558269501, 0.29503774642944336, 0.89083331823349, 0.8908333333333334, 0.8904986639321155, '00:59']
[27, 0.2730555832386017, 0.29533880949020386, 0.890250027179718, 0.89025, 0.8898236719831836, '01:02']
[28, 0.2751657962799072, 0.2956465780735016, 0.890250027179718, 0.89025, 0.8897305299582479, '01:18']
[29, 0.2632821500301361, 0.29553207755088806, 0.8898333311080933, 0.8898333333333334, 0.8893242842500545, '01:20']

Tiempo de entrenamiento: 2169.18 segundos
/mnt/homeGPU/haoweihu/TFG/lib/python3.10/site-packages/fastai/learner.py:455: UserWarning: load_learner` uses Python's insecure pickle module, which can execute malicious arbitrary code when loading. Only load files you trust.
If you only need to load model weights and optimizer state, use the safe `Learner.load` instead.
  warn("load_learner` uses Python's insecure pickle module, which can execute malicious arbitrary code when loading. Only load files you trust.\nIf you only need to load model weights and optimizer state, use the safe `Learner.load` instead.")
Loss: 0.2955
Accuracy: 0.8898
Recall: 0.8898
F1-Score: 0.8893
Loss: 2.9463517665863037
Accuracy: 0.7067307829856873
Recall (macro): 0.7068836565809653
F1 Score (macro): 0.7087008404371015
---------------------------------------------------------------------------
Ejecutando: fmnist_60pct_dq
---------------------------------------------------------------------------
Número total de imágenes en entrenamiento: 26643
Número total de imágenes en validación: 12000

Clases: ['Ankle boot', 'Bag', 'Coat', 'Dress', 'Pullover', 'Sandal', 'Shirt', 'Sneaker', 'T-shirt', 'Trouser']
[0, 1.901145100593567, 1.6540844440460205, 0.5046666860580444, 0.5046666666666667, 0.4272326578441529, '02:09']
[1, 1.029759168624878, 0.8706538081169128, 0.6932500004768372, 0.6932500000000001, 0.6810541235480121, '01:32']
[2, 0.8518770337104797, 0.7041671276092529, 0.7366666793823242, 0.7366666666666666, 0.7212735193830466, '01:25']
[3, 0.7539561986923218, 0.6007517576217651, 0.7724166512489319, 0.7724166666666668, 0.7555674024330138, '01:05']
[4, 0.6673964858055115, 0.5521708726882935, 0.7921666502952576, 0.7921666666666667, 0.7747650272267945, '01:14']
[5, 0.6138123273849487, 0.5107227563858032, 0.8059999942779541, 0.8059999999999998, 0.802254323242531, '01:23']
[6, 0.5835584998130798, 0.46555981040000916, 0.8325833082199097, 0.8325833333333333, 0.8259844156436206, '01:23']
[7, 0.5464287400245667, 0.4169884920120239, 0.8428333401679993, 0.8428333333333333, 0.8321876358953972, '01:05']
[8, 0.5077191591262817, 0.4133991301059723, 0.846750020980835, 0.8467500000000001, 0.8470697103541127, '01:29']
[9, 0.4876425862312317, 0.3975368142127991, 0.8498333096504211, 0.8498333333333333, 0.8502539032626396, '01:07']
[10, 0.4564179480075836, 0.3627334535121918, 0.8694999814033508, 0.8695, 0.869317286085973, '01:06']
[11, 0.4284442961215973, 0.35623860359191895, 0.8730833530426025, 0.8730833333333333, 0.8718265940082894, '01:32']
[12, 0.4161088466644287, 0.3559574484825134, 0.8696666955947876, 0.8696666666666667, 0.8682110517346875, '01:26']
[13, 0.3850530982017517, 0.3404152989387512, 0.871749997138977, 0.8717500000000001, 0.8713134503388925, '01:05']
[14, 0.39298200607299805, 0.33033573627471924, 0.8794166445732117, 0.8794166666666667, 0.8779785715181244, '01:05']
[15, 0.3888687193393707, 0.32253554463386536, 0.8840000033378601, 0.884, 0.8842044579581915, '01:29']
[16, 0.3585682809352875, 0.3175774812698364, 0.8858333230018616, 0.8858333333333335, 0.8852579185021152, '01:25']
[17, 0.34969595074653625, 0.32103922963142395, 0.8845000267028809, 0.8844999999999998, 0.8844103582871476, '01:29']
[18, 0.3222375810146332, 0.31465059518814087, 0.8872500061988831, 0.8872500000000001, 0.8858419248504024, '01:38']
[19, 0.3056040406227112, 0.30731648206710815, 0.8897500038146973, 0.8897499999999999, 0.8898936675084936, '01:47']
[20, 0.30699118971824646, 0.3133181035518646, 0.8897500038146973, 0.8897499999999999, 0.8894443234540905, '01:06']
[21, 0.28841835260391235, 0.30700039863586426, 0.8925833106040955, 0.8925833333333333, 0.8928588094565747, '01:06']
[22, 0.2882874608039856, 0.303743451833725, 0.8922500014305115, 0.89225, 0.8907269716747599, '01:43']
[23, 0.27324336767196655, 0.3039996027946472, 0.8941666483879089, 0.8941666666666667, 0.8934615509289798, '01:11']
[24, 0.27246949076652527, 0.3004259169101715, 0.8959166407585144, 0.8959166666666667, 0.8955426493407235, '01:07']
[25, 0.2690538465976715, 0.3000630736351013, 0.8949166536331177, 0.8949166666666667, 0.8941732762026667, '01:31']
[26, 0.2482512891292572, 0.3008725941181183, 0.8973333239555359, 0.8973333333333333, 0.8963853764039508, '01:19']
[27, 0.25136733055114746, 0.29963943362236023, 0.8964999914169312, 0.8965, 0.8956649482972493, '01:06']
[28, 0.2431783825159073, 0.2997128367424011, 0.8963333368301392, 0.8963333333333333, 0.8956173571835672, '01:24']
[29, 0.25566282868385315, 0.2996392548084259, 0.8962500095367432, 0.89625, 0.8955557196182774, '01:29']

Tiempo de entrenamiento: 2468.55 segundos
/mnt/homeGPU/haoweihu/TFG/lib/python3.10/site-packages/fastai/learner.py:455: UserWarning: load_learner` uses Python's insecure pickle module, which can execute malicious arbitrary code when loading. Only load files you trust.
If you only need to load model weights and optimizer state, use the safe `Learner.load` instead.
  warn("load_learner` uses Python's insecure pickle module, which can execute malicious arbitrary code when loading. Only load files you trust.\nIf you only need to load model weights and optimizer state, use the safe `Learner.load` instead.")
Loss: 0.2996
Accuracy: 0.8963
Recall: 0.8962
F1-Score: 0.8956
Loss: 3.679015636444092
Accuracy: 0.7075320482254028
Recall (macro): 0.7077196012369256
F1 Score (macro): 0.7083020304206655
---------------------------------------------------------------------------
Ejecutando: fmnist_70pct_dq
---------------------------------------------------------------------------
Número total de imágenes en entrenamiento: 30110
Número total de imágenes en validación: 12000

Clases: ['Ankle boot', 'Bag', 'Coat', 'Dress', 'Pullover', 'Sandal', 'Shirt', 'Sneaker', 'T-shirt', 'Trouser']
[0, 1.7594105005264282, 1.5565025806427002, 0.5017499923706055, 0.50175, 0.4559827668657139, '02:45']
[1, 0.9385250210762024, 0.8251897096633911, 0.6914166808128357, 0.6914166666666668, 0.6787671338387521, '01:28']
[2, 0.7868424654006958, 0.6666247844696045, 0.7350000143051147, 0.7350000000000001, 0.7332815868739928, '01:11']
[3, 0.6748172640800476, 0.5897992253303528, 0.7757499814033508, 0.7757499999999998, 0.7733510707477946, '01:12']
[4, 0.6097620129585266, 0.5157957673072815, 0.8027499914169312, 0.80275, 0.7911131190408432, '01:49']
[5, 0.5617699027061462, 0.4650126099586487, 0.8288333415985107, 0.8288333333333334, 0.825094003471583, '01:12']
[6, 0.5404579043388367, 0.41791218519210815, 0.8487499952316284, 0.8487500000000001, 0.843800180722155, '01:12']
[7, 0.46939539909362793, 0.37492403388023376, 0.8684166669845581, 0.8684166666666666, 0.8662431892907921, '01:13']
[8, 0.4544691741466522, 0.37454065680503845, 0.859000027179718, 0.859, 0.8566458182360167, '01:34']
[9, 0.4319201111793518, 0.337453693151474, 0.8801666498184204, 0.8801666666666668, 0.8783449655315465, '01:13']
[10, 0.414999395608902, 0.3222779631614685, 0.8834166526794434, 0.8834166666666666, 0.8823249626605676, '01:13']
[11, 0.3810026943683624, 0.3055354058742523, 0.8919166922569275, 0.8919166666666667, 0.8908044413025346, '01:34']
[12, 0.368049681186676, 0.32695066928863525, 0.8774166703224182, 0.8774166666666666, 0.8780826108691802, '01:16']
[13, 0.35577479004859924, 0.29796814918518066, 0.8891666531562805, 0.8891666666666665, 0.88961472855496, '01:45']
[14, 0.34776070713996887, 0.2944878041744232, 0.8941666483879089, 0.8941666666666667, 0.8937258010775502, '01:52']
[15, 0.3290582597255707, 0.2902636229991913, 0.8944166898727417, 0.8944166666666667, 0.8938108184254059, '01:29']
[16, 0.32787737250328064, 0.2963874042034149, 0.8930000066757202, 0.893, 0.8912730987253541, '01:11']
[17, 0.31243401765823364, 0.2833193838596344, 0.8980000019073486, 0.8979999999999999, 0.8977540638870002, '01:44']
[18, 0.2974216639995575, 0.2766304016113281, 0.9008333086967468, 0.9008333333333333, 0.9010818340836476, '01:15']
[19, 0.2828556001186371, 0.2812831699848175, 0.8998333215713501, 0.8998333333333333, 0.8997438263676072, '01:17']
[20, 0.28728461265563965, 0.2820708155632019, 0.8980833292007446, 0.8980833333333333, 0.8974395839295137, '01:12']
[21, 0.2630438506603241, 0.2733767032623291, 0.903083324432373, 0.9030833333333332, 0.9026550543714285, '01:34']
[22, 0.2628839313983917, 0.273106187582016, 0.9006666541099548, 0.9006666666666667, 0.900960119525686, '01:11']
[23, 0.2423984259366989, 0.2704508602619171, 0.9040833115577698, 0.9040833333333333, 0.9033909128283011, '01:11']
[24, 0.24334634840488434, 0.2698614001274109, 0.9038333296775818, 0.9038333333333334, 0.9036930690558271, '01:29']
[25, 0.24137921631336212, 0.2700451612472534, 0.9036666750907898, 0.9036666666666667, 0.9035750176576096, '01:15']
[26, 0.2342105656862259, 0.27085551619529724, 0.9042500257492065, 0.90425, 0.9041762379085793, '01:12']
[27, 0.24224215745925903, 0.2691475450992584, 0.906000018119812, 0.906, 0.9056748434287558, '01:13']
[28, 0.23241595923900604, 0.26874300837516785, 0.9054166674613953, 0.9054166666666668, 0.9050739641738333, '01:38']
[29, 0.24050933122634888, 0.26887381076812744, 0.9056666493415833, 0.9056666666666666, 0.9053402724198177, '01:14']

Tiempo de entrenamiento: 2569.08 segundos
/mnt/homeGPU/haoweihu/TFG/lib/python3.10/site-packages/fastai/learner.py:455: UserWarning: load_learner` uses Python's insecure pickle module, which can execute malicious arbitrary code when loading. Only load files you trust.
If you only need to load model weights and optimizer state, use the safe `Learner.load` instead.
  warn("load_learner` uses Python's insecure pickle module, which can execute malicious arbitrary code when loading. Only load files you trust.\nIf you only need to load model weights and optimizer state, use the safe `Learner.load` instead.")
Loss: 0.2689
Accuracy: 0.9057
Recall: 0.9057
F1-Score: 0.9053
Loss: 3.328449249267578
Accuracy: 0.713942289352417
Recall (macro): 0.7137588188287864
F1 Score (macro): 0.7128766157347051
---------------------------------------------------------------------------
Ejecutando: fmnist_80pct_dq
---------------------------------------------------------------------------
Número total de imágenes en entrenamiento: 33152
Número total de imágenes en validación: 12000

Clases: ['Ankle boot', 'Bag', 'Coat', 'Dress', 'Pullover', 'Sandal', 'Shirt', 'Sneaker', 'T-shirt', 'Trouser']
[0, 1.6008745431900024, 1.3549257516860962, 0.54708331823349, 0.5470833333333334, 0.48217112025983894, '02:54']
[1, 0.8974426984786987, 0.7982128262519836, 0.7091666460037231, 0.7091666666666667, 0.6976201829655021, '01:17']
[2, 0.7756888270378113, 0.6868994235992432, 0.7394166588783264, 0.7394166666666667, 0.7224001011372604, '01:21']
[3, 0.7103323936462402, 0.6013481616973877, 0.7789166569709778, 0.7789166666666667, 0.7502035402097761, '01:39']
[4, 0.5975151658058167, 0.5383840799331665, 0.796583354473114, 0.7965833333333333, 0.7711852023571362, '01:16']
[5, 0.5668187141418457, 0.5009021162986755, 0.8090833425521851, 0.8090833333333333, 0.782551411104443, '01:16']
[6, 0.49929288029670715, 0.41830864548683167, 0.8495833277702332, 0.8495833333333334, 0.8458013096501164, '01:40']
[7, 0.4900222718715668, 0.4017251431941986, 0.8545833230018616, 0.8545833333333333, 0.8487980445158823, '01:16']
[8, 0.44274795055389404, 0.37966349720954895, 0.8628333210945129, 0.8628333333333333, 0.8627237540510494, '01:58']
[9, 0.40775996446609497, 0.3446137011051178, 0.8743333220481873, 0.8743333333333334, 0.8726094172539633, '02:04']
[10, 0.3921739161014557, 0.3305649161338806, 0.8799166679382324, 0.8799166666666667, 0.8780818162489871, '01:40']
[11, 0.37169721722602844, 0.3178766071796417, 0.8830833435058594, 0.8830833333333334, 0.8807844349630815, '01:17']
[12, 0.3511400818824768, 0.32090699672698975, 0.8826666474342346, 0.8826666666666666, 0.8843881238830212, '01:42']
[13, 0.33869513869285583, 0.3012673556804657, 0.8914999961853027, 0.8915000000000001, 0.8892787717997009, '01:17']
[14, 0.32735273241996765, 0.3027908205986023, 0.8887500166893005, 0.8887499999999999, 0.887713921420921, '01:16']
[15, 0.31349262595176697, 0.29973965883255005, 0.8880000114440918, 0.8880000000000001, 0.8884341113429912, '01:38']
[16, 0.2960415482521057, 0.3071001470088959, 0.8910833597183228, 0.8910833333333334, 0.8919583164895541, '01:16']
[17, 0.2863653600215912, 0.28796496987342834, 0.8971666693687439, 0.8971666666666666, 0.8959450371442553, '01:17']
[18, 0.26738688349723816, 0.28628310561180115, 0.8988333344459534, 0.8988333333333334, 0.8983786873197712, '01:27']
[19, 0.2704703211784363, 0.2787613570690155, 0.8998333215713501, 0.8998333333333333, 0.8995663738037267, '01:32']
[20, 0.25712287425994873, 0.2862350344657898, 0.8990833163261414, 0.8990833333333332, 0.8979997199009462, '01:17']
[21, 0.22548919916152954, 0.2851189076900482, 0.9000833630561829, 0.9000833333333332, 0.8998934021217881, '01:17']
[22, 0.21811215579509735, 0.2838200330734253, 0.9000833630561829, 0.9000833333333332, 0.8986161412686652, '01:40']
[23, 0.22686581313610077, 0.2819039821624756, 0.9008333086967468, 0.9008333333333335, 0.9004999608327011, '01:17']
[24, 0.2144531011581421, 0.281740665435791, 0.9027500152587891, 0.9027499999999999, 0.9022901158223455, '01:17']
No improvement since epoch 19: early stopping

Tiempo de entrenamiento: 2281.96 segundos
/mnt/homeGPU/haoweihu/TFG/lib/python3.10/site-packages/fastai/learner.py:455: UserWarning: load_learner` uses Python's insecure pickle module, which can execute malicious arbitrary code when loading. Only load files you trust.
If you only need to load model weights and optimizer state, use the safe `Learner.load` instead.
  warn("load_learner` uses Python's insecure pickle module, which can execute malicious arbitrary code when loading. Only load files you trust.\nIf you only need to load model weights and optimizer state, use the safe `Learner.load` instead.")
Loss: 0.2817
Accuracy: 0.9028
Recall: 0.9027
F1-Score: 0.9023
Loss: 3.9338245391845703
Accuracy: 0.7112379670143127
Recall (macro): 0.7112496026509743
F1 Score (macro): 0.7127460278772576
---------------------------------------------------------------------------
Ejecutando: fmnist_90pct_dq
---------------------------------------------------------------------------
Número total de imágenes en entrenamiento: 35522
Número total de imágenes en validación: 12000

Clases: ['Ankle boot', 'Bag', 'Coat', 'Dress', 'Pullover', 'Sandal', 'Shirt', 'Sneaker', 'T-shirt', 'Trouser']
[0, 1.6624042987823486, 1.4472795724868774, 0.5364999771118164, 0.5365, 0.486311087400491, '02:58']
[1, 0.8993704915046692, 0.8143784999847412, 0.6983333230018616, 0.6983333333333335, 0.6736397239680099, '01:43']
[2, 0.7516292929649353, 0.6361492872238159, 0.7558333277702332, 0.7558333333333334, 0.7402113421383179, '01:20']
[3, 0.6372489929199219, 0.5764747262001038, 0.7791666388511658, 0.7791666666666667, 0.7541592689701179, '01:20']
[4, 0.5854693651199341, 0.5033220648765564, 0.8104166388511658, 0.8104166666666666, 0.7906442580378882, '01:27']
[5, 0.4978886544704437, 0.4354286193847656, 0.8366666436195374, 0.8366666666666667, 0.8316332436445897, '01:33']
[6, 0.44011062383651733, 0.39857664704322815, 0.8476666808128357, 0.8476666666666667, 0.8417125297273467, '01:23']
[7, 0.4098460078239441, 0.36803823709487915, 0.8686666488647461, 0.8686666666666666, 0.8685568904116746, '01:58']
[8, 0.3693317174911499, 0.34334707260131836, 0.8754166960716248, 0.8754166666666666, 0.8752893381314857, '01:57']
[9, 0.36693713068962097, 0.32303887605667114, 0.8805000185966492, 0.8805000000000002, 0.8795022648649112, '01:38']
[10, 0.36061522364616394, 0.3016647398471832, 0.89041668176651, 0.8904166666666666, 0.8895426571061495, '01:43']
[11, 0.3396725654602051, 0.2965463101863861, 0.890666663646698, 0.8906666666666666, 0.8912028865267692, '01:18']
[12, 0.321278840303421, 0.296568900346756, 0.8899166584014893, 0.8899166666666666, 0.8875749407465477, '01:17']
[13, 0.30131083726882935, 0.296145498752594, 0.8916666507720947, 0.8916666666666666, 0.888972447498628, '01:44']
[14, 0.286459743976593, 0.28259608149528503, 0.8984166383743286, 0.8984166666666666, 0.8989087529084081, '01:21']
[15, 0.28475069999694824, 0.277980238199234, 0.8983333110809326, 0.8983333333333334, 0.8969348759816368, '01:29']
[16, 0.2620670199394226, 0.2874045670032501, 0.8972499966621399, 0.89725, 0.896041628042927, '01:53']
[17, 0.2460409253835678, 0.2722475826740265, 0.9035833477973938, 0.9035833333333334, 0.9028583571445299, '01:18']
[18, 0.23317214846611023, 0.27603697776794434, 0.9021666646003723, 0.9021666666666667, 0.901530093567057, '01:17']
[19, 0.2313714325428009, 0.27308085560798645, 0.9037500023841858, 0.9037499999999999, 0.9035970265518752, '01:39']
[20, 0.2165028601884842, 0.2927318811416626, 0.8961666822433472, 0.8961666666666666, 0.8974558088958522, '01:26']
[21, 0.2086295783519745, 0.27987003326416016, 0.9022499918937683, 0.9022500000000001, 0.9024842023973333, '01:18']
[22, 0.19086308777332306, 0.2766132950782776, 0.9047499895095825, 0.9047499999999999, 0.9043904913597285, '01:30']
No improvement since epoch 17: early stopping

Tiempo de entrenamiento: 2199.13 segundos
/mnt/homeGPU/haoweihu/TFG/lib/python3.10/site-packages/fastai/learner.py:455: UserWarning: load_learner` uses Python's insecure pickle module, which can execute malicious arbitrary code when loading. Only load files you trust.
If you only need to load model weights and optimizer state, use the safe `Learner.load` instead.
  warn("load_learner` uses Python's insecure pickle module, which can execute malicious arbitrary code when loading. Only load files you trust.\nIf you only need to load model weights and optimizer state, use the safe `Learner.load` instead.")
Loss: 0.2766
Accuracy: 0.9047
Recall: 0.9047
F1-Score: 0.9044
Loss: 3.706692934036255
Accuracy: 0.7180488705635071
Recall (macro): 0.7180590924338154
F1 Score (macro): 0.7168318593665683
mail: cannot send message: Process exited with a non-zero status
