---------------------------------------------------------------------------
Ejecutando: cifar_rgb_10pct_example1_quant
---------------------------------------------------------------------------
Número total de imágenes en entrenamiento: 4000
Número total de imágenes en validación: 10000

Clases: ['airplane', 'automobile', 'bird', 'cat', 'deer', 'dog', 'frog', 'horse', 'ship', 'truck']
[0, 2.302788019180298, 2.3017733097076416, 0.11800000071525574, 0.118, 0.041841529256594664, '00:40']
[1, 2.2979540824890137, 2.2901413440704346, 0.14219999313354492, 0.14220000000000002, 0.0940153094748203, '00:24']
[2, 2.2612600326538086, 2.2189927101135254, 0.1858000010251999, 0.1858, 0.1416668591640759, '00:24']
[3, 2.1960458755493164, 2.125819683074951, 0.2305999994277954, 0.2306, 0.20518407655888837, '00:26']
[4, 2.103339195251465, 2.004960775375366, 0.2851000130176544, 0.2851, 0.2617976968546213, '00:24']
[5, 2.0115342140197754, 1.9272871017456055, 0.30809998512268066, 0.30809999999999993, 0.3009478288027263, '00:24']
[6, 1.9363371133804321, 1.8948982954025269, 0.30219998955726624, 0.30219999999999997, 0.2832858775532078, '00:29']
[7, 1.882263422012329, 1.8814703226089478, 0.31940001249313354, 0.3194, 0.3073636382106129, '00:38']
[8, 1.8282952308654785, 1.870481014251709, 0.33000001311302185, 0.32999999999999996, 0.316735621052011, '00:24']
[9, 1.7998079061508179, 1.8582366704940796, 0.33180001378059387, 0.3318, 0.3251752741022099, '00:24']
[10, 1.7578810453414917, 1.846622109413147, 0.34049999713897705, 0.34049999999999997, 0.3325921049733637, '00:24']
[11, 1.7393203973770142, 1.8087053298950195, 0.3479999899864197, 0.348, 0.3407532039431294, '00:24']
[12, 1.6905790567398071, 1.8274489641189575, 0.3483999967575073, 0.3484, 0.3362318207129571, '00:24']
[13, 1.6553457975387573, 1.8361657857894897, 0.35040000081062317, 0.3504, 0.3441099127367061, '00:24']
[14, 1.6264055967330933, 1.8020637035369873, 0.3562000095844269, 0.3562, 0.3524995962852446, '00:24']
[15, 1.5913150310516357, 1.7976925373077393, 0.357699990272522, 0.3577, 0.35331368379622974, '00:25']
[16, 1.5521901845932007, 1.7965739965438843, 0.3668999969959259, 0.36689999999999995, 0.358271915287395, '00:24']
[17, 1.5214779376983643, 1.792060375213623, 0.36910000443458557, 0.3691, 0.3636551557848461, '00:25']
[18, 1.4886722564697266, 1.7894991636276245, 0.3723999857902527, 0.37239999999999995, 0.3704803652089673, '00:24']
[19, 1.4492745399475098, 1.7968963384628296, 0.3732999861240387, 0.3733, 0.37038312866671924, '00:24']
[20, 1.4302403926849365, 1.788970708847046, 0.3723999857902527, 0.3724, 0.36785761133156336, '00:24']
[21, 1.3980886936187744, 1.7901718616485596, 0.37770000100135803, 0.37770000000000004, 0.37525448870683387, '00:24']
[22, 1.3731012344360352, 1.8130053281784058, 0.3691999912261963, 0.3692000000000001, 0.36655875612942973, '00:24']
[23, 1.3556740283966064, 1.800413727760315, 0.37689998745918274, 0.3769, 0.3721096680839856, '00:24']
[24, 1.339324951171875, 1.7984845638275146, 0.37599998712539673, 0.376, 0.3732291074408264, '00:25']
[25, 1.3176791667938232, 1.8019778728485107, 0.3743000030517578, 0.37429999999999997, 0.3731402294029618, '00:25']
No improvement since epoch 20: early stopping

Tiempo de entrenamiento: 683.13 segundos
/mnt/homeGPU/haoweihu/TFG/lib/python3.10/site-packages/fastai/learner.py:455: UserWarning: load_learner` uses Python's insecure pickle module, which can execute malicious arbitrary code when loading. Only load files you trust.
If you only need to load model weights and optimizer state, use the safe `Learner.load` instead.
  warn("load_learner` uses Python's insecure pickle module, which can execute malicious arbitrary code when loading. Only load files you trust.\nIf you only need to load model weights and optimizer state, use the safe `Learner.load` instead.")
Loss: 1.8020
Accuracy: 0.3743
Recall: 0.3743
F1-Score: 0.3731
Loss: 1.7997890710830688
Accuracy: 0.3776041567325592
Recall (macro): 0.3775707815613959
F1 Score (macro): 0.37626161260214885
---------------------------------------------------------------------------
Ejecutando: cifar_rgb_10pct_example2_quant
---------------------------------------------------------------------------
Número total de imágenes en entrenamiento: 4000
Número total de imágenes en validación: 10000

Clases: ['airplane', 'automobile', 'bird', 'cat', 'deer', 'dog', 'frog', 'horse', 'ship', 'truck']
[0, 2.303018569946289, 2.301344871520996, 0.12070000171661377, 0.1207, 0.04389795218992411, '00:30']
[1, 2.2954885959625244, 2.2826297283172607, 0.15970000624656677, 0.1597, 0.1153569426335157, '00:25']
[2, 2.2534875869750977, 2.2013700008392334, 0.1850000023841858, 0.185, 0.1522316843354834, '00:25']
[3, 2.196671485900879, 2.1392099857330322, 0.22429999709129333, 0.2243, 0.20708961959708305, '00:25']
[4, 2.112675189971924, 2.0109059810638428, 0.2786000072956085, 0.2786, 0.26412173447300497, '00:25']
[5, 2.0163393020629883, 1.9887049198150635, 0.27959999442100525, 0.2796, 0.26201322660701454, '00:25']
[6, 1.9436073303222656, 1.9296115636825562, 0.30320000648498535, 0.3032, 0.2960324414849087, '00:26']
[7, 1.883501410484314, 1.9098588228225708, 0.2962000072002411, 0.2962, 0.28334500051967887, '00:26']
[8, 1.8304493427276611, 1.8686997890472412, 0.32440000772476196, 0.32439999999999997, 0.3137582606397197, '00:25']
[9, 1.780453085899353, 1.823915958404541, 0.34380000829696655, 0.3438, 0.33800386207858957, '00:25']
[10, 1.7354272603988647, 1.8604888916015625, 0.32919999957084656, 0.3292, 0.319467903133836, '00:25']
[11, 1.6927030086517334, 1.8765367269515991, 0.3292999863624573, 0.32930000000000004, 0.3267050269228463, '00:25']
[12, 1.6588066816329956, 1.824973464012146, 0.3474000096321106, 0.3474, 0.346585123706282, '00:25']
[13, 1.6101064682006836, 1.800366759300232, 0.3582000136375427, 0.35819999999999996, 0.34965047720732123, '00:25']
[14, 1.5706285238265991, 1.8079339265823364, 0.3504999876022339, 0.3505, 0.3418507519400989, '00:25']
[15, 1.5305474996566772, 1.823524832725525, 0.35359999537467957, 0.3536, 0.3481819102663558, '00:25']
[16, 1.4911844730377197, 1.8170474767684937, 0.3619999885559082, 0.362, 0.3533943530680165, '00:25']
[17, 1.4520480632781982, 1.8262107372283936, 0.3619000017642975, 0.3619, 0.3551418294813894, '00:46']
[18, 1.4071296453475952, 1.822095513343811, 0.3700000047683716, 0.37, 0.3676987080775837, '00:30']
No improvement since epoch 13: early stopping

Tiempo de entrenamiento: 513.55 segundos
/mnt/homeGPU/haoweihu/TFG/lib/python3.10/site-packages/fastai/learner.py:455: UserWarning: load_learner` uses Python's insecure pickle module, which can execute malicious arbitrary code when loading. Only load files you trust.
If you only need to load model weights and optimizer state, use the safe `Learner.load` instead.
  warn("load_learner` uses Python's insecure pickle module, which can execute malicious arbitrary code when loading. Only load files you trust.\nIf you only need to load model weights and optimizer state, use the safe `Learner.load` instead.")
Loss: 1.8221
Accuracy: 0.3700
Recall: 0.3700
F1-Score: 0.3677
Loss: 1.8309905529022217
Accuracy: 0.3647836446762085
Recall (macro): 0.36475418427336714
F1 Score (macro): 0.362693119029044
---------------------------------------------------------------------------
Ejecutando: cifar_rgb_20pct_example1_quant
---------------------------------------------------------------------------
Número total de imágenes en entrenamiento: 8000
Número total de imágenes en validación: 10000

Clases: ['airplane', 'automobile', 'bird', 'cat', 'deer', 'dog', 'frog', 'horse', 'ship', 'truck']
[0, 2.3022847175598145, 2.3007936477661133, 0.11980000138282776, 0.11979999999999998, 0.04462657983465988, '00:39']
[1, 2.2761521339416504, 2.2432217597961426, 0.17409999668598175, 0.17409999999999998, 0.12433779316682307, '00:31']
[2, 2.1263341903686523, 2.095874309539795, 0.23270000517368317, 0.2327, 0.19883620910869343, '00:32']
[3, 2.0243942737579346, 1.9964652061462402, 0.2809999883174896, 0.28099999999999997, 0.2506118187552131, '00:32']
[4, 1.9375263452529907, 1.9198812246322632, 0.3089999854564667, 0.309, 0.30038143984645316, '00:45']
[5, 1.8824232816696167, 1.8765796422958374, 0.32339999079704285, 0.3234, 0.3074905928751088, '00:36']
[6, 1.840536117553711, 1.8393707275390625, 0.3336000144481659, 0.3336, 0.32488567889050557, '00:31']
[7, 1.789275050163269, 1.836015224456787, 0.32829999923706055, 0.32830000000000004, 0.3202494261448232, '00:32']
[8, 1.7422254085540771, 1.8237531185150146, 0.34130001068115234, 0.3413, 0.32953929059716136, '00:43']
[9, 1.6935186386108398, 1.7826331853866577, 0.36169999837875366, 0.3617, 0.3497779719388266, '00:32']
[10, 1.6573083400726318, 1.7364920377731323, 0.37610000371932983, 0.3761, 0.36738714391422433, '00:32']
[11, 1.6005576848983765, 1.7575340270996094, 0.37770000100135803, 0.3777, 0.36248527934954533, '00:32']
[12, 1.5684404373168945, 1.7351667881011963, 0.3804999887943268, 0.3805, 0.37400449329243, '00:32']
[13, 1.5369398593902588, 1.719156265258789, 0.3871999979019165, 0.38720000000000004, 0.3739847285968704, '00:33']
[14, 1.4825985431671143, 1.7198675870895386, 0.3917999863624573, 0.39180000000000004, 0.3844495911984812, '00:32']
[15, 1.4429165124893188, 1.752885103225708, 0.3912999927997589, 0.39130000000000004, 0.38171763275203924, '00:33']
[16, 1.4100136756896973, 1.7057108879089355, 0.40139999985694885, 0.4013999999999999, 0.3997024459521565, '00:33']
[17, 1.3753657341003418, 1.7071881294250488, 0.40380001068115234, 0.40380000000000005, 0.3986331203096922, '00:32']
[18, 1.3557652235031128, 1.706270456314087, 0.40290001034736633, 0.4029, 0.4013033010516264, '00:32']
[19, 1.3014174699783325, 1.7588704824447632, 0.4050000011920929, 0.4050000000000001, 0.39749867464075045, '00:32']
[20, 1.2743160724639893, 1.715575933456421, 0.40950000286102295, 0.4095, 0.4073628136321755, '00:32']
[21, 1.2384722232818604, 1.7355847358703613, 0.4083000123500824, 0.4083, 0.4047683240501366, '00:32']
No improvement since epoch 16: early stopping

Tiempo de entrenamiento: 748.33 segundos
/mnt/homeGPU/haoweihu/TFG/lib/python3.10/site-packages/fastai/learner.py:455: UserWarning: load_learner` uses Python's insecure pickle module, which can execute malicious arbitrary code when loading. Only load files you trust.
If you only need to load model weights and optimizer state, use the safe `Learner.load` instead.
  warn("load_learner` uses Python's insecure pickle module, which can execute malicious arbitrary code when loading. Only load files you trust.\nIf you only need to load model weights and optimizer state, use the safe `Learner.load` instead.")
Loss: 1.7356
Accuracy: 0.4083
Recall: 0.4083
F1-Score: 0.4048
Loss: 1.7454721927642822
Accuracy: 0.40815305709838867
Recall (macro): 0.4081344851430854
F1 Score (macro): 0.40386635089361606
---------------------------------------------------------------------------
Ejecutando: cifar_rgb_20pct_example2_quant
---------------------------------------------------------------------------
Número total de imágenes en entrenamiento: 8000
Número total de imágenes en validación: 10000

Clases: ['airplane', 'automobile', 'bird', 'cat', 'deer', 'dog', 'frog', 'horse', 'ship', 'truck']
[0, 2.300314426422119, 2.2974512577056885, 0.14810000360012054, 0.14809999999999998, 0.07641374122533025, '00:39']
[1, 2.2617862224578857, 2.215465545654297, 0.19040000438690186, 0.1904, 0.15303557832287934, '00:32']
[2, 2.15264892578125, 2.1161255836486816, 0.23100000619888306, 0.231, 0.21036281426928238, '00:32']
[3, 2.0348589420318604, 1.9878636598587036, 0.28790000081062317, 0.2879, 0.2627491523931781, '00:31']
[4, 1.9259538650512695, 1.9064271450042725, 0.3003000020980835, 0.30030000000000007, 0.2765721299056321, '00:32']
[5, 1.8650225400924683, 1.8547587394714355, 0.328900009393692, 0.3289000000000001, 0.3035374572982921, '00:34']
[6, 1.8097718954086304, 1.844602108001709, 0.33379998803138733, 0.3338, 0.3191094078205537, '00:32']
[7, 1.7566195726394653, 1.8085894584655762, 0.35190001130104065, 0.35190000000000005, 0.3388016383950223, '00:32']
[8, 1.7154172658920288, 1.825011134147644, 0.3467999994754791, 0.3468, 0.333066871678544, '00:32']
[9, 1.6741325855255127, 1.7886216640472412, 0.3626999855041504, 0.3627, 0.351857409273722, '00:32']
[10, 1.6321579217910767, 1.7811187505722046, 0.36309999227523804, 0.36310000000000003, 0.34827902042819653, '00:32']
[11, 1.6035263538360596, 1.765305519104004, 0.3709000051021576, 0.3708999999999999, 0.36291266892221824, '00:31']
[12, 1.5619086027145386, 1.7731704711914062, 0.36399999260902405, 0.364, 0.35547148756247104, '00:32']
[13, 1.5257585048675537, 1.7449654340744019, 0.3792000114917755, 0.37920000000000004, 0.3738850029397408, '00:31']
[14, 1.4835625886917114, 1.774832010269165, 0.375, 0.375, 0.37010973730571506, '00:32']
[15, 1.4491543769836426, 1.767552375793457, 0.38179999589920044, 0.3818, 0.37153151194130984, '00:32']
[16, 1.4005666971206665, 1.763411521911621, 0.38370001316070557, 0.3837, 0.38081955435117554, '00:31']
[17, 1.3815195560455322, 1.7742371559143066, 0.39259999990463257, 0.3926, 0.38658385000470813, '00:31']
[18, 1.3296014070510864, 1.7901535034179688, 0.390500009059906, 0.3905, 0.38173712631777523, '00:31']
No improvement since epoch 13: early stopping

Tiempo de entrenamiento: 618.52 segundos
/mnt/homeGPU/haoweihu/TFG/lib/python3.10/site-packages/fastai/learner.py:455: UserWarning: load_learner` uses Python's insecure pickle module, which can execute malicious arbitrary code when loading. Only load files you trust.
If you only need to load model weights and optimizer state, use the safe `Learner.load` instead.
  warn("load_learner` uses Python's insecure pickle module, which can execute malicious arbitrary code when loading. Only load files you trust.\nIf you only need to load model weights and optimizer state, use the safe `Learner.load` instead.")
Loss: 1.7902
Accuracy: 0.3905
Recall: 0.3905
F1-Score: 0.3817
Loss: 1.7853598594665527
Accuracy: 0.3902243673801422
Recall (macro): 0.39019842666144433
F1 Score (macro): 0.3805560117778339
---------------------------------------------------------------------------
Ejecutando: cifar_rgb_30pct_example1_quant
---------------------------------------------------------------------------
Número total de imágenes en entrenamiento: 12000
Número total de imágenes en validación: 10000

Clases: ['airplane', 'automobile', 'bird', 'cat', 'deer', 'dog', 'frog', 'horse', 'ship', 'truck']
[0, 2.3007760047912598, 2.2987172603607178, 0.14720000326633453, 0.1472, 0.08718815697711284, '00:53']
[1, 2.2338085174560547, 2.168780565261841, 0.22699999809265137, 0.227, 0.20008640507332642, '00:39']
[2, 2.0846877098083496, 2.031857967376709, 0.25220000743865967, 0.25220000000000004, 0.21884760162223257, '00:39']
[3, 1.9812644720077515, 1.946433186531067, 0.29120001196861267, 0.2912, 0.2567493334420471, '00:40']
[4, 1.8991538286209106, 1.9122779369354248, 0.3012000024318695, 0.30119999999999997, 0.27461238745264593, '00:40']
[5, 1.8640402555465698, 1.8492006063461304, 0.3255000114440918, 0.3255, 0.29686827600220217, '00:39']
[6, 1.806515097618103, 1.8276348114013672, 0.33640000224113464, 0.33640000000000003, 0.31969377684949246, '00:39']
[7, 1.762085199356079, 1.7703943252563477, 0.3637999892234802, 0.3638, 0.3511744984398145, '00:39']
[8, 1.7019238471984863, 1.7332638502120972, 0.37529999017715454, 0.3753, 0.3660899116710258, '00:39']
[9, 1.6574217081069946, 1.7098814249038696, 0.3856000006198883, 0.3856, 0.3807662035858411, '00:39']
[10, 1.6036388874053955, 1.6793674230575562, 0.40049999952316284, 0.40049999999999997, 0.39083165800061226, '00:39']
[11, 1.5668492317199707, 1.682915449142456, 0.4023999869823456, 0.4024, 0.3938751665162055, '00:39']
[12, 1.5299562215805054, 1.667602300643921, 0.4075999855995178, 0.4076000000000001, 0.3972278183014032, '00:39']
[13, 1.4836407899856567, 1.6656279563903809, 0.4074999988079071, 0.40750000000000003, 0.4049166688730434, '00:40']
[14, 1.445754051208496, 1.6849870681762695, 0.4099999964237213, 0.41000000000000003, 0.39844001280104163, '00:39']
[15, 1.403469443321228, 1.6813454627990723, 0.4088999927043915, 0.40889999999999993, 0.4098432806869351, '00:42']
[16, 1.359734296798706, 1.6553480625152588, 0.42739999294281006, 0.4274, 0.41579866239569546, '01:01']
[17, 1.3486912250518799, 1.6680020093917847, 0.4198000133037567, 0.41979999999999995, 0.4142424123844778, '00:47']
[18, 1.2880362272262573, 1.682837724685669, 0.4189000129699707, 0.4189, 0.42110002690887793, '00:50']
[19, 1.2537182569503784, 1.6766752004623413, 0.42820000648498535, 0.4282, 0.4229777620220415, '00:39']
[20, 1.2192474603652954, 1.6900941133499146, 0.4244999885559082, 0.4245, 0.42034202348556954, '00:39']
[21, 1.1885206699371338, 1.7036285400390625, 0.42649999260902405, 0.4265, 0.4196951188871645, '00:39']
No improvement since epoch 16: early stopping

Tiempo de entrenamiento: 925.97 segundos
/mnt/homeGPU/haoweihu/TFG/lib/python3.10/site-packages/fastai/learner.py:455: UserWarning: load_learner` uses Python's insecure pickle module, which can execute malicious arbitrary code when loading. Only load files you trust.
If you only need to load model weights and optimizer state, use the safe `Learner.load` instead.
  warn("load_learner` uses Python's insecure pickle module, which can execute malicious arbitrary code when loading. Only load files you trust.\nIf you only need to load model weights and optimizer state, use the safe `Learner.load` instead.")
Loss: 1.7036
Accuracy: 0.4265
Recall: 0.4265
F1-Score: 0.4197
Loss: 1.7145992517471313
Accuracy: 0.4157652258872986
Recall (macro): 0.4157400656078817
F1 Score (macro): 0.40823956817324386
---------------------------------------------------------------------------
Ejecutando: cifar_rgb_30pct_example2_quant
---------------------------------------------------------------------------
Número total de imágenes en entrenamiento: 12000
Número total de imágenes en validación: 10000

Clases: ['airplane', 'automobile', 'bird', 'cat', 'deer', 'dog', 'frog', 'horse', 'ship', 'truck']
[0, 2.301002025604248, 2.2976789474487305, 0.10930000245571136, 0.1093, 0.035572744846306806, '00:47']
[1, 2.2274043560028076, 2.1779861450195312, 0.18279999494552612, 0.1828, 0.13779783555036057, '00:42']
[2, 2.086843252182007, 2.037050485610962, 0.26080000400543213, 0.26080000000000003, 0.23833647945414776, '00:48']
[3, 1.9362441301345825, 1.9083157777786255, 0.3073999881744385, 0.3074, 0.2882082203844709, '00:39']
[4, 1.875266432762146, 1.8421443700790405, 0.3334999978542328, 0.33349999999999996, 0.32307061503134943, '00:39']
[5, 1.8299260139465332, 1.8513470888137817, 0.32499998807907104, 0.325, 0.3132896130816273, '00:39']
[6, 1.79201078414917, 1.7849429845809937, 0.3605000078678131, 0.36049999999999993, 0.35517706770055824, '00:40']
[7, 1.7552845478057861, 1.7687638998031616, 0.36309999227523804, 0.3631, 0.35368152343465875, '00:40']
[8, 1.6946312189102173, 1.7684736251831055, 0.3675999939441681, 0.3676, 0.3590347102954675, '00:41']
[9, 1.6695137023925781, 1.7399170398712158, 0.37709999084472656, 0.3771, 0.3624203010470224, '00:39']
[10, 1.6384978294372559, 1.7407704591751099, 0.37540000677108765, 0.37540000000000007, 0.3752479639040998, '00:39']
[11, 1.5706086158752441, 1.72281014919281, 0.38589999079704285, 0.3859, 0.37808042895448823, '00:39']
[12, 1.5587334632873535, 1.7082732915878296, 0.3944000005722046, 0.3944, 0.389675723602403, '00:39']
[13, 1.5277446508407593, 1.7100083827972412, 0.39469999074935913, 0.39469999999999994, 0.3830553894492394, '00:39']
[14, 1.4949491024017334, 1.6972113847732544, 0.3971000015735626, 0.3971, 0.3902131065867349, '00:39']
[15, 1.4541138410568237, 1.706180214881897, 0.39649999141693115, 0.39649999999999996, 0.39560408025479527, '00:39']
[16, 1.4168238639831543, 1.7383400201797485, 0.3982999920845032, 0.3983, 0.3944567800003585, '00:39']
[17, 1.3662714958190918, 1.737236738204956, 0.39959999918937683, 0.3996, 0.39407659419654617, '00:39']
[18, 1.3380494117736816, 1.732774257659912, 0.40070000290870667, 0.40069999999999995, 0.39215979928356837, '00:39']
[19, 1.312537431716919, 1.7406569719314575, 0.4027999937534332, 0.40280000000000005, 0.3992537069906121, '00:40']
No improvement since epoch 14: early stopping

Tiempo de entrenamiento: 814.72 segundos
/mnt/homeGPU/haoweihu/TFG/lib/python3.10/site-packages/fastai/learner.py:455: UserWarning: load_learner` uses Python's insecure pickle module, which can execute malicious arbitrary code when loading. Only load files you trust.
If you only need to load model weights and optimizer state, use the safe `Learner.load` instead.
  warn("load_learner` uses Python's insecure pickle module, which can execute malicious arbitrary code when loading. Only load files you trust.\nIf you only need to load model weights and optimizer state, use the safe `Learner.load` instead.")
Loss: 1.7407
Accuracy: 0.4028
Recall: 0.4028
F1-Score: 0.3993
Loss: 1.7267131805419922
Accuracy: 0.4068509638309479
Recall (macro): 0.4068190711057668
F1 Score (macro): 0.4017253192415208
---------------------------------------------------------------------------
Ejecutando: cifar_rgb_40pct_example1_quant
---------------------------------------------------------------------------
Número total de imágenes en entrenamiento: 16000
Número total de imágenes en validación: 10000

Clases: ['airplane', 'automobile', 'bird', 'cat', 'deer', 'dog', 'frog', 'horse', 'ship', 'truck']
[0, 2.2942419052124023, 2.2878315448760986, 0.16779999434947968, 0.1678, 0.12172423249583227, '00:56']
[1, 2.1412353515625, 2.1062514781951904, 0.2232999950647354, 0.2233, 0.180635077204402, '00:50']
[2, 1.988627552986145, 1.9443427324295044, 0.30320000648498535, 0.3032, 0.28750641050835657, '00:46']
[3, 1.906924843788147, 1.9273136854171753, 0.30730000138282776, 0.3073, 0.301128718238475, '00:46']
[4, 1.853885531425476, 1.8390439748764038, 0.3325999975204468, 0.3326, 0.31387519760948607, '00:46']
[5, 1.780971884727478, 1.7756096124649048, 0.36149999499320984, 0.36150000000000004, 0.3453271296508806, '00:46']
[6, 1.7453134059906006, 1.8177931308746338, 0.3517000079154968, 0.3517, 0.3419638670448514, '00:46']
[7, 1.6807241439819336, 1.727828860282898, 0.38339999318122864, 0.3834, 0.3768569229501784, '00:46']
[8, 1.6558451652526855, 1.6975681781768799, 0.39480000734329224, 0.3948, 0.38124182446236665, '00:50']
[9, 1.5904990434646606, 1.683933973312378, 0.40400001406669617, 0.404, 0.39627496306356647, '00:46']
[10, 1.5609188079833984, 1.6561588048934937, 0.41350001096725464, 0.4135000000000001, 0.40726976809087984, '00:46']
[11, 1.512380599975586, 1.6519209146499634, 0.4153999984264374, 0.4154000000000001, 0.4045114230444785, '00:45']
[12, 1.4835082292556763, 1.654433012008667, 0.41589999198913574, 0.41590000000000005, 0.4130997518648091, '00:46']
[13, 1.426284909248352, 1.6455392837524414, 0.423799991607666, 0.42380000000000007, 0.4150981901719419, '00:46']
[14, 1.3928717374801636, 1.6599019765853882, 0.4237000048160553, 0.4237, 0.41992732620856466, '00:46']
[15, 1.3258793354034424, 1.6429381370544434, 0.4302999973297119, 0.4303, 0.4282256972545829, '00:46']
[16, 1.2843965291976929, 1.6769365072250366, 0.4271000027656555, 0.4271, 0.42329749350886503, '00:46']
[17, 1.2600442171096802, 1.6782193183898926, 0.4341999888420105, 0.43420000000000003, 0.4273366777717683, '00:46']
[18, 1.2190028429031372, 1.6769263744354248, 0.42820000648498535, 0.4282, 0.42624959066335116, '00:46']
[19, 1.1891413927078247, 1.6868185997009277, 0.4388999938964844, 0.4389, 0.43300055692912476, '00:49']
[20, 1.1401046514511108, 1.6932621002197266, 0.4372999966144562, 0.4373, 0.43464692301012786, '01:07']
No improvement since epoch 15: early stopping

Tiempo de entrenamiento: 1014.48 segundos
/mnt/homeGPU/haoweihu/TFG/lib/python3.10/site-packages/fastai/learner.py:455: UserWarning: load_learner` uses Python's insecure pickle module, which can execute malicious arbitrary code when loading. Only load files you trust.
If you only need to load model weights and optimizer state, use the safe `Learner.load` instead.
  warn("load_learner` uses Python's insecure pickle module, which can execute malicious arbitrary code when loading. Only load files you trust.\nIf you only need to load model weights and optimizer state, use the safe `Learner.load` instead.")
Loss: 1.6933
Accuracy: 0.4373
Recall: 0.4373
F1-Score: 0.4346
Loss: 1.7165285348892212
Accuracy: 0.4294871687889099
Recall (macro): 0.429456277745757
F1 Score (macro): 0.42724064743381057
---------------------------------------------------------------------------
Ejecutando: cifar_rgb_40pct_example2_quant
---------------------------------------------------------------------------
Número total de imágenes en entrenamiento: 16000
Número total de imágenes en validación: 10000

Clases: ['airplane', 'automobile', 'bird', 'cat', 'deer', 'dog', 'frog', 'horse', 'ship', 'truck']
[0, 2.2935047149658203, 2.286243200302124, 0.15049999952316284, 0.15050000000000002, 0.09196633785695006, '00:56']
[1, 2.1384620666503906, 2.112593650817871, 0.2531000077724457, 0.2531, 0.21958741557140277, '00:46']
[2, 1.9772852659225464, 1.968363642692566, 0.28299999237060547, 0.28300000000000003, 0.2645268948735102, '00:46']
[3, 1.8840476274490356, 1.8979289531707764, 0.3181999921798706, 0.3182, 0.2944402348973551, '00:48']
[4, 1.8076120615005493, 1.852062702178955, 0.3303000032901764, 0.3303, 0.3123967494909023, '01:11']
[5, 1.7775517702102661, 1.829714059829712, 0.33899998664855957, 0.33899999999999997, 0.3154140458115929, '00:54']
[6, 1.7435517311096191, 1.7753077745437622, 0.3637000024318695, 0.3637, 0.35668695920627164, '00:46']
[7, 1.705759882926941, 1.7993793487548828, 0.3612000048160553, 0.36119999999999997, 0.3465092039298834, '01:03']
[8, 1.6682809591293335, 1.8000870943069458, 0.3605000078678131, 0.3605, 0.3624741314005168, '00:48']
[9, 1.6283371448516846, 1.7224398851394653, 0.38830000162124634, 0.38830000000000003, 0.38384106484845726, '00:47']
[10, 1.5856337547302246, 1.7105646133422852, 0.3903000056743622, 0.3903, 0.37705298905079665, '00:46']
[11, 1.5378414392471313, 1.7077752351760864, 0.3962000012397766, 0.3962, 0.38157991724086243, '00:46']
[12, 1.4995594024658203, 1.6822787523269653, 0.4036000072956085, 0.40359999999999996, 0.4013896343410921, '00:48']
[13, 1.4839731454849243, 1.6662441492080688, 0.4115999937057495, 0.41159999999999997, 0.40473633655006197, '00:47']
[14, 1.4307992458343506, 1.6950355768203735, 0.40790000557899475, 0.4079, 0.4004135125593319, '00:46']
[15, 1.4086824655532837, 1.6854116916656494, 0.41359999775886536, 0.4136, 0.4089459649502931, '00:48']
[16, 1.3564159870147705, 1.6843308210372925, 0.41280001401901245, 0.4128, 0.40891892675037067, '00:46']
[17, 1.3189513683319092, 1.732288122177124, 0.4027999937534332, 0.40280000000000005, 0.4011635182815147, '00:46']
[18, 1.2944602966308594, 1.6874176263809204, 0.421099990606308, 0.42110000000000003, 0.41777419202841876, '00:46']
No improvement since epoch 13: early stopping

Tiempo de entrenamiento: 949.69 segundos
/mnt/homeGPU/haoweihu/TFG/lib/python3.10/site-packages/fastai/learner.py:455: UserWarning: load_learner` uses Python's insecure pickle module, which can execute malicious arbitrary code when loading. Only load files you trust.
If you only need to load model weights and optimizer state, use the safe `Learner.load` instead.
  warn("load_learner` uses Python's insecure pickle module, which can execute malicious arbitrary code when loading. Only load files you trust.\nIf you only need to load model weights and optimizer state, use the safe `Learner.load` instead.")
Loss: 1.6874
Accuracy: 0.4211
Recall: 0.4211
F1-Score: 0.4178
Loss: 1.660929560661316
Accuracy: 0.41877004504203796
Recall (macro): 0.4187520938527475
F1 Score (macro): 0.4150974322203357
---------------------------------------------------------------------------
Ejecutando: cifar_rgb_50pct_example1_quant
---------------------------------------------------------------------------
Número total de imágenes en entrenamiento: 20000
Número total de imágenes en validación: 10000

Clases: ['airplane', 'automobile', 'bird', 'cat', 'deer', 'dog', 'frog', 'horse', 'ship', 'truck']
[0, 2.2879858016967773, 2.277435541152954, 0.14399999380111694, 0.144, 0.0790500783978972, '01:10']
[1, 2.129997491836548, 2.1159110069274902, 0.24420000612735748, 0.24420000000000003, 0.22196366510511217, '00:53']
[2, 2.0007264614105225, 1.9605299234390259, 0.2888000011444092, 0.2888, 0.2723594837099711, '00:53']
[3, 1.8765065670013428, 1.881447672843933, 0.3174000084400177, 0.3174, 0.29496453656391014, '00:53']
[4, 1.8061381578445435, 1.876374363899231, 0.3221000134944916, 0.32209999999999994, 0.31520102118830196, '00:53']
[5, 1.7915334701538086, 1.7918082475662231, 0.3587999939918518, 0.3588, 0.3614742204205862, '00:57']
[6, 1.7309517860412598, 1.7908451557159424, 0.35850000381469727, 0.3585, 0.34908548667813405, '00:54']
[7, 1.6633509397506714, 1.7294882535934448, 0.38679999113082886, 0.38680000000000003, 0.3750209998841361, '00:53']
[8, 1.6100600957870483, 1.6886380910873413, 0.40310001373291016, 0.40309999999999996, 0.39170535828021646, '00:53']
[9, 1.565568447113037, 1.6719673871994019, 0.4106999933719635, 0.41069999999999995, 0.399084273636835, '00:55']
[10, 1.5396214723587036, 1.638759970664978, 0.4212999939918518, 0.4213, 0.4127442457608673, '00:53']
[11, 1.4913080930709839, 1.653984785079956, 0.4198000133037567, 0.41979999999999995, 0.411779561259397, '00:54']
[12, 1.4316555261611938, 1.6263911724090576, 0.42989999055862427, 0.42990000000000006, 0.424073972225205, '00:53']
[13, 1.4142075777053833, 1.6219074726104736, 0.429500013589859, 0.4295, 0.42413518228229224, '00:54']
[14, 1.3812166452407837, 1.6357975006103516, 0.43380001187324524, 0.4338, 0.4344024429510198, '00:55']
[15, 1.3549225330352783, 1.6087082624435425, 0.4447000026702881, 0.4447, 0.43991723004521843, '00:53']
[16, 1.290217399597168, 1.6163215637207031, 0.4458000063896179, 0.44580000000000003, 0.4428627347611803, '00:53']
[17, 1.260561227798462, 1.6249995231628418, 0.44190001487731934, 0.44189999999999996, 0.4393887844315854, '00:53']
[18, 1.2300043106079102, 1.628717064857483, 0.4487999975681305, 0.4488, 0.44337013978671835, '00:56']
[19, 1.210595965385437, 1.646450400352478, 0.45010000467300415, 0.45010000000000006, 0.446628467934638, '00:54']
[20, 1.1710423231124878, 1.6471418142318726, 0.44679999351501465, 0.4468, 0.44455684729999234, '00:53']
No improvement since epoch 15: early stopping

Tiempo de entrenamiento: 1155.84 segundos
/mnt/homeGPU/haoweihu/TFG/lib/python3.10/site-packages/fastai/learner.py:455: UserWarning: load_learner` uses Python's insecure pickle module, which can execute malicious arbitrary code when loading. Only load files you trust.
If you only need to load model weights and optimizer state, use the safe `Learner.load` instead.
  warn("load_learner` uses Python's insecure pickle module, which can execute malicious arbitrary code when loading. Only load files you trust.\nIf you only need to load model weights and optimizer state, use the safe `Learner.load` instead.")
Loss: 1.6471
Accuracy: 0.4468
Recall: 0.4468
F1-Score: 0.4446
Loss: 1.61527419090271
Accuracy: 0.44971954822540283
Recall (macro): 0.4497616036438378
F1 Score (macro): 0.4468305041219797
---------------------------------------------------------------------------
Ejecutando: cifar_rgb_50pct_example2_quant
---------------------------------------------------------------------------
Número total de imágenes en entrenamiento: 20000
Número total de imágenes en validación: 10000

Clases: ['airplane', 'automobile', 'bird', 'cat', 'deer', 'dog', 'frog', 'horse', 'ship', 'truck']
[0, 2.292742967605591, 2.283113956451416, 0.18389999866485596, 0.1839, 0.1396463534551692, '01:06']
[1, 2.1076107025146484, 2.0812227725982666, 0.24650000035762787, 0.24650000000000002, 0.22283910722692418, '00:53']
[2, 1.982888102531433, 1.9631712436676025, 0.2872999906539917, 0.2873, 0.2664264427002417, '00:54']
[3, 1.910895586013794, 1.916597604751587, 0.3127000033855438, 0.31270000000000003, 0.28911390214336874, '00:53']
[4, 1.859848976135254, 1.8132688999176025, 0.34450000524520874, 0.34450000000000003, 0.32667094487563586, '00:53']
[5, 1.787237524986267, 1.780832052230835, 0.36000001430511475, 0.36, 0.351957304074819, '00:53']
[6, 1.7184274196624756, 1.709821343421936, 0.3856000006198883, 0.3856, 0.37828327555539676, '00:53']
[7, 1.6827107667922974, 1.6986600160598755, 0.392300009727478, 0.3923, 0.38097315722047276, '01:01']
[8, 1.6341421604156494, 1.676697850227356, 0.397599995136261, 0.3976, 0.3866153788296602, '00:53']
[9, 1.5733388662338257, 1.6604365110397339, 0.40610000491142273, 0.40610000000000007, 0.3941488386674282, '00:53']
[10, 1.551229476928711, 1.6168020963668823, 0.42160001397132874, 0.42160000000000003, 0.4145964165121545, '00:53']
[11, 1.4916926622390747, 1.6109614372253418, 0.42590001225471497, 0.42590000000000006, 0.4140064958870454, '01:04']
[12, 1.4709510803222656, 1.631578803062439, 0.4235000014305115, 0.42350000000000004, 0.41172435163248194, '00:53']
[13, 1.4096643924713135, 1.5849499702453613, 0.4375, 0.4375, 0.4307020756329673, '00:53']
[14, 1.3928910493850708, 1.6070159673690796, 0.43369999527931213, 0.4337, 0.4299908321760828, '00:53']
[15, 1.3247569799423218, 1.585189938545227, 0.44589999318122864, 0.4459000000000001, 0.44045506183276506, '00:53']
[16, 1.2930830717086792, 1.601534128189087, 0.4440999925136566, 0.4441, 0.4388311821017605, '00:53']
[17, 1.2521625757217407, 1.5952388048171997, 0.4474000036716461, 0.4474, 0.4419018150060327, '00:53']
[18, 1.206968069076538, 1.620361566543579, 0.44920000433921814, 0.4492000000000001, 0.4445473056618467, '00:53']
No improvement since epoch 13: early stopping

Tiempo de entrenamiento: 1046.61 segundos
/mnt/homeGPU/haoweihu/TFG/lib/python3.10/site-packages/fastai/learner.py:455: UserWarning: load_learner` uses Python's insecure pickle module, which can execute malicious arbitrary code when loading. Only load files you trust.
If you only need to load model weights and optimizer state, use the safe `Learner.load` instead.
  warn("load_learner` uses Python's insecure pickle module, which can execute malicious arbitrary code when loading. Only load files you trust.\nIf you only need to load model weights and optimizer state, use the safe `Learner.load` instead.")
Loss: 1.6204
Accuracy: 0.4492
Recall: 0.4492
F1-Score: 0.4445
Loss: 1.6575607061386108
Accuracy: 0.4388020932674408
Recall (macro): 0.43874531430424
F1 Score (macro): 0.4343011455980609
---------------------------------------------------------------------------
Ejecutando: cifar_rgb_60pct_example1_quant
---------------------------------------------------------------------------
Número total de imágenes en entrenamiento: 24000
Número total de imágenes en validación: 10000

Clases: ['airplane', 'automobile', 'bird', 'cat', 'deer', 'dog', 'frog', 'horse', 'ship', 'truck']
[0, 2.2945287227630615, 2.289124011993408, 0.1517000049352646, 0.1517, 0.10706109416180187, '01:13']
[1, 2.1139323711395264, 2.101457118988037, 0.23520000278949738, 0.2352, 0.19887576026870538, '01:00']
[2, 1.9927244186401367, 1.9769041538238525, 0.29350000619888306, 0.2935, 0.2812439501715823, '01:00']
[3, 1.8868515491485596, 1.8735361099243164, 0.3203999996185303, 0.32039999999999996, 0.3034382014777498, '01:13']
[4, 1.8226983547210693, 1.7944409847259521, 0.3546000123023987, 0.35459999999999997, 0.34078810849432706, '01:26']
[5, 1.7376946210861206, 1.8067724704742432, 0.34950000047683716, 0.34950000000000003, 0.3395156013440563, '01:00']
[6, 1.6833163499832153, 1.7375118732452393, 0.37720000743865967, 0.3772, 0.36892788501523366, '01:00']
[7, 1.6293621063232422, 1.6876741647720337, 0.4011000096797943, 0.4011, 0.40221450791211, '01:00']
[8, 1.6023627519607544, 1.6281898021697998, 0.4244000017642975, 0.4244, 0.4210920193751109, '01:00']
[9, 1.5204155445098877, 1.6071447134017944, 0.4325000047683716, 0.4325, 0.42890251098070237, '01:00']
[10, 1.4899495840072632, 1.5815092325210571, 0.44290000200271606, 0.4429, 0.4393258409184068, '01:00']
[11, 1.4691818952560425, 1.5645164251327515, 0.4494999945163727, 0.4494999999999999, 0.4443101843108129, '01:00']
[12, 1.4216959476470947, 1.562721610069275, 0.45010000467300415, 0.45010000000000006, 0.44678213853429716, '01:00']
[13, 1.3752202987670898, 1.552900791168213, 0.4564000070095062, 0.4564000000000001, 0.4496897271254302, '01:01']
[14, 1.3540115356445312, 1.5558727979660034, 0.4578000009059906, 0.45779999999999993, 0.4580773916890567, '01:00']
[15, 1.3203121423721313, 1.5578669309616089, 0.46399998664855957, 0.46399999999999997, 0.4586552926535, '01:00']
[16, 1.2889453172683716, 1.5636550188064575, 0.45829999446868896, 0.45830000000000004, 0.4500409713668881, '01:00']
[17, 1.2548085451126099, 1.5631786584854126, 0.46309998631477356, 0.4631, 0.45720301422781473, '01:00']
[18, 1.2079957723617554, 1.5741931200027466, 0.46299999952316284, 0.46299999999999997, 0.45932532426547484, '01:00']
No improvement since epoch 13: early stopping

Tiempo de entrenamiento: 1201.71 segundos
/mnt/homeGPU/haoweihu/TFG/lib/python3.10/site-packages/fastai/learner.py:455: UserWarning: load_learner` uses Python's insecure pickle module, which can execute malicious arbitrary code when loading. Only load files you trust.
If you only need to load model weights and optimizer state, use the safe `Learner.load` instead.
  warn("load_learner` uses Python's insecure pickle module, which can execute malicious arbitrary code when loading. Only load files you trust.\nIf you only need to load model weights and optimizer state, use the safe `Learner.load` instead.")
Loss: 1.5742
Accuracy: 0.4630
Recall: 0.4630
F1-Score: 0.4593
Loss: 1.5892183780670166
Accuracy: 0.45893430709838867
Recall (macro): 0.45897350878515536
F1 Score (macro): 0.45448657258065506
---------------------------------------------------------------------------
Ejecutando: cifar_rgb_60pct_example2_quant
---------------------------------------------------------------------------
Número total de imágenes en entrenamiento: 24000
Número total de imágenes en validación: 10000

Clases: ['airplane', 'automobile', 'bird', 'cat', 'deer', 'dog', 'frog', 'horse', 'ship', 'truck']
[0, 2.2629106044769287, 2.238684892654419, 0.1867000013589859, 0.1867, 0.13075474790715255, '01:13']
[1, 2.0508406162261963, 2.0242702960968018, 0.27140000462532043, 0.2714, 0.25229553201196464, '01:01']
[2, 1.9027793407440186, 1.8905669450759888, 0.31949999928474426, 0.3195, 0.3049511517685809, '01:00']
[3, 1.8349121809005737, 1.837209939956665, 0.3416000008583069, 0.3416, 0.3333745456783545, '01:00']
[4, 1.7699822187423706, 1.7765103578567505, 0.36399999260902405, 0.364, 0.35627401001332687, '01:11']
[5, 1.7296403646469116, 1.7384803295135498, 0.3815999925136566, 0.3816, 0.37188709463969544, '01:24']
[6, 1.696123719215393, 1.7139766216278076, 0.39079999923706055, 0.3908, 0.37748469043199584, '01:00']
[7, 1.6331660747528076, 1.6668833494186401, 0.40790000557899475, 0.4079, 0.39558745353109803, '01:01']
[8, 1.5908735990524292, 1.6325265169143677, 0.4198000133037567, 0.41979999999999995, 0.4143452449071023, '01:03']
[9, 1.55559504032135, 1.6078412532806396, 0.43059998750686646, 0.4306, 0.42277670274739254, '01:01']
[10, 1.4916242361068726, 1.6051627397537231, 0.4357999861240387, 0.43579999999999997, 0.42679540216961, '01:00']
[11, 1.4827303886413574, 1.6044762134552002, 0.4375, 0.4375, 0.42838334283825946, '01:00']
[12, 1.4230539798736572, 1.5923285484313965, 0.4490000009536743, 0.449, 0.43970724348776125, '01:00']
[13, 1.3900468349456787, 1.6003144979476929, 0.445499986410141, 0.4455, 0.4390978386078985, '01:00']
[14, 1.362313985824585, 1.570174217224121, 0.4505999982357025, 0.4506, 0.4397057688550835, '01:01']
[15, 1.3101367950439453, 1.5660799741744995, 0.4571000039577484, 0.45710000000000006, 0.4548817036518936, '01:00']
[16, 1.2984079122543335, 1.571138620376587, 0.4544999897480011, 0.4544999999999999, 0.45108816310976974, '01:00']
[17, 1.2374826669692993, 1.634884238243103, 0.45410001277923584, 0.45410000000000006, 0.44731490154567755, '01:01']
[18, 1.2170149087905884, 1.5965838432312012, 0.4578000009059906, 0.45779999999999993, 0.45232140883602295, '01:00']
[19, 1.1721478700637817, 1.5940821170806885, 0.459199994802475, 0.45920000000000005, 0.45807685331566494, '01:00']
[20, 1.121511459350586, 1.6146613359451294, 0.46239998936653137, 0.46240000000000003, 0.45846792835906447, '01:00']
No improvement since epoch 15: early stopping

Tiempo de entrenamiento: 1328.23 segundos
/mnt/homeGPU/haoweihu/TFG/lib/python3.10/site-packages/fastai/learner.py:455: UserWarning: load_learner` uses Python's insecure pickle module, which can execute malicious arbitrary code when loading. Only load files you trust.
If you only need to load model weights and optimizer state, use the safe `Learner.load` instead.
  warn("load_learner` uses Python's insecure pickle module, which can execute malicious arbitrary code when loading. Only load files you trust.\nIf you only need to load model weights and optimizer state, use the safe `Learner.load` instead.")
Loss: 1.6147
Accuracy: 0.4624
Recall: 0.4624
F1-Score: 0.4585
Loss: 1.6222699880599976
Accuracy: 0.45392629504203796
Recall (macro): 0.45392571015401606
F1 Score (macro): 0.44975628545648744
---------------------------------------------------------------------------
Ejecutando: cifar_rgb_70pct_example1_quant
---------------------------------------------------------------------------
Número total de imágenes en entrenamiento: 28000
Número total de imágenes en validación: 10000

Clases: ['airplane', 'automobile', 'bird', 'cat', 'deer', 'dog', 'frog', 'horse', 'ship', 'truck']
[0, 2.2303037643432617, 2.2007486820220947, 0.2199999988079071, 0.22000000000000003, 0.19883534805750996, '01:27']
[1, 2.031405210494995, 2.0146167278289795, 0.28110000491142273, 0.2811, 0.26495585986488934, '01:07']
[2, 1.9176205396652222, 1.9263824224472046, 0.2992999851703644, 0.2993, 0.28289352944185653, '01:07']
[3, 1.86142897605896, 1.8426694869995117, 0.33169999718666077, 0.3317, 0.3158868967370423, '01:17']
[4, 1.7955102920532227, 1.7635002136230469, 0.3646000027656555, 0.36460000000000004, 0.35226806432362767, '01:07']
[5, 1.7179056406021118, 1.7854138612747192, 0.3531000018119812, 0.3531, 0.34275978507274046, '01:07']
[6, 1.6890603303909302, 1.6943234205245972, 0.3919999897480011, 0.392, 0.3793074506345619, '01:07']
[7, 1.617365837097168, 1.6429413557052612, 0.41499999165534973, 0.41500000000000004, 0.4084685376110001, '01:08']
[8, 1.5887519121170044, 1.6562371253967285, 0.41370001435279846, 0.41370000000000007, 0.3984806021404688, '01:06']
[9, 1.5412856340408325, 1.6185376644134521, 0.42480000853538513, 0.4248, 0.4250179614396524, '01:08']
[10, 1.5132120847702026, 1.6051253080368042, 0.43320000171661377, 0.4332, 0.4284394563917414, '01:11']
[11, 1.4780882596969604, 1.600538730621338, 0.4424000084400177, 0.44239999999999996, 0.43949207821805897, '01:07']
[12, 1.4293818473815918, 1.5718779563903809, 0.4542999863624573, 0.4542999999999999, 0.4476179172198866, '01:07']
[13, 1.3659813404083252, 1.5750207901000977, 0.45410001277923584, 0.45410000000000006, 0.4503259643925067, '01:07']
[14, 1.3290349245071411, 1.6216089725494385, 0.446399986743927, 0.4464, 0.43952627992799276, '01:07']
[15, 1.3076441287994385, 1.5723682641983032, 0.45750001072883606, 0.4575, 0.4524113467460212, '01:08']
[16, 1.276196837425232, 1.5910117626190186, 0.4578000009059906, 0.45780000000000004, 0.45538274990427735, '01:07']
[17, 1.2331026792526245, 1.6026140451431274, 0.4569999873638153, 0.457, 0.4523643896350532, '01:07']
No improvement since epoch 12: early stopping

Tiempo de entrenamiento: 1250.25 segundos
/mnt/homeGPU/haoweihu/TFG/lib/python3.10/site-packages/fastai/learner.py:455: UserWarning: load_learner` uses Python's insecure pickle module, which can execute malicious arbitrary code when loading. Only load files you trust.
If you only need to load model weights and optimizer state, use the safe `Learner.load` instead.
  warn("load_learner` uses Python's insecure pickle module, which can execute malicious arbitrary code when loading. Only load files you trust.\nIf you only need to load model weights and optimizer state, use the safe `Learner.load` instead.")
Loss: 1.6026
Accuracy: 0.4570
Recall: 0.4570
F1-Score: 0.4524
Loss: 1.6057178974151611
Accuracy: 0.4546273946762085
Recall (macro): 0.45462427396914684
F1 Score (macro): 0.448325914239638
---------------------------------------------------------------------------
Ejecutando: cifar_rgb_70pct_example2_quant
---------------------------------------------------------------------------
Número total de imágenes en entrenamiento: 28000
Número total de imágenes en validación: 10000

Clases: ['airplane', 'automobile', 'bird', 'cat', 'deer', 'dog', 'frog', 'horse', 'ship', 'truck']
[0, 2.290654420852661, 2.282759666442871, 0.16030000150203705, 0.16030000000000003, 0.08417057622477514, '01:22']
[1, 2.078110933303833, 2.031704902648926, 0.26739999651908875, 0.26739999999999997, 0.2447868162825201, '01:07']
[2, 1.902904987335205, 1.881281852722168, 0.3197999894618988, 0.3198, 0.29364094877922736, '01:07']
[3, 1.8568052053451538, 1.8340933322906494, 0.33469998836517334, 0.33470000000000005, 0.31153329132604946, '01:14']
[4, 1.8114451169967651, 1.7794302701950073, 0.35350000858306885, 0.35350000000000004, 0.33228816720231547, '01:20']
[5, 1.7156126499176025, 1.7149088382720947, 0.38530001044273376, 0.3853, 0.37641861814948385, '01:07']
[6, 1.6530624628067017, 1.6697239875793457, 0.40139999985694885, 0.40140000000000003, 0.393350121968669, '01:07']
[7, 1.6030834913253784, 1.6549999713897705, 0.4099000096321106, 0.40990000000000004, 0.39345146008266657, '01:07']
[8, 1.571144461631775, 1.6556947231292725, 0.4156000018119812, 0.41559999999999997, 0.4028743988206265, '01:07']
[9, 1.5105007886886597, 1.6023805141448975, 0.43540000915527344, 0.4354, 0.4296003434035325, '01:07']
[10, 1.4747250080108643, 1.5849632024765015, 0.4410000145435333, 0.44099999999999995, 0.4306370835666873, '01:07']
[11, 1.4257712364196777, 1.5792430639266968, 0.44530001282691956, 0.4452999999999999, 0.43818880769345664, '01:07']
[12, 1.4118049144744873, 1.5520551204681396, 0.4551999866962433, 0.45519999999999994, 0.45355401035421156, '01:08']
[13, 1.3584216833114624, 1.5525007247924805, 0.46140000224113464, 0.4614, 0.4521155702188599, '01:10']
[14, 1.3331406116485596, 1.53703773021698, 0.46299999952316284, 0.46299999999999997, 0.4556471100832743, '01:07']
[15, 1.299826979637146, 1.551086187362671, 0.4652000069618225, 0.4652, 0.4556850154285933, '01:07']
[16, 1.2472846508026123, 1.554460883140564, 0.46160000562667847, 0.46159999999999995, 0.45670769734492234, '01:07']
[17, 1.2347362041473389, 1.5603041648864746, 0.4636000096797943, 0.4636000000000001, 0.4573070206133492, '01:07']
[18, 1.192824363708496, 1.5576168298721313, 0.46959999203681946, 0.46959999999999996, 0.4676833867399089, '01:07']
[19, 1.166279673576355, 1.5735610723495483, 0.46619999408721924, 0.4662, 0.45999320279940087, '01:07']
No improvement since epoch 14: early stopping

Tiempo de entrenamiento: 1388.62 segundos
/mnt/homeGPU/haoweihu/TFG/lib/python3.10/site-packages/fastai/learner.py:455: UserWarning: load_learner` uses Python's insecure pickle module, which can execute malicious arbitrary code when loading. Only load files you trust.
If you only need to load model weights and optimizer state, use the safe `Learner.load` instead.
  warn("load_learner` uses Python's insecure pickle module, which can execute malicious arbitrary code when loading. Only load files you trust.\nIf you only need to load model weights and optimizer state, use the safe `Learner.load` instead.")
Loss: 1.5736
Accuracy: 0.4662
Recall: 0.4662
F1-Score: 0.4600
Loss: 1.553128719329834
Accuracy: 0.46824920177459717
Recall (macro): 0.4682413128466868
F1 Score (macro): 0.46188723469271264
---------------------------------------------------------------------------
Ejecutando: cifar_rgb_80pct_example1_quant
---------------------------------------------------------------------------
Número total de imágenes en entrenamiento: 32000
Número total de imágenes en validación: 10000

Clases: ['airplane', 'automobile', 'bird', 'cat', 'deer', 'dog', 'frog', 'horse', 'ship', 'truck']
[0, 2.2596702575683594, 2.2327537536621094, 0.22949999570846558, 0.22949999999999998, 0.20940066710919963, '01:31']
[1, 2.0379855632781982, 2.0289506912231445, 0.26159998774528503, 0.2616, 0.23647500449994166, '01:14']
[2, 1.916459321975708, 1.925230622291565, 0.29429998993873596, 0.29429999999999995, 0.27213391960341904, '01:37']
[3, 1.8520761728286743, 1.8690539598464966, 0.32910001277923584, 0.32910000000000006, 0.30078915874470574, '01:14']
[4, 1.7873739004135132, 1.782444953918457, 0.3637999892234802, 0.36380000000000007, 0.34442953868911214, '01:14']
[5, 1.723878026008606, 1.7154384851455688, 0.39430001378059387, 0.3943, 0.377685366918493, '01:14']
[6, 1.6723252534866333, 1.6518937349319458, 0.4156999886035919, 0.4157, 0.40456323350243756, '01:14']
[7, 1.6023650169372559, 1.6488351821899414, 0.4156000018119812, 0.4156000000000001, 0.4054336356001613, '01:14']
[8, 1.5745973587036133, 1.624382495880127, 0.4262999892234802, 0.4263, 0.4215862871411359, '01:27']
[9, 1.5323094129562378, 1.6040529012680054, 0.4357999861240387, 0.43579999999999997, 0.4316829421728122, '01:40']
[10, 1.4811632633209229, 1.5993669033050537, 0.43939998745918274, 0.4394, 0.4344742979085911, '01:42']
[11, 1.4222811460494995, 1.5683976411819458, 0.45489999651908875, 0.4549, 0.4420531389824179, '01:23']
[12, 1.4267970323562622, 1.5508341789245605, 0.4593999981880188, 0.45940000000000003, 0.45986798893137826, '01:14']
[13, 1.3689285516738892, 1.516042947769165, 0.47429999709129333, 0.47430000000000005, 0.4665731746851868, '01:14']
[14, 1.3320034742355347, 1.5246148109436035, 0.47200000286102295, 0.4720000000000001, 0.46460805656041193, '01:18']
[15, 1.3159410953521729, 1.5439050197601318, 0.4666000008583069, 0.4666, 0.4666503309059644, '01:17']
[16, 1.2803597450256348, 1.5218290090560913, 0.4797999858856201, 0.4798, 0.4753486275388369, '01:15']
[17, 1.2476309537887573, 1.5020984411239624, 0.4828000068664551, 0.4828, 0.4755141458561182, '01:15']
[18, 1.2070690393447876, 1.5175044536590576, 0.48089998960494995, 0.48089999999999994, 0.4752563130227263, '01:14']
[19, 1.1726409196853638, 1.5193449258804321, 0.486299991607666, 0.48630000000000007, 0.48194707133272585, '01:14']
[20, 1.1368608474731445, 1.5344505310058594, 0.48249998688697815, 0.48250000000000004, 0.479475078784272, '01:14']
[21, 1.087319016456604, 1.5442686080932617, 0.48590001463890076, 0.4858999999999999, 0.47882732317440924, '01:14']
[22, 1.095334768295288, 1.5494604110717773, 0.4830999970436096, 0.48310000000000003, 0.4808952160883158, '01:16']
No improvement since epoch 17: early stopping

Tiempo de entrenamiento: 1844.07 segundos
/mnt/homeGPU/haoweihu/TFG/lib/python3.10/site-packages/fastai/learner.py:455: UserWarning: load_learner` uses Python's insecure pickle module, which can execute malicious arbitrary code when loading. Only load files you trust.
If you only need to load model weights and optimizer state, use the safe `Learner.load` instead.
  warn("load_learner` uses Python's insecure pickle module, which can execute malicious arbitrary code when loading. Only load files you trust.\nIf you only need to load model weights and optimizer state, use the safe `Learner.load` instead.")
Loss: 1.5495
Accuracy: 0.4831
Recall: 0.4831
F1-Score: 0.4809
Loss: 1.5575666427612305
Accuracy: 0.4797676205635071
Recall (macro): 0.47977213435070987
F1 Score (macro): 0.47749907064527763
---------------------------------------------------------------------------
Ejecutando: cifar_rgb_80pct_example2_quant
---------------------------------------------------------------------------
Número total de imágenes en entrenamiento: 32000
Número total de imágenes en validación: 10000

Clases: ['airplane', 'automobile', 'bird', 'cat', 'deer', 'dog', 'frog', 'horse', 'ship', 'truck']
[0, 2.2131993770599365, 2.186521291732788, 0.20270000398159027, 0.20270000000000002, 0.16159189370837865, '01:36']
[1, 2.064732551574707, 2.0412111282348633, 0.27649998664855957, 0.2765, 0.2599788056201481, '01:14']
[2, 1.911336064338684, 1.8961092233657837, 0.31779998540878296, 0.31779999999999997, 0.31136679732122274, '01:14']
[3, 1.8343782424926758, 1.8087674379348755, 0.34610000252723694, 0.34609999999999996, 0.33403208637339415, '01:14']
[4, 1.7770540714263916, 1.740027904510498, 0.376800000667572, 0.3768, 0.3624561908455221, '01:14']
[5, 1.713738203048706, 1.7454822063446045, 0.3806000053882599, 0.3806, 0.3777379255088264, '01:16']
[6, 1.6292859315872192, 1.6484068632125854, 0.4092999994754791, 0.4093, 0.4028063071354377, '01:16']
[7, 1.5974981784820557, 1.6166417598724365, 0.4244999885559082, 0.4245, 0.4218670768032736, '01:16']
[8, 1.5686395168304443, 1.631079912185669, 0.4203999936580658, 0.4204, 0.41535232872938305, '01:14']
[9, 1.5078080892562866, 1.5717252492904663, 0.4433000087738037, 0.44329999999999997, 0.4374238117873473, '01:14']
[10, 1.45412015914917, 1.5648664236068726, 0.4499000012874603, 0.44989999999999997, 0.4458928118710611, '01:14']
[11, 1.4335278272628784, 1.548770546913147, 0.450300008058548, 0.45030000000000003, 0.43957538286509357, '01:15']
[12, 1.4035156965255737, 1.5270870923995972, 0.460099995136261, 0.4601, 0.45632569119042465, '01:20']
[13, 1.343977689743042, 1.5733709335327148, 0.45899999141693115, 0.4590000000000001, 0.44202797147889017, '01:33']
[14, 1.3148703575134277, 1.5558043718338013, 0.46880000829696655, 0.46880000000000005, 0.4607700329044276, '01:14']
[15, 1.2677010297775269, 1.540371298789978, 0.4681999981403351, 0.46819999999999995, 0.468389997335247, '01:14']
[16, 1.2350108623504639, 1.5256034135818481, 0.4706000089645386, 0.47059999999999996, 0.4701674440076963, '01:15']
[17, 1.2042135000228882, 1.5455785989761353, 0.47510001063346863, 0.4751, 0.4737029206964191, '01:14']
[18, 1.1596908569335938, 1.5548810958862305, 0.4805000126361847, 0.48050000000000004, 0.4768303173059828, '01:19']
[19, 1.1381468772888184, 1.556533932685852, 0.4771000146865845, 0.4771000000000001, 0.47810458153775537, '01:28']
[20, 1.1094437837600708, 1.561287760734558, 0.4779999852180481, 0.4779999999999999, 0.47474507983618486, '01:34']
[21, 1.0739027261734009, 1.5727885961532593, 0.4819999933242798, 0.48199999999999993, 0.48007144213621133, '01:14']
No improvement since epoch 16: early stopping

Tiempo de entrenamiento: 1733.24 segundos
/mnt/homeGPU/haoweihu/TFG/lib/python3.10/site-packages/fastai/learner.py:455: UserWarning: load_learner` uses Python's insecure pickle module, which can execute malicious arbitrary code when loading. Only load files you trust.
If you only need to load model weights and optimizer state, use the safe `Learner.load` instead.
  warn("load_learner` uses Python's insecure pickle module, which can execute malicious arbitrary code when loading. Only load files you trust.\nIf you only need to load model weights and optimizer state, use the safe `Learner.load` instead.")
Loss: 1.5728
Accuracy: 0.4820
Recall: 0.4820
F1-Score: 0.4801
Loss: 1.534523367881775
Accuracy: 0.48467546701431274
Recall (macro): 0.48461599360460605
F1 Score (macro): 0.48165780151415644
---------------------------------------------------------------------------
Ejecutando: cifar_rgb_90pct_example1_quant
---------------------------------------------------------------------------
Número total de imágenes en entrenamiento: 36000
Número total de imágenes en validación: 10000

Clases: ['airplane', 'automobile', 'bird', 'cat', 'deer', 'dog', 'frog', 'horse', 'ship', 'truck']
[0, 2.205238103866577, 2.180908679962158, 0.20010000467300415, 0.2001, 0.15145124062682638, '01:39']
[1, 1.9757626056671143, 1.9628386497497559, 0.29109999537467957, 0.2911, 0.2777758808489668, '01:21']
[2, 1.890568494796753, 1.9206488132476807, 0.30790001153945923, 0.3079, 0.2876543739102953, '01:21']
[3, 1.8143023252487183, 1.8130191564559937, 0.34700000286102295, 0.347, 0.33658363212971876, '01:21']
[4, 1.754728078842163, 1.7386646270751953, 0.37770000100135803, 0.37770000000000004, 0.3690853254908836, '01:21']
[5, 1.690023422241211, 1.7115463018417358, 0.38749998807907104, 0.3875, 0.3801765056698431, '01:21']
[6, 1.6325719356536865, 1.6576955318450928, 0.4066999852657318, 0.4067, 0.3977568839470072, '01:21']
[7, 1.5809468030929565, 1.6287968158721924, 0.41999998688697815, 0.42000000000000004, 0.41474548606175354, '01:21']
[8, 1.5582990646362305, 1.579830288887024, 0.44040000438690186, 0.4404, 0.4385049178900574, '01:21']
[9, 1.4866706132888794, 1.5868476629257202, 0.4327000081539154, 0.4327, 0.43035003598352056, '01:21']
[10, 1.4565958976745605, 1.5701053142547607, 0.447299987077713, 0.4473, 0.4384938920652159, '01:21']
[11, 1.4017174243927002, 1.550350546836853, 0.4596000015735626, 0.4596, 0.4512242124032621, '01:21']
[12, 1.3641148805618286, 1.5442349910736084, 0.46160000562667847, 0.46159999999999995, 0.4555259098305394, '01:25']
[13, 1.3783838748931885, 1.5139421224594116, 0.47200000286102295, 0.472, 0.46627667128102485, '01:24']
[14, 1.306452751159668, 1.514402985572815, 0.4733000099658966, 0.47329999999999994, 0.469396426978273, '01:21']
[15, 1.2716519832611084, 1.5071099996566772, 0.475600004196167, 0.4756, 0.4706234600052702, '01:21']
[16, 1.240984320640564, 1.5257295370101929, 0.4763000011444092, 0.4763, 0.47114574247076274, '01:21']
[17, 1.2072961330413818, 1.5233112573623657, 0.4781000018119812, 0.47809999999999997, 0.473743022011828, '01:21']
[18, 1.175162434577942, 1.545621395111084, 0.474700003862381, 0.4747, 0.469392857164891, '01:21']
[19, 1.1922624111175537, 1.5313504934310913, 0.4740000069141388, 0.47400000000000003, 0.47086834244967496, '01:21']
[20, 1.1209003925323486, 1.5599161386489868, 0.47589999437332153, 0.47590000000000005, 0.4723534969125803, '01:21']
No improvement since epoch 15: early stopping

Tiempo de entrenamiento: 1737.37 segundos
/mnt/homeGPU/haoweihu/TFG/lib/python3.10/site-packages/fastai/learner.py:455: UserWarning: load_learner` uses Python's insecure pickle module, which can execute malicious arbitrary code when loading. Only load files you trust.
If you only need to load model weights and optimizer state, use the safe `Learner.load` instead.
  warn("load_learner` uses Python's insecure pickle module, which can execute malicious arbitrary code when loading. Only load files you trust.\nIf you only need to load model weights and optimizer state, use the safe `Learner.load` instead.")
Loss: 1.5599
Accuracy: 0.4759
Recall: 0.4759
F1-Score: 0.4724
Loss: 1.5665628910064697
Accuracy: 0.47756409645080566
Recall (macro): 0.4775864997231677
F1 Score (macro): 0.47325377663891766
---------------------------------------------------------------------------
Ejecutando: cifar_rgb_90pct_example2_quant
---------------------------------------------------------------------------
Número total de imágenes en entrenamiento: 36000
Número total de imágenes en validación: 10000

Clases: ['airplane', 'automobile', 'bird', 'cat', 'deer', 'dog', 'frog', 'horse', 'ship', 'truck']
[0, 2.2068629264831543, 2.1767659187316895, 0.21529999375343323, 0.2153, 0.1723204514635463, '02:39']
[1, 1.9972362518310547, 1.9914547204971313, 0.28049999475479126, 0.28049999999999997, 0.26988751955812534, '01:21']
[2, 1.86150062084198, 1.8704304695129395, 0.3174999952316284, 0.3175, 0.2972448636227069, '01:21']
[3, 1.793501853942871, 1.8179398775100708, 0.33570000529289246, 0.3357, 0.32529239234024804, '01:21']
[4, 1.7459502220153809, 1.7375210523605347, 0.3734000027179718, 0.3734, 0.3614222416975584, '01:21']
[5, 1.7224575281143188, 1.7178423404693604, 0.37790000438690186, 0.3779, 0.35689747980569075, '01:21']
[6, 1.6347129344940186, 1.6756714582443237, 0.39989998936653137, 0.39990000000000003, 0.3979693138835255, '01:21']
[7, 1.5788522958755493, 1.6372791528701782, 0.41200000047683716, 0.4119999999999999, 0.40333088468410666, '01:23']
[8, 1.5546841621398926, 1.6244601011276245, 0.42649999260902405, 0.42650000000000005, 0.4150828638082752, '01:22']
[9, 1.5158151388168335, 1.562290906906128, 0.44190001487731934, 0.44189999999999996, 0.43901235960879426, '01:21']
[10, 1.4720245599746704, 1.5520087480545044, 0.4551999866962433, 0.45519999999999994, 0.44853555560831826, '01:22']
[11, 1.42897629737854, 1.556523323059082, 0.4510999917984009, 0.4511, 0.44108513618443224, '01:44']
[12, 1.409706711769104, 1.5331246852874756, 0.46320000290870667, 0.46320000000000006, 0.4566366922924545, '01:38']
[13, 1.3422003984451294, 1.5317542552947998, 0.46399998664855957, 0.4640000000000001, 0.46221249206192583, '01:22']
[14, 1.2979665994644165, 1.527701497077942, 0.4717000126838684, 0.47170000000000006, 0.4659431694754379, '01:25']
[15, 1.2986109256744385, 1.5675898790359497, 0.45559999346733093, 0.4556, 0.45038032916842996, '01:23']
[16, 1.271284580230713, 1.52168607711792, 0.4767000079154968, 0.47669999999999996, 0.47555512771790764, '01:21']
[17, 1.2425395250320435, 1.5261486768722534, 0.47440001368522644, 0.4744, 0.47089610892236067, '01:22']
[18, 1.2042039632797241, 1.5182315111160278, 0.48249998688697815, 0.48250000000000004, 0.47780991212890245, '01:25']
[19, 1.1617268323898315, 1.5393879413604736, 0.47769999504089355, 0.4777, 0.4753128274473478, '01:24']
[20, 1.1187365055084229, 1.5325278043746948, 0.48489999771118164, 0.4849000000000001, 0.48280047227846135, '01:24']
[21, 1.089493989944458, 1.5383676290512085, 0.4860000014305115, 0.48599999999999993, 0.48491451448615697, '01:21']
[22, 1.0608751773834229, 1.5368033647537231, 0.4837999939918518, 0.4838, 0.4833025330750652, '01:22']
[23, 1.0596572160720825, 1.542954444885254, 0.4884999990463257, 0.4885, 0.48543512654395726, '01:21']
No improvement since epoch 18: early stopping

Tiempo de entrenamiento: 2100.66 segundos
/mnt/homeGPU/haoweihu/TFG/lib/python3.10/site-packages/fastai/learner.py:455: UserWarning: load_learner` uses Python's insecure pickle module, which can execute malicious arbitrary code when loading. Only load files you trust.
If you only need to load model weights and optimizer state, use the safe `Learner.load` instead.
  warn("load_learner` uses Python's insecure pickle module, which can execute malicious arbitrary code when loading. Only load files you trust.\nIf you only need to load model weights and optimizer state, use the safe `Learner.load` instead.")
Loss: 1.5430
Accuracy: 0.4885
Recall: 0.4885
F1-Score: 0.4854
Loss: 1.5578042268753052
Accuracy: 0.4832732379436493
Recall (macro): 0.4832907244817184
F1 Score (macro): 0.47915278202573175
mail: cannot send message: Process exited with a non-zero status
