---------------------------------------------------------------------------
Ejecutando: cifar_gray_10pct_example1_quant
---------------------------------------------------------------------------
Número total de imágenes en entrenamiento: 4000
Número total de imágenes en validación: 10000

Clases: ['airplane', 'automobile', 'bird', 'cat', 'deer', 'dog', 'frog', 'horse', 'ship', 'truck']
[0, 2.304114818572998, 2.3030223846435547, 0.10000000149011612, 0.1, 0.01818181818181818, '00:24']
[1, 2.3020429611206055, 2.299163818359375, 0.1005999967455864, 0.10059999999999998, 0.019395648465902804, '00:32']
[2, 2.288102149963379, 2.263880968093872, 0.15049999952316284, 0.15050000000000002, 0.07944643865968966, '00:33']
[3, 2.201216697692871, 2.095839262008667, 0.22139999270439148, 0.22139999999999999, 0.16995586512373173, '00:22']
[4, 2.0888051986694336, 2.0424323081970215, 0.25589999556541443, 0.2559, 0.21845459618774427, '00:23']
[5, 2.0103273391723633, 2.0115978717803955, 0.2567000091075897, 0.25670000000000004, 0.23329871759483173, '00:23']
[6, 1.9817173480987549, 1.9455986022949219, 0.2842000126838684, 0.2842, 0.26626563755545485, '00:23']
[7, 1.9380792379379272, 1.9297817945480347, 0.2939999997615814, 0.294, 0.2650859567212315, '00:23']
[8, 1.9060410261154175, 1.929548978805542, 0.29409998655319214, 0.2941, 0.27011178945603753, '00:23']
[9, 1.873984694480896, 1.8824865818023682, 0.31290000677108765, 0.31289999999999996, 0.3004536440773885, '00:23']
[10, 1.8550416231155396, 1.878471851348877, 0.3257000148296356, 0.3257, 0.3148513039004555, '00:23']
[11, 1.824037790298462, 1.8732253313064575, 0.3188000023365021, 0.31880000000000003, 0.2972520188804262, '00:23']
[12, 1.796924352645874, 1.8392187356948853, 0.33320000767707825, 0.3332, 0.3224260918522219, '00:23']
[13, 1.7664909362792969, 1.8258775472640991, 0.33970001339912415, 0.3397, 0.3215624886519792, '00:23']
[14, 1.751143455505371, 1.8218177556991577, 0.3424000144004822, 0.3424, 0.3326703702366815, '00:23']
[15, 1.7248034477233887, 1.8245556354522705, 0.3393000066280365, 0.33930000000000005, 0.3298056942975882, '00:23']
[16, 1.697206974029541, 1.8171566724777222, 0.3449000120162964, 0.34490000000000004, 0.3332414956743785, '00:23']
[17, 1.6726664304733276, 1.848709225654602, 0.34040001034736633, 0.3404, 0.3237804699680796, '00:23']
[18, 1.6607568264007568, 1.815190076828003, 0.3492000102996826, 0.3492, 0.34071559663612877, '00:23']
[19, 1.6286505460739136, 1.8224207162857056, 0.34769999980926514, 0.3477, 0.337880692089293, '00:23']
[20, 1.616769552230835, 1.8028292655944824, 0.35260000824928284, 0.35259999999999997, 0.34369408588150063, '00:23']
[21, 1.5995848178863525, 1.8162115812301636, 0.3544999957084656, 0.3545, 0.3483730167865563, '00:23']
[22, 1.590457797050476, 1.7942142486572266, 0.36320000886917114, 0.36319999999999997, 0.35713261718936795, '00:23']
[23, 1.5737967491149902, 1.795760154724121, 0.3587000072002411, 0.3587000000000001, 0.35182269221981444, '00:24']
[24, 1.5598551034927368, 1.7951048612594604, 0.3612000048160553, 0.36119999999999997, 0.35594463236225204, '00:24']
[25, 1.5378732681274414, 1.791913628578186, 0.36230000853538513, 0.3623, 0.35513093480817776, '00:23']
[26, 1.5363775491714478, 1.7926980257034302, 0.36320000886917114, 0.36319999999999997, 0.35821080354518964, '00:23']
[27, 1.5344064235687256, 1.792877197265625, 0.3619000017642975, 0.3619, 0.35637176588483277, '00:23']
[28, 1.5348963737487793, 1.7928019762039185, 0.3626999855041504, 0.3627, 0.35699389064788695, '00:23']
[29, 1.5313143730163574, 1.7925666570663452, 0.3619999885559082, 0.362, 0.35639838803377005, '00:23']

Tiempo de entrenamiento: 718.07 segundos
/mnt/homeGPU/haoweihu/TFG/lib/python3.10/site-packages/fastai/learner.py:455: UserWarning: load_learner` uses Python's insecure pickle module, which can execute malicious arbitrary code when loading. Only load files you trust.
If you only need to load model weights and optimizer state, use the safe `Learner.load` instead.
  warn("load_learner` uses Python's insecure pickle module, which can execute malicious arbitrary code when loading. Only load files you trust.\nIf you only need to load model weights and optimizer state, use the safe `Learner.load` instead.")
Loss: 1.7926
Accuracy: 0.3620
Recall: 0.3620
F1-Score: 0.3564
Loss: 1.7938860654830933
Accuracy: 0.3636818826198578
Recall (macro): 0.36373028602015645
F1 Score (macro): 0.35750230161439855
---------------------------------------------------------------------------
Ejecutando: cifar_gray_10pct_example2_quant
---------------------------------------------------------------------------
Número total de imágenes en entrenamiento: 4000
Número total de imágenes en validación: 10000

Clases: ['airplane', 'automobile', 'bird', 'cat', 'deer', 'dog', 'frog', 'horse', 'ship', 'truck']
[0, 2.3034563064575195, 2.3029251098632812, 0.09989999979734421, 0.0999, 0.018166939443535188, '00:24']
[1, 2.3021419048309326, 2.2994441986083984, 0.10859999805688858, 0.1086, 0.03445915895755203, '00:23']
[2, 2.29036808013916, 2.261956214904785, 0.19619999825954437, 0.1962, 0.1547400109396256, '00:23']
[3, 2.215785026550293, 2.1352651119232178, 0.2337000072002411, 0.23369999999999996, 0.19875183494884988, '00:23']
[4, 2.1321582794189453, 2.0729596614837646, 0.24330000579357147, 0.2433, 0.22105035537830947, '00:23']
[5, 2.071829080581665, 2.0258214473724365, 0.26980000734329224, 0.26979999999999993, 0.25337668856690726, '00:23']
[6, 2.018117666244507, 1.970218539237976, 0.2856000065803528, 0.28559999999999997, 0.27440809836332214, '00:23']
[7, 1.9672664403915405, 1.943132996559143, 0.2928999960422516, 0.29290000000000005, 0.2802055596455141, '00:22']
[8, 1.9270973205566406, 1.9321573972702026, 0.2935999929904938, 0.29359999999999997, 0.26823909439136484, '00:23']
[9, 1.890921711921692, 1.8854337930679321, 0.31310001015663147, 0.3131, 0.30004380448688284, '00:23']
[10, 1.8441572189331055, 1.8856009244918823, 0.31450000405311584, 0.3145, 0.29630282311650563, '00:23']
[11, 1.8185242414474487, 1.8649404048919678, 0.31859999895095825, 0.3186, 0.30575754056228777, '00:42']
[12, 1.7835122346878052, 1.8516765832901, 0.3312000036239624, 0.3312, 0.3207295403756133, '00:32']
[13, 1.7535209655761719, 1.85044527053833, 0.3294999897480011, 0.3295, 0.320425720404649, '00:32']
[14, 1.7260291576385498, 1.831835389137268, 0.33820000290870667, 0.3382, 0.3287838960772391, '00:23']
[15, 1.6923916339874268, 1.8276355266571045, 0.3425999879837036, 0.3426, 0.3351981801924638, '00:24']
[16, 1.6675136089324951, 1.8441617488861084, 0.34279999136924744, 0.3428, 0.33772775479737344, '00:23']
[17, 1.6432042121887207, 1.819944977760315, 0.3483000099658966, 0.3483, 0.33878400208384707, '00:23']
[18, 1.6162891387939453, 1.8242747783660889, 0.3483999967575073, 0.34840000000000004, 0.3409969162273348, '00:23']
[19, 1.5985349416732788, 1.828681468963623, 0.34779998660087585, 0.3478, 0.3434486730831406, '00:23']
[20, 1.5690944194793701, 1.8251748085021973, 0.3481999933719635, 0.3482, 0.3443963986792562, '00:23']
[21, 1.5467331409454346, 1.8243203163146973, 0.3515999913215637, 0.3516, 0.34422428926703563, '00:37']
[22, 1.5320656299591064, 1.8264724016189575, 0.35589998960494995, 0.3559, 0.3488761617417449, '00:27']
No improvement since epoch 17: early stopping

Tiempo de entrenamiento: 593.57 segundos
/mnt/homeGPU/haoweihu/TFG/lib/python3.10/site-packages/fastai/learner.py:455: UserWarning: load_learner` uses Python's insecure pickle module, which can execute malicious arbitrary code when loading. Only load files you trust.
If you only need to load model weights and optimizer state, use the safe `Learner.load` instead.
  warn("load_learner` uses Python's insecure pickle module, which can execute malicious arbitrary code when loading. Only load files you trust.\nIf you only need to load model weights and optimizer state, use the safe `Learner.load` instead.")
Loss: 1.8265
Accuracy: 0.3559
Recall: 0.3559
F1-Score: 0.3489
Loss: 1.840436339378357
Accuracy: 0.34565305709838867
Recall (macro): 0.3456734766975972
F1 Score (macro): 0.33824079157429854
---------------------------------------------------------------------------
Ejecutando: cifar_gray_20pct_example1_quant
---------------------------------------------------------------------------
Número total de imágenes en entrenamiento: 8000
Número total de imágenes en validación: 10000

Clases: ['airplane', 'automobile', 'bird', 'cat', 'deer', 'dog', 'frog', 'horse', 'ship', 'truck']
[0, 2.3028366565704346, 2.3018577098846436, 0.1136000007390976, 0.1136, 0.0529309157716079, '00:29']
[1, 2.2908425331115723, 2.2724037170410156, 0.15860000252723694, 0.15860000000000002, 0.10295926838925376, '00:41']
[2, 2.176170587539673, 2.1270034313201904, 0.22859999537467957, 0.2286, 0.19880005564947056, '00:29']
[3, 2.043774366378784, 2.0092411041259766, 0.2703000009059906, 0.27030000000000004, 0.2504368768929598, '00:29']
[4, 1.9479528665542603, 1.9193987846374512, 0.3095000088214874, 0.3095, 0.3000644914884627, '00:29']
[5, 1.8910719156265259, 1.8913555145263672, 0.3206000030040741, 0.3206, 0.30830982439481136, '00:29']
[6, 1.8519158363342285, 1.8457386493682861, 0.33820000290870667, 0.3382, 0.33029821436600926, '00:29']
[7, 1.8186522722244263, 1.8829057216644287, 0.3199000060558319, 0.31989999999999996, 0.30643998495678204, '00:30']
[8, 1.7819193601608276, 1.825577974319458, 0.34060001373291016, 0.3406, 0.3228673876010087, '00:29']
[9, 1.731459140777588, 1.7994755506515503, 0.3578000068664551, 0.3578, 0.348520821513628, '00:31']
[10, 1.6946676969528198, 1.8027939796447754, 0.3515999913215637, 0.35159999999999997, 0.3373605373107192, '00:30']
[11, 1.6712310314178467, 1.7824960947036743, 0.3652999997138977, 0.36530000000000007, 0.35588774546016244, '00:29']
[12, 1.63540780544281, 1.7531328201293945, 0.37689998745918274, 0.3769, 0.37135242264017937, '00:29']
[13, 1.593766450881958, 1.7772765159606934, 0.3749000132083893, 0.37489999999999996, 0.370274381430831, '00:29']
[14, 1.5486538410186768, 1.7753459215164185, 0.3788999915122986, 0.37889999999999996, 0.369576469651528, '00:29']
[15, 1.548588752746582, 1.767970323562622, 0.37929999828338623, 0.37929999999999997, 0.3717778600940526, '00:29']
[16, 1.5002764463424683, 1.7680186033248901, 0.3862000107765198, 0.3862, 0.37921224074867954, '00:29']
[17, 1.4668915271759033, 1.7737067937850952, 0.3790999948978424, 0.3791, 0.36961404210246906, '00:30']
No improvement since epoch 12: early stopping

Tiempo de entrenamiento: 551.13 segundos
/mnt/homeGPU/haoweihu/TFG/lib/python3.10/site-packages/fastai/learner.py:455: UserWarning: load_learner` uses Python's insecure pickle module, which can execute malicious arbitrary code when loading. Only load files you trust.
If you only need to load model weights and optimizer state, use the safe `Learner.load` instead.
  warn("load_learner` uses Python's insecure pickle module, which can execute malicious arbitrary code when loading. Only load files you trust.\nIf you only need to load model weights and optimizer state, use the safe `Learner.load` instead.")
Loss: 1.7737
Accuracy: 0.3791
Recall: 0.3791
F1-Score: 0.3696
Loss: 1.783255696296692
Accuracy: 0.3811097741127014
Recall (macro): 0.38113024180856386
F1 Score (macro): 0.3697700218576689
---------------------------------------------------------------------------
Ejecutando: cifar_gray_20pct_example2_quant
---------------------------------------------------------------------------
Número total de imágenes en entrenamiento: 8000
Número total de imágenes en validación: 10000

Clases: ['airplane', 'automobile', 'bird', 'cat', 'deer', 'dog', 'frog', 'horse', 'ship', 'truck']
[0, 2.3003015518188477, 2.297865390777588, 0.10000000149011612, 0.1, 0.019814886582849623, '00:29']
[1, 2.2679781913757324, 2.23237681388855, 0.17329999804496765, 0.1733, 0.13646515970068712, '00:29']
[2, 2.1727240085601807, 2.138723134994507, 0.21140000224113464, 0.21140000000000003, 0.1717973248110363, '00:29']
[3, 2.041391372680664, 1.9987927675247192, 0.28040000796318054, 0.28040000000000004, 0.2620719377289973, '00:29']
[4, 1.9292384386062622, 1.9174537658691406, 0.3068999946117401, 0.30690000000000006, 0.2882843865889532, '00:30']
[5, 1.886483907699585, 1.8789745569229126, 0.3174999952316284, 0.3175, 0.30219096703561593, '00:30']
[6, 1.8477756977081299, 1.8674349784851074, 0.3224000036716461, 0.32239999999999996, 0.303748958047077, '00:29']
[7, 1.8077969551086426, 1.8268593549728394, 0.33629998564720154, 0.3363, 0.33236918226805034, '00:29']
[8, 1.7665247917175293, 1.8129708766937256, 0.3458999991416931, 0.3459, 0.33214723545503616, '00:29']
[9, 1.72295081615448, 1.848487138748169, 0.33390000462532043, 0.3339, 0.31851864420078835, '00:29']
[10, 1.7132200002670288, 1.780565857887268, 0.35370001196861267, 0.3537, 0.34656385513437055, '00:29']
[11, 1.6689141988754272, 1.8073874711990356, 0.3495999872684479, 0.3496, 0.3355299765002938, '00:29']
[12, 1.6393015384674072, 1.7813820838928223, 0.36169999837875366, 0.3617, 0.3519637127723456, '00:29']
[13, 1.6207470893859863, 1.7527562379837036, 0.37549999356269836, 0.3755, 0.36227950525196173, '00:29']
[14, 1.589908242225647, 1.7443596124649048, 0.37450000643730164, 0.3745, 0.3640327540842689, '00:29']
[15, 1.556588888168335, 1.7413134574890137, 0.3763999938964844, 0.3764, 0.36938834395268094, '00:29']
[16, 1.5345585346221924, 1.7806814908981323, 0.3684000074863434, 0.36839999999999995, 0.3663742366049062, '00:29']
[17, 1.5017565488815308, 1.7455559968948364, 0.3790000081062317, 0.37899999999999995, 0.37428151449047, '00:29']
[18, 1.4715992212295532, 1.748559594154358, 0.37959998846054077, 0.3796, 0.37278362448327884, '00:29']
[19, 1.4557536840438843, 1.739945650100708, 0.3885999917984009, 0.3886, 0.3804685709437462, '00:29']
[20, 1.4338507652282715, 1.7491140365600586, 0.38659998774528503, 0.3866, 0.37807729031227844, '00:30']
[21, 1.4056410789489746, 1.7355623245239258, 0.3894999921321869, 0.3895, 0.383876953125506, '00:32']
[22, 1.3944768905639648, 1.759415626525879, 0.38440001010894775, 0.3844, 0.38040613204170437, '00:30']
[23, 1.3816152811050415, 1.7445884943008423, 0.39309999346733093, 0.39309999999999995, 0.3880918222646771, '00:29']
[24, 1.3625690937042236, 1.746173620223999, 0.391400009393692, 0.3914, 0.3861874513064593, '00:29']
[25, 1.346632719039917, 1.7438199520111084, 0.39149999618530273, 0.3915, 0.3872867614318462, '00:30']
[26, 1.329648494720459, 1.7422040700912476, 0.39250001311302185, 0.39249999999999996, 0.38794712280580435, '00:31']
No improvement since epoch 21: early stopping

Tiempo de entrenamiento: 811.29 segundos
/mnt/homeGPU/haoweihu/TFG/lib/python3.10/site-packages/fastai/learner.py:455: UserWarning: load_learner` uses Python's insecure pickle module, which can execute malicious arbitrary code when loading. Only load files you trust.
If you only need to load model weights and optimizer state, use the safe `Learner.load` instead.
  warn("load_learner` uses Python's insecure pickle module, which can execute malicious arbitrary code when loading. Only load files you trust.\nIf you only need to load model weights and optimizer state, use the safe `Learner.load` instead.")
Loss: 1.7422
Accuracy: 0.3925
Recall: 0.3925
F1-Score: 0.3879
Loss: 1.728767991065979
Accuracy: 0.39292868971824646
Recall (macro): 0.39295947850874574
F1 Score (macro): 0.3883124792707434
---------------------------------------------------------------------------
Ejecutando: cifar_gray_30pct_example1_quant
---------------------------------------------------------------------------
Número total de imágenes en entrenamiento: 12000
Número total de imágenes en validación: 10000

Clases: ['airplane', 'automobile', 'bird', 'cat', 'deer', 'dog', 'frog', 'horse', 'ship', 'truck']
[0, 2.3007755279541016, 2.2980217933654785, 0.12080000340938568, 0.12080000000000002, 0.054167309298932396, '00:36']
[1, 2.251857042312622, 2.203077554702759, 0.18979999423027039, 0.1898, 0.12999183977853063, '00:36']
[2, 2.1134262084960938, 2.061243772506714, 0.2531999945640564, 0.2532, 0.21652442141562767, '00:36']
[3, 1.971110463142395, 1.9629040956497192, 0.28540000319480896, 0.2854, 0.26088536979831856, '00:36']
[4, 1.8925611972808838, 1.8951326608657837, 0.3077000081539154, 0.3077, 0.2830433592342252, '00:36']
[5, 1.8502310514450073, 1.842427372932434, 0.3402000069618225, 0.34019999999999995, 0.33574418561025765, '00:36']
[6, 1.8104854822158813, 1.8150408267974854, 0.3400000035762787, 0.34, 0.32027763713739665, '00:36']
[7, 1.7831132411956787, 1.7815207242965698, 0.361299991607666, 0.36129999999999995, 0.35299382741093227, '00:36']
[8, 1.7359834909439087, 1.7652844190597534, 0.3677999973297119, 0.3678, 0.3565898896116086, '00:37']
[9, 1.6964564323425293, 1.7596843242645264, 0.37059998512268066, 0.3706, 0.366829581818488, '00:36']
[10, 1.661799430847168, 1.7197535037994385, 0.3813000023365021, 0.38130000000000003, 0.3693564663890653, '00:36']
[11, 1.612763524055481, 1.7366524934768677, 0.37299999594688416, 0.37299999999999994, 0.3617427321651657, '00:58']
[12, 1.6001816987991333, 1.6850897073745728, 0.40560001134872437, 0.4056, 0.40141318924182967, '00:49']
[13, 1.5752235651016235, 1.6866708993911743, 0.4000999927520752, 0.40009999999999996, 0.38864265249701, '00:39']
[14, 1.5467109680175781, 1.6913318634033203, 0.3946000039577484, 0.3946, 0.38559626147267834, '00:44']
[15, 1.5014781951904297, 1.6885265111923218, 0.40529999136924744, 0.4053, 0.3949078950938306, '00:36']
[16, 1.4807779788970947, 1.676010012626648, 0.4099000096321106, 0.40990000000000004, 0.4074654643055376, '00:36']
[17, 1.4665898084640503, 1.6674511432647705, 0.41260001063346863, 0.4126, 0.40334461375645336, '00:36']
[18, 1.4073060750961304, 1.6850255727767944, 0.4074999988079071, 0.40750000000000003, 0.40668743741687674, '00:36']
[19, 1.397966742515564, 1.6592599153518677, 0.4187999963760376, 0.41879999999999995, 0.41529049621288766, '00:38']
[20, 1.3765672445297241, 1.6555160284042358, 0.41920000314712524, 0.4192, 0.41536226562945205, '00:39']
[21, 1.3706679344177246, 1.6665219068527222, 0.41819998621940613, 0.41819999999999996, 0.4156459415258197, '00:45']
[22, 1.3503296375274658, 1.6630504131317139, 0.42160001397132874, 0.42160000000000003, 0.41702065131333, '00:37']
[23, 1.3365044593811035, 1.6618753671646118, 0.4237000048160553, 0.4237, 0.4201784204162835, '00:36']
[24, 1.3237437009811401, 1.6649855375289917, 0.4226999878883362, 0.4227, 0.4208465162765519, '00:35']
[25, 1.308018445968628, 1.6643874645233154, 0.42260000109672546, 0.4226, 0.4201784803390442, '00:37']
No improvement since epoch 20: early stopping

Tiempo de entrenamiento: 1008.85 segundos
/mnt/homeGPU/haoweihu/TFG/lib/python3.10/site-packages/fastai/learner.py:455: UserWarning: load_learner` uses Python's insecure pickle module, which can execute malicious arbitrary code when loading. Only load files you trust.
If you only need to load model weights and optimizer state, use the safe `Learner.load` instead.
  warn("load_learner` uses Python's insecure pickle module, which can execute malicious arbitrary code when loading. Only load files you trust.\nIf you only need to load model weights and optimizer state, use the safe `Learner.load` instead.")
Loss: 1.6644
Accuracy: 0.4226
Recall: 0.4226
F1-Score: 0.4202
Loss: 1.6602051258087158
Accuracy: 0.4251802861690521
Recall (macro): 0.42521690683404134
F1 Score (macro): 0.42247956800898273
---------------------------------------------------------------------------
Ejecutando: cifar_gray_30pct_example2_quant
---------------------------------------------------------------------------
Número total de imágenes en entrenamiento: 12000
Número total de imágenes en validación: 10000

Clases: ['airplane', 'automobile', 'bird', 'cat', 'deer', 'dog', 'frog', 'horse', 'ship', 'truck']
[0, 2.2990341186523438, 2.294677257537842, 0.16380000114440918, 0.1638, 0.1122165608228523, '00:37']
[1, 2.2385687828063965, 2.200174331665039, 0.18559999763965607, 0.18560000000000001, 0.13708878946007955, '00:37']
[2, 2.138824701309204, 2.1021955013275146, 0.25029999017715454, 0.2503, 0.229987257880612, '00:36']
[3, 2.037201166152954, 2.0013227462768555, 0.2849000096321106, 0.28490000000000004, 0.27107665154741384, '00:36']
[4, 1.9401164054870605, 1.9114145040512085, 0.32019999623298645, 0.3202, 0.31303794957947073, '00:36']
[5, 1.907938003540039, 1.883857011795044, 0.3208000063896179, 0.3207999999999999, 0.30905958890394924, '00:36']
[6, 1.8455183506011963, 1.8640365600585938, 0.32910001277923584, 0.32910000000000006, 0.3228020732488188, '00:36']
[7, 1.8011523485183716, 1.821761131286621, 0.3472999930381775, 0.3473, 0.33667130419987484, '00:36']
[8, 1.761425256729126, 1.8079406023025513, 0.3564000129699707, 0.35639999999999994, 0.3453494132367828, '00:36']
[9, 1.7355492115020752, 1.805464506149292, 0.3578000068664551, 0.3578, 0.34876576698014405, '00:36']
[10, 1.6865333318710327, 1.772228717803955, 0.36809998750686646, 0.3681000000000001, 0.36597495870161356, '00:36']
[11, 1.6475682258605957, 1.7542167901992798, 0.3707999885082245, 0.37079999999999996, 0.3632154012148602, '00:36']
[12, 1.6167619228363037, 1.7554363012313843, 0.37290000915527344, 0.3729, 0.36748214321588957, '00:37']
[13, 1.5851060152053833, 1.738083004951477, 0.3813999891281128, 0.3814, 0.37378543080814586, '00:36']
[14, 1.562854290008545, 1.759661078453064, 0.37779998779296875, 0.3778, 0.37141362627704905, '00:36']
[15, 1.5152347087860107, 1.76334547996521, 0.38109999895095825, 0.3811, 0.3728209582577879, '00:38']
[16, 1.4762648344039917, 1.7423752546310425, 0.39070001244544983, 0.3907, 0.38749719610158656, '00:36']
[17, 1.4512044191360474, 1.7616028785705566, 0.388700008392334, 0.3887, 0.38284418622399324, '00:40']
[18, 1.4146478176116943, 1.744136929512024, 0.391400009393692, 0.3914, 0.38752994717517575, '00:36']
No improvement since epoch 13: early stopping

Tiempo de entrenamiento: 699.04 segundos
/mnt/homeGPU/haoweihu/TFG/lib/python3.10/site-packages/fastai/learner.py:455: UserWarning: load_learner` uses Python's insecure pickle module, which can execute malicious arbitrary code when loading. Only load files you trust.
If you only need to load model weights and optimizer state, use the safe `Learner.load` instead.
  warn("load_learner` uses Python's insecure pickle module, which can execute malicious arbitrary code when loading. Only load files you trust.\nIf you only need to load model weights and optimizer state, use the safe `Learner.load` instead.")
Loss: 1.7441
Accuracy: 0.3914
Recall: 0.3914
F1-Score: 0.3875
Loss: 1.7395111322402954
Accuracy: 0.39332932233810425
Recall (macro): 0.39335132383668536
F1 Score (macro): 0.38807306470001135
---------------------------------------------------------------------------
Ejecutando: cifar_gray_40pct_example1_quant
---------------------------------------------------------------------------
Número total de imágenes en entrenamiento: 16000
Número total de imágenes en validación: 10000

Clases: ['airplane', 'automobile', 'bird', 'cat', 'deer', 'dog', 'frog', 'horse', 'ship', 'truck']
[0, 2.286769151687622, 2.276789665222168, 0.17810000479221344, 0.17809999999999998, 0.13761549288937275, '00:42']
[1, 2.1661524772644043, 2.1404480934143066, 0.22269999980926514, 0.22270000000000004, 0.1860511944602254, '00:42']
[2, 2.015521287918091, 1.9920754432678223, 0.2822999954223633, 0.2823, 0.2605609333845784, '00:42']
[3, 1.9180175065994263, 1.9265155792236328, 0.3001999855041504, 0.3002, 0.2828212921898969, '00:42']
[4, 1.8592249155044556, 1.8386573791503906, 0.33239999413490295, 0.3324, 0.3217552890609782, '00:43']
[5, 1.8301512002944946, 1.8111265897750854, 0.3416000008583069, 0.3416, 0.31637780813033317, '00:46']
[6, 1.7791969776153564, 1.7632564306259155, 0.3677999973297119, 0.3678, 0.36499008145019546, '00:42']
[7, 1.733062505722046, 1.7458373308181763, 0.36629998683929443, 0.36629999999999996, 0.35489436601097535, '00:42']
[8, 1.6816462278366089, 1.725813627243042, 0.37689998745918274, 0.3769, 0.3658297622472471, '00:42']
[9, 1.6304703950881958, 1.6942377090454102, 0.39070001244544983, 0.39070000000000005, 0.38430236567417364, '00:42']
[10, 1.6147232055664062, 1.6855398416519165, 0.3962000012397766, 0.3962, 0.39152723805709605, '00:42']
[11, 1.5858488082885742, 1.6514781713485718, 0.413100004196167, 0.4131, 0.4010165327614418, '00:42']
[12, 1.5313135385513306, 1.6479220390319824, 0.41530001163482666, 0.41529999999999995, 0.4045340849292495, '00:42']
[13, 1.516382098197937, 1.658643126487732, 0.4124000072479248, 0.4124, 0.4104342849592362, '00:42']
[14, 1.4824384450912476, 1.6214414834976196, 0.42250001430511475, 0.4225, 0.42091948338187557, '00:42']
[15, 1.4494198560714722, 1.6378889083862305, 0.42309999465942383, 0.4231, 0.4207765528279298, '00:42']
[16, 1.4299726486206055, 1.622929573059082, 0.4237000048160553, 0.4237, 0.41602038202412733, '00:42']
[17, 1.3883264064788818, 1.6398720741271973, 0.42179998755455017, 0.4218, 0.4202376974593481, '00:58']
[18, 1.3542709350585938, 1.6226156949996948, 0.4316999912261963, 0.43170000000000003, 0.4242255959534186, '00:52']
[19, 1.338184118270874, 1.640764594078064, 0.4291999936103821, 0.42919999999999997, 0.42016237127673933, '00:43']
No improvement since epoch 14: early stopping

Tiempo de entrenamiento: 885.28 segundos
/mnt/homeGPU/haoweihu/TFG/lib/python3.10/site-packages/fastai/learner.py:455: UserWarning: load_learner` uses Python's insecure pickle module, which can execute malicious arbitrary code when loading. Only load files you trust.
If you only need to load model weights and optimizer state, use the safe `Learner.load` instead.
  warn("load_learner` uses Python's insecure pickle module, which can execute malicious arbitrary code when loading. Only load files you trust.\nIf you only need to load model weights and optimizer state, use the safe `Learner.load` instead.")
Loss: 1.6408
Accuracy: 0.4292
Recall: 0.4292
F1-Score: 0.4202
Loss: 1.624302625656128
Accuracy: 0.42808493971824646
Recall (macro): 0.4280175576858037
F1 Score (macro): 0.41841946748368103
---------------------------------------------------------------------------
Ejecutando: cifar_gray_40pct_example2_quant
---------------------------------------------------------------------------
Número total de imágenes en entrenamiento: 16000
Número total de imágenes en validación: 10000

Clases: ['airplane', 'automobile', 'bird', 'cat', 'deer', 'dog', 'frog', 'horse', 'ship', 'truck']
[0, 2.2998247146606445, 2.297668933868408, 0.16449999809265137, 0.1645, 0.08979673008306469, '00:42']
[1, 2.2175352573394775, 2.1820430755615234, 0.21549999713897705, 0.21550000000000002, 0.17499619844534534, '00:42']
[2, 2.048153877258301, 2.0226144790649414, 0.25760000944137573, 0.25759999999999994, 0.22123355741541278, '00:42']
[3, 1.9534096717834473, 1.9706730842590332, 0.28459998965263367, 0.28459999999999996, 0.2593771043405905, '01:10']
[4, 1.8886454105377197, 1.886600136756897, 0.31130000948905945, 0.3113, 0.2909631594384609, '00:51']
[5, 1.8400416374206543, 1.893687129020691, 0.30730000138282776, 0.30729999999999996, 0.2925804896142096, '00:42']
[6, 1.7831816673278809, 1.8144463300704956, 0.3416999876499176, 0.3417, 0.32157014049562643, '00:45']
[7, 1.7481846809387207, 1.7816263437271118, 0.3497999906539917, 0.3498, 0.3314468583814609, '01:00']
[8, 1.721683144569397, 1.7681260108947754, 0.3628000020980835, 0.3628, 0.34833281101865987, '00:44']
[9, 1.6576712131500244, 1.7204920053482056, 0.38280001282691956, 0.38280000000000003, 0.3782808302750091, '00:42']
[10, 1.625285029411316, 1.723585605621338, 0.3889000117778778, 0.38889999999999997, 0.3762674112765968, '00:42']
[11, 1.5816859006881714, 1.6874605417251587, 0.40619999170303345, 0.4062, 0.40067009579031465, '00:42']
[12, 1.5607404708862305, 1.6618915796279907, 0.41370001435279846, 0.41369999999999996, 0.40400074350958876, '00:44']
[13, 1.516668438911438, 1.688858151435852, 0.40950000286102295, 0.4095000000000001, 0.39553681922795175, '00:43']
[14, 1.4885708093643188, 1.6481050252914429, 0.41760000586509705, 0.4176, 0.4056122774850035, '00:42']
[15, 1.4488307237625122, 1.6580363512039185, 0.41780000925064087, 0.4178, 0.4156671203420328, '00:44']
[16, 1.4282000064849854, 1.6501024961471558, 0.42160001397132874, 0.42160000000000003, 0.41422943183399497, '00:42']
[17, 1.4106273651123047, 1.6396554708480835, 0.4235000014305115, 0.42349999999999993, 0.4188535205313797, '00:42']
[18, 1.3765902519226074, 1.644321084022522, 0.4253000020980835, 0.4253, 0.4216261405223233, '00:42']
[19, 1.3631309270858765, 1.6472187042236328, 0.4228000044822693, 0.42279999999999995, 0.4220311688519159, '00:42']
[20, 1.34341561794281, 1.6448923349380493, 0.42879998683929443, 0.4288, 0.4235995880760396, '00:45']
[21, 1.3204431533813477, 1.6564555168151855, 0.4284999966621399, 0.4285, 0.4231958934337472, '00:45']
[22, 1.296863317489624, 1.637209415435791, 0.4334000051021576, 0.43340000000000006, 0.4282805717058641, '00:42']
[23, 1.2881280183792114, 1.6426310539245605, 0.43650001287460327, 0.4365, 0.4323814624210606, '00:42']
[24, 1.2782126665115356, 1.6440718173980713, 0.4320000112056732, 0.43200000000000005, 0.4299795734896623, '00:42']
[25, 1.2498201131820679, 1.6429470777511597, 0.43320000171661377, 0.4332, 0.42937157615912047, '00:42']
[26, 1.241473913192749, 1.6433072090148926, 0.4336000084877014, 0.43360000000000004, 0.4292389579160577, '00:42']
[27, 1.2459725141525269, 1.644303321838379, 0.4339999854564667, 0.434, 0.42974666990517774, '00:46']
No improvement since epoch 22: early stopping

Tiempo de entrenamiento: 1268.45 segundos
/mnt/homeGPU/haoweihu/TFG/lib/python3.10/site-packages/fastai/learner.py:455: UserWarning: load_learner` uses Python's insecure pickle module, which can execute malicious arbitrary code when loading. Only load files you trust.
If you only need to load model weights and optimizer state, use the safe `Learner.load` instead.
  warn("load_learner` uses Python's insecure pickle module, which can execute malicious arbitrary code when loading. Only load files you trust.\nIf you only need to load model weights and optimizer state, use the safe `Learner.load` instead.")
Loss: 1.6443
Accuracy: 0.4340
Recall: 0.4340
F1-Score: 0.4297
Loss: 1.6214959621429443
Accuracy: 0.43569710850715637
Recall (macro): 0.43572767193277134
F1 Score (macro): 0.43124597831820655
---------------------------------------------------------------------------
Ejecutando: cifar_gray_50pct_example1_quant
---------------------------------------------------------------------------
Número total de imágenes en entrenamiento: 20000
Número total de imágenes en validación: 10000

Clases: ['airplane', 'automobile', 'bird', 'cat', 'deer', 'dog', 'frog', 'horse', 'ship', 'truck']
[0, 2.2923989295959473, 2.28590989112854, 0.15299999713897705, 0.153, 0.08427583631333066, '00:49']
[1, 2.1477484703063965, 2.1328492164611816, 0.2354000061750412, 0.23539999999999997, 0.21455645402372464, '00:49']
[2, 2.009821891784668, 1.9889527559280396, 0.2766000032424927, 0.2766, 0.2514628597536793, '00:49']
[3, 1.9077035188674927, 1.9188615083694458, 0.29829999804496765, 0.2983, 0.2739544260194519, '00:51']
[4, 1.8545632362365723, 1.8631441593170166, 0.33230000734329224, 0.3323, 0.31351355235218126, '00:49']
[5, 1.8001781702041626, 1.7999025583267212, 0.3465999960899353, 0.3466, 0.33009475585445536, '00:50']
[6, 1.7536556720733643, 1.7936898469924927, 0.36039999127388, 0.3604, 0.34886286335838823, '00:49']
[7, 1.7069050073623657, 1.8110005855560303, 0.3630000054836273, 0.363, 0.3645616602054228, '00:49']
[8, 1.6511064767837524, 1.7003743648529053, 0.39750000834465027, 0.3975, 0.38148904415299284, '00:51']
[9, 1.611889123916626, 1.6625845432281494, 0.414000004529953, 0.41400000000000003, 0.40938202682514674, '00:49']
[10, 1.5919060707092285, 1.6498091220855713, 0.41920000314712524, 0.4192, 0.4182499282075872, '00:49']
[11, 1.557120442390442, 1.669287085533142, 0.4171000123023987, 0.4171, 0.40432251511454603, '00:49']
[12, 1.514066457748413, 1.6308484077453613, 0.4300999939441681, 0.43010000000000004, 0.42196346417760067, '00:51']
[13, 1.484637975692749, 1.6045318841934204, 0.4413999915122986, 0.44140000000000007, 0.4319244524234649, '00:51']
[14, 1.446123480796814, 1.5983209609985352, 0.4429999887943268, 0.44299999999999995, 0.44187679258624735, '00:49']
[15, 1.44728684425354, 1.5927356481552124, 0.4496999979019165, 0.4497, 0.4487072666841458, '00:49']
[16, 1.3876519203186035, 1.6050337553024292, 0.44369998574256897, 0.44369999999999993, 0.4395308190877971, '00:51']
[17, 1.3564794063568115, 1.623666763305664, 0.44620001316070557, 0.4462, 0.4340338599739413, '00:51']
[18, 1.3441309928894043, 1.5734666585922241, 0.4578000009059906, 0.45780000000000004, 0.4525765628119334, '00:50']
[19, 1.3088390827178955, 1.6187524795532227, 0.4507000148296356, 0.4507, 0.4494758473050181, '00:49']
[20, 1.275835633277893, 1.5791137218475342, 0.46230000257492065, 0.46230000000000004, 0.4574524445723983, '00:49']
[21, 1.266105055809021, 1.5817896127700806, 0.4593000113964081, 0.4593, 0.4544553193076067, '00:49']
[22, 1.2460640668869019, 1.5827933549880981, 0.461899995803833, 0.4619, 0.4594070765871698, '00:49']
[23, 1.2487354278564453, 1.5831565856933594, 0.4641000032424927, 0.4641, 0.4620525759040296, '00:49']
No improvement since epoch 18: early stopping

Tiempo de entrenamiento: 1201.85 segundos
/mnt/homeGPU/haoweihu/TFG/lib/python3.10/site-packages/fastai/learner.py:455: UserWarning: load_learner` uses Python's insecure pickle module, which can execute malicious arbitrary code when loading. Only load files you trust.
If you only need to load model weights and optimizer state, use the safe `Learner.load` instead.
  warn("load_learner` uses Python's insecure pickle module, which can execute malicious arbitrary code when loading. Only load files you trust.\nIf you only need to load model weights and optimizer state, use the safe `Learner.load` instead.")
Loss: 1.5832
Accuracy: 0.4641
Recall: 0.4641
F1-Score: 0.4621
Loss: 1.5820419788360596
Accuracy: 0.45232370495796204
Recall (macro): 0.45237962174148755
F1 Score (macro): 0.4487368722368051
---------------------------------------------------------------------------
Ejecutando: cifar_gray_50pct_example2_quant
---------------------------------------------------------------------------
Número total de imágenes en entrenamiento: 20000
Número total de imágenes en validación: 10000

Clases: ['airplane', 'automobile', 'bird', 'cat', 'deer', 'dog', 'frog', 'horse', 'ship', 'truck']
[0, 2.291353702545166, 2.2824974060058594, 0.17870000004768372, 0.1787, 0.15194436179044996, '00:56']
[1, 2.1449005603790283, 2.1208484172821045, 0.22840000689029694, 0.22840000000000002, 0.1973618758951932, '00:49']
[2, 2.0360167026519775, 2.0078060626983643, 0.26829999685287476, 0.2683, 0.24591777259842465, '00:49']
[3, 1.909551739692688, 1.9124857187271118, 0.29339998960494995, 0.2934, 0.27534048634790986, '00:49']
[4, 1.8697530031204224, 1.8577792644500732, 0.3312000036239624, 0.33119999999999994, 0.32062513111974567, '01:00']
[5, 1.80636465549469, 1.8328676223754883, 0.33629998564720154, 0.33630000000000004, 0.3350117559239115, '00:49']
[6, 1.7732248306274414, 1.7962162494659424, 0.3560999929904938, 0.3561, 0.34188904024339184, '00:49']
[7, 1.7291066646575928, 1.7467790842056274, 0.3630000054836273, 0.363, 0.35044596482918083, '00:49']
[8, 1.6856346130371094, 1.7007423639297485, 0.38670000433921814, 0.38670000000000004, 0.3781063031405384, '00:48']
[9, 1.6651586294174194, 1.6665804386138916, 0.4018999934196472, 0.40190000000000003, 0.3954312996807352, '00:49']
[10, 1.6310346126556396, 1.6580519676208496, 0.41119998693466187, 0.4112, 0.40559142336613824, '00:48']
[11, 1.5788872241973877, 1.6418046951293945, 0.4203000068664551, 0.4203, 0.41399003683719354, '00:49']
[12, 1.5338383913040161, 1.6562738418579102, 0.4018999934196472, 0.40190000000000003, 0.3970893147479401, '00:49']
[13, 1.5071892738342285, 1.632020354270935, 0.4214000105857849, 0.42139999999999994, 0.41024023083491334, '00:51']
[14, 1.4658106565475464, 1.6154605150222778, 0.4228000044822693, 0.42279999999999995, 0.41681417116336705, '00:51']
[15, 1.445855736732483, 1.6127866506576538, 0.42669999599456787, 0.4267, 0.4243743021302809, '00:49']
[16, 1.4323155879974365, 1.6271607875823975, 0.42480000853538513, 0.4248, 0.4213112575947721, '00:49']
[17, 1.3941679000854492, 1.5950628519058228, 0.4350999891757965, 0.4351, 0.4310081529311538, '00:51']
[18, 1.3541476726531982, 1.601586937904358, 0.4413999915122986, 0.44139999999999996, 0.43387947221245915, '01:18']
[19, 1.3463821411132812, 1.5969550609588623, 0.44040000438690186, 0.4404, 0.43172795598033575, '00:58']
[20, 1.3133952617645264, 1.6136245727539062, 0.4406000077724457, 0.4406, 0.43404990645117253, '00:49']
[21, 1.2877198457717896, 1.6050509214401245, 0.4442000091075897, 0.44420000000000004, 0.44097606338712936, '00:49']
[22, 1.2742037773132324, 1.6020517349243164, 0.44749999046325684, 0.44750000000000006, 0.4411863577723382, '00:49']
No improvement since epoch 17: early stopping

Tiempo de entrenamiento: 1194.93 segundos
/mnt/homeGPU/haoweihu/TFG/lib/python3.10/site-packages/fastai/learner.py:455: UserWarning: load_learner` uses Python's insecure pickle module, which can execute malicious arbitrary code when loading. Only load files you trust.
If you only need to load model weights and optimizer state, use the safe `Learner.load` instead.
  warn("load_learner` uses Python's insecure pickle module, which can execute malicious arbitrary code when loading. Only load files you trust.\nIf you only need to load model weights and optimizer state, use the safe `Learner.load` instead.")
Loss: 1.6021
Accuracy: 0.4475
Recall: 0.4475
F1-Score: 0.4412
Loss: 1.6087100505828857
Accuracy: 0.45392629504203796
Recall (macro): 0.4539581471623494
F1 Score (macro): 0.4476777656232819
---------------------------------------------------------------------------
Ejecutando: cifar_gray_60pct_example1_quant
---------------------------------------------------------------------------
Número total de imágenes en entrenamiento: 24000
Número total de imágenes en validación: 10000

Clases: ['airplane', 'automobile', 'bird', 'cat', 'deer', 'dog', 'frog', 'horse', 'ship', 'truck']
[0, 2.2615203857421875, 2.242788314819336, 0.16930000483989716, 0.1693, 0.12460611925578483, '00:55']
[1, 2.1162028312683105, 2.0963504314422607, 0.24120000004768372, 0.2412, 0.21152423000483256, '00:55']
[2, 1.9619438648223877, 1.9899284839630127, 0.2833999991416931, 0.28340000000000004, 0.26713483495194745, '00:55']
[3, 1.8940856456756592, 1.875180721282959, 0.32519999146461487, 0.3252, 0.31962032231030324, '00:55']
[4, 1.8548195362091064, 1.8385652303695679, 0.3321000039577484, 0.33209999999999995, 0.32543293201849693, '00:55']
[5, 1.8218995332717896, 1.7907593250274658, 0.3499999940395355, 0.35, 0.33814144386791506, '00:57']
[6, 1.764640212059021, 1.7896888256072998, 0.3506999909877777, 0.3507, 0.3326506682684428, '00:55']
[7, 1.7011891603469849, 1.7162315845489502, 0.38679999113082886, 0.3868, 0.37511650749383085, '00:55']
[8, 1.661115050315857, 1.7293915748596191, 0.38659998774528503, 0.38659999999999994, 0.3778076340786475, '00:55']
[9, 1.6193729639053345, 1.6512013673782349, 0.4122999906539917, 0.4123, 0.4043193810226544, '00:55']
[10, 1.5952043533325195, 1.63914155960083, 0.41659998893737793, 0.4166, 0.4151472769101818, '00:55']
[11, 1.5360835790634155, 1.6555135250091553, 0.4101000130176544, 0.4101, 0.4092350239192356, '00:56']
[12, 1.510614037513733, 1.636002540588379, 0.4237000048160553, 0.4237, 0.41551217107774097, '00:57']
[13, 1.4649629592895508, 1.6111983060836792, 0.4316999912261963, 0.43170000000000003, 0.4281016236599616, '00:57']
[14, 1.4273239374160767, 1.6161048412322998, 0.4381999969482422, 0.4382, 0.4368921960709386, '00:57']
[15, 1.3919634819030762, 1.6243656873703003, 0.43549999594688416, 0.43550000000000005, 0.4307284214951813, '00:55']
[16, 1.3764479160308838, 1.643304467201233, 0.428600013256073, 0.42860000000000004, 0.43003398058960807, '00:55']
[17, 1.3462119102478027, 1.6159781217575073, 0.4350000023841858, 0.43499999999999994, 0.4317852020302818, '01:13']
[18, 1.3124438524246216, 1.6312841176986694, 0.43939998745918274, 0.4394, 0.4377532557266903, '01:15']
No improvement since epoch 13: early stopping

Tiempo de entrenamiento: 1103.74 segundos
/mnt/homeGPU/haoweihu/TFG/lib/python3.10/site-packages/fastai/learner.py:455: UserWarning: load_learner` uses Python's insecure pickle module, which can execute malicious arbitrary code when loading. Only load files you trust.
If you only need to load model weights and optimizer state, use the safe `Learner.load` instead.
  warn("load_learner` uses Python's insecure pickle module, which can execute malicious arbitrary code when loading. Only load files you trust.\nIf you only need to load model weights and optimizer state, use the safe `Learner.load` instead.")
Loss: 1.6313
Accuracy: 0.4394
Recall: 0.4394
F1-Score: 0.4378
Loss: 1.6585211753845215
Accuracy: 0.4255809187889099
Recall (macro): 0.42559951394044904
F1 Score (macro): 0.42325831829276905
---------------------------------------------------------------------------
Ejecutando: cifar_gray_60pct_example2_quant
---------------------------------------------------------------------------
Número total de imágenes en entrenamiento: 24000
Número total de imágenes en validación: 10000

Clases: ['airplane', 'automobile', 'bird', 'cat', 'deer', 'dog', 'frog', 'horse', 'ship', 'truck']
[0, 2.2712833881378174, 2.2500205039978027, 0.18709999322891235, 0.1871, 0.16625857379527012, '00:55']
[1, 2.1059210300445557, 2.0910141468048096, 0.25189998745918274, 0.2519, 0.2289080485048446, '00:58']
[2, 1.9813296794891357, 1.956131100654602, 0.29660001397132874, 0.2966, 0.2913186197702475, '00:58']
[3, 1.8690193891525269, 1.8797332048416138, 0.32109999656677246, 0.32110000000000005, 0.31479796723940157, '00:55']
[4, 1.8230489492416382, 1.84476900100708, 0.3384999930858612, 0.3385, 0.3224981271419736, '00:55']
[5, 1.785973072052002, 1.7909516096115112, 0.3547999858856201, 0.3548, 0.3358543620482367, '00:55']
[6, 1.742801547050476, 1.7753692865371704, 0.3605000078678131, 0.3605, 0.34707776357299874, '00:55']
[7, 1.6784660816192627, 1.710103154182434, 0.38839998841285706, 0.3884, 0.3782008529383448, '00:56']
[8, 1.651588797569275, 1.7160069942474365, 0.3946000039577484, 0.3946, 0.3784831593789684, '00:56']
[9, 1.6119147539138794, 1.6406625509262085, 0.4196000099182129, 0.4196, 0.40591876584388215, '00:55']
[10, 1.5563486814498901, 1.6765906810760498, 0.4068000018596649, 0.40680000000000005, 0.40147647194883823, '00:55']
[11, 1.5045087337493896, 1.6019850969314575, 0.43619999289512634, 0.43620000000000003, 0.42734790794246963, '00:57']
[12, 1.4951400756835938, 1.5872879028320312, 0.44209998846054077, 0.44210000000000005, 0.44066854651462817, '00:55']
[13, 1.4437015056610107, 1.5756062269210815, 0.44690001010894775, 0.44689999999999996, 0.43861270712528294, '00:55']
[14, 1.4323010444641113, 1.585447072982788, 0.44359999895095825, 0.4436, 0.4436267233666242, '00:55']
[15, 1.3859559297561646, 1.583491325378418, 0.4507000148296356, 0.4507, 0.44427256434112294, '00:55']
[16, 1.3605506420135498, 1.5585905313491821, 0.4580000042915344, 0.458, 0.4540280688763378, '00:58']
[17, 1.3167401552200317, 1.5654289722442627, 0.459199994802475, 0.45919999999999994, 0.45441816839226473, '00:59']
[18, 1.2943772077560425, 1.573646903038025, 0.4569999873638153, 0.457, 0.45067189469477054, '00:55']
[19, 1.2640706300735474, 1.567566156387329, 0.46149998903274536, 0.4614999999999999, 0.4573281438854207, '00:55']
[20, 1.269858479499817, 1.5871517658233643, 0.45210000872612, 0.4521, 0.45383710579298703, '00:57']
[21, 1.2118083238601685, 1.57467782497406, 0.46239998936653137, 0.4624, 0.4566188317644733, '01:05']
No improvement since epoch 16: early stopping

Tiempo de entrenamiento: 1252.52 segundos
/mnt/homeGPU/haoweihu/TFG/lib/python3.10/site-packages/fastai/learner.py:455: UserWarning: load_learner` uses Python's insecure pickle module, which can execute malicious arbitrary code when loading. Only load files you trust.
If you only need to load model weights and optimizer state, use the safe `Learner.load` instead.
  warn("load_learner` uses Python's insecure pickle module, which can execute malicious arbitrary code when loading. Only load files you trust.\nIf you only need to load model weights and optimizer state, use the safe `Learner.load` instead.")
Loss: 1.5747
Accuracy: 0.4624
Recall: 0.4624
F1-Score: 0.4566
Loss: 1.5787969827651978
Accuracy: 0.46193909645080566
Recall (macro): 0.4619511511354378
F1 Score (macro): 0.4565047093936251
---------------------------------------------------------------------------
Ejecutando: cifar_gray_70pct_example1_quant
---------------------------------------------------------------------------
Número total de imágenes en entrenamiento: 28000
Número total de imágenes en validación: 10000

Clases: ['airplane', 'automobile', 'bird', 'cat', 'deer', 'dog', 'frog', 'horse', 'ship', 'truck']
[0, 2.27740740776062, 2.262786388397217, 0.15299999713897705, 0.153, 0.08760652321456702, '01:02']
[1, 2.0994396209716797, 2.071124315261841, 0.2483000010251999, 0.24829999999999997, 0.22874161564705778, '01:02']
[2, 1.9229719638824463, 1.916908621788025, 0.3089999854564667, 0.309, 0.2980854603667239, '01:03']
[3, 1.8708986043930054, 1.852994680404663, 0.32679998874664307, 0.32680000000000003, 0.3134330575160228, '01:01']
[4, 1.81437349319458, 1.8298814296722412, 0.33899998664855957, 0.33899999999999997, 0.3243768606563734, '01:02']
[5, 1.7527844905853271, 1.7586205005645752, 0.375, 0.375, 0.3612066341375576, '01:05']
[6, 1.7120517492294312, 1.749059796333313, 0.3684000074863434, 0.3684, 0.35123878433540845, '01:04']
[7, 1.6608673334121704, 1.6882970333099365, 0.39660000801086426, 0.3966, 0.3806412528588564, '01:02']
[8, 1.6395037174224854, 1.6438900232315063, 0.413100004196167, 0.4131, 0.40434406533508155, '01:02']
[9, 1.5554717779159546, 1.6573455333709717, 0.412200003862381, 0.4122, 0.4018416074854539, '01:02']
[10, 1.5132158994674683, 1.5971754789352417, 0.4352000057697296, 0.43520000000000003, 0.43043600311438973, '01:03']
[11, 1.513756513595581, 1.5926501750946045, 0.439300000667572, 0.43929999999999997, 0.4277497705797346, '01:02']
[12, 1.4733469486236572, 1.5595425367355347, 0.45260000228881836, 0.4526, 0.4455569508985741, '01:02']
[13, 1.4232791662216187, 1.5771725177764893, 0.44929999113082886, 0.4492999999999999, 0.4419086895559552, '01:02']
[14, 1.3940247297286987, 1.5530929565429688, 0.45829999446868896, 0.45830000000000004, 0.45325868522074425, '01:03']
[15, 1.3766655921936035, 1.5641146898269653, 0.4593000113964081, 0.45929999999999993, 0.45711143216567035, '01:06']
[16, 1.3344804048538208, 1.6270203590393066, 0.4390999972820282, 0.4391000000000001, 0.4274462545152106, '01:02']
[17, 1.2928951978683472, 1.5636042356491089, 0.4641000032424927, 0.4641, 0.46002225125343477, '01:02']
[18, 1.2664477825164795, 1.5508095026016235, 0.4674000144004822, 0.4673999999999999, 0.46265099631016626, '01:04']
[19, 1.244301438331604, 1.5754646062850952, 0.46619999408721924, 0.4662, 0.46293266170644226, '01:21']
[20, 1.221960425376892, 1.5719103813171387, 0.46790000796318054, 0.46790000000000004, 0.46618224584363566, '01:02']
[21, 1.2062582969665527, 1.5648102760314941, 0.4715000092983246, 0.4715, 0.46819838946311176, '01:02']
[22, 1.1897523403167725, 1.5747580528259277, 0.46810001134872437, 0.4681, 0.46649459825631895, '01:02']
[23, 1.1591796875, 1.5943336486816406, 0.4693000018596649, 0.46929999999999994, 0.46766390068464425, '01:02']
No improvement since epoch 18: early stopping

Tiempo de entrenamiento: 1526.98 segundos
/mnt/homeGPU/haoweihu/TFG/lib/python3.10/site-packages/fastai/learner.py:455: UserWarning: load_learner` uses Python's insecure pickle module, which can execute malicious arbitrary code when loading. Only load files you trust.
If you only need to load model weights and optimizer state, use the safe `Learner.load` instead.
  warn("load_learner` uses Python's insecure pickle module, which can execute malicious arbitrary code when loading. Only load files you trust.\nIf you only need to load model weights and optimizer state, use the safe `Learner.load` instead.")
Loss: 1.5943
Accuracy: 0.4693
Recall: 0.4693
F1-Score: 0.4677
Loss: 1.6171128749847412
Accuracy: 0.45733171701431274
Recall (macro): 0.45734782547083175
F1 Score (macro): 0.45535923498940595
---------------------------------------------------------------------------
Ejecutando: cifar_gray_70pct_example2_quant
---------------------------------------------------------------------------
Número total de imágenes en entrenamiento: 28000
Número total de imágenes en validación: 10000

Clases: ['airplane', 'automobile', 'bird', 'cat', 'deer', 'dog', 'frog', 'horse', 'ship', 'truck']
[0, 2.2901201248168945, 2.2813007831573486, 0.15459999442100525, 0.15460000000000002, 0.07770732548794776, '01:02']
[1, 2.102504253387451, 2.069498062133789, 0.25220000743865967, 0.25220000000000004, 0.2222344697591465, '01:02']
[2, 1.9291213750839233, 1.9128011465072632, 0.30410000681877136, 0.30410000000000004, 0.28692041172736593, '01:02']
[3, 1.879775047302246, 1.8578574657440186, 0.32600000500679016, 0.32599999999999996, 0.3072856318545532, '01:02']
[4, 1.8264518976211548, 1.822601318359375, 0.34529998898506165, 0.3453, 0.3345709798212449, '01:06']
[5, 1.7874886989593506, 1.7937798500061035, 0.34860000014305115, 0.34859999999999997, 0.3385202445672844, '01:03']
[6, 1.7109839916229248, 1.7683967351913452, 0.3659999966621399, 0.366, 0.3548455559841741, '01:02']
[7, 1.6750516891479492, 1.7030671834945679, 0.38850000500679016, 0.3885, 0.3735043155272898, '01:02']
[8, 1.6247740983963013, 1.6591026782989502, 0.4106000065803528, 0.41059999999999997, 0.4097697237877118, '01:02']
[9, 1.5778710842132568, 1.6466753482818604, 0.4153999984264374, 0.4154, 0.4091063119016235, '01:02']
[10, 1.5520066022872925, 1.636998176574707, 0.41429999470710754, 0.4143, 0.40407645637581274, '01:02']
[11, 1.5168136358261108, 1.6266283988952637, 0.42260000109672546, 0.4226, 0.4173506040432147, '01:02']
[12, 1.4740322828292847, 1.5996215343475342, 0.4302999973297119, 0.4303, 0.42741969461363355, '01:03']
[13, 1.4426673650741577, 1.6552228927612305, 0.4226999878883362, 0.4227, 0.41020261096401905, '01:05']
[14, 1.406330943107605, 1.5880199670791626, 0.4408999979496002, 0.44089999999999996, 0.43704205086974535, '01:02']
[15, 1.4185351133346558, 1.5774567127227783, 0.43700000643730164, 0.43699999999999994, 0.4293976834396017, '01:17']
[16, 1.3767653703689575, 1.5735737085342407, 0.4472000002861023, 0.44720000000000004, 0.44774985620531965, '01:12']
[17, 1.3253568410873413, 1.5599150657653809, 0.4530999958515167, 0.45309999999999995, 0.4502928213527685, '01:02']
[18, 1.3018782138824463, 1.561668872833252, 0.4575999975204468, 0.45760000000000006, 0.452757123414404, '01:02']
[19, 1.2731473445892334, 1.5653656721115112, 0.4542999863624573, 0.45430000000000004, 0.44831017927992356, '01:02']
[20, 1.2541321516036987, 1.581298589706421, 0.45840001106262207, 0.4584, 0.45125957472678735, '01:02']
[21, 1.2248115539550781, 1.5689657926559448, 0.4586000144481659, 0.45859999999999995, 0.4542681594031318, '01:02']
[22, 1.2359219789505005, 1.5957738161087036, 0.4514000117778778, 0.4513999999999999, 0.45002391646475715, '01:02']
No improvement since epoch 17: early stopping

Tiempo de entrenamiento: 1467.84 segundos
/mnt/homeGPU/haoweihu/TFG/lib/python3.10/site-packages/fastai/learner.py:455: UserWarning: load_learner` uses Python's insecure pickle module, which can execute malicious arbitrary code when loading. Only load files you trust.
If you only need to load model weights and optimizer state, use the safe `Learner.load` instead.
  warn("load_learner` uses Python's insecure pickle module, which can execute malicious arbitrary code when loading. Only load files you trust.\nIf you only need to load model weights and optimizer state, use the safe `Learner.load` instead.")
Loss: 1.5958
Accuracy: 0.4514
Recall: 0.4514
F1-Score: 0.4500
Loss: 1.5842584371566772
Accuracy: 0.4579326808452606
Recall (macro): 0.4579759825107028
F1 Score (macro): 0.45699635450806075
---------------------------------------------------------------------------
Ejecutando: cifar_gray_80pct_example1_quant
---------------------------------------------------------------------------
Número total de imágenes en entrenamiento: 32000
Número total de imágenes en validación: 10000

Clases: ['airplane', 'automobile', 'bird', 'cat', 'deer', 'dog', 'frog', 'horse', 'ship', 'truck']
[0, 2.2680554389953613, 2.2495474815368652, 0.18440000712871552, 0.18440000000000004, 0.14029363599506622, '01:35']
[1, 2.107466220855713, 2.0705344676971436, 0.27459999918937683, 0.27460000000000007, 0.2623462825045464, '01:37']
[2, 1.9235451221466064, 1.911874771118164, 0.3052999973297119, 0.3053, 0.29894580819917677, '01:19']
[3, 1.868316411972046, 1.83231782913208, 0.3416999876499176, 0.3417, 0.33714480046895645, '01:08']
[4, 1.8029664754867554, 1.8145791292190552, 0.35359999537467957, 0.3536, 0.34281920011383277, '01:08']
[5, 1.7671136856079102, 1.7685613632202148, 0.36739999055862427, 0.3674, 0.3567112874245022, '01:10']
[6, 1.7296406030654907, 1.7151508331298828, 0.3874000012874603, 0.3874, 0.38250770806564216, '01:11']
[7, 1.6511818170547485, 1.6939517259597778, 0.3978999853134155, 0.39790000000000003, 0.39013304152502604, '01:12']
[8, 1.6435998678207397, 1.6861003637313843, 0.3993000090122223, 0.3993, 0.38384009830572624, '01:08']
[9, 1.6072361469268799, 1.638369083404541, 0.42160001397132874, 0.42160000000000003, 0.4131566854260308, '01:10']
[10, 1.5414129495620728, 1.6321877241134644, 0.4156000018119812, 0.41559999999999997, 0.40729683139178663, '01:08']
[11, 1.5071346759796143, 1.6075550317764282, 0.4350999891757965, 0.4351000000000001, 0.4342576248627095, '01:08']
[12, 1.4801889657974243, 1.5907396078109741, 0.4431999921798706, 0.4431999999999999, 0.4379668413498921, '01:09']
[13, 1.4280949831008911, 1.589553713798523, 0.44339999556541443, 0.4434, 0.4324339222709203, '01:08']
[14, 1.4060863256454468, 1.5961976051330566, 0.44620001316070557, 0.44620000000000004, 0.4435126184194468, '01:10']
[15, 1.3818506002426147, 1.5711770057678223, 0.45170000195503235, 0.45170000000000005, 0.4464813706707901, '01:11']
[16, 1.3722059726715088, 1.5688058137893677, 0.4553999900817871, 0.4554, 0.45455836386299164, '01:14']
[17, 1.3244197368621826, 1.5671314001083374, 0.45719999074935913, 0.4572, 0.4516052445873199, '01:09']
[18, 1.3034467697143555, 1.5664544105529785, 0.4586000144481659, 0.4586, 0.453233960829513, '01:08']
[19, 1.2420132160186768, 1.5916874408721924, 0.4593000113964081, 0.4593, 0.4568803986519455, '01:08']
[20, 1.2298884391784668, 1.5970877408981323, 0.45509999990463257, 0.4551, 0.4540598530110268, '01:08']
[21, 1.2124444246292114, 1.5874643325805664, 0.45890000462532043, 0.45890000000000003, 0.45418484343336746, '01:08']
[22, 1.2075893878936768, 1.6073031425476074, 0.45350000262260437, 0.4534999999999999, 0.45139551569988007, '01:12']
[23, 1.1705467700958252, 1.5950804948806763, 0.4595000147819519, 0.45949999999999996, 0.45547809265279476, '01:08']
No improvement since epoch 18: early stopping

Tiempo de entrenamiento: 1740.09 segundos
/mnt/homeGPU/haoweihu/TFG/lib/python3.10/site-packages/fastai/learner.py:455: UserWarning: load_learner` uses Python's insecure pickle module, which can execute malicious arbitrary code when loading. Only load files you trust.
If you only need to load model weights and optimizer state, use the safe `Learner.load` instead.
  warn("load_learner` uses Python's insecure pickle module, which can execute malicious arbitrary code when loading. Only load files you trust.\nIf you only need to load model weights and optimizer state, use the safe `Learner.load` instead.")
Loss: 1.5951
Accuracy: 0.4595
Recall: 0.4595
F1-Score: 0.4555
Loss: 1.5944557189941406
Accuracy: 0.45903444290161133
Recall (macro): 0.4590732181125151
F1 Score (macro): 0.45474905919155556
---------------------------------------------------------------------------
Ejecutando: cifar_gray_80pct_example2_quant
---------------------------------------------------------------------------
Número total de imágenes en entrenamiento: 32000
Número total de imágenes en validación: 10000

Clases: ['airplane', 'automobile', 'bird', 'cat', 'deer', 'dog', 'frog', 'horse', 'ship', 'truck']
[0, 2.2634341716766357, 2.248852014541626, 0.16120000183582306, 0.16119999999999998, 0.10770164783875695, '01:08']
[1, 2.1275532245635986, 2.1107993125915527, 0.24490000307559967, 0.24490000000000003, 0.2245934252821951, '01:08']
[2, 1.929050087928772, 1.9101890325546265, 0.30730000138282776, 0.30729999999999996, 0.2961777148182569, '01:08']
[3, 1.8388444185256958, 1.8296228647232056, 0.33480000495910645, 0.33480000000000004, 0.32598369048970005, '01:08']
[4, 1.7618001699447632, 1.7977945804595947, 0.3560999929904938, 0.3561, 0.3515622821694737, '01:12']
[5, 1.718402624130249, 1.720503330230713, 0.3790000081062317, 0.379, 0.37264320828991193, '01:13']
[6, 1.705063819885254, 1.711610198020935, 0.3815999925136566, 0.3816, 0.36947101996759646, '01:25']
[7, 1.6459605693817139, 1.666333556175232, 0.4020000100135803, 0.40199999999999997, 0.37941581606548225, '01:08']
[8, 1.5932376384735107, 1.6200674772262573, 0.4212000072002411, 0.42119999999999996, 0.40810748564530347, '01:08']
[9, 1.560056447982788, 1.5826354026794434, 0.4318000078201294, 0.4318000000000001, 0.42495855177364505, '01:08']
[10, 1.552198052406311, 1.5742405652999878, 0.4401000142097473, 0.4401, 0.4334596488322179, '01:09']
[11, 1.4915043115615845, 1.561323881149292, 0.4503999948501587, 0.45039999999999997, 0.4475217046725618, '01:10']
[12, 1.4455015659332275, 1.557273507118225, 0.45170000195503235, 0.45169999999999993, 0.4428018421187284, '01:27']
[13, 1.400277018547058, 1.548827886581421, 0.46050000190734863, 0.4605, 0.45234053485425757, '01:20']
[14, 1.3830269575119019, 1.5425959825515747, 0.46369999647140503, 0.46369999999999995, 0.4639206590643843, '01:17']
[15, 1.362155795097351, 1.5241938829421997, 0.4699999988079071, 0.4699999999999999, 0.46793856452712373, '01:08']
[16, 1.3304399251937866, 1.531813621520996, 0.4717999994754791, 0.4718, 0.4661462936709652, '01:12']
[17, 1.255901575088501, 1.5350128412246704, 0.474700003862381, 0.4747, 0.4710574906553381, '01:10']
[18, 1.2613526582717896, 1.5174890756607056, 0.47519999742507935, 0.47520000000000007, 0.4741969553940512, '01:08']
[19, 1.2249106168746948, 1.5236566066741943, 0.4765999913215637, 0.4766, 0.47181165846261, '01:08']
[20, 1.2078614234924316, 1.526530385017395, 0.4788999855518341, 0.4789, 0.4756842029917019, '01:09']
[21, 1.207779884338379, 1.5338263511657715, 0.47440001368522644, 0.4744, 0.4709334484696431, '01:09']
[22, 1.1814082860946655, 1.5352860689163208, 0.47760000824928284, 0.47759999999999997, 0.4750801550229015, '01:08']
[23, 1.1439158916473389, 1.5400069952011108, 0.47749999165534973, 0.47750000000000004, 0.47720042069243185, '01:08']
No improvement since epoch 18: early stopping

Tiempo de entrenamiento: 1723.73 segundos
/mnt/homeGPU/haoweihu/TFG/lib/python3.10/site-packages/fastai/learner.py:455: UserWarning: load_learner` uses Python's insecure pickle module, which can execute malicious arbitrary code when loading. Only load files you trust.
If you only need to load model weights and optimizer state, use the safe `Learner.load` instead.
  warn("load_learner` uses Python's insecure pickle module, which can execute malicious arbitrary code when loading. Only load files you trust.\nIf you only need to load model weights and optimizer state, use the safe `Learner.load` instead.")
Loss: 1.5400
Accuracy: 0.4775
Recall: 0.4775
F1-Score: 0.4772
Loss: 1.5473417043685913
Accuracy: 0.4793669879436493
Recall (macro): 0.479397792860103
F1 Score (macro): 0.47942119927824567
---------------------------------------------------------------------------
Ejecutando: cifar_gray_90pct_example1_quant
---------------------------------------------------------------------------
Número total de imágenes en entrenamiento: 36000
Número total de imágenes en validación: 10000

Clases: ['airplane', 'automobile', 'bird', 'cat', 'deer', 'dog', 'frog', 'horse', 'ship', 'truck']
[0, 2.2173032760620117, 2.20986270904541, 0.18170000612735748, 0.18169999999999997, 0.12609540746538292, '01:15']
[1, 2.067125082015991, 2.0663464069366455, 0.2565000057220459, 0.2565, 0.24110991312295713, '01:15']
[2, 1.927951455116272, 1.905707597732544, 0.303600013256073, 0.30360000000000004, 0.27792723472011793, '01:15']
[3, 1.8485829830169678, 1.8326855897903442, 0.3402999937534332, 0.3403, 0.3353952784119011, '01:15']
[4, 1.7923061847686768, 1.8178291320800781, 0.34630000591278076, 0.34629999999999994, 0.337640924554376, '01:15']
[5, 1.7290160655975342, 1.7267338037490845, 0.3781999945640564, 0.3782, 0.36923984483782846, '01:17']
[6, 1.6825109720230103, 1.7076116800308228, 0.3882000148296356, 0.3882, 0.38295342224042717, '01:18']
[7, 1.6332917213439941, 1.6449133157730103, 0.4101000130176544, 0.4101, 0.3999279893284592, '01:16']
[8, 1.5962233543395996, 1.603563904762268, 0.4255000054836273, 0.4255, 0.4170275663712766, '01:15']
[9, 1.5649281740188599, 1.5907572507858276, 0.4357999861240387, 0.4358000000000001, 0.42526378862537734, '01:15']
[10, 1.507509708404541, 1.580438256263733, 0.44530001282691956, 0.4452999999999999, 0.4343941129798381, '01:15']
[11, 1.4915729761123657, 1.5919582843780518, 0.43880000710487366, 0.43879999999999997, 0.4281916440798648, '01:14']
[12, 1.4692944288253784, 1.5517404079437256, 0.4490000009536743, 0.449, 0.4465647870443422, '01:15']
[13, 1.4363218545913696, 1.5511233806610107, 0.45159998536109924, 0.4516, 0.4497054235945505, '01:15']
[14, 1.389068603515625, 1.5859123468399048, 0.44859999418258667, 0.4486, 0.4460270321817764, '01:15']
[15, 1.3598310947418213, 1.5282962322235107, 0.46560001373291016, 0.46559999999999996, 0.4616455507010905, '01:16']
[16, 1.327181100845337, 1.5362229347229004, 0.4652999937534332, 0.46530000000000005, 0.45677641844958883, '01:49']
[17, 1.3059053421020508, 1.5461483001708984, 0.46239998936653137, 0.4624, 0.457418570671415, '01:25']
[18, 1.276770830154419, 1.5529544353485107, 0.4629000127315521, 0.4629, 0.45440265752577663, '01:15']
[19, 1.2351731061935425, 1.535503625869751, 0.4731000065803528, 0.47309999999999997, 0.4719676165147928, '01:15']
[20, 1.22391676902771, 1.547480583190918, 0.4717000126838684, 0.47170000000000006, 0.4665630716167645, '01:15']
No improvement since epoch 15: early stopping

Tiempo de entrenamiento: 1633.12 segundos
/mnt/homeGPU/haoweihu/TFG/lib/python3.10/site-packages/fastai/learner.py:455: UserWarning: load_learner` uses Python's insecure pickle module, which can execute malicious arbitrary code when loading. Only load files you trust.
If you only need to load model weights and optimizer state, use the safe `Learner.load` instead.
  warn("load_learner` uses Python's insecure pickle module, which can execute malicious arbitrary code when loading. Only load files you trust.\nIf you only need to load model weights and optimizer state, use the safe `Learner.load` instead.")
Loss: 1.5475
Accuracy: 0.4717
Recall: 0.4717
F1-Score: 0.4666
Loss: 1.541213035583496
Accuracy: 0.47465944290161133
Recall (macro): 0.47461146237603896
F1 Score (macro): 0.468545224111502
---------------------------------------------------------------------------
Ejecutando: cifar_gray_90pct_example2_quant
---------------------------------------------------------------------------
Número total de imágenes en entrenamiento: 36000
Número total de imágenes en validación: 10000

Clases: ['airplane', 'automobile', 'bird', 'cat', 'deer', 'dog', 'frog', 'horse', 'ship', 'truck']
[0, 2.2722349166870117, 2.262383460998535, 0.19439999759197235, 0.1944, 0.17037616497950056, '01:15']
[1, 2.059478282928467, 2.0497124195098877, 0.2533000111579895, 0.25329999999999997, 0.2368171880398604, '01:15']
[2, 1.9148920774459839, 1.9169028997421265, 0.30489999055862427, 0.30490000000000006, 0.28015563859901077, '01:17']
[3, 1.8503055572509766, 1.893466591835022, 0.31470000743865967, 0.31470000000000004, 0.30332085064092085, '01:15']
[4, 1.77974534034729, 1.803350806236267, 0.34950000047683716, 0.34950000000000003, 0.3404372053766055, '01:15']
[5, 1.717930555343628, 1.7300893068313599, 0.38019999861717224, 0.3802, 0.3732834180105228, '01:15']
[6, 1.6758638620376587, 1.6810342073440552, 0.3970000147819519, 0.39699999999999996, 0.38423240158163574, '01:15']
[7, 1.6144514083862305, 1.6470947265625, 0.40880000591278076, 0.4088, 0.39693681559417976, '01:47']
[8, 1.564046859741211, 1.6218664646148682, 0.42239999771118164, 0.4224, 0.41904378725843794, '01:24']
[9, 1.545531153678894, 1.5832048654556274, 0.4406000077724457, 0.4406, 0.4297325718048781, '01:17']
[10, 1.5003057718276978, 1.563578486442566, 0.44449999928474426, 0.4445, 0.4405806532309689, '01:19']
[11, 1.4725995063781738, 1.55266273021698, 0.4505000114440918, 0.4505, 0.44384966748638577, '01:16']
[12, 1.4136781692504883, 1.5374505519866943, 0.4544000029563904, 0.45439999999999997, 0.4532967259431329, '01:15']
[13, 1.399344801902771, 1.5195499658584595, 0.45980000495910645, 0.4598, 0.45732859163345196, '01:15']
[14, 1.3733258247375488, 1.5105012655258179, 0.46650001406669617, 0.4665, 0.4603967506987982, '01:17']
[15, 1.3389346599578857, 1.5163581371307373, 0.4690000116825104, 0.46900000000000003, 0.46426845724840404, '01:19']
[16, 1.3118860721588135, 1.5212513208389282, 0.4738999903202057, 0.4739, 0.46963456998855035, '01:18']
[17, 1.2926100492477417, 1.51603364944458, 0.4706000089645386, 0.47059999999999996, 0.4674503748575466, '01:16']
[18, 1.234365701675415, 1.5152573585510254, 0.4722000062465668, 0.47220000000000006, 0.47145675098906625, '01:15']
[19, 1.2516798973083496, 1.5116024017333984, 0.4763000011444092, 0.4763, 0.47853107963929986, '01:15']
No improvement since epoch 14: early stopping

Tiempo de entrenamiento: 1570.89 segundos
/mnt/homeGPU/haoweihu/TFG/lib/python3.10/site-packages/fastai/learner.py:455: UserWarning: load_learner` uses Python's insecure pickle module, which can execute malicious arbitrary code when loading. Only load files you trust.
If you only need to load model weights and optimizer state, use the safe `Learner.load` instead.
  warn("load_learner` uses Python's insecure pickle module, which can execute malicious arbitrary code when loading. Only load files you trust.\nIf you only need to load model weights and optimizer state, use the safe `Learner.load` instead.")
Loss: 1.5116
Accuracy: 0.4763
Recall: 0.4763
F1-Score: 0.4785
Loss: 1.4969842433929443
Accuracy: 0.48046875
Recall (macro): 0.48051739730979276
F1 Score (macro): 0.48157239581655603
mail: cannot send message: Process exited with a non-zero status
