/mnt/homeGPU/haoweihu/TFG/lib/python3.10/site-packages/torchvision/models/_utils.py:208: UserWarning: The parameter 'pretrained' is deprecated since 0.13 and may be removed in the future, please use 'weights' instead.
  warnings.warn(
/mnt/homeGPU/haoweihu/TFG/lib/python3.10/site-packages/torchvision/models/_utils.py:223: UserWarning: Arguments other than a weight enum or `None` for 'weights' are deprecated since 0.13 and may be removed in the future. The current behavior is equivalent to passing `weights=EfficientNet_V2_S_Weights.IMAGENET1K_V1`. You can also use `weights=EfficientNet_V2_S_Weights.DEFAULT` to get the most up-to-date weights.
  warnings.warn(msg)
---------------------------------------------------------------------------
Ejecutando: cifar_10pct_effnetv2s_random2
---------------------------------------------------------------------------
False
Número total de imágenes en entrenamiento: 4000
Número total de imágenes en validación: 10000
Clases: ['airplane', 'automobile', 'bird', 'cat', 'deer', 'dog', 'frog', 'horse', 'ship', 'truck']
weights = None
[0, 3.250800609588623, nan, 0.36500000953674316, 0.365, 0.3550843823627847, '01:09']
[1, 2.4663026332855225, nan, 0.611299991607666, 0.6113000000000001, 0.6084901176789271, '00:47']
[2, 1.8239426612854004, nan, 0.7080000042915344, 0.708, 0.7059235978134025, '00:47']
[3, 1.4298516511917114, nan, 0.7613999843597412, 0.7614000000000001, 0.759122127087924, '00:46']
[4, 1.1921298503875732, nan, 0.7953000068664551, 0.7953, 0.7932740800362383, '00:47']
No improvement since epoch -1: early stopping

Tiempo de entrenamiento: 258.27 segundos
/mnt/homeGPU/haoweihu/TFG/lib/python3.10/site-packages/fastai/learner.py:455: UserWarning: load_learner` uses Python's insecure pickle module, which can execute malicious arbitrary code when loading. Only load files you trust.
If you only need to load model weights and optimizer state, use the safe `Learner.load` instead.
  warn("load_learner` uses Python's insecure pickle module, which can execute malicious arbitrary code when loading. Only load files you trust.\nIf you only need to load model weights and optimizer state, use the safe `Learner.load` instead.")
Loss (valid): nan
Accuracy (valid): 0.7953
Recall (valid): 0.7953
F1-Score (valid): 0.7933
/mnt/homeGPU/haoweihu/TFG/lib/python3.10/site-packages/torchvision/models/_utils.py:208: UserWarning: The parameter 'pretrained' is deprecated since 0.13 and may be removed in the future, please use 'weights' instead.
  warnings.warn(
/mnt/homeGPU/haoweihu/TFG/lib/python3.10/site-packages/torchvision/models/_utils.py:223: UserWarning: Arguments other than a weight enum or `None` for 'weights' are deprecated since 0.13 and may be removed in the future. The current behavior is equivalent to passing `weights=EfficientNet_V2_S_Weights.IMAGENET1K_V1`. You can also use `weights=EfficientNet_V2_S_Weights.DEFAULT` to get the most up-to-date weights.
  warnings.warn(msg)
Loss (test): 0.6921
Accuracy (test): 0.7890
Recall (test): 0.7890
F1-Score (test): 0.7871
---------------------------------------------------------------------------
Ejecutando: cifar_20pct_effnetv2s_random2
---------------------------------------------------------------------------
False
Número total de imágenes en entrenamiento: 8000
Número total de imágenes en validación: 10000
Clases: ['airplane', 'automobile', 'bird', 'cat', 'deer', 'dog', 'frog', 'horse', 'ship', 'truck']
weights = None
[0, 2.5789835453033447, 1.3880242109298706, 0.5386000275611877, 0.5386, 0.5363161890622441, '01:26']
[1, 1.7558914422988892, 0.9145253896713257, 0.7046999931335449, 0.7047, 0.7039937442448494, '01:05']
[2, 1.312979817390442, 0.7767848372459412, 0.7620000243186951, 0.762, 0.7609602797736914, '01:05']
[3, 1.0499297380447388, 0.6177436709403992, 0.8130000233650208, 0.8130000000000001, 0.8112612285790137, '01:05']
[4, 0.8403246998786926, 0.5065558552742004, 0.8440999984741211, 0.8440999999999999, 0.8426762110060668, '01:05']
[5, 0.627307653427124, 0.3853839635848999, 0.8837000131607056, 0.8836999999999999, 0.883436790678702, '01:06']
[6, 0.5088507533073425, nan, 0.8999000191688538, 0.8999, 0.8992029487670259, '01:05']
[7, 0.43774738907814026, 0.2892104983329773, 0.9125999808311462, 0.9126, 0.9122650680801268, '01:05']
[8, 0.35336917638778687, nan, 0.9186000227928162, 0.9186, 0.9183216197747532, '01:05']
[9, 0.31331005692481995, 0.22821231186389923, 0.9293000102043152, 0.9292999999999999, 0.9291211011019541, '01:05']
[10, 0.26101410388946533, 0.20909221470355988, 0.933899998664856, 0.9338999999999998, 0.9335991607529959, '01:05']
[11, 0.23280426859855652, 0.19739550352096558, 0.9388999938964844, 0.9389, 0.9387170226469982, '01:05']
[12, 0.2085406333208084, nan, 0.9419000148773193, 0.9419000000000001, 0.9416544813660158, '01:05']
[13, 0.1723662167787552, nan, 0.942799985408783, 0.9428000000000001, 0.9426258171406457, '01:05']
[14, 0.16633710265159607, 0.37284234166145325, 0.9455000162124634, 0.9454999999999998, 0.9453502826200261, '01:05']
[15, 0.14011766016483307, 0.9446702003479004, 0.9441999793052673, 0.9442, 0.9439050068825179, '01:05']
[16, 0.14140573143959045, 0.18193496763706207, 0.9484999775886536, 0.9484999999999999, 0.9483840993689221, '01:05']
[17, 0.11760205030441284, 0.16286911070346832, 0.9501000046730042, 0.9501, 0.9500134785838765, '01:05']
[18, 0.11276295781135559, 0.16548559069633484, 0.9509000182151794, 0.9509000000000001, 0.9507432966460362, '01:05']
[19, 0.09664580971002579, 0.16526420414447784, 0.9519000053405762, 0.9518999999999999, 0.9518223010272593, '01:05']
[20, 0.09915349632501602, 0.1597176194190979, 0.9535999894142151, 0.9536, 0.953440561745985, '01:05']
[21, 0.09062850475311279, 0.15623293817043304, 0.9542999863624573, 0.9542999999999999, 0.9542082652254275, '01:05']
[22, 0.08892536908388138, 0.1552562415599823, 0.9546999931335449, 0.9547000000000001, 0.9545790110715353, '01:05']
[23, 0.07918369024991989, 0.15083515644073486, 0.95660001039505, 0.9565999999999999, 0.9564939304772254, '01:05']
[24, 0.0741872489452362, 0.15146692097187042, 0.9559000134468079, 0.9559000000000001, 0.9558290129882284, '01:05']
[25, 0.08688221871852875, 0.15143078565597534, 0.95660001039505, 0.9565999999999999, 0.9565232915897048, '01:05']
[26, 0.07132048159837723, 0.14984659850597382, 0.957099974155426, 0.9570999999999998, 0.9570330281449525, '01:05']
[27, 0.08195977658033371, 0.14699022471904755, 0.9575999975204468, 0.9576, 0.9575614453830961, '01:05']
[28, 0.06936747580766678, 0.1472463607788086, 0.957099974155426, 0.9571000000000002, 0.9570302585458412, '01:05']
[29, 0.06824477761983871, 0.14899148046970367, 0.9569000005722046, 0.9568999999999999, 0.9568063531201394, '01:05']

Tiempo de entrenamiento: 1984.21 segundos
/mnt/homeGPU/haoweihu/TFG/lib/python3.10/site-packages/fastai/learner.py:455: UserWarning: load_learner` uses Python's insecure pickle module, which can execute malicious arbitrary code when loading. Only load files you trust.
If you only need to load model weights and optimizer state, use the safe `Learner.load` instead.
  warn("load_learner` uses Python's insecure pickle module, which can execute malicious arbitrary code when loading. Only load files you trust.\nIf you only need to load model weights and optimizer state, use the safe `Learner.load` instead.")
Loss (valid): 0.1490
Accuracy (valid): 0.9569
Recall (valid): 0.9569
F1-Score (valid): 0.9568
/mnt/homeGPU/haoweihu/TFG/lib/python3.10/site-packages/torchvision/models/_utils.py:208: UserWarning: The parameter 'pretrained' is deprecated since 0.13 and may be removed in the future, please use 'weights' instead.
  warnings.warn(
/mnt/homeGPU/haoweihu/TFG/lib/python3.10/site-packages/torchvision/models/_utils.py:223: UserWarning: Arguments other than a weight enum or `None` for 'weights' are deprecated since 0.13 and may be removed in the future. The current behavior is equivalent to passing `weights=EfficientNet_V2_S_Weights.IMAGENET1K_V1`. You can also use `weights=EfficientNet_V2_S_Weights.DEFAULT` to get the most up-to-date weights.
  warnings.warn(msg)
Loss (test): 0.1561
Accuracy (test): 0.9554
Recall (test): 0.9554
F1-Score (test): 0.9553
---------------------------------------------------------------------------
Ejecutando: cifar_30pct_effnetv2s_random2
---------------------------------------------------------------------------
False
Número total de imágenes en entrenamiento: 12000
Número total de imágenes en validación: 10000
Clases: ['airplane', 'automobile', 'bird', 'cat', 'deer', 'dog', 'frog', 'horse', 'ship', 'truck']
weights = None
[0, 2.2278308868408203, 1.2137279510498047, 0.6044999957084656, 0.6045, 0.5991404374258951, '01:58']
[1, 1.4480499029159546, 0.8276903033256531, 0.7364000082015991, 0.7363999999999999, 0.7343728907790953, '01:23']
[2, 1.1231902837753296, 0.6625556349754333, 0.7944999933242798, 0.7945, 0.7938241167692123, '01:23']
[3, 0.8618341684341431, nan, 0.8449000120162964, 0.8449, 0.8439443318785784, '01:23']
[4, 0.6429536938667297, 0.403133749961853, 0.8758999705314636, 0.8759, 0.8757474720624099, '01:23']
[5, 0.4840613007545471, 0.29479438066482544, 0.9103999733924866, 0.9103999999999999, 0.9103086316805988, '01:24']
[6, 0.3991919159889221, 0.23818480968475342, 0.9211000204086304, 0.9210999999999998, 0.9212155627957443, '01:23']
[7, 0.31336572766304016, 0.20157186686992645, 0.9351999759674072, 0.9351999999999998, 0.9350702980212564, '01:23']
[8, 0.2526937425136566, 0.1709180474281311, 0.9435999989509583, 0.9436, 0.9435288860578581, '01:23']
[9, 0.23033449053764343, 0.15376442670822144, 0.9506999850273132, 0.9507, 0.9506641850596894, '01:23']
[10, 0.19323821365833282, 0.13811522722244263, 0.9549999833106995, 0.9550000000000001, 0.9549888419204837, '01:23']
[11, 0.17966793477535248, 0.13713404536247253, 0.9556999802589417, 0.9556999999999999, 0.955708742133121, '01:23']
[12, 0.1381990760564804, 0.13865405321121216, 0.9555000066757202, 0.9555000000000001, 0.9555278898827358, '01:23']
[13, 0.13639989495277405, 0.1300351917743683, 0.9585000276565552, 0.9585000000000001, 0.95851921973035, '01:23']
[14, 0.1272083967924118, 0.12975580990314484, 0.9617000222206116, 0.9616999999999999, 0.961733891128076, '01:23']
[15, 0.125368133187294, 0.1313374936580658, 0.9595000147819519, 0.9595, 0.9595086468243833, '01:23']
[16, 0.09902675449848175, 0.13036806881427765, 0.9611999988555908, 0.9611999999999998, 0.9612171610618023, '01:23']
[17, 0.09692084044218063, 0.12180066853761673, 0.9634000062942505, 0.9634, 0.9633876335015692, '01:23']
[18, 0.08914005011320114, 0.11823928356170654, 0.9639999866485596, 0.9639999999999999, 0.9640066143159878, '01:24']
[19, 0.0724240392446518, 0.11912001669406891, 0.9642999768257141, 0.9642999999999999, 0.9643285700691226, '01:23']
[20, 0.07657117396593094, 0.12005873769521713, 0.9649999737739563, 0.9649999999999999, 0.9650044309479668, '01:23']
[21, 0.06093178316950798, 0.11750858277082443, 0.9646000266075134, 0.9646000000000001, 0.9645981620459665, '01:23']
[22, 0.06678596138954163, 0.11746066808700562, 0.9646000266075134, 0.9645999999999999, 0.9646202301909563, '01:23']
[23, 0.06685692071914673, 0.11668752133846283, 0.9642999768257141, 0.9643, 0.964306752143456, '01:23']
[24, 0.06203293800354004, 0.11891486495733261, 0.9653000235557556, 0.9652999999999998, 0.9653232538903517, '01:23']
[25, 0.058973513543605804, 0.11562728136777878, 0.9646999835968018, 0.9647, 0.9646996301769146, '01:23']
[26, 0.05625222623348236, 0.11948524415493011, 0.9638000130653381, 0.9637999999999998, 0.9637876457298542, '01:23']
[27, 0.054630450904369354, 0.11687477678060532, 0.9652000069618225, 0.9652000000000001, 0.9652271392845359, '01:23']
[28, 0.053940143436193466, 0.11895159631967545, 0.9646999835968018, 0.9647, 0.9646919350764467, '01:26']
[29, 0.062303490936756134, 0.12028723210096359, 0.9648000001907349, 0.9648, 0.9647925341375473, '01:23']

Tiempo de entrenamiento: 2542.07 segundos
/mnt/homeGPU/haoweihu/TFG/lib/python3.10/site-packages/fastai/learner.py:455: UserWarning: load_learner` uses Python's insecure pickle module, which can execute malicious arbitrary code when loading. Only load files you trust.
If you only need to load model weights and optimizer state, use the safe `Learner.load` instead.
  warn("load_learner` uses Python's insecure pickle module, which can execute malicious arbitrary code when loading. Only load files you trust.\nIf you only need to load model weights and optimizer state, use the safe `Learner.load` instead.")
Loss (valid): 0.1203
Accuracy (valid): 0.9648
Recall (valid): 0.9648
F1-Score (valid): 0.9648
/mnt/homeGPU/haoweihu/TFG/lib/python3.10/site-packages/torchvision/models/_utils.py:208: UserWarning: The parameter 'pretrained' is deprecated since 0.13 and may be removed in the future, please use 'weights' instead.
  warnings.warn(
/mnt/homeGPU/haoweihu/TFG/lib/python3.10/site-packages/torchvision/models/_utils.py:223: UserWarning: Arguments other than a weight enum or `None` for 'weights' are deprecated since 0.13 and may be removed in the future. The current behavior is equivalent to passing `weights=EfficientNet_V2_S_Weights.IMAGENET1K_V1`. You can also use `weights=EfficientNet_V2_S_Weights.DEFAULT` to get the most up-to-date weights.
  warnings.warn(msg)
Loss (test): 0.1256
Accuracy (test): 0.9646
Recall (test): 0.9646
F1-Score (test): 0.9646
---------------------------------------------------------------------------
Ejecutando: cifar_40pct_effnetv2s_random2
---------------------------------------------------------------------------
False
Número total de imágenes en entrenamiento: 16000
Número total de imágenes en validación: 10000
Clases: ['airplane', 'automobile', 'bird', 'cat', 'deer', 'dog', 'frog', 'horse', 'ship', 'truck']
weights = None
[0, 1.9637080430984497, nan, 0.6401000022888184, 0.6401000000000001, 0.6363910439331318, '02:17']
[1, 1.3384435176849365, 0.766047477722168, 0.7616999745368958, 0.7617, 0.7602689192787239, '01:40']
[2, 1.006261944770813, nan, 0.824400007724762, 0.8244, 0.8241420780339505, '01:40']
[3, 0.7066860795021057, 0.4180200695991516, 0.8686000108718872, 0.8686, 0.8683512264671768, '01:40']
[4, 0.5381568074226379, 0.2858869731426239, 0.9075000286102295, 0.9075000000000001, 0.9075670524283929, '01:40']
[5, 0.3677452802658081, 0.40420663356781006, 0.9222000241279602, 0.9221999999999999, 0.9219764492175744, '01:40']
[6, 0.30471932888031006, 0.2073546200990677, 0.9319999814033508, 0.932, 0.9317237208578242, '01:40']
[7, 0.24812985956668854, 0.16433949768543243, 0.9466000199317932, 0.9465999999999999, 0.9463808850467185, '01:41']
[8, 0.21389727294445038, 0.14665885269641876, 0.9524000287055969, 0.9523999999999999, 0.9523180154235741, '01:41']
[9, 0.1884191632270813, 0.1351468861103058, 0.9556999802589417, 0.9556999999999999, 0.9556391902917593, '01:41']
[10, 0.15764962136745453, 0.1325841248035431, 0.9571999907493591, 0.9571999999999999, 0.9570735529398686, '01:41']
[11, 0.13490138947963715, 0.13120010495185852, 0.9577999711036682, 0.9578, 0.957754839163294, '01:40']
[12, 0.12798038125038147, 0.12771393358707428, 0.9592999815940857, 0.9593, 0.9592247276994564, '01:41']
[13, 0.11823510378599167, 0.12903781235218048, 0.9602000117301941, 0.9601999999999998, 0.9600859776370845, '01:41']
[14, 0.10846997797489166, 0.11588746309280396, 0.963699996471405, 0.9637, 0.9636745460956714, '01:40']
[15, 0.09693673253059387, 0.1126069575548172, 0.964900016784668, 0.9649000000000001, 0.9648513245804005, '01:41']
[16, 0.08753614127635956, 0.11358948796987534, 0.9649999737739563, 0.9650000000000001, 0.9649980132375344, '01:41']
[17, 0.08165483176708221, 0.11272476613521576, 0.965399980545044, 0.9654, 0.9653744527575963, '01:41']
[18, 0.07845331728458405, 0.10795632004737854, 0.9678000211715698, 0.9677999999999999, 0.9677626017419442, '01:41']
[19, 0.06846888363361359, 0.10761209577322006, 0.967199981212616, 0.9672000000000001, 0.9671793414523261, '01:41']
[20, 0.06930059939622879, 0.10478173941373825, 0.9690999984741211, 0.9690999999999999, 0.9690651583728384, '01:41']
[21, 0.057963158935308456, 0.1095808818936348, 0.9672999978065491, 0.9672999999999998, 0.9672012032963145, '01:41']
[22, 0.07040895521640778, 0.10511932522058487, 0.9700999855995178, 0.9701000000000001, 0.9700764181773618, '01:40']
[23, 0.051490720361471176, 0.10323679447174072, 0.9699000120162964, 0.9698999999999998, 0.9698746982674947, '01:41']
[24, 0.0508708730340004, 0.10359381139278412, 0.970300018787384, 0.9702999999999999, 0.9702824009010559, '01:40']
[25, 0.05633526295423508, 0.10435236990451813, 0.9697999954223633, 0.9697999999999999, 0.9697675737395788, '01:40']
[26, 0.05299222469329834, 0.1045747920870781, 0.9700000286102295, 0.9700000000000001, 0.969982010211257, '01:40']
[27, 0.053254589438438416, 0.10205735266208649, 0.970300018787384, 0.9702999999999999, 0.9702643407715638, '01:40']
[28, 0.04284496232867241, 0.10459461808204651, 0.9697999954223633, 0.9697999999999999, 0.9697586720881487, '01:41']
[29, 0.05483609810471535, 0.10590008646249771, 0.9686999917030334, 0.9686999999999999, 0.9686419175980736, '01:40']

Tiempo de entrenamiento: 3069.14 segundos
/mnt/homeGPU/haoweihu/TFG/lib/python3.10/site-packages/fastai/learner.py:455: UserWarning: load_learner` uses Python's insecure pickle module, which can execute malicious arbitrary code when loading. Only load files you trust.
If you only need to load model weights and optimizer state, use the safe `Learner.load` instead.
  warn("load_learner` uses Python's insecure pickle module, which can execute malicious arbitrary code when loading. Only load files you trust.\nIf you only need to load model weights and optimizer state, use the safe `Learner.load` instead.")
Loss (valid): 0.1059
Accuracy (valid): 0.9687
Recall (valid): 0.9687
F1-Score (valid): 0.9686
/mnt/homeGPU/haoweihu/TFG/lib/python3.10/site-packages/torchvision/models/_utils.py:208: UserWarning: The parameter 'pretrained' is deprecated since 0.13 and may be removed in the future, please use 'weights' instead.
  warnings.warn(
/mnt/homeGPU/haoweihu/TFG/lib/python3.10/site-packages/torchvision/models/_utils.py:223: UserWarning: Arguments other than a weight enum or `None` for 'weights' are deprecated since 0.13 and may be removed in the future. The current behavior is equivalent to passing `weights=EfficientNet_V2_S_Weights.IMAGENET1K_V1`. You can also use `weights=EfficientNet_V2_S_Weights.DEFAULT` to get the most up-to-date weights.
  warnings.warn(msg)
Loss (test): 0.1086
Accuracy (test): 0.9693
Recall (test): 0.9692
F1-Score (test): 0.9692
---------------------------------------------------------------------------
Ejecutando: cifar_50pct_effnetv2s_random2
---------------------------------------------------------------------------
False
Número total de imágenes en entrenamiento: 20000
Número total de imágenes en validación: 10000
Clases: ['airplane', 'automobile', 'bird', 'cat', 'deer', 'dog', 'frog', 'horse', 'ship', 'truck']
weights = None
[0, 1.878775954246521, 1.0149801969528198, 0.6704000234603882, 0.6704000000000001, 0.6691405899865303, '02:32']
[1, 1.25801420211792, 0.7040215134620667, 0.7781000137329102, 0.7781, 0.7771341597621519, '01:58']
[2, 0.8983235955238342, nan, 0.8324000239372253, 0.8324, 0.8320269311888424, '01:58']
[3, 0.6485453844070435, 0.36718279123306274, 0.8833000063896179, 0.8833, 0.882726862759694, '01:59']
[4, 0.4498147964477539, 0.2531588077545166, 0.91839998960495, 0.9183999999999999, 0.9181427763638228, '01:59']
[5, 0.35121214389801025, 0.18945097923278809, 0.9381999969482422, 0.9382000000000001, 0.9380717306066139, '01:58']
[6, 0.26900768280029297, 0.16183701157569885, 0.9430000185966492, 0.943, 0.9429762920874916, '01:58']
[7, 0.2110879272222519, 0.13274627923965454, 0.954200029373169, 0.9542000000000002, 0.95408317964997, '01:58']
[8, 0.18414370715618134, 0.12295889854431152, 0.958299994468689, 0.9583, 0.9581982217708971, '01:59']
[9, 0.16383039951324463, 0.11088518053293228, 0.9624000191688538, 0.9624, 0.962367495947546, '01:58']
[10, 0.13508416712284088, 0.10282020270824432, 0.9657999873161316, 0.9658, 0.9657542789746598, '01:59']
[11, 0.13216570019721985, 0.11091359704732895, 0.965399980545044, 0.9654, 0.965370918146581, '01:59']
[12, 0.10760709643363953, 0.09900423139333725, 0.9664000272750854, 0.9664000000000001, 0.9663787751498442, '01:59']
[13, 0.10246608406305313, 0.09888193011283875, 0.9681000113487244, 0.9681000000000001, 0.9680736680141733, '01:59']
[14, 0.08785108476877213, 0.09246024489402771, 0.9688000082969666, 0.9687999999999999, 0.9688287091903247, '01:59']
[15, 0.09256146103143692, 0.09591656923294067, 0.9686999917030334, 0.9686999999999999, 0.9686821909345789, '01:59']
[16, 0.07995384931564331, 0.09361152350902557, 0.9693999886512756, 0.9694, 0.969422702521426, '01:59']
[17, 0.07183628529310226, 0.0907835140824318, 0.9714000225067139, 0.9714, 0.9713729309129112, '01:59']
[18, 0.06582830846309662, 0.09317108988761902, 0.970300018787384, 0.9702999999999999, 0.9702843377209651, '01:58']
[19, 0.064785897731781, 0.08949662744998932, 0.9722999930381775, 0.9722999999999999, 0.9722951244793043, '01:58']
[20, 0.06103292107582092, 0.08942514657974243, 0.9715999960899353, 0.9715999999999999, 0.9715776696880916, '01:59']
[21, 0.0674346536397934, 0.09062305837869644, 0.9708999991416931, 0.9709, 0.9708644381337015, '01:59']
[22, 0.052800145000219345, 0.08975917845964432, 0.9721999764442444, 0.9721999999999997, 0.9721519738700038, '02:00']
[23, 0.05273592844605446, 0.08760631084442139, 0.9722999930381775, 0.9722999999999999, 0.9722762725513583, '01:58']
[24, 0.048191484063863754, 0.09071646630764008, 0.9722999930381775, 0.9722999999999999, 0.9722741488983729, '01:59']
[25, 0.052039384841918945, 0.08863680064678192, 0.9735999703407288, 0.9736, 0.973597317292468, '01:59']
[26, 0.04211098328232765, 0.08684209734201431, 0.9731000065803528, 0.9731, 0.9730731111368829, '01:59']
[27, 0.05328197404742241, 0.08733690530061722, 0.9728000164031982, 0.9728, 0.9727770390784034, '01:59']
[28, 0.04502398893237114, 0.08718946576118469, 0.9726999998092651, 0.9726999999999999, 0.9726697596323242, '01:58']
[29, 0.04298841208219528, 0.08597264438867569, 0.9740999937057495, 0.9741, 0.974089219019724, '01:59']

Tiempo de entrenamiento: 3608.80 segundos
/mnt/homeGPU/haoweihu/TFG/lib/python3.10/site-packages/fastai/learner.py:455: UserWarning: load_learner` uses Python's insecure pickle module, which can execute malicious arbitrary code when loading. Only load files you trust.
If you only need to load model weights and optimizer state, use the safe `Learner.load` instead.
  warn("load_learner` uses Python's insecure pickle module, which can execute malicious arbitrary code when loading. Only load files you trust.\nIf you only need to load model weights and optimizer state, use the safe `Learner.load` instead.")
Loss (valid): 0.0860
Accuracy (valid): 0.9741
Recall (valid): 0.9741
F1-Score (valid): 0.9741
/mnt/homeGPU/haoweihu/TFG/lib/python3.10/site-packages/torchvision/models/_utils.py:208: UserWarning: The parameter 'pretrained' is deprecated since 0.13 and may be removed in the future, please use 'weights' instead.
  warnings.warn(
/mnt/homeGPU/haoweihu/TFG/lib/python3.10/site-packages/torchvision/models/_utils.py:223: UserWarning: Arguments other than a weight enum or `None` for 'weights' are deprecated since 0.13 and may be removed in the future. The current behavior is equivalent to passing `weights=EfficientNet_V2_S_Weights.IMAGENET1K_V1`. You can also use `weights=EfficientNet_V2_S_Weights.DEFAULT` to get the most up-to-date weights.
  warnings.warn(msg)
Loss (test): 0.1008
Accuracy (test): 0.9716
Recall (test): 0.9715
F1-Score (test): 0.9715
---------------------------------------------------------------------------
Ejecutando: cifar_60pct_effnetv2s_random2
---------------------------------------------------------------------------
False
Número total de imágenes en entrenamiento: 24000
Número total de imágenes en validación: 10000
Clases: ['airplane', 'automobile', 'bird', 'cat', 'deer', 'dog', 'frog', 'horse', 'ship', 'truck']
weights = None
[0, 1.6323838233947754, nan, 0.6895999908447266, 0.6896, 0.6874449432850701, '02:52']
[1, 1.112113118171692, nan, 0.7825000286102295, 0.7825, 0.7819788748831655, '02:17']
[2, 0.8209274411201477, nan, 0.8468999862670898, 0.8469, 0.8463694784795042, '02:17']
[3, 0.5659095644950867, nan, 0.8927000164985657, 0.8926999999999999, 0.8922199879449154, '02:17']
[4, 0.40518686175346375, nan, 0.9226999878883362, 0.9227000000000001, 0.9220796303975355, '02:17']
No improvement since epoch -1: early stopping

Tiempo de entrenamiento: 721.60 segundos
/mnt/homeGPU/haoweihu/TFG/lib/python3.10/site-packages/fastai/learner.py:455: UserWarning: load_learner` uses Python's insecure pickle module, which can execute malicious arbitrary code when loading. Only load files you trust.
If you only need to load model weights and optimizer state, use the safe `Learner.load` instead.
  warn("load_learner` uses Python's insecure pickle module, which can execute malicious arbitrary code when loading. Only load files you trust.\nIf you only need to load model weights and optimizer state, use the safe `Learner.load` instead.")
Loss (valid): nan
Accuracy (valid): 0.9227
Recall (valid): 0.9227
F1-Score (valid): 0.9221
/mnt/homeGPU/haoweihu/TFG/lib/python3.10/site-packages/torchvision/models/_utils.py:208: UserWarning: The parameter 'pretrained' is deprecated since 0.13 and may be removed in the future, please use 'weights' instead.
  warnings.warn(
/mnt/homeGPU/haoweihu/TFG/lib/python3.10/site-packages/torchvision/models/_utils.py:223: UserWarning: Arguments other than a weight enum or `None` for 'weights' are deprecated since 0.13 and may be removed in the future. The current behavior is equivalent to passing `weights=EfficientNet_V2_S_Weights.IMAGENET1K_V1`. You can also use `weights=EfficientNet_V2_S_Weights.DEFAULT` to get the most up-to-date weights.
  warnings.warn(msg)
Loss (test): 6.1067
Accuracy (test): 0.9266
Recall (test): 0.9266
F1-Score (test): 0.9261
---------------------------------------------------------------------------
Ejecutando: cifar_70pct_effnetv2s_random2
---------------------------------------------------------------------------
False
Número total de imágenes en entrenamiento: 28000
Número total de imágenes en validación: 10000
Clases: ['airplane', 'automobile', 'bird', 'cat', 'deer', 'dog', 'frog', 'horse', 'ship', 'truck']
weights = None
[0, 1.580081582069397, nan, 0.7006999850273132, 0.7007000000000001, 0.6986546204440092, '03:15']
[1, 1.0680925846099854, nan, 0.8062000274658203, 0.8062000000000001, 0.8057030400242337, '02:34']
[2, 0.7317941784858704, nan, 0.8655999898910522, 0.8656, 0.8652159908567615, '02:35']
[3, 0.49363893270492554, nan, 0.9061999917030334, 0.9061999999999999, 0.9061196494678792, '02:35']
[4, 0.34637781977653503, 0.23631428182125092, 0.9352999925613403, 0.9353, 0.9352046478610182, '02:35']
[5, 0.2539956569671631, 0.1525278240442276, 0.95169997215271, 0.9517, 0.9516616453548179, '02:36']
[6, 0.2032695710659027, 0.12700483202934265, 0.9573000073432922, 0.9573, 0.9572404254114144, '02:36']
[7, 0.18002860248088837, 0.10701688379049301, 0.9634000062942505, 0.9634, 0.9634257598140415, '02:35']
[8, 0.1711755245923996, 0.10082940757274628, 0.9646999835968018, 0.9647, 0.9646837382804957, '02:35']
[9, 0.1484188586473465, 0.1068175658583641, 0.9678000211715698, 0.9677999999999999, 0.9677557782196491, '02:35']
[10, 0.12813609838485718, 0.247022807598114, 0.9682999849319458, 0.9682999999999999, 0.9682252355080803, '02:35']
[11, 0.11191321164369583, 0.08898439258337021, 0.9696000218391418, 0.9695999999999998, 0.9695731021915025, '02:35']
[12, 0.11192398518323898, 0.08602023869752884, 0.9711999893188477, 0.9712000000000002, 0.9711613986086896, '02:35']
[13, 0.08381514996290207, 0.08712755888700485, 0.9714999794960022, 0.9714999999999998, 0.971478241561097, '02:35']
[14, 0.08926498144865036, 0.08479201793670654, 0.9728000164031982, 0.9728, 0.972795000529546, '02:35']
[15, 0.07702221721410751, 0.08142680674791336, 0.9743000268936157, 0.9742999999999998, 0.9743107823050657, '02:35']
[16, 0.0675499215722084, 0.08170434087514877, 0.9735999703407288, 0.9736, 0.973567626196439, '02:36']
[17, 0.06994426995515823, 0.08004404604434967, 0.9753000140190125, 0.9753000000000001, 0.9752795411755283, '02:36']
[18, 0.06189896538853645, 0.08092311769723892, 0.9745000004768372, 0.9744999999999999, 0.974529017921307, '02:36']
[19, 0.06059788167476654, 0.08068603277206421, 0.975600004196167, 0.9755999999999998, 0.9755883485617616, '02:35']
[20, 0.05650205537676811, 0.07837092876434326, 0.9761000275611877, 0.9761000000000001, 0.9760982674452385, '02:35']
[21, 0.05672675743699074, 0.07939378172159195, 0.9760000109672546, 0.976, 0.9760014255608631, '02:35']
[22, 0.04409912973642349, 0.0805843323469162, 0.9757000207901001, 0.9757, 0.9757114637101679, '02:35']
[23, 0.04711397737264633, 0.07907380163669586, 0.9761999845504761, 0.9762000000000001, 0.9761787226272862, '02:35']
[24, 0.04284462332725525, 0.07825695723295212, 0.9763000011444092, 0.9763000000000002, 0.9762994455577496, '02:36']
[25, 0.03717033937573433, 0.0772351548075676, 0.9769999980926514, 0.977, 0.9769892128846459, '02:35']
[26, 0.04047473892569542, 0.07608528435230255, 0.9769999980926514, 0.977, 0.9769953883125322, '02:35']
[27, 0.039994608610868454, 0.07577819377183914, 0.9771000146865845, 0.9771000000000001, 0.9770978527121212, '02:35']
[28, 0.0443938784301281, 0.07715407013893127, 0.9768000245094299, 0.9767999999999999, 0.9768017554394441, '02:35']
[29, 0.03427932783961296, 0.07636994868516922, 0.9768000245094299, 0.9767999999999999, 0.9767882757445182, '02:36']

Tiempo de entrenamiento: 4709.99 segundos
/mnt/homeGPU/haoweihu/TFG/lib/python3.10/site-packages/fastai/learner.py:455: UserWarning: load_learner` uses Python's insecure pickle module, which can execute malicious arbitrary code when loading. Only load files you trust.
If you only need to load model weights and optimizer state, use the safe `Learner.load` instead.
  warn("load_learner` uses Python's insecure pickle module, which can execute malicious arbitrary code when loading. Only load files you trust.\nIf you only need to load model weights and optimizer state, use the safe `Learner.load` instead.")
Loss (valid): 0.0764
Accuracy (valid): 0.9768
Recall (valid): 0.9768
F1-Score (valid): 0.9768
/mnt/homeGPU/haoweihu/TFG/lib/python3.10/site-packages/torchvision/models/_utils.py:208: UserWarning: The parameter 'pretrained' is deprecated since 0.13 and may be removed in the future, please use 'weights' instead.
  warnings.warn(
/mnt/homeGPU/haoweihu/TFG/lib/python3.10/site-packages/torchvision/models/_utils.py:223: UserWarning: Arguments other than a weight enum or `None` for 'weights' are deprecated since 0.13 and may be removed in the future. The current behavior is equivalent to passing `weights=EfficientNet_V2_S_Weights.IMAGENET1K_V1`. You can also use `weights=EfficientNet_V2_S_Weights.DEFAULT` to get the most up-to-date weights.
  warnings.warn(msg)
Loss (test): 0.0885
Accuracy (test): 0.9747
Recall (test): 0.9747
F1-Score (test): 0.9747
---------------------------------------------------------------------------
Ejecutando: cifar_80pct_effnetv2s_random2
---------------------------------------------------------------------------
False
Número total de imágenes en entrenamiento: 32000
Número total de imágenes en validación: 10000
Clases: ['airplane', 'automobile', 'bird', 'cat', 'deer', 'dog', 'frog', 'horse', 'ship', 'truck']
weights = None
[0, 1.5157047510147095, nan, 0.7218999862670898, 0.7219, 0.720767424604756, '03:23']
[1, 1.0194134712219238, 0.596622109413147, 0.8133000135421753, 0.8132999999999999, 0.8129562161915121, '02:53']
[2, 0.6676235795021057, nan, 0.8745999932289124, 0.8745999999999998, 0.8742533036106229, '02:53']
[3, 0.4490210711956024, 0.2359207570552826, 0.9210000038146973, 0.921, 0.9208655820038392, '02:54']
[4, 0.30416637659072876, 0.18594971299171448, 0.9379000067710876, 0.9379000000000002, 0.9377852085370313, '02:57']
[5, 0.21264870464801788, nan, 0.9510999917984009, 0.9511, 0.9509597761185636, '02:54']
[6, 0.19056235253810883, nan, 0.9603999853134155, 0.9603999999999999, 0.9603604135105901, '02:54']
[7, 0.15840402245521545, 0.10172338783740997, 0.9667999744415283, 0.9667999999999999, 0.9668076271972804, '02:53']
[8, 0.14836043119430542, 0.0907561406493187, 0.9690999984741211, 0.9690999999999999, 0.9691089479626767, '02:53']
[9, 0.12847819924354553, 0.08466052263975143, 0.9717000126838684, 0.9716999999999999, 0.9716572227482045, '02:53']
[10, 0.10788765549659729, 0.08352196961641312, 0.9731000065803528, 0.9731000000000002, 0.9730779403725164, '02:55']
[11, 0.10144153237342834, 0.08279168605804443, 0.9735000133514404, 0.9734999999999999, 0.9735117203101236, '02:53']
[12, 0.10283968597650528, 0.08119174093008041, 0.9747999906539917, 0.9747999999999999, 0.9748026944584269, '02:53']
[13, 0.10357030481100082, 0.08039321005344391, 0.9746000170707703, 0.9746, 0.9745727282397756, '02:54']
[14, 0.08051807433366776, 0.07774312049150467, 0.9750000238418579, 0.975, 0.9749654159320726, '02:54']
[15, 0.08519246429204941, 0.0781724750995636, 0.9746999740600586, 0.9747, 0.9746958797507157, '02:55']
[16, 0.06987007707357407, 0.07296430319547653, 0.9772999882698059, 0.9773, 0.9772864133233178, '02:54']
[17, 0.06302855163812637, 0.07546188682317734, 0.9754999876022339, 0.9754999999999999, 0.9754901852357533, '02:53']
[18, 0.05867692455649376, 0.07851797342300415, 0.9761999845504761, 0.9761999999999998, 0.9761822603945062, '02:53']
[19, 0.05877774953842163, 0.07099439948797226, 0.9782000184059143, 0.9782, 0.978196027795919, '02:53']
[20, 0.052155543118715286, 0.07366441935300827, 0.9768999814987183, 0.9769, 0.976893706538721, '02:54']
[21, 0.05043952167034149, 0.07138868421316147, 0.9782999753952026, 0.9783000000000002, 0.9782848113607987, '02:54']
[22, 0.05164625868201256, 0.07167766988277435, 0.9778000116348267, 0.9777999999999999, 0.977776753639796, '02:54']
[23, 0.04826248064637184, 0.07200049608945847, 0.9764999747276306, 0.9765, 0.9765012976861159, '02:54']
[24, 0.03886914253234863, 0.07123216241598129, 0.9771000146865845, 0.9770999999999999, 0.9770846115549899, '02:54']
No improvement since epoch 19: early stopping

Tiempo de entrenamiento: 4386.19 segundos
/mnt/homeGPU/haoweihu/TFG/lib/python3.10/site-packages/fastai/learner.py:455: UserWarning: load_learner` uses Python's insecure pickle module, which can execute malicious arbitrary code when loading. Only load files you trust.
If you only need to load model weights and optimizer state, use the safe `Learner.load` instead.
  warn("load_learner` uses Python's insecure pickle module, which can execute malicious arbitrary code when loading. Only load files you trust.\nIf you only need to load model weights and optimizer state, use the safe `Learner.load` instead.")
Loss (valid): 0.0712
Accuracy (valid): 0.9771
Recall (valid): 0.9771
F1-Score (valid): 0.9771
/mnt/homeGPU/haoweihu/TFG/lib/python3.10/site-packages/torchvision/models/_utils.py:208: UserWarning: The parameter 'pretrained' is deprecated since 0.13 and may be removed in the future, please use 'weights' instead.
  warnings.warn(
/mnt/homeGPU/haoweihu/TFG/lib/python3.10/site-packages/torchvision/models/_utils.py:223: UserWarning: Arguments other than a weight enum or `None` for 'weights' are deprecated since 0.13 and may be removed in the future. The current behavior is equivalent to passing `weights=EfficientNet_V2_S_Weights.IMAGENET1K_V1`. You can also use `weights=EfficientNet_V2_S_Weights.DEFAULT` to get the most up-to-date weights.
  warnings.warn(msg)
Loss (test): 0.0859
Accuracy (test): 0.9749
Recall (test): 0.9749
F1-Score (test): 0.9748
---------------------------------------------------------------------------
Ejecutando: cifar_90pct_effnetv2s_random2
---------------------------------------------------------------------------
False
Número total de imágenes en entrenamiento: 36000
Número total de imágenes en validación: 10000
Clases: ['airplane', 'automobile', 'bird', 'cat', 'deer', 'dog', 'frog', 'horse', 'ship', 'truck']
weights = None
[0, 1.4502291679382324, nan, 0.7293999791145325, 0.7293999999999999, 0.7284975288599111, '04:36']
[1, 0.9745908975601196, nan, 0.8226000070571899, 0.8226000000000001, 0.8227422678180414, '03:12']
[2, 0.6173862814903259, nan, 0.8792999982833862, 0.8793, 0.8791068555119359, '03:12']
[3, 0.394609659910202, nan, 0.9192000031471252, 0.9192, 0.9192002113407621, '03:12']
[4, 0.2820434272289276, 0.18133342266082764, 0.9433000087738037, 0.9433, 0.943138255976035, '03:12']
[5, 0.2384820431470871, 0.1392362266778946, 0.9557999968528748, 0.9558, 0.9557499420761942, '03:12']
[6, 0.17839327454566956, 0.11673613637685776, 0.9617999792098999, 0.9618, 0.9617701025550707, '03:13']
[7, 0.15963274240493774, 0.10685523599386215, 0.9635999798774719, 0.9635999999999999, 0.9635626875611087, '03:12']
[8, 0.13543939590454102, 0.09568990767002106, 0.9688000082969666, 0.9687999999999999, 0.9687402579609365, '03:12']
[9, 0.11535665392875671, 0.10320865362882614, 0.9677000045776367, 0.9677, 0.9676978713460931, '03:12']
[10, 0.1157761663198471, 0.09153888374567032, 0.9708999991416931, 0.9709, 0.9709003806571305, '03:12']
[11, 0.10752777010202408, 0.08898907899856567, 0.9699000120162964, 0.9699, 0.969874609654328, '03:11']
[12, 0.10554858297109604, 0.08981174975633621, 0.9725000262260437, 0.9724999999999998, 0.9724287403418443, '03:11']
[13, 0.10522434860467911, 0.08537597954273224, 0.9743000268936157, 0.9743, 0.9742749353450343, '03:12']
[14, 0.07405134290456772, 0.1814156323671341, 0.9732999801635742, 0.9732999999999998, 0.9733136743171883, '03:13']
[15, 0.06938283890485764, 0.08960361778736115, 0.9714000225067139, 0.9714, 0.9713938519377134, '03:13']
[16, 0.06425700336694717, 0.08425475656986237, 0.974399983882904, 0.9743999999999999, 0.9744244554174022, '03:13']
[17, 0.05769665166735649, 0.0835203155875206, 0.9747999906539917, 0.9748000000000001, 0.9748100902224068, '03:12']
[18, 0.060958072543144226, 0.08305343240499496, 0.9757999777793884, 0.9758000000000001, 0.9757735571910116, '03:12']
[19, 0.05879133194684982, 0.08008698374032974, 0.9757999777793884, 0.9758000000000001, 0.9758011845850507, '03:13']
[20, 0.05009804293513298, 0.12686051428318024, 0.9757000207901001, 0.9757, 0.975698056071342, '03:14']
[21, 0.05780089274048805, 0.08139820396900177, 0.9761999845504761, 0.9762000000000001, 0.976181616327616, '03:14']
[22, 0.04047480225563049, 0.084103524684906, 0.9768999814987183, 0.9769, 0.9768909008067432, '03:12']
[23, 0.048751600086688995, 0.08391795307397842, 0.9771999716758728, 0.9772000000000001, 0.9771914358505537, '03:12']
[24, 0.04379040375351906, 0.10419657081365585, 0.9771000146865845, 0.9771000000000001, 0.9771025298543947, '03:13']
No improvement since epoch 19: early stopping

Tiempo de entrenamiento: 4904.17 segundos
/mnt/homeGPU/haoweihu/TFG/lib/python3.10/site-packages/fastai/learner.py:455: UserWarning: load_learner` uses Python's insecure pickle module, which can execute malicious arbitrary code when loading. Only load files you trust.
If you only need to load model weights and optimizer state, use the safe `Learner.load` instead.
  warn("load_learner` uses Python's insecure pickle module, which can execute malicious arbitrary code when loading. Only load files you trust.\nIf you only need to load model weights and optimizer state, use the safe `Learner.load` instead.")
Loss (valid): 0.1042
Accuracy (valid): 0.9771
Recall (valid): 0.9771
F1-Score (valid): 0.9771
Loss (test): 0.1468
Accuracy (test): 0.9749
Recall (test): 0.9749
F1-Score (test): 0.9749
mail: cannot send message: Process exited with a non-zero status
