/mnt/homeGPU/haoweihu/TFG/lib/python3.10/site-packages/torchvision/models/_utils.py:208: UserWarning: The parameter 'pretrained' is deprecated since 0.13 and may be removed in the future, please use 'weights' instead.
  warnings.warn(
/mnt/homeGPU/haoweihu/TFG/lib/python3.10/site-packages/torchvision/models/_utils.py:223: UserWarning: Arguments other than a weight enum or `None` for 'weights' are deprecated since 0.13 and may be removed in the future. The current behavior is equivalent to passing `weights=EfficientNet_V2_S_Weights.IMAGENET1K_V1`. You can also use `weights=EfficientNet_V2_S_Weights.DEFAULT` to get the most up-to-date weights.
  warnings.warn(msg)
---------------------------------------------------------------------------
Ejecutando: fmnist_10pct_effnetv2s_quant
---------------------------------------------------------------------------
False
Número total de imágenes en entrenamiento: 4800
Número total de imágenes en validación: 12000
Clases: ['Ankle boot', 'Bag', 'Coat', 'Dress', 'Pullover', 'Sandal', 'Shirt', 'Sneaker', 'T-shirt', 'Trouser']
weights = None
[0, 2.9432144165039062, 1.8233461380004883, 0.3777500092983246, 0.37775000000000003, 0.3408228651521348, '01:21']
[1, 2.2462055683135986, 1.2696824073791504, 0.5564166903495789, 0.5564166666666667, 0.5372144296941377, '01:13']
[2, 1.748884916305542, 1.010228157043457, 0.659416675567627, 0.6594166666666667, 0.6490439990439575, '01:14']
[3, 1.4403107166290283, 0.9227221608161926, 0.6819166541099548, 0.6819166666666667, 0.6789899037467724, '01:14']
[4, 1.249244213104248, 0.8501219153404236, 0.7074999809265137, 0.7075, 0.7076202213729543, '01:15']
[5, 1.1270124912261963, 0.7880288362503052, 0.7179166674613953, 0.7179166666666666, 0.7202738265724498, '01:14']
[6, 0.9628594517707825, 0.7211691737174988, 0.7409166693687439, 0.7409166666666667, 0.7435943929675888, '01:16']
[7, 0.882201611995697, 0.6923349499702454, 0.7444166541099548, 0.7444166666666667, 0.7424484854672867, '01:14']
[8, 0.7990109324455261, 0.6326342225074768, 0.7672500014305115, 0.76725, 0.7683831640405818, '01:14']
[9, 0.7503572106361389, 0.6173410415649414, 0.7725833058357239, 0.7725833333333334, 0.7691358700779307, '01:17']
[10, 0.6813380718231201, 0.6051831245422363, 0.7751666903495789, 0.7751666666666667, 0.7667995927855802, '01:15']
[11, 0.6492639780044556, 0.5770823359489441, 0.7861666679382324, 0.7861666666666667, 0.7846135905783435, '01:15']
[12, 0.6304144263267517, 0.548103392124176, 0.793833315372467, 0.7938333333333333, 0.7910385306195858, '01:16']
[13, 0.582105815410614, 0.5457450151443481, 0.7954999804496765, 0.7955, 0.7879890044280742, '01:16']
[14, 0.5660915970802307, 0.5239660143852234, 0.8050833344459534, 0.8050833333333334, 0.804406290257566, '01:19']
[15, 0.5484158992767334, 0.5269201397895813, 0.8036666512489319, 0.8036666666666665, 0.802811682315709, '01:16']
[16, 0.5150232911109924, 0.5166890621185303, 0.8072500228881836, 0.80725, 0.8058745159832765, '01:15']
[17, 0.49681147933006287, 0.4968158006668091, 0.8142499923706055, 0.81425, 0.8142057221180329, '01:17']
[18, 0.49670878052711487, 0.48755502700805664, 0.8188333511352539, 0.8188333333333333, 0.8172843749501413, '01:17']
[19, 0.4768524169921875, 0.4900314211845398, 0.8190833330154419, 0.8190833333333334, 0.8189108724817243, '01:16']
[20, 0.4649491310119629, 0.49226680397987366, 0.8151666522026062, 0.8151666666666667, 0.8137454107548701, '01:18']
[21, 0.44864633679389954, 0.4774729907512665, 0.8240000009536743, 0.8240000000000001, 0.8229921928438435, '01:15']
[22, 0.4348307251930237, 0.4733220636844635, 0.8240000009536743, 0.8239999999999998, 0.823981544568885, '01:16']
[23, 0.41420894861221313, 0.46851038932800293, 0.8273333311080933, 0.8273333333333334, 0.8278362737790073, '01:19']
[24, 0.4251256585121155, 0.4708232283592224, 0.8267499804496765, 0.82675, 0.8269242651017791, '01:16']
[25, 0.4126942753791809, 0.46421414613723755, 0.8290833234786987, 0.8290833333333334, 0.8296930395588211, '01:16']
[26, 0.41265183687210083, 0.46608442068099976, 0.8290833234786987, 0.8290833333333334, 0.8288980972824392, '01:17']
[27, 0.41438111662864685, 0.4651099145412445, 0.8288333415985107, 0.8288333333333332, 0.829472962195568, '01:16']
[28, 0.4027358293533325, 0.46682482957839966, 0.828000009059906, 0.8280000000000001, 0.8280329210190086, '01:17']
[29, 0.41694095730781555, 0.46214190125465393, 0.8309166431427002, 0.8309166666666666, 0.8311895000344226, '01:14']

Tiempo de entrenamiento: 2294.89 segundos
/mnt/homeGPU/haoweihu/TFG/lib/python3.10/site-packages/fastai/learner.py:455: UserWarning: load_learner` uses Python's insecure pickle module, which can execute malicious arbitrary code when loading. Only load files you trust.
If you only need to load model weights and optimizer state, use the safe `Learner.load` instead.
  warn("load_learner` uses Python's insecure pickle module, which can execute malicious arbitrary code when loading. Only load files you trust.\nIf you only need to load model weights and optimizer state, use the safe `Learner.load` instead.")
Loss (valid): 0.4621
Accuracy (valid): 0.8309
Recall (valid): 0.8309
F1-Score (valid): 0.8312
/mnt/homeGPU/haoweihu/TFG/lib/python3.10/site-packages/torchvision/models/_utils.py:208: UserWarning: The parameter 'pretrained' is deprecated since 0.13 and may be removed in the future, please use 'weights' instead.
  warnings.warn(
/mnt/homeGPU/haoweihu/TFG/lib/python3.10/site-packages/torchvision/models/_utils.py:223: UserWarning: Arguments other than a weight enum or `None` for 'weights' are deprecated since 0.13 and may be removed in the future. The current behavior is equivalent to passing `weights=EfficientNet_V2_S_Weights.IMAGENET1K_V1`. You can also use `weights=EfficientNet_V2_S_Weights.DEFAULT` to get the most up-to-date weights.
  warnings.warn(msg)
Loss (test): 3.0415
Accuracy (test): 0.6539
Recall (test): 0.6538
F1-Score (test): 0.6534
---------------------------------------------------------------------------
Ejecutando: fmnist_20pct_effnetv2s_quant
---------------------------------------------------------------------------
False
Número total de imágenes en entrenamiento: 9600
Número total de imágenes en validación: 12000
Clases: ['Ankle boot', 'Bag', 'Coat', 'Dress', 'Pullover', 'Sandal', 'Shirt', 'Sneaker', 'T-shirt', 'Trouser']
weights = None
[0, 2.4891200065612793, 1.405194878578186, 0.5049166679382324, 0.5049166666666667, 0.4979480787993712, '01:40']
[1, 1.7601968050003052, 1.0697779655456543, 0.6366666555404663, 0.6366666666666667, 0.6239100629630234, '01:40']
[2, 1.3973058462142944, 0.9651435613632202, 0.6668333411216736, 0.6668333333333333, 0.6573996891476332, '01:40']
[3, 1.1252084970474243, 0.8254204988479614, 0.7125833630561829, 0.7125833333333333, 0.7078727155480531, '01:39']
[4, 0.986476480960846, 0.7372692823410034, 0.7364166378974915, 0.7364166666666667, 0.7365769358936423, '01:40']
[5, 0.8526596426963806, 0.6639014482498169, 0.7553333044052124, 0.7553333333333333, 0.7515406294311405, '01:41']
[6, 0.7782222628593445, 0.5934220552444458, 0.7759166955947876, 0.7759166666666667, 0.7732119312012911, '01:36']
[7, 0.6846804618835449, 0.5890964269638062, 0.778333306312561, 0.7783333333333333, 0.7696645566781217, '01:41']
[8, 0.6410197615623474, 0.5275026559829712, 0.8008333444595337, 0.8008333333333333, 0.7984947364076143, '01:40']
[9, 0.5937982797622681, 0.48749759793281555, 0.8138333559036255, 0.8138333333333334, 0.8119412070497403, '01:40']
[10, 0.5414677858352661, 0.464610755443573, 0.825083315372467, 0.8250833333333334, 0.8259509639214825, '01:42']
[11, 0.5067503452301025, 0.4508945643901825, 0.8292499780654907, 0.82925, 0.8288020494711932, '01:41']
[12, 0.4877103567123413, 0.4379405975341797, 0.8349999785423279, 0.835, 0.8351776659379679, '01:41']
[13, 0.4793533384799957, 0.43095773458480835, 0.8328333497047424, 0.8328333333333333, 0.8313930636861198, '01:43']
[14, 0.45322510600090027, 0.41971415281295776, 0.8422499895095825, 0.8422499999999999, 0.8402965071247784, '01:44']
[15, 0.43080994486808777, 0.40887752175331116, 0.8432499766349792, 0.84325, 0.8430748474554711, '01:46']
[16, 0.415744423866272, 0.40230289101600647, 0.8483333587646484, 0.8483333333333333, 0.8486332885804628, '01:44']
[17, 0.4173440933227539, 0.4015718996524811, 0.8454999923706055, 0.8455, 0.8440890301995667, '01:45']
[18, 0.39531266689300537, 0.3831110894680023, 0.8525000214576721, 0.8525, 0.8513865215495816, '01:44']
[19, 0.3870312571525574, 0.3884935975074768, 0.8532500267028809, 0.8532499999999998, 0.852851164018479, '01:43']
[20, 0.36599108576774597, 0.38608109951019287, 0.8544166684150696, 0.8544166666666667, 0.8534077895998644, '01:43']
[21, 0.3655749559402466, 0.38611096143722534, 0.8540833592414856, 0.8540833333333333, 0.8529664002767445, '01:42']
[22, 0.35643792152404785, 0.38642239570617676, 0.8552500009536743, 0.8552500000000001, 0.854612726145195, '01:42']
[23, 0.35182031989097595, 0.3802751898765564, 0.8581666946411133, 0.8581666666666667, 0.8584255882198446, '01:42']
[24, 0.34640538692474365, 0.3775324821472168, 0.8604166507720947, 0.8604166666666668, 0.8602273425273166, '01:42']
[25, 0.3357362747192383, 0.37812361121177673, 0.859333336353302, 0.8593333333333334, 0.8581525763627702, '01:42']
[26, 0.3378136456012726, 0.3804056942462921, 0.8583333492279053, 0.8583333333333334, 0.8572784671926049, '01:42']
[27, 0.3296821713447571, 0.3787509500980377, 0.8598333597183228, 0.8598333333333332, 0.8590599313303906, '01:42']
[28, 0.3361377418041229, 0.37658870220184326, 0.8605833053588867, 0.8605833333333333, 0.8598658715474347, '01:41']
[29, 0.3421143591403961, 0.37910008430480957, 0.8599166870117188, 0.8599166666666667, 0.8591807806138639, '01:44']

Tiempo de entrenamiento: 3065.83 segundos
/mnt/homeGPU/haoweihu/TFG/lib/python3.10/site-packages/fastai/learner.py:455: UserWarning: load_learner` uses Python's insecure pickle module, which can execute malicious arbitrary code when loading. Only load files you trust.
If you only need to load model weights and optimizer state, use the safe `Learner.load` instead.
  warn("load_learner` uses Python's insecure pickle module, which can execute malicious arbitrary code when loading. Only load files you trust.\nIf you only need to load model weights and optimizer state, use the safe `Learner.load` instead.")
Loss (valid): 0.3791
Accuracy (valid): 0.8599
Recall (valid): 0.8599
F1-Score (valid): 0.8592
/mnt/homeGPU/haoweihu/TFG/lib/python3.10/site-packages/torchvision/models/_utils.py:208: UserWarning: The parameter 'pretrained' is deprecated since 0.13 and may be removed in the future, please use 'weights' instead.
  warnings.warn(
/mnt/homeGPU/haoweihu/TFG/lib/python3.10/site-packages/torchvision/models/_utils.py:223: UserWarning: Arguments other than a weight enum or `None` for 'weights' are deprecated since 0.13 and may be removed in the future. The current behavior is equivalent to passing `weights=EfficientNet_V2_S_Weights.IMAGENET1K_V1`. You can also use `weights=EfficientNet_V2_S_Weights.DEFAULT` to get the most up-to-date weights.
  warnings.warn(msg)
Loss (test): 2.9761
Accuracy (test): 0.6761
Recall (test): 0.6761
F1-Score (test): 0.6765
---------------------------------------------------------------------------
Ejecutando: fmnist_30pct_effnetv2s_quant
---------------------------------------------------------------------------
False
Número total de imágenes en entrenamiento: 14400
Número total de imágenes en validación: 12000
Clases: ['Ankle boot', 'Bag', 'Coat', 'Dress', 'Pullover', 'Sandal', 'Shirt', 'Sneaker', 'T-shirt', 'Trouser']
weights = None
[0, 2.1016814708709717, 1.2695780992507935, 0.5514166951179504, 0.5514166666666667, 0.5406832126984875, '02:06']
[1, 1.500819206237793, 0.9813551306724548, 0.6576666831970215, 0.6576666666666667, 0.6512426413298075, '02:07']
[2, 1.2037982940673828, 0.8307247161865234, 0.7020833492279053, 0.7020833333333333, 0.6990527157135966, '02:08']
[3, 0.9902306795120239, 0.740461528301239, 0.7362499833106995, 0.73625, 0.7309889704471216, '02:07']
[4, 0.8134252429008484, 0.6820346117019653, 0.7448333501815796, 0.7448333333333333, 0.7463204543598351, '02:07']
[5, 0.6991838216781616, 0.5817767977714539, 0.7791666388511658, 0.7791666666666666, 0.7762579018835536, '02:07']
[6, 0.6134882569313049, 0.5201766490936279, 0.8028333187103271, 0.8028333333333334, 0.8024259103121244, '02:06']
[7, 0.5539825558662415, 0.49606287479400635, 0.8065833449363708, 0.8065833333333334, 0.8010715963639761, '02:09']
[8, 0.5139574408531189, 0.45241132378578186, 0.824999988079071, 0.825, 0.8246123309045125, '02:09']
[9, 0.4903932511806488, 0.4512147903442383, 0.8269166946411133, 0.8269166666666667, 0.8256436637946984, '02:06']
[10, 0.45812997221946716, 0.40673282742500305, 0.8472499847412109, 0.8472500000000001, 0.8476296343688325, '02:04']
[11, 0.4358981251716614, 0.40392646193504333, 0.8471666574478149, 0.8471666666666666, 0.8461033510990754, '02:03']
[12, 0.42328178882598877, 0.39716511964797974, 0.8497499823570251, 0.84975, 0.8491803277461833, '02:05']
[13, 0.40910443663597107, 0.36968812346458435, 0.8627499938011169, 0.8627500000000001, 0.8621712287519729, '02:04']
[14, 0.3845762312412262, 0.37393999099731445, 0.8606666922569275, 0.8606666666666666, 0.8605029807984538, '02:05']
[15, 0.3804890513420105, 0.3644580841064453, 0.8644166588783264, 0.8644166666666667, 0.8645572804937809, '02:05']
[16, 0.36167284846305847, 0.3535737991333008, 0.8709999918937683, 0.8709999999999999, 0.8702017633782793, '02:06']
[17, 0.3665461838245392, 0.35754814743995667, 0.8684999942779541, 0.8684999999999998, 0.8682160852543197, '02:08']
[18, 0.3475330173969269, 0.3501673936843872, 0.8695833086967468, 0.8695833333333333, 0.868577724216259, '02:08']
[19, 0.3429635167121887, 0.3455950617790222, 0.874916672706604, 0.8749166666666668, 0.8745354824316699, '02:09']
[20, 0.3361380100250244, 0.34199532866477966, 0.875166654586792, 0.8751666666666666, 0.8751813362023745, '02:09']
[21, 0.3351592421531677, 0.34183451533317566, 0.8755833506584167, 0.8755833333333334, 0.8750686810462323, '02:08']
[22, 0.3146493434906006, 0.3389837145805359, 0.8772500157356262, 0.8772500000000001, 0.8766738869040978, '02:08']
[23, 0.30308493971824646, 0.3393069803714752, 0.878333330154419, 0.8783333333333333, 0.8776672448145371, '02:09']
[24, 0.29293742775917053, 0.33766984939575195, 0.8784999847412109, 0.8785000000000001, 0.8782561935662141, '02:09']
[25, 0.30813267827033997, 0.3366857171058655, 0.8802499771118164, 0.88025, 0.8799508410178694, '02:09']
[26, 0.3094586133956909, 0.33408281207084656, 0.8794999718666077, 0.8795, 0.8790265011301296, '02:06']
[27, 0.29893267154693604, 0.3347342610359192, 0.8797500133514404, 0.8797499999999999, 0.8795123502701514, '02:09']
[28, 0.31480905413627625, 0.33545276522636414, 0.8785833120346069, 0.8785833333333333, 0.8780015777769314, '02:08']
[29, 0.3147850036621094, 0.3360646665096283, 0.8801666498184204, 0.8801666666666668, 0.8794953907399939, '02:09']

Tiempo de entrenamiento: 3828.65 segundos
/mnt/homeGPU/haoweihu/TFG/lib/python3.10/site-packages/fastai/learner.py:455: UserWarning: load_learner` uses Python's insecure pickle module, which can execute malicious arbitrary code when loading. Only load files you trust.
If you only need to load model weights and optimizer state, use the safe `Learner.load` instead.
  warn("load_learner` uses Python's insecure pickle module, which can execute malicious arbitrary code when loading. Only load files you trust.\nIf you only need to load model weights and optimizer state, use the safe `Learner.load` instead.")
Loss (valid): 0.3361
Accuracy (valid): 0.8802
Recall (valid): 0.8802
F1-Score (valid): 0.8795
/mnt/homeGPU/haoweihu/TFG/lib/python3.10/site-packages/torchvision/models/_utils.py:208: UserWarning: The parameter 'pretrained' is deprecated since 0.13 and may be removed in the future, please use 'weights' instead.
  warnings.warn(
/mnt/homeGPU/haoweihu/TFG/lib/python3.10/site-packages/torchvision/models/_utils.py:223: UserWarning: Arguments other than a weight enum or `None` for 'weights' are deprecated since 0.13 and may be removed in the future. The current behavior is equivalent to passing `weights=EfficientNet_V2_S_Weights.IMAGENET1K_V1`. You can also use `weights=EfficientNet_V2_S_Weights.DEFAULT` to get the most up-to-date weights.
  warnings.warn(msg)
Loss (test): 3.0873
Accuracy (test): 0.6910
Recall (test): 0.6910
F1-Score (test): 0.6924
---------------------------------------------------------------------------
Ejecutando: fmnist_40pct_effnetv2s_quant
---------------------------------------------------------------------------
False
Número total de imágenes en entrenamiento: 19200
Número total de imágenes en validación: 12000
Clases: ['Ankle boot', 'Bag', 'Coat', 'Dress', 'Pullover', 'Sandal', 'Shirt', 'Sneaker', 'T-shirt', 'Trouser']
weights = None
[0, 1.8943462371826172, 1.119674563407898, 0.596666693687439, 0.5966666666666667, 0.5882668603930548, '02:29']
[1, 1.3784565925598145, 0.8689098954200745, 0.6892499923706055, 0.68925, 0.6878897111067932, '02:29']
[2, 1.1288411617279053, 0.7715036869049072, 0.718833327293396, 0.7188333333333334, 0.7184233298345184, '02:28']
[3, 0.9381064772605896, 0.6530426144599915, 0.7584166526794434, 0.7584166666666666, 0.7527351040524641, '02:29']
[4, 0.7330411076545715, 0.5940647721290588, 0.777916669845581, 0.7779166666666667, 0.7727129883732153, '02:29']
[5, 0.6658982038497925, 0.500673770904541, 0.812333345413208, 0.8123333333333334, 0.8111483633595137, '02:28']
[6, 0.5866072773933411, 0.44609835743904114, 0.8303333520889282, 0.8303333333333333, 0.829350570695724, '02:30']
[7, 0.5171699523925781, 0.42970630526542664, 0.831166684627533, 0.8311666666666667, 0.829078273500442, '02:30']
[8, 0.5092508792877197, 0.39655691385269165, 0.8478333353996277, 0.8478333333333333, 0.8487991803399508, '02:29']
[9, 0.4775913953781128, 0.3786088824272156, 0.856166660785675, 0.8561666666666665, 0.854625785560813, '02:30']
[10, 0.45718079805374146, 0.3592388927936554, 0.8635833263397217, 0.8635833333333334, 0.8615036672482898, '02:28']
[11, 0.43023648858070374, 0.33858704566955566, 0.8713333606719971, 0.8713333333333333, 0.8709625066900137, '02:29']
[12, 0.39226508140563965, 0.33419719338417053, 0.8744999766349792, 0.8745, 0.8737366192341842, '02:30']
[13, 0.3844805657863617, 0.33410024642944336, 0.8732500076293945, 0.87325, 0.8727868503232334, '02:29']
[14, 0.38181012868881226, 0.3241855204105377, 0.8765833377838135, 0.8765833333333333, 0.8766748511499939, '02:29']
[15, 0.3626249134540558, 0.3284222185611725, 0.877916693687439, 0.8779166666666665, 0.8766669993464072, '02:28']
[16, 0.3642413020133972, 0.31313103437423706, 0.8847500085830688, 0.88475, 0.884766294713056, '02:29']
[17, 0.33897724747657776, 0.3070782423019409, 0.8843333125114441, 0.8843333333333334, 0.8844413865915481, '02:30']
[18, 0.33136919140815735, 0.3054061532020569, 0.8849166631698608, 0.8849166666666667, 0.8847032122573408, '02:28']
[19, 0.319553405046463, 0.29532796144485474, 0.8916666507720947, 0.8916666666666668, 0.8915932173804111, '02:28']
[20, 0.3273608088493347, 0.3014776110649109, 0.8868333101272583, 0.8868333333333333, 0.8875064855048921, '02:27']
[21, 0.3091066777706146, 0.29625871777534485, 0.8910833597183228, 0.8910833333333334, 0.8910684887558233, '02:31']
[22, 0.31590893864631653, 0.2974768579006195, 0.887666642665863, 0.8876666666666667, 0.8880537914197989, '02:30']
[23, 0.2933792173862457, 0.2951540946960449, 0.89041668176651, 0.8904166666666665, 0.8905994903484593, '02:34']
[24, 0.3046179711818695, 0.29315048456192017, 0.890666663646698, 0.8906666666666666, 0.890675867202207, '02:31']
[25, 0.2906370162963867, 0.2934439778327942, 0.890916645526886, 0.8909166666666668, 0.8912910102853149, '02:33']
[26, 0.30030372738838196, 0.29164543747901917, 0.893750011920929, 0.89375, 0.8936762467713152, '02:35']
[27, 0.30591273307800293, 0.29188668727874756, 0.8923333287239075, 0.8923333333333332, 0.8921668236035482, '02:34']
[28, 0.28313902020454407, 0.2915387451648712, 0.8930833339691162, 0.8930833333333332, 0.8931713563745809, '02:34']
[29, 0.28867074847221375, 0.2915639579296112, 0.8923333287239075, 0.8923333333333334, 0.8925108387749349, '02:31']

Tiempo de entrenamiento: 4512.52 segundos
/mnt/homeGPU/haoweihu/TFG/lib/python3.10/site-packages/fastai/learner.py:455: UserWarning: load_learner` uses Python's insecure pickle module, which can execute malicious arbitrary code when loading. Only load files you trust.
If you only need to load model weights and optimizer state, use the safe `Learner.load` instead.
  warn("load_learner` uses Python's insecure pickle module, which can execute malicious arbitrary code when loading. Only load files you trust.\nIf you only need to load model weights and optimizer state, use the safe `Learner.load` instead.")
Loss (valid): 0.2916
Accuracy (valid): 0.8923
Recall (valid): 0.8923
F1-Score (valid): 0.8925
/mnt/homeGPU/haoweihu/TFG/lib/python3.10/site-packages/torchvision/models/_utils.py:208: UserWarning: The parameter 'pretrained' is deprecated since 0.13 and may be removed in the future, please use 'weights' instead.
  warnings.warn(
/mnt/homeGPU/haoweihu/TFG/lib/python3.10/site-packages/torchvision/models/_utils.py:223: UserWarning: Arguments other than a weight enum or `None` for 'weights' are deprecated since 0.13 and may be removed in the future. The current behavior is equivalent to passing `weights=EfficientNet_V2_S_Weights.IMAGENET1K_V1`. You can also use `weights=EfficientNet_V2_S_Weights.DEFAULT` to get the most up-to-date weights.
  warnings.warn(msg)
Loss (test): 3.0317
Accuracy (test): 0.6988
Recall (test): 0.6989
F1-Score (test): 0.6984
---------------------------------------------------------------------------
Ejecutando: fmnist_50pct_effnetv2s_quant
---------------------------------------------------------------------------
False
Número total de imágenes en entrenamiento: 24000
Número total de imágenes en validación: 12000
Clases: ['Ankle boot', 'Bag', 'Coat', 'Dress', 'Pullover', 'Sandal', 'Shirt', 'Sneaker', 'T-shirt', 'Trouser']
weights = None
[0, 1.8055258989334106, 1.1388922929763794, 0.5973333120346069, 0.5973333333333334, 0.5886247824720001, '02:52']
[1, 1.3081912994384766, 0.8873862028121948, 0.6865833401679993, 0.6865833333333334, 0.6829668090166401, '02:51']
[2, 1.0533496141433716, 0.7229935526847839, 0.73458331823349, 0.7345833333333334, 0.7335003073263442, '02:53']
[3, 0.8424263000488281, 0.6177442073822021, 0.7732499837875366, 0.7732500000000001, 0.771713354053001, '02:52']
[4, 0.6882655024528503, 0.5263996124267578, 0.7992500066757202, 0.79925, 0.800332824729626, '02:50']
[5, 0.6058326959609985, 0.47894087433815, 0.8190833330154419, 0.8190833333333334, 0.8198123382453744, '02:50']
[6, 0.5317952632904053, 0.41346439719200134, 0.8418333530426025, 0.8418333333333333, 0.8394466444533009, '02:54']
[7, 0.5277764201164246, 0.39862820506095886, 0.8481666445732117, 0.8481666666666667, 0.8473653006505781, '02:54']
[8, 0.45554447174072266, 0.38252905011177063, 0.8567500114440918, 0.8567500000000001, 0.8565277215960329, '02:55']
[9, 0.42134714126586914, 0.3557250201702118, 0.8694999814033508, 0.8695, 0.869835620276217, '02:55']
[10, 0.4085307717323303, 0.3461470603942871, 0.8761666417121887, 0.8761666666666666, 0.8753883867119912, '02:57']
[11, 0.39119890332221985, 0.33645230531692505, 0.8784999847412109, 0.8785000000000001, 0.8787723207122806, '02:57']
[12, 0.38086333870887756, 0.3304991126060486, 0.8802499771118164, 0.8802499999999999, 0.8800966442110733, '02:54']
[13, 0.3749590516090393, 0.32875582575798035, 0.8826666474342346, 0.8826666666666666, 0.8822036476218429, '02:53']
[14, 0.34789201617240906, 0.3295042812824249, 0.8860833048820496, 0.8860833333333333, 0.8850930447613272, '02:54']
[15, 0.34624263644218445, 0.31734251976013184, 0.887416660785675, 0.8874166666666667, 0.8868794274167625, '02:51']
[16, 0.33268508315086365, 0.3087719678878784, 0.8930833339691162, 0.8930833333333332, 0.8921518193152684, '02:53']
[17, 0.31571099162101746, 0.31137022376060486, 0.8912500143051147, 0.8912500000000001, 0.8910969372787522, '02:54']
[18, 0.33151301741600037, 0.30398985743522644, 0.8924999833106995, 0.8925000000000001, 0.892238950179227, '02:54']
[19, 0.30823007225990295, 0.30554869771003723, 0.8920833468437195, 0.8920833333333332, 0.8914730248607226, '02:55']
[20, 0.3106805682182312, 0.30630940198898315, 0.8922500014305115, 0.89225, 0.8916520584001427, '02:53']
[21, 0.2922511696815491, 0.29875513911247253, 0.8950833082199097, 0.8950833333333333, 0.8949705163708085, '02:53']
[22, 0.27323219180107117, 0.302646279335022, 0.8930833339691162, 0.8930833333333335, 0.8926166014891471, '02:54']
[23, 0.29268258810043335, 0.2985483705997467, 0.8954166769981384, 0.8954166666666665, 0.8951913796210418, '02:54']
[24, 0.2861037254333496, 0.29596829414367676, 0.8963333368301392, 0.8963333333333333, 0.896220366581464, '02:54']
[25, 0.265930712223053, 0.2952134311199188, 0.8958333134651184, 0.8958333333333333, 0.8955795379448126, '02:54']
[26, 0.2824096977710724, 0.2969953417778015, 0.8958333134651184, 0.8958333333333333, 0.8954445962489501, '02:53']
[27, 0.28538721799850464, 0.2964359223842621, 0.8964999914169312, 0.8965, 0.8962690501054797, '02:58']
[28, 0.2649354040622711, 0.2952392101287842, 0.8959166407585144, 0.8959166666666668, 0.8956870434549833, '02:56']
[29, 0.2680533826351166, 0.2963733375072479, 0.8951666951179504, 0.8951666666666667, 0.8947606532381581, '02:58']

Tiempo de entrenamiento: 5231.79 segundos
/mnt/homeGPU/haoweihu/TFG/lib/python3.10/site-packages/fastai/learner.py:455: UserWarning: load_learner` uses Python's insecure pickle module, which can execute malicious arbitrary code when loading. Only load files you trust.
If you only need to load model weights and optimizer state, use the safe `Learner.load` instead.
  warn("load_learner` uses Python's insecure pickle module, which can execute malicious arbitrary code when loading. Only load files you trust.\nIf you only need to load model weights and optimizer state, use the safe `Learner.load` instead.")
Loss (valid): 0.2964
Accuracy (valid): 0.8952
Recall (valid): 0.8952
F1-Score (valid): 0.8948
/mnt/homeGPU/haoweihu/TFG/lib/python3.10/site-packages/torchvision/models/_utils.py:208: UserWarning: The parameter 'pretrained' is deprecated since 0.13 and may be removed in the future, please use 'weights' instead.
  warnings.warn(
/mnt/homeGPU/haoweihu/TFG/lib/python3.10/site-packages/torchvision/models/_utils.py:223: UserWarning: Arguments other than a weight enum or `None` for 'weights' are deprecated since 0.13 and may be removed in the future. The current behavior is equivalent to passing `weights=EfficientNet_V2_S_Weights.IMAGENET1K_V1`. You can also use `weights=EfficientNet_V2_S_Weights.DEFAULT` to get the most up-to-date weights.
  warnings.warn(msg)
Loss (test): 3.2606
Accuracy (test): 0.7032
Recall (test): 0.7031
F1-Score (test): 0.7049
---------------------------------------------------------------------------
Ejecutando: fmnist_60pct_effnetv2s_quant
---------------------------------------------------------------------------
False
Número total de imágenes en entrenamiento: 28800
Número total de imágenes en validación: 12000
Clases: ['Ankle boot', 'Bag', 'Coat', 'Dress', 'Pullover', 'Sandal', 'Shirt', 'Sneaker', 'T-shirt', 'Trouser']
weights = None
[0, 1.6769311428070068, 1.070277214050293, 0.6278333067893982, 0.6278333333333334, 0.6200907359018957, '03:19']
[1, 1.2020896673202515, 0.86786288022995, 0.6914166808128357, 0.6914166666666667, 0.689867509573792, '03:20']
[2, 0.9586856365203857, 0.6960511207580566, 0.7453333139419556, 0.7453333333333333, 0.7444106501939767, '03:20']
[3, 0.7430616617202759, 0.6229787468910217, 0.7672500014305115, 0.7672500000000001, 0.7665790588030423, '03:18']
[4, 0.6351187825202942, 0.509574294090271, 0.8080000281333923, 0.8080000000000002, 0.8068926317452592, '03:20']
[5, 0.5427573323249817, 0.45778462290763855, 0.8233333230018616, 0.8233333333333335, 0.8212042910851126, '03:20']
[6, 0.49587467312812805, 0.4127829968929291, 0.8464166522026062, 0.8464166666666667, 0.8445562471899126, '03:17']
[7, 0.4412279725074768, 0.3841252028942108, 0.8571666479110718, 0.8571666666666665, 0.8574367466658421, '03:18']
[8, 0.436985582113266, 0.37886345386505127, 0.8550000190734863, 0.8549999999999999, 0.8522756121269683, '03:21']
[9, 0.40834730863571167, 0.3441081941127777, 0.8714166879653931, 0.8714166666666665, 0.8707536718239226, '03:19']
[10, 0.38370510935783386, 0.33882105350494385, 0.8733333349227905, 0.8733333333333333, 0.8711178963555628, '03:18']
[11, 0.36849716305732727, 0.3234901428222656, 0.8805000185966492, 0.8805, 0.881436197464533, '03:19']
[12, 0.3484777808189392, 0.32293298840522766, 0.8820833563804626, 0.8820833333333333, 0.8821559075687453, '03:20']
[13, 0.3425881564617157, 0.31708747148513794, 0.8834999799728394, 0.8835, 0.8828001488775277, '03:20']
[14, 0.33604681491851807, 0.3127794563770294, 0.8845833539962769, 0.8845833333333333, 0.8832465060551119, '03:20']
[15, 0.31953006982803345, 0.3057672679424286, 0.8889166712760925, 0.8889166666666666, 0.888620710938034, '03:23']
[16, 0.30600839853286743, 0.301398366689682, 0.8895000219345093, 0.8895, 0.8888080351603916, '03:21']
[17, 0.3222941756248474, 0.2974448800086975, 0.8922500014305115, 0.89225, 0.8917227637239679, '03:23']
[18, 0.3122665286064148, 0.3027544617652893, 0.8884166479110718, 0.8884166666666667, 0.8884347256269118, '03:20']
[19, 0.2831222116947174, 0.29791390895843506, 0.8930000066757202, 0.893, 0.8924663298234217, '03:19']
[20, 0.30290836095809937, 0.29426974058151245, 0.893583357334137, 0.8935833333333333, 0.8932401067603699, '03:19']
[21, 0.28010889887809753, 0.291463702917099, 0.8947499990463257, 0.8947499999999999, 0.8949888126566522, '03:18']
[22, 0.29044508934020996, 0.2922743856906891, 0.893750011920929, 0.89375, 0.8932806310243382, '03:21']
[23, 0.2759440839290619, 0.28951790928840637, 0.8951666951179504, 0.8951666666666667, 0.8953802088463879, '03:20']
[24, 0.26720136404037476, 0.28913748264312744, 0.8949166536331177, 0.8949166666666667, 0.8950669031576803, '03:20']
[25, 0.2624504566192627, 0.28720003366470337, 0.8950833082199097, 0.8950833333333333, 0.8948619215784696, '03:18']
[26, 0.27204424142837524, 0.2881065905094147, 0.8960000276565552, 0.8960000000000001, 0.8957934268266097, '03:20']
[27, 0.2501872777938843, 0.28722307085990906, 0.8960833549499512, 0.8960833333333333, 0.8960012829447065, '03:18']
[28, 0.27360716462135315, 0.2882572114467621, 0.8954166769981384, 0.8954166666666665, 0.8952045399677522, '03:17']
[29, 0.26701486110687256, 0.2869373857975006, 0.8962500095367432, 0.89625, 0.895970857684653, '03:21']

Tiempo de entrenamiento: 6004.18 segundos
/mnt/homeGPU/haoweihu/TFG/lib/python3.10/site-packages/fastai/learner.py:455: UserWarning: load_learner` uses Python's insecure pickle module, which can execute malicious arbitrary code when loading. Only load files you trust.
If you only need to load model weights and optimizer state, use the safe `Learner.load` instead.
  warn("load_learner` uses Python's insecure pickle module, which can execute malicious arbitrary code when loading. Only load files you trust.\nIf you only need to load model weights and optimizer state, use the safe `Learner.load` instead.")
Loss (valid): 0.2869
Accuracy (valid): 0.8963
Recall (valid): 0.8962
F1-Score (valid): 0.8960
/mnt/homeGPU/haoweihu/TFG/lib/python3.10/site-packages/torchvision/models/_utils.py:208: UserWarning: The parameter 'pretrained' is deprecated since 0.13 and may be removed in the future, please use 'weights' instead.
  warnings.warn(
/mnt/homeGPU/haoweihu/TFG/lib/python3.10/site-packages/torchvision/models/_utils.py:223: UserWarning: Arguments other than a weight enum or `None` for 'weights' are deprecated since 0.13 and may be removed in the future. The current behavior is equivalent to passing `weights=EfficientNet_V2_S_Weights.IMAGENET1K_V1`. You can also use `weights=EfficientNet_V2_S_Weights.DEFAULT` to get the most up-to-date weights.
  warnings.warn(msg)
Loss (test): 3.0994
Accuracy (test): 0.7034
Recall (test): 0.7034
F1-Score (test): 0.7044
---------------------------------------------------------------------------
Ejecutando: fmnist_70pct_effnetv2s_quant
---------------------------------------------------------------------------
False
Número total de imágenes en entrenamiento: 33600
Número total de imágenes en validación: 12000
Clases: ['Ankle boot', 'Bag', 'Coat', 'Dress', 'Pullover', 'Sandal', 'Shirt', 'Sneaker', 'T-shirt', 'Trouser']
weights = None
[0, 1.6504340171813965, 1.035640835762024, 0.6416666507720947, 0.6416666666666666, 0.6316279487003464, '03:48']
[1, 1.1691584587097168, 0.8087282776832581, 0.7150833606719971, 0.7150833333333334, 0.7101871489554018, '03:44']
[2, 0.9366442561149597, 0.6788535714149475, 0.7483333349227905, 0.7483333333333333, 0.7436370779864552, '03:45']
[3, 0.7207391262054443, 0.5602048635482788, 0.7873333096504211, 0.7873333333333333, 0.786179622056386, '03:45']
[4, 0.5986783504486084, 0.5327993035316467, 0.7950000166893005, 0.7949999999999999, 0.7942012677955774, '03:43']
[5, 0.526875913143158, 0.4527203440666199, 0.8231666684150696, 0.8231666666666667, 0.8233928079966883, '03:47']
[6, 0.46950405836105347, 0.39245113730430603, 0.8501666784286499, 0.8501666666666667, 0.8503516876947417, '03:43']
[7, 0.4363015294075012, 0.358632355928421, 0.862583339214325, 0.8625833333333333, 0.8614199183761588, '03:50']
[8, 0.40078631043434143, 0.34571078419685364, 0.8693333268165588, 0.8693333333333333, 0.8695572700158708, '03:44']
[9, 0.4101381301879883, 0.33767908811569214, 0.8714166879653931, 0.8714166666666667, 0.8693235644942394, '03:49']
[10, 0.37794890999794006, 0.32929524779319763, 0.8755000233650208, 0.8755000000000001, 0.8736600350557145, '03:43']
[11, 0.3576582670211792, 0.31389543414115906, 0.8821666836738586, 0.8821666666666668, 0.8814890569709213, '03:47']
[12, 0.36724212765693665, 0.317775696516037, 0.8795833587646484, 0.8795833333333334, 0.8798480556263572, '03:43']
[13, 0.3514616787433624, 0.3065309524536133, 0.8845000267028809, 0.8845000000000001, 0.8841437615419471, '03:43']
[14, 0.3238374590873718, 0.3102114200592041, 0.8837500214576721, 0.8837499999999998, 0.8829018161198267, '03:46']
[15, 0.33662527799606323, 0.30019810795783997, 0.8862500190734863, 0.8862499999999999, 0.8859792428160626, '03:48']
[16, 0.3037993907928467, 0.2970661520957947, 0.887666642665863, 0.8876666666666665, 0.8858642245495909, '03:48']
[17, 0.29933595657348633, 0.2987240254878998, 0.8871666789054871, 0.8871666666666667, 0.8857085843787506, '03:47']
[18, 0.30098187923431396, 0.295669823884964, 0.8891666531562805, 0.8891666666666668, 0.8886983054971147, '03:49']
[19, 0.29357531666755676, 0.2879241406917572, 0.890333354473114, 0.8903333333333332, 0.8898815351824758, '03:48']
[20, 0.2812856137752533, 0.28639423847198486, 0.8930000066757202, 0.893, 0.892246615851578, '03:44']
[21, 0.2987252473831177, 0.2881794571876526, 0.8914166688919067, 0.8914166666666666, 0.8907513153829841, '03:46']
[22, 0.2847532033920288, 0.2847115397453308, 0.8924999833106995, 0.8925000000000001, 0.8922803111166638, '03:44']
[23, 0.27573487162590027, 0.28325992822647095, 0.893583357334137, 0.8935833333333333, 0.8930917038130854, '03:45']
[24, 0.2669263780117035, 0.2852979898452759, 0.8920833468437195, 0.8920833333333335, 0.8916599510429851, '03:51']
[25, 0.27274075150489807, 0.28191640973091125, 0.8947499990463257, 0.8947499999999999, 0.8947441494677559, '03:47']
[26, 0.2707125246524811, 0.283333420753479, 0.893666684627533, 0.8936666666666667, 0.8931355074612253, '03:42']
[27, 0.26263701915740967, 0.28307005763053894, 0.893833339214325, 0.8938333333333335, 0.8934066342161202, '03:43']
[28, 0.2722282111644745, 0.28127798438072205, 0.8945833444595337, 0.8945833333333333, 0.8944174433466003, '03:44']
[29, 0.2620249390602112, 0.282857745885849, 0.8945833444595337, 0.8945833333333335, 0.8942556029691673, '03:45']

Tiempo de entrenamiento: 6785.52 segundos
/mnt/homeGPU/haoweihu/TFG/lib/python3.10/site-packages/fastai/learner.py:455: UserWarning: load_learner` uses Python's insecure pickle module, which can execute malicious arbitrary code when loading. Only load files you trust.
If you only need to load model weights and optimizer state, use the safe `Learner.load` instead.
  warn("load_learner` uses Python's insecure pickle module, which can execute malicious arbitrary code when loading. Only load files you trust.\nIf you only need to load model weights and optimizer state, use the safe `Learner.load` instead.")
Loss (valid): 0.2829
Accuracy (valid): 0.8946
Recall (valid): 0.8946
F1-Score (valid): 0.8943
/mnt/homeGPU/haoweihu/TFG/lib/python3.10/site-packages/torchvision/models/_utils.py:208: UserWarning: The parameter 'pretrained' is deprecated since 0.13 and may be removed in the future, please use 'weights' instead.
  warnings.warn(
/mnt/homeGPU/haoweihu/TFG/lib/python3.10/site-packages/torchvision/models/_utils.py:223: UserWarning: Arguments other than a weight enum or `None` for 'weights' are deprecated since 0.13 and may be removed in the future. The current behavior is equivalent to passing `weights=EfficientNet_V2_S_Weights.IMAGENET1K_V1`. You can also use `weights=EfficientNet_V2_S_Weights.DEFAULT` to get the most up-to-date weights.
  warnings.warn(msg)
Loss (test): 3.3062
Accuracy (test): 0.7073
Recall (test): 0.7072
F1-Score (test): 0.7067
---------------------------------------------------------------------------
Ejecutando: fmnist_80pct_effnetv2s_quant
---------------------------------------------------------------------------
False
Número total de imágenes en entrenamiento: 38400
Número total de imágenes en validación: 12000
Clases: ['Ankle boot', 'Bag', 'Coat', 'Dress', 'Pullover', 'Sandal', 'Shirt', 'Sneaker', 'T-shirt', 'Trouser']
weights = None
[0, 1.5577163696289062, 1.0006505250930786, 0.6424166560173035, 0.6424166666666667, 0.6382778905865136, '04:18']
[1, 1.1724474430084229, 0.7679500579833984, 0.7195000052452087, 0.7194999999999999, 0.7187102061056447, '04:12']
[2, 0.8290908336639404, 0.6621057391166687, 0.7540000081062317, 0.754, 0.74616154141701, '04:10']
[3, 0.6827516555786133, 0.5444841384887695, 0.7979999780654907, 0.798, 0.7965677408473406, '04:14']
[4, 0.5624420642852783, 0.4579966962337494, 0.8229166865348816, 0.8229166666666666, 0.8219545154701619, '04:08']
[5, 0.4901489317417145, 0.4075484275817871, 0.8430833220481873, 0.8430833333333334, 0.8441360096504411, '04:08']
[6, 0.4518713057041168, 0.36960139870643616, 0.8583333492279053, 0.8583333333333334, 0.8577615794504266, '04:12']
[7, 0.4200610816478729, 0.3458169400691986, 0.8688333630561829, 0.8688333333333332, 0.8697680760998345, '04:10']
[8, 0.3973133862018585, 0.3325938582420349, 0.8735833168029785, 0.8735833333333334, 0.873404237233505, '04:08']
[9, 0.38375571370124817, 0.3254881501197815, 0.8769999742507935, 0.877, 0.8768887308813553, '04:10']
[10, 0.37508532404899597, 0.31368786096572876, 0.8820833563804626, 0.8820833333333334, 0.882359598628039, '04:12']
[11, 0.35840174555778503, 0.30713701248168945, 0.8870000243186951, 0.8870000000000001, 0.8862770750347296, '04:10']
[12, 0.3312118351459503, 0.297000527381897, 0.8914999961853027, 0.8915000000000001, 0.8902837528270643, '04:09']
[13, 0.355930358171463, 0.29082784056663513, 0.8916666507720947, 0.8916666666666666, 0.8903372662454696, '04:11']
[14, 0.3408275246620178, 0.28572404384613037, 0.8949166536331177, 0.8949166666666667, 0.8940461392869347, '04:14']
[15, 0.3347220718860626, 0.28476083278656006, 0.8941666483879089, 0.8941666666666667, 0.8940614031619463, '04:14']
[16, 0.32050734758377075, 0.27817922830581665, 0.8966666460037231, 0.8966666666666667, 0.8967472828950926, '04:12']
[17, 0.3011915981769562, 0.27908429503440857, 0.8974166512489319, 0.8974166666666665, 0.8968803091944008, '04:11']
[18, 0.30219998955726624, 0.2829899191856384, 0.8959166407585144, 0.8959166666666667, 0.8949540117747748, '04:11']
[19, 0.29641759395599365, 0.2732737362384796, 0.8982499837875366, 0.89825, 0.8981242719914997, '04:07']
[20, 0.29578450322151184, 0.27478471398353577, 0.8997499942779541, 0.89975, 0.8988833650885104, '04:08']
[21, 0.2813655436038971, 0.2729228138923645, 0.8992499709129333, 0.89925, 0.8982669395278673, '04:10']
[22, 0.27432483434677124, 0.26947832107543945, 0.8999999761581421, 0.9, 0.8995898729771508, '04:10']
[23, 0.25932058691978455, 0.2732201814651489, 0.8980000019073486, 0.898, 0.8972475419032048, '04:07']
[24, 0.2594181001186371, 0.2688906192779541, 0.9014166593551636, 0.9014166666666668, 0.9013588241904165, '04:07']
[25, 0.267450213432312, 0.26958099007606506, 0.9012500047683716, 0.9012499999999999, 0.90085755210443, '04:09']
[26, 0.27057215571403503, 0.2691333293914795, 0.9015833139419556, 0.9015833333333333, 0.9014938695800744, '04:07']
[27, 0.2417730987071991, 0.267987459897995, 0.9001666903495789, 0.9001666666666667, 0.9001116536380053, '04:08']
[28, 0.2583259046077728, 0.2679544985294342, 0.9013333320617676, 0.9013333333333332, 0.9011530874878371, '04:07']
[29, 0.2493339478969574, 0.27103137969970703, 0.9011666774749756, 0.9011666666666667, 0.9007422309613695, '04:09']

Tiempo de entrenamiento: 7517.19 segundos
/mnt/homeGPU/haoweihu/TFG/lib/python3.10/site-packages/fastai/learner.py:455: UserWarning: load_learner` uses Python's insecure pickle module, which can execute malicious arbitrary code when loading. Only load files you trust.
If you only need to load model weights and optimizer state, use the safe `Learner.load` instead.
  warn("load_learner` uses Python's insecure pickle module, which can execute malicious arbitrary code when loading. Only load files you trust.\nIf you only need to load model weights and optimizer state, use the safe `Learner.load` instead.")
Loss (valid): 0.2710
Accuracy (valid): 0.9012
Recall (valid): 0.9012
F1-Score (valid): 0.9007
/mnt/homeGPU/haoweihu/TFG/lib/python3.10/site-packages/torchvision/models/_utils.py:208: UserWarning: The parameter 'pretrained' is deprecated since 0.13 and may be removed in the future, please use 'weights' instead.
  warnings.warn(
/mnt/homeGPU/haoweihu/TFG/lib/python3.10/site-packages/torchvision/models/_utils.py:223: UserWarning: Arguments other than a weight enum or `None` for 'weights' are deprecated since 0.13 and may be removed in the future. The current behavior is equivalent to passing `weights=EfficientNet_V2_S_Weights.IMAGENET1K_V1`. You can also use `weights=EfficientNet_V2_S_Weights.DEFAULT` to get the most up-to-date weights.
  warnings.warn(msg)
Loss (test): 3.5602
Accuracy (test): 0.7071
Recall (test): 0.7071
F1-Score (test): 0.7094
---------------------------------------------------------------------------
Ejecutando: fmnist_90pct_effnetv2s_quant
---------------------------------------------------------------------------
False
Número total de imágenes en entrenamiento: 43200
Número total de imágenes en validación: 12000
Clases: ['Ankle boot', 'Bag', 'Coat', 'Dress', 'Pullover', 'Sandal', 'Shirt', 'Sneaker', 'T-shirt', 'Trouser']
weights = None
[0, 1.5119450092315674, 1.010230541229248, 0.6434999704360962, 0.6435, 0.6404769965427307, '04:39']
[1, 1.1133406162261963, 0.7588699460029602, 0.7237499952316284, 0.72375, 0.7276269738185791, '04:40']
[2, 0.778403103351593, 0.6079022884368896, 0.7756666541099548, 0.7756666666666666, 0.7730322413696842, '05:17']
[3, 0.6342979669570923, 0.5178595185279846, 0.8009999990463257, 0.8009999999999999, 0.7968886443495714, '04:42']
[4, 0.553217887878418, 0.4527374804019928, 0.8296666741371155, 0.8296666666666666, 0.8287337713195548, '04:33']
[5, 0.49415990710258484, 0.3890213072299957, 0.8505833148956299, 0.8505833333333334, 0.8486159040817597, '04:32']
[6, 0.4331422448158264, 0.3608769178390503, 0.8655833601951599, 0.8655833333333334, 0.8642836850119162, '04:33']
[7, 0.4130459725856781, 0.354430615901947, 0.8675833344459534, 0.8675833333333334, 0.8674121138636937, '04:31']
[8, 0.38382285833358765, 0.3302839994430542, 0.8770833611488342, 0.8770833333333334, 0.8761265130165663, '04:33']
[9, 0.36413660645484924, 0.3184891641139984, 0.8819166421890259, 0.8819166666666666, 0.8821167869204969, '04:43']
[10, 0.34418371319770813, 0.310771107673645, 0.8845000267028809, 0.8845000000000001, 0.8851270049741806, '04:44']
[11, 0.33546745777130127, 0.30264002084732056, 0.8870833516120911, 0.8870833333333333, 0.8873372440890546, '04:45']
[12, 0.3347438871860504, 0.29549741744995117, 0.8897500038146973, 0.8897499999999999, 0.8892954974988786, '04:46']
[13, 0.32062429189682007, 0.28823214769363403, 0.893916666507721, 0.8939166666666667, 0.893876610615831, '04:42']
[14, 0.310700386762619, 0.28686031699180603, 0.8945833444595337, 0.8945833333333333, 0.8939787227609965, '04:41']
[15, 0.290966659784317, 0.2858916223049164, 0.8951666951179504, 0.8951666666666667, 0.8951076106117368, '04:41']
[16, 0.3010721802711487, 0.28148308396339417, 0.8955833315849304, 0.8955833333333333, 0.8957844483756074, '04:40']
[17, 0.2969752848148346, 0.2786373794078827, 0.8949999809265137, 0.8949999999999999, 0.8953983538339232, '04:35']
[18, 0.28467079997062683, 0.2749559283256531, 0.8995000123977661, 0.8995000000000001, 0.8989157281096247, '04:33']
[19, 0.2805614173412323, 0.26954102516174316, 0.8994166851043701, 0.8994166666666666, 0.8995231046912137, '04:33']
[20, 0.2892897129058838, 0.2697452902793884, 0.8990833163261414, 0.8990833333333332, 0.899294125957476, '04:36']
[21, 0.2691606283187866, 0.2690308094024658, 0.9004166722297668, 0.9004166666666666, 0.9001375194775834, '04:36']
[22, 0.267768919467926, 0.2668513059616089, 0.9012500047683716, 0.9012499999999999, 0.9011936142596456, '04:39']
[23, 0.25914236903190613, 0.2672465443611145, 0.9024999737739563, 0.9025000000000001, 0.9020955083762218, '04:36']
[24, 0.2698688805103302, 0.2678963840007782, 0.9017500281333923, 0.90175, 0.9017173323455836, '04:38']
[25, 0.23743748664855957, 0.26650145649909973, 0.902999997138977, 0.9030000000000001, 0.9030365013256416, '04:38']
[26, 0.24974407255649567, 0.266140878200531, 0.903166651725769, 0.9031666666666667, 0.9030877660970267, '04:46']
[27, 0.25949689745903015, 0.2669396698474884, 0.9036666750907898, 0.9036666666666667, 0.9036139676987294, '04:48']
[28, 0.24959860742092133, 0.2644813358783722, 0.902916669845581, 0.9029166666666667, 0.9027784216217606, '04:49']
[29, 0.2601897418498993, 0.2651718258857727, 0.9035833477973938, 0.9035833333333333, 0.9035656082731878, '04:43']

Tiempo de entrenamiento: 8424.98 segundos
/mnt/homeGPU/haoweihu/TFG/lib/python3.10/site-packages/fastai/learner.py:455: UserWarning: load_learner` uses Python's insecure pickle module, which can execute malicious arbitrary code when loading. Only load files you trust.
If you only need to load model weights and optimizer state, use the safe `Learner.load` instead.
  warn("load_learner` uses Python's insecure pickle module, which can execute malicious arbitrary code when loading. Only load files you trust.\nIf you only need to load model weights and optimizer state, use the safe `Learner.load` instead.")
Loss (valid): 0.2652
Accuracy (valid): 0.9036
Recall (valid): 0.9036
F1-Score (valid): 0.9036
Loss (test): 3.3500
Accuracy (test): 0.7147
Recall (test): 0.7147
F1-Score (test): 0.7133
mail: cannot send message: Process exited with a non-zero status
