/mnt/homeGPU/haoweihu/TFG/lib/python3.10/site-packages/torchvision/models/_utils.py:208: UserWarning: The parameter 'pretrained' is deprecated since 0.13 and may be removed in the future, please use 'weights' instead.
  warnings.warn(
/mnt/homeGPU/haoweihu/TFG/lib/python3.10/site-packages/torchvision/models/_utils.py:223: UserWarning: Arguments other than a weight enum or `None` for 'weights' are deprecated since 0.13 and may be removed in the future. The current behavior is equivalent to passing `weights=EfficientNet_V2_S_Weights.IMAGENET1K_V1`. You can also use `weights=EfficientNet_V2_S_Weights.DEFAULT` to get the most up-to-date weights.
  warnings.warn(msg)
---------------------------------------------------------------------------
Ejecutando: fmnist_10pct_effnetv2s_ss
---------------------------------------------------------------------------
False
Número total de imágenes en entrenamiento: 4800
Número total de imágenes en validación: 12000
Clases: ['Ankle boot', 'Bag', 'Coat', 'Dress', 'Pullover', 'Sandal', 'Shirt', 'Sneaker', 'T-shirt', 'Trouser']
weights = None
[0, 2.917226791381836, 1.553761601448059, 0.44225001335144043, 0.44225000000000003, 0.42127731990900064, '01:06']
[1, 2.0207090377807617, 0.9820717573165894, 0.6587499976158142, 0.6587500000000001, 0.6482322315932804, '00:54']
[2, 1.5334570407867432, 0.8400059938430786, 0.7139166593551636, 0.7139166666666666, 0.7093547172615958, '00:54']
[3, 1.2450484037399292, 0.6952949166297913, 0.7562500238418579, 0.75625, 0.7535448733653103, '00:55']
[4, 1.0170936584472656, 0.6742289662361145, 0.7620000243186951, 0.7620000000000001, 0.7637809227858604, '00:55']
[5, 0.8806079030036926, 0.5776442289352417, 0.7949166893959045, 0.7949166666666667, 0.7951230606557087, '00:54']
[6, 0.7849943041801453, 0.529044508934021, 0.8059999942779541, 0.8059999999999998, 0.8065996963468962, '00:54']
[7, 0.6910193562507629, 0.5008940696716309, 0.8107500076293945, 0.81075, 0.8139605518425841, '00:54']
[8, 0.6181373000144958, 0.4800167679786682, 0.8215833306312561, 0.8215833333333332, 0.8186457042960414, '00:55']
[9, 0.5975547432899475, 0.44386929273605347, 0.8375833630561829, 0.8375833333333335, 0.8358467843594528, '00:54']
[10, 0.5237072110176086, 0.4037680923938751, 0.8532500267028809, 0.8532500000000001, 0.8498518180407981, '00:54']
[11, 0.4865347445011139, 0.3825102150440216, 0.8610000014305115, 0.861, 0.8619398047105109, '00:54']
[12, 0.4458317458629608, 0.3678776025772095, 0.8644166588783264, 0.8644166666666667, 0.8626015980538732, '00:54']
[13, 0.4256650507450104, 0.34951117634773254, 0.8710833191871643, 0.8710833333333333, 0.8704586457020159, '00:54']
[14, 0.3984606862068176, 0.34171682596206665, 0.8727499842643738, 0.8727500000000001, 0.8716428085272996, '00:54']
[15, 0.3843778073787689, 0.3365471661090851, 0.8765833377838135, 0.8765833333333333, 0.8744643133921371, '00:54']
[16, 0.37086763978004456, 0.33313441276550293, 0.878333330154419, 0.8783333333333333, 0.8775443779001255, '00:54']
[17, 0.35244569182395935, 0.3290870487689972, 0.8792499899864197, 0.8792500000000001, 0.8783426111072096, '00:54']
[18, 0.3262624442577362, 0.31725165247917175, 0.887416660785675, 0.8874166666666667, 0.8870418420410335, '00:54']
[19, 0.3171083927154541, 0.3125835657119751, 0.8882499933242798, 0.88825, 0.8872770503986335, '00:55']
[20, 0.30195990204811096, 0.3040633201599121, 0.8932499885559082, 0.8932499999999999, 0.8928207663614038, '00:54']
[21, 0.28836262226104736, 0.30514639616012573, 0.8920833468437195, 0.8920833333333332, 0.892128989732133, '00:54']
[22, 0.28095269203186035, 0.298848032951355, 0.8920833468437195, 0.8920833333333335, 0.8914063658021341, '00:55']
[23, 0.28081583976745605, 0.29841771721839905, 0.8930000066757202, 0.893, 0.8925229659945474, '00:54']
[24, 0.27855345606803894, 0.2966987192630768, 0.8944166898727417, 0.8944166666666666, 0.89391337697947, '00:54']
[25, 0.27388229966163635, 0.30080804228782654, 0.8930000066757202, 0.893, 0.8921956928381638, '00:55']
[26, 0.2673094868659973, 0.29634642601013184, 0.8949999809265137, 0.8950000000000001, 0.8941344083728662, '00:54']
[27, 0.2587631344795227, 0.29417338967323303, 0.8942499756813049, 0.8942500000000001, 0.8938914315298009, '00:54']
[28, 0.25353342294692993, 0.2951476275920868, 0.8945833444595337, 0.8945833333333333, 0.8937105435728459, '00:54']
[29, 0.25339967012405396, 0.2932718098163605, 0.8943333625793457, 0.8943333333333333, 0.8937475889451374, '00:54']

Tiempo de entrenamiento: 1656.58 segundos
/mnt/homeGPU/haoweihu/TFG/lib/python3.10/site-packages/fastai/learner.py:455: UserWarning: load_learner` uses Python's insecure pickle module, which can execute malicious arbitrary code when loading. Only load files you trust.
If you only need to load model weights and optimizer state, use the safe `Learner.load` instead.
  warn("load_learner` uses Python's insecure pickle module, which can execute malicious arbitrary code when loading. Only load files you trust.\nIf you only need to load model weights and optimizer state, use the safe `Learner.load` instead.")
Loss (valid): 0.2933
Accuracy (valid): 0.8943
Recall (valid): 0.8943
F1-Score (valid): 0.8937
/mnt/homeGPU/haoweihu/TFG/lib/python3.10/site-packages/torchvision/models/_utils.py:208: UserWarning: The parameter 'pretrained' is deprecated since 0.13 and may be removed in the future, please use 'weights' instead.
  warnings.warn(
/mnt/homeGPU/haoweihu/TFG/lib/python3.10/site-packages/torchvision/models/_utils.py:223: UserWarning: Arguments other than a weight enum or `None` for 'weights' are deprecated since 0.13 and may be removed in the future. The current behavior is equivalent to passing `weights=EfficientNet_V2_S_Weights.IMAGENET1K_V1`. You can also use `weights=EfficientNet_V2_S_Weights.DEFAULT` to get the most up-to-date weights.
  warnings.warn(msg)
Loss (test): 3.3420
Accuracy (test): 0.7031
Recall (test): 0.7032
F1-Score (test): 0.7023
---------------------------------------------------------------------------
Ejecutando: fmnist_20pct_effnetv2s_ss
---------------------------------------------------------------------------
False
Número total de imágenes en entrenamiento: 9600
Número total de imágenes en validación: 12000
Clases: ['Ankle boot', 'Bag', 'Coat', 'Dress', 'Pullover', 'Sandal', 'Shirt', 'Sneaker', 'T-shirt', 'Trouser']
weights = None
[0, 2.284663677215576, 1.1428130865097046, 0.5952500104904175, 0.59525, 0.5897375134353213, '01:21']
[1, 1.482817530632019, 0.7976279854774475, 0.7180833220481873, 0.7180833333333334, 0.7160650291345978, '01:16']
[2, 1.1184900999069214, 0.678735077381134, 0.765666663646698, 0.7656666666666666, 0.7643960934125994, '01:16']
[3, 0.9535046219825745, 0.5960851311683655, 0.7920833230018616, 0.7920833333333333, 0.7941431526537601, '01:16']
[4, 0.7672162055969238, 0.5116698145866394, 0.8182500004768372, 0.8182499999999999, 0.8189044284588348, '01:16']
[5, 0.6407274603843689, 0.47378888726234436, 0.828166663646698, 0.8281666666666666, 0.8248383441512258, '01:17']
[6, 0.5493289828300476, 0.4165361225605011, 0.8449166417121887, 0.8449166666666666, 0.8461020200018015, '01:17']
[7, 0.4851705729961395, 0.38468945026397705, 0.856083333492279, 0.8560833333333335, 0.8559571553591244, '01:16']
[8, 0.4259415864944458, 0.33867472410202026, 0.875083327293396, 0.8750833333333332, 0.8755210707785833, '01:17']
[9, 0.38736239075660706, 0.312512069940567, 0.8852499723434448, 0.8852500000000001, 0.8855935479609874, '01:16']
[10, 0.3770122528076172, 0.3118600845336914, 0.8883333206176758, 0.8883333333333333, 0.888613040638513, '01:16']
[11, 0.3291919231414795, 0.2867025136947632, 0.8962500095367432, 0.89625, 0.8960260432071895, '01:16']
[12, 0.3196132183074951, 0.2772679328918457, 0.8984166383743286, 0.8984166666666666, 0.898739085396377, '01:16']
[13, 0.30559656023979187, 0.2633823752403259, 0.903166651725769, 0.9031666666666667, 0.9034922509799399, '01:16']
[14, 0.2722361385822296, 0.265653520822525, 0.9024999737739563, 0.9025000000000001, 0.9026732254752823, '01:17']
[15, 0.26004934310913086, 0.25474363565444946, 0.9080833196640015, 0.9080833333333332, 0.9073905204044085, '01:16']
[16, 0.24301931262016296, 0.2489418387413025, 0.909250020980835, 0.9092499999999999, 0.9090295084480517, '01:16']
[17, 0.24456965923309326, 0.24926826357841492, 0.9108333587646484, 0.9108333333333333, 0.9102467811990393, '01:16']
[18, 0.2344871461391449, 0.2447565495967865, 0.9145833253860474, 0.9145833333333334, 0.9143332595658317, '01:16']
[19, 0.22729374468326569, 0.23544923961162567, 0.9153333306312561, 0.9153333333333332, 0.9153980544074922, '01:16']
[20, 0.22471588850021362, 0.2355642467737198, 0.9166666865348816, 0.9166666666666666, 0.9165972775073998, '01:16']
[21, 0.21268059313297272, 0.23450703918933868, 0.9161666631698608, 0.9161666666666667, 0.9161861685353841, '01:16']
[22, 0.20150935649871826, 0.23617711663246155, 0.9171666502952576, 0.9171666666666667, 0.9168140055966546, '01:17']
[23, 0.18678030371665955, 0.23707613348960876, 0.9161666631698608, 0.9161666666666667, 0.9156984567278575, '01:16']
[24, 0.19719460606575012, 0.23339441418647766, 0.9167500138282776, 0.9167500000000001, 0.9163713183704498, '01:16']
[25, 0.1797959804534912, 0.232169046998024, 0.9177500009536743, 0.9177500000000001, 0.9174098927258827, '01:17']
[26, 0.17533206939697266, 0.23094220459461212, 0.9194999933242798, 0.9195, 0.9191768277766789, '01:16']
[27, 0.19261285662651062, 0.23124434053897858, 0.9178333282470703, 0.9178333333333335, 0.9175415031057936, '01:16']
[28, 0.1718347668647766, 0.22898562252521515, 0.9190000295639038, 0.9190000000000002, 0.9188052468473942, '01:17']
[29, 0.173472598195076, 0.23041939735412598, 0.918583333492279, 0.9185833333333335, 0.9183545874357504, '01:16']

Tiempo de entrenamiento: 2310.15 segundos
/mnt/homeGPU/haoweihu/TFG/lib/python3.10/site-packages/fastai/learner.py:455: UserWarning: load_learner` uses Python's insecure pickle module, which can execute malicious arbitrary code when loading. Only load files you trust.
If you only need to load model weights and optimizer state, use the safe `Learner.load` instead.
  warn("load_learner` uses Python's insecure pickle module, which can execute malicious arbitrary code when loading. Only load files you trust.\nIf you only need to load model weights and optimizer state, use the safe `Learner.load` instead.")
Loss (valid): 0.2304
Accuracy (valid): 0.9186
Recall (valid): 0.9186
F1-Score (valid): 0.9184
/mnt/homeGPU/haoweihu/TFG/lib/python3.10/site-packages/torchvision/models/_utils.py:208: UserWarning: The parameter 'pretrained' is deprecated since 0.13 and may be removed in the future, please use 'weights' instead.
  warnings.warn(
/mnt/homeGPU/haoweihu/TFG/lib/python3.10/site-packages/torchvision/models/_utils.py:223: UserWarning: Arguments other than a weight enum or `None` for 'weights' are deprecated since 0.13 and may be removed in the future. The current behavior is equivalent to passing `weights=EfficientNet_V2_S_Weights.IMAGENET1K_V1`. You can also use `weights=EfficientNet_V2_S_Weights.DEFAULT` to get the most up-to-date weights.
  warnings.warn(msg)
Loss (test): 3.3904
Accuracy (test): 0.7281
Recall (test): 0.7277
F1-Score (test): 0.7273
---------------------------------------------------------------------------
Ejecutando: fmnist_30pct_effnetv2s_ss
---------------------------------------------------------------------------
False
Número total de imágenes en entrenamiento: 14400
Número total de imágenes en validación: 12000
Clases: ['Ankle boot', 'Bag', 'Coat', 'Dress', 'Pullover', 'Sandal', 'Shirt', 'Sneaker', 'T-shirt', 'Trouser']
weights = None
[0, 1.8810577392578125, 1.016968846321106, 0.6444166898727417, 0.6444166666666666, 0.6330711559104099, '01:46']
[1, 1.227998971939087, 0.749495267868042, 0.7326666712760925, 0.7326666666666667, 0.7319559606054781, '01:39']
[2, 0.9623576998710632, 0.6233517527580261, 0.7802500128746033, 0.78025, 0.7809862142392614, '01:39']
[3, 0.7535398602485657, 0.5298668742179871, 0.8090000152587891, 0.8089999999999999, 0.8085645402203786, '01:39']
[4, 0.6287496089935303, 0.45066729187965393, 0.8334166407585144, 0.8334166666666667, 0.8309936882082241, '01:39']
[5, 0.5187099575996399, 0.38878417015075684, 0.8575000166893005, 0.8574999999999999, 0.8585519108462639, '01:39']
[6, 0.4310670793056488, 0.35486868023872375, 0.8705833554267883, 0.8705833333333333, 0.8686443029945314, '01:39']
[7, 0.3857218623161316, 0.30579233169555664, 0.890333354473114, 0.8903333333333332, 0.8896046522938065, '01:39']
[8, 0.3486998379230499, 0.28794804215431213, 0.8926666378974915, 0.8926666666666666, 0.8932592663601924, '01:39']
[9, 0.32936108112335205, 0.2681732177734375, 0.9017500281333923, 0.90175, 0.9015412854575926, '01:39']
[10, 0.31168827414512634, 0.28016039729118347, 0.8991666436195374, 0.8991666666666667, 0.8974333942974801, '01:39']
[11, 0.29091736674308777, 0.2515305280685425, 0.9079999923706055, 0.908, 0.9073071363537781, '01:39']
[12, 0.28290867805480957, 0.24732230603694916, 0.9104999899864197, 0.9105000000000001, 0.9102928628571536, '01:39']
[13, 0.26034724712371826, 0.23958058655261993, 0.9135000109672546, 0.9135, 0.9138574156364955, '01:39']
[14, 0.23330600559711456, 0.24106290936470032, 0.9158333539962769, 0.9158333333333333, 0.9148480600366415, '01:39']
[15, 0.23202122747898102, 0.2243843972682953, 0.9200833439826965, 0.9200833333333334, 0.9199266852151409, '01:39']
[16, 0.2085592895746231, 0.22333753108978271, 0.9197499752044678, 0.91975, 0.9192646762832928, '01:39']
[17, 0.20508424937725067, 0.22166530787944794, 0.9235833287239075, 0.9235833333333334, 0.9229338105509071, '01:39']
[18, 0.2039850950241089, 0.2224234789609909, 0.9232500195503235, 0.92325, 0.9227515713985301, '01:39']
[19, 0.18188126385211945, 0.2213013768196106, 0.9235833287239075, 0.9235833333333334, 0.9229739838730298, '01:39']
[20, 0.18153907358646393, 0.2158738672733307, 0.9232500195503235, 0.92325, 0.9228310426274995, '01:38']
[21, 0.18058577179908752, 0.2117689996957779, 0.925166666507721, 0.9251666666666665, 0.9248705839851457, '01:39']
[22, 0.16603463888168335, 0.21219974756240845, 0.9244999885559082, 0.9244999999999999, 0.924313138930757, '01:39']
[23, 0.160768523812294, 0.21109998226165771, 0.925083339214325, 0.9250833333333335, 0.9250780431233645, '01:39']
[24, 0.16248276829719543, 0.2082419991493225, 0.9259166717529297, 0.9259166666666667, 0.9257342278433967, '01:38']
[25, 0.15645337104797363, 0.20826087892055511, 0.9253333210945129, 0.9253333333333333, 0.9252323889627145, '01:39']
[26, 0.16306492686271667, 0.2074783742427826, 0.9269999861717224, 0.9269999999999999, 0.9268458576192348, '01:39']
[27, 0.144316166639328, 0.20997242629528046, 0.9268333315849304, 0.9268333333333333, 0.9264568027931677, '01:39']
[28, 0.1485820710659027, 0.2082403302192688, 0.9259166717529297, 0.9259166666666665, 0.9259306583395626, '01:39']
[29, 0.15538230538368225, 0.210067480802536, 0.9257500171661377, 0.9257500000000001, 0.9255208671526235, '01:39']

Tiempo de entrenamiento: 2983.46 segundos
/mnt/homeGPU/haoweihu/TFG/lib/python3.10/site-packages/fastai/learner.py:455: UserWarning: load_learner` uses Python's insecure pickle module, which can execute malicious arbitrary code when loading. Only load files you trust.
If you only need to load model weights and optimizer state, use the safe `Learner.load` instead.
  warn("load_learner` uses Python's insecure pickle module, which can execute malicious arbitrary code when loading. Only load files you trust.\nIf you only need to load model weights and optimizer state, use the safe `Learner.load` instead.")
Loss (valid): 0.2101
Accuracy (valid): 0.9258
Recall (valid): 0.9258
F1-Score (valid): 0.9255
/mnt/homeGPU/haoweihu/TFG/lib/python3.10/site-packages/torchvision/models/_utils.py:208: UserWarning: The parameter 'pretrained' is deprecated since 0.13 and may be removed in the future, please use 'weights' instead.
  warnings.warn(
/mnt/homeGPU/haoweihu/TFG/lib/python3.10/site-packages/torchvision/models/_utils.py:223: UserWarning: Arguments other than a weight enum or `None` for 'weights' are deprecated since 0.13 and may be removed in the future. The current behavior is equivalent to passing `weights=EfficientNet_V2_S_Weights.IMAGENET1K_V1`. You can also use `weights=EfficientNet_V2_S_Weights.DEFAULT` to get the most up-to-date weights.
  warnings.warn(msg)
Loss (test): 3.5981
Accuracy (test): 0.7393
Recall (test): 0.7395
F1-Score (test): 0.7384
---------------------------------------------------------------------------
Ejecutando: fmnist_40pct_effnetv2s_ss
---------------------------------------------------------------------------
False
Número total de imágenes en entrenamiento: 19200
Número total de imágenes en validación: 12000
Clases: ['Ankle boot', 'Bag', 'Coat', 'Dress', 'Pullover', 'Sandal', 'Shirt', 'Sneaker', 'T-shirt', 'Trouser']
weights = None
[0, 1.666785478591919, 0.9215484857559204, 0.6732500195503235, 0.67325, 0.670751350782193, '02:07']
[1, 1.0707050561904907, 0.7112643122673035, 0.7551666498184204, 0.7551666666666667, 0.7520050489623736, '02:01']
[2, 0.8586600422859192, 0.5846390128135681, 0.800166666507721, 0.8001666666666667, 0.7984574364862296, '02:01']
[3, 0.6672172546386719, 0.4731007218360901, 0.8325833082199097, 0.8325833333333332, 0.8315258340416423, '02:01']
[4, 0.5339781641960144, 0.4090568423271179, 0.8510833382606506, 0.8510833333333334, 0.8505555713826393, '02:01']
[5, 0.42867687344551086, 0.33918333053588867, 0.8791666626930237, 0.8791666666666668, 0.8789759749297937, '02:01']
[6, 0.37366464734077454, 0.30060747265815735, 0.890583336353302, 0.8905833333333334, 0.8903372069429787, '02:01']
[7, 0.3450697362422943, 0.28676748275756836, 0.8977500200271606, 0.8977499999999999, 0.8972579157347254, '02:01']
[8, 0.30500712990760803, 0.26920270919799805, 0.9034166932106018, 0.9034166666666668, 0.9032894242101699, '02:01']
[9, 0.29575836658477783, 0.25517329573631287, 0.9107499718666077, 0.91075, 0.9107553119504702, '02:01']
[10, 0.27658361196517944, 0.24383245408535004, 0.9136666655540466, 0.9136666666666666, 0.9132570959419113, '02:02']
[11, 0.25048136711120605, 0.2390904724597931, 0.9136666655540466, 0.9136666666666666, 0.9131515176893659, '02:01']
[12, 0.23362275958061218, 0.2268054187297821, 0.9178333282470703, 0.9178333333333335, 0.917197640275524, '02:01']
[13, 0.23673656582832336, 0.23049107193946838, 0.9171666502952576, 0.9171666666666667, 0.9157773280060353, '02:02']
[14, 0.22391445934772491, 0.21945464611053467, 0.9207500219345093, 0.92075, 0.9206560532411995, '02:01']
[15, 0.20033779740333557, 0.21411462128162384, 0.9232500195503235, 0.92325, 0.9230752972355537, '02:01']
[16, 0.19891275465488434, 0.2103031575679779, 0.9262499809265137, 0.9262499999999999, 0.9263768812531048, '02:01']
[17, 0.1858854442834854, 0.2106231153011322, 0.9260833263397217, 0.9260833333333334, 0.9258837532689365, '02:01']
[18, 0.18027718365192413, 0.205246239900589, 0.9266666769981384, 0.9266666666666667, 0.9263332141897178, '02:01']
[19, 0.1757516860961914, 0.20555420219898224, 0.9282500147819519, 0.9282499999999999, 0.9283089049648361, '02:01']
[20, 0.17228080332279205, 0.1997140347957611, 0.9300833344459534, 0.9300833333333334, 0.9300843075255285, '02:01']
[21, 0.16081388294696808, 0.20107966661453247, 0.9290833473205566, 0.9290833333333334, 0.9287912348304651, '02:01']
[22, 0.15211693942546844, 0.20157340168952942, 0.9292500019073486, 0.92925, 0.9289497540242685, '02:00']
[23, 0.1385573297739029, 0.20327548682689667, 0.9299166798591614, 0.9299166666666666, 0.9297177077012865, '02:00']
[24, 0.13679161667823792, 0.20056931674480438, 0.9302499890327454, 0.9302499999999998, 0.9301533457600574, '02:01']
[25, 0.1401216983795166, 0.2015865296125412, 0.9298333525657654, 0.9298333333333334, 0.9295906729951684, '02:01']
No improvement since epoch 20: early stopping

Tiempo de entrenamiento: 3164.51 segundos
/mnt/homeGPU/haoweihu/TFG/lib/python3.10/site-packages/fastai/learner.py:455: UserWarning: load_learner` uses Python's insecure pickle module, which can execute malicious arbitrary code when loading. Only load files you trust.
If you only need to load model weights and optimizer state, use the safe `Learner.load` instead.
  warn("load_learner` uses Python's insecure pickle module, which can execute malicious arbitrary code when loading. Only load files you trust.\nIf you only need to load model weights and optimizer state, use the safe `Learner.load` instead.")
Loss (valid): 0.2016
Accuracy (valid): 0.9298
Recall (valid): 0.9298
F1-Score (valid): 0.9296
/mnt/homeGPU/haoweihu/TFG/lib/python3.10/site-packages/torchvision/models/_utils.py:208: UserWarning: The parameter 'pretrained' is deprecated since 0.13 and may be removed in the future, please use 'weights' instead.
  warnings.warn(
/mnt/homeGPU/haoweihu/TFG/lib/python3.10/site-packages/torchvision/models/_utils.py:223: UserWarning: Arguments other than a weight enum or `None` for 'weights' are deprecated since 0.13 and may be removed in the future. The current behavior is equivalent to passing `weights=EfficientNet_V2_S_Weights.IMAGENET1K_V1`. You can also use `weights=EfficientNet_V2_S_Weights.DEFAULT` to get the most up-to-date weights.
  warnings.warn(msg)
Loss (test): 3.7816
Accuracy (test): 0.7411
Recall (test): 0.7410
F1-Score (test): 0.7407
---------------------------------------------------------------------------
Ejecutando: fmnist_50pct_effnetv2s_ss
---------------------------------------------------------------------------
False
Número total de imágenes en entrenamiento: 24000
Número total de imágenes en validación: 12000
Clases: ['Ankle boot', 'Bag', 'Coat', 'Dress', 'Pullover', 'Sandal', 'Shirt', 'Sneaker', 'T-shirt', 'Trouser']
weights = None
[0, 1.511591911315918, 0.878628671169281, 0.6855833530426025, 0.6855833333333333, 0.6854461250912534, '02:32']
[1, 1.0538233518600464, 0.6748839020729065, 0.765500009059906, 0.7655000000000001, 0.7648975513708649, '02:23']
[2, 0.7882776856422424, 0.5484975576400757, 0.8065000176429749, 0.8065000000000001, 0.8082128969665119, '02:23']
[3, 0.5970906615257263, 0.4581778645515442, 0.8379999995231628, 0.8379999999999999, 0.8376574509153887, '02:23']
[4, 0.5058705806732178, 0.3719295561313629, 0.8629166483879089, 0.8629166666666667, 0.8624007748737366, '02:23']
[5, 0.4029120206832886, 0.3280612826347351, 0.8778333067893982, 0.8778333333333332, 0.8775022678709711, '02:23']
[6, 0.35548314452171326, 0.2837298512458801, 0.8945833444595337, 0.8945833333333333, 0.8946616583212272, '02:23']
[7, 0.3340103030204773, 0.2678697407245636, 0.9009166955947876, 0.9009166666666667, 0.8996911545917132, '02:24']
[8, 0.30819934606552124, 0.2415800839662552, 0.9107499718666077, 0.9107500000000002, 0.9105827006390015, '02:23']
[9, 0.3000829517841339, 0.2264077216386795, 0.9147499799728394, 0.9147500000000001, 0.9150118185788971, '02:24']
[10, 0.25633102655410767, 0.21952340006828308, 0.9200833439826965, 0.9200833333333334, 0.9191300479401171, '02:23']
[11, 0.2409420758485794, 0.21602842211723328, 0.9205833077430725, 0.9205833333333334, 0.9206465154962638, '02:23']
[12, 0.2223673313856125, 0.20405766367912292, 0.9245833158493042, 0.9245833333333333, 0.9245459228964614, '02:23']
[13, 0.21837328374385834, 0.20596565306186676, 0.9247499704360962, 0.9247499999999998, 0.9245253252922563, '02:23']
[14, 0.1991659253835678, 0.20111122727394104, 0.9265000224113464, 0.9265000000000001, 0.926667371514219, '02:23']
[15, 0.19290034472942352, 0.2042464017868042, 0.9272500276565552, 0.9272499999999999, 0.9268851942023222, '02:23']
[16, 0.18474586308002472, 0.19580964744091034, 0.9303333163261414, 0.9303333333333335, 0.9297784861641082, '02:23']
[17, 0.19038425385951996, 0.19243347644805908, 0.9324166774749756, 0.9324166666666667, 0.9319705896109454, '02:23']
[18, 0.160450279712677, 0.18842460215091705, 0.9326666593551636, 0.9326666666666668, 0.9326405946872777, '02:22']
[19, 0.15395694971084595, 0.18617241084575653, 0.9338333606719971, 0.9338333333333333, 0.9336745404456426, '02:23']
[20, 0.15281808376312256, 0.187241330742836, 0.9355000257492065, 0.9354999999999999, 0.9354150279693622, '02:23']
[21, 0.13742168247699738, 0.18531829118728638, 0.9365000128746033, 0.9365, 0.936400589935884, '02:23']
[22, 0.14380377531051636, 0.18309737741947174, 0.9365833401679993, 0.9365833333333333, 0.9363712152722394, '02:23']
[23, 0.1303650289773941, 0.18124859035015106, 0.937749981880188, 0.9377500000000001, 0.937639493141568, '02:23']
[24, 0.141603484749794, 0.1815067082643509, 0.9366666674613953, 0.9366666666666668, 0.9364736299719525, '02:23']
[25, 0.14232903718948364, 0.1793183535337448, 0.9375, 0.9375, 0.9374295341537857, '02:23']
[26, 0.1400856226682663, 0.1818864494562149, 0.9363333582878113, 0.9363333333333334, 0.9360658650997884, '02:24']
[27, 0.13178890943527222, 0.18053258955478668, 0.937416672706604, 0.9374166666666666, 0.937392829764541, '02:23']
[28, 0.1320241093635559, 0.181457057595253, 0.9370833039283752, 0.9370833333333334, 0.9367951244514361, '02:23']
[29, 0.12463247776031494, 0.17940795421600342, 0.937333345413208, 0.9373333333333334, 0.9372511969821151, '02:24']

Tiempo de entrenamiento: 4318.72 segundos
/mnt/homeGPU/haoweihu/TFG/lib/python3.10/site-packages/fastai/learner.py:455: UserWarning: load_learner` uses Python's insecure pickle module, which can execute malicious arbitrary code when loading. Only load files you trust.
If you only need to load model weights and optimizer state, use the safe `Learner.load` instead.
  warn("load_learner` uses Python's insecure pickle module, which can execute malicious arbitrary code when loading. Only load files you trust.\nIf you only need to load model weights and optimizer state, use the safe `Learner.load` instead.")
Loss (valid): 0.1794
Accuracy (valid): 0.9373
Recall (valid): 0.9373
F1-Score (valid): 0.9373
/mnt/homeGPU/haoweihu/TFG/lib/python3.10/site-packages/torchvision/models/_utils.py:208: UserWarning: The parameter 'pretrained' is deprecated since 0.13 and may be removed in the future, please use 'weights' instead.
  warnings.warn(
/mnt/homeGPU/haoweihu/TFG/lib/python3.10/site-packages/torchvision/models/_utils.py:223: UserWarning: Arguments other than a weight enum or `None` for 'weights' are deprecated since 0.13 and may be removed in the future. The current behavior is equivalent to passing `weights=EfficientNet_V2_S_Weights.IMAGENET1K_V1`. You can also use `weights=EfficientNet_V2_S_Weights.DEFAULT` to get the most up-to-date weights.
  warnings.warn(msg)
Loss (test): 3.6633
Accuracy (test): 0.7477
Recall (test): 0.7477
F1-Score (test): 0.7477
---------------------------------------------------------------------------
Ejecutando: fmnist_60pct_effnetv2s_ss
---------------------------------------------------------------------------
False
Número total de imágenes en entrenamiento: 28800
Número total de imágenes en validación: 12000
Clases: ['Ankle boot', 'Bag', 'Coat', 'Dress', 'Pullover', 'Sandal', 'Shirt', 'Sneaker', 'T-shirt', 'Trouser']
weights = None
[0, 1.4118716716766357, 0.8325270414352417, 0.7047500014305115, 0.70475, 0.7006849740263771, '02:59']
[1, 1.0170705318450928, 0.6375818252563477, 0.7710000276565552, 0.771, 0.7680914564235027, '02:45']
[2, 0.7258193492889404, 0.5047250390052795, 0.8163333535194397, 0.8163333333333334, 0.8182291394010237, '02:46']
[3, 0.5316420793533325, 0.399068683385849, 0.8537499904632568, 0.85375, 0.8530067269000862, '02:46']
[4, 0.4391581118106842, 0.3243100941181183, 0.8808333277702332, 0.8808333333333334, 0.8799542752076526, '02:46']
[5, 0.3730468451976776, 0.2873638868331909, 0.8949166536331177, 0.8949166666666667, 0.8954851468113765, '02:46']
[6, 0.3300134539604187, 0.26799333095550537, 0.9010000228881836, 0.901, 0.8987804975903767, '02:46']
[7, 0.29323509335517883, 0.2329850047826767, 0.9161666631698608, 0.9161666666666666, 0.9149001480870764, '02:47']
[8, 0.25938308238983154, 0.2227715253829956, 0.9211666584014893, 0.9211666666666666, 0.9203414563092244, '02:45']
[9, 0.2569800019264221, 0.2134077101945877, 0.9245833158493042, 0.9245833333333333, 0.9247712024679136, '02:45']
[10, 0.2384892851114273, 0.20672935247421265, 0.9243333339691162, 0.9243333333333332, 0.924348200992388, '02:45']
[11, 0.21159473061561584, 0.20052938163280487, 0.9275833368301392, 0.9275833333333333, 0.9280814886848916, '02:45']
[12, 0.20949816703796387, 0.19404244422912598, 0.9297500252723694, 0.92975, 0.9301019687355856, '02:45']
[13, 0.19533658027648926, 0.19009125232696533, 0.9326666593551636, 0.9326666666666666, 0.9325046386969577, '02:45']
[14, 0.18735913932323456, 0.18752175569534302, 0.9339166879653931, 0.9339166666666665, 0.9340063429321681, '02:45']
[15, 0.17471221089363098, 0.1824248731136322, 0.9357500076293945, 0.93575, 0.9356606308876886, '02:45']
[16, 0.17492176592350006, 0.18709300458431244, 0.9335833191871643, 0.9335833333333333, 0.9338909458477499, '02:45']
[17, 0.1624927520751953, 0.17932642996311188, 0.9369999766349792, 0.9369999999999999, 0.9369291542728844, '02:45']
[18, 0.14972172677516937, 0.1785023808479309, 0.9360833168029785, 0.9360833333333334, 0.9359764070312278, '02:45']
[19, 0.1458415538072586, 0.17546042799949646, 0.9391666650772095, 0.9391666666666667, 0.9390862630527043, '02:46']
[20, 0.13550204038619995, 0.17727388441562653, 0.9388333559036255, 0.9388333333333334, 0.9386200638889933, '02:46']
[21, 0.1575651466846466, 0.1750573068857193, 0.9380000233650208, 0.938, 0.9379695581480968, '02:46']
[22, 0.1361127495765686, 0.1715994030237198, 0.9392499923706055, 0.9392499999999998, 0.9390787361430888, '02:46']
[23, 0.13081878423690796, 0.17372550070285797, 0.9393333196640015, 0.9393333333333332, 0.9393401656956136, '02:46']
[24, 0.1330145299434662, 0.1720951795578003, 0.9399166703224182, 0.9399166666666666, 0.940127882008623, '02:46']
[25, 0.12112698704004288, 0.17212225496768951, 0.940583348274231, 0.9405833333333333, 0.9405191249653597, '02:45']
[26, 0.12197650223970413, 0.1711869090795517, 0.9397500157356262, 0.9397499999999999, 0.9397415285507019, '02:45']
[27, 0.12417356669902802, 0.17048755288124084, 0.940750002861023, 0.9407499999999999, 0.9407852737886909, '02:46']
[28, 0.12340372800827026, 0.17149552702903748, 0.9409166574478149, 0.9409166666666666, 0.9409800555025132, '02:45']
[29, 0.1198517456650734, 0.17137372493743896, 0.9402499794960022, 0.9402499999999998, 0.9402654105772974, '02:45']

Tiempo de entrenamiento: 4990.45 segundos
/mnt/homeGPU/haoweihu/TFG/lib/python3.10/site-packages/fastai/learner.py:455: UserWarning: load_learner` uses Python's insecure pickle module, which can execute malicious arbitrary code when loading. Only load files you trust.
If you only need to load model weights and optimizer state, use the safe `Learner.load` instead.
  warn("load_learner` uses Python's insecure pickle module, which can execute malicious arbitrary code when loading. Only load files you trust.\nIf you only need to load model weights and optimizer state, use the safe `Learner.load` instead.")
Loss (valid): 0.1714
Accuracy (valid): 0.9402
Recall (valid): 0.9402
F1-Score (valid): 0.9403
/mnt/homeGPU/haoweihu/TFG/lib/python3.10/site-packages/torchvision/models/_utils.py:208: UserWarning: The parameter 'pretrained' is deprecated since 0.13 and may be removed in the future, please use 'weights' instead.
  warnings.warn(
/mnt/homeGPU/haoweihu/TFG/lib/python3.10/site-packages/torchvision/models/_utils.py:223: UserWarning: Arguments other than a weight enum or `None` for 'weights' are deprecated since 0.13 and may be removed in the future. The current behavior is equivalent to passing `weights=EfficientNet_V2_S_Weights.IMAGENET1K_V1`. You can also use `weights=EfficientNet_V2_S_Weights.DEFAULT` to get the most up-to-date weights.
  warnings.warn(msg)
Loss (test): 3.8021
Accuracy (test): 0.7517
Recall (test): 0.7516
F1-Score (test): 0.7510
---------------------------------------------------------------------------
Ejecutando: fmnist_70pct_effnetv2s_ss
---------------------------------------------------------------------------
False
Número total de imágenes en entrenamiento: 33600
Número total de imágenes en validación: 12000
Clases: ['Ankle boot', 'Bag', 'Coat', 'Dress', 'Pullover', 'Sandal', 'Shirt', 'Sneaker', 'T-shirt', 'Trouser']
weights = None
[0, 1.335936188697815, 0.7918631434440613, 0.7164999842643738, 0.7165, 0.7132461389920717, '03:22']
[1, 0.9341020584106445, 0.6046203374862671, 0.784583330154419, 0.7845833333333332, 0.7853696717261229, '03:07']
[2, 0.6925099492073059, 0.47775501012802124, 0.8238333463668823, 0.8238333333333333, 0.8232396906715029, '03:08']
[3, 0.5006282925605774, 0.3719176948070526, 0.8639166951179504, 0.8639166666666667, 0.8631866600134648, '03:08']
[4, 0.4140057861804962, 0.3185186982154846, 0.8849999904632568, 0.885, 0.8842086157152707, '03:08']
[5, 0.3629429042339325, 0.2693667709827423, 0.9019166827201843, 0.9019166666666667, 0.9015423896519807, '03:07']
[6, 0.31886783242225647, 0.2442559003829956, 0.9105833172798157, 0.9105833333333333, 0.9092516169681837, '03:07']
[7, 0.28367432951927185, 0.22045080363750458, 0.9192500114440918, 0.9192500000000001, 0.9181478036991857, '03:08']
[8, 0.2533254623413086, 0.2103482484817505, 0.9233333468437195, 0.9233333333333335, 0.9226646146333467, '03:07']
[9, 0.23814740777015686, 0.20031502842903137, 0.9273333549499512, 0.9273333333333333, 0.9263912170276791, '03:07']
[10, 0.2361876219511032, 0.1915535032749176, 0.9320833086967468, 0.9320833333333333, 0.9312724568349793, '03:07']
[11, 0.23114937543869019, 0.17875218391418457, 0.934166669845581, 0.9341666666666667, 0.9330344069553013, '03:07']
[12, 0.22061756253242493, 0.17722617089748383, 0.9359999895095825, 0.9359999999999997, 0.9352645099833164, '03:07']
[13, 0.1946336328983307, 0.17881591618061066, 0.9357500076293945, 0.9357499999999999, 0.9343155168747366, '03:07']
[14, 0.19145308434963226, 0.17202411592006683, 0.9383333325386047, 0.9383333333333332, 0.9374303480588001, '03:07']
[15, 0.17719754576683044, 0.15884310007095337, 0.9434166550636292, 0.9434166666666666, 0.9432402644572051, '03:07']
[16, 0.17052733898162842, 0.15929767489433289, 0.9446666836738586, 0.9446666666666668, 0.9443310310872913, '03:08']
[17, 0.1641993224620819, 0.15848340094089508, 0.9429166913032532, 0.9429166666666667, 0.9424806444892504, '03:08']
[18, 0.1518464833498001, 0.15703746676445007, 0.9445000290870667, 0.9445, 0.9446341634512091, '03:08']
[19, 0.1567629873752594, 0.1523192971944809, 0.9463333487510681, 0.9463333333333335, 0.9460946864509241, '03:08']
[20, 0.1394478976726532, 0.15560883283615112, 0.9450833201408386, 0.9450833333333334, 0.9447785996841859, '03:07']
[21, 0.13573525846004486, 0.15103808045387268, 0.9476666450500488, 0.9476666666666667, 0.9475050384861902, '03:08']
[22, 0.13988569378852844, 0.149557426571846, 0.9479166865348816, 0.9479166666666666, 0.9478687209293227, '03:09']
[23, 0.12926903367042542, 0.1496739238500595, 0.9479166865348816, 0.9479166666666667, 0.9478270834775498, '03:08']
[24, 0.12506327033042908, 0.14956191182136536, 0.9488333463668823, 0.9488333333333333, 0.9485631737423766, '03:08']
[25, 0.12544293701648712, 0.14987732470035553, 0.9488333463668823, 0.9488333333333332, 0.9485596313544467, '03:08']
[26, 0.11338584870100021, 0.14934183657169342, 0.9484999775886536, 0.9484999999999999, 0.948308654236607, '03:09']
[27, 0.11871155351400375, 0.14858248829841614, 0.9484166502952576, 0.9484166666666667, 0.9482396238137693, '03:08']
[28, 0.12628725171089172, 0.15002328157424927, 0.9482499957084656, 0.94825, 0.9479865276082646, '03:08']
[29, 0.12719188630580902, 0.1494222730398178, 0.9484166502952576, 0.9484166666666667, 0.9481275869801415, '03:08']

Tiempo de entrenamiento: 5657.14 segundos
/mnt/homeGPU/haoweihu/TFG/lib/python3.10/site-packages/fastai/learner.py:455: UserWarning: load_learner` uses Python's insecure pickle module, which can execute malicious arbitrary code when loading. Only load files you trust.
If you only need to load model weights and optimizer state, use the safe `Learner.load` instead.
  warn("load_learner` uses Python's insecure pickle module, which can execute malicious arbitrary code when loading. Only load files you trust.\nIf you only need to load model weights and optimizer state, use the safe `Learner.load` instead.")
Loss (valid): 0.1494
Accuracy (valid): 0.9484
Recall (valid): 0.9484
F1-Score (valid): 0.9481
/mnt/homeGPU/haoweihu/TFG/lib/python3.10/site-packages/torchvision/models/_utils.py:208: UserWarning: The parameter 'pretrained' is deprecated since 0.13 and may be removed in the future, please use 'weights' instead.
  warnings.warn(
/mnt/homeGPU/haoweihu/TFG/lib/python3.10/site-packages/torchvision/models/_utils.py:223: UserWarning: Arguments other than a weight enum or `None` for 'weights' are deprecated since 0.13 and may be removed in the future. The current behavior is equivalent to passing `weights=EfficientNet_V2_S_Weights.IMAGENET1K_V1`. You can also use `weights=EfficientNet_V2_S_Weights.DEFAULT` to get the most up-to-date weights.
  warnings.warn(msg)
Loss (test): 3.8668
Accuracy (test): 0.7534
Recall (test): 0.7534
F1-Score (test): 0.7529
---------------------------------------------------------------------------
Ejecutando: fmnist_80pct_effnetv2s_ss
---------------------------------------------------------------------------
False
Número total de imágenes en entrenamiento: 38400
Número total de imágenes en validación: 12000
Clases: ['Ankle boot', 'Bag', 'Coat', 'Dress', 'Pullover', 'Sandal', 'Shirt', 'Sneaker', 'T-shirt', 'Trouser']
weights = None
[0, 1.281760334968567, 0.7649489045143127, 0.7307500243186951, 0.7307499999999999, 0.7313784336160267, '03:46']
[1, 0.8819881677627563, 0.564626157283783, 0.8025833368301392, 0.8025833333333334, 0.8010461497435349, '03:29']
[2, 0.6583213806152344, 0.4409792423248291, 0.8445000052452087, 0.8445, 0.8443197593792714, '03:29']
[3, 0.4708205461502075, 0.35185354948043823, 0.8734999895095825, 0.8734999999999999, 0.872850017855205, '03:29']
[4, 0.3978066146373749, 0.30436286330223083, 0.8914166688919067, 0.8914166666666666, 0.88956637248095, '03:29']
[5, 0.3079380989074707, 0.2610764801502228, 0.9068333506584167, 0.9068333333333334, 0.906314896644516, '03:30']
[6, 0.29315119981765747, 0.2350466102361679, 0.9147499799728394, 0.9147500000000001, 0.9141476455439284, '03:30']
[7, 0.27472546696662903, 0.22599641978740692, 0.9178333282470703, 0.9178333333333335, 0.9180174072621968, '03:30']
[8, 0.25015342235565186, 0.20353254675865173, 0.9246666431427002, 0.9246666666666666, 0.9248866861021723, '03:30']
[9, 0.22378124296665192, 0.19550439715385437, 0.9278333187103271, 0.9278333333333333, 0.9280904437427455, '03:31']
[10, 0.20353585481643677, 0.18210004270076752, 0.9330833554267883, 0.9330833333333333, 0.9333690251449467, '03:31']
[11, 0.20263227820396423, 0.17823895812034607, 0.9350000023841858, 0.9349999999999999, 0.9345618200648846, '03:30']
[12, 0.19823570549488068, 0.17148138582706451, 0.9362499713897705, 0.9362499999999999, 0.9360426167272525, '03:30']
[13, 0.1648402214050293, 0.1699952334165573, 0.9381666779518127, 0.9381666666666666, 0.9378740124841688, '03:30']
[14, 0.1744592934846878, 0.16973842680454254, 0.937166690826416, 0.9371666666666666, 0.9370661843143931, '03:30']
[15, 0.1756172627210617, 0.16585686802864075, 0.9401666522026062, 0.9401666666666667, 0.9402210697760369, '03:31']
[16, 0.15850140154361725, 0.16325850784778595, 0.9399166703224182, 0.9399166666666666, 0.9398981833934726, '03:31']
[17, 0.1534596085548401, 0.16280654072761536, 0.9418333172798157, 0.9418333333333333, 0.9417919235639551, '03:31']
[18, 0.14684516191482544, 0.1611725240945816, 0.9440000057220459, 0.944, 0.9437493829582788, '03:30']
[19, 0.13573674857616425, 0.1575714647769928, 0.9431666731834412, 0.9431666666666667, 0.9432991810920717, '03:31']
[20, 0.14772753417491913, 0.1558884233236313, 0.9433333277702332, 0.9433333333333334, 0.9433906516162542, '03:30']
[21, 0.13513045012950897, 0.15566669404506683, 0.9440833330154419, 0.9440833333333334, 0.9438905296121416, '03:30']
[22, 0.12610171735286713, 0.15419650077819824, 0.9458333253860474, 0.9458333333333334, 0.9457143085579235, '03:30']
[23, 0.12499124556779861, 0.15438315272331238, 0.9455833435058594, 0.9455833333333334, 0.9455612018611411, '03:31']
[24, 0.11753111332654953, 0.15459097921848297, 0.9438333511352539, 0.9438333333333334, 0.943993722079554, '03:30']
[25, 0.13486087322235107, 0.15429221093654633, 0.9445000290870667, 0.9445, 0.9444648949597958, '03:30']
[26, 0.1221206858754158, 0.15359129011631012, 0.9449999928474426, 0.945, 0.9450455438958338, '03:30']
[27, 0.12104532122612, 0.15380555391311646, 0.9449999928474426, 0.945, 0.9449484471458426, '03:31']
[28, 0.11640648543834686, 0.15476709604263306, 0.9451666474342346, 0.9451666666666666, 0.9451522167916078, '03:31']
[29, 0.1143379881978035, 0.154303178191185, 0.9453333616256714, 0.9453333333333334, 0.9452838571704602, '03:31']

Tiempo de entrenamiento: 6336.92 segundos
/mnt/homeGPU/haoweihu/TFG/lib/python3.10/site-packages/fastai/learner.py:455: UserWarning: load_learner` uses Python's insecure pickle module, which can execute malicious arbitrary code when loading. Only load files you trust.
If you only need to load model weights and optimizer state, use the safe `Learner.load` instead.
  warn("load_learner` uses Python's insecure pickle module, which can execute malicious arbitrary code when loading. Only load files you trust.\nIf you only need to load model weights and optimizer state, use the safe `Learner.load` instead.")
Loss (valid): 0.1543
Accuracy (valid): 0.9453
Recall (valid): 0.9453
F1-Score (valid): 0.9453
/mnt/homeGPU/haoweihu/TFG/lib/python3.10/site-packages/torchvision/models/_utils.py:208: UserWarning: The parameter 'pretrained' is deprecated since 0.13 and may be removed in the future, please use 'weights' instead.
  warnings.warn(
/mnt/homeGPU/haoweihu/TFG/lib/python3.10/site-packages/torchvision/models/_utils.py:223: UserWarning: Arguments other than a weight enum or `None` for 'weights' are deprecated since 0.13 and may be removed in the future. The current behavior is equivalent to passing `weights=EfficientNet_V2_S_Weights.IMAGENET1K_V1`. You can also use `weights=EfficientNet_V2_S_Weights.DEFAULT` to get the most up-to-date weights.
  warnings.warn(msg)
Loss (test): 4.0241
Accuracy (test): 0.7544
Recall (test): 0.7544
F1-Score (test): 0.7542
---------------------------------------------------------------------------
Ejecutando: fmnist_90pct_effnetv2s_ss
---------------------------------------------------------------------------
False
Número total de imágenes en entrenamiento: 43200
Número total de imágenes en validación: 12000
Clases: ['Ankle boot', 'Bag', 'Coat', 'Dress', 'Pullover', 'Sandal', 'Shirt', 'Sneaker', 'T-shirt', 'Trouser']
weights = None
[0, 1.2053552865982056, 0.7466777563095093, 0.737416684627533, 0.7374166666666667, 0.7338550916656937, '04:12']
[1, 0.8625149130821228, 0.5651444792747498, 0.7979999780654907, 0.798, 0.7970278717648365, '03:51']
[2, 0.6063061356544495, 0.44017621874809265, 0.8373333215713501, 0.8373333333333333, 0.8376821731987002, '03:52']
[3, 0.4531303942203522, 0.337926983833313, 0.8743333220481873, 0.8743333333333332, 0.8747028789550052, '03:54']
[4, 0.38535988330841064, 0.28006401658058167, 0.8955833315849304, 0.8955833333333333, 0.8954503096178337, '03:56']
[5, 0.3228905498981476, 0.244853675365448, 0.9098333120346069, 0.9098333333333333, 0.9081184346125634, '03:54']
[6, 0.27954232692718506, 0.22702395915985107, 0.9154166579246521, 0.9154166666666667, 0.9142334894747893, '03:55']
[7, 0.2566758096218109, 0.1999323070049286, 0.9244166612625122, 0.9244166666666667, 0.9238165568036442, '03:58']
[8, 0.22483709454536438, 0.18890011310577393, 0.9290000200271606, 0.9289999999999999, 0.928312471377683, '03:55']
[9, 0.22490553557872772, 0.1861347258090973, 0.9306666851043701, 0.9306666666666666, 0.9295803517335022, '03:55']
[10, 0.20713068544864655, 0.17589351534843445, 0.9370833039283752, 0.9370833333333334, 0.9362391045566104, '03:56']
[11, 0.19193577766418457, 0.16392242908477783, 0.9415833353996277, 0.9415833333333333, 0.9416516350965158, '03:56']
[12, 0.20647983253002167, 0.15770584344863892, 0.9434999823570251, 0.9435, 0.9433970522268101, '03:56']
[13, 0.17291326820850372, 0.158125102519989, 0.9434166550636292, 0.9434166666666666, 0.9433650830993093, '03:54']
[14, 0.15889747440814972, 0.15746501088142395, 0.9434166550636292, 0.9434166666666666, 0.9431027036991084, '03:55']
[15, 0.16628865897655487, 0.15278397500514984, 0.9467499852180481, 0.94675, 0.946564163071358, '03:55']
[16, 0.16251733899116516, 0.1534782350063324, 0.9459999799728394, 0.946, 0.9459744437408, '03:54']
[17, 0.1415032297372818, 0.14698699116706848, 0.9495833516120911, 0.9495833333333333, 0.9495103238682953, '03:53']
[18, 0.14306378364562988, 0.14885522425174713, 0.9480000138282776, 0.9479999999999998, 0.9479936315473498, '03:55']
[19, 0.1426960676908493, 0.14894907176494598, 0.9467499852180481, 0.94675, 0.9462543166146189, '03:55']
[20, 0.13937193155288696, 0.1468641310930252, 0.9494166374206543, 0.9494166666666667, 0.9492677144272132, '03:54']
[21, 0.13198210299015045, 0.14545199275016785, 0.949999988079071, 0.95, 0.9498303954359251, '03:55']
[22, 0.13052140176296234, 0.14629070460796356, 0.9486666917800903, 0.9486666666666667, 0.9484405437673169, '03:56']
[23, 0.12002799659967422, 0.14568285644054413, 0.949916660785675, 0.9499166666666665, 0.9497265894571123, '03:56']
[24, 0.11344435811042786, 0.1473749428987503, 0.9488333463668823, 0.9488333333333332, 0.9484965265650667, '03:55']
[25, 0.12063514441251755, 0.14405228197574615, 0.950083315372467, 0.9500833333333333, 0.9499478222977457, '03:55']
[26, 0.11277654767036438, 0.14400745928287506, 0.9514166712760925, 0.9514166666666666, 0.9513217007335507, '03:56']
[27, 0.127163365483284, 0.14451737701892853, 0.9504166841506958, 0.9504166666666667, 0.9502022897956627, '03:56']
[28, 0.11224891245365143, 0.14312630891799927, 0.9507499933242798, 0.95075, 0.9505942251571255, '03:55']
[29, 0.11211209744215012, 0.14405739307403564, 0.9505833387374878, 0.9505833333333333, 0.9504398777673077, '03:55']

Tiempo de entrenamiento: 7078.87 segundos
/mnt/homeGPU/haoweihu/TFG/lib/python3.10/site-packages/fastai/learner.py:455: UserWarning: load_learner` uses Python's insecure pickle module, which can execute malicious arbitrary code when loading. Only load files you trust.
If you only need to load model weights and optimizer state, use the safe `Learner.load` instead.
  warn("load_learner` uses Python's insecure pickle module, which can execute malicious arbitrary code when loading. Only load files you trust.\nIf you only need to load model weights and optimizer state, use the safe `Learner.load` instead.")
Loss (valid): 0.1441
Accuracy (valid): 0.9506
Recall (valid): 0.9506
F1-Score (valid): 0.9504
Loss (test): 4.2060
Accuracy (test): 0.7576
Recall (test): 0.7578
F1-Score (test): 0.7567
mail: cannot send message: Process exited with a non-zero status
