---------------------------------------------------------------------------
--------------------------MODELOS DISTILLED 001-----------------------------
---------------------------------------------------------------------------
---------------------------------------------------------------------------
Ejecutando: mnist_dist1_auto_ex1
---------------------------------------------------------------------------
Número total de imágenes en entrenamiento: 10622
Número total de imágenes en validación: 11996

Clases: ['0', '1', '2', '3', '4', '5', '6', '7', '8', '9']
[0, 2.299222946166992, 2.2940878868103027, 0.09911637008190155, 0.1, 0.018035646568069778, '02:57']
[1, 2.042827606201172, 1.7071313858032227, 0.41997331380844116, 0.41661467883060366, 0.3374334177339944, '01:02']
[2, 0.6782097220420837, 0.4669780433177948, 0.8674558401107788, 0.8653581295331524, 0.8650012546068186, '01:11']
[3, 0.3495023846626282, 0.3224543333053589, 0.9025508761405945, 0.9015124452268216, 0.9011161041806497, '01:02']
[4, 0.2369503676891327, 0.22985251247882843, 0.9303101301193237, 0.9298563160747039, 0.92991806649454, '01:04']
[5, 0.190697580575943, 0.20810550451278687, 0.9371457099914551, 0.9367819891059364, 0.9363669686854289, '01:08']
[6, 0.16083328425884247, 0.1521327942609787, 0.9569023251533508, 0.9567074498611543, 0.9566311795474787, '01:21']
[7, 0.1381959617137909, 0.1178264394402504, 0.9669889807701111, 0.9664613841438386, 0.9667628361647971, '01:05']
[8, 0.11136651784181595, 0.1138191968202591, 0.9655718803405762, 0.9652279403113854, 0.9653235327174634, '01:04']
[9, 0.08378364145755768, 0.09690066426992416, 0.9715738296508789, 0.9712480441649994, 0.9714312226245209, '01:03']
[10, 0.0679648146033287, 0.099463552236557, 0.9704068303108215, 0.9702312015509051, 0.9702782640235389, '01:03']
[11, 0.058278296142816544, 0.08400259166955948, 0.9761587381362915, 0.9759039016982168, 0.9760747301176732, '01:02']
[12, 0.04804437234997749, 0.08627749979496002, 0.9744914770126343, 0.9743278312236685, 0.9743600928005147, '01:02']
[13, 0.0430375412106514, 0.09111455827951431, 0.9733244180679321, 0.9731423052852366, 0.973182857229461, '01:03']
[14, 0.03921196982264519, 0.10218428075313568, 0.9699900150299072, 0.9697228935421519, 0.9696771789048932, '01:02']
[15, 0.028548026457428932, 0.08301191031932831, 0.9767422676086426, 0.976439953063317, 0.976670855559717, '01:02']
[16, 0.02679378166794777, 0.08098296076059341, 0.9773257970809937, 0.9771526236376158, 0.97720737128778, '01:03']
[17, 0.0207342728972435, 0.08328337967395782, 0.9763254523277283, 0.976259940668381, 0.9761693100865247, '01:03']
[18, 0.016280151903629303, 0.0892067551612854, 0.9764087796211243, 0.976172609247414, 0.976164050529411, '01:04']
[19, 0.011420555412769318, 0.08516167849302292, 0.9787428975105286, 0.978332760118654, 0.9786077390230556, '01:04']
[20, 0.010645432397723198, 0.08245477825403214, 0.9793264269828796, 0.9790616387424341, 0.9791807701948706, '01:06']
[21, 0.006330214440822601, 0.081899493932724, 0.9798266291618347, 0.9795942446122871, 0.9797113503515906, '01:01']
No improvement since epoch 16: early stopping

Tiempo de entrenamiento: 1543.80 segundos
/mnt/homeGPU/haoweihu/TFG/lib/python3.10/site-packages/fastai/learner.py:455: UserWarning: load_learner` uses Python's insecure pickle module, which can execute malicious arbitrary code when loading. Only load files you trust.
If you only need to load model weights and optimizer state, use the safe `Learner.load` instead.
  warn("load_learner` uses Python's insecure pickle module, which can execute malicious arbitrary code when loading. Only load files you trust.\nIf you only need to load model weights and optimizer state, use the safe `Learner.load` instead.")
Loss: 0.0819
Accuracy: 0.9798
Recall: 0.9796
F1-Score: 0.9797
Loss: 0.06352207809686661
Accuracy: 0.9810696840286255
Recall (macro): 0.9807920018148643
F1 Score (macro): 0.9808788508935808
---------------------------------------------------------------------------
Ejecutando: fmnist_dist1_auto_ex1
---------------------------------------------------------------------------
Número total de imágenes en entrenamiento: 10620
Número total de imágenes en validación: 12000

Clases: ['Ankle boot', 'Bag', 'Coat', 'Dress', 'Pullover', 'Sandal', 'Shirt', 'Sneaker', 'T-shirt', 'Trouser']
[0, 2.2658400535583496, 2.228299140930176, 0.40658333897590637, 0.4065833333333334, 0.29675428179824015, '02:31']
[1, 1.418736457824707, 1.0914684534072876, 0.6244999766349792, 0.6245, 0.6147117364837008, '01:01']
[2, 0.9426069259643555, 0.8594477772712708, 0.6820833086967468, 0.6820833333333335, 0.6618096729028424, '01:01']
[3, 0.8194441199302673, 0.7693741917610168, 0.7108333110809326, 0.7108333333333333, 0.68379069259815, '01:00']
[4, 0.7133615612983704, 0.6938109397888184, 0.7236666679382324, 0.7236666666666667, 0.6991400343123748, '01:01']
[5, 0.6752333045005798, 0.6630040407180786, 0.7542499899864197, 0.75425, 0.747435042754631, '01:01']
[6, 0.6334623098373413, 0.678666889667511, 0.7400833368301392, 0.7400833333333333, 0.7248278883313688, '01:01']
[7, 0.590340793132782, 0.5940940380096436, 0.7799166440963745, 0.7799166666666666, 0.7758163125868057, '01:02']
[8, 0.5473376512527466, 0.5477546453475952, 0.8026666641235352, 0.8026666666666668, 0.7933690340969126, '01:03']
[9, 0.5146349668502808, 0.513971209526062, 0.809416651725769, 0.8094166666666668, 0.8092501682501274, '01:02']
[10, 0.4944300651550293, 0.498054563999176, 0.8255000114440918, 0.8255000000000001, 0.8220170706913834, '01:02']
[11, 0.47018668055534363, 0.5125634074211121, 0.8117499947547913, 0.81175, 0.8139296638726237, '01:01']
[12, 0.4515944719314575, 0.49007752537727356, 0.8198333382606506, 0.8198333333333332, 0.8110962063390753, '01:01']
[13, 0.4184938073158264, 0.47978708148002625, 0.8245833516120911, 0.8245833333333332, 0.8238603209573832, '01:18']
[14, 0.39227086305618286, 0.45735058188438416, 0.8377500176429749, 0.83775, 0.8360080710782014, '01:01']
[15, 0.38191094994544983, 0.4322631061077118, 0.8475833535194397, 0.8475833333333334, 0.8443498363366103, '01:02']
[16, 0.3566998839378357, 0.427551805973053, 0.8474166393280029, 0.8474166666666667, 0.8431598262127494, '01:02']
[17, 0.33901864290237427, 0.43059879541397095, 0.8483333587646484, 0.8483333333333334, 0.8435581978646974, '01:01']
[18, 0.3292372226715088, 0.429298996925354, 0.8484166860580444, 0.8484166666666667, 0.8469335033222075, '01:00']
[19, 0.31847986578941345, 0.41975346207618713, 0.8530833125114441, 0.8530833333333334, 0.8532237308015358, '01:00']
[20, 0.3135361969470978, 0.4021678864955902, 0.8566666841506958, 0.8566666666666667, 0.8541648080465591, '01:03']
[21, 0.3069106936454773, 0.4057084918022156, 0.8565833568572998, 0.8565833333333334, 0.8541516386904252, '01:08']
[22, 0.291526198387146, 0.40614309906959534, 0.8586666584014893, 0.8586666666666668, 0.8574811892814477, '01:03']
[23, 0.27692583203315735, 0.399791955947876, 0.859416663646698, 0.8594166666666666, 0.8573651710128614, '01:01']
[24, 0.28717225790023804, 0.40077120065689087, 0.8611666560173035, 0.8611666666666666, 0.8603869758788415, '01:02']
[25, 0.2897377908229828, 0.39965564012527466, 0.8608333468437195, 0.8608333333333335, 0.8618280851024387, '01:02']
[26, 0.2642745077610016, 0.39623212814331055, 0.8638333082199097, 0.8638333333333333, 0.862676227850313, '01:00']
[27, 0.26203131675720215, 0.39446699619293213, 0.8640000224113464, 0.8639999999999999, 0.8633060200462681, '01:01']
[28, 0.2609557807445526, 0.39444634318351746, 0.8644999861717224, 0.8644999999999999, 0.8639395336875217, '01:02']
[29, 0.2529454231262207, 0.3941998779773712, 0.8649166822433472, 0.8649166666666666, 0.8644174196446774, '01:03']

Tiempo de entrenamiento: 1970.83 segundos
/mnt/homeGPU/haoweihu/TFG/lib/python3.10/site-packages/fastai/learner.py:455: UserWarning: load_learner` uses Python's insecure pickle module, which can execute malicious arbitrary code when loading. Only load files you trust.
If you only need to load model weights and optimizer state, use the safe `Learner.load` instead.
  warn("load_learner` uses Python's insecure pickle module, which can execute malicious arbitrary code when loading. Only load files you trust.\nIf you only need to load model weights and optimizer state, use the safe `Learner.load` instead.")
Loss: 0.3942
Accuracy: 0.8649
Recall: 0.8649
F1-Score: 0.8644
Loss: 3.0264716148376465
Accuracy: 0.6803886294364929
Recall (macro): 0.6805490442042682
F1 Score (macro): 0.6793284320715117
---------------------------------------------------------------------------
Ejecutando: cifar_dist1_auto_ex1
---------------------------------------------------------------------------
Número total de imágenes en entrenamiento: 9000
Número total de imágenes en validación: 10000

Clases: ['airplane', 'automobile', 'bird', 'cat', 'deer', 'dog', 'frog', 'horse', 'ship', 'truck']
[0, 2.302807569503784, 2.30181884765625, 0.10000000149011612, 0.1, 0.01818181818181818, '01:58']
[1, 2.293865919113159, 2.2839267253875732, 0.1542000025510788, 0.1542, 0.07539008616520568, '00:52']
[2, 2.1747143268585205, 2.1344618797302246, 0.2152000069618225, 0.2152, 0.16533824030297256, '00:53']
[3, 2.058703899383545, 2.0322325229644775, 0.2565000057220459, 0.2565, 0.21423247730696934, '00:53']
[4, 1.9797288179397583, 1.9582862854003906, 0.28139999508857727, 0.2814, 0.2459837941459238, '00:58']
[5, 1.8974941968917847, 1.8671857118606567, 0.3163999915122986, 0.31640000000000007, 0.30059889195911726, '00:52']
[6, 1.836691975593567, 1.800268530845642, 0.34459999203681946, 0.3446, 0.3191739837212821, '01:03']
[7, 1.7886290550231934, 1.8067407608032227, 0.33809998631477356, 0.33809999999999996, 0.3192194689846321, '00:53']
[8, 1.738700032234192, 1.738311767578125, 0.3695000112056732, 0.3695, 0.36726603201655683, '00:52']
[9, 1.710680603981018, 1.7108787298202515, 0.3824999928474426, 0.3825, 0.3739553154391714, '00:53']
[10, 1.6747784614562988, 1.7156740427017212, 0.37940001487731934, 0.37939999999999996, 0.3791084701529034, '00:52']
[11, 1.6628782749176025, 1.6640756130218506, 0.4027999937534332, 0.40279999999999994, 0.3997901011898478, '00:53']
[12, 1.6195570230484009, 1.6705896854400635, 0.4027999937534332, 0.40280000000000005, 0.4043905028246801, '00:52']
[13, 1.5870239734649658, 1.6636831760406494, 0.40610000491142273, 0.4061, 0.39670168686840734, '00:52']
[14, 1.5564020872116089, 1.6471515893936157, 0.40709999203681946, 0.40709999999999996, 0.39252280630038217, '00:52']
[15, 1.528041958808899, 1.6771711111068726, 0.4027000069618225, 0.40269999999999995, 0.39243592011379685, '00:52']
[16, 1.5265467166900635, 1.6263083219528198, 0.4212000072002411, 0.42119999999999996, 0.4096748667977458, '00:53']
[17, 1.4884659051895142, 1.6302968263626099, 0.42080000042915344, 0.4208, 0.41657027385597434, '00:53']
[18, 1.471174716949463, 1.5966951847076416, 0.4309999942779541, 0.43100000000000005, 0.42819036755900874, '00:52']
[19, 1.4512690305709839, 1.6077245473861694, 0.4278999865055084, 0.4279, 0.417235494965552, '00:53']
[20, 1.428825855255127, 1.6016864776611328, 0.4334000051021576, 0.43340000000000006, 0.43156716673695267, '00:52']
[21, 1.4231420755386353, 1.5853420495986938, 0.43299999833106995, 0.433, 0.42436720660606025, '00:53']
[22, 1.4056168794631958, 1.6063851118087769, 0.4302000105381012, 0.4302, 0.42311071287636304, '00:53']
[23, 1.3862236738204956, 1.58663010597229, 0.43860000371932983, 0.4386, 0.43072715276417906, '00:52']
[24, 1.393141746520996, 1.5807719230651855, 0.4381999969482422, 0.4382, 0.43146850532802394, '00:52']
[25, 1.3778064250946045, 1.5749396085739136, 0.4406999945640564, 0.4407, 0.4346835819180832, '00:53']
[26, 1.364121913909912, 1.5766632556915283, 0.44130000472068787, 0.4413, 0.4360883165674454, '00:51']
[27, 1.3591597080230713, 1.5737942457199097, 0.4415999948978424, 0.44160000000000005, 0.43683324432580983, '01:01']
[28, 1.358161449432373, 1.5734214782714844, 0.44179999828338623, 0.4418, 0.43744787510485983, '00:51']
[29, 1.3569260835647583, 1.573415994644165, 0.4424000084400177, 0.44239999999999996, 0.43771729020955136, '00:53']

Tiempo de entrenamiento: 1676.97 segundos
/mnt/homeGPU/haoweihu/TFG/lib/python3.10/site-packages/fastai/learner.py:455: UserWarning: load_learner` uses Python's insecure pickle module, which can execute malicious arbitrary code when loading. Only load files you trust.
If you only need to load model weights and optimizer state, use the safe `Learner.load` instead.
  warn("load_learner` uses Python's insecure pickle module, which can execute malicious arbitrary code when loading. Only load files you trust.\nIf you only need to load model weights and optimizer state, use the safe `Learner.load` instead.")
Loss: 1.5734
Accuracy: 0.4424
Recall: 0.4424
F1-Score: 0.4377
Loss: 1.577372670173645
Accuracy: 0.43910256028175354
Recall (macro): 0.4391186824207298
F1 Score (macro): 0.43405186291275194
---------------------------------------------------------------------------
--------------------------MODELOS DISTILLED 005-----------------------------
---------------------------------------------------------------------------
---------------------------------------------------------------------------
Ejecutando: mnist_dist5_auto_ex1
---------------------------------------------------------------------------
Número total de imágenes en entrenamiento: 9814
Número total de imágenes en validación: 11996

Clases: ['0', '1', '2', '3', '4', '5', '6', '7', '8', '9']
[0, 2.261443853378296, 2.2269396781921387, 0.4487329125404358, 0.4425674647212884, 0.3802696632715851, '02:27']
[1, 1.4517847299575806, 0.9283626079559326, 0.7565021514892578, 0.7520259634923754, 0.7512057827806428, '00:59']
[2, 0.5824084877967834, 0.44510307908058167, 0.8720406889915466, 0.8701805783165586, 0.8698489214793208, '00:59']
[3, 0.37828677892684937, 0.32193246483802795, 0.9024674892425537, 0.9012881994936226, 0.9015190387158494, '00:58']
[4, 0.2727070450782776, 0.2568795680999756, 0.9210570454597473, 0.9196889958803537, 0.9200123087721541, '00:57']
[5, 0.21651481091976166, 0.18588505685329437, 0.9419806599617004, 0.9414804741362243, 0.9418483177851368, '00:59']
[6, 0.16398000717163086, 0.16120602190494537, 0.9491497278213501, 0.9490452940128673, 0.9490124464127516, '00:59']
[7, 0.13978682458400726, 0.140299990773201, 0.9555685520172119, 0.9550037561047798, 0.9553295097522108, '01:00']
[8, 0.10890331864356995, 0.11163077503442764, 0.9649049639701843, 0.9645628019620511, 0.964742954727481, '00:59']
[9, 0.09925633668899536, 0.14612604677677155, 0.9534011483192444, 0.9528823379457098, 0.9533409794144496, '00:59']
[10, 0.08223439753055573, 0.10315119475126266, 0.9684894680976868, 0.9684090749743687, 0.9684502810751028, '00:59']
[11, 0.06732001155614853, 0.09442257881164551, 0.9715738296508789, 0.9714767599704475, 0.9713386567451323, '01:00']
[12, 0.06779143214225769, 0.09157070517539978, 0.9718239307403564, 0.971646589937792, 0.9718085032767696, '00:59']
[13, 0.04251541942358017, 0.11228621751070023, 0.9654884934425354, 0.9654940069089453, 0.9652753593937364, '00:59']
[14, 0.04627754166722298, 0.08853399008512497, 0.97215735912323, 0.9719324672068336, 0.9720926836213092, '00:58']
[15, 0.044032834470272064, 0.11016034334897995, 0.9675725102424622, 0.9673578243441305, 0.9675501105857942, '01:00']
[16, 0.028717951849102974, 0.09406054019927979, 0.9741580486297607, 0.9738503196990145, 0.9740779429305093, '00:59']
[17, 0.021379807963967323, 0.10644955933094025, 0.97215735912323, 0.9723186109158315, 0.9722126834369412, '00:59']
[18, 0.01682586967945099, 0.09583979845046997, 0.9739079475402832, 0.9735728925853715, 0.9737797533550221, '00:58']
[19, 0.013038772158324718, 0.09892400354146957, 0.9750750064849854, 0.9749493167304489, 0.974885881412965, '00:59']
No improvement since epoch 14: early stopping

Tiempo de entrenamiento: 1275.73 segundos
/mnt/homeGPU/haoweihu/TFG/lib/python3.10/site-packages/fastai/learner.py:455: UserWarning: load_learner` uses Python's insecure pickle module, which can execute malicious arbitrary code when loading. Only load files you trust.
If you only need to load model weights and optimizer state, use the safe `Learner.load` instead.
  warn("load_learner` uses Python's insecure pickle module, which can execute malicious arbitrary code when loading. Only load files you trust.\nIf you only need to load model weights and optimizer state, use the safe `Learner.load` instead.")
Loss: 0.0989
Accuracy: 0.9751
Recall: 0.9749
F1-Score: 0.9749
Loss: 0.080917589366436
Accuracy: 0.9794671535491943
Recall (macro): 0.9792374658705647
F1 Score (macro): 0.9792823034766472
---------------------------------------------------------------------------
Ejecutando: fmnist_dist5_auto_ex1
---------------------------------------------------------------------------
Número total de imágenes en entrenamiento: 9800
Número total de imágenes en validación: 12000

Clases: ['Ankle boot', 'Bag', 'Coat', 'Dress', 'Pullover', 'Sandal', 'Shirt', 'Sneaker', 'T-shirt', 'Trouser']
[0, 2.2698237895965576, 2.2394487857818604, 0.21033333241939545, 0.21033333333333332, 0.09465929538680022, '02:17']
[1, 1.6307730674743652, 1.2598551511764526, 0.565583348274231, 0.5655833333333333, 0.5197541464500652, '00:58']
[2, 0.957068145275116, 0.8941857218742371, 0.6710000038146973, 0.671, 0.6439670559608, '01:01']
[3, 0.8014910221099854, 0.7681791186332703, 0.7023333311080933, 0.7023333333333334, 0.6793333815990283, '00:59']
[4, 0.7082878947257996, 0.7106051445007324, 0.7383333444595337, 0.7383333333333334, 0.7130532136328185, '00:59']
[5, 0.6648037433624268, 0.6405661106109619, 0.7561666369438171, 0.7561666666666668, 0.7452855147751924, '00:59']
[6, 0.591716468334198, 0.6152308583259583, 0.7550833225250244, 0.7550833333333333, 0.7555340462106166, '00:59']
[7, 0.5574793815612793, 0.582027018070221, 0.7807499766349792, 0.78075, 0.76360076963889, '00:59']
[8, 0.5105470418930054, 0.5248951315879822, 0.7981666922569275, 0.7981666666666667, 0.7712727789405703, '01:00']
[9, 0.4807950258255005, 0.5216197371482849, 0.8034166693687439, 0.8034166666666666, 0.7937478578106458, '00:59']
[10, 0.4665551781654358, 0.48595401644706726, 0.812749981880188, 0.8127500000000001, 0.7955238051563421, '00:58']
[11, 0.4273660480976105, 0.4397287666797638, 0.8388333320617676, 0.8388333333333333, 0.836569961831475, '01:01']
[12, 0.4211815893650055, 0.44146594405174255, 0.8374166488647461, 0.8374166666666667, 0.8319366752332042, '00:58']
[13, 0.39530935883522034, 0.4235229194164276, 0.843916654586792, 0.8439166666666666, 0.839658583194226, '00:59']
[14, 0.37537097930908203, 0.4253142178058624, 0.8456666469573975, 0.8456666666666667, 0.8464232286918667, '00:58']
[15, 0.3522408902645111, 0.40463733673095703, 0.8514999747276306, 0.8514999999999999, 0.8495502082510763, '00:59']
[16, 0.3374740779399872, 0.3945743441581726, 0.8547499775886536, 0.8547499999999999, 0.8528128272269827, '00:58']
[17, 0.33752623200416565, 0.4098255932331085, 0.8474166393280029, 0.8474166666666665, 0.8492873863470317, '00:59']
[18, 0.3198586106300354, 0.39488768577575684, 0.8537499904632568, 0.85375, 0.8493656432136373, '00:58']
[19, 0.3088713586330414, 0.39326635003089905, 0.8522499799728394, 0.8522500000000001, 0.8542734196600297, '00:59']
[20, 0.29960259795188904, 0.3904646337032318, 0.8577499985694885, 0.85775, 0.8581742292462208, '01:04']
[21, 0.29023292660713196, 0.37236180901527405, 0.8669999837875366, 0.867, 0.8653000487838239, '00:58']
[22, 0.2802354395389557, 0.37029942870140076, 0.8656666874885559, 0.8656666666666666, 0.8650894898109298, '00:59']
[23, 0.26978799700737, 0.3692037761211395, 0.8669166564941406, 0.8669166666666666, 0.8653496427065397, '00:59']
[24, 0.26678016781806946, 0.3653523325920105, 0.8684999942779541, 0.8685, 0.8661200256273325, '00:59']
[25, 0.25691908597946167, 0.365260511636734, 0.8681666851043701, 0.8681666666666666, 0.8668576040349818, '00:59']
[26, 0.26166433095932007, 0.362508624792099, 0.8697500228881836, 0.86975, 0.8681026940546086, '00:58']
[27, 0.2619391083717346, 0.3613522946834564, 0.8709999918937683, 0.8709999999999999, 0.869904471979754, '00:59']
[28, 0.25292086601257324, 0.36111363768577576, 0.8700833320617676, 0.8700833333333333, 0.8691302417568473, '01:00']
[29, 0.25035834312438965, 0.3611049950122833, 0.8702499866485596, 0.8702500000000001, 0.869330466368446, '01:00']

Tiempo de entrenamiento: 1868.34 segundos
/mnt/homeGPU/haoweihu/TFG/lib/python3.10/site-packages/fastai/learner.py:455: UserWarning: load_learner` uses Python's insecure pickle module, which can execute malicious arbitrary code when loading. Only load files you trust.
If you only need to load model weights and optimizer state, use the safe `Learner.load` instead.
  warn("load_learner` uses Python's insecure pickle module, which can execute malicious arbitrary code when loading. Only load files you trust.\nIf you only need to load model weights and optimizer state, use the safe `Learner.load` instead.")
Loss: 0.3611
Accuracy: 0.8702
Recall: 0.8703
F1-Score: 0.8693
Loss: 2.8732752799987793
Accuracy: 0.6863982081413269
Recall (macro): 0.6863921047547529
F1 Score (macro): 0.6851293846215918
---------------------------------------------------------------------------
Ejecutando: cifar_dist5_auto_ex1
---------------------------------------------------------------------------
Número total de imágenes en entrenamiento: 8200
Número total de imágenes en validación: 10000

Clases: ['airplane', 'automobile', 'bird', 'cat', 'deer', 'dog', 'frog', 'horse', 'ship', 'truck']
[0, 2.3037052154541016, 2.3032987117767334, 0.13349999487400055, 0.1335, 0.052607424176241535, '02:24']
[1, 2.299896478652954, 2.294170379638672, 0.14090000092983246, 0.1409, 0.06196247933638734, '00:50']
[2, 2.2293832302093506, 2.169574499130249, 0.19869999587535858, 0.1987, 0.15463545942233023, '00:51']
[3, 2.119988203048706, 2.0745272636413574, 0.24629999697208405, 0.24630000000000002, 0.21926774191012027, '00:51']
[4, 2.040250062942505, 2.025555372238159, 0.24789999425411224, 0.2479, 0.22708664663893185, '00:50']
[5, 1.9600675106048584, 1.9241650104522705, 0.3082999885082245, 0.3083, 0.2806288440053451, '00:51']
[6, 1.8960455656051636, 1.8481167554855347, 0.3334999978542328, 0.3335, 0.3147518715016321, '00:51']
[7, 1.828170657157898, 1.8034191131591797, 0.3476000130176544, 0.3476, 0.31776212581268337, '00:49']
[8, 1.7710509300231934, 1.7607381343841553, 0.36419999599456787, 0.3642, 0.34380079661918733, '00:57']
[9, 1.737993597984314, 1.7512431144714355, 0.3693000078201294, 0.36929999999999996, 0.34760946787223146, '00:51']
[10, 1.7048829793930054, 1.6881816387176514, 0.39640000462532043, 0.3964, 0.39042013636158196, '00:52']
[11, 1.6601589918136597, 1.6684695482254028, 0.4025000035762787, 0.40249999999999997, 0.3924601834978758, '00:51']
[12, 1.6326942443847656, 1.6596558094024658, 0.40630000829696655, 0.4063, 0.39505578633885363, '00:50']
[13, 1.60658860206604, 1.7013722658157349, 0.3865000009536743, 0.3865, 0.36732316996095526, '00:50']
[14, 1.5704290866851807, 1.6125357151031494, 0.42089998722076416, 0.42089999999999994, 0.4053007939627927, '00:50']
[15, 1.5585858821868896, 1.623822808265686, 0.41749998927116394, 0.4175, 0.395306696012881, '00:50']
[16, 1.5205389261245728, 1.6468582153320312, 0.40959998965263367, 0.4096, 0.3985730986591421, '00:50']
[17, 1.5008482933044434, 1.583437442779541, 0.43529999256134033, 0.43529999999999996, 0.4261049572584831, '00:50']
[18, 1.4818847179412842, 1.5905227661132812, 0.4341000020503998, 0.43410000000000004, 0.4281183257757468, '00:52']
[19, 1.457699179649353, 1.5640430450439453, 0.4433000087738037, 0.44329999999999997, 0.435948757894047, '00:51']
[20, 1.4408892393112183, 1.5652971267700195, 0.44190001487731934, 0.44189999999999996, 0.43150125976755394, '00:51']
[21, 1.4229220151901245, 1.5565123558044434, 0.448199987411499, 0.44820000000000004, 0.44022973931642023, '00:51']
[22, 1.4001538753509521, 1.5585275888442993, 0.4487000107765198, 0.4487, 0.44012208329394886, '00:50']
[23, 1.4128491878509521, 1.5479623079299927, 0.4528000056743622, 0.45280000000000004, 0.4465702022219892, '00:51']
[24, 1.3892563581466675, 1.5471681356430054, 0.4489000141620636, 0.4489000000000001, 0.443657098141114, '00:51']
[25, 1.3729581832885742, 1.5430891513824463, 0.45559999346733093, 0.4556, 0.44985540275809893, '00:51']
[26, 1.367260456085205, 1.545747995376587, 0.45239999890327454, 0.4524, 0.44568404844794285, '00:50']
[27, 1.3618735074996948, 1.5425198078155518, 0.4537000060081482, 0.4537000000000001, 0.4476305940597272, '00:49']
[28, 1.3540856838226318, 1.5411262512207031, 0.454800009727478, 0.4548, 0.4494579279814198, '00:50']
[29, 1.3634364604949951, 1.5412551164627075, 0.45419999957084656, 0.4542, 0.4491303995320549, '00:51']

Tiempo de entrenamiento: 1631.93 segundos
/mnt/homeGPU/haoweihu/TFG/lib/python3.10/site-packages/fastai/learner.py:455: UserWarning: load_learner` uses Python's insecure pickle module, which can execute malicious arbitrary code when loading. Only load files you trust.
If you only need to load model weights and optimizer state, use the safe `Learner.load` instead.
  warn("load_learner` uses Python's insecure pickle module, which can execute malicious arbitrary code when loading. Only load files you trust.\nIf you only need to load model weights and optimizer state, use the safe `Learner.load` instead.")
Loss: 1.5413
Accuracy: 0.4542
Recall: 0.4542
F1-Score: 0.4491
Loss: 1.548784852027893
Accuracy: 0.44561296701431274
Recall (macro): 0.44564414301478034
F1 Score (macro): 0.44038477635758994
---------------------------------------------------------------------------
--------------------------MODELOS DISTILLED 0001----------------------------
---------------------------------------------------------------------------
---------------------------------------------------------------------------
Ejecutando: mnist_dist01_auto_ex1
---------------------------------------------------------------------------
Número total de imágenes en entrenamiento: 21714
Número total de imágenes en validación: 11996

Clases: ['0', '1', '2', '3', '4', '5', '6', '7', '8', '9']
[0, 2.0893006324768066, 1.9487922191619873, 0.5225908756256104, 0.5149931684199375, 0.46205411062433105, '03:34']
[1, 0.5542736649513245, 0.5386604070663452, 0.8353617787361145, 0.8329760499179999, 0.8334698241805849, '01:31']
[2, 0.279769629240036, 0.4137055277824402, 0.8744581341743469, 0.8741862409599847, 0.8744159152401332, '01:32']
[3, 0.18641957640647888, 0.24824009835720062, 0.9249749779701233, 0.9241275737459311, 0.9239771872353044, '01:32']
[4, 0.12726230919361115, 0.18384811282157898, 0.9438979625701904, 0.9430736152697012, 0.943573748404939, '01:32']
[5, 0.10958544164896011, 0.14864271879196167, 0.9544848203659058, 0.9543413919924097, 0.9541747431868813, '01:31']
[6, 0.07493381947278976, 0.11875759065151215, 0.9640713334083557, 0.9637953591773545, 0.9638644180824203, '01:31']
[7, 0.06649702787399292, 0.12692201137542725, 0.9617372751235962, 0.9618620218684699, 0.9613478107109257, '01:31']
[8, 0.05904931575059891, 0.10558202117681503, 0.9672390818595886, 0.9665779669862873, 0.967100101323725, '01:33']
[9, 0.04497561231255531, 0.13184836506843567, 0.964404821395874, 0.9637703811309921, 0.9641493921056856, '01:38']
[10, 0.04429759457707405, 0.07432214170694351, 0.9768255949020386, 0.9766665031172164, 0.9766124759083489, '01:40']
[11, 0.03011876344680786, 0.08878044039011002, 0.9748249650001526, 0.9743158505220251, 0.9745558542926382, '01:31']
[12, 0.02842913754284382, 0.08685409277677536, 0.9770756959915161, 0.9770396285276037, 0.9768555702122738, '01:30']
[13, 0.025448014959692955, 0.10318872332572937, 0.9742414355278015, 0.9740473843106574, 0.974078593745374, '01:30']
[14, 0.01899244822561741, 0.09190963208675385, 0.976492166519165, 0.976294938293664, 0.9762760398404697, '01:39']
[15, 0.012636421248316765, 0.08903586119413376, 0.9769923090934753, 0.9770052033433713, 0.9768340470922359, '01:31']
No improvement since epoch 10: early stopping

Tiempo de entrenamiento: 1613.55 segundos
/mnt/homeGPU/haoweihu/TFG/lib/python3.10/site-packages/fastai/learner.py:455: UserWarning: load_learner` uses Python's insecure pickle module, which can execute malicious arbitrary code when loading. Only load files you trust.
If you only need to load model weights and optimizer state, use the safe `Learner.load` instead.
  warn("load_learner` uses Python's insecure pickle module, which can execute malicious arbitrary code when loading. Only load files you trust.\nIf you only need to load model weights and optimizer state, use the safe `Learner.load` instead.")
Loss: 0.0890
Accuracy: 0.9770
Recall: 0.9770
F1-Score: 0.9768
Loss: 0.05909697711467743
Accuracy: 0.9837740659713745
Recall (macro): 0.9837007493492195
F1 Score (macro): 0.983648574165392
---------------------------------------------------------------------------
Ejecutando: fmnist_dist01_auto_ex1
---------------------------------------------------------------------------
Número total de imágenes en entrenamiento: 22400
Número total de imágenes en validación: 12000

Clases: ['Ankle boot', 'Bag', 'Coat', 'Dress', 'Pullover', 'Sandal', 'Shirt', 'Sneaker', 'T-shirt', 'Trouser']
[0, 2.0009031295776367, 1.7859605550765991, 0.4479166567325592, 0.44791666666666663, 0.37013718515980704, '03:37']
[1, 0.9522354602813721, 0.9443556070327759, 0.6507499814033508, 0.65075, 0.6301749116233144, '01:31']
[2, 0.761646032333374, 0.8016228675842285, 0.6779999732971191, 0.6779999999999998, 0.6692588678189683, '01:30']
[3, 0.6496391892433167, 0.6850416660308838, 0.7386666536331177, 0.7386666666666667, 0.721852459790296, '01:32']
[4, 0.5894008278846741, 0.6444535255432129, 0.76583331823349, 0.7658333333333333, 0.7611352737357627, '01:32']
[5, 0.5228945016860962, 0.5549371242523193, 0.7929166555404663, 0.7929166666666668, 0.785797787885995, '01:34']
[6, 0.4553966820240021, 0.5072270631790161, 0.8144999742507935, 0.8145, 0.804402470835172, '01:34']
[7, 0.4054698944091797, 0.4737592041492462, 0.8334166407585144, 0.8334166666666667, 0.8282798713318386, '01:33']
[8, 0.37898653745651245, 0.45769843459129333, 0.8309999704360962, 0.8309999999999998, 0.8318948038659325, '01:33']
[9, 0.3395388722419739, 0.450191855430603, 0.8379999995231628, 0.8380000000000001, 0.8389840565351474, '01:32']
[10, 0.32074612379074097, 0.44557321071624756, 0.8399999737739563, 0.8400000000000001, 0.8404743219750944, '01:32']
[11, 0.2959349751472473, 0.4078651964664459, 0.8605833053588867, 0.8605833333333333, 0.856703990967395, '01:33']
[12, 0.2811093330383301, 0.38036495447158813, 0.8672500252723694, 0.86725, 0.8664671987368069, '01:31']
[13, 0.2644057869911194, 0.3812525272369385, 0.8701666593551636, 0.8701666666666666, 0.8675324487172279, '01:33']
[14, 0.2607850432395935, 0.38386020064353943, 0.8679999709129333, 0.868, 0.870123813523097, '01:33']
[15, 0.2351083904504776, 0.38603246212005615, 0.8654166460037231, 0.8654166666666667, 0.8660733218317189, '01:34']
[16, 0.22844183444976807, 0.3687655031681061, 0.8728333115577698, 0.8728333333333333, 0.8725859847736845, '01:32']
[17, 0.2214805632829666, 0.36655911803245544, 0.8744999766349792, 0.8744999999999999, 0.8741515820803368, '01:33']
[18, 0.21573972702026367, 0.3751685321331024, 0.874666690826416, 0.8746666666666668, 0.8735310583368701, '01:33']
[19, 0.21509569883346558, 0.36833906173706055, 0.8741666674613953, 0.8741666666666668, 0.8742698175871692, '01:33']
[20, 0.20030531287193298, 0.3704715073108673, 0.878166675567627, 0.8781666666666667, 0.8768353526317462, '01:34']
[21, 0.19186104834079742, 0.37764859199523926, 0.8765833377838135, 0.8765833333333333, 0.8769329133734797, '01:48']
[22, 0.18042854964733124, 0.3686414062976837, 0.8820000290870667, 0.882, 0.8822203820123636, '01:35']
No improvement since epoch 17: early stopping

Tiempo de entrenamiento: 2283.89 segundos
/mnt/homeGPU/haoweihu/TFG/lib/python3.10/site-packages/fastai/learner.py:455: UserWarning: load_learner` uses Python's insecure pickle module, which can execute malicious arbitrary code when loading. Only load files you trust.
If you only need to load model weights and optimizer state, use the safe `Learner.load` instead.
  warn("load_learner` uses Python's insecure pickle module, which can execute malicious arbitrary code when loading. Only load files you trust.\nIf you only need to load model weights and optimizer state, use the safe `Learner.load` instead.")
Loss: 0.3686
Accuracy: 0.8820
Recall: 0.8820
F1-Score: 0.8822
Loss: 4.170081615447998
Accuracy: 0.69921875
Recall (macro): 0.6992348089459863
F1 Score (macro): 0.6998561574846472
---------------------------------------------------------------------------
Ejecutando: cifar_dist01_auto_ex1
---------------------------------------------------------------------------
Número total de imágenes en entrenamiento: 18670
Número total de imágenes en validación: 10000

Clases: ['airplane', 'automobile', 'bird', 'cat', 'deer', 'dog', 'frog', 'horse', 'ship', 'truck']
[0, 2.2969555854797363, 2.2928426265716553, 0.15690000355243683, 0.1569, 0.09083521564899921, '03:52']
[1, 2.177586078643799, 2.1703414916992188, 0.1899999976158142, 0.19, 0.15848994385925028, '01:37']
[2, 2.0563454627990723, 2.0970535278320312, 0.2402999997138977, 0.2403, 0.21131914003080396, '01:37']
[3, 1.943952202796936, 1.965012550354004, 0.2858000099658966, 0.2858, 0.27145225016806196, '01:49']
[4, 1.8197208642959595, 1.888512134552002, 0.3215000033378601, 0.3215, 0.2988397269745905, '01:38']
[5, 1.7498217821121216, 1.8159207105636597, 0.3522999882698059, 0.3523, 0.34156579552937194, '01:38']
[6, 1.6866180896759033, 1.7672964334487915, 0.36629998683929443, 0.36629999999999996, 0.3578106284487993, '01:22']
[7, 1.6345229148864746, 1.7184351682662964, 0.3797999918460846, 0.3798, 0.36501031660219907, '01:28']
[8, 1.585310459136963, 1.7192611694335938, 0.38370001316070557, 0.38369999999999993, 0.36922511509368433, '01:24']
[9, 1.5423986911773682, 1.6839704513549805, 0.3991999924182892, 0.3992, 0.3926211881743512, '01:30']
[10, 1.4936109781265259, 1.6718679666519165, 0.41819998621940613, 0.41819999999999996, 0.41366115235384215, '01:21']
[11, 1.4590606689453125, 1.6547805070877075, 0.4207000136375427, 0.42069999999999996, 0.4148200400709777, '01:21']
[12, 1.457410454750061, 1.638118863105774, 0.4187000095844269, 0.4187, 0.4064716426629518, '01:22']
[13, 1.4215949773788452, 1.6415923833847046, 0.4268999993801117, 0.4269, 0.4213380394416372, '01:20']
[14, 1.384134292602539, 1.5993163585662842, 0.4383000135421753, 0.4383, 0.4310639291619773, '01:21']
[15, 1.357086420059204, 1.623941421508789, 0.43479999899864197, 0.43479999999999996, 0.4314792503319951, '01:22']
[16, 1.3348023891448975, 1.5940477848052979, 0.4449999928474426, 0.445, 0.43746969846608347, '01:22']
[17, 1.2984565496444702, 1.609023094177246, 0.4413999915122986, 0.44140000000000007, 0.43729767413066467, '01:21']
[18, 1.271199107170105, 1.5940507650375366, 0.45320001244544983, 0.4532, 0.4474921904392654, '01:21']
[19, 1.2616957426071167, 1.6144235134124756, 0.4406999945640564, 0.4407, 0.42617598360172737, '01:21']
[20, 1.2451339960098267, 1.6125167608261108, 0.44830000400543213, 0.44830000000000003, 0.44662402143667174, '01:21']
[21, 1.1918275356292725, 1.5978871583938599, 0.4584999978542328, 0.4585000000000001, 0.452522802578515, '01:21']
No improvement since epoch 16: early stopping

Tiempo de entrenamiento: 2059.55 segundos
/mnt/homeGPU/haoweihu/TFG/lib/python3.10/site-packages/fastai/learner.py:455: UserWarning: load_learner` uses Python's insecure pickle module, which can execute malicious arbitrary code when loading. Only load files you trust.
If you only need to load model weights and optimizer state, use the safe `Learner.load` instead.
  warn("load_learner` uses Python's insecure pickle module, which can execute malicious arbitrary code when loading. Only load files you trust.\nIf you only need to load model weights and optimizer state, use the safe `Learner.load` instead.")
Loss: 1.5979
Accuracy: 0.4585
Recall: 0.4585
F1-Score: 0.4525
Loss: 1.570650577545166
Accuracy: 0.4650440812110901
Recall (macro): 0.465060153739708
F1 Score (macro): 0.45785858715282163
mail: cannot send message: Process exited with a non-zero status
