---------------------------------------------------------------------------
Ejecutando: cifar_gray_10pct_dq
---------------------------------------------------------------------------
Número total de imágenes en entrenamiento: 4000
Número total de imágenes en validación: 10000

Clases: ['airplane', 'automobile', 'bird', 'cat', 'deer', 'dog', 'frog', 'horse', 'ship', 'truck']
[0, 2.302837371826172, 2.30173397064209, 0.0997999981045723, 0.0998, 0.018168578190424174, '00:54']
[1, 2.3010716438293457, 2.2965407371520996, 0.11810000240802765, 0.11810000000000001, 0.049034727148119, '00:27']
[2, 2.2916805744171143, 2.2604761123657227, 0.15639999508857727, 0.1564, 0.07806317231905023, '00:25']
[3, 2.253089189529419, 2.178358316421509, 0.1907999962568283, 0.1908, 0.15566383393214175, '00:25']
[4, 2.2108147144317627, 2.1216483116149902, 0.22339999675750732, 0.2234, 0.2018137998385619, '00:24']
[5, 2.170835018157959, 2.0636143684387207, 0.26249998807907104, 0.2625, 0.24628657537285809, '00:25']
[6, 2.118114948272705, 2.0256900787353516, 0.26510000228881836, 0.2651, 0.2427012836821149, '00:25']
[7, 2.065209150314331, 1.9483400583267212, 0.30070000886917114, 0.3007, 0.28008236507049994, '00:25']
[8, 2.0318305492401123, 1.9500172138214111, 0.3043000102043152, 0.3043, 0.28444943137306067, '00:25']
[9, 1.9884432554244995, 1.9026378393173218, 0.30300000309944153, 0.30300000000000005, 0.2905345598635264, '00:25']
[10, 1.9612621068954468, 1.8903141021728516, 0.3255000114440918, 0.3255, 0.3184479502334213, '00:25']
[11, 1.9305477142333984, 1.8823946714401245, 0.32440000772476196, 0.32439999999999997, 0.32261902281505, '00:24']
[12, 1.8905240297317505, 1.8612629175186157, 0.33500000834465027, 0.33499999999999996, 0.3235044381344756, '00:25']
[13, 1.86760675907135, 1.8820687532424927, 0.3255999982357025, 0.3256, 0.31345693174545597, '00:25']
[14, 1.8374906778335571, 1.8448847532272339, 0.33390000462532043, 0.33390000000000003, 0.32804751328255116, '00:25']
[15, 1.8195171356201172, 1.8540058135986328, 0.3425999879837036, 0.3426, 0.328367589496409, '00:25']
[16, 1.781548023223877, 1.8457434177398682, 0.34389999508857727, 0.3439, 0.33264908824086703, '00:24']
[17, 1.7519820928573608, 1.822091817855835, 0.3447999954223633, 0.3448, 0.3396965806220105, '00:25']
[18, 1.7223280668258667, 1.8232479095458984, 0.35760000348091125, 0.3576, 0.3472392665690985, '00:27']
[19, 1.6979587078094482, 1.8322001695632935, 0.3476000130176544, 0.3476, 0.3425624917634235, '00:33']
[20, 1.665196418762207, 1.843656063079834, 0.3481000065803528, 0.34809999999999997, 0.34687047928028514, '00:35']
[21, 1.641662359237671, 1.8271325826644897, 0.35429999232292175, 0.3543, 0.3484580999804506, '00:36']
[22, 1.620532512664795, 1.8258717060089111, 0.35499998927116394, 0.355, 0.3505929813824301, '00:37']
No improvement since epoch 17: early stopping

Tiempo de entrenamiento: 656.39 segundos
/mnt/homeGPU/haoweihu/TFG/lib/python3.10/site-packages/fastai/learner.py:455: UserWarning: load_learner` uses Python's insecure pickle module, which can execute malicious arbitrary code when loading. Only load files you trust.
If you only need to load model weights and optimizer state, use the safe `Learner.load` instead.
  warn("load_learner` uses Python's insecure pickle module, which can execute malicious arbitrary code when loading. Only load files you trust.\nIf you only need to load model weights and optimizer state, use the safe `Learner.load` instead.")
Loss: 1.8259
Accuracy: 0.3550
Recall: 0.3550
F1-Score: 0.3506
Loss: 1.829603910446167
Accuracy: 0.3504607379436493
Recall (macro): 0.35044137164163164
F1 Score (macro): 0.34679603714156493
---------------------------------------------------------------------------
Ejecutando: cifar_gray_20pct_dq
---------------------------------------------------------------------------
Número total de imágenes en entrenamiento: 7986
Número total de imágenes en validación: 10000

Clases: ['airplane', 'automobile', 'bird', 'cat', 'deer', 'dog', 'frog', 'horse', 'ship', 'truck']
[0, 2.3019747734069824, 2.297726631164551, 0.12729999423027039, 0.1273, 0.061951065868884915, '01:04']
[1, 2.2872838973999023, 2.2615432739257812, 0.19110000133514404, 0.1911, 0.15517933972530917, '00:32']
[2, 2.2377877235412598, 2.178328037261963, 0.20749999582767487, 0.20749999999999996, 0.15740431407496663, '00:32']
[3, 2.1712756156921387, 2.104238748550415, 0.22190000116825104, 0.2219, 0.18510996906065452, '00:32']
[4, 2.1156959533691406, 2.013427495956421, 0.2703000009059906, 0.27030000000000004, 0.2500806865931592, '00:32']
[5, 2.072059392929077, 1.9648841619491577, 0.29100000858306885, 0.29100000000000004, 0.2631226172303506, '00:32']
[6, 2.038792371749878, 1.9516491889953613, 0.2924000024795532, 0.29239999999999994, 0.28734426405339253, '00:32']
[7, 1.9920488595962524, 1.9312963485717773, 0.2971000075340271, 0.29710000000000003, 0.286406146451638, '00:32']
[8, 1.9628876447677612, 1.893212080001831, 0.3138999938964844, 0.31389999999999996, 0.2932021240503715, '00:31']
[9, 1.9334698915481567, 1.8792046308517456, 0.3149000108242035, 0.31489999999999996, 0.3015830811665353, '00:32']
[10, 1.9011964797973633, 1.8515701293945312, 0.33640000224113464, 0.33640000000000003, 0.32494376493682875, '00:32']
[11, 1.8720506429672241, 1.8593676090240479, 0.32659998536109924, 0.3266, 0.30947889777973625, '00:32']
[12, 1.8407127857208252, 1.8375699520111084, 0.34060001373291016, 0.34059999999999996, 0.3340852231605399, '00:32']
[13, 1.8187141418457031, 1.8084890842437744, 0.34599998593330383, 0.34600000000000003, 0.33746109437395894, '00:32']
[14, 1.7851659059524536, 1.8077071905136108, 0.3495999872684479, 0.3496, 0.34690282299442354, '00:32']
[15, 1.7550387382507324, 1.8034156560897827, 0.3582000136375427, 0.35819999999999996, 0.3500303224904978, '00:32']
[16, 1.7233420610427856, 1.8073464632034302, 0.35190001130104065, 0.3519, 0.3476802494377288, '00:32']
[17, 1.7002837657928467, 1.8119871616363525, 0.3555999994277954, 0.3556, 0.35474373842291357, '00:32']
[18, 1.6728401184082031, 1.8073062896728516, 0.3522999882698059, 0.35229999999999995, 0.3466151994030956, '00:32']
[19, 1.6370093822479248, 1.8070001602172852, 0.3562999963760376, 0.35629999999999995, 0.35626768977527257, '00:33']
[20, 1.622352123260498, 1.8091752529144287, 0.358599990606308, 0.3586, 0.3492678453383806, '00:32']
No improvement since epoch 15: early stopping

Tiempo de entrenamiento: 715.07 segundos
/mnt/homeGPU/haoweihu/TFG/lib/python3.10/site-packages/fastai/learner.py:455: UserWarning: load_learner` uses Python's insecure pickle module, which can execute malicious arbitrary code when loading. Only load files you trust.
If you only need to load model weights and optimizer state, use the safe `Learner.load` instead.
  warn("load_learner` uses Python's insecure pickle module, which can execute malicious arbitrary code when loading. Only load files you trust.\nIf you only need to load model weights and optimizer state, use the safe `Learner.load` instead.")
Loss: 1.8092
Accuracy: 0.3586
Recall: 0.3586
F1-Score: 0.3493
Loss: 1.7954187393188477
Accuracy: 0.3682892620563507
Recall (macro): 0.36826347558848027
F1 Score (macro): 0.3599098387529315
---------------------------------------------------------------------------
Ejecutando: cifar_gray_30pct_dq
---------------------------------------------------------------------------
Número total de imágenes en entrenamiento: 11927
Número total de imágenes en validación: 10000

Clases: ['airplane', 'automobile', 'bird', 'cat', 'deer', 'dog', 'frog', 'horse', 'ship', 'truck']
[0, 2.3010993003845215, 2.2974987030029297, 0.11800000071525574, 0.118, 0.04343274187219427, '01:08']
[1, 2.271432876586914, 2.2320637702941895, 0.17080000042915344, 0.17079999999999998, 0.10988071309174045, '00:40']
[2, 2.21439790725708, 2.158074140548706, 0.21870000660419464, 0.21870000000000003, 0.18469926972921158, '00:39']
[3, 2.1352741718292236, 2.026597261428833, 0.27799999713897705, 0.27799999999999997, 0.2710841003886313, '00:40']
[4, 2.0656847953796387, 1.9506242275238037, 0.3046000003814697, 0.30460000000000004, 0.29505679586391115, '00:42']
[5, 2.021646022796631, 1.8987480401992798, 0.3156000077724457, 0.3156, 0.3017204447570948, '00:40']
[6, 1.9786193370819092, 1.8868427276611328, 0.3264000117778778, 0.32639999999999997, 0.3179660282551627, '00:40']
[7, 1.9389524459838867, 1.837491750717163, 0.34769999980926514, 0.3477, 0.3358625927329871, '00:39']
[8, 1.9006608724594116, 1.8326125144958496, 0.34779998660087585, 0.3478, 0.34393511590959036, '00:40']
[9, 1.8757824897766113, 1.7711138725280762, 0.37549999356269836, 0.37549999999999994, 0.3668331155862221, '00:39']
[10, 1.8222267627716064, 1.7662527561187744, 0.3686000108718872, 0.3686, 0.35643416904557185, '00:39']
[11, 1.793108344078064, 1.749867558479309, 0.38420000672340393, 0.3842, 0.38237975399300056, '00:39']
[12, 1.7223795652389526, 1.7244006395339966, 0.3853999972343445, 0.3854, 0.3751224294190289, '00:40']
[13, 1.713811993598938, 1.7158102989196777, 0.38609999418258667, 0.3861, 0.37889541870883764, '00:40']
[14, 1.6756547689437866, 1.726312279701233, 0.37299999594688416, 0.373, 0.3654369544500714, '00:39']
[15, 1.617392897605896, 1.7252830266952515, 0.38960000872612, 0.38959999999999995, 0.38004735218255015, '00:40']
[16, 1.603700876235962, 1.7215855121612549, 0.3926999866962433, 0.3927, 0.38532463113937265, '00:40']
[17, 1.5724915266036987, 1.7113929986953735, 0.39590001106262207, 0.39590000000000003, 0.39271377608479713, '00:40']
[18, 1.5163151025772095, 1.7179763317108154, 0.3944999873638153, 0.39449999999999996, 0.390018844754848, '00:39']
[19, 1.4792397022247314, 1.7259254455566406, 0.3971000015735626, 0.39709999999999995, 0.3912625668739383, '00:39']
[20, 1.4626868963241577, 1.732041597366333, 0.3928999900817871, 0.3929, 0.38887606752362897, '00:39']
[21, 1.4403045177459717, 1.7502206563949585, 0.3889999985694885, 0.38899999999999996, 0.38528410434903176, '00:39']
[22, 1.4133943319320679, 1.740678071975708, 0.39590001106262207, 0.39590000000000003, 0.3915853478406155, '00:39']
No improvement since epoch 17: early stopping

Tiempo de entrenamiento: 948.46 segundos
/mnt/homeGPU/haoweihu/TFG/lib/python3.10/site-packages/fastai/learner.py:455: UserWarning: load_learner` uses Python's insecure pickle module, which can execute malicious arbitrary code when loading. Only load files you trust.
If you only need to load model weights and optimizer state, use the safe `Learner.load` instead.
  warn("load_learner` uses Python's insecure pickle module, which can execute malicious arbitrary code when loading. Only load files you trust.\nIf you only need to load model weights and optimizer state, use the safe `Learner.load` instead.")
Loss: 1.7407
Accuracy: 0.3959
Recall: 0.3959
F1-Score: 0.3916
Loss: 1.743562936782837
Accuracy: 0.39943909645080566
Recall (macro): 0.39945177007013605
F1 Score (macro): 0.3940584034466494
---------------------------------------------------------------------------
Ejecutando: cifar_gray_40pct_dq
---------------------------------------------------------------------------
Número total de imágenes en entrenamiento: 15749
Número total de imágenes en validación: 10000

Clases: ['airplane', 'automobile', 'bird', 'cat', 'deer', 'dog', 'frog', 'horse', 'ship', 'truck']
[0, 2.2994508743286133, 2.295670747756958, 0.14489999413490295, 0.1449, 0.06636359177784462, '01:20']
[1, 2.2327980995178223, 2.165768623352051, 0.19699999690055847, 0.197, 0.15406116843026396, '00:49']
[2, 2.1147191524505615, 2.011589765548706, 0.27219998836517334, 0.2722, 0.24774645147265667, '00:47']
[3, 2.0422797203063965, 1.9421583414077759, 0.29589998722076416, 0.29590000000000005, 0.27519209729528704, '00:51']
[4, 1.98118257522583, 1.8893097639083862, 0.3127000033855438, 0.31270000000000003, 0.2957228907334263, '01:05']
[5, 1.9614838361740112, 1.8377816677093506, 0.3472000062465668, 0.34720000000000006, 0.3341937771855873, '01:06']
[6, 1.915802240371704, 1.7968425750732422, 0.36309999227523804, 0.3631, 0.3493971402422163, '01:09']
[7, 1.8688344955444336, 1.7676918506622314, 0.36320000886917114, 0.3632, 0.3589833324803212, '01:05']
[8, 1.8363252878189087, 1.7439310550689697, 0.38109999895095825, 0.3811, 0.3740654357844363, '00:47']
[9, 1.7674790620803833, 1.7119039297103882, 0.38839998841285706, 0.3884, 0.3768710597297581, '00:47']
[10, 1.748807430267334, 1.6812593936920166, 0.40290001034736633, 0.4029, 0.3925711234138832, '00:47']
[11, 1.7156567573547363, 1.6807080507278442, 0.4025000035762787, 0.4025, 0.3952560538736688, '00:46']
[12, 1.6486183404922485, 1.6544770002365112, 0.41029998660087585, 0.4103, 0.39784362857044836, '00:47']
[13, 1.6135461330413818, 1.6663631200790405, 0.40799999237060547, 0.40800000000000003, 0.39869246004315884, '00:47']
[14, 1.5732014179229736, 1.6802473068237305, 0.4004000127315521, 0.4004, 0.3944053341483305, '00:46']
[15, 1.5488201379776, 1.658187747001648, 0.41290000081062317, 0.41289999999999993, 0.4040185524388056, '00:46']
[16, 1.503494143486023, 1.6502461433410645, 0.4171999990940094, 0.41719999999999996, 0.4121930511451926, '00:46']
[17, 1.4547456502914429, 1.6618980169296265, 0.4172999858856201, 0.4173, 0.4137118378319742, '00:46']
[18, 1.4346137046813965, 1.668289065361023, 0.4203999936580658, 0.42040000000000005, 0.4151946415956248, '00:46']
[19, 1.3949596881866455, 1.6661605834960938, 0.4196000099182129, 0.4196, 0.41479575558645604, '00:47']
[20, 1.382997989654541, 1.666648030281067, 0.4221999943256378, 0.42219999999999996, 0.4189180825994095, '00:47']
[21, 1.3255497217178345, 1.68668532371521, 0.421099990606308, 0.42110000000000003, 0.4157625528456378, '00:47']
No improvement since epoch 16: early stopping

Tiempo de entrenamiento: 1155.45 segundos
/mnt/homeGPU/haoweihu/TFG/lib/python3.10/site-packages/fastai/learner.py:455: UserWarning: load_learner` uses Python's insecure pickle module, which can execute malicious arbitrary code when loading. Only load files you trust.
If you only need to load model weights and optimizer state, use the safe `Learner.load` instead.
  warn("load_learner` uses Python's insecure pickle module, which can execute malicious arbitrary code when loading. Only load files you trust.\nIf you only need to load model weights and optimizer state, use the safe `Learner.load` instead.")
Loss: 1.6867
Accuracy: 0.4211
Recall: 0.4211
F1-Score: 0.4158
Loss: 1.6857165098190308
Accuracy: 0.4250801205635071
Recall (macro): 0.42512318623280787
F1 Score (macro): 0.4197754993970748
---------------------------------------------------------------------------
Ejecutando: cifar_gray_50pct_dq
---------------------------------------------------------------------------
Número total de imágenes en entrenamiento: 19430
Número total de imágenes en validación: 10000

Clases: ['airplane', 'automobile', 'bird', 'cat', 'deer', 'dog', 'frog', 'horse', 'ship', 'truck']
[0, 2.2943692207336426, 2.2833168506622314, 0.15950000286102295, 0.15950000000000003, 0.1088248026828591, '01:33']
[1, 2.214046001434326, 2.154170036315918, 0.19979999959468842, 0.19980000000000003, 0.16202071807036103, '00:58']
[2, 2.1076908111572266, 2.0080456733703613, 0.2603999972343445, 0.2604, 0.22678520554733303, '00:52']
[3, 2.0301663875579834, 1.92380952835083, 0.310699999332428, 0.3107, 0.30097059984595587, '00:53']
[4, 2.000500440597534, 1.8851357698440552, 0.33180001378059387, 0.3318, 0.31655398069601476, '00:53']
[5, 1.946905255317688, 1.914721131324768, 0.31299999356269836, 0.313, 0.29315028345137417, '00:53']
[6, 1.923366904258728, 1.8219560384750366, 0.34779998660087585, 0.3478, 0.3280686032549279, '00:53']
[7, 1.8844516277313232, 1.7775324583053589, 0.3763999938964844, 0.37639999999999996, 0.3697756726069801, '00:53']
[8, 1.833992600440979, 1.7529278993606567, 0.384799987077713, 0.38480000000000003, 0.376574142961503, '00:53']
[9, 1.7981597185134888, 1.729680061340332, 0.38769999146461487, 0.38770000000000004, 0.3734598105881776, '00:53']
[10, 1.7429749965667725, 1.719510555267334, 0.3937000036239624, 0.3937, 0.3903371991861895, '00:53']
[11, 1.700786828994751, 1.6909663677215576, 0.4016000032424927, 0.4016, 0.3874635536882083, '00:53']
[12, 1.6653599739074707, 1.6635265350341797, 0.4189999997615814, 0.41899999999999993, 0.4082613252184168, '00:52']
[13, 1.644377589225769, 1.6562622785568237, 0.41920000314712524, 0.4191999999999999, 0.41605065734222774, '00:53']
[14, 1.607309103012085, 1.6581566333770752, 0.4187000095844269, 0.41869999999999996, 0.41011971675308, '00:54']
[15, 1.5547667741775513, 1.6356353759765625, 0.4293999969959259, 0.42940000000000006, 0.4260816467564282, '00:52']
[16, 1.5143803358078003, 1.6493241786956787, 0.42289999127388, 0.4229, 0.41537915382541907, '00:53']
[17, 1.4835431575775146, 1.6382312774658203, 0.43149998784065247, 0.43149999999999994, 0.4270240990329902, '00:52']
[18, 1.4384770393371582, 1.657609224319458, 0.423799991607666, 0.42380000000000007, 0.4169485150252174, '00:53']
[19, 1.4007631540298462, 1.659593105316162, 0.42669999599456787, 0.4267, 0.4190877920872921, '00:52']
[20, 1.355591058731079, 1.6656270027160645, 0.426800012588501, 0.42679999999999996, 0.4226646582656855, '00:53']
No improvement since epoch 15: early stopping

Tiempo de entrenamiento: 1163.00 segundos
/mnt/homeGPU/haoweihu/TFG/lib/python3.10/site-packages/fastai/learner.py:455: UserWarning: load_learner` uses Python's insecure pickle module, which can execute malicious arbitrary code when loading. Only load files you trust.
If you only need to load model weights and optimizer state, use the safe `Learner.load` instead.
  warn("load_learner` uses Python's insecure pickle module, which can execute malicious arbitrary code when loading. Only load files you trust.\nIf you only need to load model weights and optimizer state, use the safe `Learner.load` instead.")
Loss: 1.6656
Accuracy: 0.4268
Recall: 0.4268
F1-Score: 0.4227
Loss: 1.6651675701141357
Accuracy: 0.4246794879436493
Recall (macro): 0.42475492446595614
F1 Score (macro): 0.42010663347638155
---------------------------------------------------------------------------
Ejecutando: cifar_gray_60pct_dq
---------------------------------------------------------------------------
Número total de imágenes en entrenamiento: 22764
Número total de imágenes en validación: 10000

Clases: ['airplane', 'automobile', 'bird', 'cat', 'deer', 'dog', 'frog', 'horse', 'ship', 'truck']
[0, 2.2952358722686768, 2.2870421409606934, 0.15960000455379486, 0.15960000000000002, 0.08247220751105212, '02:22']
[1, 2.19064998626709, 2.1235060691833496, 0.2207999974489212, 0.22079999999999997, 0.18815137232590978, '01:26']
[2, 2.0812859535217285, 1.988329529762268, 0.2709999978542328, 0.271, 0.23992623302328103, '01:16']
[3, 2.0076560974121094, 1.9800869226455688, 0.2721000015735626, 0.27210000000000006, 0.2446886880787648, '00:58']
[4, 1.9431488513946533, 1.8784760236740112, 0.3034999966621399, 0.3035, 0.27435162140852215, '00:58']
[5, 1.9164113998413086, 1.803178310394287, 0.3467999994754791, 0.34680000000000005, 0.3284117769391796, '00:59']
[6, 1.8498823642730713, 1.7621718645095825, 0.35589998960494995, 0.3559, 0.3473679670897082, '00:59']
[7, 1.8002314567565918, 1.7045140266418457, 0.38280001282691956, 0.3828, 0.3702890389938755, '00:58']
[8, 1.757459282875061, 1.6849818229675293, 0.3921000063419342, 0.3921, 0.38228995584009284, '00:58']
[9, 1.7223010063171387, 1.6563674211502075, 0.4083000123500824, 0.4083, 0.3950311724601673, '00:58']
[10, 1.6942994594573975, 1.6655564308166504, 0.40139999985694885, 0.40140000000000003, 0.38992479888871406, '00:59']
[11, 1.646327257156372, 1.6185322999954224, 0.4154999852180481, 0.41550000000000004, 0.40272041904136807, '00:59']
[12, 1.6222189664840698, 1.6040318012237549, 0.42309999465942383, 0.4231, 0.4113521231900966, '00:58']
[13, 1.5904322862625122, 1.6006282567977905, 0.42239999771118164, 0.4224, 0.41549789726564706, '00:58']
[14, 1.5526976585388184, 1.5918022394180298, 0.42570000886917114, 0.42569999999999997, 0.41695180211938637, '00:58']
[15, 1.513750433921814, 1.5831576585769653, 0.4316999912261963, 0.43170000000000003, 0.43015830268100474, '00:59']
[16, 1.4942457675933838, 1.6150856018066406, 0.4253999888896942, 0.42539999999999994, 0.41638883113799563, '00:58']
[17, 1.434900164604187, 1.573481559753418, 0.43779999017715454, 0.4378, 0.433071556826181, '00:58']
[18, 1.408905029296875, 1.5621963739395142, 0.4447000026702881, 0.4447, 0.43798802831959166, '00:58']
[19, 1.3920230865478516, 1.5787018537521362, 0.4415000081062317, 0.4415, 0.43687580576812624, '00:59']
[20, 1.3571466207504272, 1.5701435804367065, 0.44769999384880066, 0.44770000000000004, 0.44358842909661045, '00:59']
[21, 1.3433105945587158, 1.5735002756118774, 0.44679999351501465, 0.4468000000000001, 0.4398803104894179, '00:59']
[22, 1.3117754459381104, 1.5805310010910034, 0.44670000672340393, 0.44670000000000004, 0.4435821160353403, '00:59']
[23, 1.2959299087524414, 1.5749233961105347, 0.45010000467300415, 0.45009999999999994, 0.44658484604420157, '00:58']
No improvement since epoch 18: early stopping

Tiempo de entrenamiento: 1545.33 segundos
/mnt/homeGPU/haoweihu/TFG/lib/python3.10/site-packages/fastai/learner.py:455: UserWarning: load_learner` uses Python's insecure pickle module, which can execute malicious arbitrary code when loading. Only load files you trust.
If you only need to load model weights and optimizer state, use the safe `Learner.load` instead.
  warn("load_learner` uses Python's insecure pickle module, which can execute malicious arbitrary code when loading. Only load files you trust.\nIf you only need to load model weights and optimizer state, use the safe `Learner.load` instead.")
Loss: 1.5749
Accuracy: 0.4501
Recall: 0.4501
F1-Score: 0.4466
Loss: 1.5595085620880127
Accuracy: 0.45973557233810425
Recall (macro): 0.4597184102931706
F1 Score (macro): 0.45514565113347316
---------------------------------------------------------------------------
Ejecutando: cifar_gray_70pct_dq
---------------------------------------------------------------------------
Número total de imágenes en entrenamiento: 26023
Número total de imágenes en validación: 10000

Clases: ['airplane', 'automobile', 'bird', 'cat', 'deer', 'dog', 'frog', 'horse', 'ship', 'truck']
[0, 2.289966344833374, 2.2822630405426025, 0.12839999794960022, 0.1284, 0.07297536154147424, '01:52']
[1, 2.1831812858581543, 2.1188786029815674, 0.24950000643730164, 0.24949999999999997, 0.22860141333692857, '01:04']
[2, 2.0492849349975586, 1.9497666358947754, 0.28540000319480896, 0.2854, 0.2710143746880319, '01:04']
[3, 1.9655781984329224, 1.8704583644866943, 0.3312999904155731, 0.3313, 0.3227174658113777, '01:04']
[4, 1.9086374044418335, 1.8207783699035645, 0.3456000089645386, 0.34559999999999996, 0.3331207564423367, '01:03']
[5, 1.8737550973892212, 1.7946077585220337, 0.3555999994277954, 0.3556, 0.34087593779189385, '01:04']
[6, 1.8079307079315186, 1.7186423540115356, 0.3813999891281128, 0.3814, 0.3799087377715354, '01:04']
[7, 1.7544230222702026, 1.6741998195648193, 0.39730000495910645, 0.3973, 0.3848573374127908, '01:05']
[8, 1.7079521417617798, 1.6369075775146484, 0.41600000858306885, 0.41600000000000004, 0.40532716472242003, '01:06']
[9, 1.6798429489135742, 1.6630985736846924, 0.4043999910354614, 0.4044, 0.3922684268488536, '01:30']
[10, 1.6333340406417847, 1.631234884262085, 0.4194999933242798, 0.41950000000000004, 0.40265770732968287, '01:35']
[11, 1.6104352474212646, 1.6142258644104004, 0.4300000071525574, 0.43, 0.41889078970177235, '01:25']
[12, 1.5431640148162842, 1.5713858604431152, 0.4426000118255615, 0.4426, 0.43287364735347467, '01:04']
[13, 1.5341261625289917, 1.5606352090835571, 0.44600000977516174, 0.446, 0.438518120439806, '01:04']
[14, 1.4963090419769287, 1.5655837059020996, 0.45249998569488525, 0.4525, 0.4452396088579474, '01:04']
[15, 1.455633521080017, 1.5434025526046753, 0.460099995136261, 0.4601, 0.4486856096878464, '01:05']
[16, 1.4157241582870483, 1.544188141822815, 0.45750001072883606, 0.4575, 0.44859794345938375, '01:05']
[17, 1.375241756439209, 1.5494967699050903, 0.45350000262260437, 0.4535, 0.44835859393445576, '01:04']
[18, 1.3717875480651855, 1.560055136680603, 0.4564000070095062, 0.4564000000000001, 0.44925189907475405, '01:04']
[19, 1.3425897359848022, 1.5457161664962769, 0.46209999918937683, 0.46210000000000007, 0.4567323399391123, '01:05']
[20, 1.310943841934204, 1.5451637506484985, 0.4659000039100647, 0.4659000000000001, 0.4603119219207435, '01:04']
No improvement since epoch 15: early stopping

Tiempo de entrenamiento: 1487.91 segundos
/mnt/homeGPU/haoweihu/TFG/lib/python3.10/site-packages/fastai/learner.py:455: UserWarning: load_learner` uses Python's insecure pickle module, which can execute malicious arbitrary code when loading. Only load files you trust.
If you only need to load model weights and optimizer state, use the safe `Learner.load` instead.
  warn("load_learner` uses Python's insecure pickle module, which can execute malicious arbitrary code when loading. Only load files you trust.\nIf you only need to load model weights and optimizer state, use the safe `Learner.load` instead.")
Loss: 1.5452
Accuracy: 0.4659
Recall: 0.4659
F1-Score: 0.4603
Loss: 1.5429679155349731
Accuracy: 0.46304085850715637
Recall (macro): 0.4630364297924213
F1 Score (macro): 0.4585867074015189
---------------------------------------------------------------------------
Ejecutando: cifar_gray_80pct_dq
---------------------------------------------------------------------------
Número total de imágenes en entrenamiento: 28716
Número total de imágenes en validación: 10000

Clases: ['airplane', 'automobile', 'bird', 'cat', 'deer', 'dog', 'frog', 'horse', 'ship', 'truck']
[0, 2.2756311893463135, 2.2598557472229004, 0.1509000062942505, 0.1509, 0.08370282109655161, '02:08']
[1, 2.1792068481445312, 2.14267635345459, 0.23909999430179596, 0.2391, 0.22778648107915153, '01:23']
[2, 2.0369443893432617, 1.9770379066467285, 0.29190000891685486, 0.2919, 0.27666471380247937, '01:10']
[3, 1.9589940309524536, 1.8658838272094727, 0.33219999074935913, 0.33219999999999994, 0.3221036613606271, '01:09']
[4, 1.8799468278884888, 1.8025554418563843, 0.359499990940094, 0.3595, 0.3479757049447218, '01:14']
[5, 1.8179137706756592, 1.7446359395980835, 0.3741999864578247, 0.37420000000000003, 0.3659511725554728, '01:15']
[6, 1.7787516117095947, 1.7035131454467773, 0.4004000127315521, 0.4004, 0.3911935649409938, '01:09']
[7, 1.7202659845352173, 1.6508150100708008, 0.4153999984264374, 0.4154, 0.4112705698936564, '01:10']
[8, 1.673871397972107, 1.649948000907898, 0.41350001096725464, 0.4135, 0.3974873939918299, '01:10']
[9, 1.6156995296478271, 1.59755277633667, 0.4307999908924103, 0.43079999999999996, 0.4247546090878269, '01:09']
[10, 1.5765596628189087, 1.583245038986206, 0.43689998984336853, 0.43690000000000007, 0.4275305481395663, '01:10']
[11, 1.5492266416549683, 1.551008939743042, 0.4494999945163727, 0.4495, 0.44084927241814026, '01:11']
[12, 1.5127443075180054, 1.5646566152572632, 0.4481000006198883, 0.4481, 0.43252613396850287, '01:09']
[13, 1.4685560464859009, 1.565434217453003, 0.44699999690055847, 0.44700000000000006, 0.4433246648922527, '01:10']
[14, 1.443217158317566, 1.5119372606277466, 0.4616999924182892, 0.4617, 0.4544412874464182, '01:10']
[15, 1.3948382139205933, 1.52181077003479, 0.4602999985218048, 0.46030000000000004, 0.4561477943409189, '01:09']
[16, 1.347130298614502, 1.5431588888168335, 0.4659999907016754, 0.466, 0.4587843515925448, '01:09']
[17, 1.3427420854568481, 1.5311189889907837, 0.46129998564720154, 0.46129999999999993, 0.45809317508898184, '01:38']
[18, 1.2940610647201538, 1.5353310108184814, 0.46810001134872437, 0.4681, 0.46485224556717836, '01:44']
[19, 1.2923393249511719, 1.507860779762268, 0.4749000072479248, 0.47490000000000004, 0.47009406660925884, '01:25']
[20, 1.2399258613586426, 1.527696132659912, 0.4733999967575073, 0.4734, 0.46990667491547705, '01:23']
[21, 1.2284064292907715, 1.5428575277328491, 0.4666000008583069, 0.4666, 0.46209013407600985, '01:13']
[22, 1.1798295974731445, 1.5252094268798828, 0.47110000252723694, 0.4711, 0.4670533411225654, '01:16']
[23, 1.168984293937683, 1.5396943092346191, 0.46869999170303345, 0.4687, 0.46633843571826905, '01:10']
[24, 1.1492477655410767, 1.532909870147705, 0.47290000319480896, 0.4729, 0.46963517503178426, '01:10']
No improvement since epoch 19: early stopping

Tiempo de entrenamiento: 1936.50 segundos
/mnt/homeGPU/haoweihu/TFG/lib/python3.10/site-packages/fastai/learner.py:455: UserWarning: load_learner` uses Python's insecure pickle module, which can execute malicious arbitrary code when loading. Only load files you trust.
If you only need to load model weights and optimizer state, use the safe `Learner.load` instead.
  warn("load_learner` uses Python's insecure pickle module, which can execute malicious arbitrary code when loading. Only load files you trust.\nIf you only need to load model weights and optimizer state, use the safe `Learner.load` instead.")
Loss: 1.5329
Accuracy: 0.4729
Recall: 0.4729
F1-Score: 0.4696
Loss: 1.5309191942214966
Accuracy: 0.48096954822540283
Recall (macro): 0.4809692108477826
F1 Score (macro): 0.47728893554347473
---------------------------------------------------------------------------
Ejecutando: cifar_gray_90pct_dq
---------------------------------------------------------------------------
Número total de imágenes en entrenamiento: 31063
Número total de imágenes en validación: 10000

Clases: ['airplane', 'automobile', 'bird', 'cat', 'deer', 'dog', 'frog', 'horse', 'ship', 'truck']
[0, 2.282707452774048, 2.270888328552246, 0.1817999929189682, 0.18180000000000002, 0.1265410665021591, '02:12']
[1, 2.1541364192962646, 2.1034305095672607, 0.2402999997138977, 0.2403, 0.2114527174591811, '01:14']
[2, 2.0114057064056396, 1.9280824661254883, 0.29829999804496765, 0.2983, 0.27195438859900106, '01:14']
[3, 1.9381840229034424, 1.85587477684021, 0.33160001039505005, 0.3316, 0.31786819974396324, '01:21']
[4, 1.8875583410263062, 1.8265482187271118, 0.34049999713897705, 0.34049999999999997, 0.32803244515524654, '01:14']
[5, 1.826223611831665, 1.7693933248519897, 0.36039999127388, 0.3604, 0.3491726373770152, '01:14']
[6, 1.7975225448608398, 1.7509642839431763, 0.3675000071525574, 0.36750000000000005, 0.35637606439642927, '01:15']
[7, 1.7463130950927734, 1.732559323310852, 0.37689998745918274, 0.37689999999999996, 0.36894278506725947, '01:14']
[8, 1.700972318649292, 1.658795714378357, 0.41179999709129333, 0.41179999999999994, 0.4038093073508665, '01:15']
[9, 1.6542736291885376, 1.6565097570419312, 0.40869998931884766, 0.40869999999999995, 0.39528397162716505, '01:14']
[10, 1.6112655401229858, 1.6471142768859863, 0.4174000024795532, 0.41740000000000005, 0.40612057176231076, '01:15']
[11, 1.5785062313079834, 1.606032371520996, 0.4284999966621399, 0.4285, 0.42710382473176517, '01:15']
[12, 1.5318799018859863, 1.605864405632019, 0.424699991941452, 0.42469999999999997, 0.42197331837212104, '01:14']
[13, 1.526918649673462, 1.6119105815887451, 0.42910000681877136, 0.4290999999999999, 0.4138809894724993, '01:13']
[14, 1.478493094444275, 1.5614166259765625, 0.45089998841285706, 0.4509, 0.44757392387659883, '01:14']
[15, 1.428767204284668, 1.560217261314392, 0.4503999948501587, 0.4504, 0.44270866767913863, '01:13']
[16, 1.413304328918457, 1.568735957145691, 0.44760000705718994, 0.4476, 0.4463097160082918, '01:13']
[17, 1.3872705698013306, 1.5752851963043213, 0.44609999656677246, 0.44610000000000005, 0.44372421054063454, '01:13']
[18, 1.3215724229812622, 1.57697331905365, 0.4447999894618988, 0.44480000000000003, 0.4392881842916143, '01:15']
[19, 1.3292323350906372, 1.552706241607666, 0.45750001072883606, 0.4575, 0.4536642340771581, '01:50']
[20, 1.2997210025787354, 1.5726767778396606, 0.4526999890804291, 0.4527, 0.44866227835950856, '01:47']
[21, 1.3166700601577759, 1.5588527917861938, 0.4569000005722046, 0.4569, 0.4527268343473826, '01:24']
[22, 1.2545077800750732, 1.5729520320892334, 0.45820000767707825, 0.45820000000000005, 0.45269036490165854, '01:13']
[23, 1.2366907596588135, 1.569656491279602, 0.45989999175071716, 0.4599000000000001, 0.45675344911466753, '01:14']
[24, 1.211987018585205, 1.5763098001480103, 0.45820000767707825, 0.4582, 0.4542329450279561, '01:14']
No improvement since epoch 19: early stopping

Tiempo de entrenamiento: 2008.49 segundos
/mnt/homeGPU/haoweihu/TFG/lib/python3.10/site-packages/fastai/learner.py:455: UserWarning: load_learner` uses Python's insecure pickle module, which can execute malicious arbitrary code when loading. Only load files you trust.
If you only need to load model weights and optimizer state, use the safe `Learner.load` instead.
  warn("load_learner` uses Python's insecure pickle module, which can execute malicious arbitrary code when loading. Only load files you trust.\nIf you only need to load model weights and optimizer state, use the safe `Learner.load` instead.")
Loss: 1.5763
Accuracy: 0.4582
Recall: 0.4582
F1-Score: 0.4542
Loss: 1.5611190795898438
Accuracy: 0.4698517620563507
Recall (macro): 0.4699168826690253
F1 Score (macro): 0.4661350098819394
mail: cannot send message: Process exited with a non-zero status
