---------------------------------------------------------------------------
Ejecutando: cifar_rgb_10pct_dq_quant
---------------------------------------------------------------------------
Número total de imágenes en entrenamiento: 4000
Número total de imágenes en validación: 10000

Clases: ['airplane', 'automobile', 'bird', 'cat', 'deer', 'dog', 'frog', 'horse', 'ship', 'truck']
[0, 2.3032069206237793, 2.3028125762939453, 0.10199999809265137, 0.10200000000000001, 0.03012595164804811, '01:00']
[1, 2.302574634552002, 2.300961971282959, 0.1264999955892563, 0.1265, 0.06256931012323512, '00:27']
[2, 2.2976877689361572, 2.275188684463501, 0.1451999992132187, 0.1452, 0.06230165067032176, '00:27']
[3, 2.265108108520508, 2.193554401397705, 0.18809999525547028, 0.18810000000000002, 0.1548964173743312, '00:27']
[4, 2.214932918548584, 2.138244867324829, 0.20720000565052032, 0.2072, 0.1633401309777765, '00:27']
[5, 2.161012649536133, 2.0404412746429443, 0.25949999690055847, 0.25949999999999995, 0.234171735420074, '00:27']
[6, 2.1022167205810547, 2.0241880416870117, 0.24580000340938568, 0.24580000000000002, 0.21606195601223482, '00:27']
[7, 2.052494764328003, 1.9703506231307983, 0.2793999910354614, 0.27940000000000004, 0.26941100494843084, '00:27']
[8, 2.0087573528289795, 1.9029024839401245, 0.31529998779296875, 0.31529999999999997, 0.30269916884162285, '00:27']
[9, 1.967288613319397, 1.9052382707595825, 0.30219998955726624, 0.30219999999999997, 0.2873354287875073, '00:27']
[10, 1.9282429218292236, 1.8846698999404907, 0.3249000012874603, 0.3249, 0.3113403890524641, '00:26']
[11, 1.8919968605041504, 1.8686238527297974, 0.3296999931335449, 0.3297, 0.32322560716799, '00:27']
[12, 1.8268582820892334, 1.9068595170974731, 0.31529998779296875, 0.31529999999999997, 0.30059304774995266, '00:27']
[13, 1.7812292575836182, 1.8510910272598267, 0.3327000141143799, 0.3327, 0.3274878601918213, '00:27']
[14, 1.739756464958191, 1.8763387203216553, 0.32749998569488525, 0.32749999999999996, 0.3165910943245012, '00:27']
[15, 1.6847503185272217, 1.8621002435684204, 0.3328000009059906, 0.33280000000000004, 0.32678440730037767, '00:27']
[16, 1.6488906145095825, 1.9022855758666992, 0.3287999927997589, 0.32880000000000004, 0.3160695677747646, '00:29']
[17, 1.5949482917785645, 1.8663681745529175, 0.3411000072956085, 0.3411, 0.3351828299524572, '00:32']
[18, 1.5528488159179688, 1.8873510360717773, 0.3336000144481659, 0.3336, 0.3303212447550298, '00:32']
No improvement since epoch 13: early stopping

Tiempo de entrenamiento: 561.48 segundos
/mnt/homeGPU/haoweihu/TFG/lib/python3.10/site-packages/fastai/learner.py:455: UserWarning: load_learner` uses Python's insecure pickle module, which can execute malicious arbitrary code when loading. Only load files you trust.
If you only need to load model weights and optimizer state, use the safe `Learner.load` instead.
  warn("load_learner` uses Python's insecure pickle module, which can execute malicious arbitrary code when loading. Only load files you trust.\nIf you only need to load model weights and optimizer state, use the safe `Learner.load` instead.")
Loss: 1.8874
Accuracy: 0.3336
Recall: 0.3336
F1-Score: 0.3303
Loss: 1.8929513692855835
Accuracy: 0.33493590354919434
Recall (macro): 0.33494461058244596
F1 Score (macro): 0.33259970843347164
---------------------------------------------------------------------------
Ejecutando: cifar_rgb_20pct_dq_quant
---------------------------------------------------------------------------
Número total de imágenes en entrenamiento: 7986
Número total de imágenes en validación: 10000

Clases: ['airplane', 'automobile', 'bird', 'cat', 'deer', 'dog', 'frog', 'horse', 'ship', 'truck']
[0, 2.303981065750122, 2.3023219108581543, 0.10029999911785126, 0.10029999999999999, 0.019354298472633334, '01:29']
[1, 2.2962512969970703, 2.279588460922241, 0.18160000443458557, 0.1816, 0.12479546380284923, '00:39']
[2, 2.230787754058838, 2.1384499073028564, 0.23499999940395355, 0.23499999999999996, 0.21086067259729005, '00:34']
[3, 2.1379032135009766, 2.014765501022339, 0.2773999869823456, 0.2774, 0.2577889284529489, '00:34']
[4, 2.061448574066162, 1.929823637008667, 0.3012999892234802, 0.3013, 0.2759993726095706, '00:34']
[5, 2.008288621902466, 1.882126808166504, 0.311599999666214, 0.3116, 0.28586099725541325, '00:35']
[6, 1.9736967086791992, 1.8600294589996338, 0.3174999952316284, 0.3175, 0.2881158077167272, '00:34']
[7, 1.9367570877075195, 1.8695652484893799, 0.3057999908924103, 0.30579999999999996, 0.28622136295558426, '00:34']
[8, 1.8894129991531372, 1.8048104047775269, 0.3490999937057495, 0.3491, 0.33044148089971503, '00:34']
[9, 1.8627039194107056, 1.8087608814239502, 0.3393000066280365, 0.3393, 0.32434447057287735, '00:34']
[10, 1.8095598220825195, 1.840636968612671, 0.33489999175071716, 0.33490000000000003, 0.31333167354497815, '00:34']
[11, 1.7827383279800415, 1.7619096040725708, 0.3662000000476837, 0.36619999999999997, 0.36066728133193016, '00:35']
[12, 1.732961654663086, 1.7329498529434204, 0.3790000081062317, 0.379, 0.3705171896820233, '00:34']
[13, 1.6809791326522827, 1.724388837814331, 0.3847000002861023, 0.38469999999999993, 0.3710359133275794, '00:34']
[14, 1.6558483839035034, 1.717281699180603, 0.38830000162124634, 0.3883, 0.37521992892304507, '00:34']
[15, 1.6292582750320435, 1.7127877473831177, 0.391400009393692, 0.39139999999999997, 0.37971009005971545, '00:34']
[16, 1.5881084203720093, 1.7262072563171387, 0.3905999958515167, 0.39059999999999995, 0.3793943714028523, '00:34']
[17, 1.5406107902526855, 1.7463394403457642, 0.3862999975681305, 0.3863, 0.3743064702734224, '00:34']
[18, 1.5021229982376099, 1.706117033958435, 0.39809998869895935, 0.3981, 0.38543822156008384, '00:34']
[19, 1.4820218086242676, 1.7388793230056763, 0.3801000118255615, 0.3801, 0.36776627562705855, '00:34']
[20, 1.450359582901001, 1.7258449792861938, 0.39809998869895935, 0.3981, 0.3894374669364006, '00:34']
[21, 1.4071699380874634, 1.7334765195846558, 0.39089998602867126, 0.39089999999999997, 0.38150967135652397, '00:34']
[22, 1.3831336498260498, 1.728135347366333, 0.396699994802475, 0.3967, 0.3921859571692137, '00:34']
[23, 1.3468343019485474, 1.7333755493164062, 0.39719998836517334, 0.39720000000000005, 0.39147900803665614, '00:34']
No improvement since epoch 18: early stopping

Tiempo de entrenamiento: 889.65 segundos
/mnt/homeGPU/haoweihu/TFG/lib/python3.10/site-packages/fastai/learner.py:455: UserWarning: load_learner` uses Python's insecure pickle module, which can execute malicious arbitrary code when loading. Only load files you trust.
If you only need to load model weights and optimizer state, use the safe `Learner.load` instead.
  warn("load_learner` uses Python's insecure pickle module, which can execute malicious arbitrary code when loading. Only load files you trust.\nIf you only need to load model weights and optimizer state, use the safe `Learner.load` instead.")
Loss: 1.7334
Accuracy: 0.3972
Recall: 0.3972
F1-Score: 0.3915
Loss: 1.730077862739563
Accuracy: 0.40614983439445496
Recall (macro): 0.40613640512354676
F1 Score (macro): 0.400255922718875
---------------------------------------------------------------------------
Ejecutando: cifar_rgb_30pct_dq_quant
---------------------------------------------------------------------------
Número total de imágenes en entrenamiento: 11927
Número total de imágenes en validación: 10000

Clases: ['airplane', 'automobile', 'bird', 'cat', 'deer', 'dog', 'frog', 'horse', 'ship', 'truck']
[0, 2.298692226409912, 2.2930917739868164, 0.13809999823570251, 0.1381, 0.08013253537233846, '01:13']
[1, 2.2485523223876953, 2.196044445037842, 0.17919999361038208, 0.1792, 0.12866521187027097, '00:43']
[2, 2.1931097507476807, 2.112473249435425, 0.2410999983549118, 0.2411, 0.21658614192082268, '00:42']
[3, 2.102275848388672, 2.0248703956604004, 0.2702000141143799, 0.2702, 0.2524826852497716, '00:41']
[4, 2.0393381118774414, 1.9771193265914917, 0.28459998965263367, 0.2846, 0.25520206304026644, '00:41']
[5, 2.005678415298462, 1.901012897491455, 0.32100000977516174, 0.321, 0.30034424751931815, '00:41']
[6, 1.954694151878357, 1.8720982074737549, 0.33410000801086426, 0.3341, 0.32528708848310706, '00:41']
[7, 1.9183313846588135, 1.840323805809021, 0.3443000018596649, 0.3443, 0.3347982961404533, '00:41']
[8, 1.8882023096084595, 1.814046859741211, 0.3490000069141388, 0.34900000000000003, 0.34532483443995693, '00:42']
[9, 1.8419967889785767, 1.810630440711975, 0.3529999852180481, 0.35300000000000004, 0.3491428889482505, '00:41']
[10, 1.8114004135131836, 1.788267970085144, 0.36559998989105225, 0.36560000000000004, 0.3550095965130763, '00:42']
[11, 1.7601943016052246, 1.7739019393920898, 0.37209999561309814, 0.3721, 0.35891232499672615, '00:42']
[12, 1.718321442604065, 1.8103981018066406, 0.35409998893737793, 0.35409999999999997, 0.3381054064477144, '00:42']
[13, 1.6759012937545776, 1.774994969367981, 0.37119999527931213, 0.3712, 0.3672231621578771, '00:42']
[14, 1.6237412691116333, 1.817264199256897, 0.366100013256073, 0.36610000000000004, 0.3477924273998704, '00:42']
[15, 1.5726745128631592, 1.7861478328704834, 0.374099999666214, 0.3741, 0.36770051923705765, '00:42']
[16, 1.5429588556289673, 1.8086665868759155, 0.36809998750686646, 0.3681, 0.3664194857734255, '00:42']
No improvement since epoch 11: early stopping

Tiempo de entrenamiento: 747.96 segundos
/mnt/homeGPU/haoweihu/TFG/lib/python3.10/site-packages/fastai/learner.py:455: UserWarning: load_learner` uses Python's insecure pickle module, which can execute malicious arbitrary code when loading. Only load files you trust.
If you only need to load model weights and optimizer state, use the safe `Learner.load` instead.
  warn("load_learner` uses Python's insecure pickle module, which can execute malicious arbitrary code when loading. Only load files you trust.\nIf you only need to load model weights and optimizer state, use the safe `Learner.load` instead.")
Loss: 1.8087
Accuracy: 0.3681
Recall: 0.3681
F1-Score: 0.3664
Loss: 1.8117351531982422
Accuracy: 0.37309694290161133
Recall (macro): 0.3730579011151041
F1 Score (macro): 0.37168272575985284
---------------------------------------------------------------------------
Ejecutando: cifar_rgb_40pct_dq_quant
---------------------------------------------------------------------------
Número total de imágenes en entrenamiento: 15749
Número total de imágenes en validación: 10000

Clases: ['airplane', 'automobile', 'bird', 'cat', 'deer', 'dog', 'frog', 'horse', 'ship', 'truck']
[0, 2.3029775619506836, 2.301126003265381, 0.10589999705553055, 0.1059, 0.028930463670571303, '01:24']
[1, 2.2479610443115234, 2.19079327583313, 0.19539999961853027, 0.1954, 0.1702089280795287, '00:50']
[2, 2.140415668487549, 2.0473954677581787, 0.2506999969482422, 0.2507, 0.21449912956621014, '00:50']
[3, 2.0206711292266846, 1.9402306079864502, 0.28519999980926514, 0.2852, 0.2571941835968721, '00:50']
[4, 1.9913883209228516, 1.8806544542312622, 0.3192000091075897, 0.31920000000000004, 0.31024471142140597, '00:50']
[5, 1.9465062618255615, 1.8519457578659058, 0.3400000035762787, 0.34, 0.3253113767233409, '00:58']
[6, 1.8985899686813354, 1.7919343709945679, 0.35089999437332153, 0.35089999999999993, 0.3411099884699755, '01:01']
[7, 1.8594024181365967, 1.7573168277740479, 0.3709000051021576, 0.37089999999999995, 0.35333391041045975, '00:59']
[8, 1.8228759765625, 1.7354105710983276, 0.38350000977516174, 0.3835, 0.36031835816314445, '01:01']
[9, 1.7586314678192139, 1.6844464540481567, 0.4007999897003174, 0.4008, 0.39200783867890066, '00:55']
[10, 1.7168010473251343, 1.669541358947754, 0.39959999918937683, 0.3996, 0.38458193088873116, '00:49']
[11, 1.666760802268982, 1.6514400243759155, 0.4050000011920929, 0.40499999999999997, 0.4021274190260292, '00:49']
[12, 1.6412336826324463, 1.6591750383377075, 0.4104999899864197, 0.4105, 0.3962313896008595, '00:50']
[13, 1.6109116077423096, 1.6450397968292236, 0.41920000314712524, 0.4192, 0.41385684243899235, '00:49']
[14, 1.5525134801864624, 1.6452553272247314, 0.42239999771118164, 0.4224, 0.4117300749817474, '00:49']
[15, 1.5090242624282837, 1.6603177785873413, 0.41749998927116394, 0.4175, 0.4116108548495257, '00:49']
[16, 1.4715617895126343, 1.6470338106155396, 0.429500013589859, 0.4295, 0.41949876430813937, '00:49']
[17, 1.4376097917556763, 1.655717372894287, 0.42500001192092896, 0.425, 0.42328501169976523, '00:49']
[18, 1.4153587818145752, 1.6498420238494873, 0.429500013589859, 0.4295, 0.4269509221187494, '00:49']
No improvement since epoch 13: early stopping

Tiempo de entrenamiento: 1029.33 segundos
/mnt/homeGPU/haoweihu/TFG/lib/python3.10/site-packages/fastai/learner.py:455: UserWarning: load_learner` uses Python's insecure pickle module, which can execute malicious arbitrary code when loading. Only load files you trust.
If you only need to load model weights and optimizer state, use the safe `Learner.load` instead.
  warn("load_learner` uses Python's insecure pickle module, which can execute malicious arbitrary code when loading. Only load files you trust.\nIf you only need to load model weights and optimizer state, use the safe `Learner.load` instead.")
Loss: 1.6498
Accuracy: 0.4295
Recall: 0.4295
F1-Score: 0.4270
Loss: 1.646144151687622
Accuracy: 0.4212740361690521
Recall (macro): 0.4212218818911776
F1 Score (macro): 0.41803975160452084
---------------------------------------------------------------------------
Ejecutando: cifar_rgb_50pct_dq_quant
---------------------------------------------------------------------------
Número total de imágenes en entrenamiento: 19430
Número total de imágenes en validación: 10000

Clases: ['airplane', 'automobile', 'bird', 'cat', 'deer', 'dog', 'frog', 'horse', 'ship', 'truck']
[0, 2.2884252071380615, 2.2683568000793457, 0.1573999971151352, 0.1574, 0.08262014457199893, '01:36']
[1, 2.205265760421753, 2.1415441036224365, 0.20730000734329224, 0.20729999999999998, 0.15716289843589937, '00:57']
[2, 2.078320026397705, 2.010918140411377, 0.2662000060081482, 0.26620000000000005, 0.2488504919083505, '00:56']
[3, 2.019771099090576, 1.9196006059646606, 0.29809999465942383, 0.2981, 0.2861414495777245, '00:56']
[4, 1.9605549573898315, 1.864970088005066, 0.32839998602867126, 0.32839999999999997, 0.3108064974610059, '00:56']
[5, 1.9335471391677856, 1.8531347513198853, 0.3418999910354614, 0.3419, 0.32217205328661097, '00:55']
[6, 1.8720576763153076, 1.7459861040115356, 0.3840000033378601, 0.384, 0.37802660699433127, '00:55']
[7, 1.8397974967956543, 1.7342580556869507, 0.39149999618530273, 0.39149999999999996, 0.3861790936370341, '00:56']
[8, 1.783718466758728, 1.6912137269973755, 0.397599995136261, 0.39760000000000006, 0.3884970715367412, '00:56']
[9, 1.7351802587509155, 1.6742788553237915, 0.4072999954223633, 0.40730000000000005, 0.3909352504505767, '00:56']
[10, 1.7194644212722778, 1.6432783603668213, 0.4219000041484833, 0.42189999999999994, 0.41664228069058007, '00:55']
[11, 1.6708223819732666, 1.6579293012619019, 0.4115999937057495, 0.41159999999999997, 0.3953420633307568, '00:55']
[12, 1.6064399480819702, 1.6389983892440796, 0.4194999933242798, 0.41949999999999993, 0.4144144244133582, '00:56']
[13, 1.5630055665969849, 1.6159425973892212, 0.43070000410079956, 0.4307, 0.42415857052623956, '00:56']
[14, 1.5383726358413696, 1.6132845878601074, 0.43299999833106995, 0.433, 0.4292776770333792, '00:55']
[15, 1.487318754196167, 1.634475827217102, 0.4262000024318695, 0.42619999999999997, 0.4254954453342423, '00:56']
[16, 1.4527055025100708, 1.6198265552520752, 0.4390000104904175, 0.43899999999999995, 0.4305511028195076, '00:56']
[17, 1.4178415536880493, 1.6299104690551758, 0.43549999594688416, 0.43549999999999994, 0.4236774869930892, '00:55']
[18, 1.389278769493103, 1.6345341205596924, 0.4343000054359436, 0.4343, 0.43068654971181264, '00:56']
[19, 1.3405393362045288, 1.6582175493240356, 0.430400013923645, 0.4304, 0.42501547424333985, '00:57']
No improvement since epoch 14: early stopping

Tiempo de entrenamiento: 1165.76 segundos
/mnt/homeGPU/haoweihu/TFG/lib/python3.10/site-packages/fastai/learner.py:455: UserWarning: load_learner` uses Python's insecure pickle module, which can execute malicious arbitrary code when loading. Only load files you trust.
If you only need to load model weights and optimizer state, use the safe `Learner.load` instead.
  warn("load_learner` uses Python's insecure pickle module, which can execute malicious arbitrary code when loading. Only load files you trust.\nIf you only need to load model weights and optimizer state, use the safe `Learner.load` instead.")
Loss: 1.6582
Accuracy: 0.4304
Recall: 0.4304
F1-Score: 0.4250
Loss: 1.6746959686279297
Accuracy: 0.42848557233810425
Recall (macro): 0.428504561312819
F1 Score (macro): 0.4233916334269553
---------------------------------------------------------------------------
Ejecutando: cifar_rgb_60pct_dq_quant
---------------------------------------------------------------------------
Número total de imágenes en entrenamiento: 22764
Número total de imágenes en validación: 10000

Clases: ['airplane', 'automobile', 'bird', 'cat', 'deer', 'dog', 'frog', 'horse', 'ship', 'truck']
[0, 2.2811553478240967, 2.257261276245117, 0.1851000040769577, 0.18510000000000001, 0.15647018567867937, '01:48']
[1, 2.1416778564453125, 2.0521905422210693, 0.26739999651908875, 0.26739999999999997, 0.25701627833998253, '01:04']
[2, 2.023674964904785, 1.9573404788970947, 0.29010000824928284, 0.29009999999999997, 0.28415903522373714, '01:10']
[3, 1.9932684898376465, 1.8879929780960083, 0.3125, 0.3125, 0.30189052968468577, '01:19']
[4, 1.9212955236434937, 1.8000361919403076, 0.3504999876022339, 0.3505, 0.3399605044687235, '01:18']
[5, 1.8693711757659912, 1.792942762374878, 0.35350000858306885, 0.35350000000000004, 0.3325509076850407, '01:13']
[6, 1.8228458166122437, 1.7606650590896606, 0.3614000082015991, 0.3614, 0.3553416824901241, '01:03']
[7, 1.7796330451965332, 1.6933045387268066, 0.3880999982357025, 0.3881, 0.3828575833872759, '01:02']
[8, 1.700476884841919, 1.6678050756454468, 0.40070000290870667, 0.40069999999999995, 0.39625107449714747, '01:03']
[9, 1.6890251636505127, 1.6421763896942139, 0.41350001096725464, 0.4135, 0.4054211351267747, '01:03']
[10, 1.6406461000442505, 1.6374973058700562, 0.4124999940395355, 0.4125, 0.4127086099664806, '01:03']
[11, 1.602146863937378, 1.6365264654159546, 0.4171000123023987, 0.4170999999999999, 0.40677065744774676, '01:03']
[12, 1.5799533128738403, 1.6046756505966187, 0.42800000309944153, 0.42800000000000005, 0.42519415110403863, '01:04']
[13, 1.519238829612732, 1.6348074674606323, 0.421999990940094, 0.422, 0.41688052862644936, '01:03']
[14, 1.4733268022537231, 1.603484034538269, 0.43560001254081726, 0.4356, 0.43524490479633837, '01:03']
[15, 1.4294627904891968, 1.5880669355392456, 0.4422000050544739, 0.4422, 0.4380846133182093, '01:03']
[16, 1.3872010707855225, 1.5889899730682373, 0.4472000002861023, 0.44720000000000004, 0.4428492132852031, '01:03']
[17, 1.334410309791565, 1.5884817838668823, 0.4544999897480011, 0.4545, 0.45395904593454733, '01:03']
[18, 1.3266113996505737, 1.6013892889022827, 0.4507000148296356, 0.4507, 0.44941368794792813, '01:03']
[19, 1.2799161672592163, 1.6124242544174194, 0.4560999870300293, 0.45610000000000006, 0.45077101209047876, '01:03']
[20, 1.2572271823883057, 1.6284435987472534, 0.44699999690055847, 0.44699999999999995, 0.44193167271397815, '01:02']
No improvement since epoch 15: early stopping

Tiempo de entrenamiento: 1427.11 segundos
/mnt/homeGPU/haoweihu/TFG/lib/python3.10/site-packages/fastai/learner.py:455: UserWarning: load_learner` uses Python's insecure pickle module, which can execute malicious arbitrary code when loading. Only load files you trust.
If you only need to load model weights and optimizer state, use the safe `Learner.load` instead.
  warn("load_learner` uses Python's insecure pickle module, which can execute malicious arbitrary code when loading. Only load files you trust.\nIf you only need to load model weights and optimizer state, use the safe `Learner.load` instead.")
Loss: 1.6284
Accuracy: 0.4470
Recall: 0.4470
F1-Score: 0.4419
Loss: 1.611462950706482
Accuracy: 0.45302483439445496
Recall (macro): 0.45299622733559375
F1 Score (macro): 0.4469032879719208
---------------------------------------------------------------------------
Ejecutando: cifar_rgb_70pct_dq_quant
---------------------------------------------------------------------------
Número total de imágenes en entrenamiento: 26023
Número total de imágenes en validación: 10000

Clases: ['airplane', 'automobile', 'bird', 'cat', 'deer', 'dog', 'frog', 'horse', 'ship', 'truck']
[0, 2.2849836349487305, 2.2703516483306885, 0.18389999866485596, 0.1839, 0.15960953450601179, '01:58']
[1, 2.1580023765563965, 2.0926012992858887, 0.26249998807907104, 0.2625, 0.24317513102368812, '01:09']
[2, 2.0276730060577393, 1.9525666236877441, 0.3010999858379364, 0.30110000000000003, 0.28398427357283507, '01:08']
[3, 1.9616851806640625, 1.8734965324401855, 0.33379998803138733, 0.3338, 0.31972942161882634, '01:09']
[4, 1.8944978713989258, 1.8584966659545898, 0.33149999380111694, 0.3315, 0.32087700401849517, '01:08']
[5, 1.8797892332077026, 1.80745267868042, 0.36070001125335693, 0.3607, 0.3488106794774324, '01:14']
[6, 1.8205633163452148, 1.7357892990112305, 0.387800008058548, 0.38780000000000003, 0.3857512820432183, '01:16']
[7, 1.7721666097640991, 1.7466830015182495, 0.3808000087738037, 0.3808, 0.36980342222362206, '01:17']
[8, 1.7293483018875122, 1.6708139181137085, 0.4142000079154968, 0.41419999999999996, 0.40685711786508516, '01:17']
[9, 1.667305588722229, 1.6366163492202759, 0.4221000075340271, 0.42210000000000003, 0.4140826858442126, '01:18']
[10, 1.6434226036071777, 1.6520423889160156, 0.4172999858856201, 0.4173, 0.4093788774406339, '01:17']
[11, 1.5973366498947144, 1.6234902143478394, 0.4300000071525574, 0.43000000000000005, 0.42397188689123977, '01:24']
[12, 1.52658212184906, 1.6046080589294434, 0.44589999318122864, 0.44589999999999996, 0.4427218253912038, '01:50']
[13, 1.5223110914230347, 1.6278438568115234, 0.43059998750686646, 0.4306, 0.42951277451533043, '01:51']
[14, 1.4533036947250366, 1.625908374786377, 0.445499986410141, 0.4455, 0.43804351866959096, '01:35']
[15, 1.3950191736221313, 1.6246367692947388, 0.44429999589920044, 0.44430000000000003, 0.43676180684946814, '01:16']
[16, 1.3637844324111938, 1.6099661588668823, 0.4478999972343445, 0.4479, 0.44735834754895637, '01:15']
[17, 1.3235609531402588, 1.6220241785049438, 0.44589999318122864, 0.44589999999999996, 0.4426630261388887, '01:15']
No improvement since epoch 12: early stopping

Tiempo de entrenamiento: 1486.42 segundos
/mnt/homeGPU/haoweihu/TFG/lib/python3.10/site-packages/fastai/learner.py:455: UserWarning: load_learner` uses Python's insecure pickle module, which can execute malicious arbitrary code when loading. Only load files you trust.
If you only need to load model weights and optimizer state, use the safe `Learner.load` instead.
  warn("load_learner` uses Python's insecure pickle module, which can execute malicious arbitrary code when loading. Only load files you trust.\nIf you only need to load model weights and optimizer state, use the safe `Learner.load` instead.")
Loss: 1.6220
Accuracy: 0.4459
Recall: 0.4459
F1-Score: 0.4427
Loss: 1.6109529733657837
Accuracy: 0.4462139308452606
Recall (macro): 0.4462275647615076
F1 Score (macro): 0.442994085343973
---------------------------------------------------------------------------
Ejecutando: cifar_rgb_80pct_dq_quant
---------------------------------------------------------------------------
Número total de imágenes en entrenamiento: 28716
Número total de imágenes en validación: 10000

Clases: ['airplane', 'automobile', 'bird', 'cat', 'deer', 'dog', 'frog', 'horse', 'ship', 'truck']
[0, 2.2599668502807617, 2.2342820167541504, 0.193900004029274, 0.19390000000000002, 0.17135770013086332, '02:15']
[1, 2.1548428535461426, 2.0990946292877197, 0.2524000108242035, 0.2524, 0.24139612590264523, '01:14']
[2, 1.9917142391204834, 1.9267247915267944, 0.2962999939918518, 0.2963, 0.2742257688590479, '01:14']
[3, 1.9354523420333862, 1.8806232213974, 0.32330000400543213, 0.3233, 0.3001021661460236, '01:14']
[4, 1.881723165512085, 1.8268189430236816, 0.3400999903678894, 0.3401, 0.32997994716382123, '01:16']
[5, 1.8201775550842285, 1.7423630952835083, 0.3767000138759613, 0.3767, 0.3572647863461218, '01:14']
[6, 1.7773334980010986, 1.7280973196029663, 0.3878999948501587, 0.38789999999999997, 0.3798921044802749, '01:14']
[7, 1.719708800315857, 1.6823397874832153, 0.39629998803138733, 0.3963, 0.3825402326120463, '01:14']
[8, 1.645232081413269, 1.6874862909317017, 0.4041999876499176, 0.40420000000000006, 0.3933885829673448, '01:14']
[9, 1.6204155683517456, 1.6011497974395752, 0.43070000410079956, 0.4307, 0.42000527825342776, '01:14']
[10, 1.5809614658355713, 1.6247605085372925, 0.42800000309944153, 0.42799999999999994, 0.41570345502592143, '01:14']
[11, 1.5365219116210938, 1.5985153913497925, 0.438400000333786, 0.4384, 0.4351694611396124, '01:14']
[12, 1.4808002710342407, 1.616757869720459, 0.4343000054359436, 0.4343, 0.4292820723043433, '01:15']
[13, 1.4628655910491943, 1.5855553150177002, 0.44359999895095825, 0.4436, 0.4401279381571097, '01:14']
[14, 1.4258649349212646, 1.5797289609909058, 0.4474000036716461, 0.4474, 0.4386046058715551, '01:15']
[15, 1.3733007907867432, 1.5764987468719482, 0.45320001244544983, 0.4532, 0.4453635411579112, '01:14']
[16, 1.3241119384765625, 1.5795868635177612, 0.4503999948501587, 0.4504, 0.44518561466146866, '01:14']
[17, 1.284866452217102, 1.6130682229995728, 0.444599986076355, 0.4446, 0.44181406350011915, '01:14']
[18, 1.268839716911316, 1.6086859703063965, 0.4478999972343445, 0.4478999999999999, 0.4390846192011515, '01:14']
[19, 1.2069470882415771, 1.6264702081680298, 0.45329999923706055, 0.4532999999999999, 0.45070238468938106, '01:13']
[20, 1.1941853761672974, 1.647466778755188, 0.4496999979019165, 0.4497, 0.45059225690605853, '01:19']
No improvement since epoch 15: early stopping

Tiempo de entrenamiento: 1631.83 segundos
/mnt/homeGPU/haoweihu/TFG/lib/python3.10/site-packages/fastai/learner.py:455: UserWarning: load_learner` uses Python's insecure pickle module, which can execute malicious arbitrary code when loading. Only load files you trust.
If you only need to load model weights and optimizer state, use the safe `Learner.load` instead.
  warn("load_learner` uses Python's insecure pickle module, which can execute malicious arbitrary code when loading. Only load files you trust.\nIf you only need to load model weights and optimizer state, use the safe `Learner.load` instead.")
Loss: 1.6475
Accuracy: 0.4497
Recall: 0.4497
F1-Score: 0.4506
Loss: 1.6669368743896484
Accuracy: 0.44741585850715637
Recall (macro): 0.4474202703068835
F1 Score (macro): 0.44732699014250954
---------------------------------------------------------------------------
Ejecutando: cifar_rgb_90pct_dq_quant
---------------------------------------------------------------------------
Número total de imágenes en entrenamiento: 31063
Número total de imágenes en validación: 10000

Clases: ['airplane', 'automobile', 'bird', 'cat', 'deer', 'dog', 'frog', 'horse', 'ship', 'truck']
[0, 2.2517800331115723, 2.2154431343078613, 0.18279999494552612, 0.1828, 0.11238145566273053, '03:13']
[1, 2.0630815029144287, 2.053431749343872, 0.23579999804496765, 0.2358, 0.20763493299256308, '01:19']
[2, 1.967105746269226, 1.8894590139389038, 0.3154999911785126, 0.3155, 0.29821046220302494, '01:19']
[3, 1.9100130796432495, 1.831369161605835, 0.3301999866962433, 0.3302, 0.31353225954063674, '01:19']
[4, 1.837204098701477, 1.7833939790725708, 0.35569998621940613, 0.3557, 0.33687913218930876, '01:18']
[5, 1.800998568534851, 1.7562230825424194, 0.3686000108718872, 0.3686, 0.36358221996003953, '01:18']
[6, 1.7500660419464111, 1.728745937347412, 0.37220001220703125, 0.3722, 0.3667059571802019, '01:18']
[7, 1.6862974166870117, 1.637186050415039, 0.4108000099658966, 0.41079999999999994, 0.4052355987560056, '01:18']
[8, 1.636438012123108, 1.6209317445755005, 0.4230000078678131, 0.42299999999999993, 0.4244378747956955, '01:18']
[9, 1.5761289596557617, 1.589992880821228, 0.4413999915122986, 0.44140000000000007, 0.43523575403043857, '01:18']
[10, 1.5379084348678589, 1.5646190643310547, 0.4449999928474426, 0.44499999999999995, 0.4374814570767766, '01:18']
[11, 1.4905973672866821, 1.543511986732483, 0.4503999948501587, 0.45039999999999997, 0.4375235584435096, '01:17']
[12, 1.4613661766052246, 1.5115289688110352, 0.46239998936653137, 0.4624, 0.4576740155513144, '01:18']
[13, 1.4135546684265137, 1.5301601886749268, 0.4625999927520752, 0.4626, 0.45605236471378674, '01:19']
[14, 1.378210186958313, 1.5176340341567993, 0.46779999136924744, 0.4678, 0.46319553728185126, '01:18']
[15, 1.3239543437957764, 1.524762511253357, 0.4672999978065491, 0.4673, 0.45876858776584645, '01:18']
[16, 1.3111683130264282, 1.5165743827819824, 0.4731999933719635, 0.4732, 0.46479071334350275, '01:18']
[17, 1.282334566116333, 1.5283396244049072, 0.46810001134872437, 0.46810000000000007, 0.4649051152628287, '01:19']
No improvement since epoch 12: early stopping

Tiempo de entrenamiento: 1532.46 segundos
/mnt/homeGPU/haoweihu/TFG/lib/python3.10/site-packages/fastai/learner.py:455: UserWarning: load_learner` uses Python's insecure pickle module, which can execute malicious arbitrary code when loading. Only load files you trust.
If you only need to load model weights and optimizer state, use the safe `Learner.load` instead.
  warn("load_learner` uses Python's insecure pickle module, which can execute malicious arbitrary code when loading. Only load files you trust.\nIf you only need to load model weights and optimizer state, use the safe `Learner.load` instead.")
Loss: 1.5283
Accuracy: 0.4681
Recall: 0.4681
F1-Score: 0.4649
Loss: 1.5222539901733398
Accuracy: 0.47606170177459717
Recall (macro): 0.47599416936126965
F1 Score (macro): 0.47373660839307175
mail: cannot send message: Process exited with a non-zero status
