---------------------------------------------------------------------------
Ejecutando: fmnist_10pct_dq_quant
---------------------------------------------------------------------------
Número total de imágenes en entrenamiento: 4800
Número total de imágenes en validación: 12000

Clases: ['Ankle boot', 'Bag', 'Coat', 'Dress', 'Pullover', 'Sandal', 'Shirt', 'Sneaker', 'T-shirt', 'Trouser']
[0, 2.2940938472747803, 2.283139228820801, 0.10008333623409271, 0.10008333333333333, 0.018350962771296712, '01:34']
[1, 2.208908796310425, 2.020357847213745, 0.4000000059604645, 0.4, 0.301651338516581, '00:34']
[2, 1.5640190839767456, 1.0178228616714478, 0.6284999847412109, 0.6285000000000001, 0.6085440350076546, '00:34']
[3, 1.1565848588943481, 0.8322736620903015, 0.6856666803359985, 0.6856666666666666, 0.6699923509698797, '00:34']
[4, 0.9900791645050049, 0.8025835752487183, 0.6651666760444641, 0.6651666666666667, 0.6464493614217051, '00:33']
[5, 0.923554539680481, 0.7162197232246399, 0.7213333249092102, 0.7213333333333334, 0.7003943024020499, '00:34']
[6, 0.8656503558158875, 0.6786356568336487, 0.7366666793823242, 0.7366666666666666, 0.7110115230200131, '00:34']
[7, 0.8255678415298462, 0.6704899668693542, 0.734416663646698, 0.7344166666666666, 0.7174125435622043, '00:34']
[8, 0.7947284579277039, 0.6414464712142944, 0.753083348274231, 0.7530833333333333, 0.7304586433253879, '00:33']
[9, 0.7652530074119568, 0.6122978329658508, 0.7615000009536743, 0.7615000000000001, 0.7420319104655069, '00:34']
[10, 0.733094334602356, 0.5993127226829529, 0.7677500247955322, 0.76775, 0.7455850720319818, '00:34']
[11, 0.713844895362854, 0.5838518738746643, 0.7730833292007446, 0.7730833333333333, 0.7638497218274869, '00:33']
[12, 0.7003888487815857, 0.5791157484054565, 0.7785000205039978, 0.7785, 0.7599723480114281, '00:34']
[13, 0.6785188913345337, 0.5716062188148499, 0.7761666774749756, 0.7761666666666667, 0.7500422966927668, '00:33']
[14, 0.6628466844558716, 0.5595218539237976, 0.7766666412353516, 0.7766666666666666, 0.751390984053323, '00:34']
[15, 0.6420908570289612, 0.550307035446167, 0.7848333120346069, 0.7848333333333334, 0.7728923290556728, '00:33']
[16, 0.6169635653495789, 0.5340616703033447, 0.7979999780654907, 0.7979999999999999, 0.7901040750177131, '00:37']
[17, 0.605661928653717, 0.5214039087295532, 0.8059166669845581, 0.8059166666666666, 0.8003670570313629, '00:46']
[18, 0.5963590741157532, 0.5499169230461121, 0.7855833172798157, 0.7855833333333333, 0.7644516753643791, '00:46']
[19, 0.5749149918556213, 0.5268046259880066, 0.7940000295639038, 0.794, 0.7760544179698694, '00:46']
[20, 0.5616698861122131, 0.5105947852134705, 0.8045833110809326, 0.8045833333333332, 0.7927168928690342, '00:46']
[21, 0.5503661036491394, 0.5129582285881042, 0.7981666922569275, 0.7981666666666667, 0.7824774779061149, '00:46']
[22, 0.5396267771720886, 0.5104016661643982, 0.8050833344459534, 0.8050833333333334, 0.7946710377300774, '00:37']
[23, 0.5327900052070618, 0.5067627429962158, 0.8056666851043701, 0.8056666666666666, 0.7945766701014005, '00:33']
[24, 0.52801513671875, 0.503007173538208, 0.8085833191871643, 0.8085833333333333, 0.8004999883786272, '00:34']
[25, 0.511071503162384, 0.5076390504837036, 0.8061666488647461, 0.8061666666666667, 0.795799053540124, '00:34']
[26, 0.5121384859085083, 0.5011062622070312, 0.8104166388511658, 0.8104166666666668, 0.8003605800610938, '00:34']
[27, 0.5070616602897644, 0.49959662556648254, 0.8129166960716248, 0.8129166666666666, 0.8066596357176168, '00:34']
[28, 0.5051013231277466, 0.4989011585712433, 0.8118333220481873, 0.8118333333333332, 0.8035572826136047, '00:34']
[29, 0.5004281401634216, 0.4990520477294922, 0.812333345413208, 0.8123333333333334, 0.8046657155717153, '00:33']

Tiempo de entrenamiento: 1151.90 segundos
/mnt/homeGPU/haoweihu/TFG/lib/python3.10/site-packages/fastai/learner.py:455: UserWarning: load_learner` uses Python's insecure pickle module, which can execute malicious arbitrary code when loading. Only load files you trust.
If you only need to load model weights and optimizer state, use the safe `Learner.load` instead.
  warn("load_learner` uses Python's insecure pickle module, which can execute malicious arbitrary code when loading. Only load files you trust.\nIf you only need to load model weights and optimizer state, use the safe `Learner.load` instead.")
Loss: 0.4991
Accuracy: 0.8123
Recall: 0.8123
F1-Score: 0.8047
Loss: 2.1375670433044434
Accuracy: 0.6310096383094788
Recall (macro): 0.6311795433772213
F1 Score (macro): 0.6308405896487732
---------------------------------------------------------------------------
Ejecutando: fmnist_20pct_dq_quant
---------------------------------------------------------------------------
Número total de imágenes en entrenamiento: 9600
Número total de imágenes en validación: 12000

Clases: ['Ankle boot', 'Bag', 'Coat', 'Dress', 'Pullover', 'Sandal', 'Shirt', 'Sneaker', 'T-shirt', 'Trouser']
[0, 2.2766332626342773, 2.2446436882019043, 0.11966666579246521, 0.11966666666666666, 0.05242486906346144, '01:43']
[1, 1.6875325441360474, 1.2641372680664062, 0.5174166560173035, 0.5174166666666667, 0.44525750118462815, '00:41']
[2, 1.1722253561019897, 0.931871771812439, 0.6410833597183228, 0.6410833333333334, 0.5903005431098064, '00:41']
[3, 1.012116551399231, 0.7905340194702148, 0.7198333144187927, 0.7198333333333333, 0.6965598168407802, '00:41']
[4, 0.9343186020851135, 0.7298499941825867, 0.7296666502952576, 0.7296666666666667, 0.7039725725359395, '00:41']
[5, 0.8436033725738525, 0.629072368144989, 0.7613333463668823, 0.7613333333333334, 0.743076915682048, '00:41']
[6, 0.7829650640487671, 0.60438072681427, 0.7700833082199097, 0.7700833333333332, 0.7541853518918077, '00:41']
[7, 0.7510647177696228, 0.6163579821586609, 0.7665833234786987, 0.7665833333333334, 0.7490211863949486, '00:41']
[8, 0.7038732171058655, 0.5444735288619995, 0.7990000247955322, 0.799, 0.7833783776229633, '00:41']
[9, 0.6523447036743164, 0.5070679783821106, 0.815833330154419, 0.8158333333333335, 0.8092861035317463, '00:41']
[10, 0.6467921733856201, 0.523815393447876, 0.8059166669845581, 0.8059166666666666, 0.7867582990727715, '00:42']
[11, 0.6021780967712402, 0.4897969663143158, 0.815750002861023, 0.8157500000000001, 0.8089194034882231, '00:44']
[12, 0.5704493522644043, 0.48652011156082153, 0.8145833611488342, 0.8145833333333334, 0.8117222292376816, '00:43']
[13, 0.5688926577568054, 0.4783450663089752, 0.8253333568572998, 0.8253333333333333, 0.8234144786541554, '00:41']
[14, 0.5475876331329346, 0.4579352140426636, 0.8245833516120911, 0.8245833333333333, 0.8066304743002617, '00:41']
[15, 0.5155581831932068, 0.44830387830734253, 0.8355000019073486, 0.8355, 0.8296017085007653, '00:42']
[16, 0.49406471848487854, 0.44257864356040955, 0.840499997138977, 0.8405000000000001, 0.8358607147906861, '00:41']
[17, 0.47031375765800476, 0.41979822516441345, 0.847000002861023, 0.8469999999999999, 0.8423375285334487, '00:42']
[18, 0.46061837673187256, 0.42354801297187805, 0.8499166369438171, 0.8499166666666665, 0.8461208238247794, '00:41']
[19, 0.45055457949638367, 0.4217068552970886, 0.8446666598320007, 0.8446666666666667, 0.8402991552689789, '00:42']
[20, 0.43986544013023376, 0.4132406711578369, 0.8496666550636292, 0.8496666666666666, 0.8464517039938257, '00:42']
[21, 0.43684685230255127, 0.4052051305770874, 0.8516666889190674, 0.8516666666666668, 0.8480589624318728, '00:41']
[22, 0.4094912111759186, 0.4126271605491638, 0.8502500057220459, 0.85025, 0.8493767371332627, '00:41']
[23, 0.40458592772483826, 0.4142097234725952, 0.8490833044052124, 0.8490833333333333, 0.8456318441584425, '00:44']
[24, 0.3998013734817505, 0.4079057276248932, 0.8509166836738586, 0.8509166666666665, 0.8468427052684449, '00:41']
[25, 0.38347646594047546, 0.40772178769111633, 0.8516666889190674, 0.8516666666666668, 0.8484507747099632, '00:42']
[26, 0.38790130615234375, 0.4047156274318695, 0.8538333177566528, 0.8538333333333332, 0.8510090342108712, '00:41']
[27, 0.3863598108291626, 0.403648316860199, 0.8533333539962769, 0.8533333333333333, 0.8508270732673238, '00:41']
[28, 0.379771888256073, 0.40413355827331543, 0.8534166812896729, 0.8534166666666667, 0.850791122670349, '00:42']
[29, 0.38025811314582825, 0.4042634665966034, 0.8533333539962769, 0.8533333333333333, 0.8504775991178801, '00:41']

Tiempo de entrenamiento: 1319.86 segundos
/mnt/homeGPU/haoweihu/TFG/lib/python3.10/site-packages/fastai/learner.py:455: UserWarning: load_learner` uses Python's insecure pickle module, which can execute malicious arbitrary code when loading. Only load files you trust.
If you only need to load model weights and optimizer state, use the safe `Learner.load` instead.
  warn("load_learner` uses Python's insecure pickle module, which can execute malicious arbitrary code when loading. Only load files you trust.\nIf you only need to load model weights and optimizer state, use the safe `Learner.load` instead.")
Loss: 0.4043
Accuracy: 0.8533
Recall: 0.8533
F1-Score: 0.8505
Loss: 2.5792558193206787
Accuracy: 0.6578525900840759
Recall (macro): 0.6578089960572407
F1 Score (macro): 0.6615159468860523
---------------------------------------------------------------------------
Ejecutando: fmnist_30pct_dq_quant
---------------------------------------------------------------------------
Número total de imágenes en entrenamiento: 14269
Número total de imágenes en validación: 12000

Clases: ['Ankle boot', 'Bag', 'Coat', 'Dress', 'Pullover', 'Sandal', 'Shirt', 'Sneaker', 'T-shirt', 'Trouser']
[0, 2.206226110458374, 2.1095938682556152, 0.3699166774749756, 0.36991666666666667, 0.28386854108882986, '02:04']
[1, 1.337812066078186, 1.0931569337844849, 0.5747500061988831, 0.5747500000000001, 0.5565958754052669, '00:51']
[2, 1.062679409980774, 0.8737993836402893, 0.690416693687439, 0.6904166666666667, 0.6735120065939108, '00:54']
[3, 0.93962162733078, 0.7395663857460022, 0.7411666512489319, 0.7411666666666668, 0.7091472292830671, '01:07']
[4, 0.8507408499717712, 0.6782958507537842, 0.7382500171661377, 0.73825, 0.717923030738404, '01:06']
[5, 0.7803040146827698, 0.600070595741272, 0.7756666541099548, 0.7756666666666667, 0.7564964350361015, '01:06']
[6, 0.7480714917182922, 0.5723266005516052, 0.7797499895095825, 0.77975, 0.7717090687660764, '01:04']
[7, 0.6962468028068542, 0.5414161086082458, 0.7945833206176758, 0.7945833333333334, 0.7849966781093916, '00:50']
[8, 0.6542389392852783, 0.5097874999046326, 0.8169166445732117, 0.8169166666666667, 0.8131931423752821, '00:50']
[9, 0.6209605932235718, 0.46800196170806885, 0.8265833258628845, 0.8265833333333333, 0.8225192997624905, '00:50']
[10, 0.5966939330101013, 0.4764072000980377, 0.815750002861023, 0.8157500000000001, 0.8040444705026388, '00:50']
[11, 0.559508204460144, 0.4543890357017517, 0.8242499828338623, 0.8242499999999999, 0.8136173377193879, '00:50']
[12, 0.5619511604309082, 0.4472653269767761, 0.8304166793823242, 0.8304166666666667, 0.8183793537881211, '00:50']
[13, 0.5360122919082642, 0.44643262028694153, 0.831333339214325, 0.8313333333333335, 0.8185997515667742, '00:51']
[14, 0.5247942209243774, 0.4115786552429199, 0.8485833406448364, 0.8485833333333334, 0.845650798130779, '00:50']
[15, 0.49356016516685486, 0.4175426959991455, 0.8510000109672546, 0.851, 0.8503635623679864, '00:50']
[16, 0.4734123945236206, 0.41296786069869995, 0.8460000157356262, 0.8459999999999999, 0.8438200238136588, '00:50']
[17, 0.44923728704452515, 0.39693155884742737, 0.8550000190734863, 0.8550000000000001, 0.8541558536843284, '00:50']
[18, 0.43717095255851746, 0.3937786817550659, 0.8580833077430725, 0.8580833333333333, 0.8557440984206247, '00:50']
[19, 0.42961153388023376, 0.39608705043792725, 0.856416642665863, 0.8564166666666667, 0.8551336513383969, '00:50']
[20, 0.42154738306999207, 0.3903382122516632, 0.8582500219345093, 0.85825, 0.8581321063009986, '00:50']
[21, 0.39062097668647766, 0.39431092143058777, 0.8572499752044678, 0.85725, 0.8576012976697855, '00:51']
[22, 0.3942421078681946, 0.3905622959136963, 0.8616666793823242, 0.8616666666666667, 0.8604380637976821, '00:51']
[23, 0.3823533356189728, 0.3979586958885193, 0.8555833101272583, 0.8555833333333333, 0.8532962574916241, '00:51']
[24, 0.3677111566066742, 0.3893502652645111, 0.859666645526886, 0.8596666666666666, 0.8583873284092866, '00:51']
[25, 0.36455830931663513, 0.3899756371974945, 0.8602499961853027, 0.86025, 0.8593949283460812, '00:51']
[26, 0.354067325592041, 0.3877309560775757, 0.8609166741371155, 0.8609166666666667, 0.859643045029131, '00:51']
[27, 0.36015215516090393, 0.38869062066078186, 0.8604999780654907, 0.8605, 0.8593611222734436, '00:50']
[28, 0.35401228070259094, 0.3876676857471466, 0.8610833287239075, 0.8610833333333334, 0.8602267243946292, '00:50']
[29, 0.3462994694709778, 0.38755762577056885, 0.8614166378974915, 0.8614166666666667, 0.86056830764899, '00:51']

Tiempo de entrenamiento: 1662.16 segundos
/mnt/homeGPU/haoweihu/TFG/lib/python3.10/site-packages/fastai/learner.py:455: UserWarning: load_learner` uses Python's insecure pickle module, which can execute malicious arbitrary code when loading. Only load files you trust.
If you only need to load model weights and optimizer state, use the safe `Learner.load` instead.
  warn("load_learner` uses Python's insecure pickle module, which can execute malicious arbitrary code when loading. Only load files you trust.\nIf you only need to load model weights and optimizer state, use the safe `Learner.load` instead.")
Loss: 0.3876
Accuracy: 0.8614
Recall: 0.8614
F1-Score: 0.8606
Loss: 3.084909439086914
Accuracy: 0.6759815812110901
Recall (macro): 0.675898326958947
F1 Score (macro): 0.676365913508755
---------------------------------------------------------------------------
Ejecutando: fmnist_40pct_dq_quant
---------------------------------------------------------------------------
Número total de imágenes en entrenamiento: 18740
Número total de imágenes en validación: 12000

Clases: ['Ankle boot', 'Bag', 'Coat', 'Dress', 'Pullover', 'Sandal', 'Shirt', 'Sneaker', 'T-shirt', 'Trouser']
[0, 2.1789467334747314, 2.0685529708862305, 0.4634166657924652, 0.46341666666666664, 0.41540256098223305, '02:26']
[1, 1.174594521522522, 0.9704447388648987, 0.6451666951179504, 0.6451666666666667, 0.6117950437634436, '00:59']
[2, 0.9331299066543579, 0.7633509039878845, 0.7239999771118164, 0.724, 0.7037006578504584, '00:58']
[3, 0.8058509230613708, 0.6764094829559326, 0.7352499961853027, 0.73525, 0.7205237222050211, '00:59']
[4, 0.734577476978302, 0.5787528157234192, 0.7790833115577698, 0.7790833333333333, 0.7697457227212474, '00:58']
[5, 0.6948723793029785, 0.5368617177009583, 0.8019999861717224, 0.8019999999999999, 0.8004773146334039, '00:59']
[6, 0.6507036685943604, 0.5073772668838501, 0.8061666488647461, 0.8061666666666666, 0.7980894488533261, '00:59']
[7, 0.624299168586731, 0.49633878469467163, 0.8044999837875366, 0.8045, 0.7820213808676059, '00:59']
[8, 0.5905799865722656, 0.48214489221572876, 0.8115000128746033, 0.8114999999999999, 0.7998400745502188, '00:59']
[9, 0.5663930177688599, 0.4489422142505646, 0.8352500200271606, 0.8352499999999999, 0.830065506520711, '00:59']
[10, 0.5318634510040283, 0.4689801037311554, 0.8246666789054871, 0.8246666666666667, 0.8232989809263801, '01:09']
[11, 0.5075148940086365, 0.41980603337287903, 0.8417500257492065, 0.8417499999999999, 0.8343189346997241, '01:18']
[12, 0.49327194690704346, 0.4207400679588318, 0.84375, 0.84375, 0.8428091985890964, '01:15']
[13, 0.490396112203598, 0.40387219190597534, 0.8517500162124634, 0.85175, 0.8525411329178553, '01:15']
[14, 0.4577760398387909, 0.4054313898086548, 0.8520833253860474, 0.8520833333333334, 0.8483941060239601, '00:59']
[15, 0.4348528981208801, 0.3898898959159851, 0.8579166531562805, 0.8579166666666668, 0.853916125215255, '00:59']
[16, 0.4435580372810364, 0.38769668340682983, 0.8573333621025085, 0.8573333333333334, 0.8558152463379747, '00:59']
[17, 0.42756226658821106, 0.4116858243942261, 0.8510833382606506, 0.8510833333333334, 0.850086208094625, '00:58']
[18, 0.39136096835136414, 0.3894694447517395, 0.8560000061988831, 0.8559999999999999, 0.8534537412644798, '00:58']
[19, 0.38454997539520264, 0.37751317024230957, 0.8615000247955322, 0.8615, 0.8611468225645715, '00:59']
[20, 0.3754071593284607, 0.38260263204574585, 0.862500011920929, 0.8625, 0.8589791898936608, '00:59']
[21, 0.3527895212173462, 0.37995296716690063, 0.8629999756813049, 0.8630000000000001, 0.8625035357725658, '00:59']
[22, 0.3494128882884979, 0.37892642617225647, 0.8650833368301392, 0.8650833333333333, 0.8627162047642836, '00:59']
[23, 0.3541548252105713, 0.3790489435195923, 0.8645833134651184, 0.8645833333333333, 0.8624039944247507, '00:59']
[24, 0.3431217074394226, 0.3748907446861267, 0.8678333163261414, 0.8678333333333332, 0.8672013645313456, '00:59']
[25, 0.32900866866111755, 0.3778934180736542, 0.8662499785423279, 0.86625, 0.8662546564593683, '00:59']
[26, 0.3273818790912628, 0.37674108147621155, 0.8676666617393494, 0.8676666666666666, 0.8673774132808505, '00:59']
[27, 0.31323930621147156, 0.376240611076355, 0.8686666488647461, 0.8686666666666666, 0.8679617194666042, '00:59']
[28, 0.3144163489341736, 0.37677544355392456, 0.8687499761581421, 0.86875, 0.8677386170110145, '00:59']
[29, 0.32803618907928467, 0.3766217529773712, 0.8687499761581421, 0.86875, 0.8678178157279921, '00:59']
No improvement since epoch 24: early stopping

Tiempo de entrenamiento: 1928.75 segundos
/mnt/homeGPU/haoweihu/TFG/lib/python3.10/site-packages/fastai/learner.py:455: UserWarning: load_learner` uses Python's insecure pickle module, which can execute malicious arbitrary code when loading. Only load files you trust.
If you only need to load model weights and optimizer state, use the safe `Learner.load` instead.
  warn("load_learner` uses Python's insecure pickle module, which can execute malicious arbitrary code when loading. Only load files you trust.\nIf you only need to load model weights and optimizer state, use the safe `Learner.load` instead.")
Loss: 0.3766
Accuracy: 0.8687
Recall: 0.8688
F1-Score: 0.8678
Loss: 2.824850082397461
Accuracy: 0.6776843070983887
Recall (macro): 0.6775993788969693
F1 Score (macro): 0.6802681640663356
---------------------------------------------------------------------------
Ejecutando: fmnist_50pct_dq_quant
---------------------------------------------------------------------------
Número total de imágenes en entrenamiento: 22662
Número total de imágenes en validación: 12000

Clases: ['Ankle boot', 'Bag', 'Coat', 'Dress', 'Pullover', 'Sandal', 'Shirt', 'Sneaker', 'T-shirt', 'Trouser']
[0, 2.0480315685272217, 1.8574551343917847, 0.5203333497047424, 0.5203333333333333, 0.47373735437411213, '02:39']
[1, 1.0325900316238403, 0.8683972358703613, 0.6777499914169312, 0.6777500000000001, 0.6566402311804834, '01:06']
[2, 0.8157454133033752, 0.6981160640716553, 0.734666645526886, 0.7346666666666667, 0.7173077944754075, '01:06']
[3, 0.7652957439422607, 0.6236539483070374, 0.7584166526794434, 0.7584166666666666, 0.74858574900208, '01:06']
[4, 0.7206884026527405, 0.5789816975593567, 0.778333306312561, 0.7783333333333334, 0.7638183127474949, '01:06']
[5, 0.6492080092430115, 0.5425149202346802, 0.7931666374206543, 0.7931666666666667, 0.7892937596614209, '01:06']
[6, 0.6134893298149109, 0.4977559745311737, 0.8071666955947876, 0.8071666666666667, 0.7961109587301872, '01:07']
[7, 0.5722790360450745, 0.46113985776901245, 0.828083336353302, 0.8280833333333334, 0.8260847269267609, '01:06']
[8, 0.5310952663421631, 0.42820683121681213, 0.8327500224113464, 0.8327499999999999, 0.8274577774711342, '01:07']
[9, 0.5242499113082886, 0.42964258790016174, 0.840666651725769, 0.8406666666666667, 0.8355331312879472, '01:07']
[10, 0.4998290538787842, 0.41403645277023315, 0.8450000286102295, 0.845, 0.8389389766768343, '01:06']
[11, 0.47465068101882935, 0.3931369483470917, 0.8513333201408386, 0.8513333333333334, 0.8475059726921765, '01:05']
[12, 0.4357101023197174, 0.3969723582267761, 0.8521666526794434, 0.8521666666666666, 0.8501465035183793, '01:22']
[13, 0.44222819805145264, 0.3934464156627655, 0.8494166731834412, 0.8494166666666667, 0.8443106698458829, '01:25']
[14, 0.4403592050075531, 0.4027875065803528, 0.846666693687439, 0.8466666666666667, 0.8468632971484537, '01:25']
[15, 0.4040525555610657, 0.3735448718070984, 0.8583333492279053, 0.8583333333333332, 0.8566200412871432, '01:18']
[16, 0.4080697000026703, 0.3748856484889984, 0.8611666560173035, 0.8611666666666666, 0.8616256439325776, '01:05']
[17, 0.3878536820411682, 0.3813205659389496, 0.8554999828338623, 0.8554999999999999, 0.853149390933053, '01:06']
[18, 0.35657963156700134, 0.3632228970527649, 0.8647500276565552, 0.8647499999999999, 0.8643236784580216, '01:06']
[19, 0.3428102135658264, 0.35978344082832336, 0.8658333420753479, 0.8658333333333335, 0.8630630726547499, '01:06']
[20, 0.32592490315437317, 0.36475470662117004, 0.8657500147819519, 0.86575, 0.8638557711600043, '01:06']
[21, 0.33465149998664856, 0.358519583940506, 0.8693333268165588, 0.8693333333333333, 0.8685658864917469, '01:06']
[22, 0.3074195981025696, 0.36121150851249695, 0.8694999814033508, 0.8695, 0.8692424867816785, '01:07']
[23, 0.30612418055534363, 0.36630502343177795, 0.8676666617393494, 0.8676666666666666, 0.8656233957832612, '01:06']
[24, 0.2947160005569458, 0.36100658774375916, 0.8686666488647461, 0.8686666666666667, 0.8681593239195372, '01:05']
[25, 0.29729172587394714, 0.360806405544281, 0.8714166879653931, 0.8714166666666667, 0.8702600152823949, '01:06']
[26, 0.2909201383590698, 0.3618685305118561, 0.8715000152587891, 0.8714999999999999, 0.8703014166671297, '01:06']
No improvement since epoch 21: early stopping

Tiempo de entrenamiento: 1956.03 segundos
/mnt/homeGPU/haoweihu/TFG/lib/python3.10/site-packages/fastai/learner.py:455: UserWarning: load_learner` uses Python's insecure pickle module, which can execute malicious arbitrary code when loading. Only load files you trust.
If you only need to load model weights and optimizer state, use the safe `Learner.load` instead.
  warn("load_learner` uses Python's insecure pickle module, which can execute malicious arbitrary code when loading. Only load files you trust.\nIf you only need to load model weights and optimizer state, use the safe `Learner.load` instead.")
Loss: 0.3619
Accuracy: 0.8715
Recall: 0.8715
F1-Score: 0.8703
Loss: 3.1677448749542236
Accuracy: 0.6840945482254028
Recall (macro): 0.6842249752610722
F1 Score (macro): 0.6862491206769339
---------------------------------------------------------------------------
Ejecutando: fmnist_60pct_dq_quant
---------------------------------------------------------------------------
Número total de imágenes en entrenamiento: 26643
Número total de imágenes en validación: 12000

Clases: ['Ankle boot', 'Bag', 'Coat', 'Dress', 'Pullover', 'Sandal', 'Shirt', 'Sneaker', 'T-shirt', 'Trouser']
[0, 1.8829530477523804, 1.653191089630127, 0.429500013589859, 0.4295000000000001, 0.3394454217279471, '03:01']
[1, 1.0039483308792114, 0.8331343531608582, 0.70291668176651, 0.7029166666666666, 0.6852985760462814, '01:13']
[2, 0.8435063362121582, 0.7072212100028992, 0.7293333411216736, 0.7293333333333333, 0.7278667950814492, '01:13']
[3, 0.729629397392273, 0.6321961879730225, 0.7549999952316284, 0.755, 0.7403144673829851, '01:13']
[4, 0.7131564617156982, 0.5845690965652466, 0.781416654586792, 0.7814166666666666, 0.749334753503749, '01:13']
[5, 0.6143172383308411, 0.5051504969596863, 0.8040000200271606, 0.804, 0.7870832238549225, '01:14']
[6, 0.5852512121200562, 0.5042523741722107, 0.809583306312561, 0.8095833333333333, 0.808073576121443, '01:14']
[7, 0.5365391373634338, 0.45285433530807495, 0.8307499885559082, 0.8307499999999999, 0.8264943106211804, '01:13']
[8, 0.5390241742134094, 0.4279573857784271, 0.8465833067893982, 0.8465833333333335, 0.845987941410726, '01:14']
[9, 0.5059187412261963, 0.4058324098587036, 0.8492500185966492, 0.8492500000000002, 0.8473531642036137, '01:14']
[10, 0.46633386611938477, 0.4212121069431305, 0.8418333530426025, 0.8418333333333333, 0.8397994287713086, '01:14']
[11, 0.4428550899028778, 0.39192819595336914, 0.8539999723434448, 0.8539999999999999, 0.8552202626262926, '01:14']
[12, 0.4271587133407593, 0.36980777978897095, 0.8639166951179504, 0.8639166666666667, 0.862309875021871, '01:14']
[13, 0.4224572777748108, 0.3785099387168884, 0.8621666431427002, 0.8621666666666666, 0.862279771891559, '01:28']
[14, 0.41880306601524353, 0.36665108799934387, 0.8659999966621399, 0.866, 0.8663006410881249, '01:36']
[15, 0.3773373067378998, 0.38349467515945435, 0.8582500219345093, 0.85825, 0.8548611706012125, '01:34']
[16, 0.3624297082424164, 0.3669651746749878, 0.8681666851043701, 0.8681666666666666, 0.8666882053359515, '01:22']
[17, 0.366464227437973, 0.3639405369758606, 0.8688333630561829, 0.8688333333333335, 0.8667386168076743, '01:15']
[18, 0.3398401439189911, 0.3595868647098541, 0.8686666488647461, 0.8686666666666666, 0.8679362935844701, '01:14']
[19, 0.33437955379486084, 0.3635563552379608, 0.8702499866485596, 0.8702500000000001, 0.8692176574819858, '01:14']
[20, 0.31516575813293457, 0.35899242758750916, 0.8743333220481873, 0.8743333333333334, 0.87370391243652, '01:13']
[21, 0.30441251397132874, 0.36441898345947266, 0.872083306312561, 0.8720833333333333, 0.8718857232155598, '01:13']
[22, 0.3042353689670563, 0.3660575747489929, 0.8712499737739563, 0.8712500000000001, 0.8718494317198082, '01:15']
[23, 0.2865515351295471, 0.36601439118385315, 0.8734999895095825, 0.8734999999999999, 0.87294024666326, '01:13']
[24, 0.27644410729408264, 0.36566227674484253, 0.8765833377838135, 0.8765833333333333, 0.8760216612438425, '01:14']
[25, 0.2764384150505066, 0.3646787405014038, 0.875249981880188, 0.8752500000000001, 0.8746750536519039, '01:14']
No improvement since epoch 20: early stopping

Tiempo de entrenamiento: 2101.07 segundos
/mnt/homeGPU/haoweihu/TFG/lib/python3.10/site-packages/fastai/learner.py:455: UserWarning: load_learner` uses Python's insecure pickle module, which can execute malicious arbitrary code when loading. Only load files you trust.
If you only need to load model weights and optimizer state, use the safe `Learner.load` instead.
  warn("load_learner` uses Python's insecure pickle module, which can execute malicious arbitrary code when loading. Only load files you trust.\nIf you only need to load model weights and optimizer state, use the safe `Learner.load` instead.")
Loss: 0.3647
Accuracy: 0.8752
Recall: 0.8753
F1-Score: 0.8747
Loss: 3.4845850467681885
Accuracy: 0.6854968070983887
Recall (macro): 0.6856768818595179
F1 Score (macro): 0.6873998122834246
---------------------------------------------------------------------------
Ejecutando: fmnist_70pct_dq_quant
---------------------------------------------------------------------------
Número total de imágenes en entrenamiento: 30110
Número total de imágenes en validación: 12000

Clases: ['Ankle boot', 'Bag', 'Coat', 'Dress', 'Pullover', 'Sandal', 'Shirt', 'Sneaker', 'T-shirt', 'Trouser']
[0, 1.5706920623779297, 1.3387137651443481, 0.5929166674613953, 0.5929166666666668, 0.5828977424262228, '03:13']
[1, 0.9721974730491638, 0.8709405064582825, 0.6734166741371155, 0.6734166666666667, 0.6315414590510672, '01:24']
[2, 0.8295436501502991, 0.7390860319137573, 0.7299166917800903, 0.7299166666666667, 0.7149819541921618, '01:28']
[3, 0.7178267240524292, 0.6460859179496765, 0.7482500076293945, 0.7482500000000001, 0.737662415713487, '01:28']
[4, 0.6631371974945068, 0.5534228682518005, 0.784166693687439, 0.7841666666666666, 0.7674117282271872, '01:26']
[5, 0.6063355207443237, 0.5275999307632446, 0.7909166812896729, 0.7909166666666667, 0.7763439355718773, '01:26']
[6, 0.5568540096282959, 0.4814208447933197, 0.8242499828338623, 0.8242499999999999, 0.8224003319347751, '01:20']
[7, 0.5190682411193848, 0.45098790526390076, 0.8317499756813049, 0.8317500000000001, 0.8292126470331093, '01:21']
[8, 0.5194993615150452, 0.41551607847213745, 0.8444166779518127, 0.8444166666666668, 0.8411255270766288, '01:27']
[9, 0.47834762930870056, 0.39755547046661377, 0.8492500185966492, 0.84925, 0.8452721533041064, '01:20']
[10, 0.4474148750305176, 0.39140352606773376, 0.8544166684150696, 0.8544166666666667, 0.8547377307435351, '01:20']
[11, 0.4408203065395355, 0.38041865825653076, 0.859083354473114, 0.8590833333333334, 0.8584060140121285, '01:23']
[12, 0.3988642394542694, 0.3746788799762726, 0.8621666431427002, 0.8621666666666666, 0.8621407596873587, '01:39']
[13, 0.38756808638572693, 0.3848035931587219, 0.859083354473114, 0.8590833333333334, 0.8580011553736038, '01:44']
[14, 0.3865233063697815, 0.3648848533630371, 0.8644166588783264, 0.8644166666666667, 0.8643142878748182, '01:42']
[15, 0.3765225112438202, 0.36369577050209045, 0.8655833601951599, 0.8655833333333331, 0.8645009202346351, '01:20']
[16, 0.35563910007476807, 0.3608878552913666, 0.8630833625793457, 0.8630833333333333, 0.8611840316976659, '01:24']
[17, 0.3452490270137787, 0.3617786765098572, 0.8658333420753479, 0.8658333333333333, 0.8652850687057896, '01:21']
[18, 0.33126339316368103, 0.36193332076072693, 0.8680833578109741, 0.8680833333333332, 0.866146842984279, '01:20']
[19, 0.3066978454589844, 0.36039677262306213, 0.8705000281333923, 0.8705, 0.8691699069032595, '01:27']
[20, 0.3088470697402954, 0.35248327255249023, 0.8700000047683716, 0.8699999999999999, 0.8700802770524316, '01:24']
[21, 0.29258668422698975, 0.3615606427192688, 0.8710833191871643, 0.8710833333333333, 0.8712390599576076, '01:23']
[22, 0.27662327885627747, 0.36032748222351074, 0.8714166879653931, 0.8714166666666667, 0.8704741447559545, '01:22']
[23, 0.2646273374557495, 0.3627817928791046, 0.8708333373069763, 0.8708333333333333, 0.8706941247204659, '01:38']
[24, 0.2607276737689972, 0.3625178337097168, 0.872083306312561, 0.8720833333333333, 0.8720694315021122, '01:31']
[25, 0.25954198837280273, 0.3619331121444702, 0.8709166646003723, 0.8709166666666667, 0.8703828773446253, '01:24']
No improvement since epoch 20: early stopping

Tiempo de entrenamiento: 2367.80 segundos
/mnt/homeGPU/haoweihu/TFG/lib/python3.10/site-packages/fastai/learner.py:455: UserWarning: load_learner` uses Python's insecure pickle module, which can execute malicious arbitrary code when loading. Only load files you trust.
If you only need to load model weights and optimizer state, use the safe `Learner.load` instead.
  warn("load_learner` uses Python's insecure pickle module, which can execute malicious arbitrary code when loading. Only load files you trust.\nIf you only need to load model weights and optimizer state, use the safe `Learner.load` instead.")
Loss: 0.3619
Accuracy: 0.8709
Recall: 0.8709
F1-Score: 0.8704
Loss: 3.451451539993286
Accuracy: 0.6924078464508057
Recall (macro): 0.6920503059521965
F1 Score (macro): 0.6907814913699583
---------------------------------------------------------------------------
Ejecutando: fmnist_80pct_dq_quant
---------------------------------------------------------------------------
Número total de imágenes en entrenamiento: 33152
Número total de imágenes en validación: 12000

Clases: ['Ankle boot', 'Bag', 'Coat', 'Dress', 'Pullover', 'Sandal', 'Shirt', 'Sneaker', 'T-shirt', 'Trouser']
[0, 1.616493821144104, 1.3997005224227905, 0.5233333110809326, 0.5233333333333334, 0.4564262849179805, '03:26']
[1, 0.9102108478546143, 0.814795732498169, 0.7109166383743286, 0.7109166666666666, 0.6877083255457849, '01:30']
[2, 0.7724737524986267, 0.659523069858551, 0.7440833449363708, 0.7440833333333334, 0.7280398307156405, '01:29']
[3, 0.6713511943817139, 0.6049296855926514, 0.7643333077430725, 0.7643333333333333, 0.738737422818948, '01:29']
[4, 0.619774580001831, 0.5317122936248779, 0.7964166402816772, 0.7964166666666667, 0.7837902391147928, '01:28']
[5, 0.5808278322219849, 0.4990612268447876, 0.8072500228881836, 0.80725, 0.8006482687425531, '01:28']
[6, 0.5266010165214539, 0.45851215720176697, 0.8300833106040955, 0.8300833333333333, 0.8234715236554196, '01:39']
[7, 0.49201181530952454, 0.43201014399528503, 0.8342499732971191, 0.8342500000000002, 0.8265441797858879, '01:40']
[8, 0.45733991265296936, 0.38550952076911926, 0.8558333516120911, 0.8558333333333333, 0.8552818190205645, '01:44']
[9, 0.4412655234336853, 0.3923545181751251, 0.8530833125114441, 0.8530833333333334, 0.8512980370199387, '02:01']
[10, 0.42608562111854553, 0.37565577030181885, 0.859000027179718, 0.859, 0.8598262978426217, '01:58']
[11, 0.40450528264045715, 0.36655473709106445, 0.8650833368301392, 0.8650833333333333, 0.8641161610887431, '01:53']
[12, 0.3929454982280731, 0.3642609715461731, 0.8618333339691162, 0.8618333333333332, 0.8608384793059743, '01:25']
[13, 0.3765046000480652, 0.35510653257369995, 0.8666666746139526, 0.8666666666666666, 0.8666537226744753, '01:25']
[14, 0.3431716561317444, 0.3440816104412079, 0.8721666932106018, 0.8721666666666665, 0.8709990758653621, '01:25']
[15, 0.356827974319458, 0.34567496180534363, 0.8724166750907898, 0.8724166666666667, 0.8709795284748975, '01:25']
[16, 0.33552712202072144, 0.3447180688381195, 0.8744166493415833, 0.8744166666666666, 0.874745547041963, '01:26']
[17, 0.3197735846042633, 0.34593281149864197, 0.8758333325386047, 0.8758333333333332, 0.8750434016962666, '01:28']
[18, 0.2859501838684082, 0.34198859333992004, 0.8790833353996277, 0.8790833333333333, 0.8788474745378112, '01:28']
[19, 0.2706438899040222, 0.35366031527519226, 0.8755000233650208, 0.8755000000000001, 0.8757830799308601, '01:27']
[20, 0.27832701802253723, 0.3514465391635895, 0.8725000023841858, 0.8724999999999999, 0.8716806528922356, '01:27']
[21, 0.26509901881217957, 0.3540615737438202, 0.8767499923706055, 0.87675, 0.8750977226100505, '01:27']
[22, 0.252546101808548, 0.3480624556541443, 0.8790833353996277, 0.8790833333333333, 0.8789469209489497, '01:28']
[23, 0.2478366196155548, 0.3559589982032776, 0.8769999742507935, 0.877, 0.8774002782341656, '01:31']
No improvement since epoch 18: early stopping

Tiempo de entrenamiento: 2361.41 segundos
/mnt/homeGPU/haoweihu/TFG/lib/python3.10/site-packages/fastai/learner.py:455: UserWarning: load_learner` uses Python's insecure pickle module, which can execute malicious arbitrary code when loading. Only load files you trust.
If you only need to load model weights and optimizer state, use the safe `Learner.load` instead.
  warn("load_learner` uses Python's insecure pickle module, which can execute malicious arbitrary code when loading. Only load files you trust.\nIf you only need to load model weights and optimizer state, use the safe `Learner.load` instead.")
Loss: 0.3560
Accuracy: 0.8770
Recall: 0.8770
F1-Score: 0.8774
Loss: 3.25016450881958
Accuracy: 0.6912059187889099
Recall (macro): 0.6911487621613855
F1 Score (macro): 0.6908874985682744
---------------------------------------------------------------------------
Ejecutando: fmnist_90pct_dq_quant
---------------------------------------------------------------------------
Número total de imágenes en entrenamiento: 35522
Número total de imágenes en validación: 12000

Clases: ['Ankle boot', 'Bag', 'Coat', 'Dress', 'Pullover', 'Sandal', 'Shirt', 'Sneaker', 'T-shirt', 'Trouser']
[0, 1.5262720584869385, 1.332186222076416, 0.5108333230018616, 0.5108333333333334, 0.4517527529164257, '03:32']
[1, 0.9120089411735535, 0.813082218170166, 0.7017499804496765, 0.70175, 0.6772822369207115, '01:31']
[2, 0.7371119260787964, 0.670786440372467, 0.7367500066757202, 0.73675, 0.7206543380402388, '01:30']
[3, 0.6527689695358276, 0.5726733207702637, 0.7745000123977661, 0.7745, 0.7590034779891426, '01:31']
[4, 0.599362313747406, 0.5138132572174072, 0.8004166483879089, 0.8004166666666664, 0.786874832150698, '02:00']
[5, 0.5381101369857788, 0.4749796986579895, 0.828249990940094, 0.8282499999999999, 0.8216373114824742, '01:37']
[6, 0.5235435962677002, 0.44499194622039795, 0.8387500047683716, 0.8387500000000001, 0.837564107183805, '02:01']
[7, 0.4846339225769043, 0.4183308184146881, 0.8445833325386047, 0.8445833333333332, 0.8423844733447339, '02:01']
[8, 0.4739023745059967, 0.3964616656303406, 0.8537499904632568, 0.85375, 0.852522821551044, '01:36']
[9, 0.44495245814323425, 0.415781706571579, 0.840833306312561, 0.8408333333333333, 0.8380141599345379, '01:32']
[10, 0.4212259352207184, 0.38332101702690125, 0.8533333539962769, 0.8533333333333333, 0.8481993607552584, '01:30']
[11, 0.39516711235046387, 0.37050163745880127, 0.8606666922569275, 0.8606666666666666, 0.8600261099352453, '01:31']
[12, 0.3906044363975525, 0.3772066533565521, 0.8600000143051147, 0.86, 0.8583971410321025, '01:31']
[13, 0.3719511926174164, 0.3483332097530365, 0.8695833086967468, 0.8695833333333333, 0.8681252244652118, '01:31']
[14, 0.34000250697135925, 0.352070152759552, 0.8684999942779541, 0.8684999999999998, 0.8680827863866813, '01:31']
[15, 0.33860936760902405, 0.35128262639045715, 0.8690833449363708, 0.8690833333333334, 0.8671202967353112, '01:32']
[16, 0.3376539945602417, 0.34672603011131287, 0.8694999814033508, 0.8695, 0.8676966049817727, '01:31']
[17, 0.3231787383556366, 0.35707104206085205, 0.8666666746139526, 0.8666666666666666, 0.8675600862937788, '01:31']
[18, 0.3020561933517456, 0.3508651852607727, 0.8721666932106018, 0.8721666666666668, 0.8697632983399458, '01:30']
[19, 0.2790513336658478, 0.3467075526714325, 0.8760833144187927, 0.8760833333333334, 0.8767801493407322, '01:30']
[20, 0.2762161195278168, 0.3476026654243469, 0.8741666674613953, 0.8741666666666668, 0.873810110382721, '01:30']
[21, 0.266041100025177, 0.3496912121772766, 0.8744999766349792, 0.8744999999999999, 0.8740880723335991, '01:40']
[22, 0.2627160847187042, 0.3693007826805115, 0.8682500123977661, 0.86825, 0.8647062896927858, '01:40']
[23, 0.2494041919708252, 0.35662826895713806, 0.8725833296775818, 0.8725833333333334, 0.8721997586755027, '01:36']
[24, 0.2471548467874527, 0.3521100580692291, 0.875083327293396, 0.8750833333333332, 0.874484775557469, '01:35']
No improvement since epoch 19: early stopping

Tiempo de entrenamiento: 2532.37 segundos
/mnt/homeGPU/haoweihu/TFG/lib/python3.10/site-packages/fastai/learner.py:455: UserWarning: load_learner` uses Python's insecure pickle module, which can execute malicious arbitrary code when loading. Only load files you trust.
If you only need to load model weights and optimizer state, use the safe `Learner.load` instead.
  warn("load_learner` uses Python's insecure pickle module, which can execute malicious arbitrary code when loading. Only load files you trust.\nIf you only need to load model weights and optimizer state, use the safe `Learner.load` instead.")
Loss: 0.3521
Accuracy: 0.8751
Recall: 0.8751
F1-Score: 0.8745
Loss: 3.7360758781433105
Accuracy: 0.6888020634651184
Recall (macro): 0.6887863252647284
F1 Score (macro): 0.6877962108864092
mail: cannot send message: Process exited with a non-zero status
