/mnt/homeGPU/haoweihu/TFG/lib/python3.10/site-packages/torchvision/models/_utils.py:208: UserWarning: The parameter 'pretrained' is deprecated since 0.13 and may be removed in the future, please use 'weights' instead.
  warnings.warn(
/mnt/homeGPU/haoweihu/TFG/lib/python3.10/site-packages/torchvision/models/_utils.py:223: UserWarning: Arguments other than a weight enum or `None` for 'weights' are deprecated since 0.13 and may be removed in the future. The current behavior is equivalent to passing `weights=EfficientNet_V2_S_Weights.IMAGENET1K_V1`. You can also use `weights=EfficientNet_V2_S_Weights.DEFAULT` to get the most up-to-date weights.
  warnings.warn(msg)
---------------------------------------------------------------------------
Ejecutando: fmnist_10pct_effnetv2s_fps
---------------------------------------------------------------------------
False
Número total de imágenes en entrenamiento: 4800
Número total de imágenes en validación: 12000
Clases: ['Ankle boot', 'Bag', 'Coat', 'Dress', 'Pullover', 'Sandal', 'Shirt', 'Sneaker', 'T-shirt', 'Trouser']
weights = None
[0, 3.0957717895507812, 1.7135347127914429, 0.38075000047683716, 0.38075, 0.36207243958449803, '01:38']
[1, 2.3531808853149414, 1.0848559141159058, 0.6137499809265137, 0.6137500000000001, 0.5999053354887859, '01:10']
[2, 1.8533326387405396, 0.8550082445144653, 0.6887500286102295, 0.68875, 0.6792800219798991, '01:10']
[3, 1.5344690084457397, 0.7830221056938171, 0.7099166512489319, 0.7099166666666668, 0.7055446729040378, '01:08']
[4, 1.3113033771514893, 0.7205407023429871, 0.7508333325386047, 0.7508333333333332, 0.7360952494095551, '01:07']
[5, 1.1759133338928223, 0.6698560118675232, 0.7589166760444641, 0.7589166666666667, 0.743436914997672, '01:09']
[6, 1.0473607778549194, 0.5972602367401123, 0.7747499942779541, 0.77475, 0.7674834384880306, '01:09']
[7, 0.9274744987487793, 0.5418696403503418, 0.7963333129882812, 0.7963333333333333, 0.7889387889182433, '01:09']
[8, 0.8124293088912964, 0.4869784414768219, 0.8165833353996277, 0.8165833333333333, 0.8101571959734407, '01:09']
[9, 0.7725871801376343, 0.4727471172809601, 0.8164166808128357, 0.8164166666666667, 0.8064495634422588, '01:08']
[10, 0.6989378333091736, 0.4248189330101013, 0.8381666541099548, 0.8381666666666666, 0.8315734080783284, '01:08']
[11, 0.6411328911781311, 0.42521122097969055, 0.840666651725769, 0.8406666666666667, 0.8350783383226863, '01:08']
[12, 0.5923818945884705, 0.3954688310623169, 0.8485833406448364, 0.8485833333333334, 0.84296937255249, '01:06']
[13, 0.5591790080070496, 0.39197200536727905, 0.8540833592414856, 0.8540833333333333, 0.8539839399229422, '01:08']
[14, 0.537247896194458, 0.3802543580532074, 0.8574166893959045, 0.8574166666666667, 0.855092104072515, '01:06']
[15, 0.5246787071228027, 0.38032087683677673, 0.8539166450500488, 0.8539166666666667, 0.8497495707675599, '01:07']
[16, 0.4863479435443878, 0.3620854914188385, 0.8650000095367432, 0.8649999999999999, 0.8624416182364041, '01:06']
[17, 0.4654807150363922, 0.33749711513519287, 0.871999979019165, 0.8720000000000001, 0.8704422220655422, '01:07']
[18, 0.4227101802825928, 0.33665400743484497, 0.8761666417121887, 0.8761666666666666, 0.8755658065144335, '01:07']
[19, 0.4100261330604553, 0.3392891585826874, 0.8761666417121887, 0.8761666666666666, 0.8750311550098889, '01:08']
[20, 0.4041983485221863, 0.3300553858280182, 0.8773333430290222, 0.8773333333333333, 0.8764767974447706, '01:07']
[21, 0.3931015729904175, 0.3399840295314789, 0.8755833506584167, 0.8755833333333334, 0.8733385645823575, '01:07']
[22, 0.382838636636734, 0.32186034321784973, 0.8812500238418579, 0.8812499999999999, 0.880469644785143, '01:07']
[23, 0.35820332169532776, 0.3212742507457733, 0.8828333616256714, 0.8828333333333334, 0.8817753947867887, '01:08']
[24, 0.36808010935783386, 0.31499361991882324, 0.8853333592414856, 0.8853333333333333, 0.8844854878818749, '01:07']
[25, 0.3654896914958954, 0.3156423568725586, 0.8841666579246521, 0.8841666666666667, 0.8829215476640779, '01:07']
[26, 0.35659754276275635, 0.31700682640075684, 0.8832499980926514, 0.88325, 0.8820325582186725, '01:07']
[27, 0.34207433462142944, 0.31605249643325806, 0.8841666579246521, 0.8841666666666667, 0.8828655073000469, '01:07']
[28, 0.35555702447891235, 0.3171095550060272, 0.8839166760444641, 0.8839166666666667, 0.8826903533561824, '01:07']
[29, 0.35100650787353516, 0.31716710329055786, 0.8861666917800903, 0.8861666666666667, 0.8845162695775963, '01:07']
No improvement since epoch 24: early stopping

Tiempo de entrenamiento: 2075.24 segundos
/mnt/homeGPU/haoweihu/TFG/lib/python3.10/site-packages/fastai/learner.py:455: UserWarning: load_learner` uses Python's insecure pickle module, which can execute malicious arbitrary code when loading. Only load files you trust.
If you only need to load model weights and optimizer state, use the safe `Learner.load` instead.
  warn("load_learner` uses Python's insecure pickle module, which can execute malicious arbitrary code when loading. Only load files you trust.\nIf you only need to load model weights and optimizer state, use the safe `Learner.load` instead.")
Loss (valid): 0.3172
Accuracy (valid): 0.8862
Recall (valid): 0.8862
F1-Score (valid): 0.8845
/mnt/homeGPU/haoweihu/TFG/lib/python3.10/site-packages/torchvision/models/_utils.py:208: UserWarning: The parameter 'pretrained' is deprecated since 0.13 and may be removed in the future, please use 'weights' instead.
  warnings.warn(
/mnt/homeGPU/haoweihu/TFG/lib/python3.10/site-packages/torchvision/models/_utils.py:223: UserWarning: Arguments other than a weight enum or `None` for 'weights' are deprecated since 0.13 and may be removed in the future. The current behavior is equivalent to passing `weights=EfficientNet_V2_S_Weights.IMAGENET1K_V1`. You can also use `weights=EfficientNet_V2_S_Weights.DEFAULT` to get the most up-to-date weights.
  warnings.warn(msg)
Loss (test): 3.2009
Accuracy (test): 0.6978
Recall (test): 0.6977
F1-Score (test): 0.6978
---------------------------------------------------------------------------
Ejecutando: fmnist_20pct_effnetv2s_fps
---------------------------------------------------------------------------
False
Número total de imágenes en entrenamiento: 9600
Número total de imágenes en validación: 12000
Clases: ['Ankle boot', 'Bag', 'Coat', 'Dress', 'Pullover', 'Sandal', 'Shirt', 'Sneaker', 'T-shirt', 'Trouser']
weights = None
[0, 2.5001883506774902, 1.2560718059539795, 0.5415833592414856, 0.5415833333333333, 0.5347324305548532, '02:09']
[1, 1.725346326828003, 0.8384265303611755, 0.6959166526794434, 0.6959166666666666, 0.6916592101518237, '01:31']
[2, 1.3793054819107056, 0.7106109261512756, 0.7413333058357239, 0.7413333333333333, 0.7396631167698782, '01:31']
[3, 1.1865593194961548, 0.610695481300354, 0.7753333449363708, 0.7753333333333334, 0.7711824550159891, '01:32']
[4, 0.988389253616333, 0.5383461713790894, 0.7976666688919067, 0.7976666666666666, 0.7891396768325529, '01:33']
[5, 0.8192226886749268, 0.4788854718208313, 0.8160833120346069, 0.8160833333333333, 0.8095814981364222, '01:31']
[6, 0.6873334646224976, 0.3999062180519104, 0.846750020980835, 0.8467499999999999, 0.8416184426823443, '01:31']
[7, 0.6286905407905579, 0.3902117609977722, 0.8488333225250244, 0.8488333333333333, 0.8446072914057323, '01:18']
[8, 0.5610301494598389, 0.33112633228302, 0.8743333220481873, 0.8743333333333334, 0.8725187291695512, '01:18']
[9, 0.5107760429382324, 0.31383031606674194, 0.8802499771118164, 0.88025, 0.8792664250613148, '01:18']
[10, 0.4741286337375641, 0.2910321354866028, 0.8922500014305115, 0.8922500000000001, 0.8915937646857204, '01:18']
[11, 0.444044828414917, 0.2710859477519989, 0.8986666798591614, 0.8986666666666666, 0.898465920878818, '01:18']
[12, 0.4194415211677551, 0.26201292872428894, 0.9012500047683716, 0.9012500000000001, 0.9006820278325746, '01:18']
[13, 0.38975101709365845, 0.24966378509998322, 0.909583330154419, 0.9095833333333335, 0.9092534567179195, '01:18']
[14, 0.35670989751815796, 0.2568802237510681, 0.9045000076293945, 0.9045, 0.9022198248036002, '01:18']
[15, 0.35908621549606323, 0.24489140510559082, 0.9085000157356262, 0.9084999999999999, 0.9077861408441625, '01:18']
[16, 0.32572174072265625, 0.2436688244342804, 0.909166693687439, 0.9091666666666667, 0.9086351994642194, '01:18']
[17, 0.3154119551181793, 0.24336542189121246, 0.9104166626930237, 0.9104166666666667, 0.909894350084247, '01:18']
[18, 0.30113741755485535, 0.229212686419487, 0.9166666865348816, 0.9166666666666666, 0.9160531622601757, '01:18']
[19, 0.3056867718696594, 0.22427846491336823, 0.9168333411216736, 0.9168333333333333, 0.9162141623605338, '01:18']
[20, 0.29111960530281067, 0.2228385955095291, 0.9176666736602783, 0.9176666666666666, 0.917295460308859, '01:18']
[21, 0.2648584544658661, 0.2233361452817917, 0.9194166660308838, 0.9194166666666668, 0.9184945268027095, '01:18']
[22, 0.25467169284820557, 0.21932394802570343, 0.9190000295639038, 0.9189999999999999, 0.9183153585648978, '01:18']
[23, 0.2462117075920105, 0.21858040988445282, 0.9207500219345093, 0.92075, 0.9202559249667137, '01:18']
[24, 0.25111499428749084, 0.2158188819885254, 0.922166645526886, 0.9221666666666666, 0.9217630244954268, '01:19']
[25, 0.2547242343425751, 0.21682962775230408, 0.9212499856948853, 0.92125, 0.9208186025276148, '01:18']
[26, 0.23969031870365143, 0.21943634748458862, 0.9210000038146973, 0.9209999999999999, 0.9206698925125048, '01:18']
[27, 0.24031218886375427, 0.21543754637241364, 0.9223333597183228, 0.9223333333333332, 0.9220424647818686, '01:18']
[28, 0.24124741554260254, 0.2178339809179306, 0.9206666946411133, 0.9206666666666667, 0.9202052076388757, '01:19']
[29, 0.22912529110908508, 0.21591201424598694, 0.9214166402816772, 0.9214166666666666, 0.921002263871895, '01:17']

Tiempo de entrenamiento: 2489.75 segundos
/mnt/homeGPU/haoweihu/TFG/lib/python3.10/site-packages/fastai/learner.py:455: UserWarning: load_learner` uses Python's insecure pickle module, which can execute malicious arbitrary code when loading. Only load files you trust.
If you only need to load model weights and optimizer state, use the safe `Learner.load` instead.
  warn("load_learner` uses Python's insecure pickle module, which can execute malicious arbitrary code when loading. Only load files you trust.\nIf you only need to load model weights and optimizer state, use the safe `Learner.load` instead.")
Loss (valid): 0.2159
Accuracy (valid): 0.9214
Recall (valid): 0.9214
F1-Score (valid): 0.9210
/mnt/homeGPU/haoweihu/TFG/lib/python3.10/site-packages/torchvision/models/_utils.py:208: UserWarning: The parameter 'pretrained' is deprecated since 0.13 and may be removed in the future, please use 'weights' instead.
  warnings.warn(
/mnt/homeGPU/haoweihu/TFG/lib/python3.10/site-packages/torchvision/models/_utils.py:223: UserWarning: Arguments other than a weight enum or `None` for 'weights' are deprecated since 0.13 and may be removed in the future. The current behavior is equivalent to passing `weights=EfficientNet_V2_S_Weights.IMAGENET1K_V1`. You can also use `weights=EfficientNet_V2_S_Weights.DEFAULT` to get the most up-to-date weights.
  warnings.warn(msg)
Loss (test): 3.1668
Accuracy (test): 0.7271
Recall (test): 0.7273
F1-Score (test): 0.7277
---------------------------------------------------------------------------
Ejecutando: fmnist_30pct_effnetv2s_fps
---------------------------------------------------------------------------
False
Número total de imágenes en entrenamiento: 14400
Número total de imágenes en validación: 12000
Clases: ['Ankle boot', 'Bag', 'Coat', 'Dress', 'Pullover', 'Sandal', 'Shirt', 'Sneaker', 'T-shirt', 'Trouser']
weights = None
[0, 2.039435625076294, 1.089503288269043, 0.6053333282470703, 0.6053333333333334, 0.5938608331574637, '01:49']
[1, 1.4983011484146118, 0.8001546859741211, 0.7148333191871643, 0.7148333333333332, 0.706493578100732, '01:36']
[2, 1.1604294776916504, 0.639229416847229, 0.765999972820282, 0.766, 0.7640303718975394, '01:36']
[3, 0.92741858959198, 0.5502481460571289, 0.796583354473114, 0.7965833333333333, 0.7898929582136778, '01:36']
[4, 0.7648689150810242, 0.462683767080307, 0.8247500061988831, 0.8247499999999999, 0.8194271867749918, '01:36']
[5, 0.6361265182495117, 0.3974601626396179, 0.8500000238418579, 0.8499999999999999, 0.8461858595305056, '01:36']
[6, 0.5488715767860413, 0.35741108655929565, 0.8639166951179504, 0.8639166666666667, 0.8616749118571436, '01:36']
[7, 0.4732348918914795, 0.31420111656188965, 0.8835833072662354, 0.8835833333333334, 0.8829323180565314, '01:36']
[8, 0.45891639590263367, 0.28553324937820435, 0.8917499780654907, 0.89175, 0.8909291936848909, '01:36']
[9, 0.41224589943885803, 0.2946539521217346, 0.8921666741371155, 0.8921666666666667, 0.8883017091544115, '01:36']
[10, 0.3717617690563202, 0.25034675002098083, 0.9079999923706055, 0.908, 0.9074966282933244, '01:36']
[11, 0.34858620166778564, 0.2504098415374756, 0.9067500233650208, 0.90675, 0.9060416501201976, '01:36']
[12, 0.3213299810886383, 0.23889420926570892, 0.909500002861023, 0.9095000000000001, 0.9078582253753567, '01:36']
[13, 0.3179180920124054, 0.22894398868083954, 0.9145833253860474, 0.9145833333333334, 0.9135358333770224, '01:36']
[14, 0.293777734041214, 0.22663718461990356, 0.9163333177566528, 0.9163333333333334, 0.9154622033543467, '01:36']
[15, 0.285513311624527, 0.22454138100147247, 0.9139999747276306, 0.914, 0.9140007543711883, '01:36']
[16, 0.25328993797302246, 0.22164806723594666, 0.9172499775886536, 0.9172499999999999, 0.9166677337752821, '01:36']
[17, 0.2679288387298584, 0.21417243778705597, 0.921916663646698, 0.9219166666666666, 0.9216082298767091, '01:36']
[18, 0.2495792657136917, 0.21457670629024506, 0.9213333129882812, 0.9213333333333333, 0.9211485548935234, '01:36']
[19, 0.23392513394355774, 0.209433451294899, 0.9244166612625122, 0.9244166666666667, 0.9241792124853326, '01:36']
[20, 0.22560282051563263, 0.20625795423984528, 0.924833357334137, 0.9248333333333335, 0.9246470900146745, '01:36']
[21, 0.22465108335018158, 0.2053256630897522, 0.9254166483879089, 0.9254166666666667, 0.9249846811585638, '01:36']
[22, 0.21071985363960266, 0.20670008659362793, 0.9256666898727417, 0.9256666666666666, 0.9247552261480889, '01:35']
[23, 0.20527181029319763, 0.2095649689435959, 0.9247499704360962, 0.9247500000000001, 0.9241153215677776, '01:36']
[24, 0.1999085694551468, 0.20556174218654633, 0.9258333444595337, 0.9258333333333333, 0.9252411623588073, '01:35']
[25, 0.19330726563930511, 0.20423506200313568, 0.9269999861717224, 0.9269999999999999, 0.9265241007889526, '01:35']
[26, 0.20569899678230286, 0.2047911435365677, 0.9274166822433472, 0.9274166666666668, 0.9267721250795393, '01:35']
[27, 0.19736844301223755, 0.2016545683145523, 0.9274166822433472, 0.9274166666666666, 0.9270365732481609, '01:35']
[28, 0.19613423943519592, 0.2032174915075302, 0.9269166588783264, 0.9269166666666665, 0.9264492348437965, '01:35']
[29, 0.1909276247024536, 0.20275357365608215, 0.9266666769981384, 0.9266666666666665, 0.9262902739948506, '01:35']

Tiempo de entrenamiento: 2903.89 segundos
/mnt/homeGPU/haoweihu/TFG/lib/python3.10/site-packages/fastai/learner.py:455: UserWarning: load_learner` uses Python's insecure pickle module, which can execute malicious arbitrary code when loading. Only load files you trust.
If you only need to load model weights and optimizer state, use the safe `Learner.load` instead.
  warn("load_learner` uses Python's insecure pickle module, which can execute malicious arbitrary code when loading. Only load files you trust.\nIf you only need to load model weights and optimizer state, use the safe `Learner.load` instead.")
Loss (valid): 0.2028
Accuracy (valid): 0.9267
Recall (valid): 0.9267
F1-Score (valid): 0.9263
/mnt/homeGPU/haoweihu/TFG/lib/python3.10/site-packages/torchvision/models/_utils.py:208: UserWarning: The parameter 'pretrained' is deprecated since 0.13 and may be removed in the future, please use 'weights' instead.
  warnings.warn(
/mnt/homeGPU/haoweihu/TFG/lib/python3.10/site-packages/torchvision/models/_utils.py:223: UserWarning: Arguments other than a weight enum or `None` for 'weights' are deprecated since 0.13 and may be removed in the future. The current behavior is equivalent to passing `weights=EfficientNet_V2_S_Weights.IMAGENET1K_V1`. You can also use `weights=EfficientNet_V2_S_Weights.DEFAULT` to get the most up-to-date weights.
  warnings.warn(msg)
Loss (test): 3.4657
Accuracy (test): 0.7363
Recall (test): 0.7364
F1-Score (test): 0.7351
---------------------------------------------------------------------------
Ejecutando: fmnist_40pct_effnetv2s_fps
---------------------------------------------------------------------------
False
Número total de imágenes en entrenamiento: 19200
Número total de imágenes en validación: 12000
Clases: ['Ankle boot', 'Bag', 'Coat', 'Dress', 'Pullover', 'Sandal', 'Shirt', 'Sneaker', 'T-shirt', 'Trouser']
weights = None
[0, 1.8638966083526611, 0.9622764587402344, 0.656083345413208, 0.6560833333333334, 0.6470334499027073, '02:17']
[1, 1.320253610610962, 0.7297175526618958, 0.7425833344459534, 0.7425833333333334, 0.735694550973746, '01:57']
[2, 1.0014877319335938, 0.591569185256958, 0.7804999947547913, 0.7805000000000001, 0.7776283363282526, '01:57']
[3, 0.8009737730026245, 0.4711274802684784, 0.8232499957084656, 0.8232499999999998, 0.8210272164540482, '01:57']
[4, 0.6574640870094299, 0.40271005034446716, 0.8450000286102295, 0.845, 0.8401490117172667, '01:57']
[5, 0.5318244695663452, 0.32575589418411255, 0.8795833587646484, 0.8795833333333333, 0.8768165437988001, '01:57']
[6, 0.4514358937740326, 0.28580421209335327, 0.8953333497047424, 0.8953333333333333, 0.8939656575884051, '01:57']
[7, 0.4079425632953644, 0.265484482049942, 0.9054999947547913, 0.9055000000000002, 0.9036807182190966, '01:58']
[8, 0.3795869052410126, 0.2561558783054352, 0.9056666493415833, 0.9056666666666666, 0.9040167310321954, '01:58']
[9, 0.3619111180305481, 0.2379169911146164, 0.9154999852180481, 0.9155000000000001, 0.9152357943689264, '01:57']
[10, 0.32143810391426086, 0.23594516515731812, 0.9164999723434448, 0.9164999999999999, 0.9154701318038443, '01:58']
[11, 0.2975122928619385, 0.22314248979091644, 0.9173333048820496, 0.9173333333333333, 0.9153133234301498, '02:03']
[12, 0.29059720039367676, 0.20362496376037598, 0.9259166717529297, 0.9259166666666667, 0.92567639737142, '02:05']
[13, 0.27492228150367737, 0.20528824627399445, 0.9263333082199097, 0.9263333333333333, 0.9257461164386811, '02:05']
[14, 0.258205771446228, 0.20350056886672974, 0.9232500195503235, 0.92325, 0.92255513765025, '02:04']
[15, 0.2576802372932434, 0.2002282440662384, 0.9274166822433472, 0.9274166666666668, 0.9267861981122059, '02:01']
[16, 0.24202333390712738, 0.20164841413497925, 0.9274166822433472, 0.9274166666666668, 0.9259493887516278, '02:02']
[17, 0.23341625928878784, 0.18915128707885742, 0.9330833554267883, 0.9330833333333333, 0.9324912737581768, '02:00']
[18, 0.2203192114830017, 0.1885308027267456, 0.9322500228881836, 0.9322500000000001, 0.9320379715588789, '02:00']
[19, 0.21292515099048615, 0.18717537820339203, 0.9322500228881836, 0.93225, 0.9318267841554597, '02:00']
[20, 0.19888649880886078, 0.18855641782283783, 0.9319999814033508, 0.9320000000000002, 0.9316165351287999, '02:00']
[21, 0.1989201456308365, 0.18878406286239624, 0.934583306312561, 0.9345833333333333, 0.934481075804864, '02:00']
[22, 0.1940210908651352, 0.18751469254493713, 0.9327499866485596, 0.9327500000000001, 0.9322830255267552, '02:00']
[23, 0.172628715634346, 0.18400396406650543, 0.9333333373069763, 0.9333333333333332, 0.9330094857124653, '01:59']
[24, 0.18648146092891693, 0.18923461437225342, 0.9319166541099548, 0.9319166666666667, 0.931344888275086, '01:59']
[25, 0.18209609389305115, 0.18556953966617584, 0.9336666464805603, 0.9336666666666666, 0.9331706023608841, '01:59']
[26, 0.16600100696086884, 0.18462850153446198, 0.934583306312561, 0.9345833333333331, 0.9340577267666156, '01:59']
[27, 0.17233841121196747, 0.18477240204811096, 0.9334166646003723, 0.9334166666666667, 0.9329950621993378, '01:59']
[28, 0.17412817478179932, 0.18529191613197327, 0.9337499737739563, 0.9337499999999999, 0.9332955274149939, '02:00']
No improvement since epoch 23: early stopping

Tiempo de entrenamiento: 3500.05 segundos
/mnt/homeGPU/haoweihu/TFG/lib/python3.10/site-packages/fastai/learner.py:455: UserWarning: load_learner` uses Python's insecure pickle module, which can execute malicious arbitrary code when loading. Only load files you trust.
If you only need to load model weights and optimizer state, use the safe `Learner.load` instead.
  warn("load_learner` uses Python's insecure pickle module, which can execute malicious arbitrary code when loading. Only load files you trust.\nIf you only need to load model weights and optimizer state, use the safe `Learner.load` instead.")
Loss (valid): 0.1853
Accuracy (valid): 0.9337
Recall (valid): 0.9337
F1-Score (valid): 0.9333
/mnt/homeGPU/haoweihu/TFG/lib/python3.10/site-packages/torchvision/models/_utils.py:208: UserWarning: The parameter 'pretrained' is deprecated since 0.13 and may be removed in the future, please use 'weights' instead.
  warnings.warn(
/mnt/homeGPU/haoweihu/TFG/lib/python3.10/site-packages/torchvision/models/_utils.py:223: UserWarning: Arguments other than a weight enum or `None` for 'weights' are deprecated since 0.13 and may be removed in the future. The current behavior is equivalent to passing `weights=EfficientNet_V2_S_Weights.IMAGENET1K_V1`. You can also use `weights=EfficientNet_V2_S_Weights.DEFAULT` to get the most up-to-date weights.
  warnings.warn(msg)
Loss (test): 3.6742
Accuracy (test): 0.7442
Recall (test): 0.7442
F1-Score (test): 0.7435
---------------------------------------------------------------------------
Ejecutando: fmnist_50pct_effnetv2s_fps
---------------------------------------------------------------------------
False
Número total de imágenes en entrenamiento: 24000
Número total de imágenes en validación: 12000
Clases: ['Ankle boot', 'Bag', 'Coat', 'Dress', 'Pullover', 'Sandal', 'Shirt', 'Sneaker', 'T-shirt', 'Trouser']
weights = None
[0, 1.6390180587768555, 0.8850117921829224, 0.6875, 0.6875, 0.6795536220791432, '02:40']
[1, 1.1962699890136719, 0.6679815053939819, 0.7601666450500488, 0.7601666666666667, 0.758569803017864, '02:22']
[2, 0.900973379611969, 0.5279005765914917, 0.8050833344459534, 0.8050833333333334, 0.8020062997185615, '02:23']
[3, 0.6911758184432983, 0.4088064432144165, 0.8485000133514404, 0.8484999999999999, 0.8475452921653706, '02:23']
[4, 0.5514059662818909, 0.3440154194831848, 0.8733333349227905, 0.8733333333333334, 0.8726525616849417, '02:23']
[5, 0.44686615467071533, 0.3047769069671631, 0.8870833516120911, 0.8870833333333333, 0.8870346232279035, '02:23']
[6, 0.4157775640487671, 0.2772854268550873, 0.8964166641235352, 0.8964166666666668, 0.8964898682496949, '02:24']
[7, 0.36328747868537903, 0.24993644654750824, 0.9077500104904175, 0.9077500000000001, 0.9077785175250863, '02:25']
[8, 0.3360747694969177, 0.23339778184890747, 0.9123333096504211, 0.9123333333333331, 0.9119413888762578, '02:25']
[9, 0.32024407386779785, 0.22410880029201508, 0.9175833463668823, 0.9175833333333332, 0.9171124871764521, '02:25']
[10, 0.294206827878952, 0.21864941716194153, 0.9198333621025085, 0.9198333333333334, 0.9202908738054262, '02:25']
[11, 0.28074851632118225, 0.20826834440231323, 0.9213333129882812, 0.9213333333333333, 0.9213801405294356, '02:25']
[12, 0.2436261624097824, 0.2014138400554657, 0.9261666536331177, 0.9261666666666667, 0.9259772983833658, '02:25']
[13, 0.24407552182674408, 0.19966480135917664, 0.9275000095367432, 0.9275, 0.9268731388299095, '02:24']
[14, 0.23338185250759125, 0.19942890107631683, 0.9275000095367432, 0.9275, 0.9275572155675343, '02:24']
[15, 0.21737033128738403, 0.195663720369339, 0.9280833601951599, 0.9280833333333334, 0.9279629427539723, '02:23']
[16, 0.1961549073457718, 0.18946191668510437, 0.9319166541099548, 0.9319166666666667, 0.9318799473762829, '02:24']
[17, 0.2179066687822342, 0.18357276916503906, 0.9355000257492065, 0.9355, 0.9350591520131898, '02:24']
[18, 0.19586533308029175, 0.18134909868240356, 0.934583306312561, 0.9345833333333333, 0.9343005273570775, '02:24']
[19, 0.1862936168909073, 0.18438509106636047, 0.9336666464805603, 0.9336666666666666, 0.9331824503999313, '02:23']
[20, 0.19478605687618256, 0.17653512954711914, 0.9365833401679993, 0.9365833333333334, 0.9363632622990231, '02:23']
[21, 0.1641867309808731, 0.17700859904289246, 0.9387500286102295, 0.9387500000000001, 0.9385809144592704, '02:23']
[22, 0.16593211889266968, 0.1781284660100937, 0.9364166855812073, 0.9364166666666666, 0.9362070368887994, '02:23']
[23, 0.16753722727298737, 0.17845097184181213, 0.937833309173584, 0.9378333333333334, 0.9374673952252023, '02:23']
[24, 0.15715305507183075, 0.17621362209320068, 0.9381666779518127, 0.9381666666666668, 0.9378450003749258, '02:32']
[25, 0.16948658227920532, 0.1751699596643448, 0.9383333325386047, 0.9383333333333332, 0.9380492093289494, '02:24']
[26, 0.14755989611148834, 0.17353598773479462, 0.9384999871253967, 0.9385, 0.9381685933535555, '02:23']
[27, 0.1618649959564209, 0.17778493463993073, 0.937749981880188, 0.93775, 0.9373068538380436, '02:24']
[28, 0.15483592450618744, 0.1752959042787552, 0.9382500052452087, 0.93825, 0.9378792202226564, '02:25']
[29, 0.1477268934249878, 0.17356672883033752, 0.9392499923706055, 0.93925, 0.9389545138102369, '02:25']

Tiempo de entrenamiento: 4354.36 segundos
/mnt/homeGPU/haoweihu/TFG/lib/python3.10/site-packages/fastai/learner.py:455: UserWarning: load_learner` uses Python's insecure pickle module, which can execute malicious arbitrary code when loading. Only load files you trust.
If you only need to load model weights and optimizer state, use the safe `Learner.load` instead.
  warn("load_learner` uses Python's insecure pickle module, which can execute malicious arbitrary code when loading. Only load files you trust.\nIf you only need to load model weights and optimizer state, use the safe `Learner.load` instead.")
Loss (valid): 0.1736
Accuracy (valid): 0.9392
Recall (valid): 0.9393
F1-Score (valid): 0.9390
/mnt/homeGPU/haoweihu/TFG/lib/python3.10/site-packages/torchvision/models/_utils.py:208: UserWarning: The parameter 'pretrained' is deprecated since 0.13 and may be removed in the future, please use 'weights' instead.
  warnings.warn(
/mnt/homeGPU/haoweihu/TFG/lib/python3.10/site-packages/torchvision/models/_utils.py:223: UserWarning: Arguments other than a weight enum or `None` for 'weights' are deprecated since 0.13 and may be removed in the future. The current behavior is equivalent to passing `weights=EfficientNet_V2_S_Weights.IMAGENET1K_V1`. You can also use `weights=EfficientNet_V2_S_Weights.DEFAULT` to get the most up-to-date weights.
  warnings.warn(msg)
Loss (test): 3.6093
Accuracy (test): 0.7514
Recall (test): 0.7515
F1-Score (test): 0.7490
---------------------------------------------------------------------------
Ejecutando: fmnist_60pct_effnetv2s_fps
---------------------------------------------------------------------------
False
Número total de imágenes en entrenamiento: 28800
Número total de imágenes en validación: 12000
Clases: ['Ankle boot', 'Bag', 'Coat', 'Dress', 'Pullover', 'Sandal', 'Shirt', 'Sneaker', 'T-shirt', 'Trouser']
weights = None
[0, 1.5419244766235352, 0.8117557168006897, 0.7085833549499512, 0.7085833333333332, 0.7035074448361278, '03:04']
[1, 1.1065415143966675, 0.6292020082473755, 0.7676666378974915, 0.7676666666666667, 0.7641111708239607, '02:46']
[2, 0.8338388204574585, 0.48252904415130615, 0.8241666555404663, 0.8241666666666667, 0.8191976443942567, '02:46']
[3, 0.6381517052650452, 0.3802403509616852, 0.8551666736602783, 0.8551666666666666, 0.851612977649571, '02:46']
[4, 0.4989907443523407, 0.3201123774051666, 0.8805000185966492, 0.8805, 0.8801803443442777, '02:47']
[5, 0.4260852634906769, 0.27918294072151184, 0.8964999914169312, 0.8965, 0.8960266212016996, '02:47']
[6, 0.3640693724155426, 0.2501614987850189, 0.9052500128746033, 0.90525, 0.9032968262579649, '02:47']
[7, 0.34874942898750305, 0.22964899241924286, 0.9141666889190674, 0.9141666666666666, 0.9133410644370183, '02:47']
[8, 0.2968009412288666, 0.2105206549167633, 0.9225833415985107, 0.9225833333333332, 0.9216633999220395, '02:46']
[9, 0.2990107536315918, 0.202968567609787, 0.9231666922569275, 0.9231666666666667, 0.9226174223218566, '02:46']
[10, 0.27788683772087097, 0.1878660023212433, 0.9301666617393494, 0.9301666666666668, 0.9296461611661083, '02:46']
[11, 0.24815689027309418, 0.18715383112430573, 0.9316666722297668, 0.9316666666666666, 0.9307576270140364, '02:47']
[12, 0.253317266702652, 0.1861906349658966, 0.9329166412353516, 0.9329166666666666, 0.9324282811510217, '02:46']
[13, 0.21711815893650055, 0.16961893439292908, 0.937583327293396, 0.9375833333333334, 0.937381254869041, '02:44']
[14, 0.21509364247322083, 0.17199291288852692, 0.9380000233650208, 0.938, 0.9380148444008102, '02:44']
[15, 0.21389445662498474, 0.16879835724830627, 0.9386666417121887, 0.9386666666666666, 0.9383611413200873, '02:44']
[16, 0.1975676268339157, 0.16907048225402832, 0.9370833039283752, 0.9370833333333334, 0.9372980868822273, '02:44']
[17, 0.19996921718120575, 0.16321459412574768, 0.9403333067893982, 0.9403333333333335, 0.9404716138087703, '02:44']
[18, 0.19251033663749695, 0.16411077976226807, 0.940666675567627, 0.9406666666666667, 0.9403394636056788, '02:44']
[19, 0.17305339872837067, 0.16048885881900787, 0.9438333511352539, 0.9438333333333334, 0.9437157231786373, '02:44']
[20, 0.16662578284740448, 0.15477429330348969, 0.9445000290870667, 0.9445, 0.9443787883306871, '02:44']
[21, 0.16487586498260498, 0.15792205929756165, 0.9434166550636292, 0.9434166666666668, 0.943081554182541, '02:45']
[22, 0.16464488208293915, 0.15745238959789276, 0.9436666369438171, 0.9436666666666668, 0.9436436461426354, '02:44']
[23, 0.15797604620456696, 0.15490490198135376, 0.9441666603088379, 0.9441666666666666, 0.9440598362318685, '02:45']
[24, 0.16100114583969116, 0.15502148866653442, 0.9443333148956299, 0.9443333333333334, 0.9440705751268418, '02:48']
[25, 0.15580113232135773, 0.15392062067985535, 0.9448333382606506, 0.9448333333333334, 0.9446886808408085, '02:47']
[26, 0.14890170097351074, 0.15624850988388062, 0.9432500004768372, 0.9432499999999999, 0.9430189221841452, '02:47']
[27, 0.1469372659921646, 0.15448252856731415, 0.9445833563804626, 0.9445833333333334, 0.9444226694364313, '02:46']
[28, 0.1402171552181244, 0.15489909052848816, 0.9441666603088379, 0.9441666666666668, 0.9439403757493523, '02:47']
[29, 0.15089541673660278, 0.15570932626724243, 0.9447500109672546, 0.94475, 0.9445130667953612, '02:46']

Tiempo de entrenamiento: 5004.05 segundos
/mnt/homeGPU/haoweihu/TFG/lib/python3.10/site-packages/fastai/learner.py:455: UserWarning: load_learner` uses Python's insecure pickle module, which can execute malicious arbitrary code when loading. Only load files you trust.
If you only need to load model weights and optimizer state, use the safe `Learner.load` instead.
  warn("load_learner` uses Python's insecure pickle module, which can execute malicious arbitrary code when loading. Only load files you trust.\nIf you only need to load model weights and optimizer state, use the safe `Learner.load` instead.")
Loss (valid): 0.1557
Accuracy (valid): 0.9448
Recall (valid): 0.9447
F1-Score (valid): 0.9445
/mnt/homeGPU/haoweihu/TFG/lib/python3.10/site-packages/torchvision/models/_utils.py:208: UserWarning: The parameter 'pretrained' is deprecated since 0.13 and may be removed in the future, please use 'weights' instead.
  warnings.warn(
/mnt/homeGPU/haoweihu/TFG/lib/python3.10/site-packages/torchvision/models/_utils.py:223: UserWarning: Arguments other than a weight enum or `None` for 'weights' are deprecated since 0.13 and may be removed in the future. The current behavior is equivalent to passing `weights=EfficientNet_V2_S_Weights.IMAGENET1K_V1`. You can also use `weights=EfficientNet_V2_S_Weights.DEFAULT` to get the most up-to-date weights.
  warnings.warn(msg)
Loss (test): 3.9909
Accuracy (test): 0.7499
Recall (test): 0.7500
F1-Score (test): 0.7492
---------------------------------------------------------------------------
Ejecutando: fmnist_70pct_effnetv2s_fps
---------------------------------------------------------------------------
False
Número total de imágenes en entrenamiento: 33600
Número total de imágenes en validación: 12000
Clases: ['Ankle boot', 'Bag', 'Coat', 'Dress', 'Pullover', 'Sandal', 'Shirt', 'Sneaker', 'T-shirt', 'Trouser']
weights = None
[0, 1.4106916189193726, 0.8071144819259644, 0.7100833058357239, 0.7100833333333334, 0.7070285564798635, '03:30']
[1, 0.9868091940879822, 0.619204580783844, 0.7766666412353516, 0.7766666666666666, 0.7772765785076943, '03:09']
[2, 0.7638672590255737, 0.4822477102279663, 0.8229166865348816, 0.8229166666666667, 0.8203655072883402, '03:09']
[3, 0.5820316076278687, 0.38697606325149536, 0.8547499775886536, 0.8547499999999999, 0.851968011184608, '03:08']
[4, 0.4291760325431824, 0.3242610692977905, 0.8799166679382324, 0.8799166666666667, 0.8785278697521534, '03:09']
[5, 0.37579357624053955, 0.2809295058250427, 0.8942499756813049, 0.8942499999999999, 0.8951418246222147, '03:08']
[6, 0.34039604663848877, 0.2663390636444092, 0.8996666669845581, 0.8996666666666668, 0.8975602555974678, '03:08']
[7, 0.2969716787338257, 0.23781345784664154, 0.9112499952316284, 0.9112500000000001, 0.911172133518464, '03:09']
[8, 0.2668399512767792, 0.21533527970314026, 0.9200000166893005, 0.9200000000000002, 0.9194230605417527, '03:09']
[9, 0.2610500454902649, 0.21973992884159088, 0.9181666374206543, 0.9181666666666667, 0.9163036375942557, '03:09']
[10, 0.23343606293201447, 0.1982492208480835, 0.925166666507721, 0.9251666666666667, 0.9247127522967815, '03:08']
[11, 0.2433168590068817, 0.2036581039428711, 0.9252499938011169, 0.9252499999999999, 0.9250494388120389, '03:06']
[12, 0.22184860706329346, 0.1904744654893875, 0.9304999709129333, 0.9305, 0.9299922055633262, '03:07']
[13, 0.20460695028305054, 0.18810032308101654, 0.9309166669845581, 0.9309166666666666, 0.9307204296604542, '03:07']
[14, 0.20305360853672028, 0.17969097197055817, 0.934333324432373, 0.9343333333333333, 0.9342426780067619, '03:06']
[15, 0.19577781856060028, 0.17524902522563934, 0.9353333115577698, 0.9353333333333333, 0.9352225271307641, '03:06']
[16, 0.18120010197162628, 0.17346791923046112, 0.9365833401679993, 0.9365833333333333, 0.9362413888708921, '03:06']
[17, 0.15975360572338104, 0.17129744589328766, 0.9379166960716248, 0.9379166666666666, 0.9378979563344464, '03:07']
[18, 0.16591046750545502, 0.17076162993907928, 0.9394999742507935, 0.9395, 0.9394460747030923, '03:07']
[19, 0.15257973968982697, 0.16980133950710297, 0.937416672706604, 0.9374166666666668, 0.9373018909492, '03:07']
[20, 0.15098480880260468, 0.1684693545103073, 0.9399999976158142, 0.9399999999999998, 0.9393587822092263, '03:07']
[21, 0.15707799792289734, 0.1657511591911316, 0.9403333067893982, 0.9403333333333332, 0.9403925103528863, '03:09']
[22, 0.1476115733385086, 0.1669011116027832, 0.940833330154419, 0.9408333333333335, 0.9406951381131167, '03:09']
[23, 0.13949324190616608, 0.16543355584144592, 0.940416693687439, 0.9404166666666667, 0.9402212071450261, '03:10']
[24, 0.1293746531009674, 0.16592979431152344, 0.9411666393280029, 0.9411666666666667, 0.9409104165314511, '03:10']
[25, 0.13247793912887573, 0.16375732421875, 0.9424999952316284, 0.9424999999999999, 0.9422567200538872, '03:07']
[26, 0.1490754783153534, 0.16376489400863647, 0.9414166808128357, 0.9414166666666667, 0.941216958971216, '03:07']
[27, 0.1341279000043869, 0.16254261136054993, 0.940833330154419, 0.9408333333333333, 0.9407587926095019, '03:06']
[28, 0.1346438080072403, 0.16350053250789642, 0.9412500262260437, 0.9412499999999999, 0.9410200390819463, '03:07']
[29, 0.12878218293190002, 0.16301411390304565, 0.9413333535194397, 0.9413333333333332, 0.9411780529216587, '03:07']

Tiempo de entrenamiento: 5666.50 segundos
/mnt/homeGPU/haoweihu/TFG/lib/python3.10/site-packages/fastai/learner.py:455: UserWarning: load_learner` uses Python's insecure pickle module, which can execute malicious arbitrary code when loading. Only load files you trust.
If you only need to load model weights and optimizer state, use the safe `Learner.load` instead.
  warn("load_learner` uses Python's insecure pickle module, which can execute malicious arbitrary code when loading. Only load files you trust.\nIf you only need to load model weights and optimizer state, use the safe `Learner.load` instead.")
Loss (valid): 0.1630
Accuracy (valid): 0.9413
Recall (valid): 0.9413
F1-Score (valid): 0.9412
/mnt/homeGPU/haoweihu/TFG/lib/python3.10/site-packages/torchvision/models/_utils.py:208: UserWarning: The parameter 'pretrained' is deprecated since 0.13 and may be removed in the future, please use 'weights' instead.
  warnings.warn(
/mnt/homeGPU/haoweihu/TFG/lib/python3.10/site-packages/torchvision/models/_utils.py:223: UserWarning: Arguments other than a weight enum or `None` for 'weights' are deprecated since 0.13 and may be removed in the future. The current behavior is equivalent to passing `weights=EfficientNet_V2_S_Weights.IMAGENET1K_V1`. You can also use `weights=EfficientNet_V2_S_Weights.DEFAULT` to get the most up-to-date weights.
  warnings.warn(msg)
Loss (test): 3.7960
Accuracy (test): 0.7550
Recall (test): 0.7553
F1-Score (test): 0.7553
---------------------------------------------------------------------------
Ejecutando: fmnist_80pct_effnetv2s_fps
---------------------------------------------------------------------------
False
Número total de imágenes en entrenamiento: 38400
Número total de imágenes en validación: 12000
Clases: ['Ankle boot', 'Bag', 'Coat', 'Dress', 'Pullover', 'Sandal', 'Shirt', 'Sneaker', 'T-shirt', 'Trouser']
weights = None
[0, 1.2965424060821533, 0.7563890814781189, 0.7258333563804626, 0.7258333333333333, 0.7218938352334537, '03:50']
[1, 0.9376256465911865, 0.5682348608970642, 0.7954999804496765, 0.7955, 0.7943280144530604, '03:28']
[2, 0.6595671772956848, 0.4451702833175659, 0.8324999809265137, 0.8324999999999999, 0.8291486438062332, '03:29']
[3, 0.4964165687561035, 0.3663317561149597, 0.8620833158493042, 0.8620833333333333, 0.8609519698708299, '03:29']
[4, 0.38380667567253113, 0.296269953250885, 0.8891666531562805, 0.8891666666666668, 0.8879033416962108, '03:30']
[5, 0.34185636043548584, 0.250134140253067, 0.9073333144187927, 0.9073333333333334, 0.9072150650529128, '03:29']
[6, 0.3103342354297638, 0.23318569362163544, 0.9162499904632568, 0.91625, 0.9153509247344298, '03:29']
[7, 0.28027066588401794, 0.22033125162124634, 0.9184166789054871, 0.9184166666666667, 0.9174579297888783, '03:28']
[8, 0.24901685118675232, 0.20232658088207245, 0.9259999990463257, 0.9259999999999999, 0.925244398006259, '03:28']
[9, 0.22894273698329926, 0.182547464966774, 0.9327499866485596, 0.9327499999999999, 0.9323131735143508, '03:29']
[10, 0.2236189991235733, 0.17971068620681763, 0.9348333477973938, 0.9348333333333333, 0.9347101488818268, '03:28']
[11, 0.22364524006843567, 0.17330287396907806, 0.9347500205039978, 0.9347500000000002, 0.9351175843499918, '03:27']
[12, 0.2011818140745163, 0.16843204200267792, 0.9390000104904175, 0.9390000000000001, 0.9388590738863378, '03:27']
[13, 0.1980280727148056, 0.17216196656227112, 0.937749981880188, 0.9377500000000001, 0.9379483747713493, '03:26']
[14, 0.20129142701625824, 0.1663285493850708, 0.940416693687439, 0.9404166666666665, 0.9405495942851492, '03:26']
[15, 0.16280190646648407, 0.16423894464969635, 0.9445833563804626, 0.9445833333333333, 0.9443152995168098, '03:27']
[16, 0.16708090901374817, 0.1637464016675949, 0.9420833587646484, 0.9420833333333334, 0.9422171121151408, '03:27']
[17, 0.1594991534948349, 0.1625586301088333, 0.9431666731834412, 0.9431666666666667, 0.9433505423055097, '03:27']
[18, 0.16041994094848633, 0.15626496076583862, 0.9454166889190674, 0.9454166666666668, 0.9452454642867284, '03:28']
[19, 0.15015195310115814, 0.15549682080745697, 0.9460833072662354, 0.9460833333333334, 0.9457113147495135, '03:29']
[20, 0.13754239678382874, 0.1555938720703125, 0.9453333616256714, 0.9453333333333334, 0.9451972169228012, '03:30']
[21, 0.13237783312797546, 0.1543615162372589, 0.9445833563804626, 0.9445833333333334, 0.944730689975227, '03:29']
[22, 0.14389091730117798, 0.1537453681230545, 0.9465833306312561, 0.9465833333333332, 0.9464976532668732, '03:29']
[23, 0.13906021416187286, 0.15403828024864197, 0.9467499852180481, 0.94675, 0.946625545500104, '03:28']
[24, 0.13661590218544006, 0.1521732360124588, 0.9470000267028809, 0.9470000000000001, 0.9470357468072479, '03:28']
[25, 0.13377997279167175, 0.15210039913654327, 0.9478333592414856, 0.9478333333333333, 0.9477384857178404, '03:29']
[26, 0.12024620175361633, 0.1522042602300644, 0.9481666684150696, 0.9481666666666667, 0.9481725388368613, '03:30']
[27, 0.12744446098804474, 0.15279284119606018, 0.9480000138282776, 0.9480000000000001, 0.9479937992611749, '03:29']
[28, 0.126252681016922, 0.15325546264648438, 0.9470000267028809, 0.9470000000000001, 0.9470066967774737, '03:29']
[29, 0.12143944203853607, 0.15198135375976562, 0.9481666684150696, 0.9481666666666667, 0.9480817433241793, '03:29']

Tiempo de entrenamiento: 6287.11 segundos
/mnt/homeGPU/haoweihu/TFG/lib/python3.10/site-packages/fastai/learner.py:455: UserWarning: load_learner` uses Python's insecure pickle module, which can execute malicious arbitrary code when loading. Only load files you trust.
If you only need to load model weights and optimizer state, use the safe `Learner.load` instead.
  warn("load_learner` uses Python's insecure pickle module, which can execute malicious arbitrary code when loading. Only load files you trust.\nIf you only need to load model weights and optimizer state, use the safe `Learner.load` instead.")
Loss (valid): 0.1520
Accuracy (valid): 0.9482
Recall (valid): 0.9482
F1-Score (valid): 0.9481
/mnt/homeGPU/haoweihu/TFG/lib/python3.10/site-packages/torchvision/models/_utils.py:208: UserWarning: The parameter 'pretrained' is deprecated since 0.13 and may be removed in the future, please use 'weights' instead.
  warnings.warn(
/mnt/homeGPU/haoweihu/TFG/lib/python3.10/site-packages/torchvision/models/_utils.py:223: UserWarning: Arguments other than a weight enum or `None` for 'weights' are deprecated since 0.13 and may be removed in the future. The current behavior is equivalent to passing `weights=EfficientNet_V2_S_Weights.IMAGENET1K_V1`. You can also use `weights=EfficientNet_V2_S_Weights.DEFAULT` to get the most up-to-date weights.
  warnings.warn(msg)
Loss (test): 3.9471
Accuracy (test): 0.7579
Recall (test): 0.7580
F1-Score (test): 0.7562
---------------------------------------------------------------------------
Ejecutando: fmnist_90pct_effnetv2s_fps
---------------------------------------------------------------------------
False
Número total de imágenes en entrenamiento: 43200
Número total de imágenes en validación: 12000
Clases: ['Ankle boot', 'Bag', 'Coat', 'Dress', 'Pullover', 'Sandal', 'Shirt', 'Sneaker', 'T-shirt', 'Trouser']
weights = None
[0, 1.2112945318222046, 0.7269282341003418, 0.7388333082199097, 0.7388333333333332, 0.7361898760036137, '04:12']
[1, 0.8600789308547974, 0.5581458210945129, 0.800000011920929, 0.7999999999999999, 0.7988475365321929, '03:50']
[2, 0.6309182047843933, 0.423516184091568, 0.8403333425521851, 0.8403333333333334, 0.837046753572414, '03:50']
[3, 0.4904915690422058, 0.3327254354953766, 0.8757500052452087, 0.87575, 0.8764886427237792, '03:50']
[4, 0.37337392568588257, 0.26897865533828735, 0.9016666412353516, 0.9016666666666666, 0.9015075021240481, '03:51']
[5, 0.34861353039741516, 0.23821154236793518, 0.9119166731834412, 0.9119166666666667, 0.9113081676790079, '03:50']
[6, 0.2833242416381836, 0.2105589061975479, 0.9225833415985107, 0.9225833333333334, 0.9229686739434115, '03:50']
[7, 0.2720646858215332, 0.19653452932834625, 0.9269166588783264, 0.9269166666666667, 0.9263025066101127, '03:51']
[8, 0.24969521164894104, 0.19922131299972534, 0.9268333315849304, 0.9268333333333333, 0.9260345906779086, '03:50']
[9, 0.2426796853542328, 0.1826501488685608, 0.9300000071525574, 0.9299999999999999, 0.9301931500728295, '03:48']
[10, 0.21713727712631226, 0.16677404940128326, 0.9382500052452087, 0.93825, 0.9384450709066325, '03:47']
[11, 0.20083369314670563, 0.16735045611858368, 0.937166690826416, 0.9371666666666666, 0.9370238164361275, '03:47']
[12, 0.18018758296966553, 0.16857458651065826, 0.9397500157356262, 0.9397499999999999, 0.9388788444484645, '03:49']
[13, 0.19484619796276093, 0.1585657149553299, 0.9421666860580444, 0.9421666666666667, 0.9418218609569026, '03:49']
[14, 0.17038466036319733, 0.15798437595367432, 0.940666675567627, 0.9406666666666668, 0.9404106370012636, '03:48']
[15, 0.1715027540922165, 0.15266795456409454, 0.9439166784286499, 0.9439166666666667, 0.9438304867101429, '03:47']
[16, 0.1624162197113037, 0.1530798077583313, 0.9455833435058594, 0.9455833333333332, 0.9455143256504057, '03:50']
[17, 0.1527598649263382, 0.15267229080200195, 0.9445833563804626, 0.9445833333333333, 0.944432940844351, '03:51']
[18, 0.1444827914237976, 0.1479109525680542, 0.9483333230018616, 0.9483333333333333, 0.9480827669088686, '03:50']
[19, 0.1458347588777542, 0.1461067944765091, 0.9474166631698608, 0.9474166666666667, 0.9470668534951688, '03:53']
[20, 0.1314946562051773, 0.1462145894765854, 0.9473333358764648, 0.9473333333333335, 0.9473631057907055, '03:51']
[21, 0.1272743046283722, 0.14602695405483246, 0.9470000267028809, 0.9469999999999998, 0.9469146203009904, '03:51']
[22, 0.13338138163089752, 0.14450718462467194, 0.9489166736602783, 0.9489166666666667, 0.9488732943018702, '03:51']
[23, 0.12542958557605743, 0.1454620063304901, 0.9484166502952576, 0.9484166666666667, 0.948467266935466, '03:50']
[24, 0.12984637916088104, 0.14551110565662384, 0.9478333592414856, 0.9478333333333333, 0.9476669763887541, '03:52']
[25, 0.1204271987080574, 0.14512977004051208, 0.9486666917800903, 0.9486666666666668, 0.9485353349852254, '03:51']
[26, 0.12656934559345245, 0.14472369849681854, 0.9487500190734863, 0.9487500000000001, 0.948491283888319, '03:51']
[27, 0.12078138440847397, 0.14500442147254944, 0.9486666917800903, 0.9486666666666667, 0.9484222647093977, '03:48']
No improvement since epoch 22: early stopping

Tiempo de entrenamiento: 6473.97 segundos
/mnt/homeGPU/haoweihu/TFG/lib/python3.10/site-packages/fastai/learner.py:455: UserWarning: load_learner` uses Python's insecure pickle module, which can execute malicious arbitrary code when loading. Only load files you trust.
If you only need to load model weights and optimizer state, use the safe `Learner.load` instead.
  warn("load_learner` uses Python's insecure pickle module, which can execute malicious arbitrary code when loading. Only load files you trust.\nIf you only need to load model weights and optimizer state, use the safe `Learner.load` instead.")
Loss (valid): 0.1450
Accuracy (valid): 0.9487
Recall (valid): 0.9487
F1-Score (valid): 0.9484
Loss (test): 3.9826
Accuracy (test): 0.7557
Recall (test): 0.7557
F1-Score (test): 0.7554
mail: cannot send message: Process exited with a non-zero status
