---------------------------------------------------------------------------
Ejecutando: cifar_gray_10pct_deep
---------------------------------------------------------------------------
Número total de imágenes en entrenamiento: 4000
Número total de imágenes en validación: 10000

Clases: ['airplane', 'automobile', 'bird', 'cat', 'deer', 'dog', 'frog', 'horse', 'ship', 'truck']
[0, 2.304274320602417, 2.304201364517212, 0.10869999974966049, 0.10869999999999999, 0.034862085436241565, '01:12']
[1, 2.3043670654296875, 2.30313777923584, 0.10329999774694443, 0.10329999999999999, 0.0448778657063158, '00:19']
[2, 2.3032748699188232, 2.2998692989349365, 0.12470000237226486, 0.12469999999999999, 0.04613093741294909, '00:19']
[3, 2.300467014312744, 2.286531448364258, 0.1509000062942505, 0.1509, 0.08455218782646104, '00:19']
[4, 2.2941291332244873, 2.258406162261963, 0.16359999775886536, 0.16360000000000002, 0.1170331020410837, '00:19']
[5, 2.2862398624420166, 2.234257698059082, 0.18529999256134033, 0.18530000000000002, 0.12204010024834058, '00:19']
[6, 2.2786459922790527, 2.2223336696624756, 0.19020000100135803, 0.19019999999999998, 0.13507860265861066, '00:19']
[7, 2.2661526203155518, 2.1707634925842285, 0.22360000014305115, 0.22359999999999997, 0.18936828244549475, '00:19']
[8, 2.257493019104004, 2.156364917755127, 0.22509999573230743, 0.2251, 0.17033634869996597, '00:19']
[9, 2.246150493621826, 2.129638671875, 0.24160000681877136, 0.24159999999999998, 0.22237865239987462, '00:19']
[10, 2.232945203781128, 2.09637451171875, 0.25440001487731934, 0.2544, 0.227940625282066, '00:19']
[11, 2.221496105194092, 2.079322576522827, 0.2563000023365021, 0.25630000000000003, 0.2445471670906283, '00:19']
[12, 2.2107226848602295, 2.0641932487487793, 0.26759999990463257, 0.2676, 0.24867078769485457, '00:19']
[13, 2.199012279510498, 2.0405213832855225, 0.2718999981880188, 0.2719, 0.24981431268707383, '00:19']
[14, 2.1853039264678955, 2.008565902709961, 0.28130000829696655, 0.2813, 0.2672854962178576, '00:19']
[15, 2.1695313453674316, 1.9971281290054321, 0.2782000005245209, 0.2782, 0.24756262102790022, '00:19']
[16, 2.1583213806152344, 1.9966285228729248, 0.2808000147342682, 0.2808, 0.2621319885471519, '00:19']
[17, 2.147751808166504, 1.9728869199752808, 0.2939999997615814, 0.294, 0.2769576614067232, '00:19']
[18, 2.1345014572143555, 1.9636098146438599, 0.30000001192092896, 0.3, 0.2905517785506053, '00:19']
[19, 2.122915744781494, 1.9453365802764893, 0.2964000105857849, 0.29640000000000005, 0.2819948941934878, '00:19']
[20, 2.1123502254486084, 1.9548439979553223, 0.29159998893737793, 0.2916, 0.27054529587898096, '00:19']
[21, 2.099870204925537, 1.9388549327850342, 0.30140000581741333, 0.3014, 0.29193643246764633, '00:19']
[22, 2.094297409057617, 1.9356811046600342, 0.29440000653266907, 0.29440000000000005, 0.27460812936794926, '00:19']
[23, 2.0864226818084717, 1.9225363731384277, 0.3043000102043152, 0.3043, 0.28963424218846195, '00:19']
[24, 2.0828282833099365, 1.9249359369277954, 0.30000001192092896, 0.3, 0.2882622932834488, '00:19']
[25, 2.0779576301574707, 1.9207912683486938, 0.30469998717308044, 0.3047, 0.2949190971324757, '00:20']
[26, 2.069373369216919, 1.9204044342041016, 0.30390000343322754, 0.30389999999999995, 0.2939664087330963, '00:21']
[27, 2.059007406234741, 1.916879653930664, 0.304500013589859, 0.3045, 0.29300828586075006, '00:19']
[28, 2.0612592697143555, 1.9164172410964966, 0.3037000000476837, 0.30369999999999997, 0.29228304651177434, '00:19']
[29, 2.0591845512390137, 1.9165549278259277, 0.3037000000476837, 0.3037, 0.29216546314827724, '00:19']

Tiempo de entrenamiento: 641.39 segundos
/mnt/homeGPU/haoweihu/TFG/lib/python3.10/site-packages/fastai/learner.py:455: UserWarning: load_learner` uses Python's insecure pickle module, which can execute malicious arbitrary code when loading. Only load files you trust.
If you only need to load model weights and optimizer state, use the safe `Learner.load` instead.
  warn("load_learner` uses Python's insecure pickle module, which can execute malicious arbitrary code when loading. Only load files you trust.\nIf you only need to load model weights and optimizer state, use the safe `Learner.load` instead.")
Loss: 1.9166
Accuracy: 0.3037
Recall: 0.3037
F1-Score: 0.2922
Loss: 1.9081043004989624
Accuracy: 0.31089743971824646
Recall (macro): 0.31085603103500486
F1 Score (macro): 0.3008887363106215
---------------------------------------------------------------------------
Ejecutando: cifar_gray_20pct_deep
---------------------------------------------------------------------------
Número total de imágenes en entrenamiento: 8000
Número total de imágenes en validación: 10000

Clases: ['airplane', 'automobile', 'bird', 'cat', 'deer', 'dog', 'frog', 'horse', 'ship', 'truck']
[0, 2.3046982288360596, 2.3019659519195557, 0.09730000048875809, 0.09730000000000001, 0.03247941165211142, '00:31']
[1, 2.301471710205078, 2.298238754272461, 0.10100000351667404, 0.101, 0.02097615969271984, '00:24']
[2, 2.2980706691741943, 2.282288074493408, 0.16200000047683716, 0.162, 0.08732496779382064, '00:24']
[3, 2.282459259033203, 2.229875326156616, 0.16680000722408295, 0.1668, 0.08121362604901186, '00:24']
[4, 2.2659988403320312, 2.1847639083862305, 0.20440000295639038, 0.2044, 0.1524205144304426, '00:25']
[5, 2.248540163040161, 2.1391825675964355, 0.23250000178813934, 0.2325, 0.19294795232192682, '00:25']
[6, 2.2345876693725586, 2.1164042949676514, 0.2498999983072281, 0.24989999999999996, 0.22750687782081053, '00:24']
[7, 2.2108120918273926, 2.032015323638916, 0.2953000068664551, 0.2953, 0.288094054800323, '00:24']
[8, 2.182493209838867, 2.0105109214782715, 0.29670000076293945, 0.29669999999999996, 0.2834165021632088, '00:25']
[9, 2.1455912590026855, 1.9478439092636108, 0.29490000009536743, 0.2949, 0.2748358314919799, '00:25']
[10, 2.125541925430298, 1.9133952856063843, 0.31610000133514404, 0.3161, 0.29010339693750176, '00:25']
[11, 2.1053054332733154, 1.905026912689209, 0.33410000801086426, 0.33409999999999995, 0.316261940805742, '00:25']
[12, 2.0722339153289795, 1.8247737884521484, 0.36039999127388, 0.3604, 0.348386301180028, '00:25']
[13, 2.0354292392730713, 1.7844562530517578, 0.3522999882698059, 0.35229999999999995, 0.31990577457249264, '00:25']
[14, 2.0159387588500977, 1.777227520942688, 0.367000013589859, 0.367, 0.35399475615024645, '00:27']
[15, 2.0019261837005615, 1.7454020977020264, 0.3774000108242035, 0.3773999999999999, 0.3664266862503284, '00:26']
[16, 1.9737398624420166, 1.7721259593963623, 0.35179999470710754, 0.3518, 0.32695208424165395, '00:25']
[17, 1.9661586284637451, 1.7508695125579834, 0.3628999888896942, 0.36289999999999994, 0.335572539827656, '00:25']
[18, 1.942758560180664, 1.7148468494415283, 0.38119998574256897, 0.38120000000000004, 0.3682855875245937, '00:25']
[19, 1.9147552251815796, 1.7150365114212036, 0.3815999925136566, 0.3816, 0.36849455589033286, '00:25']
[20, 1.894958734512329, 1.6884195804595947, 0.38999998569488525, 0.39, 0.3747316329753856, '00:25']
[21, 1.8790241479873657, 1.6835681200027466, 0.3864000141620636, 0.3864, 0.37292915123342596, '00:25']
[22, 1.869562029838562, 1.670723795890808, 0.38999998569488525, 0.39, 0.3728513460093756, '00:25']
[23, 1.8578697443008423, 1.6682630777359009, 0.38909998536109924, 0.38909999999999995, 0.3733095005526459, '00:25']
[24, 1.8451943397521973, 1.6624352931976318, 0.39489999413490295, 0.3949, 0.37894410543150114, '00:25']
[25, 1.8380063772201538, 1.6627527475357056, 0.39329999685287476, 0.3933, 0.3762685513339939, '00:25']
[26, 1.8392874002456665, 1.6618152856826782, 0.392300009727478, 0.39230000000000004, 0.3757050819173763, '00:25']
[27, 1.8286375999450684, 1.65926992893219, 0.3961000144481659, 0.3961, 0.38153895609529764, '00:24']
[28, 1.8359957933425903, 1.6592968702316284, 0.39410001039505005, 0.3941, 0.37852261497060535, '00:25']
[29, 1.8261150121688843, 1.6589404344558716, 0.39430001378059387, 0.3943, 0.3788394062176475, '00:25']

Tiempo de entrenamiento: 762.55 segundos
/mnt/homeGPU/haoweihu/TFG/lib/python3.10/site-packages/fastai/learner.py:455: UserWarning: load_learner` uses Python's insecure pickle module, which can execute malicious arbitrary code when loading. Only load files you trust.
If you only need to load model weights and optimizer state, use the safe `Learner.load` instead.
  warn("load_learner` uses Python's insecure pickle module, which can execute malicious arbitrary code when loading. Only load files you trust.\nIf you only need to load model weights and optimizer state, use the safe `Learner.load` instead.")
Loss: 1.6589
Accuracy: 0.3943
Recall: 0.3943
F1-Score: 0.3788
Loss: 1.6501662731170654
Accuracy: 0.4095552861690521
Recall (macro): 0.40958281650065176
F1 Score (macro): 0.39517060479502847
---------------------------------------------------------------------------
Ejecutando: cifar_gray_30pct_deep
---------------------------------------------------------------------------
Número total de imágenes en entrenamiento: 12000
Número total de imágenes en validación: 10000

Clases: ['airplane', 'automobile', 'bird', 'cat', 'deer', 'dog', 'frog', 'horse', 'ship', 'truck']
[0, 2.302753210067749, 2.3009414672851562, 0.10040000081062317, 0.1004, 0.018998246348230153, '00:31']
[1, 2.2992122173309326, 2.2950098514556885, 0.1014999970793724, 0.10149999999999999, 0.021355078877546913, '00:30']
[2, 2.2681796550750732, 2.2120585441589355, 0.21140000224113464, 0.21139999999999998, 0.18404642476433292, '00:32']
[3, 2.2363202571868896, 2.1396753787994385, 0.23669999837875366, 0.2367, 0.2090406759961502, '00:32']
[4, 2.2070672512054443, 2.0789589881896973, 0.2500999867916107, 0.2501, 0.23125186391989297, '00:30']
[5, 2.1878764629364014, 2.053022623062134, 0.25949999690055847, 0.2595, 0.22370273329871831, '00:30']
[6, 2.1465227603912354, 1.9754782915115356, 0.27970001101493835, 0.2797, 0.2471166499307998, '00:30']
[7, 2.116767644882202, 1.908416748046875, 0.30230000615119934, 0.30229999999999996, 0.2592098775879821, '00:30']
[8, 2.0925920009613037, 1.9487197399139404, 0.2973000109195709, 0.2973, 0.289022118713005, '00:30']
[9, 2.0671114921569824, 1.8366986513137817, 0.3425999879837036, 0.3426, 0.3176242673385075, '00:30']
[10, 2.0468404293060303, 1.7794127464294434, 0.352400004863739, 0.3524, 0.329594634234199, '00:30']
[11, 2.0177528858184814, 1.7731492519378662, 0.36239999532699585, 0.36239999999999994, 0.3387836678964977, '00:30']
[12, 1.9938472509384155, 1.7453762292861938, 0.3799999952316284, 0.38, 0.3645053059667579, '00:30']
[13, 1.9638090133666992, 1.712874174118042, 0.3871000111103058, 0.3871, 0.36656374889102045, '00:30']
[14, 1.9403603076934814, 1.683984398841858, 0.399399995803833, 0.3994, 0.3796399504861292, '00:30']
[15, 1.9168071746826172, 1.6841267347335815, 0.40230000019073486, 0.40230000000000005, 0.3941767099065861, '00:30']
[16, 1.9005098342895508, 1.6752541065216064, 0.39800000190734863, 0.398, 0.37929861372684026, '00:31']
[17, 1.8624122142791748, 1.6286964416503906, 0.4106999933719635, 0.4107, 0.40009660391127044, '00:31']
[18, 1.8576213121414185, 1.6406965255737305, 0.4065999984741211, 0.40659999999999996, 0.3981336474720053, '00:30']
[19, 1.8346178531646729, 1.6155641078948975, 0.42250001430511475, 0.4225, 0.41393480987936504, '00:31']
[20, 1.8127659559249878, 1.5855857133865356, 0.4381999969482422, 0.43820000000000003, 0.4263053725510885, '00:32']
[21, 1.7893842458724976, 1.5850346088409424, 0.42980000376701355, 0.42980000000000007, 0.4119296243778736, '00:30']
[22, 1.7751080989837646, 1.579508900642395, 0.4361000061035156, 0.43610000000000004, 0.4244768885755799, '00:32']
[23, 1.7424572706222534, 1.5709867477416992, 0.43380001187324524, 0.4338, 0.4218132266573843, '00:47']
[24, 1.7562522888183594, 1.5688040256500244, 0.43950000405311584, 0.43949999999999995, 0.4282751921411411, '00:30']
[25, 1.7467141151428223, 1.5638790130615234, 0.44279998540878296, 0.44279999999999997, 0.4307892368507214, '00:30']
[26, 1.731939435005188, 1.5597259998321533, 0.4401000142097473, 0.4401, 0.42831549479838416, '00:30']
[27, 1.720387578010559, 1.5592412948608398, 0.44589999318122864, 0.44589999999999996, 0.4329684960703344, '00:30']
[28, 1.72246253490448, 1.5578192472457886, 0.44119998812675476, 0.4412, 0.4289481198105037, '00:30']
[29, 1.72355318069458, 1.5575882196426392, 0.44200000166893005, 0.442, 0.430009660700005, '00:30']

Tiempo de entrenamiento: 943.87 segundos
/mnt/homeGPU/haoweihu/TFG/lib/python3.10/site-packages/fastai/learner.py:455: UserWarning: load_learner` uses Python's insecure pickle module, which can execute malicious arbitrary code when loading. Only load files you trust.
If you only need to load model weights and optimizer state, use the safe `Learner.load` instead.
  warn("load_learner` uses Python's insecure pickle module, which can execute malicious arbitrary code when loading. Only load files you trust.\nIf you only need to load model weights and optimizer state, use the safe `Learner.load` instead.")
Loss: 1.5576
Accuracy: 0.4420
Recall: 0.4420
F1-Score: 0.4300
Loss: 1.5485788583755493
Accuracy: 0.44370993971824646
Recall (macro): 0.4437249879496988
F1 Score (macro): 0.42992980636961053
---------------------------------------------------------------------------
Ejecutando: cifar_gray_40pct_deep
---------------------------------------------------------------------------
Número total de imágenes en entrenamiento: 16000
Número total de imágenes en validación: 10000

Clases: ['airplane', 'automobile', 'bird', 'cat', 'deer', 'dog', 'frog', 'horse', 'ship', 'truck']
[0, 2.3023037910461426, 2.3010094165802, 0.11110000312328339, 0.1111, 0.037497718617059236, '00:36']
[1, 2.290330171585083, 2.26611590385437, 0.15639999508857727, 0.1564, 0.0898761435019287, '00:35']
[2, 2.237783670425415, 2.1622562408447266, 0.20010000467300415, 0.2001, 0.14762592337001035, '00:35']
[3, 2.1987483501434326, 2.09816575050354, 0.25949999690055847, 0.2595, 0.24628233263453655, '00:50']
[4, 2.1526646614074707, 2.007397174835205, 0.267300009727478, 0.2673, 0.23113723478170875, '01:08']
[5, 2.0905890464782715, 1.8856360912322998, 0.323199987411499, 0.3232, 0.30282923945807416, '00:36']
[6, 2.052149772644043, 1.8290581703186035, 0.3314000070095062, 0.33140000000000003, 0.3033942657753367, '00:35']
[7, 2.0160484313964844, 1.8122193813323975, 0.34860000014305115, 0.3486, 0.3233440899144872, '00:35']
[8, 1.9902427196502686, 1.8277159929275513, 0.3273000121116638, 0.3273, 0.2979012374187438, '00:36']
[9, 1.9514585733413696, 1.7190574407577515, 0.37369999289512634, 0.37370000000000003, 0.358190114841689, '00:35']
[10, 1.9218192100524902, 1.6847960948944092, 0.3962000012397766, 0.3962, 0.37779853267929164, '00:35']
[11, 1.8968232870101929, 1.666747808456421, 0.4041999876499176, 0.4042, 0.37001116090941716, '00:35']
[12, 1.8628500699996948, 1.6606647968292236, 0.39320001006126404, 0.39320000000000005, 0.3776635854056195, '00:36']
[13, 1.8409101963043213, 1.6542381048202515, 0.4072999954223633, 0.40730000000000005, 0.3712764505372294, '00:36']
[14, 1.786493182182312, 1.6082487106323242, 0.41679999232292175, 0.4168, 0.3978695143174744, '00:36']
[15, 1.7578976154327393, 1.5777060985565186, 0.4366999864578247, 0.4367, 0.42293756270874594, '00:35']
[16, 1.7450898885726929, 1.583303451538086, 0.4251999855041504, 0.42519999999999997, 0.4072963636527354, '00:35']
[17, 1.720502495765686, 1.5786231756210327, 0.43160000443458557, 0.4316000000000001, 0.41543449550984796, '00:35']
[18, 1.6936919689178467, 1.5453048944473267, 0.4478999972343445, 0.4479, 0.4302285093255748, '00:35']
[19, 1.659786581993103, 1.526023507118225, 0.4551999866962433, 0.45519999999999994, 0.44315002461513886, '00:36']
[20, 1.6567420959472656, 1.5205925703048706, 0.45590001344680786, 0.4559000000000001, 0.44624118329216245, '00:56']
[21, 1.6228294372558594, 1.5185513496398926, 0.4560000002384186, 0.45599999999999996, 0.4458299651859369, '00:43']
[22, 1.6033481359481812, 1.5146361589431763, 0.4586000144481659, 0.4586, 0.44200191688179213, '00:35']
[23, 1.5893877744674683, 1.5105928182601929, 0.45649999380111694, 0.45649999999999996, 0.44477881900212246, '00:35']
[24, 1.590411901473999, 1.5060728788375854, 0.46389999985694885, 0.4638999999999999, 0.44960947866372597, '00:36']
[25, 1.563387393951416, 1.4969278573989868, 0.4643000066280365, 0.46430000000000005, 0.45159060752617386, '00:36']
[26, 1.5723917484283447, 1.4979697465896606, 0.46209999918937683, 0.46210000000000007, 0.4502315763975354, '00:36']
[27, 1.5379899740219116, 1.4942517280578613, 0.4657999873161316, 0.46580000000000005, 0.45356855372287275, '00:35']
[28, 1.5626754760742188, 1.4929618835449219, 0.4657999873161316, 0.46580000000000005, 0.4540562908132241, '00:35']
[29, 1.5414109230041504, 1.4929245710372925, 0.4648999869823456, 0.4649, 0.4528421874859293, '00:36']

Tiempo de entrenamiento: 1153.78 segundos
/mnt/homeGPU/haoweihu/TFG/lib/python3.10/site-packages/fastai/learner.py:455: UserWarning: load_learner` uses Python's insecure pickle module, which can execute malicious arbitrary code when loading. Only load files you trust.
If you only need to load model weights and optimizer state, use the safe `Learner.load` instead.
  warn("load_learner` uses Python's insecure pickle module, which can execute malicious arbitrary code when loading. Only load files you trust.\nIf you only need to load model weights and optimizer state, use the safe `Learner.load` instead.")
Loss: 1.4929
Accuracy: 0.4649
Recall: 0.4649
F1-Score: 0.4528
Loss: 1.4874871969223022
Accuracy: 0.47015222907066345
Recall (macro): 0.47012125126696536
F1 Score (macro): 0.4569893224415468
---------------------------------------------------------------------------
Ejecutando: cifar_gray_50pct_deep
---------------------------------------------------------------------------
Número total de imágenes en entrenamiento: 20000
Número total de imágenes en validación: 10000

Clases: ['airplane', 'automobile', 'bird', 'cat', 'deer', 'dog', 'frog', 'horse', 'ship', 'truck']
[0, 2.3032994270324707, 2.301482915878296, 0.16099999845027924, 0.16099999999999998, 0.08903868679766015, '00:42']
[1, 2.280771017074585, 2.259531021118164, 0.1673000007867813, 0.16729999999999998, 0.09582234763490337, '00:41']
[2, 2.2184488773345947, 2.1369547843933105, 0.2175000011920929, 0.21750000000000003, 0.1791458477932907, '00:41']
[3, 2.1487200260162354, 2.0138659477233887, 0.2694000005722046, 0.2694, 0.23917827348187098, '00:41']
[4, 2.0948197841644287, 1.9191312789916992, 0.32339999079704285, 0.3234, 0.2980266415878944, '00:43']
[5, 2.06174898147583, 1.8596056699752808, 0.3450999855995178, 0.34509999999999996, 0.3277120602507798, '00:41']
[6, 2.005915403366089, 1.7974865436553955, 0.35350000858306885, 0.35350000000000004, 0.33604030423188996, '00:41']
[7, 1.959833025932312, 1.7589093446731567, 0.37310001254081726, 0.3731, 0.3617475834077425, '00:41']
[8, 1.9540396928787231, 1.738893747329712, 0.3783999979496002, 0.37840000000000007, 0.35188222284430515, '00:41']
[9, 1.8977773189544678, 1.6726441383361816, 0.39910000562667847, 0.39909999999999995, 0.37572292696005105, '00:41']
[10, 1.8704687356948853, 1.6462701559066772, 0.41200000047683716, 0.41200000000000003, 0.3964469445056605, '00:41']
[11, 1.828728199005127, 1.6225868463516235, 0.4156999886035919, 0.4157, 0.4048561642177102, '00:41']
[12, 1.8164000511169434, 1.664789080619812, 0.4032999873161316, 0.40330000000000005, 0.3865407925049625, '00:41']
[13, 1.78595769405365, 1.5754964351654053, 0.438400000333786, 0.4384, 0.4200759987582794, '00:41']
[14, 1.7545580863952637, 1.5659257173538208, 0.4487999975681305, 0.4488, 0.43973136005468294, '00:41']
[15, 1.7231100797653198, 1.5885066986083984, 0.4311000108718872, 0.4311000000000001, 0.4133272530234084, '00:41']
[16, 1.7135822772979736, 1.540353775024414, 0.45719999074935913, 0.4572, 0.4407914629171964, '00:42']
[17, 1.694954752922058, 1.5058598518371582, 0.4708000123500824, 0.4708, 0.46343487485291684, '00:41']
[18, 1.6698564291000366, 1.5123159885406494, 0.46320000290870667, 0.46320000000000006, 0.44985488688872427, '00:41']
[19, 1.6444051265716553, 1.489950180053711, 0.47440001368522644, 0.4744, 0.46262632112745, '00:41']
[20, 1.6417815685272217, 1.4815062284469604, 0.476500004529953, 0.47650000000000003, 0.46664661650463757, '00:41']
[21, 1.6106936931610107, 1.4691483974456787, 0.4812000095844269, 0.4812, 0.4714578250119697, '00:41']
[22, 1.5889712572097778, 1.479891061782837, 0.4814000129699707, 0.4814, 0.4747032662287638, '00:41']
[23, 1.5702921152114868, 1.458956003189087, 0.4794999957084656, 0.4795, 0.46949260205680776, '00:41']
[24, 1.5620917081832886, 1.458875298500061, 0.4830999970436096, 0.48310000000000003, 0.4757514974785445, '01:13']
[25, 1.540685772895813, 1.4549332857131958, 0.484499990940094, 0.4845, 0.4775587428262595, '00:52']
[26, 1.5301340818405151, 1.451354742050171, 0.4867999851703644, 0.4868, 0.479022201449531, '00:41']
[27, 1.5386713743209839, 1.4490249156951904, 0.48989999294281006, 0.4899, 0.4817223268253625, '00:41']
[28, 1.5324891805648804, 1.4482808113098145, 0.48980000615119934, 0.48980000000000007, 0.4813796626510071, '00:42']
[29, 1.5403250455856323, 1.4481064081192017, 0.4896000027656555, 0.4896, 0.48089865823338396, '00:43']

Tiempo de entrenamiento: 1294.17 segundos
/mnt/homeGPU/haoweihu/TFG/lib/python3.10/site-packages/fastai/learner.py:455: UserWarning: load_learner` uses Python's insecure pickle module, which can execute malicious arbitrary code when loading. Only load files you trust.
If you only need to load model weights and optimizer state, use the safe `Learner.load` instead.
  warn("load_learner` uses Python's insecure pickle module, which can execute malicious arbitrary code when loading. Only load files you trust.\nIf you only need to load model weights and optimizer state, use the safe `Learner.load` instead.")
Loss: 1.4481
Accuracy: 0.4896
Recall: 0.4896
F1-Score: 0.4809
Loss: 1.4421231746673584
Accuracy: 0.4875801205635071
Recall (macro): 0.48766155995151167
F1 Score (macro): 0.47734509135474124
---------------------------------------------------------------------------
Ejecutando: cifar_gray_60pct_deep
---------------------------------------------------------------------------
Número total de imágenes en entrenamiento: 24000
Número total de imágenes en validación: 10000

Clases: ['airplane', 'automobile', 'bird', 'cat', 'deer', 'dog', 'frog', 'horse', 'ship', 'truck']
[0, 2.298145294189453, 2.2930102348327637, 0.15410000085830688, 0.1541, 0.09332285545206656, '00:47']
[1, 2.2293646335601807, 2.1684978008270264, 0.18799999356269836, 0.188, 0.1339168178590816, '00:46']
[2, 2.125192403793335, 2.0242652893066406, 0.24709999561309814, 0.24710000000000001, 0.19542922970864923, '00:46']
[3, 2.011157751083374, 1.8881138563156128, 0.2955000102519989, 0.2955, 0.25944685403317747, '00:46']
[4, 1.9795621633529663, 1.8159451484680176, 0.3377000093460083, 0.3377, 0.3072800250313399, '00:47']
[5, 1.9252840280532837, 1.785396695137024, 0.34209999442100525, 0.34209999999999996, 0.3238002189200314, '00:48']
[6, 1.8933743238449097, 1.6988788843154907, 0.3806999921798706, 0.3806999999999999, 0.3645079906146579, '00:46']
[7, 1.8481956720352173, 1.6869897842407227, 0.3878999948501587, 0.3879, 0.3836756035451784, '00:46']
[8, 1.7909173965454102, 1.593642234802246, 0.4296000003814697, 0.42960000000000004, 0.42553415296861685, '00:47']
[9, 1.7515928745269775, 1.580979347229004, 0.43369999527931213, 0.4337, 0.4204759566059457, '00:48']
[10, 1.6928852796554565, 1.5071122646331787, 0.4661000072956085, 0.46610000000000007, 0.449620044703866, '00:46']
[11, 1.6752573251724243, 1.4907289743423462, 0.46939998865127563, 0.4694, 0.4601809954866748, '00:46']
[12, 1.6308232545852661, 1.4453566074371338, 0.4885999858379364, 0.48860000000000003, 0.4719733772794628, '00:46']
[13, 1.603357195854187, 1.439344882965088, 0.4918999969959259, 0.49189999999999995, 0.47683471565401786, '00:46']
[14, 1.5585272312164307, 1.4095295667648315, 0.4975000023841858, 0.49750000000000005, 0.4850294873306254, '00:47']
[15, 1.5335980653762817, 1.396724820137024, 0.5069000124931335, 0.5069000000000001, 0.49937677110000084, '00:46']
[16, 1.5141375064849854, 1.3809016942977905, 0.515999972820282, 0.516, 0.5108076630521071, '00:49']
[17, 1.468574047088623, 1.3761522769927979, 0.5133000016212463, 0.5132999999999999, 0.5021417023705015, '01:14']
[18, 1.4630568027496338, 1.3650354146957397, 0.5162000060081482, 0.5161999999999999, 0.5033513270923244, '01:03']
[19, 1.4371321201324463, 1.3553578853607178, 0.5202000141143799, 0.5202, 0.5076711954287801, '00:55']
[20, 1.425333023071289, 1.344807744026184, 0.5246000289916992, 0.5246, 0.515737719306582, '00:49']
[21, 1.398025631904602, 1.3360047340393066, 0.5281000137329102, 0.5281, 0.5220806764020701, '00:47']
[22, 1.3865910768508911, 1.3448387384414673, 0.5228999853134155, 0.5228999999999999, 0.5098765170054861, '00:46']
[23, 1.356540560722351, 1.3270726203918457, 0.5311999917030334, 0.5312, 0.5232958336621537, '00:46']
[24, 1.3638916015625, 1.3234270811080933, 0.5342000126838684, 0.5342, 0.5241094261130573, '00:47']
[25, 1.3331931829452515, 1.3224010467529297, 0.5332000255584717, 0.5332000000000001, 0.5273198285980155, '00:47']
[26, 1.3020089864730835, 1.318076252937317, 0.5364000201225281, 0.5364, 0.5295148762488665, '00:48']
[27, 1.3422387838363647, 1.3171766996383667, 0.5361999869346619, 0.5362, 0.5291362726380118, '00:46']
[28, 1.313795804977417, 1.3171725273132324, 0.5360000133514404, 0.5359999999999999, 0.5282170838702105, '00:48']
[29, 1.3130507469177246, 1.3170439004898071, 0.5368000268936157, 0.5367999999999999, 0.5296368489703684, '00:50']

Tiempo de entrenamiento: 1474.64 segundos
/mnt/homeGPU/haoweihu/TFG/lib/python3.10/site-packages/fastai/learner.py:455: UserWarning: load_learner` uses Python's insecure pickle module, which can execute malicious arbitrary code when loading. Only load files you trust.
If you only need to load model weights and optimizer state, use the safe `Learner.load` instead.
  warn("load_learner` uses Python's insecure pickle module, which can execute malicious arbitrary code when loading. Only load files you trust.\nIf you only need to load model weights and optimizer state, use the safe `Learner.load` instead.")
Loss: 1.3170
Accuracy: 0.5368
Recall: 0.5368
F1-Score: 0.5296
Loss: 1.3141372203826904
Accuracy: 0.5407652258872986
Recall (macro): 0.5408142063036377
F1 Score (macro): 0.532723235517645
---------------------------------------------------------------------------
Ejecutando: cifar_gray_70pct_deep
---------------------------------------------------------------------------
Número total de imágenes en entrenamiento: 28000
Número total de imágenes en validación: 10000

Clases: ['airplane', 'automobile', 'bird', 'cat', 'deer', 'dog', 'frog', 'horse', 'ship', 'truck']
[0, 2.2996842861175537, 2.29443097114563, 0.12639999389648438, 0.1264, 0.06483672377353017, '00:52']
[1, 2.2326438426971436, 2.1834161281585693, 0.18359999358654022, 0.1836, 0.13165319989710028, '00:52']
[2, 2.1423847675323486, 2.056910276412964, 0.2425999939441681, 0.24259999999999998, 0.20410286103505354, '00:51']
[3, 2.0105783939361572, 1.9115235805511475, 0.31299999356269836, 0.31300000000000006, 0.29967328312951536, '00:52']
[4, 1.9164472818374634, 1.7992393970489502, 0.34769999980926514, 0.3477, 0.3088521225235571, '00:52']
[5, 1.8662222623825073, 1.7013386487960815, 0.39149999618530273, 0.3915, 0.38507525006615406, '00:54']
[6, 1.8376818895339966, 1.6865479946136475, 0.3912999927997589, 0.39130000000000004, 0.367418700047709, '00:52']
[7, 1.7781476974487305, 1.6186109781265259, 0.41920000314712524, 0.4192, 0.39255213806656825, '00:53']
[8, 1.7095757722854614, 1.5544674396514893, 0.4438999891281128, 0.4439, 0.43764112365102725, '00:52']
[9, 1.6887234449386597, 1.5659464597702026, 0.43700000643730164, 0.437, 0.41757314699310416, '00:52']
[10, 1.6371643543243408, 1.5059771537780762, 0.46380001306533813, 0.4638, 0.44791446606775054, '00:51']
[11, 1.581270456314087, 1.4436545372009277, 0.484499990940094, 0.4845, 0.479729192059822, '00:52']
[12, 1.53009033203125, 1.4387911558151245, 0.4909000098705292, 0.4909, 0.4843428348880551, '00:52']
[13, 1.5089882612228394, 1.3807485103607178, 0.5109999775886536, 0.511, 0.5060291020556976, '00:52']
[14, 1.493493676185608, 1.3938989639282227, 0.5037000179290771, 0.5037, 0.4889187562226689, '00:52']
[15, 1.4577418565750122, 1.3739805221557617, 0.5105000138282776, 0.5105, 0.5043462082128809, '01:15']
[16, 1.4157794713974, 1.3942787647247314, 0.5091999769210815, 0.5092, 0.5023150327053143, '00:52']
[17, 1.3882070779800415, 1.3509681224822998, 0.5187000036239624, 0.5186999999999999, 0.5096946887441588, '00:54']
[18, 1.3669414520263672, 1.3264179229736328, 0.529699981212616, 0.5297, 0.5221385318729153, '00:52']
[19, 1.3395042419433594, 1.3196357488632202, 0.5318999886512756, 0.5319, 0.5242198372886671, '00:52']
[20, 1.3102188110351562, 1.312331199645996, 0.5367000102996826, 0.5367000000000001, 0.5358374391289968, '00:52']
[21, 1.2787460088729858, 1.3049933910369873, 0.5406000018119812, 0.5406, 0.5362150684780451, '00:51']
[22, 1.277414321899414, 1.2986273765563965, 0.545799970626831, 0.5458000000000001, 0.5436642733127548, '00:52']
[23, 1.2595878839492798, 1.296375036239624, 0.5485000014305115, 0.5485, 0.5448915620846425, '00:52']
[24, 1.245607614517212, 1.2978196144104004, 0.5443000197410583, 0.5443, 0.5384333254781021, '00:52']
[25, 1.2304917573928833, 1.2933743000030518, 0.5478000044822693, 0.5478000000000001, 0.5422919936019226, '00:52']
[26, 1.2277686595916748, 1.289932370185852, 0.5490999817848206, 0.5491, 0.5452927218834555, '00:54']
[27, 1.2114683389663696, 1.2891502380371094, 0.5476999878883362, 0.5477000000000001, 0.5433999821326532, '00:52']
[28, 1.2128722667694092, 1.2890346050262451, 0.5493999719619751, 0.5494000000000001, 0.5450867529258063, '00:52']
[29, 1.221395492553711, 1.2887862920761108, 0.5493000149726868, 0.5492999999999999, 0.5448883371678508, '00:55']

Tiempo de entrenamiento: 1602.33 segundos
/mnt/homeGPU/haoweihu/TFG/lib/python3.10/site-packages/fastai/learner.py:455: UserWarning: load_learner` uses Python's insecure pickle module, which can execute malicious arbitrary code when loading. Only load files you trust.
If you only need to load model weights and optimizer state, use the safe `Learner.load` instead.
  warn("load_learner` uses Python's insecure pickle module, which can execute malicious arbitrary code when loading. Only load files you trust.\nIf you only need to load model weights and optimizer state, use the safe `Learner.load` instead.")
Loss: 1.2888
Accuracy: 0.5493
Recall: 0.5493
F1-Score: 0.5449
Loss: 1.303035855293274
Accuracy: 0.5348557829856873
Recall (macro): 0.5348453510895474
F1 Score (macro): 0.5288536722113404
---------------------------------------------------------------------------
Ejecutando: cifar_gray_80pct_deep
---------------------------------------------------------------------------
Número total de imágenes en entrenamiento: 32000
Número total de imágenes en validación: 10000

Clases: ['airplane', 'automobile', 'bird', 'cat', 'deer', 'dog', 'frog', 'horse', 'ship', 'truck']
[0, 2.2926533222198486, 2.2872438430786133, 0.17430000007152557, 0.17429999999999998, 0.07981358166287307, '00:58']
[1, 2.0866944789886475, 2.014962911605835, 0.2687000036239624, 0.2687, 0.247343059111008, '00:57']
[2, 1.9540284872055054, 1.8584516048431396, 0.3093000054359436, 0.30929999999999996, 0.286748314898713, '00:57']
[3, 1.8625751733779907, 1.780657410621643, 0.34450000524520874, 0.3445, 0.3198034319370726, '00:57']
[4, 1.779700517654419, 1.701582431793213, 0.38580000400543213, 0.38580000000000003, 0.3726351185167556, '00:57']
[5, 1.7347986698150635, 1.6542329788208008, 0.41260001063346863, 0.4126, 0.41090266684021365, '01:20']
[6, 1.6873605251312256, 1.5878492593765259, 0.42160001397132874, 0.42160000000000003, 0.4009580064046407, '00:57']
[7, 1.608756184577942, 1.529231309890747, 0.4503999948501587, 0.4504, 0.44182799991973437, '00:57']
[8, 1.5745902061462402, 1.4805095195770264, 0.4713999927043915, 0.47139999999999993, 0.4645555155197808, '00:57']
[9, 1.5356051921844482, 1.4739257097244263, 0.4767000079154968, 0.4767, 0.46691620271987955, '00:57']
[10, 1.4939993619918823, 1.4150291681289673, 0.5026000142097473, 0.5025999999999999, 0.48890887096279084, '00:58']
[11, 1.4645575284957886, 1.362180471420288, 0.5148000121116638, 0.5147999999999999, 0.5039272493472312, '00:57']
[12, 1.4096002578735352, 1.3523801565170288, 0.5187000036239624, 0.5187, 0.5117955834460828, '00:57']
[13, 1.383751630783081, 1.3503938913345337, 0.5195000171661377, 0.5195000000000001, 0.511497646876429, '00:57']
[14, 1.355381727218628, 1.3484094142913818, 0.5196999907493591, 0.5197, 0.5173247907757015, '00:57']
[15, 1.3226537704467773, 1.2995556592941284, 0.5407000184059143, 0.5407, 0.5385416357357056, '00:57']
[16, 1.2811031341552734, 1.311071753501892, 0.5364999771118164, 0.5365, 0.5250478258888689, '00:57']
[17, 1.2606544494628906, 1.2930140495300293, 0.5425999760627747, 0.5426, 0.5354488905087278, '01:00']
[18, 1.240657925605774, 1.2671759128570557, 0.5547000169754028, 0.5547, 0.5532758049954144, '01:00']
[19, 1.2245032787322998, 1.2741268873214722, 0.5498999953269958, 0.5498999999999999, 0.5461513949212415, '00:58']
[20, 1.1993483304977417, 1.2706512212753296, 0.5548999905586243, 0.5549, 0.5497442804845678, '01:31']
[21, 1.176617980003357, 1.2631357908248901, 0.5587999820709229, 0.5588, 0.5524529503131921, '01:12']
[22, 1.1547185182571411, 1.2653084993362427, 0.5584999918937683, 0.5585000000000001, 0.5577031288709043, '01:02']
[23, 1.139024019241333, 1.2548555135726929, 0.5604000091552734, 0.5604, 0.5512482457508758, '01:01']
[24, 1.1162368059158325, 1.2523475885391235, 0.5595999956130981, 0.5596000000000001, 0.5557706765218768, '01:01']
[25, 1.121248722076416, 1.2490718364715576, 0.5662999749183655, 0.5663, 0.5597858461545034, '01:02']
[26, 1.1278055906295776, 1.2464786767959595, 0.5648000240325928, 0.5648000000000001, 0.5599714683504049, '01:01']
[27, 1.0899171829223633, 1.2454291582107544, 0.5641000270843506, 0.5641, 0.5585544667159725, '01:01']
[28, 1.1024333238601685, 1.2453687191009521, 0.5645999908447266, 0.5646, 0.560557520396606, '01:05']
[29, 1.088531255722046, 1.2448748350143433, 0.5648999810218811, 0.5649, 0.5601829638355127, '01:05']

Tiempo de entrenamiento: 1848.58 segundos
/mnt/homeGPU/haoweihu/TFG/lib/python3.10/site-packages/fastai/learner.py:455: UserWarning: load_learner` uses Python's insecure pickle module, which can execute malicious arbitrary code when loading. Only load files you trust.
If you only need to load model weights and optimizer state, use the safe `Learner.load` instead.
  warn("load_learner` uses Python's insecure pickle module, which can execute malicious arbitrary code when loading. Only load files you trust.\nIf you only need to load model weights and optimizer state, use the safe `Learner.load` instead.")
Loss: 1.2449
Accuracy: 0.5649
Recall: 0.5649
F1-Score: 0.5602
Loss: 1.2489920854568481
Accuracy: 0.5666065812110901
Recall (macro): 0.5665481003724191
F1 Score (macro): 0.5613407615500786
---------------------------------------------------------------------------
Ejecutando: cifar_gray_90pct_deep
---------------------------------------------------------------------------
Número total de imágenes en entrenamiento: 36000
Número total de imágenes en validación: 10000

Clases: ['airplane', 'automobile', 'bird', 'cat', 'deer', 'dog', 'frog', 'horse', 'ship', 'truck']
[0, 2.263807535171509, 2.246968984603882, 0.16850000619888306, 0.1685, 0.09322665364995586, '01:08']
[1, 2.0973711013793945, 2.057081937789917, 0.24619999527931213, 0.24620000000000003, 0.2143378646607778, '01:07']
[2, 1.9274815320968628, 1.8621238470077515, 0.3321000039577484, 0.3321, 0.3102535034640485, '01:07']
[3, 1.848139762878418, 1.787898063659668, 0.351500004529953, 0.3515, 0.34601448692239417, '01:07']
[4, 1.8245776891708374, 1.7462718486785889, 0.3734999895095825, 0.3735, 0.3739811041502117, '01:07']
[5, 1.7209742069244385, 1.6288185119628906, 0.4115999937057495, 0.41159999999999997, 0.4021116443848697, '01:07']
[6, 1.6732003688812256, 1.603051781654358, 0.4309000074863434, 0.4309, 0.4208387384324851, '01:09']
[7, 1.6345263719558716, 1.57008695602417, 0.43849998712539673, 0.4385, 0.43863398456662006, '01:07']
[8, 1.5624496936798096, 1.5031154155731201, 0.4634999930858612, 0.46349999999999997, 0.45521636638844243, '01:43']
[9, 1.520067572593689, 1.469863772392273, 0.4742000102996826, 0.4742, 0.46251418074397216, '01:46']
[10, 1.4896079301834106, 1.451095700263977, 0.4860999882221222, 0.4861, 0.475462503967009, '02:25']
[11, 1.4470616579055786, 1.4215776920318604, 0.49470001459121704, 0.49470000000000003, 0.48704198185134373, '02:27']
[12, 1.4547702074050903, 1.4202061891555786, 0.4966000020503998, 0.49659999999999993, 0.48646574238219936, '02:27']
[13, 1.3706920146942139, 1.3701719045639038, 0.5123000144958496, 0.5123, 0.5124551797624336, '02:29']
[14, 1.315909743309021, 1.370273470878601, 0.5177000164985657, 0.5177, 0.518821926003847, '02:29']
[15, 1.3116563558578491, 1.3566179275512695, 0.5248000025749207, 0.5248, 0.5108268897007144, '02:30']
[16, 1.273979902267456, 1.334958553314209, 0.5299000144004822, 0.5299, 0.5317771927948047, '02:37']
[17, 1.2390908002853394, 1.350476861000061, 0.5318999886512756, 0.5319, 0.5255210215450653, '03:06']
[18, 1.229694128036499, 1.315251350402832, 0.5425000190734863, 0.5425, 0.5376174170370704, '02:46']
[19, 1.195682168006897, 1.3256324529647827, 0.5396999716758728, 0.5397000000000001, 0.5406785147384874, '02:28']
[20, 1.2103177309036255, 1.2966843843460083, 0.5504999756813049, 0.5505, 0.5467711395836184, '02:33']
[21, 1.1676236391067505, 1.2902029752731323, 0.5515000224113464, 0.5515000000000001, 0.5473138209892778, '02:43']
[22, 1.1481668949127197, 1.2944031953811646, 0.5544999837875366, 0.5545, 0.5533514373215265, '02:13']
[23, 1.1173555850982666, 1.291673183441162, 0.5529000163078308, 0.5529, 0.5492251172279269, '02:15']
[24, 1.110735535621643, 1.2880537509918213, 0.5547999739646912, 0.5548, 0.551836725390837, '01:58']
[25, 1.1061681509017944, 1.2872416973114014, 0.5551000237464905, 0.5551000000000001, 0.5529046096106958, '02:12']
[26, 1.078480839729309, 1.2891626358032227, 0.5533999800682068, 0.5534000000000001, 0.5515572790530114, '02:23']
[27, 1.0589687824249268, 1.2859638929367065, 0.5555999875068665, 0.5556, 0.5529102230244936, '02:22']
[28, 1.0760513544082642, 1.2851413488388062, 0.5573999881744385, 0.5574000000000001, 0.5542102945172721, '04:25']
[29, 1.0861625671386719, 1.2850086688995361, 0.5559999942779541, 0.5559999999999999, 0.5530684673989026, '03:02']

Tiempo de entrenamiento: 3872.42 segundos
/mnt/homeGPU/haoweihu/TFG/lib/python3.10/site-packages/fastai/learner.py:455: UserWarning: load_learner` uses Python's insecure pickle module, which can execute malicious arbitrary code when loading. Only load files you trust.
If you only need to load model weights and optimizer state, use the safe `Learner.load` instead.
  warn("load_learner` uses Python's insecure pickle module, which can execute malicious arbitrary code when loading. Only load files you trust.\nIf you only need to load model weights and optimizer state, use the safe `Learner.load` instead.")
Loss: 1.2850
Accuracy: 0.5560
Recall: 0.5560
F1-Score: 0.5531
Loss: 1.3065354824066162
Accuracy: 0.5496794581413269
Recall (macro): 0.5496431304605872
F1 Score (macro): 0.5472556541197411
mail: cannot send message: Process exited with a non-zero status
