---------------------------------------------------------------------------
Ejecutando: fmnist_10pct_deep
---------------------------------------------------------------------------
Número total de imágenes en entrenamiento: 4320
Número total de imágenes en validación: 10800

Clases: ['Ankle boot', 'Bag', 'Coat', 'Dress', 'Pullover', 'Sandal', 'Shirt', 'Sneaker', 'Trouser']
[0, 2.3014707565307617, 2.29350209236145, 0.14888888597488403, 0.14888888888888888, 0.0689480014927788, '00:56']
[1, 2.254718065261841, 2.139751672744751, 0.3722222149372101, 0.37222222222222223, 0.2624418920904584, '00:20']
[2, 1.8765363693237305, 1.335263967514038, 0.4198148250579834, 0.4198148148148148, 0.3123753763875101, '00:20']
[3, 1.5142251253128052, 1.0464363098144531, 0.5926851630210876, 0.5926851851851852, 0.5435224826906148, '00:20']
[4, 1.37904691696167, 0.9777773022651672, 0.5721296072006226, 0.5721296296296295, 0.49797802677486175, '00:20']
[5, 1.2953006029129028, 0.8952951431274414, 0.6338889002799988, 0.633888888888889, 0.6017973027946537, '00:20']
[6, 1.2395920753479004, 0.8719984292984009, 0.6638888716697693, 0.6638888888888889, 0.641154950109953, '00:20']
[7, 1.1980392932891846, 0.8175572156906128, 0.6917592883110046, 0.6917592592592593, 0.6597616014209806, '00:22']
[8, 1.1538617610931396, 0.857890784740448, 0.5957407355308533, 0.5957407407407407, 0.5197242579778025, '00:20']
[9, 1.1193671226501465, 0.7203266024589539, 0.7426851987838745, 0.7426851851851852, 0.7250669178710623, '00:20']
[10, 1.0725480318069458, 0.7039562463760376, 0.7276852130889893, 0.7276851851851851, 0.6921571991222749, '00:20']
[11, 1.0427879095077515, 0.6575841307640076, 0.7532407641410828, 0.7532407407407408, 0.7386511483602863, '00:20']
[12, 1.0212674140930176, 0.6584839224815369, 0.7781481742858887, 0.7781481481481481, 0.756911210174657, '00:20']
[13, 0.9863682389259338, 0.6291889548301697, 0.771574079990387, 0.7715740740740742, 0.751109218085483, '00:20']
[14, 0.9554145932197571, 0.5926610231399536, 0.7824074029922485, 0.7824074074074073, 0.7639299776903496, '00:20']
[15, 0.9361469149589539, 0.5909703373908997, 0.7975000143051147, 0.7974999999999999, 0.7902427730354676, '00:22']
[16, 0.9173076152801514, 0.5842313170433044, 0.7963888645172119, 0.7963888888888889, 0.7779595235588708, '00:20']
[17, 0.8970332145690918, 0.572494626045227, 0.7955555319786072, 0.7955555555555556, 0.7811635528804283, '00:20']
[18, 0.8810943365097046, 0.5559965372085571, 0.8007407188415527, 0.8007407407407409, 0.7861727440861729, '00:20']
[19, 0.8685089945793152, 0.5417468547821045, 0.8078703880310059, 0.8078703703703705, 0.7973748687998868, '00:20']
[20, 0.8430799245834351, 0.5705335140228271, 0.786481499671936, 0.7864814814814813, 0.767724971208766, '00:20']
[21, 0.8349151015281677, 0.5286513566970825, 0.8126851916313171, 0.8126851851851852, 0.799300146422691, '00:20']
[22, 0.8276969790458679, 0.5161404013633728, 0.8147222399711609, 0.8147222222222222, 0.8015064669675273, '00:20']
[23, 0.813615083694458, 0.522834062576294, 0.8133333325386047, 0.8133333333333334, 0.8014175753336491, '00:20']
[24, 0.8024837374687195, 0.5143309831619263, 0.8174999952316284, 0.8175, 0.8012297338794961, '00:38']
[25, 0.7977835536003113, 0.515092670917511, 0.8145370483398438, 0.814537037037037, 0.8019213211132531, '00:33']
[26, 0.7906367182731628, 0.5155660510063171, 0.8150925636291504, 0.8150925925925926, 0.8019556279347367, '00:31']
[27, 0.7885530591011047, 0.5115970969200134, 0.8164814710617065, 0.8164814814814814, 0.8016325421893331, '00:20']
[28, 0.78475421667099, 0.5092916488647461, 0.8172222375869751, 0.8172222222222222, 0.8033607058160324, '00:20']
[29, 0.7835321426391602, 0.5092208385467529, 0.8175926208496094, 0.8175925925925925, 0.8036838423770474, '00:20']

Tiempo de entrenamiento: 697.05 segundos
/mnt/homeGPU/haoweihu/TFG/lib/python3.10/site-packages/fastai/learner.py:455: UserWarning: load_learner` uses Python's insecure pickle module, which can execute malicious arbitrary code when loading. Only load files you trust.
If you only need to load model weights and optimizer state, use the safe `Learner.load` instead.
  warn("load_learner` uses Python's insecure pickle module, which can execute malicious arbitrary code when loading. Only load files you trust.\nIf you only need to load model weights and optimizer state, use the safe `Learner.load` instead.")
Loss: 0.5092
Accuracy: 0.8176
Recall: 0.8176
F1-Score: 0.8037
Loss: 2.467839479446411
Accuracy: 0.7305688858032227
Recall (macro): 0.7306759960629483
F1 Score (macro): 0.6957073092955118
---------------------------------------------------------------------------
Ejecutando: fmnist_20pct_deep
---------------------------------------------------------------------------
Número total de imágenes en entrenamiento: 8640
Número total de imágenes en validación: 10800

Clases: ['Ankle boot', 'Bag', 'Coat', 'Dress', 'Pullover', 'Sandal', 'Shirt', 'Sneaker', 'Trouser']
[0, 2.2743024826049805, 2.2414193153381348, 0.14787037670612335, 0.14787037037037037, 0.052191276572594106, '01:07']
[1, 1.8279716968536377, 1.3036648035049438, 0.4457407295703888, 0.44574074074074077, 0.3634387339077013, '00:30']
[2, 1.2842953205108643, 0.9420545697212219, 0.6016666889190674, 0.6016666666666667, 0.5498773644101634, '00:27']
[3, 1.1224114894866943, 0.8043795228004456, 0.676203727722168, 0.6762037037037038, 0.6321974775587036, '00:26']
[4, 1.0376375913619995, 0.6917812824249268, 0.7406481504440308, 0.7406481481481481, 0.7358590774316806, '00:26']
[5, 0.9747042655944824, 0.666725754737854, 0.7459259033203125, 0.7459259259259259, 0.7308833905869354, '00:26']
[6, 0.9189922213554382, 0.6669173240661621, 0.7567592859268188, 0.7567592592592592, 0.7446325134429672, '00:26']
[7, 0.8623687624931335, 0.5769361257553101, 0.7884259223937988, 0.7884259259259259, 0.7784846948895727, '00:26']
[8, 0.8287516832351685, 0.5269717574119568, 0.8105555772781372, 0.8105555555555556, 0.8032165446525312, '00:26']
[9, 0.7697538137435913, 0.5224881768226624, 0.8025925755500793, 0.8025925925925925, 0.7958712707933179, '00:26']
[10, 0.7494770884513855, 0.4750812351703644, 0.8185185194015503, 0.8185185185185185, 0.8139375987742455, '00:26']
[11, 0.722237765789032, 0.45526716113090515, 0.8318518400192261, 0.8318518518518518, 0.8261619817209693, '00:26']
[12, 0.696280300617218, 0.4295881688594818, 0.8354629874229431, 0.835462962962963, 0.8278304920905968, '00:26']
[13, 0.6782260537147522, 0.4558466672897339, 0.822685182094574, 0.8226851851851852, 0.8099837008220943, '00:27']
[14, 0.6530805230140686, 0.41311201453208923, 0.846666693687439, 0.8466666666666667, 0.8425503233451173, '00:26']
[15, 0.6363014578819275, 0.42707741260528564, 0.8392592668533325, 0.8392592592592593, 0.8347699831551292, '00:26']
[16, 0.596319317817688, 0.42283710837364197, 0.8350926041603088, 0.8350925925925926, 0.8266541647941743, '00:26']
[17, 0.5973865389823914, 0.40959107875823975, 0.8435184955596924, 0.8435185185185186, 0.8346106539092419, '00:28']
[18, 0.5884652733802795, 0.4070526361465454, 0.8443518280982971, 0.8443518518518519, 0.8391128296326076, '00:26']
[19, 0.5788276195526123, 0.3911527097225189, 0.8545370101928711, 0.8545370370370371, 0.8522700212873482, '00:26']
[20, 0.5524228811264038, 0.3728269338607788, 0.8554629683494568, 0.855462962962963, 0.8503061954590032, '00:26']
[21, 0.5408042669296265, 0.3703177869319916, 0.8539814949035645, 0.8539814814814816, 0.8481190618866349, '00:28']
[22, 0.5297740697860718, 0.37105655670166016, 0.8543518781661987, 0.8543518518518519, 0.8490691727653549, '00:37']
[23, 0.5213017463684082, 0.3834044635295868, 0.8517592549324036, 0.8517592592592593, 0.8444004370047127, '00:26']
[24, 0.5182545185089111, 0.37796637415885925, 0.8545370101928711, 0.8545370370370371, 0.8487922330023552, '00:26']
[25, 0.5003633499145508, 0.37168654799461365, 0.8566666841506958, 0.8566666666666668, 0.8509463182746919, '00:28']
[26, 0.4919350743293762, 0.3660363554954529, 0.8593518733978271, 0.8593518518518519, 0.8537694112161522, '00:27']
[27, 0.4922041594982147, 0.36617833375930786, 0.8586111068725586, 0.8586111111111112, 0.8531133762443055, '00:26']
[28, 0.48956456780433655, 0.3658699691295624, 0.8583333492279053, 0.8583333333333333, 0.8529676720596449, '00:26']
[29, 0.4842897057533264, 0.36612454056739807, 0.8581481575965881, 0.8581481481481483, 0.8526705556623868, '00:26']

Tiempo de entrenamiento: 859.51 segundos
/mnt/homeGPU/haoweihu/TFG/lib/python3.10/site-packages/fastai/learner.py:455: UserWarning: load_learner` uses Python's insecure pickle module, which can execute malicious arbitrary code when loading. Only load files you trust.
If you only need to load model weights and optimizer state, use the safe `Learner.load` instead.
  warn("load_learner` uses Python's insecure pickle module, which can execute malicious arbitrary code when loading. Only load files you trust.\nIf you only need to load model weights and optimizer state, use the safe `Learner.load` instead.")
Loss: 0.3661
Accuracy: 0.8581
Recall: 0.8581
F1-Score: 0.8527
Loss: 2.6194210052490234
Accuracy: 0.7660256624221802
Recall (macro): 0.7660969026521653
F1 Score (macro): 0.7361042779796566
---------------------------------------------------------------------------
Ejecutando: fmnist_30pct_deep
---------------------------------------------------------------------------
Número total de imágenes en entrenamiento: 12960
Número total de imágenes en validación: 10800

Clases: ['Ankle boot', 'Bag', 'Coat', 'Dress', 'Pullover', 'Sandal', 'Shirt', 'Sneaker', 'Trouser']
[0, 2.212362766265869, 2.112525701522827, 0.318796306848526, 0.3187962962962963, 0.21227659390649867, '01:22']
[1, 1.359554409980774, 1.004938006401062, 0.5889815092086792, 0.5889814814814814, 0.5521904712193605, '00:32']
[2, 1.0774463415145874, 0.8385800719261169, 0.6758333444595337, 0.6758333333333333, 0.6510808244754028, '00:34']
[3, 0.9986140131950378, 0.7436636686325073, 0.6984259486198425, 0.6984259259259259, 0.6744905970047319, '00:32']
[4, 0.9267893433570862, 0.6486032605171204, 0.7459259033203125, 0.7459259259259259, 0.7360520269211785, '00:32']
[5, 0.8527356386184692, 0.667967677116394, 0.7355555295944214, 0.7355555555555555, 0.7078597658781942, '00:32']
[6, 0.7976841330528259, 0.5663927793502808, 0.7900000214576721, 0.7899999999999999, 0.7654302730109843, '00:32']
[7, 0.7418697476387024, 0.5241854786872864, 0.7991666793823242, 0.7991666666666667, 0.7900998657194781, '00:32']
[8, 0.7024042010307312, 0.5115780234336853, 0.8020370602607727, 0.8020370370370371, 0.7978871087827566, '00:32']
[9, 0.6670604348182678, 0.4814651608467102, 0.8127777576446533, 0.8127777777777777, 0.810496072468312, '00:32']
[10, 0.6405695080757141, 0.43895968794822693, 0.8217592835426331, 0.8217592592592592, 0.8142235769881633, '00:34']
[11, 0.6207776069641113, 0.42468899488449097, 0.8406481742858887, 0.8406481481481481, 0.8403830070785873, '00:33']
[12, 0.5890951752662659, 0.4206242859363556, 0.8343518376350403, 0.8343518518518518, 0.8302601733469024, '00:32']
[13, 0.5759714841842651, 0.39817097783088684, 0.8481481671333313, 0.8481481481481482, 0.84365197516976, '00:32']
[14, 0.5488476157188416, 0.39007142186164856, 0.8536111116409302, 0.853611111111111, 0.8509449460269431, '00:34']
[15, 0.5168581604957581, 0.3660126030445099, 0.8552777767181396, 0.8552777777777777, 0.8474366509244431, '00:32']
[16, 0.49848854541778564, 0.362851619720459, 0.8602777719497681, 0.8602777777777777, 0.855724794758641, '00:34']
[17, 0.5038224458694458, 0.36510422825813293, 0.8598148226737976, 0.8598148148148149, 0.8548274034823966, '00:32']
[18, 0.4857918620109558, 0.34843453764915466, 0.8694444298744202, 0.8694444444444444, 0.8679825171152866, '00:33']
[19, 0.4591509997844696, 0.3428426682949066, 0.866944432258606, 0.8669444444444445, 0.8612104003335181, '00:41']
[20, 0.4566846191883087, 0.32756292819976807, 0.8773148059844971, 0.8773148148148148, 0.8750812411193036, '00:32']
[21, 0.4413555860519409, 0.33642351627349854, 0.8719444274902344, 0.8719444444444444, 0.8668419019607407, '00:32']
[22, 0.4253595173358917, 0.3206038475036621, 0.879444420337677, 0.8794444444444445, 0.8762827300434122, '00:32']
[23, 0.41677093505859375, 0.3212040960788727, 0.8769444227218628, 0.8769444444444444, 0.8731843201183873, '00:32']
[24, 0.4149712026119232, 0.32205864787101746, 0.877407431602478, 0.8774074074074074, 0.8745236285260731, '00:32']
[25, 0.40518179535865784, 0.31771281361579895, 0.8787037134170532, 0.8787037037037037, 0.875573359730982, '00:32']
[26, 0.41460853815078735, 0.3180193603038788, 0.8803703784942627, 0.8803703703703704, 0.8777614749214644, '00:32']
[27, 0.4110332131385803, 0.315412700176239, 0.8799999952316284, 0.88, 0.8768267930110353, '00:32']
[28, 0.39708375930786133, 0.31360647082328796, 0.8812037110328674, 0.8812037037037036, 0.8788595122457729, '00:35']
[29, 0.3968167304992676, 0.3135896623134613, 0.8813889026641846, 0.8813888888888888, 0.8791600375193052, '00:34']

Tiempo de entrenamiento: 1043.73 segundos
/mnt/homeGPU/haoweihu/TFG/lib/python3.10/site-packages/fastai/learner.py:455: UserWarning: load_learner` uses Python's insecure pickle module, which can execute malicious arbitrary code when loading. Only load files you trust.
If you only need to load model weights and optimizer state, use the safe `Learner.load` instead.
  warn("load_learner` uses Python's insecure pickle module, which can execute malicious arbitrary code when loading. Only load files you trust.\nIf you only need to load model weights and optimizer state, use the safe `Learner.load` instead.")
Loss: 0.3136
Accuracy: 0.8814
Recall: 0.8814
F1-Score: 0.8792
Loss: 3.036280393600464
Accuracy: 0.7879607081413269
Recall (macro): 0.78808778380236
F1 Score (macro): 0.7573552571642331
---------------------------------------------------------------------------
Ejecutando: fmnist_40pct_deep
---------------------------------------------------------------------------
Número total de imágenes en entrenamiento: 17280
Número total de imágenes en validación: 10800

Clases: ['Ankle boot', 'Bag', 'Coat', 'Dress', 'Pullover', 'Sandal', 'Shirt', 'Sneaker', 'Trouser']
[0, 2.0844006538391113, 1.9251844882965088, 0.4001851975917816, 0.4001851851851852, 0.29024702005060576, '01:21']
[1, 1.1761524677276611, 0.9453009963035583, 0.5902777910232544, 0.5902777777777777, 0.5589620267199235, '00:38']
[2, 0.951335072517395, 0.731088399887085, 0.7175925970077515, 0.7175925925925926, 0.7204944866400318, '00:38']
[3, 0.8290302157402039, 0.651738166809082, 0.7397222518920898, 0.7397222222222222, 0.7224987346226491, '00:38']
[4, 0.7579724788665771, 0.5850882530212402, 0.7564814686775208, 0.7564814814814815, 0.7554202793151905, '00:38']
[5, 0.7206305265426636, 0.5463835000991821, 0.7816666960716248, 0.7816666666666667, 0.7754691890479652, '00:38']
[6, 0.6617768406867981, 0.5128313899040222, 0.8054629564285278, 0.8054629629629629, 0.790387994949637, '00:40']
[7, 0.6029641032218933, 0.47364330291748047, 0.8230555653572083, 0.8230555555555555, 0.8068901390101083, '00:38']
[8, 0.5629794001579285, 0.40993180871009827, 0.8474074006080627, 0.8474074074074074, 0.8417594638323013, '00:38']
[9, 0.5212592482566833, 0.3865385055541992, 0.853518545627594, 0.8535185185185186, 0.8505296256152485, '00:38']
[10, 0.5054222941398621, 0.3838633894920349, 0.8521296381950378, 0.8521296296296296, 0.8496143257573258, '00:43']
[11, 0.46420353651046753, 0.356857568025589, 0.863611102104187, 0.8636111111111111, 0.8600960898038337, '00:46']
[12, 0.4589736759662628, 0.35708528757095337, 0.862500011920929, 0.8625, 0.8575841820009062, '00:38']
[13, 0.4324703514575958, 0.3423563838005066, 0.8664814829826355, 0.8664814814814815, 0.8599367019511949, '00:38']
[14, 0.40313926339149475, 0.3259749114513397, 0.8770370483398438, 0.8770370370370372, 0.8747387852867982, '00:38']
[15, 0.39919865131378174, 0.33342471718788147, 0.8788889050483704, 0.8788888888888888, 0.8777843351424198, '00:38']
[16, 0.40155062079429626, 0.33297568559646606, 0.8761110901832581, 0.8761111111111111, 0.8756826701465675, '00:38']
[17, 0.36781683564186096, 0.3102952539920807, 0.8843518495559692, 0.8843518518518518, 0.8833259608182051, '00:38']
[18, 0.36460885405540466, 0.3130485415458679, 0.8821296095848083, 0.8821296296296297, 0.8795209343603563, '00:38']
[19, 0.34867483377456665, 0.31288397312164307, 0.8791666626930237, 0.8791666666666667, 0.8768598388454862, '00:38']
[20, 0.3424763083457947, 0.29366153478622437, 0.894444465637207, 0.8944444444444445, 0.8937106441052696, '00:38']
[21, 0.3185119926929474, 0.2953643798828125, 0.8912962675094604, 0.8912962962962963, 0.8901583802904097, '00:38']
[22, 0.32394522428512573, 0.31164833903312683, 0.8802777528762817, 0.8802777777777777, 0.8764188387106697, '00:38']
[23, 0.2935994863510132, 0.2917579114437103, 0.8958333134651184, 0.8958333333333334, 0.8953279924640967, '00:38']
[24, 0.2923615574836731, 0.2871078550815582, 0.8946296572685242, 0.8946296296296298, 0.894112524760058, '00:38']
[25, 0.29026293754577637, 0.2861585319042206, 0.8967592716217041, 0.8967592592592593, 0.8956503880763714, '00:40']
[26, 0.2856527268886566, 0.2855406701564789, 0.896481454372406, 0.8964814814814814, 0.8958963444627326, '00:38']
[27, 0.28216901421546936, 0.2844804525375366, 0.8982407450675964, 0.8982407407407407, 0.8975733115595406, '00:38']
[28, 0.28379303216934204, 0.28407028317451477, 0.8982407450675964, 0.8982407407407407, 0.8976916619925573, '00:37']
[29, 0.2831819951534271, 0.28429335355758667, 0.8982407450675964, 0.8982407407407407, 0.8976213886598564, '00:38']

Tiempo de entrenamiento: 1209.26 segundos
/mnt/homeGPU/haoweihu/TFG/lib/python3.10/site-packages/fastai/learner.py:455: UserWarning: load_learner` uses Python's insecure pickle module, which can execute malicious arbitrary code when loading. Only load files you trust.
If you only need to load model weights and optimizer state, use the safe `Learner.load` instead.
  warn("load_learner` uses Python's insecure pickle module, which can execute malicious arbitrary code when loading. Only load files you trust.\nIf you only need to load model weights and optimizer state, use the safe `Learner.load` instead.")
Loss: 0.2843
Accuracy: 0.8982
Recall: 0.8982
F1-Score: 0.8976
Loss: 2.6879920959472656
Accuracy: 0.8090945482254028
Recall (macro): 0.8091476931014709
F1 Score (macro): 0.7785376416386816
---------------------------------------------------------------------------
Ejecutando: fmnist_50pct_deep
---------------------------------------------------------------------------
Número total de imágenes en entrenamiento: 21600
Número total de imágenes en validación: 10800

Clases: ['Ankle boot', 'Bag', 'Coat', 'Dress', 'Pullover', 'Sandal', 'Shirt', 'Sneaker', 'Trouser']
[0, 1.972575068473816, 1.7435593605041504, 0.5039814710617065, 0.5039814814814815, 0.45579570451177137, '01:45']
[1, 1.0289939641952515, 0.8414509892463684, 0.664722204208374, 0.6647222222222222, 0.6323669941496753, '00:43']
[2, 0.8690081834793091, 0.691349983215332, 0.7162036895751953, 0.7162037037037038, 0.6845586553228082, '00:47']
[3, 0.7672419548034668, 0.5947356820106506, 0.7679629921913147, 0.767962962962963, 0.7590217585967521, '00:43']
[4, 0.6654803156852722, 0.5087677240371704, 0.8030555844306946, 0.8030555555555555, 0.7997287778420785, '00:43']
[5, 0.5965879559516907, 0.48955056071281433, 0.8125, 0.8125, 0.8002377650132441, '00:44']
[6, 0.5596374869346619, 0.4276956617832184, 0.8364814519882202, 0.8364814814814814, 0.8297640971817418, '00:47']
[7, 0.5139614343643188, 0.40752825140953064, 0.835277795791626, 0.8352777777777778, 0.8277622005385562, '00:43']
[8, 0.4890146851539612, 0.39080554246902466, 0.8568518757820129, 0.8568518518518518, 0.8561653071357408, '00:44']
[9, 0.4470369219779968, 0.331327885389328, 0.8761110901832581, 0.8761111111111112, 0.8744254327576928, '00:44']
[10, 0.44121164083480835, 0.3253365755081177, 0.8856481313705444, 0.8856481481481482, 0.8844638266492084, '01:09']
[11, 0.4000006318092346, 0.3218815326690674, 0.8793518543243408, 0.8793518518518518, 0.8763885383521387, '01:00']
[12, 0.3874799907207489, 0.3066794276237488, 0.8915740847587585, 0.891574074074074, 0.8908154313081068, '00:43']
[13, 0.3771636188030243, 0.2959054112434387, 0.8978703618049622, 0.8978703703703703, 0.8972684221396923, '00:43']
[14, 0.35776323080062866, 0.285430908203125, 0.9035184979438782, 0.9035185185185186, 0.9032269569459044, '00:44']
[15, 0.3509732484817505, 0.2819567918777466, 0.9004629850387573, 0.9004629629629629, 0.8994323282560617, '00:43']
[16, 0.3316587805747986, 0.2798646092414856, 0.8997222185134888, 0.8997222222222222, 0.8994026667225484, '00:46']
[17, 0.32128486037254333, 0.27405211329460144, 0.9036111235618591, 0.9036111111111111, 0.9029603934356198, '00:44']
[18, 0.30819475650787354, 0.2694786787033081, 0.9049999713897705, 0.9049999999999999, 0.9045120145328078, '00:44']
[19, 0.29758861660957336, 0.26978570222854614, 0.9050925970077515, 0.9050925925925927, 0.9042218974392665, '00:44']
[20, 0.26824888586997986, 0.2664954662322998, 0.9079629778862, 0.907962962962963, 0.9075718351226636, '00:44']
[21, 0.26234856247901917, 0.2665875554084778, 0.9074074029922485, 0.9074074074074073, 0.9066379102671311, '00:44']
[22, 0.266266793012619, 0.25813522934913635, 0.9127777814865112, 0.9127777777777778, 0.9125572075753825, '00:44']
[23, 0.25899434089660645, 0.2670217454433441, 0.9077777862548828, 0.9077777777777778, 0.9067713082219814, '00:45']
[24, 0.2536237835884094, 0.25589796900749207, 0.9121296405792236, 0.9121296296296296, 0.9116699894072854, '00:43']
[25, 0.23745737969875336, 0.25450223684310913, 0.9134259223937988, 0.9134259259259259, 0.9131229252023579, '01:15']
[26, 0.23224280774593353, 0.2546667158603668, 0.9151852130889893, 0.9151851851851851, 0.9148337453173873, '00:54']
[27, 0.23184578120708466, 0.25293517112731934, 0.9146296381950378, 0.9146296296296297, 0.91437578159256, '00:44']
[28, 0.22341592609882355, 0.2533460259437561, 0.9150925874710083, 0.9150925925925927, 0.9148532954741982, '00:44']
[29, 0.23197779059410095, 0.25335264205932617, 0.9150925874710083, 0.9150925925925927, 0.9148491780152234, '00:44']

Tiempo de entrenamiento: 1478.21 segundos
/mnt/homeGPU/haoweihu/TFG/lib/python3.10/site-packages/fastai/learner.py:455: UserWarning: load_learner` uses Python's insecure pickle module, which can execute malicious arbitrary code when loading. Only load files you trust.
If you only need to load model weights and optimizer state, use the safe `Learner.load` instead.
  warn("load_learner` uses Python's insecure pickle module, which can execute malicious arbitrary code when loading. Only load files you trust.\nIf you only need to load model weights and optimizer state, use the safe `Learner.load` instead.")
Loss: 0.2534
Accuracy: 0.9151
Recall: 0.9151
F1-Score: 0.9148
Loss: 3.129944086074829
Accuracy: 0.8200120329856873
Recall (macro): 0.8199945620822975
F1 Score (macro): 0.7893386560279536
---------------------------------------------------------------------------
Ejecutando: fmnist_60pct_deep
---------------------------------------------------------------------------
Número total de imágenes en entrenamiento: 25920
Número total de imágenes en validación: 10800

Clases: ['Ankle boot', 'Bag', 'Coat', 'Dress', 'Pullover', 'Sandal', 'Shirt', 'Sneaker', 'Trouser']
[0, 1.7078970670700073, 1.4562231302261353, 0.5088889002799988, 0.508888888888889, 0.42691604592529314, '02:01']
[1, 0.9393543601036072, 0.7926915287971497, 0.6869444251060486, 0.6869444444444445, 0.6738069086431852, '00:50']
[2, 0.7620807886123657, 0.6587074398994446, 0.7286111116409302, 0.7286111111111111, 0.7117829204493342, '00:49']
[3, 0.667526364326477, 0.5754454731941223, 0.7741666436195374, 0.7741666666666666, 0.7530363544694858, '00:49']
[4, 0.6209388971328735, 0.5011298060417175, 0.8020370602607727, 0.8020370370370371, 0.7943480438814196, '00:52']
[5, 0.569210946559906, 0.4606003165245056, 0.827129602432251, 0.8271296296296295, 0.8214745105269728, '00:50']
[6, 0.4849364161491394, 0.3972492516040802, 0.8518518805503845, 0.851851851851852, 0.8506282853036384, '00:49']
[7, 0.4397446811199188, 0.36296752095222473, 0.8588888645172119, 0.8588888888888888, 0.8537660341327797, '00:50']
[8, 0.39863210916519165, 0.3371830880641937, 0.8810185194015503, 0.8810185185185185, 0.8804300766343336, '00:49']
[9, 0.3995803892612457, 0.33017581701278687, 0.8833333253860474, 0.8833333333333333, 0.8837366463781756, '00:49']
[10, 0.36301061511039734, 0.33165666460990906, 0.8711110949516296, 0.8711111111111111, 0.8711030017827301, '00:50']
[11, 0.3397645950317383, 0.2956601083278656, 0.8916666507720947, 0.8916666666666667, 0.8912725847143516, '00:50']
[12, 0.3302382528781891, 0.2755892276763916, 0.9004629850387573, 0.9004629629629629, 0.900011946155398, '00:50']
[13, 0.31797629594802856, 0.27264392375946045, 0.9013888835906982, 0.901388888888889, 0.9007745271198438, '00:49']
[14, 0.30267858505249023, 0.2774908244609833, 0.8956481218338013, 0.8956481481481481, 0.895154957868557, '00:51']
[15, 0.27832669019699097, 0.25618427991867065, 0.9062036871910095, 0.9062037037037037, 0.9056894312115311, '00:49']
[16, 0.2828972041606903, 0.2517174482345581, 0.9077777862548828, 0.9077777777777778, 0.9076959378053551, '00:50']
[17, 0.26110243797302246, 0.2353113889694214, 0.9167592525482178, 0.9167592592592594, 0.9165534821967368, '00:50']
[18, 0.2550334632396698, 0.24561496078968048, 0.9093518257141113, 0.909351851851852, 0.9087309120009972, '00:50']
[19, 0.23565372824668884, 0.2346154749393463, 0.9175925850868225, 0.9175925925925925, 0.9178093720822793, '00:50']
[20, 0.23357388377189636, 0.2378392219543457, 0.9173148274421692, 0.9173148148148148, 0.9170095016751996, '00:50']
[21, 0.22857840359210968, 0.23569346964359283, 0.9153703451156616, 0.9153703703703704, 0.9149165254695509, '00:51']
[22, 0.21230195462703705, 0.23626355826854706, 0.9166666865348816, 0.9166666666666666, 0.9162667494346824, '00:49']
[23, 0.20309431850910187, 0.227133110165596, 0.9224073886871338, 0.9224074074074073, 0.9224653683472042, '00:49']
[24, 0.19259928166866302, 0.23693785071372986, 0.9175000190734863, 0.9175, 0.9170186529788695, '00:51']
[25, 0.1925089806318283, 0.22576230764389038, 0.9220370650291443, 0.9220370370370371, 0.9219009693861765, '00:50']
[26, 0.19160860776901245, 0.22775684297084808, 0.920462965965271, 0.920462962962963, 0.9203293014659857, '00:50']
[27, 0.18405891954898834, 0.22485026717185974, 0.9227777719497681, 0.9227777777777777, 0.9226914484496097, '00:50']
[28, 0.18460766971111298, 0.225881889462471, 0.9218518733978271, 0.9218518518518519, 0.9216510237930832, '00:50']
[29, 0.17947959899902344, 0.2253420203924179, 0.9219444394111633, 0.9219444444444446, 0.9217651439991327, '00:50']

Tiempo de entrenamiento: 1580.94 segundos
/mnt/homeGPU/haoweihu/TFG/lib/python3.10/site-packages/fastai/learner.py:455: UserWarning: load_learner` uses Python's insecure pickle module, which can execute malicious arbitrary code when loading. Only load files you trust.
If you only need to load model weights and optimizer state, use the safe `Learner.load` instead.
  warn("load_learner` uses Python's insecure pickle module, which can execute malicious arbitrary code when loading. Only load files you trust.\nIf you only need to load model weights and optimizer state, use the safe `Learner.load` instead.")
Loss: 0.2253
Accuracy: 0.9219
Recall: 0.9219
F1-Score: 0.9218
Loss: 2.7471296787261963
Accuracy: 0.8257211446762085
Recall (macro): 0.8256712454263389
F1 Score (macro): 0.7947718455022185
---------------------------------------------------------------------------
Ejecutando: fmnist_70pct_deep
---------------------------------------------------------------------------
Número total de imágenes en entrenamiento: 30240
Número total de imágenes en validación: 10800

Clases: ['Ankle boot', 'Bag', 'Coat', 'Dress', 'Pullover', 'Sandal', 'Shirt', 'Sneaker', 'Trouser']
[0, 1.6540418863296509, 1.380232810974121, 0.5087962746620178, 0.5087962962962963, 0.4038947264531705, '02:51']
[1, 0.9141284823417664, 0.8257876038551331, 0.6696296334266663, 0.6696296296296296, 0.6422641730963377, '00:57']
[2, 0.7832255363464355, 0.6955662369728088, 0.7229629755020142, 0.7229629629629629, 0.7060486760245545, '00:57']
[3, 0.6671149730682373, 0.5683602094650269, 0.7825925946235657, 0.7825925925925926, 0.7718683018464907, '00:55']
[4, 0.5752989649772644, 0.5099102854728699, 0.8054629564285278, 0.8054629629629629, 0.8025480371590894, '00:56']
[5, 0.5169841051101685, 0.45247969031333923, 0.8251851797103882, 0.8251851851851852, 0.813167345863448, '00:55']
[6, 0.47785133123397827, 0.4050529897212982, 0.8413888812065125, 0.841388888888889, 0.8370422986790187, '00:56']
[7, 0.4246425926685333, 0.41176745295524597, 0.8490740656852722, 0.8490740740740742, 0.8476894825893847, '00:55']
[8, 0.399524062871933, 0.33365148305892944, 0.8816666603088379, 0.8816666666666667, 0.8814628841824326, '00:57']
[9, 0.39109766483306885, 0.3303280472755432, 0.8800926208496094, 0.8800925925925926, 0.8800294802449464, '00:55']
[10, 0.3634759783744812, 0.32651570439338684, 0.8767592310905457, 0.8767592592592592, 0.8768092011317891, '00:57']
[11, 0.3398294746875763, 0.3432460427284241, 0.8697222471237183, 0.8697222222222223, 0.8693799080884054, '01:06']
[12, 0.3181173503398895, 0.2990669906139374, 0.8933333158493042, 0.8933333333333334, 0.8924470992438595, '00:55']
[13, 0.31086382269859314, 0.2879389226436615, 0.8975926041603088, 0.8975925925925926, 0.8978880122613463, '00:56']
[14, 0.28988930583000183, 0.290223628282547, 0.8960185050964355, 0.8960185185185185, 0.8953527313164074, '00:56']
[15, 0.2779370844364166, 0.28645002841949463, 0.8991666436195374, 0.8991666666666666, 0.8996334504944085, '00:56']
[16, 0.2744714021682739, 0.2947256863117218, 0.8928703665733337, 0.8928703703703703, 0.8918252549187446, '01:21']
[17, 0.2723104655742645, 0.2689646780490875, 0.9071296453475952, 0.9071296296296296, 0.9069399528713797, '00:56']
[18, 0.24922911822795868, 0.2747628092765808, 0.902222216129303, 0.9022222222222224, 0.9019004516678959, '01:19']
[19, 0.24884209036827087, 0.2691810131072998, 0.9063888788223267, 0.9063888888888889, 0.9063177035027827, '00:56']
[20, 0.2237573266029358, 0.2693834602832794, 0.9089815020561218, 0.9089814814814816, 0.9090054826423235, '00:56']
[21, 0.23140867054462433, 0.26331275701522827, 0.9084259271621704, 0.908425925925926, 0.9082261586357946, '00:56']
[22, 0.2103240042924881, 0.2679782807826996, 0.9088888764381409, 0.9088888888888889, 0.9089998719179749, '00:55']
[23, 0.1952190101146698, 0.2665761113166809, 0.9075000286102295, 0.9075000000000001, 0.9075110371758378, '01:22']
[24, 0.20039574801921844, 0.26298677921295166, 0.9110184907913208, 0.9110185185185186, 0.9108962700208045, '00:56']
[25, 0.19373121857643127, 0.26157528162002563, 0.9118518233299255, 0.9118518518518519, 0.9117584588807939, '00:56']
[26, 0.19347891211509705, 0.26202550530433655, 0.911481499671936, 0.9114814814814814, 0.9114062801745789, '00:56']
[27, 0.18381145596504211, 0.26308199763298035, 0.912407398223877, 0.9124074074074073, 0.9122574807488211, '00:56']
[28, 0.16836975514888763, 0.26273632049560547, 0.9118518233299255, 0.9118518518518519, 0.9117264727834606, '00:56']
[29, 0.18130546808242798, 0.26247677206993103, 0.9118518233299255, 0.9118518518518519, 0.9117402805669504, '00:55']

Tiempo de entrenamiento: 1888.28 segundos
/mnt/homeGPU/haoweihu/TFG/lib/python3.10/site-packages/fastai/learner.py:455: UserWarning: load_learner` uses Python's insecure pickle module, which can execute malicious arbitrary code when loading. Only load files you trust.
If you only need to load model weights and optimizer state, use the safe `Learner.load` instead.
  warn("load_learner` uses Python's insecure pickle module, which can execute malicious arbitrary code when loading. Only load files you trust.\nIf you only need to load model weights and optimizer state, use the safe `Learner.load` instead.")
Loss: 0.2625
Accuracy: 0.9119
Recall: 0.9119
F1-Score: 0.9117
Loss: 3.0980868339538574
Accuracy: 0.8213140964508057
Recall (macro): 0.8213711947524205
F1 Score (macro): 0.7905491611608757
---------------------------------------------------------------------------
Ejecutando: fmnist_80pct_deep
---------------------------------------------------------------------------
Número total de imágenes en entrenamiento: 34560
Número total de imágenes en validación: 10800

Clases: ['Ankle boot', 'Bag', 'Coat', 'Dress', 'Pullover', 'Sandal', 'Shirt', 'Sneaker', 'Trouser']
[0, 1.444738745689392, 1.235474705696106, 0.5799074172973633, 0.5799074074074073, 0.5284523891606123, '02:39']
[1, 0.7904167175292969, 0.7201094031333923, 0.7178703546524048, 0.7178703703703703, 0.7135594368905553, '01:01']
[2, 0.6608631014823914, 0.6221935153007507, 0.7450925707817078, 0.7450925925925926, 0.7373386921752414, '01:01']
[3, 0.5834599137306213, 0.5427086353302002, 0.7879629731178284, 0.787962962962963, 0.7801449408450134, '01:01']
[4, 0.5264017581939697, 0.4627118706703186, 0.8227777481079102, 0.8227777777777777, 0.8213052350956881, '01:01']
[5, 0.4690849781036377, 0.4214233458042145, 0.8366666436195374, 0.8366666666666667, 0.8322502748969475, '01:01']
[6, 0.3948539197444916, 0.35771599411964417, 0.8709259033203125, 0.870925925925926, 0.8714674763987571, '01:01']
[7, 0.3944564163684845, 0.3187224566936493, 0.8876851797103882, 0.8876851851851852, 0.8873916908230066, '01:01']
[8, 0.3467318117618561, 0.32193300127983093, 0.8868518471717834, 0.8868518518518518, 0.8868125748225555, '01:01']
[9, 0.3468039333820343, 0.31506550312042236, 0.8810185194015503, 0.8810185185185184, 0.8796758723680027, '01:03']
[10, 0.3249507248401642, 0.2845107614994049, 0.8989814519882202, 0.8989814814814814, 0.8994491860024971, '01:01']
[11, 0.3066730797290802, 0.26161929965019226, 0.9060184955596924, 0.9060185185185186, 0.9058096284841289, '01:14']
[12, 0.2866041362285614, 0.2594347596168518, 0.9068518280982971, 0.9068518518518519, 0.9065566371740741, '01:31']
[13, 0.26644188165664673, 0.2602953016757965, 0.9044444561004639, 0.9044444444444443, 0.903959539853541, '01:01']
[14, 0.26134130358695984, 0.24871450662612915, 0.9088888764381409, 0.9088888888888889, 0.9086629798005341, '01:02']
[15, 0.25889837741851807, 0.2774698734283447, 0.8949074149131775, 0.8949074074074075, 0.8943748628122741, '01:03']
[16, 0.23782944679260254, 0.2528710663318634, 0.9084259271621704, 0.908425925925926, 0.9085564166648213, '01:01']
[17, 0.24148225784301758, 0.24660655856132507, 0.9117592573165894, 0.9117592592592594, 0.9118526872900709, '01:18']
[18, 0.2082473486661911, 0.24096481502056122, 0.9125925898551941, 0.9125925925925925, 0.912447026745129, '01:20']
[19, 0.20119886100292206, 0.23342886567115784, 0.9169444441795349, 0.9169444444444443, 0.9170308220495147, '01:27']
[20, 0.1990031749010086, 0.23551315069198608, 0.9165740609169006, 0.916574074074074, 0.9165735800111631, '01:07']
[21, 0.18279984593391418, 0.2359706461429596, 0.9181481599807739, 0.9181481481481482, 0.9179770050635194, '01:01']
[22, 0.1779160350561142, 0.23307152092456818, 0.9187963008880615, 0.9187962962962963, 0.9187144878227606, '01:02']
[23, 0.17493867874145508, 0.23925894498825073, 0.9164814949035645, 0.9164814814814815, 0.9166522988024166, '01:04']
[24, 0.1592455804347992, 0.23623329401016235, 0.9182407259941101, 0.9182407407407407, 0.9181597995598751, '01:03']
[25, 0.15194405615329742, 0.23523002862930298, 0.9199073910713196, 0.9199074074074074, 0.9198525465467058, '01:02']
[26, 0.15354076027870178, 0.23350436985492706, 0.9196296334266663, 0.9196296296296297, 0.9196875730571674, '01:01']
[27, 0.15528565645217896, 0.2328353077173233, 0.9199073910713196, 0.9199074074074074, 0.9199504255491708, '01:05']
[28, 0.153493270277977, 0.23214088380336761, 0.9205555319786072, 0.9205555555555556, 0.9205431872750357, '01:02']
[29, 0.1469985842704773, 0.23224741220474243, 0.921574056148529, 0.9215740740740741, 0.9215890786925939, '01:02']

Tiempo de entrenamiento: 2071.86 segundos
/mnt/homeGPU/haoweihu/TFG/lib/python3.10/site-packages/fastai/learner.py:455: UserWarning: load_learner` uses Python's insecure pickle module, which can execute malicious arbitrary code when loading. Only load files you trust.
If you only need to load model weights and optimizer state, use the safe `Learner.load` instead.
  warn("load_learner` uses Python's insecure pickle module, which can execute malicious arbitrary code when loading. Only load files you trust.\nIf you only need to load model weights and optimizer state, use the safe `Learner.load` instead.")
Loss: 0.2322
Accuracy: 0.9216
Recall: 0.9216
F1-Score: 0.9216
Loss: 2.855729341506958
Accuracy: 0.8248196840286255
Recall (macro): 0.8249497514108984
F1 Score (macro): 0.7947159070889827
---------------------------------------------------------------------------
Ejecutando: fmnist_90pct_deep
---------------------------------------------------------------------------
Número total de imágenes en entrenamiento: 38880
Número total de imágenes en validación: 10800

Clases: ['Ankle boot', 'Bag', 'Coat', 'Dress', 'Pullover', 'Sandal', 'Shirt', 'Sneaker', 'Trouser']
[0, 1.3392212390899658, 1.1713206768035889, 0.5404629707336426, 0.5404629629629629, 0.4507430084030459, '03:36']
[1, 0.8020418882369995, 0.7454146146774292, 0.7024074196815491, 0.7024074074074075, 0.6874547905415366, '01:13']
[2, 0.6629122495651245, 0.6331588625907898, 0.7441666722297668, 0.7441666666666666, 0.7332394165517382, '01:13']
[3, 0.5878283381462097, 0.5555024743080139, 0.7669444680213928, 0.7669444444444444, 0.7535153676464134, '01:07']
[4, 0.5044648051261902, 0.46942201256752014, 0.8173148036003113, 0.8173148148148148, 0.812971868918243, '01:07']
[5, 0.4321782886981964, 0.40132322907447815, 0.8487036824226379, 0.8487037037037037, 0.8495097229761384, '01:07']
[6, 0.38971900939941406, 0.3391413390636444, 0.8799074292182922, 0.8799074074074075, 0.879505769807755, '01:07']
[7, 0.3388833999633789, 0.3073941171169281, 0.8912037014961243, 0.8912037037037037, 0.89047938283967, '01:07']
[8, 0.3239371180534363, 0.2940560281276703, 0.8903703689575195, 0.8903703703703703, 0.8908061410054392, '01:09']
[9, 0.3104093670845032, 0.27896469831466675, 0.8999074101448059, 0.8999074074074075, 0.9001450685921619, '01:09']
[10, 0.2880747616291046, 0.2589980661869049, 0.9059259295463562, 0.9059259259259258, 0.9056009164374049, '01:09']
[11, 0.2771608233451843, 0.26689767837524414, 0.9027777910232544, 0.9027777777777778, 0.9023110094361603, '01:10']
[12, 0.26041293144226074, 0.24387559294700623, 0.9116666913032532, 0.9116666666666666, 0.9111268233566658, '01:07']
[13, 0.23456643521785736, 0.23861701786518097, 0.9120370149612427, 0.9120370370370371, 0.9121308354238066, '01:07']
[14, 0.22930003702640533, 0.22637686133384705, 0.9205555319786072, 0.9205555555555556, 0.9206228338256413, '01:08']
[15, 0.2187306433916092, 0.2308487743139267, 0.9157407283782959, 0.9157407407407407, 0.915431302606105, '01:07']
[16, 0.2086574286222458, 0.2188790738582611, 0.9210185408592224, 0.9210185185185185, 0.9210922251478044, '01:07']
[17, 0.20157025754451752, 0.2297275960445404, 0.920462965965271, 0.9204629629629628, 0.9200011747206857, '01:34']
[18, 0.18559104204177856, 0.21387428045272827, 0.924907386302948, 0.9249074074074074, 0.9250254381933473, '01:08']
[19, 0.18496352434158325, 0.2101258486509323, 0.927314817905426, 0.9273148148148148, 0.9271391242605582, '01:07']
[20, 0.17308442294597626, 0.2059304416179657, 0.9256481528282166, 0.9256481481481481, 0.9257771779038892, '01:09']
[21, 0.1635412722826004, 0.20307017862796783, 0.9267592430114746, 0.9267592592592594, 0.9267036276250329, '01:07']
[22, 0.14289820194244385, 0.20948368310928345, 0.9263888597488403, 0.9263888888888889, 0.926340671162689, '01:07']
[23, 0.14037755131721497, 0.21008063852787018, 0.9267592430114746, 0.9267592592592594, 0.9265891979324236, '01:07']
[24, 0.14561809599399567, 0.20308458805084229, 0.9295370578765869, 0.9295370370370369, 0.9294467679111461, '01:20']
[25, 0.1403719037771225, 0.20522484183311462, 0.9293518662452698, 0.9293518518518518, 0.9291320871222083, '01:07']
[26, 0.13771787285804749, 0.20488613843917847, 0.9289814829826355, 0.9289814814814815, 0.9288762357397798, '01:10']
No improvement since epoch 21: early stopping

Tiempo de entrenamiento: 2040.19 segundos
/mnt/homeGPU/haoweihu/TFG/lib/python3.10/site-packages/fastai/learner.py:455: UserWarning: load_learner` uses Python's insecure pickle module, which can execute malicious arbitrary code when loading. Only load files you trust.
If you only need to load model weights and optimizer state, use the safe `Learner.load` instead.
  warn("load_learner` uses Python's insecure pickle module, which can execute malicious arbitrary code when loading. Only load files you trust.\nIf you only need to load model weights and optimizer state, use the safe `Learner.load` instead.")
Loss: 0.2049
Accuracy: 0.9290
Recall: 0.9290
F1-Score: 0.9289
Loss: 3.0010807514190674
Accuracy: 0.828125
Recall (macro): 0.8282577663413333
F1 Score (macro): 0.7972602730693847
mail: cannot send message: Process exited with a non-zero status
