/mnt/homeGPU/haoweihu/TFG/lib/python3.10/site-packages/torchvision/models/_utils.py:208: UserWarning: The parameter 'pretrained' is deprecated since 0.13 and may be removed in the future, please use 'weights' instead.
  warnings.warn(
/mnt/homeGPU/haoweihu/TFG/lib/python3.10/site-packages/torchvision/models/_utils.py:223: UserWarning: Arguments other than a weight enum or `None` for 'weights' are deprecated since 0.13 and may be removed in the future. The current behavior is equivalent to passing `weights=EfficientNet_V2_S_Weights.IMAGENET1K_V1`. You can also use `weights=EfficientNet_V2_S_Weights.DEFAULT` to get the most up-to-date weights.
  warnings.warn(msg)
---------------------------------------------------------------------------
Ejecutando: cifar_10pct_effnetv2s_fps_pre_quant
---------------------------------------------------------------------------
False
Número total de imágenes en entrenamiento: 3994
Número total de imágenes en validación: 10000
Clases: ['airplane', 'automobile', 'bird', 'cat', 'deer', 'dog', 'frog', 'horse', 'ship', 'truck']
weights = None
[0, 3.616332530975342, 2.642936944961548, 0.1290999948978424, 0.1291, 0.12688503252999114, '00:56']
[1, 3.344733476638794, 2.3387651443481445, 0.2184000015258789, 0.2184, 0.21109703447025407, '00:49']
[2, 3.103012800216675, 2.171555757522583, 0.26989999413490295, 0.26990000000000003, 0.2610054749200324, '00:49']
[3, 2.9237842559814453, 2.0824592113494873, 0.3028999865055084, 0.30290000000000006, 0.2882568095124339, '00:49']
[4, 2.712930202484131, 1.9992644786834717, 0.3140000104904175, 0.314, 0.30518134909254374, '00:49']
[5, 2.52260684967041, 1.9294874668121338, 0.3287000060081482, 0.3287, 0.31047373723118854, '00:49']
[6, 2.3772013187408447, 1.8825644254684448, 0.3416999876499176, 0.3417, 0.3353116673359528, '00:50']
[7, 2.2312891483306885, 1.855303168296814, 0.3668000102043152, 0.3668, 0.34966735524237536, '00:50']
[8, 2.154092788696289, 1.7716535329818726, 0.37209999561309814, 0.3721, 0.35721742634889314, '00:50']
[9, 2.09074068069458, 1.727170705795288, 0.3919999897480011, 0.392, 0.378082970238741, '00:50']
[10, 2.032036781311035, 1.6848914623260498, 0.4065999984741211, 0.40659999999999996, 0.3887273959498286, '00:49']
[11, 1.9603145122528076, 1.666092038154602, 0.4154999852180481, 0.41550000000000004, 0.3925898774124522, '00:49']
[12, 1.91416597366333, 1.6155973672866821, 0.4223000109195709, 0.4223, 0.40993426803115707, '00:49']
[13, 1.8448642492294312, 1.6198407411575317, 0.4327999949455261, 0.43279999999999996, 0.41788981269846026, '00:49']
[14, 1.8088620901107788, 1.5776519775390625, 0.43939998745918274, 0.4394, 0.428631816189373, '00:49']
[15, 1.7555842399597168, 1.5454844236373901, 0.4487000107765198, 0.4487, 0.4413171576344818, '00:49']
[16, 1.728908658027649, 1.5297808647155762, 0.45969998836517334, 0.45970000000000005, 0.4474908759377537, '00:49']
[17, 1.7144405841827393, 1.5081266164779663, 0.46389999985694885, 0.46390000000000003, 0.4498578666962182, '00:49']
[18, 1.6575289964675903, 1.4979695081710815, 0.47350001335144043, 0.4734999999999999, 0.45929205764387815, '00:48']
[19, 1.636460304260254, 1.472665548324585, 0.4821000099182129, 0.4821, 0.47162838399547546, '00:49']
[20, 1.575967788696289, 1.4616787433624268, 0.48750001192092896, 0.4875, 0.4767925326433756, '00:49']
[21, 1.5463184118270874, 1.4586303234100342, 0.48739999532699585, 0.48739999999999994, 0.4765180556012072, '00:49']
[22, 1.5396761894226074, 1.450942039489746, 0.4900999963283539, 0.4901, 0.4792524234891542, '00:49']
[23, 1.508737564086914, 1.4410834312438965, 0.4959000051021576, 0.49589999999999995, 0.48644621958357454, '00:48']
[24, 1.5061277151107788, 1.4328556060791016, 0.4991999864578247, 0.4992, 0.49137421828627703, '00:49']
[25, 1.4688276052474976, 1.428525447845459, 0.5011000037193298, 0.5011, 0.4925665539214864, '00:49']
[26, 1.4699723720550537, 1.4323004484176636, 0.4984000027179718, 0.4984, 0.4886468316660756, '00:49']
[27, 1.4870715141296387, 1.429489016532898, 0.5026000142097473, 0.5025999999999999, 0.4922801788972281, '00:49']
[28, 1.455061912536621, 1.4251224994659424, 0.5008999705314636, 0.5009, 0.492052575699356, '00:49']
[29, 1.4619038105010986, 1.4210169315338135, 0.5023999810218811, 0.5024, 0.4935147032765849, '00:49']

Tiempo de entrenamiento: 1493.61 segundos
/mnt/homeGPU/haoweihu/TFG/lib/python3.10/site-packages/fastai/learner.py:455: UserWarning: load_learner` uses Python's insecure pickle module, which can execute malicious arbitrary code when loading. Only load files you trust.
If you only need to load model weights and optimizer state, use the safe `Learner.load` instead.
  warn("load_learner` uses Python's insecure pickle module, which can execute malicious arbitrary code when loading. Only load files you trust.\nIf you only need to load model weights and optimizer state, use the safe `Learner.load` instead.")
Loss (valid): 1.4210
Accuracy (valid): 0.5024
Recall (valid): 0.5024
F1-Score (valid): 0.4935
/mnt/homeGPU/haoweihu/TFG/lib/python3.10/site-packages/torchvision/models/_utils.py:208: UserWarning: The parameter 'pretrained' is deprecated since 0.13 and may be removed in the future, please use 'weights' instead.
  warnings.warn(
/mnt/homeGPU/haoweihu/TFG/lib/python3.10/site-packages/torchvision/models/_utils.py:223: UserWarning: Arguments other than a weight enum or `None` for 'weights' are deprecated since 0.13 and may be removed in the future. The current behavior is equivalent to passing `weights=EfficientNet_V2_S_Weights.IMAGENET1K_V1`. You can also use `weights=EfficientNet_V2_S_Weights.DEFAULT` to get the most up-to-date weights.
  warnings.warn(msg)
Loss (test): 1.4368
Accuracy (test): 0.4936
Recall (test): 0.4936
F1-Score (test): 0.4843
---------------------------------------------------------------------------
Ejecutando: cifar_20pct_effnetv2s_fps_pre_quant
---------------------------------------------------------------------------
False
Número total de imágenes en entrenamiento: 7896
Número total de imágenes en validación: 10000
Clases: ['airplane', 'automobile', 'bird', 'cat', 'deer', 'dog', 'frog', 'horse', 'ship', 'truck']
weights = None
[0, 3.490654468536377, 2.3854775428771973, 0.20090000331401825, 0.2009, 0.19465747270615702, '01:12']
[1, 3.0872154235839844, 2.1630330085754395, 0.2720000147819519, 0.27199999999999996, 0.2603781727118639, '01:08']
[2, 2.8668038845062256, 1.9727728366851807, 0.31790000200271606, 0.3179, 0.30961872910840443, '01:07']
[3, 2.589721441268921, 1.900984764099121, 0.33480000495910645, 0.33480000000000004, 0.32419064469669745, '01:07']
[4, 2.4031097888946533, 1.8245421648025513, 0.3564000129699707, 0.35640000000000005, 0.3403447114667857, '01:08']
[5, 2.2317044734954834, 1.745914101600647, 0.3788999915122986, 0.37889999999999996, 0.3690462061919461, '01:08']
[6, 2.103872776031494, 1.7268754243850708, 0.39959999918937683, 0.3996, 0.3935453298002377, '01:09']
[7, 2.0109009742736816, 1.6118706464767456, 0.4268999993801117, 0.4269, 0.42313560481561, '01:08']
[8, 1.9393384456634521, 1.5988248586654663, 0.4390999972820282, 0.4391, 0.4242544029963488, '01:09']
[9, 1.84408438205719, 1.5353589057922363, 0.45669999718666077, 0.4567, 0.45222817317574515, '01:08']
[10, 1.7635363340377808, 1.4918113946914673, 0.47279998660087585, 0.47280000000000005, 0.46271651372642764, '01:08']
[11, 1.6979342699050903, 1.4336798191070557, 0.4950000047683716, 0.49499999999999994, 0.48373327423031254, '01:08']
[12, 1.6157289743423462, 1.4114035367965698, 0.5105000138282776, 0.5105000000000001, 0.503088726461137, '01:09']
[13, 1.5757122039794922, 1.3741931915283203, 0.5171999931335449, 0.5172000000000001, 0.5110508314903823, '01:08']
[14, 1.5041831731796265, 1.3398159742355347, 0.5248000025749207, 0.5248, 0.5202616054698067, '01:08']
[15, 1.432936191558838, 1.3126256465911865, 0.5421000123023987, 0.5421, 0.5369314706442679, '01:08']
[16, 1.414364218711853, 1.289887547492981, 0.5493000149726868, 0.5493, 0.5445642980203457, '01:08']
[17, 1.366594910621643, 1.2790265083312988, 0.5507000088691711, 0.5507, 0.5460075658588315, '01:08']
[18, 1.3343919515609741, 1.253524899482727, 0.5626999735832214, 0.5627, 0.5579875850331881, '01:08']
[19, 1.3148573637008667, 1.2383804321289062, 0.5702000260353088, 0.5702, 0.567110077337193, '01:09']
[20, 1.2937414646148682, 1.2251548767089844, 0.5706999897956848, 0.5706999999999999, 0.5660615860283893, '01:08']
[21, 1.2557824850082397, 1.2209967374801636, 0.5745999813079834, 0.5746, 0.5706504763975329, '01:08']
[22, 1.2233624458312988, 1.210423469543457, 0.5788999795913696, 0.5789, 0.5756925857432524, '01:09']
[23, 1.2411996126174927, 1.2032936811447144, 0.5839999914169312, 0.584, 0.5808284173047593, '01:09']
[24, 1.2075107097625732, 1.2014942169189453, 0.5810999870300293, 0.5811, 0.5780122923045862, '01:08']
[25, 1.1893900632858276, 1.19822096824646, 0.5830000042915344, 0.583, 0.5790546775827001, '01:08']
[26, 1.1860383749008179, 1.2010101079940796, 0.5820000171661377, 0.5820000000000001, 0.5787728334166773, '01:08']
[27, 1.1704175472259521, 1.198332667350769, 0.5859000086784363, 0.5859, 0.5825456360848238, '01:08']
[28, 1.153564453125, 1.1956279277801514, 0.5845000147819519, 0.5845, 0.5802952954313689, '01:08']
[29, 1.1688612699508667, 1.198961615562439, 0.5828999876976013, 0.5829000000000001, 0.5791209656550536, '01:08']

Tiempo de entrenamiento: 2067.26 segundos
/mnt/homeGPU/haoweihu/TFG/lib/python3.10/site-packages/fastai/learner.py:455: UserWarning: load_learner` uses Python's insecure pickle module, which can execute malicious arbitrary code when loading. Only load files you trust.
If you only need to load model weights and optimizer state, use the safe `Learner.load` instead.
  warn("load_learner` uses Python's insecure pickle module, which can execute malicious arbitrary code when loading. Only load files you trust.\nIf you only need to load model weights and optimizer state, use the safe `Learner.load` instead.")
Loss (valid): 1.1990
Accuracy (valid): 0.5829
Recall (valid): 0.5829
F1-Score (valid): 0.5791
/mnt/homeGPU/haoweihu/TFG/lib/python3.10/site-packages/torchvision/models/_utils.py:208: UserWarning: The parameter 'pretrained' is deprecated since 0.13 and may be removed in the future, please use 'weights' instead.
  warnings.warn(
/mnt/homeGPU/haoweihu/TFG/lib/python3.10/site-packages/torchvision/models/_utils.py:223: UserWarning: Arguments other than a weight enum or `None` for 'weights' are deprecated since 0.13 and may be removed in the future. The current behavior is equivalent to passing `weights=EfficientNet_V2_S_Weights.IMAGENET1K_V1`. You can also use `weights=EfficientNet_V2_S_Weights.DEFAULT` to get the most up-to-date weights.
  warnings.warn(msg)
Loss (test): 1.1995
Accuracy (test): 0.5796
Recall (test): 0.5796
F1-Score (test): 0.5751
---------------------------------------------------------------------------
Ejecutando: cifar_30pct_effnetv2s_fps_pre_quant
---------------------------------------------------------------------------
False
Número total de imágenes en entrenamiento: 11682
Número total de imágenes en validación: 10000
Clases: ['airplane', 'automobile', 'bird', 'cat', 'deer', 'dog', 'frog', 'horse', 'ship', 'truck']
weights = None
[0, 3.34218430519104, 2.3565239906311035, 0.2084999978542328, 0.2085, 0.19435922408133527, '01:35']
[1, 2.9399425983428955, 2.098848342895508, 0.2896000146865845, 0.2896, 0.27054766249127554, '01:26']
[2, 2.6851580142974854, 1.948822259902954, 0.3246000111103058, 0.32460000000000006, 0.31666509228961737, '01:26']
[3, 2.407188892364502, 1.8165966272354126, 0.3531000018119812, 0.3531, 0.3441966354835373, '01:26']
[4, 2.1840269565582275, 1.7483500242233276, 0.3797999918460846, 0.3798, 0.3727066864996297, '01:26']
[5, 2.046363353729248, 1.6747177839279175, 0.4074999988079071, 0.40750000000000003, 0.3977420507688435, '01:26']
[6, 1.935439109802246, 1.5842596292495728, 0.43540000915527344, 0.4354, 0.42043925476906086, '01:26']
[7, 1.8350765705108643, 1.4967213869094849, 0.46880000829696655, 0.46880000000000005, 0.45852846025565874, '01:26']
[8, 1.7506053447723389, 1.4235215187072754, 0.492900013923645, 0.4929, 0.484181611602721, '01:26']
[9, 1.6585782766342163, 1.3745332956314087, 0.5105000138282776, 0.5105000000000001, 0.4985908956924316, '01:27']
[10, 1.5731775760650635, 1.3200430870056152, 0.5281000137329102, 0.5281, 0.5238189428792758, '01:27']
[11, 1.4616113901138306, 1.2772270441055298, 0.5464000105857849, 0.5464, 0.5334770339906408, '01:27']
[12, 1.4052342176437378, 1.2214124202728271, 0.5674999952316284, 0.5675, 0.5613991880494622, '01:26']
[13, 1.3578927516937256, 1.1965131759643555, 0.574999988079071, 0.575, 0.5706743089695253, '01:27']
[14, 1.286861538887024, 1.1660515069961548, 0.5864999890327454, 0.5865, 0.5783556167548456, '01:27']
[15, 1.2563531398773193, 1.1415284872055054, 0.6018999814987183, 0.6019000000000001, 0.5969172232748854, '01:27']
[16, 1.2343368530273438, 1.1176599264144897, 0.6054999828338623, 0.6055, 0.6008219002765315, '01:27']
[17, 1.1649426221847534, 1.1055124998092651, 0.6111999750137329, 0.6112, 0.6062299889144372, '01:27']
[18, 1.1741591691970825, 1.0964186191558838, 0.6110000014305115, 0.6110000000000001, 0.6070062684335096, '01:27']
[19, 1.1207741498947144, 1.0835093259811401, 0.6171000003814697, 0.6171, 0.6131846071866329, '01:27']
[20, 1.0964547395706177, 1.0776845216751099, 0.6172999739646912, 0.6173, 0.6127033511929465, '01:29']
[21, 1.0828994512557983, 1.0686626434326172, 0.621399998664856, 0.6214, 0.6178576261395465, '01:26']
[22, 1.0802130699157715, 1.0685386657714844, 0.6237000226974487, 0.6236999999999999, 0.6192162285853107, '01:27']
[23, 1.0344831943511963, 1.0637186765670776, 0.6233999729156494, 0.6234, 0.6187189231596584, '01:27']
[24, 1.0157594680786133, 1.0603797435760498, 0.6237999796867371, 0.6237999999999999, 0.6196184470797744, '01:27']
[25, 1.023878574371338, 1.060529351234436, 0.6258999705314636, 0.6259, 0.6213277463295673, '01:26']
[26, 1.0264663696289062, 1.057370662689209, 0.6254000067710876, 0.6254000000000001, 0.6212106279264576, '01:27']
[27, 1.0158437490463257, 1.0593271255493164, 0.6241000294685364, 0.6241, 0.6197777592821712, '01:26']
[28, 1.0148252248764038, 1.0603564977645874, 0.6233999729156494, 0.6234, 0.6185648246532389, '01:27']
[29, 1.0120452642440796, 1.0588829517364502, 0.625, 0.6249999999999999, 0.619969485829505, '01:26']

Tiempo de entrenamiento: 2623.00 segundos
/mnt/homeGPU/haoweihu/TFG/lib/python3.10/site-packages/fastai/learner.py:455: UserWarning: load_learner` uses Python's insecure pickle module, which can execute malicious arbitrary code when loading. Only load files you trust.
If you only need to load model weights and optimizer state, use the safe `Learner.load` instead.
  warn("load_learner` uses Python's insecure pickle module, which can execute malicious arbitrary code when loading. Only load files you trust.\nIf you only need to load model weights and optimizer state, use the safe `Learner.load` instead.")
Loss (valid): 1.0589
Accuracy (valid): 0.6250
Recall (valid): 0.6250
F1-Score (valid): 0.6200
/mnt/homeGPU/haoweihu/TFG/lib/python3.10/site-packages/torchvision/models/_utils.py:208: UserWarning: The parameter 'pretrained' is deprecated since 0.13 and may be removed in the future, please use 'weights' instead.
  warnings.warn(
/mnt/homeGPU/haoweihu/TFG/lib/python3.10/site-packages/torchvision/models/_utils.py:223: UserWarning: Arguments other than a weight enum or `None` for 'weights' are deprecated since 0.13 and may be removed in the future. The current behavior is equivalent to passing `weights=EfficientNet_V2_S_Weights.IMAGENET1K_V1`. You can also use `weights=EfficientNet_V2_S_Weights.DEFAULT` to get the most up-to-date weights.
  warnings.warn(msg)
Loss (test): 1.0755
Accuracy (test): 0.6233
Recall (test): 0.6233
F1-Score (test): 0.6177
---------------------------------------------------------------------------
Ejecutando: cifar_40pct_effnetv2s_fps_pre_quant
---------------------------------------------------------------------------
False
Número total de imágenes en entrenamiento: 15351
Número total de imágenes en validación: 10000
Clases: ['airplane', 'automobile', 'bird', 'cat', 'deer', 'dog', 'frog', 'horse', 'ship', 'truck']
weights = None
[0, 3.228607654571533, 2.2202508449554443, 0.24220000207424164, 0.24219999999999997, 0.23696262523895079, '01:51']
[1, 2.886415719985962, 2.015840768814087, 0.31119999289512634, 0.31120000000000003, 0.3021650741103394, '01:43']
[2, 2.576443910598755, 1.8904980421066284, 0.33799999952316284, 0.338, 0.3289481589214839, '01:44']
[3, 2.28837513923645, 1.7847310304641724, 0.36579999327659607, 0.3658, 0.34997731839520596, '01:44']
[4, 2.085606098175049, 1.7131613492965698, 0.3880999982357025, 0.3881, 0.3770501479922998, '01:44']
[5, 1.9353567361831665, 1.5997425317764282, 0.42289999127388, 0.4229, 0.40977753902280467, '01:44']
[6, 1.8161853551864624, 1.513451099395752, 0.46459999680519104, 0.4646, 0.4548773932473155, '01:44']
[7, 1.6444154977798462, 1.3924922943115234, 0.504800021648407, 0.5048, 0.4967510401695325, '01:44']
[8, 1.524246096611023, 1.3150978088378906, 0.5368000268936157, 0.5368, 0.5297371880475384, '01:44']
[9, 1.431066632270813, 1.2516974210739136, 0.5615000128746033, 0.5615, 0.5567482141044235, '01:44']
[10, 1.3430501222610474, 1.1957372426986694, 0.578499972820282, 0.5785, 0.5741187933594711, '01:44']
[11, 1.3240869045257568, 1.155702829360962, 0.5938000082969666, 0.5938000000000001, 0.5887179978812902, '01:45']
[12, 1.2788196802139282, 1.117261290550232, 0.6080999970436096, 0.6081, 0.6036607407246691, '01:45']
[13, 1.201612114906311, 1.089430570602417, 0.6175000071525574, 0.6174999999999999, 0.6150702397951201, '01:45']
[14, 1.1893032789230347, 1.0715019702911377, 0.620199978351593, 0.6202000000000001, 0.6161740823139169, '01:44']
[15, 1.1558226346969604, 1.0477261543273926, 0.6295999884605408, 0.6295999999999999, 0.6273760142775401, '01:45']
[16, 1.1111842393875122, 1.0358632802963257, 0.6313999891281128, 0.6314, 0.6282269071789465, '01:44']
[17, 1.088443636894226, 1.0321792364120483, 0.6388000249862671, 0.6387999999999999, 0.635599884399962, '01:46']
[18, 1.0696663856506348, 1.017623782157898, 0.6430000066757202, 0.643, 0.6394663725073608, '01:46']
[19, 1.0199774503707886, 1.015834093093872, 0.6438000202178955, 0.6437999999999999, 0.6413363341994199, '01:47']
[20, 1.0197288990020752, 1.006920576095581, 0.6452999711036682, 0.6453000000000001, 0.6416964440020231, '01:45']
[21, 0.9923093318939209, 1.0021735429763794, 0.647599995136261, 0.6476, 0.6443272708681869, '01:45']
[22, 0.9662723541259766, 1.005997657775879, 0.6442000269889832, 0.6441999999999999, 0.6399904914370543, '01:45']
[23, 0.952756941318512, 0.9964975714683533, 0.6506999731063843, 0.6507000000000001, 0.6476187035662453, '01:44']
[24, 0.9421380758285522, 0.9969115257263184, 0.652899980545044, 0.6529, 0.6489940181955856, '01:45']
[25, 0.9251664876937866, 0.9955928921699524, 0.6528000235557556, 0.6528, 0.6496149166298085, '01:45']
[26, 0.9346427917480469, 0.9965149164199829, 0.6535999774932861, 0.6536, 0.6503441046565241, '01:45']
[27, 0.9260988831520081, 0.9930159449577332, 0.6556000113487244, 0.6556, 0.6524155607176986, '01:45']
[28, 0.9134575724601746, 0.9942473769187927, 0.6553999781608582, 0.6554, 0.6525700731632512, '01:45']
[29, 0.908339262008667, 0.9920349717140198, 0.6550999879837036, 0.6551, 0.6526709227364882, '01:44']

Tiempo de entrenamiento: 3157.26 segundos
/mnt/homeGPU/haoweihu/TFG/lib/python3.10/site-packages/fastai/learner.py:455: UserWarning: load_learner` uses Python's insecure pickle module, which can execute malicious arbitrary code when loading. Only load files you trust.
If you only need to load model weights and optimizer state, use the safe `Learner.load` instead.
  warn("load_learner` uses Python's insecure pickle module, which can execute malicious arbitrary code when loading. Only load files you trust.\nIf you only need to load model weights and optimizer state, use the safe `Learner.load` instead.")
Loss (valid): 0.9920
Accuracy (valid): 0.6551
Recall (valid): 0.6551
F1-Score (valid): 0.6527
/mnt/homeGPU/haoweihu/TFG/lib/python3.10/site-packages/torchvision/models/_utils.py:208: UserWarning: The parameter 'pretrained' is deprecated since 0.13 and may be removed in the future, please use 'weights' instead.
  warnings.warn(
/mnt/homeGPU/haoweihu/TFG/lib/python3.10/site-packages/torchvision/models/_utils.py:223: UserWarning: Arguments other than a weight enum or `None` for 'weights' are deprecated since 0.13 and may be removed in the future. The current behavior is equivalent to passing `weights=EfficientNet_V2_S_Weights.IMAGENET1K_V1`. You can also use `weights=EfficientNet_V2_S_Weights.DEFAULT` to get the most up-to-date weights.
  warnings.warn(msg)
Loss (test): 1.0086
Accuracy (test): 0.6499
Recall (test): 0.6499
F1-Score (test): 0.6466
---------------------------------------------------------------------------
Ejecutando: cifar_50pct_effnetv2s_fps_pre_quant
---------------------------------------------------------------------------
False
Número total de imágenes en entrenamiento: 18874
Número total de imágenes en validación: 10000
Clases: ['airplane', 'automobile', 'bird', 'cat', 'deer', 'dog', 'frog', 'horse', 'ship', 'truck']
weights = None
[0, 3.1701436042785645, 2.2209157943725586, 0.25110000371932983, 0.2511, 0.23505444567914618, '02:10']
[1, 2.765371561050415, 2.0013630390167236, 0.3188999891281128, 0.3189, 0.3088219393426813, '02:01']
[2, 2.434055805206299, 1.8757367134094238, 0.3476000130176544, 0.3476, 0.33044061340476094, '02:01']
[3, 2.1631736755371094, 1.7819925546646118, 0.38119998574256897, 0.38120000000000004, 0.3663051847721971, '02:01']
[4, 1.9730197191238403, 1.6390193700790405, 0.41999998688697815, 0.42000000000000004, 0.412526810688259, '02:01']
[5, 1.848594307899475, 1.5289547443389893, 0.46399998664855957, 0.46399999999999997, 0.4562989131985419, '02:01']
[6, 1.7064179182052612, 1.4529011249542236, 0.49129998683929443, 0.4913, 0.4830091976090956, '02:01']
[7, 1.5674583911895752, 1.324601411819458, 0.5371000170707703, 0.5371, 0.5317424529303378, '02:01']
[8, 1.4360179901123047, 1.2499432563781738, 0.5575000047683716, 0.5574999999999999, 0.5529180449527715, '02:01']
[9, 1.3650918006896973, 1.183027982711792, 0.5788999795913696, 0.5788999999999999, 0.5764626916690015, '02:01']
[10, 1.3078839778900146, 1.1359974145889282, 0.5981000065803528, 0.5981000000000001, 0.5957777668050299, '02:01']
[11, 1.2414846420288086, 1.1087127923965454, 0.608299970626831, 0.6083000000000001, 0.6040863763619755, '02:01']
[12, 1.1960853338241577, 1.0760596990585327, 0.6216999888420105, 0.6217, 0.6189302639357599, '02:01']
[13, 1.1563273668289185, 1.0464462041854858, 0.6326000094413757, 0.6326, 0.6298183866148882, '02:01']
[14, 1.1230745315551758, 1.0369662046432495, 0.6388000249862671, 0.6388, 0.6336610172806098, '02:01']
[15, 1.06999671459198, 1.011314868927002, 0.6463000178337097, 0.6462999999999999, 0.6426192336879102, '02:01']
[16, 1.0372974872589111, 1.0081120729446411, 0.6507999897003174, 0.6508, 0.6461351679540224, '02:03']
[17, 1.0355474948883057, 0.9894503951072693, 0.6539999842643738, 0.6539999999999999, 0.6520462850033033, '02:02']
[18, 1.0136775970458984, 0.9856628179550171, 0.6603000164031982, 0.6603000000000001, 0.6568256758990846, '02:02']
[19, 0.9975752830505371, 0.9828370213508606, 0.6603000164031982, 0.6603000000000001, 0.6569524651961735, '02:02']
[20, 0.9755454659461975, 0.9708235263824463, 0.6604999899864197, 0.6605000000000001, 0.6580914579810344, '02:02']
[21, 0.967476487159729, 0.9712990522384644, 0.6610000133514404, 0.6609999999999999, 0.6576463155734384, '02:02']
[22, 0.9287596940994263, 0.9704380035400391, 0.6654999852180481, 0.6655, 0.6622182384899852, '02:02']
[23, 0.9285625219345093, 0.9708042144775391, 0.6639999747276306, 0.664, 0.6607975412880436, '02:01']
[24, 0.9254707098007202, 0.96563321352005, 0.6646000146865845, 0.6646, 0.6622045853551427, '02:01']
[25, 0.9247686266899109, 0.9659324288368225, 0.6657999753952026, 0.6658000000000001, 0.6629023925245995, '02:02']
[26, 0.8926410675048828, 0.9627442359924316, 0.6669999957084656, 0.667, 0.6641824867350518, '02:02']
[27, 0.8876597881317139, 0.9630879759788513, 0.6672999858856201, 0.6672999999999999, 0.6645460775174661, '02:02']
[28, 0.8857349157333374, 0.9611170887947083, 0.6682000160217285, 0.6681999999999999, 0.6660514574381349, '02:02']
[29, 0.8986173272132874, 0.965073823928833, 0.6672000288963318, 0.6672, 0.6639900417033882, '02:02']

Tiempo de entrenamiento: 3663.86 segundos
/mnt/homeGPU/haoweihu/TFG/lib/python3.10/site-packages/fastai/learner.py:455: UserWarning: load_learner` uses Python's insecure pickle module, which can execute malicious arbitrary code when loading. Only load files you trust.
If you only need to load model weights and optimizer state, use the safe `Learner.load` instead.
  warn("load_learner` uses Python's insecure pickle module, which can execute malicious arbitrary code when loading. Only load files you trust.\nIf you only need to load model weights and optimizer state, use the safe `Learner.load` instead.")
Loss (valid): 0.9651
Accuracy (valid): 0.6672
Recall (valid): 0.6672
F1-Score (valid): 0.6640
/mnt/homeGPU/haoweihu/TFG/lib/python3.10/site-packages/torchvision/models/_utils.py:208: UserWarning: The parameter 'pretrained' is deprecated since 0.13 and may be removed in the future, please use 'weights' instead.
  warnings.warn(
/mnt/homeGPU/haoweihu/TFG/lib/python3.10/site-packages/torchvision/models/_utils.py:223: UserWarning: Arguments other than a weight enum or `None` for 'weights' are deprecated since 0.13 and may be removed in the future. The current behavior is equivalent to passing `weights=EfficientNet_V2_S_Weights.IMAGENET1K_V1`. You can also use `weights=EfficientNet_V2_S_Weights.DEFAULT` to get the most up-to-date weights.
  warnings.warn(msg)
Loss (test): 0.9756
Accuracy (test): 0.6635
Recall (test): 0.6635
F1-Score (test): 0.6598
---------------------------------------------------------------------------
Ejecutando: cifar_60pct_effnetv2s_fps_pre_quant
---------------------------------------------------------------------------
False
Número total de imágenes en entrenamiento: 21842
Número total de imágenes en validación: 10000
Clases: ['airplane', 'automobile', 'bird', 'cat', 'deer', 'dog', 'frog', 'horse', 'ship', 'truck']
weights = None
[0, 3.083052396774292, 2.1136016845703125, 0.27459999918937683, 0.2746, 0.26629089352524254, '02:25']
[1, 2.7469286918640137, 1.9273419380187988, 0.32120001316070557, 0.3212, 0.3153966145292781, '02:16']
[2, 2.3309500217437744, 1.7970634698867798, 0.3643999993801117, 0.36439999999999995, 0.3580446525011439, '02:16']
[3, 2.1109235286712646, 1.7206183671951294, 0.38960000872612, 0.3896, 0.38201564227460594, '02:16']
[4, 1.8961480855941772, 1.5860847234725952, 0.44040000438690186, 0.4404, 0.42738766460628713, '02:16']
[5, 1.7614710330963135, 1.4844443798065186, 0.4715999960899353, 0.4715999999999999, 0.4577708169603735, '02:16']
[6, 1.6727429628372192, 1.3635858297348022, 0.5156000256538391, 0.5156000000000001, 0.5053442111982329, '02:16']
[7, 1.481610894203186, 1.261886715888977, 0.5548999905586243, 0.5549, 0.5475860814048228, '02:15']
[8, 1.397369146347046, 1.178473949432373, 0.5784000158309937, 0.5784, 0.573834241313095, '02:15']
[9, 1.3346705436706543, 1.1172412633895874, 0.6022999882698059, 0.6023, 0.5962780566655952, '02:16']
[10, 1.242897629737854, 1.0757149457931519, 0.6150000095367432, 0.615, 0.6094369051673669, '02:16']
[11, 1.200711965560913, 1.0319304466247559, 0.6352999806404114, 0.6353, 0.6311565245713742, '02:15']
[12, 1.1730691194534302, 1.0055216550827026, 0.6421999931335449, 0.6422000000000001, 0.6384603671054707, '02:15']
[13, 1.1161611080169678, 1.0016833543777466, 0.6482999920845032, 0.6483, 0.6424139429731834, '02:15']
[14, 1.090018630027771, 0.9731902480125427, 0.6557000279426575, 0.6557000000000001, 0.6526284005397601, '02:15']
[15, 1.0520215034484863, 0.959837019443512, 0.6632000207901001, 0.6632, 0.6610997317752875, '02:15']
[16, 1.051282525062561, 0.9476904273033142, 0.667900025844574, 0.6679, 0.6641908011102082, '02:15']
[17, 1.0240598917007446, 0.9383156299591064, 0.6741999983787537, 0.6741999999999999, 0.6714225870288361, '02:15']
[18, 1.0075335502624512, 0.9306666254997253, 0.6759999990463257, 0.6759999999999999, 0.6727989807515435, '02:15']
[19, 0.9812844395637512, 0.9333861470222473, 0.6741999983787537, 0.6742000000000001, 0.6709095514537037, '02:15']
[20, 0.9509187936782837, 0.9236092567443848, 0.6794000267982483, 0.6794, 0.6762102833252953, '02:16']
[21, 0.958345353603363, 0.9226530194282532, 0.6796000003814697, 0.6796000000000001, 0.6764261069419424, '02:17']
[22, 0.928532063961029, 0.9157650470733643, 0.6812000274658203, 0.6812, 0.6785369931465074, '02:17']
[23, 0.9287959933280945, 0.9133086204528809, 0.682200014591217, 0.6822, 0.6795379785436102, '02:16']
[24, 0.9128047227859497, 0.9130070209503174, 0.6830999851226807, 0.6831, 0.6813609412543695, '02:16']
[25, 0.8858301043510437, 0.9135387539863586, 0.6833999752998352, 0.6834, 0.6803518906590622, '02:16']
[26, 0.881439745426178, 0.9132935404777527, 0.6844000220298767, 0.6844, 0.6817083802347029, '02:15']
[27, 0.9004737734794617, 0.9123351573944092, 0.6829000115394592, 0.6829, 0.6800417391912139, '02:16']
[28, 0.8830293416976929, 0.9117843508720398, 0.682699978351593, 0.6826999999999999, 0.6802511836344868, '02:15']
[29, 0.8741201162338257, 0.9126782417297363, 0.6816999912261963, 0.6817, 0.6790738195956557, '02:16']

Tiempo de entrenamiento: 4095.84 segundos
/mnt/homeGPU/haoweihu/TFG/lib/python3.10/site-packages/fastai/learner.py:455: UserWarning: load_learner` uses Python's insecure pickle module, which can execute malicious arbitrary code when loading. Only load files you trust.
If you only need to load model weights and optimizer state, use the safe `Learner.load` instead.
  warn("load_learner` uses Python's insecure pickle module, which can execute malicious arbitrary code when loading. Only load files you trust.\nIf you only need to load model weights and optimizer state, use the safe `Learner.load` instead.")
Loss (valid): 0.9127
Accuracy (valid): 0.6817
Recall (valid): 0.6817
F1-Score (valid): 0.6791
/mnt/homeGPU/haoweihu/TFG/lib/python3.10/site-packages/torchvision/models/_utils.py:208: UserWarning: The parameter 'pretrained' is deprecated since 0.13 and may be removed in the future, please use 'weights' instead.
  warnings.warn(
/mnt/homeGPU/haoweihu/TFG/lib/python3.10/site-packages/torchvision/models/_utils.py:223: UserWarning: Arguments other than a weight enum or `None` for 'weights' are deprecated since 0.13 and may be removed in the future. The current behavior is equivalent to passing `weights=EfficientNet_V2_S_Weights.IMAGENET1K_V1`. You can also use `weights=EfficientNet_V2_S_Weights.DEFAULT` to get the most up-to-date weights.
  warnings.warn(msg)
Loss (test): 0.9421
Accuracy (test): 0.6737
Recall (test): 0.6736
F1-Score (test): 0.6705
---------------------------------------------------------------------------
Ejecutando: cifar_70pct_effnetv2s_fps_pre_quant
---------------------------------------------------------------------------
False
Número total de imágenes en entrenamiento: 24956
Número total de imágenes en validación: 10000
Clases: ['airplane', 'automobile', 'bird', 'cat', 'deer', 'dog', 'frog', 'horse', 'ship', 'truck']
weights = None
[0, 3.002537965774536, 2.1586625576019287, 0.2685000002384186, 0.26849999999999996, 0.24941886710208258, '02:42']
[1, 2.6659975051879883, 1.9299346208572388, 0.3287999927997589, 0.3288, 0.31226516057239423, '02:33']
[2, 2.2960057258605957, 1.7846609354019165, 0.36739999055862427, 0.3674, 0.3602354412583416, '02:33']
[3, 2.0439679622650146, 1.6887426376342773, 0.39980000257492065, 0.39980000000000004, 0.389795708294347, '02:33']
[4, 1.8596242666244507, 1.6232415437698364, 0.4377000033855438, 0.4377, 0.422637062982428, '02:37']
[5, 1.6797369718551636, 1.4342727661132812, 0.48890000581741333, 0.4889, 0.4754902598255629, '02:37']
[6, 1.5261754989624023, 1.2942715883255005, 0.5455999970436096, 0.5456000000000001, 0.5390478276038188, '02:33']
[7, 1.3912409543991089, 1.2002854347229004, 0.5705000162124634, 0.5705, 0.5616394955586894, '02:33']
[8, 1.310508131980896, 1.1406749486923218, 0.5992000102996826, 0.5992, 0.595907663835814, '02:34']
[9, 1.2358051538467407, 1.0835566520690918, 0.6191999912261963, 0.6192, 0.613895626528084, '02:33']
[10, 1.1808738708496094, 1.0561225414276123, 0.6344000101089478, 0.6344000000000001, 0.6305132968092879, '02:33']
[11, 1.156193494796753, 1.008244276046753, 0.6488999724388123, 0.6489, 0.645659646472333, '02:34']
[12, 1.1187927722930908, 0.9949578046798706, 0.6513000130653381, 0.6513, 0.6461060946416303, '02:33']
[13, 1.0883508920669556, 0.9780440330505371, 0.660099983215332, 0.6601000000000001, 0.6575836379541492, '02:32']
[14, 1.0612905025482178, 0.9602770805358887, 0.6665999889373779, 0.6666, 0.6613477941344512, '02:32']
[15, 1.0319368839263916, 0.9453037977218628, 0.6740000247955322, 0.6739999999999999, 0.6707181746098358, '02:32']
[16, 0.9951352477073669, 0.9345051646232605, 0.6764000058174133, 0.6763999999999999, 0.6738191944986737, '02:32']
[17, 0.9894980788230896, 0.922383189201355, 0.6809999942779541, 0.6809999999999999, 0.6788448818027276, '02:32']
[18, 0.9599807262420654, 0.9224229454994202, 0.6815000176429749, 0.6815, 0.6785805566088726, '02:32']
[19, 0.9558581113815308, 0.923261821269989, 0.6797000169754028, 0.6797, 0.677033982492895, '02:32']
[20, 0.9306314587593079, 0.9165194630622864, 0.6841999888420105, 0.6841999999999999, 0.6813397361570777, '02:32']
[21, 0.9041185975074768, 0.9125672578811646, 0.6866999864578247, 0.6867, 0.684870244549537, '02:32']
[22, 0.8786818385124207, 0.9022350311279297, 0.6880000233650208, 0.6880000000000001, 0.6857277705797447, '02:32']
[23, 0.8920692205429077, 0.9056848883628845, 0.6887000203132629, 0.6887000000000001, 0.685614311650267, '02:32']
[24, 0.8681856989860535, 0.9071505665779114, 0.6894999742507935, 0.6895, 0.6866777880629897, '02:34']
[25, 0.8891740441322327, 0.9034740328788757, 0.6888999938964844, 0.6889, 0.6864090242459631, '02:34']
[26, 0.8633617758750916, 0.9040408134460449, 0.6906999945640564, 0.6906999999999999, 0.6877423323627739, '02:34']
[27, 0.8688598275184631, 0.902597188949585, 0.6895999908447266, 0.6896, 0.6874813854764905, '02:34']
No improvement since epoch 22: early stopping

Tiempo de entrenamiento: 4314.04 segundos
/mnt/homeGPU/haoweihu/TFG/lib/python3.10/site-packages/fastai/learner.py:455: UserWarning: load_learner` uses Python's insecure pickle module, which can execute malicious arbitrary code when loading. Only load files you trust.
If you only need to load model weights and optimizer state, use the safe `Learner.load` instead.
  warn("load_learner` uses Python's insecure pickle module, which can execute malicious arbitrary code when loading. Only load files you trust.\nIf you only need to load model weights and optimizer state, use the safe `Learner.load` instead.")
Loss (valid): 0.9026
Accuracy (valid): 0.6896
Recall (valid): 0.6896
F1-Score (valid): 0.6875
/mnt/homeGPU/haoweihu/TFG/lib/python3.10/site-packages/torchvision/models/_utils.py:208: UserWarning: The parameter 'pretrained' is deprecated since 0.13 and may be removed in the future, please use 'weights' instead.
  warnings.warn(
/mnt/homeGPU/haoweihu/TFG/lib/python3.10/site-packages/torchvision/models/_utils.py:223: UserWarning: Arguments other than a weight enum or `None` for 'weights' are deprecated since 0.13 and may be removed in the future. The current behavior is equivalent to passing `weights=EfficientNet_V2_S_Weights.IMAGENET1K_V1`. You can also use `weights=EfficientNet_V2_S_Weights.DEFAULT` to get the most up-to-date weights.
  warnings.warn(msg)
Loss (test): 0.9260
Accuracy (test): 0.6809
Recall (test): 0.6809
F1-Score (test): 0.6781
---------------------------------------------------------------------------
Ejecutando: cifar_80pct_effnetv2s_fps_pre_quant
---------------------------------------------------------------------------
False
Número total de imágenes en entrenamiento: 27443
Número total de imágenes en validación: 10000
Clases: ['airplane', 'automobile', 'bird', 'cat', 'deer', 'dog', 'frog', 'horse', 'ship', 'truck']
weights = None
[0, 2.9260141849517822, 2.105499744415283, 0.2847999930381775, 0.2848, 0.2692462639165904, '02:54']
[1, 2.5289106369018555, 1.8900269269943237, 0.3346000015735626, 0.33459999999999995, 0.3227944618332682, '02:44']
[2, 2.1454951763153076, 1.73677659034729, 0.38339999318122864, 0.3834, 0.37408018000023596, '02:45']
[3, 2.008824586868286, 1.643729329109192, 0.4187000095844269, 0.41869999999999996, 0.40868198956948587, '02:45']
[4, 1.8089148998260498, 1.5190894603729248, 0.4645000100135803, 0.46449999999999997, 0.45493271779876493, '02:45']
[5, 1.6547844409942627, 1.3821611404418945, 0.5102999806404114, 0.5103, 0.5017132237400357, '02:44']
[6, 1.4608714580535889, 1.262908935546875, 0.553600013256073, 0.5536000000000001, 0.5466515035540737, '02:45']
[7, 1.3758479356765747, 1.1767184734344482, 0.59170001745224, 0.5917, 0.5866107929663489, '02:45']
[8, 1.2610245943069458, 1.0943603515625, 0.6189000010490417, 0.6189, 0.6166218788893266, '02:44']
[9, 1.2478381395339966, 1.049232840538025, 0.6331999897956848, 0.6331999999999999, 0.6284373261525655, '02:45']
[10, 1.155982494354248, 1.016478419303894, 0.6449000239372253, 0.6449, 0.6422815344911561, '02:45']
[11, 1.1093635559082031, 0.9875847697257996, 0.6532999873161316, 0.6533, 0.6497380701707868, '02:46']
[12, 1.1022237539291382, 0.9671691656112671, 0.664900004863739, 0.6649, 0.6609613508550563, '02:45']
[13, 1.0558828115463257, 0.9560424089431763, 0.6693999767303467, 0.6694, 0.6651030842210766, '02:45']
[14, 1.0388679504394531, 0.9312434792518616, 0.6776999831199646, 0.6777, 0.675422882965439, '02:45']
[15, 1.0108102560043335, 0.9228087663650513, 0.6804999709129333, 0.6805, 0.6773361233457127, '02:44']
[16, 0.9669494032859802, 0.9192922711372375, 0.6787999868392944, 0.6788000000000001, 0.6760499584206134, '02:46']
[17, 0.9886487722396851, 0.9066798090934753, 0.6854000091552734, 0.6854000000000001, 0.6835219187826344, '02:45']
[18, 0.937562108039856, 0.9011428952217102, 0.6872000098228455, 0.6871999999999999, 0.6849908013617212, '02:45']
[19, 0.9269604682922363, 0.9025380611419678, 0.6876000165939331, 0.6876, 0.684409905963001, '02:45']
[20, 0.9236243963241577, 0.8958396315574646, 0.6876999735832214, 0.6877000000000001, 0.684625792068554, '02:44']
[21, 0.9035110473632812, 0.8917941451072693, 0.690500020980835, 0.6904999999999999, 0.6880525109449389, '02:44']
[22, 0.8686515688896179, 0.8902268409729004, 0.6879000067710876, 0.6879, 0.6860554958879941, '02:43']
[23, 0.8722150921821594, 0.8907787203788757, 0.6899999976158142, 0.6900000000000001, 0.6871219475094493, '02:44']
[24, 0.8622289896011353, 0.889055073261261, 0.691100001335144, 0.6911, 0.6885336723938705, '02:44']
[25, 0.8483343720436096, 0.884840726852417, 0.6901999711990356, 0.6902, 0.6877383335882085, '02:49']
[26, 0.8496712446212769, 0.8866500854492188, 0.6905999779701233, 0.6906000000000001, 0.6878414537247064, '02:48']
[27, 0.8448532223701477, 0.8857715725898743, 0.6908000111579895, 0.6908, 0.6880885374322923, '02:43']
[28, 0.8436799645423889, 0.885728120803833, 0.6917999982833862, 0.6918, 0.6890827496069563, '02:44']
[29, 0.8593374490737915, 0.8854715824127197, 0.6904000043869019, 0.6904, 0.6877824480424555, '02:44']

Tiempo de entrenamiento: 4971.00 segundos
/mnt/homeGPU/haoweihu/TFG/lib/python3.10/site-packages/fastai/learner.py:455: UserWarning: load_learner` uses Python's insecure pickle module, which can execute malicious arbitrary code when loading. Only load files you trust.
If you only need to load model weights and optimizer state, use the safe `Learner.load` instead.
  warn("load_learner` uses Python's insecure pickle module, which can execute malicious arbitrary code when loading. Only load files you trust.\nIf you only need to load model weights and optimizer state, use the safe `Learner.load` instead.")
Loss (valid): 0.8855
Accuracy (valid): 0.6904
Recall (valid): 0.6904
F1-Score (valid): 0.6878
/mnt/homeGPU/haoweihu/TFG/lib/python3.10/site-packages/torchvision/models/_utils.py:208: UserWarning: The parameter 'pretrained' is deprecated since 0.13 and may be removed in the future, please use 'weights' instead.
  warnings.warn(
/mnt/homeGPU/haoweihu/TFG/lib/python3.10/site-packages/torchvision/models/_utils.py:223: UserWarning: Arguments other than a weight enum or `None` for 'weights' are deprecated since 0.13 and may be removed in the future. The current behavior is equivalent to passing `weights=EfficientNet_V2_S_Weights.IMAGENET1K_V1`. You can also use `weights=EfficientNet_V2_S_Weights.DEFAULT` to get the most up-to-date weights.
  warnings.warn(msg)
Loss (test): 0.9165
Accuracy (test): 0.6857
Recall (test): 0.6856
F1-Score (test): 0.6827
---------------------------------------------------------------------------
Ejecutando: cifar_90pct_effnetv2s_fps_pre_quant
---------------------------------------------------------------------------
False
Número total de imágenes en entrenamiento: 29801
Número total de imágenes en validación: 10000
Clases: ['airplane', 'automobile', 'bird', 'cat', 'deer', 'dog', 'frog', 'horse', 'ship', 'truck']
weights = None
[0, 2.922208786010742, 2.087059736251831, 0.2906999886035919, 0.29069999999999996, 0.2729020480697696, '03:08']
[1, 2.5637998580932617, 1.8820253610610962, 0.3504999876022339, 0.35050000000000003, 0.3366212828999469, '02:57']
[2, 2.193225860595703, 1.7514398097991943, 0.3813000023365021, 0.38130000000000003, 0.3650214179567452, '02:57']
[3, 1.94886314868927, 1.6147010326385498, 0.42410001158714294, 0.4241, 0.40779803515099894, '02:57']
[4, 1.7750062942504883, 1.5056301355361938, 0.4627000093460083, 0.4627, 0.44839293176100997, '02:57']
[5, 1.5933769941329956, 1.3565044403076172, 0.515999972820282, 0.516, 0.5083334644804338, '02:58']
[6, 1.4286891222000122, 1.232890248298645, 0.5666000247001648, 0.5666, 0.5628980882902017, '02:59']
[7, 1.3007737398147583, 1.14298677444458, 0.5996999740600586, 0.5997, 0.5971909068678043, '02:57']
[8, 1.2309776544570923, 1.0686763525009155, 0.6237000226974487, 0.6237, 0.6201758301547617, '02:57']
[9, 1.1709332466125488, 1.0223594903945923, 0.637499988079071, 0.6375, 0.6358729517518569, '02:57']
[10, 1.1229829788208008, 0.9974458813667297, 0.6517999768257141, 0.6518, 0.649215324737782, '02:58']
[11, 1.0877646207809448, 0.9784181714057922, 0.6553999781608582, 0.6553999999999999, 0.651271458293419, '02:57']
[12, 1.0769306421279907, 0.9604885578155518, 0.6642000079154968, 0.6642, 0.6619027455015829, '02:58']
[13, 1.0218994617462158, 0.9420181512832642, 0.6718000173568726, 0.6718, 0.6701357468354288, '02:57']
[14, 1.003351092338562, 0.9293535351753235, 0.6782000064849854, 0.6782, 0.6759720217880932, '02:58']
[15, 0.9828400611877441, 0.9144672155380249, 0.6826000213623047, 0.6826, 0.681207427229885, '02:57']
[16, 0.9806697964668274, 0.9097493290901184, 0.682200014591217, 0.6822, 0.6807451589230514, '02:57']
[17, 0.9271766543388367, 0.9013335704803467, 0.6877999901771545, 0.6878, 0.6852057028483409, '02:57']
[18, 0.9212632179260254, 0.8966538906097412, 0.689300000667572, 0.6893, 0.6863399324026249, '02:58']
[19, 0.8976255059242249, 0.8913737535476685, 0.6930000185966492, 0.6930000000000001, 0.6906743646541332, '02:57']
[20, 0.8661813735961914, 0.8944487571716309, 0.6908000111579895, 0.6908, 0.6880976651974199, '02:57']
[21, 0.8880424499511719, 0.8885195255279541, 0.6948999762535095, 0.6949000000000001, 0.6927158200191095, '02:57']
[22, 0.8446495532989502, 0.8864366412162781, 0.6958000063896179, 0.6958000000000001, 0.6942333862598705, '02:57']
[23, 0.840372622013092, 0.8840495944023132, 0.6966999769210815, 0.6967, 0.6948358708554072, '02:57']
[24, 0.8306212425231934, 0.8818105459213257, 0.696399986743927, 0.6963999999999999, 0.694357462568473, '02:58']
[25, 0.8364822864532471, 0.8812154531478882, 0.698199987411499, 0.6982, 0.6961339832167788, '02:56']
[26, 0.8455838561058044, 0.8815122842788696, 0.6978999972343445, 0.6979, 0.6955738857853054, '02:54']
[27, 0.837465763092041, 0.880531907081604, 0.6970000267028809, 0.697, 0.6954227888642309, '02:53']
[28, 0.8373774290084839, 0.8793752193450928, 0.6976000070571899, 0.6975999999999999, 0.695149786623184, '02:54']
[29, 0.8299227356910706, 0.8798524141311646, 0.698199987411499, 0.6982000000000002, 0.6959952063959284, '02:54']

Tiempo de entrenamiento: 5331.79 segundos
/mnt/homeGPU/haoweihu/TFG/lib/python3.10/site-packages/fastai/learner.py:455: UserWarning: load_learner` uses Python's insecure pickle module, which can execute malicious arbitrary code when loading. Only load files you trust.
If you only need to load model weights and optimizer state, use the safe `Learner.load` instead.
  warn("load_learner` uses Python's insecure pickle module, which can execute malicious arbitrary code when loading. Only load files you trust.\nIf you only need to load model weights and optimizer state, use the safe `Learner.load` instead.")
Loss (valid): 0.8799
Accuracy (valid): 0.6982
Recall (valid): 0.6982
F1-Score (valid): 0.6960
Loss (test): 0.8989
Accuracy (test): 0.6871
Recall (test): 0.6870
F1-Score (test): 0.6842
mail: cannot send message: Process exited with a non-zero status
