/mnt/homeGPU/haoweihu/TFG/lib/python3.10/site-packages/torchvision/models/_utils.py:208: UserWarning: The parameter 'pretrained' is deprecated since 0.13 and may be removed in the future, please use 'weights' instead.
  warnings.warn(
/mnt/homeGPU/haoweihu/TFG/lib/python3.10/site-packages/torchvision/models/_utils.py:223: UserWarning: Arguments other than a weight enum or `None` for 'weights' are deprecated since 0.13 and may be removed in the future. The current behavior is equivalent to passing `weights=EfficientNet_V2_S_Weights.IMAGENET1K_V1`. You can also use `weights=EfficientNet_V2_S_Weights.DEFAULT` to get the most up-to-date weights.
  warnings.warn(msg)
---------------------------------------------------------------------------
Ejecutando: cifar_10pct_effnetv2s_fps_pre_quant
---------------------------------------------------------------------------
False
Número total de imágenes en entrenamiento: 3994
Número total de imágenes en validación: 10000
Clases: ['airplane', 'automobile', 'bird', 'cat', 'deer', 'dog', 'frog', 'horse', 'ship', 'truck']
weights = None
[0, 3.634028911590576, 2.6281869411468506, 0.14350000023841858, 0.1435, 0.13869604400362548, '00:52']
[1, 3.3014986515045166, 2.280914306640625, 0.23499999940395355, 0.23500000000000001, 0.22505810022308967, '00:52']
[2, 3.106476306915283, 2.167372465133667, 0.2766999900341034, 0.27670000000000006, 0.2621251170975743, '00:52']
[3, 2.944847583770752, 2.086996078491211, 0.2969000041484833, 0.2969, 0.29058725034356564, '00:52']
[4, 2.770991086959839, 1.9810081720352173, 0.31619998812675476, 0.3162, 0.30226116747255244, '00:54']
[5, 2.572023391723633, 1.951705813407898, 0.326200008392334, 0.3262, 0.3194643476556985, '00:55']
[6, 2.4132182598114014, 1.8440474271774292, 0.35830000042915344, 0.35829999999999995, 0.34065977621964866, '00:54']
[7, 2.3059113025665283, 1.8388901948928833, 0.35740000009536743, 0.35740000000000005, 0.3444616762296496, '00:52']
[8, 2.1661031246185303, 1.8203412294387817, 0.36910000443458557, 0.36910000000000004, 0.36426354278072204, '00:52']
[9, 2.085055112838745, 1.709046483039856, 0.38920000195503235, 0.38920000000000005, 0.3843382370454044, '00:53']
[10, 2.0194358825683594, 1.6893240213394165, 0.3944999873638153, 0.39449999999999996, 0.38370813731457265, '00:52']
[11, 1.9453048706054688, 1.646910548210144, 0.4124999940395355, 0.4125, 0.3980015356935303, '00:53']
[12, 1.8939155340194702, 1.6256266832351685, 0.4205000102519989, 0.4205, 0.41898008155928573, '00:52']
[13, 1.8629138469696045, 1.5979453325271606, 0.4284999966621399, 0.4285, 0.4224737011109661, '00:53']
[14, 1.823622703552246, 1.550315260887146, 0.4429999887943268, 0.44299999999999995, 0.43369598609526, '00:52']
[15, 1.7607972621917725, 1.5424981117248535, 0.45399999618530273, 0.454, 0.44299001803148685, '00:53']
[16, 1.7172884941101074, 1.5187824964523315, 0.46059998869895935, 0.46060000000000006, 0.4499997139006246, '00:53']
[17, 1.677086591720581, 1.4961495399475098, 0.46950000524520874, 0.46950000000000003, 0.463994748612393, '00:52']
[18, 1.637518048286438, 1.4804869890213013, 0.47780001163482666, 0.47779999999999995, 0.4691952768798677, '00:53']
[19, 1.5918233394622803, 1.4616972208023071, 0.48240000009536743, 0.4824, 0.4761622988052737, '00:52']
[20, 1.5709421634674072, 1.4546877145767212, 0.4887000024318695, 0.4887, 0.48103575175492297, '00:52']
[21, 1.542391300201416, 1.4467467069625854, 0.4932999908924103, 0.49329999999999996, 0.48527141177244004, '00:53']
[22, 1.5194531679153442, 1.4354196786880493, 0.4952999949455261, 0.4953, 0.4877701827809265, '00:52']
[23, 1.484782099723816, 1.4373767375946045, 0.49619999527931213, 0.4962, 0.48768040936283397, '00:53']
[24, 1.482142448425293, 1.4326698780059814, 0.49639999866485596, 0.49639999999999995, 0.48816805228784127, '00:54']
[25, 1.4544330835342407, 1.4279420375823975, 0.4975000023841858, 0.49750000000000005, 0.48962318381296155, '00:52']
[26, 1.4128319025039673, 1.423588752746582, 0.5006999969482422, 0.5006999999999999, 0.49260293833610475, '00:52']
[27, 1.4368199110031128, 1.420377492904663, 0.49959999322891235, 0.49960000000000004, 0.4920455428568021, '00:52']
[28, 1.4148064851760864, 1.4210553169250488, 0.5016999840736389, 0.5017, 0.4938848923734039, '00:52']
[29, 1.430322289466858, 1.4186009168624878, 0.5006999969482422, 0.5007, 0.4932488290058705, '00:52']

Tiempo de entrenamiento: 1593.66 segundos
/mnt/homeGPU/haoweihu/TFG/lib/python3.10/site-packages/fastai/learner.py:455: UserWarning: load_learner` uses Python's insecure pickle module, which can execute malicious arbitrary code when loading. Only load files you trust.
If you only need to load model weights and optimizer state, use the safe `Learner.load` instead.
  warn("load_learner` uses Python's insecure pickle module, which can execute malicious arbitrary code when loading. Only load files you trust.\nIf you only need to load model weights and optimizer state, use the safe `Learner.load` instead.")
Loss (valid): 1.4186
Accuracy (valid): 0.5007
Recall (valid): 0.5007
F1-Score (valid): 0.4932
/mnt/homeGPU/haoweihu/TFG/lib/python3.10/site-packages/torchvision/models/_utils.py:208: UserWarning: The parameter 'pretrained' is deprecated since 0.13 and may be removed in the future, please use 'weights' instead.
  warnings.warn(
/mnt/homeGPU/haoweihu/TFG/lib/python3.10/site-packages/torchvision/models/_utils.py:223: UserWarning: Arguments other than a weight enum or `None` for 'weights' are deprecated since 0.13 and may be removed in the future. The current behavior is equivalent to passing `weights=EfficientNet_V2_S_Weights.IMAGENET1K_V1`. You can also use `weights=EfficientNet_V2_S_Weights.DEFAULT` to get the most up-to-date weights.
  warnings.warn(msg)
Loss (test): 1.4319
Accuracy (test): 0.4888
Recall (test): 0.4888
F1-Score (test): 0.4807
---------------------------------------------------------------------------
Ejecutando: cifar_20pct_effnetv2s_fps_pre_quant
---------------------------------------------------------------------------
False
Número total de imágenes en entrenamiento: 7896
Número total de imágenes en validación: 10000
Clases: ['airplane', 'automobile', 'bird', 'cat', 'deer', 'dog', 'frog', 'horse', 'ship', 'truck']
weights = None
[0, 3.4753096103668213, 2.3751115798950195, 0.2012999951839447, 0.20129999999999998, 0.19089754891722827, '01:10']
[1, 3.1186492443084717, 2.101382255554199, 0.2856000065803528, 0.28559999999999997, 0.27783469587060106, '01:10']
[2, 2.861513137817383, 2.017653226852417, 0.3052000105381012, 0.3052, 0.29134228256495925, '01:11']
[3, 2.5739991664886475, 1.8850148916244507, 0.33899998664855957, 0.33899999999999997, 0.3307874299744653, '01:11']
[4, 2.3718507289886475, 1.8049849271774292, 0.36980000138282776, 0.3698, 0.3557102826812454, '01:11']
[5, 2.2199435234069824, 1.8194503784179688, 0.3662000000476837, 0.36619999999999997, 0.34990120837501004, '01:11']
[6, 2.0842740535736084, 1.6604291200637817, 0.4099000096321106, 0.40990000000000004, 0.40039295319105506, '01:11']
[7, 1.9981087446212769, 1.6648205518722534, 0.415800005197525, 0.41580000000000006, 0.40303887661432747, '01:11']
[8, 1.8978495597839355, 1.560304045677185, 0.4514999985694885, 0.45150000000000007, 0.4425960431600185, '01:12']
[9, 1.8495248556137085, 1.5345367193222046, 0.45840001106262207, 0.4584, 0.4466448303887395, '01:12']
[10, 1.7863991260528564, 1.4968644380569458, 0.47609999775886536, 0.4761, 0.4699844978943942, '01:12']
[11, 1.716574788093567, 1.4660959243774414, 0.4896000027656555, 0.4896, 0.48173484666445765, '01:12']
[12, 1.6433287858963013, 1.4340392351150513, 0.5001999735832214, 0.5002, 0.49168104914209876, '01:11']
[13, 1.5714213848114014, 1.3768330812454224, 0.5196999907493591, 0.5197, 0.5147056540223444, '01:11']
[14, 1.482038974761963, 1.3450757265090942, 0.5321000218391418, 0.5321, 0.5258263437716182, '01:11']
[15, 1.448729157447815, 1.3159723281860352, 0.5396000146865845, 0.5396, 0.5350779341595724, '01:11']
[16, 1.4279454946517944, 1.2904784679412842, 0.5473999977111816, 0.5474, 0.5416491346231417, '01:13']
[17, 1.3639501333236694, 1.2667310237884521, 0.555899977684021, 0.5559000000000001, 0.552003655698097, '01:15']
[18, 1.3388954401016235, 1.2516626119613647, 0.5636000037193298, 0.5636, 0.5573684039351625, '01:12']
[19, 1.3142797946929932, 1.235093355178833, 0.5670999884605408, 0.5670999999999999, 0.5626064013133351, '01:12']
[20, 1.2795581817626953, 1.227026104927063, 0.5727999806404114, 0.5728, 0.570940499574006, '01:11']
[21, 1.2556382417678833, 1.217362880706787, 0.5753999948501587, 0.5753999999999999, 0.5716768636048946, '01:11']
[22, 1.2403730154037476, 1.2095485925674438, 0.5770000219345093, 0.5770000000000001, 0.574363887565766, '01:12']
[23, 1.216713309288025, 1.203494668006897, 0.5802000164985657, 0.5802, 0.5759733159153092, '01:12']
[24, 1.2283152341842651, 1.1998568773269653, 0.5817000269889832, 0.5817, 0.5775368684669688, '01:12']
[25, 1.1754770278930664, 1.1974921226501465, 0.5837000012397766, 0.5837, 0.5797239614429792, '01:12']
[26, 1.182227373123169, 1.196665644645691, 0.5825999975204468, 0.5826, 0.5788224440070642, '01:11']
[27, 1.1819261312484741, 1.197228193283081, 0.5849000215530396, 0.5849, 0.5806514695069898, '01:12']
[28, 1.1708669662475586, 1.194145917892456, 0.5842999815940857, 0.5843, 0.5808123912414302, '01:12']
[29, 1.1870136260986328, 1.2009978294372559, 0.5831000208854675, 0.5831, 0.5787811882184751, '01:11']

Tiempo de entrenamiento: 2163.56 segundos
/mnt/homeGPU/haoweihu/TFG/lib/python3.10/site-packages/fastai/learner.py:455: UserWarning: load_learner` uses Python's insecure pickle module, which can execute malicious arbitrary code when loading. Only load files you trust.
If you only need to load model weights and optimizer state, use the safe `Learner.load` instead.
  warn("load_learner` uses Python's insecure pickle module, which can execute malicious arbitrary code when loading. Only load files you trust.\nIf you only need to load model weights and optimizer state, use the safe `Learner.load` instead.")
Loss (valid): 1.2010
Accuracy (valid): 0.5831
Recall (valid): 0.5831
F1-Score (valid): 0.5788
/mnt/homeGPU/haoweihu/TFG/lib/python3.10/site-packages/torchvision/models/_utils.py:208: UserWarning: The parameter 'pretrained' is deprecated since 0.13 and may be removed in the future, please use 'weights' instead.
  warnings.warn(
/mnt/homeGPU/haoweihu/TFG/lib/python3.10/site-packages/torchvision/models/_utils.py:223: UserWarning: Arguments other than a weight enum or `None` for 'weights' are deprecated since 0.13 and may be removed in the future. The current behavior is equivalent to passing `weights=EfficientNet_V2_S_Weights.IMAGENET1K_V1`. You can also use `weights=EfficientNet_V2_S_Weights.DEFAULT` to get the most up-to-date weights.
  warnings.warn(msg)
Loss (test): 1.1995
Accuracy (test): 0.5814
Recall (test): 0.5815
F1-Score (test): 0.5765
---------------------------------------------------------------------------
Ejecutando: cifar_30pct_effnetv2s_fps_pre_quant
---------------------------------------------------------------------------
False
Número total de imágenes en entrenamiento: 11682
Número total de imágenes en validación: 10000
Clases: ['airplane', 'automobile', 'bird', 'cat', 'deer', 'dog', 'frog', 'horse', 'ship', 'truck']
weights = None
[0, 3.321631669998169, 2.319535255432129, 0.21400000154972076, 0.21399999999999997, 0.20210926955434222, '01:30']
[1, 2.9492714405059814, 2.0651638507843018, 0.296999990940094, 0.29699999999999993, 0.2779142047827574, '01:30']
[2, 2.6725664138793945, 1.901383399963379, 0.3366999924182892, 0.3367, 0.32471045907389073, '01:30']
[3, 2.399311065673828, 1.8185902833938599, 0.3506999909877777, 0.3507, 0.33762302188953985, '01:31']
[4, 2.1758666038513184, 1.7695034742355347, 0.36340001225471497, 0.36340000000000006, 0.3432917535954326, '01:30']
[5, 2.037428379058838, 1.647054672241211, 0.41029998660087585, 0.4103, 0.3968593806552925, '01:29']
[6, 1.9181636571884155, 1.5978233814239502, 0.43779999017715454, 0.4378, 0.42783302519518474, '01:29']
[7, 1.8082852363586426, 1.5012712478637695, 0.461899995803833, 0.4619, 0.446379873483151, '01:29']
[8, 1.7227916717529297, 1.4280543327331543, 0.49630001187324524, 0.4963, 0.48825160980568166, '01:29']
[9, 1.6243525743484497, 1.3810800313949585, 0.513700008392334, 0.5137, 0.504916741993841, '01:29']
[10, 1.5326168537139893, 1.3066743612289429, 0.5386999845504761, 0.5387000000000001, 0.5293524795770106, '01:29']
[11, 1.4796068668365479, 1.2586920261383057, 0.5572999715805054, 0.5572999999999999, 0.5506653966706871, '01:30']
[12, 1.399084448814392, 1.2183235883712769, 0.5665000081062317, 0.5664999999999999, 0.5601014352683785, '01:30']
[13, 1.3382437229156494, 1.1854970455169678, 0.5853999853134155, 0.5853999999999999, 0.5804838284676477, '01:30']
[14, 1.3046061992645264, 1.1603131294250488, 0.5934000015258789, 0.5934, 0.5867864431704441, '01:30']
[15, 1.253199815750122, 1.1322205066680908, 0.6015999913215637, 0.6016, 0.5978462188048315, '01:30']
[16, 1.2218477725982666, 1.1136574745178223, 0.6065999865531921, 0.6066, 0.6008596289247973, '01:29']
[17, 1.1595709323883057, 1.1011523008346558, 0.6105999946594238, 0.6106, 0.6056865743995512, '01:29']
[18, 1.1553287506103516, 1.0848076343536377, 0.6164000034332275, 0.6164, 0.6126680697958384, '01:29']
[19, 1.1264262199401855, 1.0803890228271484, 0.6233000159263611, 0.6233000000000001, 0.6201647984530059, '01:29']
[20, 1.0859010219573975, 1.0696041584014893, 0.6236000061035156, 0.6236, 0.6206477939051862, '01:29']
[21, 1.0890872478485107, 1.0617536306381226, 0.6295999884605408, 0.6296, 0.6264136952126951, '01:29']
[22, 1.0300487279891968, 1.061141848564148, 0.6287000179290771, 0.6287, 0.6255464177594054, '01:29']
[23, 1.0351165533065796, 1.0571624040603638, 0.6324999928474426, 0.6325000000000001, 0.6292659421772272, '01:32']
[24, 1.002012848854065, 1.0537570714950562, 0.6297000050544739, 0.6297, 0.6262482123166533, '01:33']
[25, 1.040929913520813, 1.0499212741851807, 0.6322000026702881, 0.6322, 0.6296838993895674, '01:29']
[26, 1.00387704372406, 1.0536715984344482, 0.6344000101089478, 0.6344000000000001, 0.6311809578126978, '01:29']
[27, 1.0318896770477295, 1.053441047668457, 0.6322000026702881, 0.6321999999999999, 0.6282475246347681, '01:30']
[28, 0.9987758994102478, 1.0591415166854858, 0.6309000253677368, 0.6309, 0.627163932631269, '01:30']
[29, 0.9963024854660034, 1.05097496509552, 0.6341000199317932, 0.6341, 0.6312031932888023, '01:30']

Tiempo de entrenamiento: 2706.92 segundos
/mnt/homeGPU/haoweihu/TFG/lib/python3.10/site-packages/fastai/learner.py:455: UserWarning: load_learner` uses Python's insecure pickle module, which can execute malicious arbitrary code when loading. Only load files you trust.
If you only need to load model weights and optimizer state, use the safe `Learner.load` instead.
  warn("load_learner` uses Python's insecure pickle module, which can execute malicious arbitrary code when loading. Only load files you trust.\nIf you only need to load model weights and optimizer state, use the safe `Learner.load` instead.")
Loss (valid): 1.0510
Accuracy (valid): 0.6341
Recall (valid): 0.6341
F1-Score (valid): 0.6312
/mnt/homeGPU/haoweihu/TFG/lib/python3.10/site-packages/torchvision/models/_utils.py:208: UserWarning: The parameter 'pretrained' is deprecated since 0.13 and may be removed in the future, please use 'weights' instead.
  warnings.warn(
/mnt/homeGPU/haoweihu/TFG/lib/python3.10/site-packages/torchvision/models/_utils.py:223: UserWarning: Arguments other than a weight enum or `None` for 'weights' are deprecated since 0.13 and may be removed in the future. The current behavior is equivalent to passing `weights=EfficientNet_V2_S_Weights.IMAGENET1K_V1`. You can also use `weights=EfficientNet_V2_S_Weights.DEFAULT` to get the most up-to-date weights.
  warnings.warn(msg)
Loss (test): 1.0661
Accuracy (test): 0.6265
Recall (test): 0.6266
F1-Score (test): 0.6227
---------------------------------------------------------------------------
Ejecutando: cifar_40pct_effnetv2s_fps_pre_quant
---------------------------------------------------------------------------
False
Número total de imágenes en entrenamiento: 15351
Número total de imágenes en validación: 10000
Clases: ['airplane', 'automobile', 'bird', 'cat', 'deer', 'dog', 'frog', 'horse', 'ship', 'truck']
weights = None
[0, 3.1799166202545166, 2.2486164569854736, 0.23849999904632568, 0.2385, 0.22986318823780758, '01:46']
[1, 2.8508493900299072, 2.004441022872925, 0.3077000081539154, 0.3077, 0.2993644031246118, '01:47']
[2, 2.487715482711792, 1.872847080230713, 0.3434000015258789, 0.34340000000000004, 0.32398917045500053, '01:51']
[3, 2.2840049266815186, 1.7654753923416138, 0.3695000112056732, 0.36950000000000005, 0.3610409784704779, '01:49']
[4, 2.0687224864959717, 1.672302484512329, 0.40070000290870667, 0.40070000000000006, 0.38863653262261433, '01:48']
[5, 1.927969217300415, 1.604506015777588, 0.4196999967098236, 0.4196999999999999, 0.40554439680309107, '01:48']
[6, 1.8227030038833618, 1.487426996231079, 0.4763000011444092, 0.4763, 0.46867965599150574, '01:48']
[7, 1.7048276662826538, 1.3858082294464111, 0.5078999996185303, 0.5079, 0.5012596325922598, '01:47']
[8, 1.571030855178833, 1.337843894958496, 0.5252000093460083, 0.5252, 0.5163185540190524, '01:48']
[9, 1.4759238958358765, 1.2605550289154053, 0.5508999824523926, 0.5509, 0.5438740881690538, '01:47']
[10, 1.4128121137619019, 1.199897050857544, 0.5781999826431274, 0.5782, 0.5738678796776645, '01:48']
[11, 1.3530124425888062, 1.1658867597579956, 0.5895000100135803, 0.5895, 0.5849800086408561, '01:47']
[12, 1.296080470085144, 1.1370338201522827, 0.5976999998092651, 0.5977, 0.5944818429662012, '01:47']
[13, 1.2371188402175903, 1.0988901853561401, 0.6122999787330627, 0.6123, 0.6079919176835207, '01:47']
[14, 1.191759705543518, 1.0922281742095947, 0.6205999851226807, 0.6205999999999999, 0.6152034673712989, '01:47']
[15, 1.1646239757537842, 1.065659523010254, 0.6248999834060669, 0.6249, 0.6205247955564916, '01:48']
[16, 1.1415528059005737, 1.0470077991485596, 0.6313999891281128, 0.6314, 0.6277528406065718, '01:47']
[17, 1.104202151298523, 1.0420734882354736, 0.6363000273704529, 0.6363000000000001, 0.6322489764878956, '01:47']
[18, 1.0471473932266235, 1.0331718921661377, 0.6402999758720398, 0.6403000000000001, 0.6363967474522355, '01:47']
[19, 1.066510796546936, 1.0181843042373657, 0.6431999802589417, 0.6432, 0.640045981006006, '01:48']
[20, 1.0426366329193115, 1.013429880142212, 0.645799994468689, 0.6458, 0.643447189957323, '01:47']
[21, 1.0138059854507446, 1.0084805488586426, 0.6502000093460083, 0.6501999999999999, 0.6471184899065625, '01:47']
[22, 0.9810972213745117, 1.0064122676849365, 0.6499999761581421, 0.65, 0.6471155805705567, '01:48']
[23, 0.9781444072723389, 1.0037357807159424, 0.6553999781608582, 0.6554, 0.6519135998652594, '01:48']
[24, 0.9614785313606262, 1.0020228624343872, 0.6527000069618225, 0.6527000000000001, 0.649064136724532, '01:50']
[25, 0.9637467861175537, 0.9986157417297363, 0.6547999978065491, 0.6548, 0.6519929887434717, '01:47']
[26, 0.9586111903190613, 1.0009901523590088, 0.6524999737739563, 0.6525000000000001, 0.649351972319093, '01:47']
[27, 0.9498835802078247, 1.000056266784668, 0.654699981212616, 0.6547, 0.6517749180711273, '01:47']
[28, 0.9447745680809021, 0.9994423985481262, 0.6549000144004822, 0.6548999999999999, 0.652281728654869, '01:48']
[29, 0.9468337893486023, 0.9994292259216309, 0.6561999917030334, 0.6562, 0.6531120525602586, '01:48']

Tiempo de entrenamiento: 3244.69 segundos
/mnt/homeGPU/haoweihu/TFG/lib/python3.10/site-packages/fastai/learner.py:455: UserWarning: load_learner` uses Python's insecure pickle module, which can execute malicious arbitrary code when loading. Only load files you trust.
If you only need to load model weights and optimizer state, use the safe `Learner.load` instead.
  warn("load_learner` uses Python's insecure pickle module, which can execute malicious arbitrary code when loading. Only load files you trust.\nIf you only need to load model weights and optimizer state, use the safe `Learner.load` instead.")
Loss (valid): 0.9994
Accuracy (valid): 0.6562
Recall (valid): 0.6562
F1-Score (valid): 0.6531
/mnt/homeGPU/haoweihu/TFG/lib/python3.10/site-packages/torchvision/models/_utils.py:208: UserWarning: The parameter 'pretrained' is deprecated since 0.13 and may be removed in the future, please use 'weights' instead.
  warnings.warn(
/mnt/homeGPU/haoweihu/TFG/lib/python3.10/site-packages/torchvision/models/_utils.py:223: UserWarning: Arguments other than a weight enum or `None` for 'weights' are deprecated since 0.13 and may be removed in the future. The current behavior is equivalent to passing `weights=EfficientNet_V2_S_Weights.IMAGENET1K_V1`. You can also use `weights=EfficientNet_V2_S_Weights.DEFAULT` to get the most up-to-date weights.
  warnings.warn(msg)
Loss (test): 1.0144
Accuracy (test): 0.6499
Recall (test): 0.6500
F1-Score (test): 0.6462
---------------------------------------------------------------------------
Ejecutando: cifar_50pct_effnetv2s_fps_pre_quant
---------------------------------------------------------------------------
False
Número total de imágenes en entrenamiento: 18874
Número total de imágenes en validación: 10000
Clases: ['airplane', 'automobile', 'bird', 'cat', 'deer', 'dog', 'frog', 'horse', 'ship', 'truck']
weights = None
[0, 3.1206696033477783, 2.2107391357421875, 0.2565000057220459, 0.2565, 0.2442752133996032, '02:06']
[1, 2.8025624752044678, 2.000897169113159, 0.32179999351501465, 0.3218, 0.3112843049638374, '02:08']
[2, 2.467860460281372, 1.8546247482299805, 0.34360000491142273, 0.3436, 0.3285087687474687, '02:08']
[3, 2.174067258834839, 1.736760139465332, 0.39340001344680786, 0.3934, 0.38087745590923194, '02:07']
[4, 1.9777798652648926, 1.65030837059021, 0.41990000009536743, 0.4199, 0.4111965098066356, '02:08']
[5, 1.855303168296814, 1.6300674676895142, 0.43849998712539673, 0.43850000000000006, 0.43430521616926904, '02:08']
[6, 1.6792340278625488, 1.4222875833511353, 0.5009999871253967, 0.501, 0.49222342283339426, '02:07']
[7, 1.5619659423828125, 1.307991862297058, 0.5389000177383423, 0.5389, 0.5298402243189393, '02:09']
[8, 1.4348615407943726, 1.2363108396530151, 0.5667999982833862, 0.5668, 0.5616076637269145, '02:15']
[9, 1.3745081424713135, 1.1748813390731812, 0.5878999829292297, 0.5879000000000001, 0.5856098691564795, '02:17']
[10, 1.3012739419937134, 1.139742374420166, 0.5958999991416931, 0.5959000000000001, 0.5918691443091111, '02:11']
[11, 1.2541471719741821, 1.0889997482299805, 0.616599977016449, 0.6165999999999999, 0.613273512761506, '02:10']
[12, 1.196635127067566, 1.0661779642105103, 0.6276000142097473, 0.6276, 0.6252685655244806, '02:10']
[13, 1.1498639583587646, 1.0440503358840942, 0.6383000016212463, 0.6383000000000001, 0.6354974057101783, '02:10']
[14, 1.135446548461914, 1.018024206161499, 0.646399974822998, 0.6464, 0.643485349794451, '02:10']
[15, 1.0855858325958252, 1.006341576576233, 0.6513000130653381, 0.6513, 0.6474657942138128, '02:09']
[16, 1.0555564165115356, 1.0004419088363647, 0.656000018119812, 0.6559999999999999, 0.6527888166842526, '02:10']
[17, 1.0160366296768188, 0.9953029155731201, 0.6572999954223633, 0.6573, 0.6540659630873977, '02:10']
[18, 1.0146209001541138, 0.9859703183174133, 0.661300003528595, 0.6613, 0.657529665972949, '02:10']
[19, 0.978847086429596, 0.9827069044113159, 0.6618000268936157, 0.6617999999999999, 0.6584302629238156, '02:10']
[20, 0.9650681018829346, 0.9707713723182678, 0.6657999753952026, 0.6658000000000001, 0.6631855949209762, '02:09']
[21, 0.9542788863182068, 0.9719390869140625, 0.6654999852180481, 0.6655, 0.662551894458326, '02:09']
[22, 0.9366883635520935, 0.9661926627159119, 0.6661999821662903, 0.6661999999999999, 0.6641443951972476, '02:09']
[23, 0.924587607383728, 0.9667183756828308, 0.6682999730110168, 0.6683, 0.6651355254513488, '02:09']
[24, 0.9253470301628113, 0.9656556844711304, 0.6700000166893005, 0.6699999999999999, 0.6677155046934999, '02:08']
[25, 0.9202419519424438, 0.9616018533706665, 0.6705999970436096, 0.6706000000000001, 0.6685569411908213, '02:07']
[26, 0.9009603261947632, 0.9633195996284485, 0.6692000031471252, 0.6691999999999999, 0.6666715957817305, '02:09']
[27, 0.8909944891929626, 0.9603935480117798, 0.6712999939918518, 0.6713, 0.6687157999012435, '02:11']
[28, 0.8930081129074097, 0.960574209690094, 0.6711000204086304, 0.6710999999999999, 0.6685260033456256, '02:10']
[29, 0.9062948822975159, 0.9639164805412292, 0.6714000105857849, 0.6714, 0.6685025852572242, '02:14']

Tiempo de entrenamiento: 3902.33 segundos
/mnt/homeGPU/haoweihu/TFG/lib/python3.10/site-packages/fastai/learner.py:455: UserWarning: load_learner` uses Python's insecure pickle module, which can execute malicious arbitrary code when loading. Only load files you trust.
If you only need to load model weights and optimizer state, use the safe `Learner.load` instead.
  warn("load_learner` uses Python's insecure pickle module, which can execute malicious arbitrary code when loading. Only load files you trust.\nIf you only need to load model weights and optimizer state, use the safe `Learner.load` instead.")
Loss (valid): 0.9639
Accuracy (valid): 0.6714
Recall (valid): 0.6714
F1-Score (valid): 0.6685
/mnt/homeGPU/haoweihu/TFG/lib/python3.10/site-packages/torchvision/models/_utils.py:208: UserWarning: The parameter 'pretrained' is deprecated since 0.13 and may be removed in the future, please use 'weights' instead.
  warnings.warn(
/mnt/homeGPU/haoweihu/TFG/lib/python3.10/site-packages/torchvision/models/_utils.py:223: UserWarning: Arguments other than a weight enum or `None` for 'weights' are deprecated since 0.13 and may be removed in the future. The current behavior is equivalent to passing `weights=EfficientNet_V2_S_Weights.IMAGENET1K_V1`. You can also use `weights=EfficientNet_V2_S_Weights.DEFAULT` to get the most up-to-date weights.
  warnings.warn(msg)
Loss (test): 0.9732
Accuracy (test): 0.6643
Recall (test): 0.6643
F1-Score (test): 0.6610
---------------------------------------------------------------------------
Ejecutando: cifar_60pct_effnetv2s_fps_pre_quant
---------------------------------------------------------------------------
False
Número total de imágenes en entrenamiento: 21842
Número total de imágenes en validación: 10000
Clases: ['airplane', 'automobile', 'bird', 'cat', 'deer', 'dog', 'frog', 'horse', 'ship', 'truck']
weights = None
[0, 3.1221368312835693, 2.1811227798461914, 0.27129998803138733, 0.2713, 0.25919942017053466, '02:21']
[1, 2.7707831859588623, 1.9351106882095337, 0.32519999146461487, 0.3252, 0.31846659298977054, '02:21']
[2, 2.3667378425598145, 1.7896758317947388, 0.3610000014305115, 0.361, 0.3541386325472706, '02:20']
[3, 2.0707154273986816, 1.7094674110412598, 0.3993000090122223, 0.3993, 0.38551876968514326, '02:21']
[4, 1.9429442882537842, 1.6031811237335205, 0.43479999899864197, 0.4347999999999999, 0.42799059731026673, '02:21']
[5, 1.7662537097930908, 1.4689974784851074, 0.47620001435279846, 0.47620000000000007, 0.4665375941656814, '02:20']
[6, 1.6538455486297607, 1.3801584243774414, 0.5121999979019165, 0.5122, 0.506560695780615, '02:20']
[7, 1.5034834146499634, 1.2610355615615845, 0.5534999966621399, 0.5535, 0.5436251582915858, '02:21']
[8, 1.3937643766403198, 1.1858938932418823, 0.5809999704360962, 0.581, 0.5746725445677002, '02:23']
[9, 1.317167043685913, 1.1146955490112305, 0.6054999828338623, 0.6054999999999999, 0.6007322429464005, '02:23']
[10, 1.2452601194381714, 1.0752842426300049, 0.6183000206947327, 0.6183, 0.6128075986327535, '02:21']
[11, 1.2153340578079224, 1.0349947214126587, 0.6345999836921692, 0.6345999999999999, 0.631990678741205, '02:19']
[12, 1.183700680732727, 1.0091971158981323, 0.6452999711036682, 0.6453, 0.6418187344063195, '02:22']
[13, 1.1093840599060059, 0.9863686561584473, 0.6478000283241272, 0.6477999999999999, 0.6452451494271025, '02:26']
[14, 1.1106878519058228, 0.9737233519554138, 0.6549000144004822, 0.6548999999999999, 0.6524685804913782, '02:22']
[15, 1.090876817703247, 0.9611291885375977, 0.660099983215332, 0.6601000000000001, 0.6567441461656209, '02:21']
[16, 1.0366880893707275, 0.9486415982246399, 0.6664999723434448, 0.6665, 0.662879961482436, '02:20']
[17, 1.0485913753509521, 0.9464588165283203, 0.666100025177002, 0.6660999999999999, 0.6629348887586992, '02:21']
[18, 1.0225895643234253, 0.9286131858825684, 0.671500027179718, 0.6715000000000002, 0.668617324699401, '02:20']
[19, 0.9647713303565979, 0.9303376078605652, 0.6703000068664551, 0.6702999999999999, 0.6680339685023836, '02:20']
[20, 0.9713410139083862, 0.9264841079711914, 0.6729000210762024, 0.6729, 0.6704592527399652, '02:19']
[21, 0.9457464814186096, 0.9193497896194458, 0.677299976348877, 0.6773, 0.6757009008505623, '02:19']
[22, 0.9242821931838989, 0.9249302744865417, 0.677299976348877, 0.6773, 0.6737588300701747, '02:19']
[23, 0.9020535945892334, 0.9193615913391113, 0.6769000291824341, 0.6769, 0.6748311722902022, '02:20']
[24, 0.9034256935119629, 0.9203876852989197, 0.6779999732971191, 0.6779999999999999, 0.6749656309888857, '02:19']
[25, 0.8994452953338623, 0.9148467779159546, 0.6812000274658203, 0.6811999999999999, 0.679349964825879, '02:19']
[26, 0.8896741271018982, 0.9170582294464111, 0.6790000200271606, 0.679, 0.6763831374791385, '02:19']
[27, 0.8909230828285217, 0.917241096496582, 0.6825000047683716, 0.6824999999999999, 0.6797876583940028, '02:19']
[28, 0.8812364339828491, 0.9148098826408386, 0.6808000206947327, 0.6808, 0.678397653811105, '02:19']
[29, 0.8806819319725037, 0.9145891666412354, 0.6812999844551086, 0.6813, 0.6791765771204294, '02:19']

Tiempo de entrenamiento: 4229.95 segundos
/mnt/homeGPU/haoweihu/TFG/lib/python3.10/site-packages/fastai/learner.py:455: UserWarning: load_learner` uses Python's insecure pickle module, which can execute malicious arbitrary code when loading. Only load files you trust.
If you only need to load model weights and optimizer state, use the safe `Learner.load` instead.
  warn("load_learner` uses Python's insecure pickle module, which can execute malicious arbitrary code when loading. Only load files you trust.\nIf you only need to load model weights and optimizer state, use the safe `Learner.load` instead.")
Loss (valid): 0.9146
Accuracy (valid): 0.6813
Recall (valid): 0.6813
F1-Score (valid): 0.6792
/mnt/homeGPU/haoweihu/TFG/lib/python3.10/site-packages/torchvision/models/_utils.py:208: UserWarning: The parameter 'pretrained' is deprecated since 0.13 and may be removed in the future, please use 'weights' instead.
  warnings.warn(
/mnt/homeGPU/haoweihu/TFG/lib/python3.10/site-packages/torchvision/models/_utils.py:223: UserWarning: Arguments other than a weight enum or `None` for 'weights' are deprecated since 0.13 and may be removed in the future. The current behavior is equivalent to passing `weights=EfficientNet_V2_S_Weights.IMAGENET1K_V1`. You can also use `weights=EfficientNet_V2_S_Weights.DEFAULT` to get the most up-to-date weights.
  warnings.warn(msg)
Loss (test): 0.9532
Accuracy (test): 0.6695
Recall (test): 0.6695
F1-Score (test): 0.6664
---------------------------------------------------------------------------
Ejecutando: cifar_70pct_effnetv2s_fps_pre_quant
---------------------------------------------------------------------------
False
Número total de imágenes en entrenamiento: 24956
Número total de imágenes en validación: 10000
Clases: ['airplane', 'automobile', 'bird', 'cat', 'deer', 'dog', 'frog', 'horse', 'ship', 'truck']
weights = None
[0, 3.021923780441284, 2.1146256923675537, 0.2775000035762787, 0.2775, 0.2656581963315688, '02:33']
[1, 2.662118434906006, 1.9082374572753906, 0.33959999680519104, 0.3396, 0.32722364263019355, '02:34']
[2, 2.2843730449676514, 1.7664333581924438, 0.37450000643730164, 0.37449999999999994, 0.36202883904114525, '02:34']
[3, 2.0711193084716797, 1.6763765811920166, 0.40209999680519104, 0.4021, 0.39300119767600716, '02:33']
[4, 1.8499350547790527, 1.5485304594039917, 0.4480000138282776, 0.44799999999999995, 0.4375497071109974, '02:37']
[5, 1.6762317419052124, 1.3994477987289429, 0.5030999779701233, 0.5031000000000001, 0.49705494317143406, '02:39']
[6, 1.5203787088394165, 1.2620247602462769, 0.5519999861717224, 0.5519999999999999, 0.5483397470114133, '02:35']
[7, 1.3807092905044556, 1.1671277284622192, 0.5889999866485596, 0.589, 0.5854551972861798, '02:34']
[8, 1.3077071905136108, 1.1149548292160034, 0.609000027179718, 0.609, 0.6048873727584241, '02:35']
[9, 1.247729778289795, 1.068376064300537, 0.6248999834060669, 0.6248999999999999, 0.6196488423501973, '02:34']
[10, 1.211205005645752, 1.0237596035003662, 0.6399000287055969, 0.6399000000000001, 0.6371829935658538, '02:34']
[11, 1.1486562490463257, 1.0021278858184814, 0.6514000296592712, 0.6514, 0.6485257854718317, '02:34']
[12, 1.10763680934906, 0.9859863519668579, 0.6583999991416931, 0.6584, 0.6559226037576963, '02:34']
[13, 1.068179726600647, 0.9668031334877014, 0.6651999950408936, 0.6652, 0.6622661246130598, '02:35']
[14, 1.0465151071548462, 0.9554322361946106, 0.6692000031471252, 0.6691999999999999, 0.6665727340890035, '02:35']
[15, 1.0212067365646362, 0.9428484439849854, 0.6723999977111816, 0.6724, 0.6720535315238256, '02:35']
[16, 1.0007792711257935, 0.9359948039054871, 0.6771000027656555, 0.6770999999999999, 0.6753589298802481, '02:34']
[17, 0.9790026545524597, 0.9317008852958679, 0.6791999936103821, 0.6792, 0.6774282241688183, '02:35']
[18, 0.9535763263702393, 0.9259808659553528, 0.6804999709129333, 0.6805, 0.6776193166670368, '02:34']
[19, 0.9315503239631653, 0.9176885485649109, 0.6833999752998352, 0.6834, 0.6815913854758935, '02:34']
[20, 0.944395124912262, 0.9145864248275757, 0.6868000030517578, 0.6868000000000001, 0.6852686776338407, '02:34']
[21, 0.904572069644928, 0.9147294759750366, 0.6840999722480774, 0.6841, 0.6807689521283964, '02:35']
[22, 0.9002408981323242, 0.9117773175239563, 0.6848000288009644, 0.6848, 0.6818163812144664, '02:34']
[23, 0.8957515358924866, 0.9076864123344421, 0.6866000294685364, 0.6865999999999999, 0.6845961024542745, '02:34']
[24, 0.8817780017852783, 0.9068456292152405, 0.6891000270843506, 0.6891, 0.6870038783096881, '02:34']
[25, 0.8409528732299805, 0.9063772559165955, 0.6894999742507935, 0.6895, 0.6874403174247541, '02:34']
[26, 0.8476618528366089, 0.9062498211860657, 0.6876999735832214, 0.6877000000000001, 0.6853848287288501, '02:34']
[27, 0.8642758131027222, 0.9068219661712646, 0.6884999871253967, 0.6885, 0.6861450460480762, '02:34']
[28, 0.8642919063568115, 0.9027256965637207, 0.6901000142097473, 0.6900999999999999, 0.6884659556283145, '02:35']
[29, 0.8457071185112, 0.9067789912223816, 0.689300000667572, 0.6893, 0.6871688590507536, '02:35']

Tiempo de entrenamiento: 4647.46 segundos
/mnt/homeGPU/haoweihu/TFG/lib/python3.10/site-packages/fastai/learner.py:455: UserWarning: load_learner` uses Python's insecure pickle module, which can execute malicious arbitrary code when loading. Only load files you trust.
If you only need to load model weights and optimizer state, use the safe `Learner.load` instead.
  warn("load_learner` uses Python's insecure pickle module, which can execute malicious arbitrary code when loading. Only load files you trust.\nIf you only need to load model weights and optimizer state, use the safe `Learner.load` instead.")
Loss (valid): 0.9068
Accuracy (valid): 0.6893
Recall (valid): 0.6893
F1-Score (valid): 0.6872
/mnt/homeGPU/haoweihu/TFG/lib/python3.10/site-packages/torchvision/models/_utils.py:208: UserWarning: The parameter 'pretrained' is deprecated since 0.13 and may be removed in the future, please use 'weights' instead.
  warnings.warn(
/mnt/homeGPU/haoweihu/TFG/lib/python3.10/site-packages/torchvision/models/_utils.py:223: UserWarning: Arguments other than a weight enum or `None` for 'weights' are deprecated since 0.13 and may be removed in the future. The current behavior is equivalent to passing `weights=EfficientNet_V2_S_Weights.IMAGENET1K_V1`. You can also use `weights=EfficientNet_V2_S_Weights.DEFAULT` to get the most up-to-date weights.
  warnings.warn(msg)
Loss (test): 0.9347
Accuracy (test): 0.6788
Recall (test): 0.6787
F1-Score (test): 0.6758
---------------------------------------------------------------------------
Ejecutando: cifar_80pct_effnetv2s_fps_pre_quant
---------------------------------------------------------------------------
False
Número total de imágenes en entrenamiento: 27443
Número total de imágenes en validación: 10000
Clases: ['airplane', 'automobile', 'bird', 'cat', 'deer', 'dog', 'frog', 'horse', 'ship', 'truck']
weights = None
[0, 2.9553604125976562, 2.094332695007324, 0.28630000352859497, 0.2863, 0.268863869125977, '02:45']
[1, 2.5798659324645996, 1.8862534761428833, 0.34459999203681946, 0.3446, 0.33680716870536465, '02:45']
[2, 2.2088818550109863, 1.7474638223648071, 0.37560001015663147, 0.37560000000000004, 0.37008910432695197, '02:46']
[3, 1.9881271123886108, 1.6676771640777588, 0.4050000011920929, 0.40499999999999997, 0.3940661980683361, '02:45']
[4, 1.7929929494857788, 1.5188870429992676, 0.4661000072956085, 0.46610000000000007, 0.45867046173539616, '02:45']
[5, 1.632634162902832, 1.358791470527649, 0.5192999839782715, 0.5193000000000001, 0.5145216044463027, '02:46']
[6, 1.4646847248077393, 1.2606605291366577, 0.5555999875068665, 0.5556000000000001, 0.5504980491030659, '02:46']
[7, 1.337529182434082, 1.1563581228256226, 0.593999981880188, 0.5940000000000001, 0.5892524851443365, '02:59']
[8, 1.2718751430511475, 1.095612645149231, 0.6177999973297119, 0.6178, 0.6121741558134799, '03:23']
[9, 1.2208706140518188, 1.048012375831604, 0.6358000040054321, 0.6357999999999999, 0.6326126766506498, '02:44']
[10, 1.1740247011184692, 1.0088368654251099, 0.6467000246047974, 0.6466999999999999, 0.6426912110828777, '02:44']
[11, 1.1264928579330444, 0.9944941401481628, 0.6496000289916992, 0.6496, 0.644669720695109, '02:44']
[12, 1.0670191049575806, 0.9591492414474487, 0.666100025177002, 0.6660999999999999, 0.6638076072220412, '02:45']
[13, 1.0745017528533936, 0.9560015797615051, 0.6671000123023987, 0.6670999999999998, 0.6646839244855386, '02:45']
[14, 1.0255720615386963, 0.9365634918212891, 0.6751999855041504, 0.6752, 0.6728340620793063, '02:44']
[15, 0.9852256774902344, 0.9278678894042969, 0.6783000230789185, 0.6783, 0.6760800162219361, '02:44']
[16, 0.9907687902450562, 0.9148226380348206, 0.6820999979972839, 0.6821, 0.6790795551340415, '02:45']
[17, 0.9622295498847961, 0.909210741519928, 0.6826000213623047, 0.6826000000000001, 0.6818058890232812, '02:45']
[18, 0.942386269569397, 0.9034624099731445, 0.6873999834060669, 0.6874, 0.6852233005250072, '02:45']
[19, 0.9337301850318909, 0.8946559429168701, 0.6879000067710876, 0.6879000000000001, 0.6856123928246726, '02:45']
[20, 0.9069014191627502, 0.8911390900611877, 0.691100001335144, 0.6910999999999999, 0.6891375729823517, '02:45']
[21, 0.8772841095924377, 0.8910219669342041, 0.6906999945640564, 0.6907, 0.6880606134947662, '02:45']
[22, 0.8795806169509888, 0.8889802694320679, 0.6901999711990356, 0.6901999999999999, 0.6880932570851714, '02:44']
[23, 0.8875219225883484, 0.8896547555923462, 0.6926000118255615, 0.6926, 0.6906979275861753, '02:44']
[24, 0.8647459149360657, 0.8847389817237854, 0.6920999884605408, 0.6920999999999999, 0.6905453233245701, '02:45']
[25, 0.8593581318855286, 0.8863672018051147, 0.692300021648407, 0.6923000000000001, 0.6895318157384651, '02:45']
[26, 0.8343889117240906, 0.8868337869644165, 0.692799985408783, 0.6927999999999999, 0.6896435767231957, '02:45']
[27, 0.8199986219406128, 0.881881833076477, 0.6958000063896179, 0.6958000000000001, 0.6938606163359008, '02:44']
[28, 0.8446295857429504, 0.8824649453163147, 0.6924999952316284, 0.6925, 0.6902328379179741, '02:46']
[29, 0.8398487567901611, 0.8840819597244263, 0.6934000253677368, 0.6934, 0.691134864647961, '02:45']

Tiempo de entrenamiento: 5011.98 segundos
/mnt/homeGPU/haoweihu/TFG/lib/python3.10/site-packages/fastai/learner.py:455: UserWarning: load_learner` uses Python's insecure pickle module, which can execute malicious arbitrary code when loading. Only load files you trust.
If you only need to load model weights and optimizer state, use the safe `Learner.load` instead.
  warn("load_learner` uses Python's insecure pickle module, which can execute malicious arbitrary code when loading. Only load files you trust.\nIf you only need to load model weights and optimizer state, use the safe `Learner.load` instead.")
Loss (valid): 0.8841
Accuracy (valid): 0.6934
Recall (valid): 0.6934
F1-Score (valid): 0.6911
/mnt/homeGPU/haoweihu/TFG/lib/python3.10/site-packages/torchvision/models/_utils.py:208: UserWarning: The parameter 'pretrained' is deprecated since 0.13 and may be removed in the future, please use 'weights' instead.
  warnings.warn(
/mnt/homeGPU/haoweihu/TFG/lib/python3.10/site-packages/torchvision/models/_utils.py:223: UserWarning: Arguments other than a weight enum or `None` for 'weights' are deprecated since 0.13 and may be removed in the future. The current behavior is equivalent to passing `weights=EfficientNet_V2_S_Weights.IMAGENET1K_V1`. You can also use `weights=EfficientNet_V2_S_Weights.DEFAULT` to get the most up-to-date weights.
  warnings.warn(msg)
Loss (test): 0.9211
Accuracy (test): 0.6856
Recall (test): 0.6856
F1-Score (test): 0.6829
---------------------------------------------------------------------------
Ejecutando: cifar_90pct_effnetv2s_fps_pre_quant
---------------------------------------------------------------------------
False
Número total de imágenes en entrenamiento: 29801
Número total de imágenes en validación: 10000
Clases: ['airplane', 'automobile', 'bird', 'cat', 'deer', 'dog', 'frog', 'horse', 'ship', 'truck']
weights = None
[0, 2.9294235706329346, 2.0791702270507812, 0.2863999903202057, 0.2864, 0.2762705264564955, '03:12']
[1, 2.5338356494903564, 1.8929623365402222, 0.34130001068115234, 0.3413, 0.3261496255197157, '02:56']
[2, 2.1905312538146973, 1.7259126901626587, 0.38499999046325684, 0.385, 0.37753915871904625, '02:55']
[3, 1.9554598331451416, 1.6296583414077759, 0.4171000123023987, 0.4171, 0.4066596602021617, '02:53']
[4, 1.779474139213562, 1.4936747550964355, 0.4593999981880188, 0.45940000000000003, 0.44724927384594093, '02:54']
[5, 1.595598578453064, 1.374543309211731, 0.5085999965667725, 0.5086, 0.5011671044431695, '02:53']
[6, 1.4514613151550293, 1.2401578426361084, 0.5604000091552734, 0.5604, 0.5570275704578808, '02:53']
[7, 1.3412036895751953, 1.150890827178955, 0.5938000082969666, 0.5938, 0.5899732861905503, '02:53']
[8, 1.2469379901885986, 1.0948657989501953, 0.6158999800682068, 0.6159, 0.609571546405254, '02:53']
[9, 1.1857565641403198, 1.0396958589553833, 0.6322000026702881, 0.6321999999999999, 0.6295454531436039, '02:54']
[10, 1.1422014236450195, 1.0132977962493896, 0.6438999772071838, 0.6439, 0.6416207980724769, '02:53']
[11, 1.100885272026062, 0.9870582818984985, 0.6564000248908997, 0.6564, 0.6546089748812068, '02:53']
[12, 1.0634934902191162, 0.9573701024055481, 0.6657999753952026, 0.6658000000000001, 0.662638732512628, '02:57']
[13, 1.0194787979125977, 0.9544579982757568, 0.6625000238418579, 0.6625, 0.6578398314493947, '02:57']
[14, 1.030657410621643, 0.9341769814491272, 0.67330002784729, 0.6733, 0.6711851307106969, '02:54']
[15, 1.0030070543289185, 0.9214197397232056, 0.6790000200271606, 0.679, 0.6773628606432156, '02:53']
[16, 0.9719406962394714, 0.9187160134315491, 0.6784999966621399, 0.6785, 0.676896033094422, '02:53']
[17, 0.9413589835166931, 0.9144344925880432, 0.6804999709129333, 0.6805000000000001, 0.6771300823514137, '02:53']
[18, 0.9361248016357422, 0.9074088931083679, 0.6825000047683716, 0.6825, 0.6795793068852257, '02:52']
[19, 0.8826755285263062, 0.9034712910652161, 0.683899998664856, 0.6839000000000001, 0.6819575540600947, '02:53']
[20, 0.884489893913269, 0.9001558423042297, 0.6858000159263611, 0.6858000000000001, 0.6832298592910362, '02:54']
[21, 0.849033772945404, 0.8964626789093018, 0.6894999742507935, 0.6895, 0.6871867497735744, '02:53']
[22, 0.852990448474884, 0.8999089598655701, 0.6886000037193298, 0.6886, 0.6863062438912844, '02:54']
[23, 0.8397877216339111, 0.8935186266899109, 0.6920999884605408, 0.6920999999999999, 0.6899530278140711, '02:54']
[24, 0.8426735997200012, 0.8911094665527344, 0.692300021648407, 0.6923000000000001, 0.690146016505772, '02:54']
[25, 0.8625902533531189, 0.8930122256278992, 0.6908000111579895, 0.6908000000000001, 0.6883822199640223, '02:53']
[26, 0.8177167177200317, 0.8886666893959045, 0.6930000185966492, 0.693, 0.6911774824233654, '02:53']
[27, 0.8274435997009277, 0.8890544772148132, 0.6933000087738037, 0.6933, 0.6914792311878342, '02:53']
[28, 0.8497738242149353, 0.8909581303596497, 0.6931999921798706, 0.6931999999999999, 0.6923569325601131, '02:55']
[29, 0.8405998349189758, 0.8950207233428955, 0.6922000050544739, 0.6921999999999999, 0.6895143819722149, '02:54']

Tiempo de entrenamiento: 5249.38 segundos
/mnt/homeGPU/haoweihu/TFG/lib/python3.10/site-packages/fastai/learner.py:455: UserWarning: load_learner` uses Python's insecure pickle module, which can execute malicious arbitrary code when loading. Only load files you trust.
If you only need to load model weights and optimizer state, use the safe `Learner.load` instead.
  warn("load_learner` uses Python's insecure pickle module, which can execute malicious arbitrary code when loading. Only load files you trust.\nIf you only need to load model weights and optimizer state, use the safe `Learner.load` instead.")
Loss (valid): 0.8950
Accuracy (valid): 0.6922
Recall (valid): 0.6922
F1-Score (valid): 0.6895
Loss (test): 0.9015
Accuracy (test): 0.6922
Recall (test): 0.6923
F1-Score (test): 0.6893
mail: cannot send message: Process exited with a non-zero status
