---------------------------------------------------------------------------
Ejecutando: cifar_rgb_10pct_deep_quant
---------------------------------------------------------------------------
Número total de imágenes en entrenamiento: 4000
Número total de imágenes en validación: 10000

Clases: ['airplane', 'automobile', 'bird', 'cat', 'deer', 'dog', 'frog', 'horse', 'ship', 'truck']
[0, 2.3042659759521484, 2.3044915199279785, 0.09740000218153, 0.09740000000000001, 0.023907131423953752, '00:37']
[1, 2.304334878921509, 2.303361654281616, 0.10040000081062317, 0.1004, 0.019552225684857164, '00:34']
[2, 2.3032007217407227, 2.300974130630493, 0.12370000034570694, 0.1237, 0.041536836520513966, '00:24']
[3, 2.3017680644989014, 2.2971465587615967, 0.11590000241994858, 0.1159, 0.036833976833976836, '00:25']
[4, 2.300105571746826, 2.28662371635437, 0.1679999977350235, 0.168, 0.10783314463217268, '00:25']
[5, 2.290522575378418, 2.250418186187744, 0.1736000031232834, 0.17360000000000003, 0.13376007510206286, '00:25']
[6, 2.2705533504486084, 2.1802494525909424, 0.20890000462532043, 0.2089, 0.16024544313533007, '00:24']
[7, 2.240922689437866, 2.1359994411468506, 0.22050000727176666, 0.2205, 0.1880434930333957, '00:25']
[8, 2.2119038105010986, 2.117765426635742, 0.20819999277591705, 0.2082, 0.16787150691923616, '00:24']
[9, 2.17887020111084, 2.0873100757598877, 0.2257000058889389, 0.2257, 0.2065178592286075, '00:24']
[10, 2.137702465057373, 2.0598196983337402, 0.23180000483989716, 0.23179999999999995, 0.19910555725657245, '00:25']
[11, 2.112208366394043, 2.0792524814605713, 0.23270000517368317, 0.2327, 0.2112221956933939, '00:25']
[12, 2.0756170749664307, 2.0545401573181152, 0.23639999330043793, 0.2364, 0.20870799900424036, '00:25']
[13, 2.0398476123809814, 2.0504775047302246, 0.24269999563694, 0.2427, 0.21597856410443145, '00:25']
[14, 1.999909520149231, 2.041476011276245, 0.2517000138759613, 0.2517, 0.24013876319164215, '00:25']
[15, 1.9602574110031128, 2.045069456100464, 0.2451000064611435, 0.2451, 0.24148377940343954, '00:25']
[16, 1.925165057182312, 2.0495216846466064, 0.2443999946117401, 0.2444, 0.2346201721458924, '00:25']
[17, 1.8872199058532715, 2.0492138862609863, 0.24449999630451202, 0.2445, 0.2361844353378678, '00:25']
[18, 1.8453333377838135, 2.0600016117095947, 0.2468000054359436, 0.2468, 0.23525185951383185, '00:26']
[19, 1.8074426651000977, 2.057497501373291, 0.2540000081062317, 0.254, 0.24572240817910868, '00:26']
No improvement since epoch 14: early stopping

Tiempo de entrenamiento: 526.03 segundos
/mnt/homeGPU/haoweihu/TFG/lib/python3.10/site-packages/fastai/learner.py:455: UserWarning: load_learner` uses Python's insecure pickle module, which can execute malicious arbitrary code when loading. Only load files you trust.
If you only need to load model weights and optimizer state, use the safe `Learner.load` instead.
  warn("load_learner` uses Python's insecure pickle module, which can execute malicious arbitrary code when loading. Only load files you trust.\nIf you only need to load model weights and optimizer state, use the safe `Learner.load` instead.")
Loss: 2.0575
Accuracy: 0.2540
Recall: 0.2540
F1-Score: 0.2457
Loss: 2.046541690826416
Accuracy: 0.25991585850715637
Recall (macro): 0.25994260707562433
F1 Score (macro): 0.2514419259194546
---------------------------------------------------------------------------
Ejecutando: cifar_rgb_20pct_deep_quant
---------------------------------------------------------------------------
Número total de imágenes en entrenamiento: 8000
Número total de imágenes en validación: 10000

Clases: ['airplane', 'automobile', 'bird', 'cat', 'deer', 'dog', 'frog', 'horse', 'ship', 'truck']
[0, 2.3034934997558594, 2.3028430938720703, 0.10840000212192535, 0.10840000000000001, 0.03518626364899195, '00:33']
[1, 2.302044630050659, 2.299957036972046, 0.1120000034570694, 0.11200000000000002, 0.04044140674000303, '00:32']
[2, 2.2964565753936768, 2.276458263397217, 0.1746000051498413, 0.1746, 0.13342343746814406, '00:32']
[3, 2.2780354022979736, 2.220139741897583, 0.2102999985218048, 0.21030000000000001, 0.18750054306895636, '00:32']
[4, 2.2464699745178223, 2.1263997554779053, 0.22619999945163727, 0.2262, 0.1754936476065801, '00:32']
[5, 2.2021031379699707, 2.028212547302246, 0.274399995803833, 0.2744, 0.2467390752601843, '00:32']
[6, 2.1735551357269287, 2.015275478363037, 0.29170000553131104, 0.29169999999999996, 0.2520854267144926, '00:32']
[7, 2.139885425567627, 1.9384875297546387, 0.3156000077724457, 0.3156, 0.3070591320307629, '00:32']
[8, 2.105517625808716, 1.9395679235458374, 0.3082999885082245, 0.3082999999999999, 0.28462016060565876, '00:32']
[9, 2.0607221126556396, 1.9285236597061157, 0.2976999878883362, 0.2977, 0.2715130285790964, '00:32']
[10, 2.031815767288208, 1.8729783296585083, 0.3269999921321869, 0.327, 0.30812596197394265, '00:32']
[11, 1.982172966003418, 1.8702566623687744, 0.32339999079704285, 0.3234, 0.31115518206477655, '00:32']
[12, 1.9537254571914673, 1.8481189012527466, 0.3303999900817871, 0.3304, 0.3140495508896902, '00:32']
[13, 1.9122693538665771, 1.8666667938232422, 0.32820001244544983, 0.3282, 0.3247919824520432, '00:32']
[14, 1.8611308336257935, 1.8704458475112915, 0.3255999982357025, 0.3256, 0.31725217536987854, '00:32']
[15, 1.8232383728027344, 1.8858033418655396, 0.31299999356269836, 0.31300000000000006, 0.3002690197278859, '00:33']
[16, 1.7651339769363403, 1.8874021768569946, 0.31299999356269836, 0.313, 0.30484338187177334, '00:32']
[17, 1.7077410221099854, 1.898727536201477, 0.3149000108242035, 0.31489999999999996, 0.3103210311473836, '00:32']
No improvement since epoch 12: early stopping

Tiempo de entrenamiento: 582.88 segundos
/mnt/homeGPU/haoweihu/TFG/lib/python3.10/site-packages/fastai/learner.py:455: UserWarning: load_learner` uses Python's insecure pickle module, which can execute malicious arbitrary code when loading. Only load files you trust.
If you only need to load model weights and optimizer state, use the safe `Learner.load` instead.
  warn("load_learner` uses Python's insecure pickle module, which can execute malicious arbitrary code when loading. Only load files you trust.\nIf you only need to load model weights and optimizer state, use the safe `Learner.load` instead.")
Loss: 1.8987
Accuracy: 0.3149
Recall: 0.3149
F1-Score: 0.3103
Loss: 1.900213599205017
Accuracy: 0.3246193826198578
Recall (macro): 0.324598175532436
F1 Score (macro): 0.31959274518115943
---------------------------------------------------------------------------
Ejecutando: cifar_rgb_30pct_deep_quant
---------------------------------------------------------------------------
Número total de imágenes en entrenamiento: 12000
Número total de imágenes en validación: 10000

Clases: ['airplane', 'automobile', 'bird', 'cat', 'deer', 'dog', 'frog', 'horse', 'ship', 'truck']
[0, 2.302320957183838, 2.2988338470458984, 0.11940000206232071, 0.11939999999999999, 0.05965524999988312, '00:54']
[1, 2.2903835773468018, 2.2604856491088867, 0.16220000386238098, 0.16219999999999998, 0.12139053988001736, '00:55']
[2, 2.265373945236206, 2.1933414936065674, 0.19679999351501465, 0.1968, 0.157246829508393, '00:54']
[3, 2.2226080894470215, 2.073505163192749, 0.2612999975681305, 0.2613, 0.23024146988143154, '00:59']
[4, 2.1686668395996094, 1.9765957593917847, 0.29440000653266907, 0.29439999999999994, 0.2769881126730488, '01:16']
[5, 2.1270792484283447, 1.9214496612548828, 0.3118000030517578, 0.3118, 0.28457166952678836, '01:17']
[6, 2.088472366333008, 1.900952935218811, 0.32190001010894775, 0.32189999999999996, 0.31389170274794903, '01:16']
[7, 2.0693016052246094, 1.8720051050186157, 0.33309999108314514, 0.33310000000000006, 0.316527140210572, '01:17']
[8, 2.027456760406494, 1.864689826965332, 0.3244999945163727, 0.32450000000000007, 0.31102166822907373, '01:16']
[9, 1.980489730834961, 1.8237680196762085, 0.34529998898506165, 0.34530000000000005, 0.3394895912000615, '01:17']
[10, 1.9408363103866577, 1.8170897960662842, 0.3407000005245209, 0.3407, 0.3221026446799882, '01:17']
[11, 1.915374994277954, 1.7787562608718872, 0.3596999943256378, 0.3597, 0.3501240971497637, '01:17']
[12, 1.865214467048645, 1.8009488582611084, 0.34860000014305115, 0.3486000000000001, 0.32907677867426993, '01:18']
[13, 1.8306314945220947, 1.7969239950180054, 0.3481999933719635, 0.3482, 0.33436848755537724, '01:18']
[14, 1.7850346565246582, 1.7766869068145752, 0.3621000051498413, 0.3621, 0.3555594963958443, '01:17']
[15, 1.7428076267242432, 1.7726304531097412, 0.361299991607666, 0.36129999999999995, 0.34758546215596076, '01:18']
[16, 1.689665675163269, 1.7958155870437622, 0.362199991941452, 0.3622, 0.3538088915805545, '01:20']
[17, 1.6447738409042358, 1.7948741912841797, 0.36059999465942383, 0.36060000000000003, 0.35265526769309663, '01:47']
[18, 1.6136741638183594, 1.7902052402496338, 0.36399999260902405, 0.364, 0.35708231280004876, '01:30']
[19, 1.5540752410888672, 1.813144326210022, 0.36410000920295715, 0.3641, 0.3561151680036736, '01:23']
[20, 1.5222021341323853, 1.8103091716766357, 0.36910000443458557, 0.3691, 0.364811394013449, '01:30']
No improvement since epoch 15: early stopping

Tiempo de entrenamiento: 1607.22 segundos
/mnt/homeGPU/haoweihu/TFG/lib/python3.10/site-packages/fastai/learner.py:455: UserWarning: load_learner` uses Python's insecure pickle module, which can execute malicious arbitrary code when loading. Only load files you trust.
If you only need to load model weights and optimizer state, use the safe `Learner.load` instead.
  warn("load_learner` uses Python's insecure pickle module, which can execute malicious arbitrary code when loading. Only load files you trust.\nIf you only need to load model weights and optimizer state, use the safe `Learner.load` instead.")
Loss: 1.8103
Accuracy: 0.3691
Recall: 0.3691
F1-Score: 0.3648
Loss: 1.8087018728256226
Accuracy: 0.3571714758872986
Recall (macro): 0.3571843608093427
F1 Score (macro): 0.3520975389533084
---------------------------------------------------------------------------
Ejecutando: cifar_rgb_40pct_deep_quant
---------------------------------------------------------------------------
Número total de imágenes en entrenamiento: 16000
Número total de imágenes en validación: 10000

Clases: ['airplane', 'automobile', 'bird', 'cat', 'deer', 'dog', 'frog', 'horse', 'ship', 'truck']
[0, 2.3024492263793945, 2.2983620166778564, 0.15360000729560852, 0.15360000000000001, 0.06990666535637725, '01:30']
[1, 2.2763257026672363, 2.2283754348754883, 0.1859000027179718, 0.1859, 0.14499285060611183, '01:27']
[2, 2.234508514404297, 2.133906364440918, 0.22840000689029694, 0.2284, 0.18175383059294847, '01:41']
[3, 2.1588797569274902, 2.0303120613098145, 0.2648000121116638, 0.2648, 0.23937771691340753, '01:47']
[4, 2.1171085834503174, 1.9335129261016846, 0.30320000648498535, 0.3032, 0.275072001452819, '01:23']
[5, 2.0771372318267822, 1.8999457359313965, 0.3181000053882599, 0.3181, 0.30577034047342405, '01:25']
[6, 2.0434165000915527, 1.8432106971740723, 0.3336000144481659, 0.3336, 0.3265162477817394, '01:25']
[7, 1.9974576234817505, 1.8320125341415405, 0.33980000019073486, 0.3398, 0.322364472166417, '01:07']
[8, 1.9783406257629395, 1.7763701677322388, 0.3644999861717224, 0.3645, 0.35045304980075165, '01:21']
[9, 1.918149709701538, 1.758596658706665, 0.373199999332428, 0.37320000000000003, 0.3548336735992527, '01:22']
[10, 1.8914148807525635, 1.7543638944625854, 0.3702999949455261, 0.37029999999999996, 0.35956614498151723, '01:22']
[11, 1.8510339260101318, 1.7603025436401367, 0.36500000953674316, 0.36500000000000005, 0.3491773557614124, '01:31']
[12, 1.8058604001998901, 1.7342655658721924, 0.37279999256134033, 0.37279999999999996, 0.3573410078826533, '01:28']
[13, 1.7568068504333496, 1.7107847929000854, 0.38920000195503235, 0.38919999999999993, 0.37803251789161557, '01:28']
[14, 1.7186508178710938, 1.7174947261810303, 0.3865000009536743, 0.3865, 0.37315149648464846, '02:57']
[15, 1.6888209581375122, 1.7354322671890259, 0.3808000087738037, 0.38079999999999997, 0.3658544633905133, '01:28']
[16, 1.6204510927200317, 1.7193444967269897, 0.3864000141620636, 0.38639999999999997, 0.3747605890925782, '01:34']
[17, 1.587119221687317, 1.7265962362289429, 0.3865000009536743, 0.3865, 0.3741204691617658, '01:31']
[18, 1.5488433837890625, 1.7260406017303467, 0.38929998874664307, 0.3893, 0.3773978919486234, '01:36']
No improvement since epoch 13: early stopping

Tiempo de entrenamiento: 1771.81 segundos
/mnt/homeGPU/haoweihu/TFG/lib/python3.10/site-packages/fastai/learner.py:455: UserWarning: load_learner` uses Python's insecure pickle module, which can execute malicious arbitrary code when loading. Only load files you trust.
If you only need to load model weights and optimizer state, use the safe `Learner.load` instead.
  warn("load_learner` uses Python's insecure pickle module, which can execute malicious arbitrary code when loading. Only load files you trust.\nIf you only need to load model weights and optimizer state, use the safe `Learner.load` instead.")
Loss: 1.7260
Accuracy: 0.3893
Recall: 0.3893
F1-Score: 0.3774
Loss: 1.734309434890747
Accuracy: 0.38832131028175354
Recall (macro): 0.388342045754677
F1 Score (macro): 0.37635892190667575
---------------------------------------------------------------------------
Ejecutando: cifar_rgb_50pct_deep_quant
---------------------------------------------------------------------------
Número total de imágenes en entrenamiento: 20000
Número total de imágenes en validación: 10000

Clases: ['airplane', 'automobile', 'bird', 'cat', 'deer', 'dog', 'frog', 'horse', 'ship', 'truck']
[0, 2.298999786376953, 2.2926464080810547, 0.14790000021457672, 0.1479, 0.08627310055084884, '03:10']
[1, 2.248981475830078, 2.1629176139831543, 0.210999995470047, 0.211, 0.17913889417171433, '01:16']
[2, 2.1680328845977783, 2.0170719623565674, 0.27889999747276306, 0.2789, 0.24176959796543906, '01:18']
[3, 2.094491481781006, 1.9230396747589111, 0.31839999556541443, 0.3184, 0.3077564141644103, '01:44']
[4, 2.03523325920105, 1.8917756080627441, 0.3050999939441681, 0.3051, 0.2871675366205836, '02:23']
[5, 2.0101988315582275, 1.829746127128601, 0.34529998898506165, 0.34530000000000005, 0.3214812556311691, '02:23']
[6, 1.9643043279647827, 1.7666645050048828, 0.37279999256134033, 0.37279999999999996, 0.3635755092598588, '01:42']
[7, 1.9240243434906006, 1.769020676612854, 0.3718999922275543, 0.3719, 0.3717662801644216, '01:32']
[8, 1.864903450012207, 1.715455412864685, 0.3736000061035156, 0.3736, 0.3615417351921009, '01:43']
[9, 1.845330834388733, 1.70913827419281, 0.39309999346733093, 0.3931, 0.3682230406593033, '01:48']
[10, 1.8138108253479004, 1.6806546449661255, 0.40860000252723694, 0.4086, 0.3969380488502079, '02:11']
[11, 1.7683038711547852, 1.6760541200637817, 0.4007999897003174, 0.4008, 0.39307354408433537, '01:48']
[12, 1.7141644954681396, 1.6596134901046753, 0.4000000059604645, 0.4, 0.3876399721371293, '02:10']
[13, 1.6659433841705322, 1.6456423997879028, 0.41350001096725464, 0.4135, 0.3942617323271125, '01:53']
[14, 1.6452430486679077, 1.6474168300628662, 0.4097999930381775, 0.40980000000000005, 0.4021909964187055, '02:13']
[15, 1.5959327220916748, 1.6437088251113892, 0.4090999960899353, 0.4091, 0.4022058118332204, '01:54']
[16, 1.55393385887146, 1.6570210456848145, 0.4090000092983246, 0.409, 0.39874426178030226, '01:55']
[17, 1.510516881942749, 1.6530905961990356, 0.4097999930381775, 0.4098, 0.4024307064922136, '01:54']
[18, 1.4736038446426392, 1.6482539176940918, 0.41670000553131104, 0.41670000000000007, 0.4108922833099948, '01:55']
[19, 1.4178649187088013, 1.6728394031524658, 0.40950000286102295, 0.4095, 0.4040911015752286, '01:45']
[20, 1.3916434049606323, 1.6864546537399292, 0.4104999899864197, 0.4105, 0.39777171417068435, '01:42']
No improvement since epoch 15: early stopping

Tiempo de entrenamiento: 2429.78 segundos
/mnt/homeGPU/haoweihu/TFG/lib/python3.10/site-packages/fastai/learner.py:455: UserWarning: load_learner` uses Python's insecure pickle module, which can execute malicious arbitrary code when loading. Only load files you trust.
If you only need to load model weights and optimizer state, use the safe `Learner.load` instead.
  warn("load_learner` uses Python's insecure pickle module, which can execute malicious arbitrary code when loading. Only load files you trust.\nIf you only need to load model weights and optimizer state, use the safe `Learner.load` instead.")
Loss: 1.6865
Accuracy: 0.4105
Recall: 0.4105
F1-Score: 0.3978
Loss: 1.7107328176498413
Accuracy: 0.40394631028175354
Recall (macro): 0.40391808274925156
F1 Score (macro): 0.3912861585955494
---------------------------------------------------------------------------
Ejecutando: cifar_rgb_60pct_deep_quant
---------------------------------------------------------------------------
Número total de imágenes en entrenamiento: 24000
Número total de imágenes en validación: 10000

Clases: ['airplane', 'automobile', 'bird', 'cat', 'deer', 'dog', 'frog', 'horse', 'ship', 'truck']
[0, 2.2908036708831787, 2.2727818489074707, 0.1607999950647354, 0.1608, 0.08707082054190707, '04:04']
[1, 2.1878955364227295, 2.105332612991333, 0.24250000715255737, 0.24250000000000002, 0.21684274022778408, '02:23']
[2, 2.078263521194458, 1.9541682004928589, 0.301800012588501, 0.3018, 0.2868465347322152, '02:13']
[3, 2.0080580711364746, 1.8682115077972412, 0.31769999861717224, 0.3177, 0.29803371683135826, '02:03']
[4, 1.9836170673370361, 1.8288819789886475, 0.34369999170303345, 0.3437, 0.3225542967898674, '01:51']
[5, 1.9519779682159424, 1.7805416584014893, 0.3691999912261963, 0.36920000000000003, 0.3524776671592338, '01:46']
[6, 1.9052741527557373, 1.7567006349563599, 0.38499999046325684, 0.385, 0.3649747182444851, '02:04']
[7, 1.8686319589614868, 1.7371468544006348, 0.3783999979496002, 0.37839999999999996, 0.3462905687789472, '01:48']
[8, 1.8152116537094116, 1.6871041059494019, 0.40560001134872437, 0.4056, 0.39814274117996085, '02:07']
[9, 1.7823443412780762, 1.6769336462020874, 0.39969998598098755, 0.3997, 0.3752824929309998, '01:53']
[10, 1.7457678318023682, 1.6580865383148193, 0.4122999906539917, 0.4123, 0.39824575567194737, '01:44']
[11, 1.6979970932006836, 1.64534330368042, 0.41350001096725464, 0.4135, 0.4007906869794245, '01:23']
[12, 1.6618502140045166, 1.6351853609085083, 0.424699991941452, 0.42469999999999997, 0.41567835369045847, '01:38']
[13, 1.6322741508483887, 1.6380727291107178, 0.4226999878883362, 0.42269999999999996, 0.41074353243314654, '01:43']
[14, 1.5742379426956177, 1.6172137260437012, 0.4268999993801117, 0.4269, 0.418012814332989, '02:22']
[15, 1.5541797876358032, 1.6227946281433105, 0.42899999022483826, 0.429, 0.42032773050203176, '01:49']
[16, 1.5120325088500977, 1.6293426752090454, 0.4318000078201294, 0.43179999999999996, 0.4228424696475984, '01:29']
[17, 1.4560575485229492, 1.6194403171539307, 0.4334999918937683, 0.4335, 0.42639884998540206, '01:27']
[18, 1.4368816614151, 1.6197441816329956, 0.4271000027656555, 0.4271000000000001, 0.422891742276122, '01:22']
[19, 1.4009613990783691, 1.6346547603607178, 0.43299999833106995, 0.433, 0.4283130901803028, '01:26']
No improvement since epoch 14: early stopping

Tiempo de entrenamiento: 2325.44 segundos
/mnt/homeGPU/haoweihu/TFG/lib/python3.10/site-packages/fastai/learner.py:455: UserWarning: load_learner` uses Python's insecure pickle module, which can execute malicious arbitrary code when loading. Only load files you trust.
If you only need to load model weights and optimizer state, use the safe `Learner.load` instead.
  warn("load_learner` uses Python's insecure pickle module, which can execute malicious arbitrary code when loading. Only load files you trust.\nIf you only need to load model weights and optimizer state, use the safe `Learner.load` instead.")
Loss: 1.6347
Accuracy: 0.4330
Recall: 0.4330
F1-Score: 0.4283
Loss: 1.6158255338668823
Accuracy: 0.43439504504203796
Recall (macro): 0.4344234287758842
F1 Score (macro): 0.4308746668459002
---------------------------------------------------------------------------
Ejecutando: cifar_rgb_70pct_deep_quant
---------------------------------------------------------------------------
Número total de imágenes en entrenamiento: 28000
Número total de imágenes en validación: 10000

Clases: ['airplane', 'automobile', 'bird', 'cat', 'deer', 'dog', 'frog', 'horse', 'ship', 'truck']
[0, 2.2958614826202393, 2.286799430847168, 0.1964000016450882, 0.1964, 0.15773212113262422, '03:42']
[1, 2.1386497020721436, 2.0482003688812256, 0.26499998569488525, 0.265, 0.250305715994822, '01:33']
[2, 2.025338649749756, 1.9144353866577148, 0.28870001435279846, 0.2887, 0.2644915204356856, '01:31']
[3, 2.0026049613952637, 1.9136466979980469, 0.30329999327659607, 0.30329999999999996, 0.27861510204257695, '01:36']
[4, 1.9402326345443726, 1.8011181354522705, 0.3643999993801117, 0.3644, 0.3414311780931799, '01:23']
[5, 1.8829047679901123, 1.7311002016067505, 0.38350000977516174, 0.3835, 0.3658838064868206, '01:26']
[6, 1.81627357006073, 1.7189228534698486, 0.3822999894618988, 0.3823, 0.37292205885157104, '01:36']
[7, 1.7737337350845337, 1.6655925512313843, 0.4081000089645386, 0.40809999999999996, 0.4070725852249149, '01:59']
[8, 1.723443865776062, 1.6248267889022827, 0.4198000133037567, 0.41980000000000006, 0.4101519942622335, '01:29']
[9, 1.6899226903915405, 1.5958670377731323, 0.4300000071525574, 0.43, 0.41614212457514216, '01:43']
[10, 1.6431636810302734, 1.587938666343689, 0.4348999857902527, 0.4349, 0.4318701439328354, '01:26']
[11, 1.6112343072891235, 1.5586928129196167, 0.4481000006198883, 0.4481, 0.4395543510307155, '01:22']
[12, 1.5661194324493408, 1.5501971244812012, 0.4494999945163727, 0.4495, 0.4432349250839732, '01:23']
[13, 1.554282546043396, 1.5436828136444092, 0.45399999618530273, 0.454, 0.44970762123358543, '01:23']
[14, 1.4797823429107666, 1.5478804111480713, 0.4584999978542328, 0.4585, 0.4472716991658559, '01:27']
[15, 1.4411543607711792, 1.553879737854004, 0.4586000144481659, 0.4586, 0.45141830241275577, '01:48']
[16, 1.400634527206421, 1.568636178970337, 0.44839999079704285, 0.4484, 0.44272077261239984, '01:27']
[17, 1.3781213760375977, 1.5467699766159058, 0.4560999870300293, 0.4561, 0.45433394330463467, '01:21']
[18, 1.316551685333252, 1.5705103874206543, 0.45739999413490295, 0.4574, 0.45357735528361376, '01:34']
No improvement since epoch 13: early stopping

Tiempo de entrenamiento: 1881.37 segundos
/mnt/homeGPU/haoweihu/TFG/lib/python3.10/site-packages/fastai/learner.py:455: UserWarning: load_learner` uses Python's insecure pickle module, which can execute malicious arbitrary code when loading. Only load files you trust.
If you only need to load model weights and optimizer state, use the safe `Learner.load` instead.
  warn("load_learner` uses Python's insecure pickle module, which can execute malicious arbitrary code when loading. Only load files you trust.\nIf you only need to load model weights and optimizer state, use the safe `Learner.load` instead.")
Loss: 1.5705
Accuracy: 0.4574
Recall: 0.4574
F1-Score: 0.4536
Loss: 1.5686954259872437
Accuracy: 0.4581330120563507
Recall (macro): 0.4581924784023063
F1 Score (macro): 0.45229312104239605
---------------------------------------------------------------------------
Ejecutando: cifar_rgb_80pct_deep_quant
---------------------------------------------------------------------------
Número total de imágenes en entrenamiento: 32000
Número total de imágenes en validación: 10000

Clases: ['airplane', 'automobile', 'bird', 'cat', 'deer', 'dog', 'frog', 'horse', 'ship', 'truck']
[0, 2.2660586833953857, 2.2392427921295166, 0.1858000010251999, 0.1858, 0.13491835439045122, '03:07']
[1, 2.123554229736328, 2.0386266708374023, 0.2806999981403351, 0.28070000000000006, 0.27057292860870674, '01:27']
[2, 1.976193904876709, 1.9093825817108154, 0.3068000078201294, 0.3068, 0.28710609635921375, '01:21']
[3, 1.9104222059249878, 1.8331531286239624, 0.3334999978542328, 0.3335, 0.3166221077862478, '01:21']
[4, 1.8725026845932007, 1.799926996231079, 0.3517000079154968, 0.3517, 0.32202373879066604, '01:20']
[5, 1.8101146221160889, 1.7366130352020264, 0.3801000118255615, 0.3801, 0.36217102714689975, '01:34']
[6, 1.7502328157424927, 1.6530520915985107, 0.412200003862381, 0.4122, 0.401994769785066, '01:16']
[7, 1.6933289766311646, 1.6369117498397827, 0.4226999878883362, 0.4227, 0.4089058551269614, '01:15']
[8, 1.664878487586975, 1.5880628824234009, 0.4332999885082245, 0.4333, 0.419278782420007, '01:16']
[9, 1.5956791639328003, 1.599123239517212, 0.4316999912261963, 0.43170000000000003, 0.4256648064480507, '01:17']
[10, 1.5642685890197754, 1.5482687950134277, 0.4507000148296356, 0.45070000000000005, 0.4407681219815022, '01:25']
[11, 1.521750569343567, 1.5466517210006714, 0.4519999921321869, 0.45199999999999996, 0.4462070002736492, '01:22']
[12, 1.495448350906372, 1.520552396774292, 0.4690999984741211, 0.46909999999999996, 0.4651210413382884, '01:17']
[13, 1.4770406484603882, 1.5361212491989136, 0.4634999930858612, 0.46349999999999997, 0.45672336072055264, '01:17']
[14, 1.4267010688781738, 1.5016558170318604, 0.4756999909877777, 0.47570000000000007, 0.47047360822700046, '01:21']
[15, 1.3825154304504395, 1.527158498764038, 0.4690999984741211, 0.4691000000000001, 0.45545971341439795, '01:21']
[16, 1.3276112079620361, 1.5072436332702637, 0.4796000123023987, 0.4795999999999999, 0.4747875469608031, '01:22']
[17, 1.302643060684204, 1.514678955078125, 0.477400004863739, 0.4774, 0.47312132451387806, '01:38']
[18, 1.2804553508758545, 1.516042709350586, 0.4787999987602234, 0.4788, 0.47386125608658103, '01:17']
[19, 1.2430391311645508, 1.542863130569458, 0.4715000092983246, 0.4715, 0.47237221698174114, '01:27']
No improvement since epoch 14: early stopping

Tiempo de entrenamiento: 1753.23 segundos
/mnt/homeGPU/haoweihu/TFG/lib/python3.10/site-packages/fastai/learner.py:455: UserWarning: load_learner` uses Python's insecure pickle module, which can execute malicious arbitrary code when loading. Only load files you trust.
If you only need to load model weights and optimizer state, use the safe `Learner.load` instead.
  warn("load_learner` uses Python's insecure pickle module, which can execute malicious arbitrary code when loading. Only load files you trust.\nIf you only need to load model weights and optimizer state, use the safe `Learner.load` instead.")
Loss: 1.5429
Accuracy: 0.4715
Recall: 0.4715
F1-Score: 0.4724
Loss: 1.5459647178649902
Accuracy: 0.46824920177459717
Recall (macro): 0.46830078687712995
F1 Score (macro): 0.46908342752214444
---------------------------------------------------------------------------
Ejecutando: cifar_rgb_90pct_deep_quant
---------------------------------------------------------------------------
Número total de imágenes en entrenamiento: 36000
Número total de imágenes en validación: 10000

Clases: ['airplane', 'automobile', 'bird', 'cat', 'deer', 'dog', 'frog', 'horse', 'ship', 'truck']
[0, 2.206683874130249, 2.1717026233673096, 0.21770000457763672, 0.2177, 0.1973558673321298, '01:47']
[1, 2.073179006576538, 2.0158650875091553, 0.27730000019073486, 0.2773, 0.25506030429246335, '01:29']
[2, 1.937050700187683, 1.898347020149231, 0.31310001015663147, 0.3131, 0.301082950178685, '01:26']
[3, 1.8955790996551514, 1.8457725048065186, 0.33399999141693115, 0.33399999999999996, 0.32327248931737584, '01:42']
[4, 1.8197988271713257, 1.764926552772522, 0.3700000047683716, 0.37, 0.3628422810941183, '01:26']
[5, 1.764813780784607, 1.7183935642242432, 0.38589999079704285, 0.3859, 0.3754589205031428, '01:27']
[6, 1.725653052330017, 1.7003904581069946, 0.3986000120639801, 0.3986, 0.39696383657539874, '01:26']
[7, 1.695511817932129, 1.6523302793502808, 0.41620001196861267, 0.4162, 0.4020697643356407, '01:26']
[8, 1.6348726749420166, 1.6212390661239624, 0.420199990272522, 0.4202, 0.413341946150757, '01:26']
[9, 1.5837159156799316, 1.5898321866989136, 0.43799999356269836, 0.438, 0.4270336582628362, '01:28']
[10, 1.5310969352722168, 1.5841615200042725, 0.43959999084472656, 0.4396, 0.42870518231576904, '01:36']
[11, 1.511224389076233, 1.5578539371490479, 0.4472000002861023, 0.44719999999999993, 0.4436331833263668, '01:22']
[12, 1.4585824012756348, 1.5611839294433594, 0.4514999985694885, 0.45149999999999996, 0.4455258305072241, '01:23']
[13, 1.4190337657928467, 1.5568946599960327, 0.4521999955177307, 0.45220000000000005, 0.44404277258117275, '01:23']
[14, 1.3975350856781006, 1.5363231897354126, 0.45570001006126404, 0.45569999999999994, 0.4514275328938414, '01:23']
[15, 1.3564847707748413, 1.544315218925476, 0.4706000089645386, 0.47060000000000013, 0.4658522106221058, '01:23']
[16, 1.3365358114242554, 1.53586745262146, 0.4684000015258789, 0.46840000000000004, 0.4666947250295178, '01:48']
[17, 1.2967935800552368, 1.526248574256897, 0.47200000286102295, 0.472, 0.4685937629619971, '01:31']
[18, 1.2630066871643066, 1.5405290126800537, 0.46630001068115234, 0.46630000000000005, 0.4650429844533166, '01:23']
[19, 1.2281864881515503, 1.5468796491622925, 0.4706999957561493, 0.4707, 0.4633366072598659, '01:56']
[20, 1.1895995140075684, 1.5524077415466309, 0.47049999237060547, 0.47050000000000003, 0.4701737340433869, '01:24']
[21, 1.1502447128295898, 1.5688695907592773, 0.47200000286102295, 0.4720000000000001, 0.46648527028118014, '01:23']
[22, 1.1337025165557861, 1.5592098236083984, 0.47269999980926514, 0.47269999999999995, 0.46977073909978123, '01:26']
No improvement since epoch 17: early stopping

Tiempo de entrenamiento: 2076.67 segundos
/mnt/homeGPU/haoweihu/TFG/lib/python3.10/site-packages/fastai/learner.py:455: UserWarning: load_learner` uses Python's insecure pickle module, which can execute malicious arbitrary code when loading. Only load files you trust.
If you only need to load model weights and optimizer state, use the safe `Learner.load` instead.
  warn("load_learner` uses Python's insecure pickle module, which can execute malicious arbitrary code when loading. Only load files you trust.\nIf you only need to load model weights and optimizer state, use the safe `Learner.load` instead.")
Loss: 1.5592
Accuracy: 0.4727
Recall: 0.4727
F1-Score: 0.4698
Loss: 1.5616419315338135
Accuracy: 0.47165465354919434
Recall (macro): 0.47159978866251295
F1 Score (macro): 0.46921745031140477
mail: cannot send message: Process exited with a non-zero status
