---------------------------------------------------------------------------
Ejecutando: fmnist_10pct_deep
---------------------------------------------------------------------------
Número total de imágenes en entrenamiento: 4800
Número total de imágenes en validación: 12000

Clases: ['Ankle boot', 'Bag', 'Coat', 'Dress', 'Pullover', 'Sandal', 'Shirt', 'Sneaker', 'T-shirt', 'Trouser']
[0, 2.298229932785034, 2.2901852130889893, 0.28583332896232605, 0.28583333333333333, 0.1758272658712599, '01:26']
[1, 2.2609665393829346, 2.151249885559082, 0.2823333442211151, 0.2823333333333333, 0.16568245206332155, '00:30']
[2, 1.8773459196090698, 1.3455456495285034, 0.4584166705608368, 0.45841666666666664, 0.3940200581980435, '00:30']
[3, 1.5641201734542847, 1.0769673585891724, 0.6650833487510681, 0.6650833333333332, 0.6600277726735615, '00:32']
[4, 1.4460710287094116, 1.0376312732696533, 0.6480833292007446, 0.6480833333333332, 0.6244011588198948, '00:36']
[5, 1.3741060495376587, 0.9708725810050964, 0.6710833311080933, 0.6710833333333333, 0.6549611398423669, '00:37']
[6, 1.32199227809906, 0.9033993482589722, 0.6546666622161865, 0.6546666666666667, 0.6116261591148826, '00:38']
[7, 1.2709007263183594, 0.922377347946167, 0.6293333172798157, 0.6293333333333333, 0.5926456720848648, '00:30']
[8, 1.2274616956710815, 0.84507155418396, 0.7132499814033508, 0.71325, 0.6795112473930474, '00:30']
[9, 1.1784611940383911, 0.8430412411689758, 0.6798333525657654, 0.6798333333333333, 0.6634502232132845, '00:30']
[10, 1.1557961702346802, 0.7472990155220032, 0.7238333225250244, 0.7238333333333333, 0.6988488693497177, '00:30']
[11, 1.1266683340072632, 0.716219425201416, 0.731249988079071, 0.73125, 0.7042926970528199, '00:30']
[12, 1.0999674797058105, 0.6941378712654114, 0.7538333535194397, 0.7538333333333334, 0.7351544766572686, '00:31']
[13, 1.0679165124893188, 0.6912813186645508, 0.7400000095367432, 0.74, 0.705629065173515, '00:41']
[14, 1.0526427030563354, 0.6707974672317505, 0.765583336353302, 0.7655833333333333, 0.7487840573230967, '00:30']
[15, 1.03021240234375, 0.6367700099945068, 0.7683333158493042, 0.7683333333333333, 0.7434144706784335, '00:30']
[16, 0.997433066368103, 0.6288450956344604, 0.7830833196640015, 0.7830833333333332, 0.7628185137596859, '00:30']
[17, 0.9790565371513367, 0.6291800737380981, 0.7826666831970215, 0.7826666666666666, 0.7562023903599633, '00:30']
[18, 0.9598801136016846, 0.6114888191223145, 0.7835000157356262, 0.7835, 0.7591881839371232, '00:30']
[19, 0.9512129426002502, 0.5969350337982178, 0.7817500233650208, 0.7817500000000001, 0.7544269062302228, '00:30']
[20, 0.9281708002090454, 0.5880720615386963, 0.7829999923706055, 0.7829999999999999, 0.7570804155806006, '00:31']
[21, 0.9099457859992981, 0.5813527703285217, 0.7854999899864197, 0.7855, 0.7580814660026758, '00:42']
[22, 0.9018099308013916, 0.5779379606246948, 0.7795833349227905, 0.7795833333333334, 0.7553346717717448, '00:40']
[23, 0.8900575637817383, 0.5742416381835938, 0.7914999723434448, 0.7914999999999999, 0.7678683756984506, '00:46']
[24, 0.8812960386276245, 0.5631592869758606, 0.7940000295639038, 0.7939999999999999, 0.7680258322825482, '00:30']
[25, 0.8729481101036072, 0.5594844818115234, 0.7923333048820496, 0.7923333333333333, 0.7711888732238118, '00:30']
[26, 0.8675287365913391, 0.5630592703819275, 0.7915833592414856, 0.7915833333333333, 0.7681310003604034, '00:30']
[27, 0.8606401681900024, 0.5587148666381836, 0.7944999933242798, 0.7945, 0.7711158044989288, '00:45']
[28, 0.8553009629249573, 0.5589642524719238, 0.7945833206176758, 0.7945833333333334, 0.771439995501993, '00:43']
[29, 0.8478897213935852, 0.5587759613990784, 0.7943333387374878, 0.7943333333333333, 0.7718542587761557, '00:43']

Tiempo de entrenamiento: 1086.08 segundos
/mnt/homeGPU/haoweihu/TFG/lib/python3.10/site-packages/fastai/learner.py:455: UserWarning: load_learner` uses Python's insecure pickle module, which can execute malicious arbitrary code when loading. Only load files you trust.
If you only need to load model weights and optimizer state, use the safe `Learner.load` instead.
  warn("load_learner` uses Python's insecure pickle module, which can execute malicious arbitrary code when loading. Only load files you trust.\nIf you only need to load model weights and optimizer state, use the safe `Learner.load` instead.")
Loss: 0.5588
Accuracy: 0.7943
Recall: 0.7943
F1-Score: 0.7719
Loss: 2.125962972640991
Accuracy: 0.6056690812110901
Recall (macro): 0.605565524529978
F1 Score (macro): 0.593208766715177
---------------------------------------------------------------------------
Ejecutando: fmnist_20pct_deep
---------------------------------------------------------------------------
Número total de imágenes en entrenamiento: 9600
Número total de imágenes en validación: 12000

Clases: ['Ankle boot', 'Bag', 'Coat', 'Dress', 'Pullover', 'Sandal', 'Shirt', 'Sneaker', 'T-shirt', 'Trouser']
[0, 2.283299446105957, 2.254833698272705, 0.19316667318344116, 0.19316666666666665, 0.09686103631738509, '01:31']
[1, 1.7538583278656006, 1.2784510850906372, 0.5304999947547913, 0.5305, 0.49428614704022567, '00:53']
[2, 1.3678340911865234, 1.0406562089920044, 0.6007500290870667, 0.6007499999999999, 0.5609883905368187, '00:40']
[3, 1.2453407049179077, 0.885354220867157, 0.6558333039283752, 0.6558333333333334, 0.6358101325426609, '00:40']
[4, 1.1200779676437378, 0.759427547454834, 0.7170833349227905, 0.7170833333333333, 0.706017144701503, '00:40']
[5, 1.0566282272338867, 0.7310584187507629, 0.746999979019165, 0.7470000000000001, 0.7251555091916865, '00:40']
[6, 0.9985209703445435, 0.7230050563812256, 0.7440833449363708, 0.7440833333333334, 0.7148778872402107, '00:52']
[7, 0.9699668884277344, 0.6236066222190857, 0.7708333134651184, 0.7708333333333334, 0.7442170581100547, '00:40']
[8, 0.9322046637535095, 0.6111242771148682, 0.7753333449363708, 0.7753333333333333, 0.7534755449182533, '00:39']
[9, 0.9044606685638428, 0.6474271416664124, 0.7415000200271606, 0.7414999999999999, 0.7055312504401674, '00:51']
[10, 0.8740541934967041, 0.6044367551803589, 0.7724999785423279, 0.7725, 0.7493262534353424, '00:40']
[11, 0.8446251749992371, 0.5585883259773254, 0.7801666855812073, 0.7801666666666667, 0.7583976009339495, '00:40']
[12, 0.806388258934021, 0.5483627319335938, 0.7919999957084656, 0.792, 0.7672900469831547, '00:49']
[13, 0.7960063815116882, 0.5342523455619812, 0.7913333177566528, 0.7913333333333332, 0.7718390552919994, '00:39']
[14, 0.7639272212982178, 0.5383914113044739, 0.793916642665863, 0.7939166666666667, 0.7678891711154622, '00:39']
[15, 0.743879497051239, 0.5072806477546692, 0.8023333549499512, 0.8023333333333333, 0.78426120078189, '00:40']
[16, 0.7195748686790466, 0.4963591992855072, 0.8039166927337646, 0.8039166666666666, 0.7828191862397245, '00:40']
[17, 0.7136016488075256, 0.49440741539001465, 0.809249997138977, 0.8092499999999999, 0.790298437765838, '00:46']
[18, 0.6928567886352539, 0.49844953417778015, 0.8067499995231628, 0.8067499999999999, 0.7832870604831321, '00:44']
[19, 0.6634842157363892, 0.48035362362861633, 0.8129166960716248, 0.8129166666666666, 0.7956124852117875, '00:40']
[20, 0.6532971858978271, 0.48393818736076355, 0.8118333220481873, 0.8118333333333334, 0.7940738112708694, '00:40']
[21, 0.6359392404556274, 0.48464468121528625, 0.812166690826416, 0.8121666666666666, 0.788057976888937, '00:40']
[22, 0.6290397644042969, 0.4903046190738678, 0.8087499737739563, 0.8087500000000001, 0.7865033000497972, '00:39']
[23, 0.615872859954834, 0.47349095344543457, 0.815750002861023, 0.8157499999999999, 0.7966126257751324, '00:39']
[24, 0.5974951386451721, 0.4682675004005432, 0.8169999718666077, 0.817, 0.8013771169302499, '00:46']
[25, 0.576879620552063, 0.4664270877838135, 0.8187500238418579, 0.81875, 0.802562547249184, '00:38']
[26, 0.5858081579208374, 0.4647371768951416, 0.8183333277702332, 0.8183333333333331, 0.8012050893358381, '00:39']
[27, 0.5724599957466125, 0.4655809700489044, 0.8186666369438171, 0.8186666666666665, 0.80185444011579, '00:46']
[28, 0.5695288777351379, 0.464977502822876, 0.8193333148956299, 0.8193333333333334, 0.8026188426968451, '00:43']
[29, 0.5700660943984985, 0.46478161215782166, 0.8198333382606506, 0.8198333333333334, 0.8035234253740187, '00:52']

Tiempo de entrenamiento: 1339.52 segundos
/mnt/homeGPU/haoweihu/TFG/lib/python3.10/site-packages/fastai/learner.py:455: UserWarning: load_learner` uses Python's insecure pickle module, which can execute malicious arbitrary code when loading. Only load files you trust.
If you only need to load model weights and optimizer state, use the safe `Learner.load` instead.
  warn("load_learner` uses Python's insecure pickle module, which can execute malicious arbitrary code when loading. Only load files you trust.\nIf you only need to load model weights and optimizer state, use the safe `Learner.load` instead.")
Loss: 0.4648
Accuracy: 0.8198
Recall: 0.8198
F1-Score: 0.8035
Loss: 2.7439396381378174
Accuracy: 0.6307091116905212
Recall (macro): 0.6306094142842652
F1 Score (macro): 0.6221702702269388
---------------------------------------------------------------------------
Ejecutando: fmnist_30pct_deep
---------------------------------------------------------------------------
Número total de imágenes en entrenamiento: 14400
Número total de imágenes en validación: 12000

Clases: ['Ankle boot', 'Bag', 'Coat', 'Dress', 'Pullover', 'Sandal', 'Shirt', 'Sneaker', 'T-shirt', 'Trouser']
[0, 2.2667884826660156, 2.216198444366455, 0.367000013589859, 0.367, 0.27777735612658827, '00:47']
[1, 1.4514472484588623, 1.0896912813186646, 0.5650833249092102, 0.5650833333333335, 0.5097412691205905, '00:47']
[2, 1.0921915769577026, 0.8133459687232971, 0.6971666812896729, 0.6971666666666667, 0.6839226336274749, '00:47']
[3, 0.9777501225471497, 0.7329180240631104, 0.7392500042915344, 0.73925, 0.7045475447458457, '00:54']
[4, 0.9361329078674316, 0.6566266417503357, 0.7550833225250244, 0.7550833333333333, 0.7462363600806254, '00:50']
[5, 0.8874472379684448, 0.613336980342865, 0.7756666541099548, 0.7756666666666667, 0.7570097699864464, '00:47']
[6, 0.8634234666824341, 0.5852956771850586, 0.7826666831970215, 0.7826666666666667, 0.7641607434153939, '00:47']
[7, 0.810969889163971, 0.5622524619102478, 0.7909166812896729, 0.7909166666666666, 0.7759307784489619, '00:47']
[8, 0.7371264100074768, 0.5210717916488647, 0.7944999933242798, 0.7945, 0.7708312725176524, '01:00']
[9, 0.728143036365509, 0.5187932252883911, 0.8034166693687439, 0.8034166666666666, 0.782532049488176, '00:47']
[10, 0.7113158702850342, 0.49001213908195496, 0.8162500262260437, 0.8162499999999999, 0.80928337153313, '00:48']
[11, 0.6619996428489685, 0.4575740098953247, 0.8209999799728394, 0.821, 0.8059517087658137, '00:47']
[12, 0.6542770266532898, 0.45872968435287476, 0.8216666579246521, 0.8216666666666667, 0.8093764787669769, '00:54']
[13, 0.6324355602264404, 0.4443435072898865, 0.8258333206176758, 0.8258333333333334, 0.8084423739578182, '01:01']
[14, 0.6125887632369995, 0.43621259927749634, 0.8299999833106995, 0.8300000000000001, 0.8272659060262757, '00:57']
[15, 0.6044489145278931, 0.4347086548805237, 0.8296666741371155, 0.8296666666666667, 0.818944895479271, '01:07']
[16, 0.5701649785041809, 0.42431095242500305, 0.8305000066757202, 0.8305, 0.8175442811673541, '01:05']
[17, 0.5638667345046997, 0.419280469417572, 0.8381666541099548, 0.8381666666666666, 0.8287043550972063, '01:11']
[18, 0.5288773775100708, 0.42288798093795776, 0.8309999704360962, 0.8310000000000001, 0.8222189001171737, '01:02']
[19, 0.5185024738311768, 0.43152758479118347, 0.82833331823349, 0.8283333333333334, 0.8120418360286001, '00:47']
[20, 0.5146423578262329, 0.41856932640075684, 0.8360000252723694, 0.836, 0.8226939344430442, '00:47']
[21, 0.4984225928783417, 0.4163539707660675, 0.8349999785423279, 0.835, 0.8249425481560555, '00:55']
[22, 0.48349663615226746, 0.40788862109184265, 0.8416666388511658, 0.8416666666666666, 0.8339801487874651, '00:47']
[23, 0.47199493646621704, 0.40773797035217285, 0.840749979019165, 0.8407499999999999, 0.8319658940850199, '00:47']
[24, 0.45540398359298706, 0.4110923707485199, 0.8383333086967468, 0.8383333333333333, 0.8272938064531813, '00:47']
[25, 0.46752235293388367, 0.4094429612159729, 0.8394166827201843, 0.8394166666666667, 0.8305343718721627, '00:47']
[26, 0.45534244179725647, 0.4086235463619232, 0.8400833606719971, 0.8400833333333335, 0.8314445745841379, '00:54']
[27, 0.45812296867370605, 0.40636852383613586, 0.840833306312561, 0.8408333333333333, 0.831310908606459, '01:02']
[28, 0.43611013889312744, 0.40715447068214417, 0.840833306312561, 0.8408333333333333, 0.8309529721939569, '00:47']
[29, 0.4428235590457916, 0.4071229100227356, 0.8400833606719971, 0.8400833333333335, 0.8301143197448733, '00:48']

Tiempo de entrenamiento: 1589.49 segundos
/mnt/homeGPU/haoweihu/TFG/lib/python3.10/site-packages/fastai/learner.py:455: UserWarning: load_learner` uses Python's insecure pickle module, which can execute malicious arbitrary code when loading. Only load files you trust.
If you only need to load model weights and optimizer state, use the safe `Learner.load` instead.
  warn("load_learner` uses Python's insecure pickle module, which can execute malicious arbitrary code when loading. Only load files you trust.\nIf you only need to load model weights and optimizer state, use the safe `Learner.load` instead.")
Loss: 0.4071
Accuracy: 0.8401
Recall: 0.8401
F1-Score: 0.8301
Loss: 2.860874652862549
Accuracy: 0.6498397588729858
Recall (macro): 0.6496230931248682
F1 Score (macro): 0.6467270048841975
---------------------------------------------------------------------------
Ejecutando: fmnist_40pct_deep
---------------------------------------------------------------------------
Número total de imágenes en entrenamiento: 19200
Número total de imágenes en validación: 12000

Clases: ['Ankle boot', 'Bag', 'Coat', 'Dress', 'Pullover', 'Sandal', 'Shirt', 'Sneaker', 'T-shirt', 'Trouser']
[0, 2.2520861625671387, 2.198185443878174, 0.23458333313465118, 0.2345833333333333, 0.1275333342114358, '01:06']
[1, 1.3213376998901367, 1.0649983882904053, 0.612666666507721, 0.6126666666666667, 0.5715212795395466, '00:55']
[2, 1.0410903692245483, 0.8273005485534668, 0.6865000128746033, 0.6865, 0.6572982035024916, '00:56']
[3, 0.9400785565376282, 0.7150974273681641, 0.7191666960716248, 0.7191666666666666, 0.6991036923606708, '00:55']
[4, 0.8611637949943542, 0.6744715571403503, 0.7465833425521851, 0.7465833333333334, 0.7334731412086595, '01:11']
[5, 0.8019997477531433, 0.5960007905960083, 0.7731666564941406, 0.7731666666666667, 0.7599020772709795, '00:58']
[6, 0.7380586266517639, 0.5454037189483643, 0.7865833044052124, 0.7865833333333333, 0.7747112364840091, '01:07']
[7, 0.6788848042488098, 0.5406043529510498, 0.7940000295639038, 0.794, 0.7712003775691878, '00:57']
[8, 0.6447581648826599, 0.4867573380470276, 0.8213333487510681, 0.8213333333333332, 0.8225692457327949, '01:05']
[9, 0.6205525398254395, 0.46666476130485535, 0.8176666498184204, 0.8176666666666668, 0.804992083254475, '00:58']
[10, 0.6071305274963379, 0.4634122848510742, 0.8193333148956299, 0.8193333333333334, 0.7986622791560383, '00:57']
[11, 0.5727894306182861, 0.4462874233722687, 0.8299166560173035, 0.8299166666666666, 0.8295437490750659, '00:57']
[12, 0.5544118285179138, 0.4166121482849121, 0.8345833420753479, 0.8345833333333333, 0.8241680266294023, '01:09']
[13, 0.5237557888031006, 0.4263745844364166, 0.8270000219345093, 0.8270000000000002, 0.8186623422332933, '00:58']
[14, 0.5230841636657715, 0.4082721471786499, 0.8415833115577698, 0.8415833333333333, 0.8353908719029615, '00:57']
[15, 0.49615395069122314, 0.41138243675231934, 0.8351666927337646, 0.8351666666666666, 0.8241842526803618, '00:57']
[16, 0.4778209924697876, 0.40589240193367004, 0.8409166932106018, 0.8409166666666665, 0.8336374446599726, '01:07']
[17, 0.46469607949256897, 0.39315828680992126, 0.8529166579246521, 0.8529166666666667, 0.8497523556764399, '00:58']
[18, 0.456500381231308, 0.39795324206352234, 0.8485000133514404, 0.8484999999999999, 0.8430520640584318, '00:58']
[19, 0.43355807662010193, 0.38675642013549805, 0.8519999980926514, 0.852, 0.8482887844419175, '00:57']
[20, 0.43517670035362244, 0.3883902132511139, 0.8554166555404663, 0.8554166666666667, 0.8539601001436367, '01:08']
[21, 0.4164471924304962, 0.39325129985809326, 0.8491666913032532, 0.8491666666666667, 0.8395827169647749, '00:58']
[22, 0.3966074585914612, 0.3806613087654114, 0.8567500114440918, 0.8567500000000001, 0.853341924147767, '01:11']
[23, 0.3907301723957062, 0.38957783579826355, 0.8535833358764648, 0.8535833333333335, 0.8469954107162054, '01:19']
[24, 0.39842623472213745, 0.3808492124080658, 0.859499990940094, 0.8595, 0.8563065729657925, '01:20']
[25, 0.3757054805755615, 0.3814742863178253, 0.8577499985694885, 0.85775, 0.8527882820410829, '01:26']
[26, 0.37959763407707214, 0.38218432664871216, 0.8565000295639038, 0.8564999999999999, 0.8526350773112054, '01:06']
[27, 0.35888513922691345, 0.3812251091003418, 0.8587499856948853, 0.85875, 0.8542326125176098, '01:10']
No improvement since epoch 22: early stopping

Tiempo de entrenamiento: 1798.60 segundos
/mnt/homeGPU/haoweihu/TFG/lib/python3.10/site-packages/fastai/learner.py:455: UserWarning: load_learner` uses Python's insecure pickle module, which can execute malicious arbitrary code when loading. Only load files you trust.
If you only need to load model weights and optimizer state, use the safe `Learner.load` instead.
  warn("load_learner` uses Python's insecure pickle module, which can execute malicious arbitrary code when loading. Only load files you trust.\nIf you only need to load model weights and optimizer state, use the safe `Learner.load` instead.")
Loss: 0.3812
Accuracy: 0.8587
Recall: 0.8588
F1-Score: 0.8542
Loss: 3.0598363876342773
Accuracy: 0.6711738705635071
Recall (macro): 0.6711362596860775
F1 Score (macro): 0.6738639134656721
---------------------------------------------------------------------------
Ejecutando: fmnist_50pct_deep
---------------------------------------------------------------------------
Número total de imágenes en entrenamiento: 24000
Número total de imágenes en validación: 12000

Clases: ['Ankle boot', 'Bag', 'Coat', 'Dress', 'Pullover', 'Sandal', 'Shirt', 'Sneaker', 'T-shirt', 'Trouser']
[0, 2.042649030685425, 1.8333523273468018, 0.4620000123977661, 0.462, 0.3642038288098954, '02:05']
[1, 1.1003295183181763, 0.891797661781311, 0.6811666488647461, 0.6811666666666667, 0.6666224345218053, '01:27']
[2, 0.9193469285964966, 0.7292003631591797, 0.7300000190734863, 0.7300000000000001, 0.725878260512945, '01:06']
[3, 0.8250281810760498, 0.6381006240844727, 0.7612500190734863, 0.7612499999999999, 0.7456959800039504, '01:07']
[4, 0.7357373237609863, 0.5874207615852356, 0.7678333520889282, 0.7678333333333333, 0.7521589285616932, '01:17']
[5, 0.7038446664810181, 0.5514119267463684, 0.7901666760444641, 0.7901666666666667, 0.761944839990667, '01:21']
[6, 0.6574192047119141, 0.5147472620010376, 0.8062499761581421, 0.80625, 0.7948209780224063, '01:07']
[7, 0.6106691360473633, 0.4923574924468994, 0.8050000071525574, 0.8049999999999999, 0.7993137736443784, '01:06']
[8, 0.5929401516914368, 0.4529067873954773, 0.8247500061988831, 0.8247500000000001, 0.8150744302771804, '01:15']
[9, 0.5475823879241943, 0.47016918659210205, 0.8108333349227905, 0.8108333333333333, 0.7944982141975182, '01:06']
[10, 0.5383243560791016, 0.4375567138195038, 0.8445833325386047, 0.8445833333333332, 0.8417954916255901, '01:16']
[11, 0.526651918888092, 0.40452802181243896, 0.8450000286102295, 0.845, 0.8368187024954356, '01:16']
[12, 0.5104218125343323, 0.3857089877128601, 0.856333315372467, 0.8563333333333333, 0.8507556741010015, '01:04']
[13, 0.472575306892395, 0.3914535343647003, 0.8547499775886536, 0.8547499999999999, 0.8523128510936718, '01:05']
[14, 0.46495485305786133, 0.3719618618488312, 0.8609166741371155, 0.8609166666666667, 0.8591244948798297, '01:05']
[15, 0.438326895236969, 0.3859609067440033, 0.856333315372467, 0.8563333333333334, 0.8506967465221805, '01:25']
[16, 0.4297707974910736, 0.3687451481819153, 0.8656666874885559, 0.8656666666666666, 0.8606322722316033, '01:24']
[17, 0.42648017406463623, 0.35927143692970276, 0.8697500228881836, 0.86975, 0.8694853702418349, '01:04']
[18, 0.4022241532802582, 0.3614056408405304, 0.8693333268165588, 0.8693333333333332, 0.8654451326138309, '01:16']
[19, 0.3895796835422516, 0.36936283111572266, 0.8649166822433472, 0.8649166666666668, 0.8619015085659057, '01:08']
[20, 0.3739241361618042, 0.35763439536094666, 0.872083306312561, 0.8720833333333333, 0.8692808667410652, '01:16']
[21, 0.35418322682380676, 0.35905691981315613, 0.8738333582878113, 0.8738333333333334, 0.871442499664916, '01:06']
[22, 0.36213380098342896, 0.36356574296951294, 0.8674166798591614, 0.8674166666666666, 0.8636295220214812, '01:12']
[23, 0.3426361382007599, 0.3477059304714203, 0.875, 0.875, 0.8736472746622497, '01:11']
[24, 0.3351818323135376, 0.35522302985191345, 0.8736666440963745, 0.8736666666666666, 0.8710167888352014, '01:30']
[25, 0.3414948880672455, 0.35161304473876953, 0.8737499713897705, 0.87375, 0.8718083149987852, '01:41']
[26, 0.3214209973812103, 0.35056066513061523, 0.8754166960716248, 0.8754166666666666, 0.8738320010787544, '01:33']
[27, 0.3180866539478302, 0.3525996804237366, 0.8743333220481873, 0.8743333333333332, 0.8719682918417051, '01:12']
[28, 0.3098203241825104, 0.35068216919898987, 0.874833345413208, 0.8748333333333334, 0.8727546152459942, '01:08']
No improvement since epoch 23: early stopping

Tiempo de entrenamiento: 2225.17 segundos
/mnt/homeGPU/haoweihu/TFG/lib/python3.10/site-packages/fastai/learner.py:455: UserWarning: load_learner` uses Python's insecure pickle module, which can execute malicious arbitrary code when loading. Only load files you trust.
If you only need to load model weights and optimizer state, use the safe `Learner.load` instead.
  warn("load_learner` uses Python's insecure pickle module, which can execute malicious arbitrary code when loading. Only load files you trust.\nIf you only need to load model weights and optimizer state, use the safe `Learner.load` instead.")
Loss: 0.3507
Accuracy: 0.8748
Recall: 0.8748
F1-Score: 0.8728
Loss: 3.035539150238037
Accuracy: 0.6875
Recall (macro): 0.6873284282151365
F1 Score (macro): 0.6892120767610688
---------------------------------------------------------------------------
Ejecutando: fmnist_60pct_deep
---------------------------------------------------------------------------
Número total de imágenes en entrenamiento: 28800
Número total de imágenes en validación: 12000

Clases: ['Ankle boot', 'Bag', 'Coat', 'Dress', 'Pullover', 'Sandal', 'Shirt', 'Sneaker', 'T-shirt', 'Trouser']
[0, 1.6969902515411377, 1.4418028593063354, 0.5249999761581421, 0.525, 0.4847310711553764, '02:23']
[1, 1.0588072538375854, 0.8855310082435608, 0.6576666831970215, 0.6576666666666666, 0.6372409698418099, '01:16']
[2, 0.8705143332481384, 0.7484339475631714, 0.7055833339691162, 0.7055833333333333, 0.6812809432362513, '01:12']
[3, 0.8010500073432922, 0.6415358185768127, 0.7516666650772095, 0.7516666666666667, 0.734183079642528, '01:18']
[4, 0.7158969640731812, 0.5960914492607117, 0.7679166793823242, 0.7679166666666666, 0.7419292906334085, '01:26']
[5, 0.6640781760215759, 0.531236469745636, 0.7947499752044678, 0.7947500000000001, 0.7725837779658205, '01:13']
[6, 0.6112793684005737, 0.5217494964599609, 0.8010833263397217, 0.8010833333333334, 0.7967085082492896, '01:13']
[7, 0.5736321210861206, 0.47689083218574524, 0.8116666674613953, 0.8116666666666668, 0.7996111378987173, '01:26']
[8, 0.554196834564209, 0.465488076210022, 0.8188333511352539, 0.8188333333333333, 0.8063714063481215, '01:13']
[9, 0.5219240188598633, 0.44107815623283386, 0.8219166398048401, 0.8219166666666666, 0.8126974325514906, '01:28']
[10, 0.4921611249446869, 0.41243135929107666, 0.8409166932106018, 0.8409166666666665, 0.8358830940936816, '01:19']
[11, 0.4890673756599426, 0.40221503376960754, 0.8503333330154419, 0.8503333333333334, 0.8490968627095521, '01:13']
[12, 0.48214754462242126, 0.38956403732299805, 0.8585000038146973, 0.8584999999999999, 0.8559230493000388, '01:13']
[13, 0.45340073108673096, 0.3803453743457794, 0.859250009059906, 0.85925, 0.8572336875485451, '01:36']
[14, 0.4299080967903137, 0.393492728471756, 0.8450833559036255, 0.8450833333333334, 0.8375339663437357, '01:13']
[15, 0.3996983766555786, 0.38773804903030396, 0.8551666736602783, 0.8551666666666666, 0.8527703267331462, '01:13']
[16, 0.409324049949646, 0.3662533760070801, 0.8659999966621399, 0.866, 0.8638706832767584, '01:22']
[17, 0.3921825587749481, 0.3693869709968567, 0.8640833497047424, 0.8640833333333333, 0.8631727765531731, '01:18']
[18, 0.37470874190330505, 0.3625366687774658, 0.8683333396911621, 0.8683333333333334, 0.8686995136954792, '01:20']
[19, 0.3628109395503998, 0.35812434554100037, 0.8702499866485596, 0.8702500000000001, 0.8696151363851274, '01:24']
[20, 0.34445521235466003, 0.3572295308113098, 0.8700000047683716, 0.8699999999999999, 0.868361820060651, '01:14']
[21, 0.32289445400238037, 0.3605574071407318, 0.8705000281333923, 0.8705, 0.8684713518065621, '01:15']
[22, 0.3217441737651825, 0.35051941871643066, 0.8741666674613953, 0.8741666666666668, 0.8732655805248196, '01:55']
[23, 0.31163129210472107, 0.3565997779369354, 0.8722500205039978, 0.87225, 0.8712529864662611, '01:45']
[24, 0.3120345175266266, 0.3600657284259796, 0.8722500205039978, 0.87225, 0.870417353977855, '01:36']
[25, 0.29850324988365173, 0.35610726475715637, 0.8745833039283752, 0.8745833333333334, 0.8733612702798981, '01:37']
[26, 0.29599618911743164, 0.35833340883255005, 0.8732500076293945, 0.87325, 0.8721103463589539, '01:13']
[27, 0.29763558506965637, 0.35712090134620667, 0.875249981880188, 0.87525, 0.8742326246986153, '01:12']
No improvement since epoch 22: early stopping

Tiempo de entrenamiento: 2360.40 segundos
/mnt/homeGPU/haoweihu/TFG/lib/python3.10/site-packages/fastai/learner.py:455: UserWarning: load_learner` uses Python's insecure pickle module, which can execute malicious arbitrary code when loading. Only load files you trust.
If you only need to load model weights and optimizer state, use the safe `Learner.load` instead.
  warn("load_learner` uses Python's insecure pickle module, which can execute malicious arbitrary code when loading. Only load files you trust.\nIf you only need to load model weights and optimizer state, use the safe `Learner.load` instead.")
Loss: 0.3571
Accuracy: 0.8752
Recall: 0.8752
F1-Score: 0.8742
Loss: 3.356998920440674
Accuracy: 0.6866987347602844
Recall (macro): 0.6866326951090935
F1 Score (macro): 0.6880056276041564
---------------------------------------------------------------------------
Ejecutando: fmnist_70pct_deep
---------------------------------------------------------------------------
Número total de imágenes en entrenamiento: 33600
Número total de imágenes en validación: 12000

Clases: ['Ankle boot', 'Bag', 'Coat', 'Dress', 'Pullover', 'Sandal', 'Shirt', 'Sneaker', 'T-shirt', 'Trouser']
[0, 1.6817988157272339, 1.4706863164901733, 0.562749981880188, 0.5627500000000001, 0.5211189067037518, '02:44']
[1, 0.9038317203521729, 0.772325873374939, 0.7072499990463257, 0.7072499999999999, 0.7042669932087786, '01:34']
[2, 0.7717650532722473, 0.6722551584243774, 0.7352499961853027, 0.73525, 0.7168474318269966, '01:34']
[3, 0.706773579120636, 0.594182550907135, 0.7674166560173035, 0.7674166666666665, 0.7555106486032561, '01:22']
[4, 0.6444187164306641, 0.5363802313804626, 0.7950000166893005, 0.795, 0.7809452347857126, '01:42']
[5, 0.5876844525337219, 0.4987291693687439, 0.809166669845581, 0.8091666666666667, 0.7922206402624052, '01:22']
[6, 0.5553449988365173, 0.4525068700313568, 0.8243333101272583, 0.8243333333333334, 0.813695116222882, '01:33']
[7, 0.49427729845046997, 0.4537135362625122, 0.8265833258628845, 0.8265833333333333, 0.8124269040744776, '01:36']
[8, 0.4910774827003479, 0.4200441837310791, 0.8410833477973938, 0.8410833333333333, 0.8331890548349861, '01:22']
[9, 0.4520208537578583, 0.4079693555831909, 0.8443333506584167, 0.8443333333333334, 0.8344480203732637, '01:40']
[10, 0.44822800159454346, 0.3753059208393097, 0.8619166612625122, 0.8619166666666667, 0.8611822240890838, '01:22']
[11, 0.42673245072364807, 0.3826028108596802, 0.8584166765213013, 0.8584166666666666, 0.8563268998467825, '01:23']
[12, 0.4159714877605438, 0.38375478982925415, 0.8599166870117188, 0.8599166666666667, 0.8572150900508266, '01:48']
[13, 0.3939485251903534, 0.380108118057251, 0.859250009059906, 0.85925, 0.8593623496378587, '01:22']
[14, 0.37528350949287415, 0.36123132705688477, 0.8690000176429749, 0.8690000000000001, 0.8696649750766146, '01:42']
[15, 0.36721011996269226, 0.3621129095554352, 0.8694999814033508, 0.8695, 0.866799970401002, '01:23']
[16, 0.3445338010787964, 0.3637230694293976, 0.8683333396911621, 0.8683333333333334, 0.8671861920145749, '01:23']
[17, 0.3456905484199524, 0.35831159353256226, 0.8711666464805603, 0.8711666666666668, 0.8695765580587324, '01:50']
[18, 0.31634894013404846, 0.36688679456710815, 0.8694999814033508, 0.8695, 0.8665363802536928, '01:58']
[19, 0.30878889560699463, 0.3550291657447815, 0.8724166750907898, 0.8724166666666667, 0.8717310660268156, '02:02']
[20, 0.2914617657661438, 0.3580155074596405, 0.874666690826416, 0.8746666666666666, 0.8727499982944797, '01:27']
[21, 0.28556087613105774, 0.35592448711395264, 0.8770833611488342, 0.8770833333333332, 0.876494823104219, '01:29']
[22, 0.2703424394130707, 0.36072537302970886, 0.8745833039283752, 0.8745833333333334, 0.8724926219701625, '01:35']
[23, 0.2743241488933563, 0.356318861246109, 0.8789166808128357, 0.8789166666666667, 0.8781226618919785, '01:21']
[24, 0.26673129200935364, 0.3590693473815918, 0.8791666626930237, 0.8791666666666668, 0.878382261057635, '01:33']
No improvement since epoch 19: early stopping

Tiempo de entrenamiento: 2418.89 segundos
/mnt/homeGPU/haoweihu/TFG/lib/python3.10/site-packages/fastai/learner.py:455: UserWarning: load_learner` uses Python's insecure pickle module, which can execute malicious arbitrary code when loading. Only load files you trust.
If you only need to load model weights and optimizer state, use the safe `Learner.load` instead.
  warn("load_learner` uses Python's insecure pickle module, which can execute malicious arbitrary code when loading. Only load files you trust.\nIf you only need to load model weights and optimizer state, use the safe `Learner.load` instead.")
Loss: 0.3591
Accuracy: 0.8792
Recall: 0.8792
F1-Score: 0.8784
Loss: 3.6120197772979736
Accuracy: 0.6899038553237915
Recall (macro): 0.6901438811888327
F1 Score (macro): 0.6908508244384938
---------------------------------------------------------------------------
Ejecutando: fmnist_80pct_deep
---------------------------------------------------------------------------
Número total de imágenes en entrenamiento: 38400
Número total de imágenes en validación: 12000

Clases: ['Ankle boot', 'Bag', 'Coat', 'Dress', 'Pullover', 'Sandal', 'Shirt', 'Sneaker', 'T-shirt', 'Trouser']
[0, 1.3291614055633545, 1.1768150329589844, 0.5979999899864197, 0.598, 0.539418583570094, '03:03']
[1, 0.8645551204681396, 0.7801821827888489, 0.7093333601951599, 0.7093333333333334, 0.6925656168688381, '02:03']
[2, 0.7533364295959473, 0.7232980132102966, 0.7012500166893005, 0.70125, 0.6981562277583693, '01:34']
[3, 0.6592558026313782, 0.5865757465362549, 0.7681666612625122, 0.7681666666666667, 0.7615819772877228, '01:39']
[4, 0.5815165638923645, 0.5099121332168579, 0.8061666488647461, 0.8061666666666667, 0.790670513992353, '01:30']
[5, 0.5273463726043701, 0.4770965874195099, 0.8264999985694885, 0.8264999999999999, 0.8251242027033132, '01:43']
[6, 0.501374363899231, 0.43146228790283203, 0.8417500257492065, 0.84175, 0.8391559528654536, '01:42']
[7, 0.4769868552684784, 0.4059266448020935, 0.8548333048820496, 0.8548333333333333, 0.8517450606926292, '01:30']
[8, 0.44699469208717346, 0.3990618586540222, 0.8566666841506958, 0.8566666666666668, 0.853759996654265, '01:51']
[9, 0.4039902687072754, 0.3906122148036957, 0.8535000085830688, 0.8535, 0.8522445563239275, '01:31']
[10, 0.40828052163124084, 0.3647668957710266, 0.8675833344459534, 0.8675833333333334, 0.8660322956206926, '01:30']
[11, 0.37180763483047485, 0.36439794301986694, 0.8660833239555359, 0.8660833333333334, 0.86502541372156, '01:43']
[12, 0.37815919518470764, 0.36516618728637695, 0.8648333549499512, 0.8648333333333333, 0.865619674622774, '01:43']
[13, 0.3547540307044983, 0.35584506392478943, 0.8673333525657654, 0.8673333333333334, 0.8672156494744712, '01:55']
[14, 0.33934497833251953, 0.35385167598724365, 0.8695833086967468, 0.8695833333333333, 0.868099711051596, '02:13']
[15, 0.3320477604866028, 0.38686245679855347, 0.8575833439826965, 0.8575833333333331, 0.8522215367398995, '02:07']
[16, 0.3203180432319641, 0.3479490876197815, 0.8726666569709778, 0.8726666666666667, 0.871875201952969, '01:31']
[17, 0.3128978908061981, 0.3493497371673584, 0.8767499923706055, 0.8767499999999998, 0.8764701026286428, '01:40']
[18, 0.2899046540260315, 0.34790703654289246, 0.8767499923706055, 0.87675, 0.8751731653984901, '01:31']
[19, 0.28969141840934753, 0.34608232975006104, 0.8764166831970215, 0.8764166666666666, 0.8762448459428217, '01:39']
[20, 0.26614826917648315, 0.35370492935180664, 0.8788333535194397, 0.8788333333333334, 0.8776275987133102, '01:47']
[21, 0.2650786340236664, 0.35316234827041626, 0.8770833611488342, 0.8770833333333334, 0.8762508162088614, '01:32']
[22, 0.2575961649417877, 0.34966710209846497, 0.8794999718666077, 0.8795, 0.8795896864082297, '01:51']
[23, 0.2496059089899063, 0.3537573516368866, 0.8788333535194397, 0.8788333333333332, 0.8787211857030626, '01:32']
[24, 0.25121834874153137, 0.3533177375793457, 0.8812500238418579, 0.88125, 0.8804095510171079, '01:43']
No improvement since epoch 19: early stopping

Tiempo de entrenamiento: 2656.26 segundos
/mnt/homeGPU/haoweihu/TFG/lib/python3.10/site-packages/fastai/learner.py:455: UserWarning: load_learner` uses Python's insecure pickle module, which can execute malicious arbitrary code when loading. Only load files you trust.
If you only need to load model weights and optimizer state, use the safe `Learner.load` instead.
  warn("load_learner` uses Python's insecure pickle module, which can execute malicious arbitrary code when loading. Only load files you trust.\nIf you only need to load model weights and optimizer state, use the safe `Learner.load` instead.")
Loss: 0.3533
Accuracy: 0.8813
Recall: 0.8812
F1-Score: 0.8804
Loss: 3.8415613174438477
Accuracy: 0.6875
Recall (macro): 0.6876403632856564
F1 Score (macro): 0.689471651148607
---------------------------------------------------------------------------
Ejecutando: fmnist_90pct_deep
---------------------------------------------------------------------------
Número total de imágenes en entrenamiento: 43200
Número total de imágenes en validación: 12000

Clases: ['Ankle boot', 'Bag', 'Coat', 'Dress', 'Pullover', 'Sandal', 'Shirt', 'Sneaker', 'T-shirt', 'Trouser']
[0, 1.2300405502319336, 1.1193013191223145, 0.5881666541099548, 0.5881666666666666, 0.5578341652596223, '04:00']
[1, 0.8154451847076416, 0.769540548324585, 0.7120833396911621, 0.7120833333333334, 0.6971124804996521, '01:59']
[2, 0.6583690047264099, 0.6554836630821228, 0.7448333501815796, 0.7448333333333335, 0.744473336143004, '01:39']
[3, 0.5921424031257629, 0.5852473974227905, 0.7666666507720947, 0.7666666666666667, 0.7610085746436337, '02:05']
[4, 0.5380264520645142, 0.5113313794136047, 0.8130833506584167, 0.8130833333333334, 0.8088675907796812, '01:48']
[5, 0.4868270754814148, 0.4673597812652588, 0.828000009059906, 0.828, 0.8237446928614973, '01:40']
[6, 0.4401910603046417, 0.4391205310821533, 0.8387500047683716, 0.8387499999999999, 0.8306447220754452, '01:40']
[7, 0.418569952249527, 0.41163453459739685, 0.8485833406448364, 0.8485833333333334, 0.8488825188661766, '01:57']
[8, 0.3929291069507599, 0.39179757237434387, 0.8543333411216736, 0.8543333333333333, 0.855692069307907, '02:25']
[9, 0.382423996925354, 0.3741496503353119, 0.8618333339691162, 0.8618333333333335, 0.8608394541994955, '02:29']
[10, 0.3697068989276886, 0.3892267644405365, 0.8550833463668823, 0.8550833333333333, 0.8492611681395648, '01:39']
[11, 0.3479020595550537, 0.36565616726875305, 0.8688333630561829, 0.8688333333333332, 0.8683258451004017, '01:51']
[12, 0.32645803689956665, 0.36400550603866577, 0.8684166669845581, 0.8684166666666666, 0.8644797220405419, '01:40']
[13, 0.31712961196899414, 0.3547346591949463, 0.871833324432373, 0.8718333333333333, 0.8695729259757762, '01:50']
[14, 0.3098260760307312, 0.35408008098602295, 0.8714166879653931, 0.8714166666666667, 0.8712506796310441, '01:47']
[15, 0.28936856985092163, 0.3496783971786499, 0.8761666417121887, 0.8761666666666666, 0.875872995296605, '01:40']
[16, 0.27701032161712646, 0.3523506820201874, 0.874833345413208, 0.8748333333333334, 0.8730218193507824, '01:54']
[17, 0.25916963815689087, 0.38024401664733887, 0.8669166564941406, 0.8669166666666668, 0.8658730752270859, '01:40']
[18, 0.2560587227344513, 0.35152047872543335, 0.875166654586792, 0.8751666666666665, 0.8758794907275338, '02:01']
[19, 0.2592652440071106, 0.358730673789978, 0.8726666569709778, 0.8726666666666667, 0.8728298175310284, '01:40']
[20, 0.22758716344833374, 0.3585362434387207, 0.878083348274231, 0.8780833333333333, 0.8783068660049539, '01:51']
No improvement since epoch 15: early stopping

Tiempo de entrenamiento: 2482.60 segundos
/mnt/homeGPU/haoweihu/TFG/lib/python3.10/site-packages/fastai/learner.py:455: UserWarning: load_learner` uses Python's insecure pickle module, which can execute malicious arbitrary code when loading. Only load files you trust.
If you only need to load model weights and optimizer state, use the safe `Learner.load` instead.
  warn("load_learner` uses Python's insecure pickle module, which can execute malicious arbitrary code when loading. Only load files you trust.\nIf you only need to load model weights and optimizer state, use the safe `Learner.load` instead.")
Loss: 0.3585
Accuracy: 0.8781
Recall: 0.8781
F1-Score: 0.8783
Loss: 3.0685486793518066
Accuracy: 0.6957131624221802
Recall (macro): 0.6955381923146013
F1 Score (macro): 0.6950981201314571
mail: cannot send message: Process exited with a non-zero status
