---------------------------------------------------------------------------
Ejecutando: cifar_rgb_10pct_deep
---------------------------------------------------------------------------
Número total de imágenes en entrenamiento: 4000
Número total de imágenes en validación: 10000

Clases: ['airplane', 'automobile', 'bird', 'cat', 'deer', 'dog', 'frog', 'horse', 'ship', 'truck']
[0, 2.3039722442626953, 2.3039755821228027, 0.10000000149011612, 0.1, 0.01818181818181818, '01:12']
[1, 2.3037033081054688, 2.3032991886138916, 0.10000000149011612, 0.1, 0.018186778212239702, '00:18']
[2, 2.3028364181518555, 2.2991890907287598, 0.10869999974966049, 0.10869999999999999, 0.05691201292804139, '00:18']
[3, 2.280499219894409, 2.1575844287872314, 0.18790000677108765, 0.1879, 0.09706841062461706, '00:18']
[4, 2.201871395111084, 2.085841178894043, 0.19979999959468842, 0.19980000000000003, 0.12315261363034699, '00:18']
[5, 2.1637580394744873, 2.0690619945526123, 0.22679999470710754, 0.22679999999999997, 0.1745485266249328, '00:18']
[6, 2.141639232635498, 2.0390565395355225, 0.23770000040531158, 0.23769999999999997, 0.17755520318488913, '00:18']
[7, 2.1218199729919434, 1.995885968208313, 0.2524999976158142, 0.2525, 0.20064777850651655, '00:18']
[8, 2.083743095397949, 1.9796843528747559, 0.2623000144958496, 0.26230000000000003, 0.2140434718402222, '00:18']
[9, 2.062729597091675, 1.9587574005126953, 0.28859999775886536, 0.2886, 0.2382732376321229, '00:18']
[10, 2.0361993312835693, 1.9601224660873413, 0.2736999988555908, 0.2737, 0.21412750715876191, '00:18']
[11, 2.0139596462249756, 1.9216786623001099, 0.2955000102519989, 0.2955, 0.2557233163833472, '00:18']
[12, 1.992252230644226, 1.9021865129470825, 0.2913999855518341, 0.2914, 0.255157947714316, '00:19']
[13, 1.9800747632980347, 1.8707351684570312, 0.3147999942302704, 0.31479999999999997, 0.2746833636131777, '00:18']
[14, 1.963431477546692, 1.863235354423523, 0.32280001044273376, 0.3228, 0.2759821239170685, '00:18']
[15, 1.9444811344146729, 1.8479292392730713, 0.31130000948905945, 0.3113, 0.2577422611121723, '00:18']
[16, 1.9294813871383667, 1.8278199434280396, 0.32850000262260437, 0.32849999999999996, 0.2994914888445967, '00:18']
[17, 1.9274789094924927, 1.8401025533676147, 0.3244999945163727, 0.3245, 0.286689309158716, '00:18']
[18, 1.905098795890808, 1.8120185136795044, 0.32899999618530273, 0.329, 0.3034488836304549, '00:18']
[19, 1.9036312103271484, 1.8050050735473633, 0.3370000123977661, 0.337, 0.30126596909021186, '00:18']
[20, 1.8841317892074585, 1.7972804307937622, 0.3386000096797943, 0.33860000000000007, 0.31613566650995806, '00:18']
[21, 1.8657262325286865, 1.794535756111145, 0.33719998598098755, 0.33720000000000006, 0.3109135658809112, '00:18']
[22, 1.8713738918304443, 1.8016630411148071, 0.3393999934196472, 0.3394, 0.3131750812539465, '00:18']
[23, 1.8676478862762451, 1.8001987934112549, 0.3384999930858612, 0.33849999999999997, 0.3195034012269738, '00:19']
[24, 1.8657244443893433, 1.780617356300354, 0.3467999994754791, 0.3468, 0.32690453533649166, '00:18']
[25, 1.8506640195846558, 1.7799280881881714, 0.3456999957561493, 0.3457, 0.32514354152644065, '00:20']
[26, 1.8436099290847778, 1.777117133140564, 0.352400004863739, 0.3524, 0.3299544040331709, '00:19']
[27, 1.8515305519104004, 1.774946689605713, 0.3515999913215637, 0.35159999999999997, 0.32905094472589536, '00:20']
[28, 1.8433789014816284, 1.776335597038269, 0.34869998693466187, 0.34869999999999995, 0.3276975827719285, '00:18']
[29, 1.8363043069839478, 1.776085376739502, 0.34940001368522644, 0.3494, 0.328239543208264, '00:18']

Tiempo de entrenamiento: 624.35 segundos
/mnt/homeGPU/haoweihu/TFG/lib/python3.10/site-packages/fastai/learner.py:455: UserWarning: load_learner` uses Python's insecure pickle module, which can execute malicious arbitrary code when loading. Only load files you trust.
If you only need to load model weights and optimizer state, use the safe `Learner.load` instead.
  warn("load_learner` uses Python's insecure pickle module, which can execute malicious arbitrary code when loading. Only load files you trust.\nIf you only need to load model weights and optimizer state, use the safe `Learner.load` instead.")
Loss: 1.7761
Accuracy: 0.3494
Recall: 0.3494
F1-Score: 0.3282
Loss: 1.765195369720459
Accuracy: 0.34995993971824646
Recall (macro): 0.35003549707299275
F1 Score (macro): 0.3298896212435129
---------------------------------------------------------------------------
Ejecutando: cifar_rgb_20pct_deep
---------------------------------------------------------------------------
Número total de imágenes en entrenamiento: 8000
Número total de imágenes en validación: 10000

Clases: ['airplane', 'automobile', 'bird', 'cat', 'deer', 'dog', 'frog', 'horse', 'ship', 'truck']
[0, 2.302931785583496, 2.3011727333068848, 0.10040000081062317, 0.1004, 0.019291892114048897, '00:39']
[1, 2.290029764175415, 2.2642226219177246, 0.18709999322891235, 0.1871, 0.09566519594448486, '00:24']
[2, 2.1826283931732178, 2.096970796585083, 0.20509999990463257, 0.2051, 0.13161507883054413, '00:24']
[3, 2.133195638656616, 2.0775368213653564, 0.22100000083446503, 0.22100000000000003, 0.1607540968115802, '00:24']
[4, 2.119992971420288, 2.0662589073181152, 0.2345000058412552, 0.23450000000000001, 0.1708124783346855, '00:23']
[5, 2.0927894115448, 2.0175106525421143, 0.2484000027179718, 0.24840000000000004, 0.18039897400931876, '00:24']
[6, 2.0664634704589844, 1.9614933729171753, 0.2703000009059906, 0.27029999999999993, 0.20980260606963924, '00:24']
[7, 2.0374531745910645, 1.898261547088623, 0.3041999936103821, 0.3042000000000001, 0.27257464155963584, '00:24']
[8, 2.001544713973999, 1.8566246032714844, 0.31380000710487366, 0.31379999999999997, 0.262550648464654, '00:24']
[9, 1.9760172367095947, 1.8471441268920898, 0.32019999623298645, 0.32020000000000004, 0.2748771529321437, '00:24']
[10, 1.975476861000061, 1.8721121549606323, 0.3246999979019165, 0.3247, 0.26649037619466137, '00:24']
[11, 1.9452881813049316, 1.7880818843841553, 0.3357999920845032, 0.3358, 0.30971946031146647, '00:24']
[12, 1.9010874032974243, 1.728958010673523, 0.3659000098705292, 0.3659, 0.3242741513984117, '00:24']
[13, 1.896811842918396, 1.710542917251587, 0.3749000132083893, 0.3749, 0.3496331428415665, '00:24']
[14, 1.8593510389328003, 1.6859240531921387, 0.3822999894618988, 0.38230000000000003, 0.3603165611668301, '00:24']
[15, 1.8452332019805908, 1.6715009212493896, 0.39100000262260437, 0.391, 0.37481674765218187, '00:25']
[16, 1.8074299097061157, 1.6726322174072266, 0.391400009393692, 0.3914000000000001, 0.3697708547493321, '00:26']
[17, 1.787353515625, 1.6409645080566406, 0.39259999990463257, 0.3926, 0.37424135566314576, '00:24']
[18, 1.7831791639328003, 1.6369905471801758, 0.4083000123500824, 0.4083, 0.3977095551483111, '00:24']
[19, 1.7607958316802979, 1.6199767589569092, 0.4146000146865845, 0.41459999999999997, 0.401534555172233, '00:24']
[20, 1.7587294578552246, 1.603189468383789, 0.41690000891685486, 0.41690000000000005, 0.4007904459117785, '00:24']
[21, 1.7330584526062012, 1.5787333250045776, 0.414900004863739, 0.4149, 0.399827697113733, '00:24']
[22, 1.7100614309310913, 1.5818510055541992, 0.41679999232292175, 0.41679999999999995, 0.4032343773629532, '00:24']
[23, 1.7076345682144165, 1.5735068321228027, 0.4205000102519989, 0.4205000000000001, 0.4065021106431118, '00:24']
[24, 1.7054225206375122, 1.5729799270629883, 0.4214000105857849, 0.42140000000000005, 0.4077393110812878, '00:24']
[25, 1.696763038635254, 1.5706473588943481, 0.4196000099182129, 0.4196, 0.40463811436921315, '00:24']
[26, 1.6899237632751465, 1.5701912641525269, 0.42179998755455017, 0.4218, 0.40720291696687017, '00:24']
[27, 1.6948076486587524, 1.5625853538513184, 0.42250001430511475, 0.42250000000000004, 0.4089506479490955, '00:24']
[28, 1.6679924726486206, 1.5624786615371704, 0.42239999771118164, 0.4224, 0.4097182510072404, '00:24']
[29, 1.6751134395599365, 1.56256103515625, 0.42250001430511475, 0.4225, 0.409800438266232, '00:24']

Tiempo de entrenamiento: 745.55 segundos
/mnt/homeGPU/haoweihu/TFG/lib/python3.10/site-packages/fastai/learner.py:455: UserWarning: load_learner` uses Python's insecure pickle module, which can execute malicious arbitrary code when loading. Only load files you trust.
If you only need to load model weights and optimizer state, use the safe `Learner.load` instead.
  warn("load_learner` uses Python's insecure pickle module, which can execute malicious arbitrary code when loading. Only load files you trust.\nIf you only need to load model weights and optimizer state, use the safe `Learner.load` instead.")
Loss: 1.5626
Accuracy: 0.4225
Recall: 0.4225
F1-Score: 0.4098
Loss: 1.5588399171829224
Accuracy: 0.4255809187889099
Recall (macro): 0.42549431878236854
F1 Score (macro): 0.41355091600438987
---------------------------------------------------------------------------
Ejecutando: cifar_rgb_30pct_deep
---------------------------------------------------------------------------
Número total de imágenes en entrenamiento: 12000
Número total de imágenes en validación: 10000

Clases: ['airplane', 'automobile', 'bird', 'cat', 'deer', 'dog', 'frog', 'horse', 'ship', 'truck']
[0, 2.3017752170562744, 2.298485040664673, 0.131400004029274, 0.13140000000000002, 0.04498824483696308, '00:44']
[1, 2.2478201389312744, 2.161137819290161, 0.19990000128746033, 0.19990000000000002, 0.11258569876997174, '00:29']
[2, 2.1179287433624268, 2.014202117919922, 0.2354000061750412, 0.2354, 0.1769325786221379, '00:29']
[3, 2.0506186485290527, 1.9473925828933716, 0.27250000834465027, 0.2725, 0.2279348735837891, '00:31']
[4, 2.0096919536590576, 1.888031005859375, 0.3075000047683716, 0.3075, 0.26156956422130395, '00:31']
[5, 1.9475510120391846, 1.7855093479156494, 0.34790000319480896, 0.3479, 0.31812298257394095, '00:29']
[6, 1.910893440246582, 1.7672574520111084, 0.35920000076293945, 0.3592000000000001, 0.32737911822129256, '00:29']
[7, 1.8960357904434204, 1.7014050483703613, 0.376800000667572, 0.3768, 0.34892804460319643, '00:29']
[8, 1.8448141813278198, 1.6331379413604736, 0.4171000123023987, 0.4170999999999999, 0.4077161606409363, '00:29']
[9, 1.811869502067566, 1.5982437133789062, 0.4221000075340271, 0.42210000000000003, 0.40886260525202867, '00:29']
[10, 1.7858567237854004, 1.5915459394454956, 0.4156999886035919, 0.4157, 0.403609550417556, '00:29']
[11, 1.7448137998580933, 1.5572444200515747, 0.4334999918937683, 0.4335, 0.41253896807231316, '00:29']
[12, 1.71833074092865, 1.5642091035842896, 0.43709999322891235, 0.43709999999999993, 0.4255679545605567, '00:29']
[13, 1.7120124101638794, 1.557960033416748, 0.4343000054359436, 0.4343, 0.41908300228500917, '00:29']
[14, 1.6820157766342163, 1.4893898963928223, 0.4636000096797943, 0.4636, 0.45780819441142634, '00:29']
[15, 1.657257080078125, 1.4941389560699463, 0.4697999954223633, 0.46979999999999994, 0.46065179850926946, '00:29']
[16, 1.6440619230270386, 1.4814993143081665, 0.4659000039100647, 0.4659, 0.45303127952424804, '00:29']
[17, 1.6306157112121582, 1.4561767578125, 0.4693000018596649, 0.46929999999999994, 0.4567263768970612, '00:30']
[18, 1.602696418762207, 1.4519833326339722, 0.47699999809265137, 0.477, 0.46998488235891944, '00:30']
[19, 1.5722484588623047, 1.4453709125518799, 0.4778999984264374, 0.4779, 0.47269059508282246, '00:30']
[20, 1.556903600692749, 1.4421906471252441, 0.47589999437332153, 0.47590000000000005, 0.46922372667059326, '00:30']
[21, 1.549986720085144, 1.4324229955673218, 0.4810999929904938, 0.48109999999999997, 0.471079250863437, '00:31']
[22, 1.527000904083252, 1.424942970275879, 0.48350000381469727, 0.48349999999999993, 0.4775351701890077, '00:29']
[23, 1.5005601644515991, 1.4159821271896362, 0.4887000024318695, 0.4887, 0.4791828223431664, '00:32']
[24, 1.4949188232421875, 1.411234974861145, 0.4909000098705292, 0.49090000000000006, 0.48192608983046625, '00:47']
[25, 1.4863636493682861, 1.4193248748779297, 0.48249998688697815, 0.48250000000000004, 0.4771937070800799, '00:29']
[26, 1.486946940422058, 1.4072837829589844, 0.48989999294281006, 0.4899, 0.48082519093934717, '00:29']
[27, 1.4673495292663574, 1.4037812948226929, 0.49219998717308044, 0.4922000000000001, 0.4861119183544531, '00:29']
[28, 1.4676597118377686, 1.4022833108901978, 0.4925999939441681, 0.49260000000000004, 0.48554594463751066, '00:29']
[29, 1.4656692743301392, 1.4025157690048218, 0.4927999973297119, 0.4928, 0.48629864954842966, '00:29']

Tiempo de entrenamiento: 932.82 segundos
/mnt/homeGPU/haoweihu/TFG/lib/python3.10/site-packages/fastai/learner.py:455: UserWarning: load_learner` uses Python's insecure pickle module, which can execute malicious arbitrary code when loading. Only load files you trust.
If you only need to load model weights and optimizer state, use the safe `Learner.load` instead.
  warn("load_learner` uses Python's insecure pickle module, which can execute malicious arbitrary code when loading. Only load files you trust.\nIf you only need to load model weights and optimizer state, use the safe `Learner.load` instead.")
Loss: 1.4025
Accuracy: 0.4928
Recall: 0.4928
F1-Score: 0.4863
Loss: 1.3725640773773193
Accuracy: 0.5006009340286255
Recall (macro): 0.500620059101142
F1 Score (macro): 0.4928573304614569
---------------------------------------------------------------------------
Ejecutando: cifar_rgb_40pct_deep
---------------------------------------------------------------------------
Número total de imágenes en entrenamiento: 16000
Número total de imágenes en validación: 10000

Clases: ['airplane', 'automobile', 'bird', 'cat', 'deer', 'dog', 'frog', 'horse', 'ship', 'truck']
[0, 2.3023109436035156, 2.2996463775634766, 0.17270000278949738, 0.1727, 0.08315424013336326, '00:53']
[1, 2.192362070083618, 2.115128993988037, 0.2029999941587448, 0.20299999999999999, 0.1540192896072617, '00:35']
[2, 2.110032796859741, 2.031919479370117, 0.24899999797344208, 0.24900000000000003, 0.19730363581191923, '00:34']
[3, 2.0466039180755615, 1.9406511783599854, 0.2745000123977661, 0.2745, 0.23545807256828163, '00:37']
[4, 1.978137493133545, 1.84415864944458, 0.3240000009536743, 0.324, 0.2862895165984509, '00:59']
[5, 1.9169857501983643, 1.7953455448150635, 0.3328000009059906, 0.33280000000000004, 0.30107936924886713, '00:58']
[6, 1.8571666479110718, 1.708996057510376, 0.3643999993801117, 0.3644, 0.33326749851437476, '00:34']
[7, 1.8348616361618042, 1.6884806156158447, 0.3874000012874603, 0.3874, 0.37907332308335484, '00:34']
[8, 1.809667706489563, 1.6373958587646484, 0.3962000012397766, 0.3962, 0.3668236957189896, '00:34']
[9, 1.7601039409637451, 1.5816982984542847, 0.4244000017642975, 0.4244, 0.40693597843899554, '00:34']
[10, 1.717038869857788, 1.5127933025360107, 0.4562999904155731, 0.45630000000000004, 0.453944750772156, '00:35']
[11, 1.7013379335403442, 1.5104910135269165, 0.4505000114440918, 0.4505, 0.4469345725288825, '00:35']
[12, 1.6693499088287354, 1.5126430988311768, 0.44449999928474426, 0.4445, 0.4349726366010004, '00:35']
[13, 1.6329866647720337, 1.4828991889953613, 0.4641999900341034, 0.46419999999999995, 0.4595122031599671, '00:35']
[14, 1.611998200416565, 1.450863242149353, 0.47839999198913574, 0.4784, 0.46991601876248146, '00:35']
[15, 1.5923585891723633, 1.4304189682006836, 0.48240000009536743, 0.4824, 0.46936282238504806, '00:34']
[16, 1.55808687210083, 1.4338206052780151, 0.4742000102996826, 0.4742, 0.4633296913163309, '00:34']
[17, 1.5425018072128296, 1.411116123199463, 0.4934000074863434, 0.49339999999999995, 0.48871734823022284, '00:35']
[18, 1.4762064218521118, 1.3940600156784058, 0.4932999908924103, 0.49329999999999996, 0.48440749057273563, '00:34']
[19, 1.4772861003875732, 1.382201910018921, 0.5008000135421753, 0.5008000000000001, 0.4963449676281903, '00:34']
[20, 1.4694055318832397, 1.3784860372543335, 0.5041999816894531, 0.5042000000000001, 0.49729816161780266, '00:34']
[21, 1.4119235277175903, 1.3687106370925903, 0.5059000253677368, 0.5058999999999999, 0.498447075095865, '00:56']
[22, 1.4043692350387573, 1.3578660488128662, 0.5113000273704529, 0.5113, 0.5056633651002176, '00:43']
[23, 1.3847103118896484, 1.3510164022445679, 0.5113000273704529, 0.5113000000000001, 0.5050875708998629, '00:34']
[24, 1.397623062133789, 1.343065619468689, 0.5149000287055969, 0.5149, 0.5090195085958769, '00:34']
[25, 1.3848603963851929, 1.3463753461837769, 0.5135999917984009, 0.5136000000000001, 0.5048611804962465, '00:34']
[26, 1.3554993867874146, 1.3396446704864502, 0.5175999999046326, 0.5176000000000001, 0.5136207142191009, '00:34']
[27, 1.3643234968185425, 1.339437484741211, 0.5170000195503235, 0.517, 0.5114727961969405, '00:35']
[28, 1.3568662405014038, 1.3395752906799316, 0.5164999961853027, 0.5165, 0.5105807148590631, '00:35']
[29, 1.3488181829452515, 1.3393217325210571, 0.516700029373169, 0.5166999999999999, 0.5109889862057808, '00:35']

Tiempo de entrenamiento: 1146.62 segundos
/mnt/homeGPU/haoweihu/TFG/lib/python3.10/site-packages/fastai/learner.py:455: UserWarning: load_learner` uses Python's insecure pickle module, which can execute malicious arbitrary code when loading. Only load files you trust.
If you only need to load model weights and optimizer state, use the safe `Learner.load` instead.
  warn("load_learner` uses Python's insecure pickle module, which can execute malicious arbitrary code when loading. Only load files you trust.\nIf you only need to load model weights and optimizer state, use the safe `Learner.load` instead.")
Loss: 1.3393
Accuracy: 0.5167
Recall: 0.5167
F1-Score: 0.5110
Loss: 1.3117698431015015
Accuracy: 0.5257411599159241
Recall (macro): 0.5256801242700497
F1 Score (macro): 0.5196027715869138
---------------------------------------------------------------------------
Ejecutando: cifar_rgb_50pct_deep
---------------------------------------------------------------------------
Número total de imágenes en entrenamiento: 20000
Número total de imágenes en validación: 10000

Clases: ['airplane', 'automobile', 'bird', 'cat', 'deer', 'dog', 'frog', 'horse', 'ship', 'truck']
[0, 2.2934343814849854, 2.2842886447906494, 0.11649999767541885, 0.1165, 0.05105948103437041, '01:00']
[1, 2.117584466934204, 2.0586533546447754, 0.23019999265670776, 0.23020000000000004, 0.17069855278976756, '00:40']
[2, 2.0588266849517822, 1.9725240468978882, 0.28110000491142273, 0.2811, 0.25328302579311635, '00:40']
[3, 1.975847601890564, 1.8518145084381104, 0.32249999046325684, 0.32250000000000006, 0.29728060734721634, '00:40']
[4, 1.8810832500457764, 1.7422575950622559, 0.36880001425743103, 0.3688, 0.3550787327833246, '00:42']
[5, 1.830124855041504, 1.6719986200332642, 0.39750000834465027, 0.3975, 0.39059233411575717, '00:40']
[6, 1.7838501930236816, 1.5871890783309937, 0.42739999294281006, 0.4274, 0.4111746315895367, '00:40']
[7, 1.719500184059143, 1.5449525117874146, 0.43549999594688416, 0.43550000000000005, 0.42733851182711335, '00:40']
[8, 1.6669777631759644, 1.5043396949768066, 0.4499000012874603, 0.44989999999999997, 0.43413886987466055, '00:40']
[9, 1.6223808526992798, 1.4518191814422607, 0.47049999237060547, 0.47050000000000003, 0.45536741948780535, '00:40']
[10, 1.606480598449707, 1.4142946004867554, 0.4814999997615814, 0.48149999999999993, 0.47067701553393226, '00:40']
[11, 1.592810034751892, 1.4314675331115723, 0.48170000314712524, 0.4816999999999999, 0.469033952856069, '00:40']
[12, 1.536065697669983, 1.371809482574463, 0.5047000050544739, 0.5047, 0.49941400968331956, '00:40']
[13, 1.5217981338500977, 1.3701884746551514, 0.5020999908447266, 0.5021, 0.49068341853355896, '00:40']
[14, 1.4645737409591675, 1.3461196422576904, 0.5141000151634216, 0.5141, 0.5127134688637016, '00:40']
[15, 1.451096534729004, 1.3503741025924683, 0.5088000297546387, 0.5088, 0.49187894043941666, '00:40']
[16, 1.4319778680801392, 1.3181756734848022, 0.5206999778747559, 0.5206999999999999, 0.5148149707056835, '00:40']
[17, 1.4108896255493164, 1.3037289381027222, 0.5245000123977661, 0.5245, 0.5155661720911352, '00:40']
[18, 1.3836723566055298, 1.3033102750778198, 0.5270000100135803, 0.5269999999999999, 0.518511501490572, '00:41']
[19, 1.347817063331604, 1.285793423652649, 0.531499981880188, 0.5315, 0.5212544986381329, '00:40']
[20, 1.3175674676895142, 1.2876654863357544, 0.5322999954223633, 0.5323, 0.524704003480732, '00:40']
[21, 1.3072221279144287, 1.286893367767334, 0.5353999733924866, 0.5354, 0.5273726900682126, '00:40']
[22, 1.279995322227478, 1.2727985382080078, 0.5400999784469604, 0.5401, 0.5342008677894017, '00:40']
[23, 1.2642146348953247, 1.275166392326355, 0.5382999777793884, 0.5382999999999999, 0.5311119786310442, '00:40']
[24, 1.2926737070083618, 1.2692041397094727, 0.5385000109672546, 0.5385, 0.5332885691074225, '00:40']
[25, 1.2481902837753296, 1.2739750146865845, 0.5371000170707703, 0.5371, 0.5304040631794673, '01:07']
[26, 1.2331880331039429, 1.2682346105575562, 0.5408999919891357, 0.5408999999999999, 0.5346952826856695, '00:57']
[27, 1.2347097396850586, 1.2680622339248657, 0.5392000079154968, 0.5392, 0.5339064590653988, '00:40']
[28, 1.229791522026062, 1.26779043674469, 0.5392000079154968, 0.5391999999999999, 0.533691841158336, '00:40']
[29, 1.2282028198242188, 1.2677983045578003, 0.5400000214576721, 0.5399999999999999, 0.5345036956015867, '00:41']

Tiempo de entrenamiento: 1276.81 segundos
/mnt/homeGPU/haoweihu/TFG/lib/python3.10/site-packages/fastai/learner.py:455: UserWarning: load_learner` uses Python's insecure pickle module, which can execute malicious arbitrary code when loading. Only load files you trust.
If you only need to load model weights and optimizer state, use the safe `Learner.load` instead.
  warn("load_learner` uses Python's insecure pickle module, which can execute malicious arbitrary code when loading. Only load files you trust.\nIf you only need to load model weights and optimizer state, use the safe `Learner.load` instead.")
Loss: 1.2678
Accuracy: 0.5400
Recall: 0.5400
F1-Score: 0.5345
Loss: 1.262947916984558
Accuracy: 0.5492788553237915
Recall (macro): 0.5492517978564344
F1 Score (macro): 0.5437786951364546
---------------------------------------------------------------------------
Ejecutando: cifar_rgb_60pct_deep
---------------------------------------------------------------------------
Número total de imágenes en entrenamiento: 24000
Número total de imágenes en validación: 10000

Clases: ['airplane', 'automobile', 'bird', 'cat', 'deer', 'dog', 'frog', 'horse', 'ship', 'truck']
[0, 2.2801365852355957, 2.258192300796509, 0.15399999916553497, 0.154, 0.08257129323079834, '01:10']
[1, 2.1032750606536865, 2.060091018676758, 0.22789999842643738, 0.2279, 0.18591520030941697, '00:45']
[2, 2.0590615272521973, 1.990586280822754, 0.257999986410141, 0.25799999999999995, 0.21362190427160138, '00:45']
[3, 1.9905503988265991, 1.9075480699539185, 0.2989000082015991, 0.2989, 0.25417760284076313, '00:45']
[4, 1.907172441482544, 1.8131911754608154, 0.33000001311302185, 0.33, 0.29605603826943094, '00:45']
[5, 1.8332698345184326, 1.7129313945770264, 0.37119999527931213, 0.37120000000000003, 0.3417017017824085, '00:45']
[6, 1.7698394060134888, 1.617005705833435, 0.41029998660087585, 0.4103, 0.40586293197486445, '00:47']
[7, 1.6963176727294922, 1.5748252868652344, 0.42089998722076416, 0.42089999999999994, 0.4109459514791679, '00:45']
[8, 1.6750233173370361, 1.516467571258545, 0.4442000091075897, 0.44420000000000004, 0.4178581975488592, '00:45']
[9, 1.6357078552246094, 1.476186752319336, 0.4675999879837036, 0.4676, 0.4514871835609805, '00:45']
[10, 1.5791853666305542, 1.4723695516586304, 0.45739999413490295, 0.4574, 0.4268383096391958, '00:47']
[11, 1.5573948621749878, 1.405226707458496, 0.49399998784065247, 0.49400000000000005, 0.4870101339358038, '00:45']
[12, 1.5077567100524902, 1.4000792503356934, 0.49889999628067017, 0.49890000000000007, 0.48963024212933953, '00:45']
[13, 1.5009547472000122, 1.37287437915802, 0.5049999952316284, 0.5050000000000001, 0.4969396256339625, '00:45']
[14, 1.4732164144515991, 1.3605625629425049, 0.5174000263214111, 0.5174, 0.5156480281621858, '00:45']
[15, 1.4352089166641235, 1.352479100227356, 0.51419997215271, 0.5142, 0.5046413549976894, '00:45']
[16, 1.3946378231048584, 1.317135214805603, 0.5325999855995178, 0.5326, 0.5246871467726214, '00:45']
[17, 1.3837229013442993, 1.315213918685913, 0.5314000248908997, 0.5314, 0.5195504556049879, '00:48']
[18, 1.3499583005905151, 1.303709626197815, 0.5372999906539917, 0.5372999999999999, 0.5349449326402228, '01:12']
[19, 1.3199129104614258, 1.3107396364212036, 0.5285000205039978, 0.5285, 0.5216661509334366, '01:03']
[20, 1.3105300664901733, 1.2939485311508179, 0.5364999771118164, 0.5365, 0.5275932706127667, '00:47']
[21, 1.3108131885528564, 1.286673903465271, 0.5392000079154968, 0.5392, 0.5293059671883935, '00:54']
[22, 1.2839653491973877, 1.2756110429763794, 0.546500027179718, 0.5465, 0.5431083050751099, '00:45']
[23, 1.2514413595199585, 1.2795528173446655, 0.5472000241279602, 0.5472, 0.5457942332401444, '00:45']
[24, 1.2354252338409424, 1.2652546167373657, 0.5496000051498413, 0.5496000000000001, 0.5444655557975377, '00:46']
[25, 1.2526040077209473, 1.2659684419631958, 0.5501999855041504, 0.5502, 0.5468629403994641, '00:45']
[26, 1.2271623611450195, 1.2638158798217773, 0.5494999885559082, 0.5495, 0.5438840164326846, '00:45']
[27, 1.2122832536697388, 1.2626521587371826, 0.5493999719619751, 0.5493999999999999, 0.5447929821050658, '00:47']
[28, 1.2082633972167969, 1.26142156124115, 0.5504000186920166, 0.5504, 0.5456291763547061, '00:46']
[29, 1.218021273612976, 1.2613755464553833, 0.550599992275238, 0.5506, 0.545854556639493, '00:45']

Tiempo de entrenamiento: 1460.55 segundos
/mnt/homeGPU/haoweihu/TFG/lib/python3.10/site-packages/fastai/learner.py:455: UserWarning: load_learner` uses Python's insecure pickle module, which can execute malicious arbitrary code when loading. Only load files you trust.
If you only need to load model weights and optimizer state, use the safe `Learner.load` instead.
  warn("load_learner` uses Python's insecure pickle module, which can execute malicious arbitrary code when loading. Only load files you trust.\nIf you only need to load model weights and optimizer state, use the safe `Learner.load` instead.")
Loss: 1.2614
Accuracy: 0.5506
Recall: 0.5506
F1-Score: 0.5459
Loss: 1.2424602508544922
Accuracy: 0.5569911599159241
Recall (macro): 0.5570534836362182
F1 Score (macro): 0.5518487933018985
---------------------------------------------------------------------------
Ejecutando: cifar_rgb_70pct_deep
---------------------------------------------------------------------------
Número total de imágenes en entrenamiento: 28000
Número total de imágenes en validación: 10000

Clases: ['airplane', 'automobile', 'bird', 'cat', 'deer', 'dog', 'frog', 'horse', 'ship', 'truck']
[0, 2.291790723800659, 2.278377056121826, 0.1509000062942505, 0.1509, 0.09619102137041674, '01:18']
[1, 2.0622341632843018, 2.009945869445801, 0.2572999894618988, 0.2573, 0.20399560738700745, '00:51']
[2, 1.9808400869369507, 1.8870562314987183, 0.3075999915599823, 0.3076, 0.27086972049368907, '00:51']
[3, 1.8679388761520386, 1.7443277835845947, 0.36390000581741333, 0.36389999999999995, 0.3346244790729151, '00:51']
[4, 1.7722901105880737, 1.6440074443817139, 0.40529999136924744, 0.4053, 0.39932535871329367, '00:51']
[5, 1.7065892219543457, 1.5872457027435303, 0.4180999994277954, 0.4181, 0.40993319494216046, '00:51']
[6, 1.667478322982788, 1.5209848880767822, 0.4390000104904175, 0.43900000000000006, 0.4153545054795213, '00:53']
[7, 1.6077370643615723, 1.5174272060394287, 0.4578999876976013, 0.4579, 0.4549172400014287, '00:51']
[8, 1.5701844692230225, 1.4362802505493164, 0.48339998722076416, 0.48339999999999994, 0.4755343292986745, '00:52']
[9, 1.515220284461975, 1.410325050354004, 0.49300000071525574, 0.493, 0.4897177496322179, '00:51']
[10, 1.4903303384780884, 1.3732736110687256, 0.5085999965667725, 0.5086, 0.5010704806219481, '00:51']
[11, 1.419872522354126, 1.3809727430343628, 0.49880000948905945, 0.49879999999999997, 0.4841812982254677, '00:51']
[12, 1.4060461521148682, 1.3197083473205566, 0.5235999822616577, 0.5236000000000001, 0.5137854789942733, '00:51']
[13, 1.356915831565857, 1.2912847995758057, 0.535099983215332, 0.5351000000000001, 0.5277753956306626, '00:51']
[14, 1.3297438621520996, 1.2769103050231934, 0.5436000227928162, 0.5436, 0.5381905103733794, '00:51']
[15, 1.286010503768921, 1.2674946784973145, 0.5475999712944031, 0.5476, 0.5365331754445788, '00:51']
[16, 1.2789757251739502, 1.2456122636795044, 0.5533999800682068, 0.5534, 0.5511282438311119, '01:13']
[17, 1.2558841705322266, 1.2194043397903442, 0.5612999796867371, 0.5613, 0.5583832271890978, '00:53']
[18, 1.1881517171859741, 1.2016609907150269, 0.5710999965667725, 0.5711, 0.5669314731182753, '00:53']
[19, 1.1770436763763428, 1.2104945182800293, 0.569100022315979, 0.5690999999999999, 0.566781600040769, '00:51']
[20, 1.1471184492111206, 1.2011135816574097, 0.5713000297546387, 0.5713, 0.570465231579333, '00:51']
[21, 1.1584689617156982, 1.1982039213180542, 0.5726000070571899, 0.5725999999999999, 0.5689968392000799, '00:50']
[22, 1.122490406036377, 1.1940162181854248, 0.5756999850273132, 0.5757, 0.5757368341753084, '00:51']
[23, 1.114152431488037, 1.1854726076126099, 0.5776000022888184, 0.5776000000000001, 0.5742577624468371, '00:51']
[24, 1.0848653316497803, 1.1856666803359985, 0.5806000232696533, 0.5806, 0.578659686867271, '00:51']
[25, 1.0798134803771973, 1.1808065176010132, 0.5820000171661377, 0.5820000000000001, 0.5786718789247034, '00:51']
[26, 1.0693506002426147, 1.1821571588516235, 0.5785999894142151, 0.5786, 0.574976200763756, '00:51']
[27, 1.0492595434188843, 1.1827715635299683, 0.5787000060081482, 0.5787, 0.5751750679444948, '00:51']
[28, 1.0686253309249878, 1.1813833713531494, 0.5813999772071838, 0.5814, 0.5788756974835525, '00:53']
[29, 1.0493760108947754, 1.1813745498657227, 0.5812000036239624, 0.5811999999999999, 0.5784849514906195, '00:51']

Tiempo de entrenamiento: 1596.24 segundos
/mnt/homeGPU/haoweihu/TFG/lib/python3.10/site-packages/fastai/learner.py:455: UserWarning: load_learner` uses Python's insecure pickle module, which can execute malicious arbitrary code when loading. Only load files you trust.
If you only need to load model weights and optimizer state, use the safe `Learner.load` instead.
  warn("load_learner` uses Python's insecure pickle module, which can execute malicious arbitrary code when loading. Only load files you trust.\nIf you only need to load model weights and optimizer state, use the safe `Learner.load` instead.")
Loss: 1.1814
Accuracy: 0.5812
Recall: 0.5812
F1-Score: 0.5785
Loss: 1.1728307008743286
Accuracy: 0.5826321840286255
Recall (macro): 0.5825446788074459
F1 Score (macro): 0.5788362506149874
---------------------------------------------------------------------------
Ejecutando: cifar_rgb_80pct_deep
---------------------------------------------------------------------------
Número total de imágenes en entrenamiento: 32000
Número total de imágenes en validación: 10000

Clases: ['airplane', 'automobile', 'bird', 'cat', 'deer', 'dog', 'frog', 'horse', 'ship', 'truck']
[0, 2.2637202739715576, 2.2425730228424072, 0.16660000383853912, 0.16660000000000003, 0.09942131025324782, '01:27']
[1, 2.0426461696624756, 1.9910167455673218, 0.2623000144958496, 0.26230000000000003, 0.2173233621617529, '00:56']
[2, 1.9106398820877075, 1.8386178016662598, 0.3163999915122986, 0.3164, 0.28427480935232036, '00:56']
[3, 1.7751845121383667, 1.70186448097229, 0.3822000026702881, 0.3822, 0.35970753157593005, '00:56']
[4, 1.6733448505401611, 1.6132700443267822, 0.40790000557899475, 0.40790000000000004, 0.3826949459371184, '00:56']
[5, 1.610822081565857, 1.516221046447754, 0.45010000467300415, 0.45009999999999994, 0.4311407549651193, '00:57']
[6, 1.5466607809066772, 1.4442248344421387, 0.4697999954223633, 0.46980000000000005, 0.4563017573788038, '01:19']
[7, 1.4970073699951172, 1.3849506378173828, 0.503600001335144, 0.5036, 0.49528045009891164, '00:56']
[8, 1.449201226234436, 1.353515863418579, 0.5192000269889832, 0.5192, 0.5089984353333139, '00:56']
[9, 1.4025713205337524, 1.3393701314926147, 0.5199000239372253, 0.5199, 0.5107951371739601, '00:57']
[10, 1.3537107706069946, 1.296197772026062, 0.5364000201225281, 0.5364000000000001, 0.5285791667011306, '00:56']
[11, 1.3169697523117065, 1.299115538597107, 0.5335000157356262, 0.5335, 0.5284359574632705, '00:56']
[12, 1.2847832441329956, 1.2576735019683838, 0.5548999905586243, 0.5549000000000001, 0.549991907967922, '00:56']
[13, 1.266497254371643, 1.27024245262146, 0.5523999929428101, 0.5524000000000001, 0.5426604880104702, '00:56']
[14, 1.2291160821914673, 1.2419350147247314, 0.5559999942779541, 0.556, 0.5476888223001659, '00:56']
[15, 1.1747325658798218, 1.256156086921692, 0.5611000061035156, 0.5610999999999999, 0.5495659908913166, '00:56']
[16, 1.1680879592895508, 1.2072945833206177, 0.57669997215271, 0.5767, 0.5712717699270649, '00:56']
[17, 1.1183156967163086, 1.2170461416244507, 0.5730999708175659, 0.5730999999999999, 0.5691532795936498, '00:56']
[18, 1.1262792348861694, 1.2155866622924805, 0.5745999813079834, 0.5746, 0.5737486444044939, '00:56']
[19, 1.1013765335083008, 1.1970067024230957, 0.5809999704360962, 0.5810000000000001, 0.5819609341366322, '01:01']
[20, 1.0591663122177124, 1.1876487731933594, 0.5817999839782715, 0.5818, 0.576219151184738, '00:56']
[21, 1.0334864854812622, 1.1884063482284546, 0.588699996471405, 0.5887, 0.5857882327441412, '01:24']
[22, 1.045764684677124, 1.1807689666748047, 0.5903000235557556, 0.5903, 0.5877348433566552, '01:14']
[23, 1.0134618282318115, 1.1792981624603271, 0.5921000242233276, 0.5921000000000001, 0.5893184508908841, '00:57']
[24, 0.9916315078735352, 1.1837201118469238, 0.5874000191688538, 0.5873999999999999, 0.5822803358024448, '00:57']
[25, 0.9744186401367188, 1.1861692667007446, 0.5889999866485596, 0.589, 0.586756394966981, '00:57']
[26, 0.9859453439712524, 1.1826714277267456, 0.5909000039100647, 0.5909, 0.5881536972897715, '00:57']
[27, 0.9569768309593201, 1.1794183254241943, 0.5942000150680542, 0.5942000000000001, 0.591711440870015, '00:57']
[28, 0.9650638699531555, 1.1799745559692383, 0.5922999978065491, 0.5923, 0.589753090709284, '00:57']
No improvement since epoch 23: early stopping

Tiempo de entrenamiento: 1752.35 segundos
/mnt/homeGPU/haoweihu/TFG/lib/python3.10/site-packages/fastai/learner.py:455: UserWarning: load_learner` uses Python's insecure pickle module, which can execute malicious arbitrary code when loading. Only load files you trust.
If you only need to load model weights and optimizer state, use the safe `Learner.load` instead.
  warn("load_learner` uses Python's insecure pickle module, which can execute malicious arbitrary code when loading. Only load files you trust.\nIf you only need to load model weights and optimizer state, use the safe `Learner.load` instead.")
Loss: 1.1800
Accuracy: 0.5923
Recall: 0.5923
F1-Score: 0.5898
Loss: 1.1631087064743042
Accuracy: 0.5987580418586731
Recall (macro): 0.5987233124047318
F1 Score (macro): 0.5960368455381501
---------------------------------------------------------------------------
Ejecutando: cifar_rgb_90pct_deep
---------------------------------------------------------------------------
Número total de imágenes en entrenamiento: 36000
Número total de imágenes en validación: 10000

Clases: ['airplane', 'automobile', 'bird', 'cat', 'deer', 'dog', 'frog', 'horse', 'ship', 'truck']
[0, 2.2493081092834473, 2.2160069942474365, 0.16609999537467957, 0.1661, 0.1062350736587991, '01:41']
[1, 2.0328214168548584, 1.9908509254455566, 0.2628999948501587, 0.2629, 0.22540293910849357, '01:02']
[2, 1.8499796390533447, 1.7880066633224487, 0.32409998774528503, 0.32409999999999994, 0.2845434401616148, '01:03']
[3, 1.731677532196045, 1.6584206819534302, 0.3763999938964844, 0.3764, 0.35748894358232414, '01:02']
[4, 1.6202796697616577, 1.5710058212280273, 0.41830000281333923, 0.4183, 0.4018080867240982, '01:02']
[5, 1.5505512952804565, 1.4773410558700562, 0.4447000026702881, 0.4447, 0.41777204378573457, '01:02']
[6, 1.4829457998275757, 1.436629056930542, 0.4620000123977661, 0.4620000000000001, 0.44229108556311153, '01:02']
[7, 1.4429357051849365, 1.354289174079895, 0.4982999861240387, 0.4983000000000001, 0.47755586129947, '01:02']
[8, 1.3760126829147339, 1.3342252969741821, 0.5097000002861023, 0.5097, 0.4978121227236964, '01:03']
[9, 1.3425437211990356, 1.2858096361160278, 0.5285000205039978, 0.5285, 0.5194971358702116, '01:02']
[10, 1.313909888267517, 1.2693549394607544, 0.538100004196167, 0.5381, 0.5352137685500942, '01:15']
[11, 1.2765872478485107, 1.2675637006759644, 0.5462999939918518, 0.5463, 0.5436014759411897, '01:39']
[12, 1.235337495803833, 1.2243645191192627, 0.5586000084877014, 0.5586, 0.5539021585878846, '02:01']
[13, 1.2052276134490967, 1.2514362335205078, 0.5480999946594238, 0.5481, 0.5520901791183807, '02:31']
[14, 1.1944067478179932, 1.182648777961731, 0.5735999941825867, 0.5736, 0.5710787411992959, '02:31']
[15, 1.1609487533569336, 1.1697026491165161, 0.5812000036239624, 0.5812, 0.5764015348527687, '02:32']
[16, 1.1041861772537231, 1.1674884557724, 0.579800009727478, 0.5798, 0.5771079117358295, '02:32']
[17, 1.078316569328308, 1.1585376262664795, 0.5885999798774719, 0.5886000000000001, 0.5876310005245681, '02:34']
[18, 1.067826747894287, 1.1557501554489136, 0.5867000222206116, 0.5867000000000001, 0.5866239888351472, '02:34']
[19, 1.0608335733413696, 1.1673952341079712, 0.5828999876976013, 0.5829000000000001, 0.5781678612984141, '03:05']
[20, 1.0257937908172607, 1.1469262838363647, 0.5929999947547913, 0.593, 0.5907559994039078, '02:49']
[21, 0.9968851208686829, 1.1435171365737915, 0.5939000248908997, 0.5939, 0.5955016603444969, '02:44']
[22, 0.9903590083122253, 1.138408899307251, 0.5989000201225281, 0.5989, 0.5959935353593158, '02:31']
[23, 0.9829341769218445, 1.1355773210525513, 0.599399983882904, 0.5994, 0.5978439622042658, '02:49']
[24, 0.9374921917915344, 1.1356031894683838, 0.6021999716758728, 0.6022, 0.5999918626107544, '02:25']
[25, 0.9457845687866211, 1.1311529874801636, 0.6029000282287598, 0.6029, 0.6001900779613291, '02:19']
[26, 0.914076030254364, 1.1285420656204224, 0.6039999723434448, 0.6040000000000001, 0.6023211781100369, '01:57']
[27, 0.9185122847557068, 1.1271603107452393, 0.6021000146865845, 0.6021000000000001, 0.6001491849301754, '02:18']
[28, 0.9199434518814087, 1.1275914907455444, 0.6046000123023987, 0.6046, 0.6027604025895179, '02:23']
[29, 0.9093771576881409, 1.1272228956222534, 0.6039000153541565, 0.6038999999999999, 0.602141178010058, '02:26']

Tiempo de entrenamiento: 3550.59 segundos
/mnt/homeGPU/haoweihu/TFG/lib/python3.10/site-packages/fastai/learner.py:455: UserWarning: load_learner` uses Python's insecure pickle module, which can execute malicious arbitrary code when loading. Only load files you trust.
If you only need to load model weights and optimizer state, use the safe `Learner.load` instead.
  warn("load_learner` uses Python's insecure pickle module, which can execute malicious arbitrary code when loading. Only load files you trust.\nIf you only need to load model weights and optimizer state, use the safe `Learner.load` instead.")
Loss: 1.1272
Accuracy: 0.6039
Recall: 0.6039
F1-Score: 0.6021
Loss: 1.1271854639053345
Accuracy: 0.6023637652397156
Recall (macro): 0.6022972348438367
F1 Score (macro): 0.6000992605591474
mail: cannot send message: Process exited with a non-zero status
