---------------------------------------------------------------------------
Ejecutando: fmnist_10pct_deep
---------------------------------------------------------------------------
Número total de imágenes en entrenamiento: 4800
Número total de imágenes en validación: 12000

Clases: ['Ankle boot', 'Bag', 'Coat', 'Dress', 'Pullover', 'Sandal', 'Shirt', 'Sneaker', 'T-shirt', 'Trouser']
[0, 2.2950963973999023, 2.281203031539917, 0.10433333367109299, 0.10433333333333335, 0.02573715779746073, '00:51']
[1, 2.2104415893554688, 1.9845341444015503, 0.3166666626930237, 0.3166666666666667, 0.1891897913020794, '00:29']
[2, 1.7760281562805176, 1.261141300201416, 0.5145833492279053, 0.5145833333333333, 0.43008987237440416, '00:29']
[3, 1.5436912775039673, 1.1054024696350098, 0.6318333148956299, 0.6318333333333335, 0.5993892081839121, '00:32']
[4, 1.4401988983154297, 1.0169414281845093, 0.621916651725769, 0.6219166666666667, 0.5981637176147607, '00:34']
[5, 1.3755571842193604, 0.9769700765609741, 0.6548333168029785, 0.6548333333333334, 0.6143406220585184, '00:34']
[6, 1.3319422006607056, 0.8843454718589783, 0.6886666417121887, 0.6886666666666666, 0.63876473445256, '00:40']
[7, 1.2661454677581787, 0.8367443084716797, 0.6797500252723694, 0.67975, 0.6662507218357601, '00:29']
[8, 1.2138586044311523, 0.826349139213562, 0.6996666789054871, 0.6996666666666667, 0.6594323792256925, '00:29']
[9, 1.1969760656356812, 0.7665356993675232, 0.7207499742507935, 0.72075, 0.7062723350098615, '00:29']
[10, 1.1522860527038574, 0.7278552055358887, 0.7348333597183228, 0.7348333333333332, 0.7054748640614702, '00:29']
[11, 1.1372075080871582, 0.7736682891845703, 0.7109166383743286, 0.7109166666666666, 0.6859678987082368, '00:29']
[12, 1.1097419261932373, 0.7159327864646912, 0.731249988079071, 0.73125, 0.7001040888502141, '00:29']
[13, 1.0724596977233887, 0.6726518869400024, 0.7441666722297668, 0.7441666666666666, 0.7207775590850394, '00:41']
[14, 1.0516802072525024, 0.6732231974601746, 0.7591666579246521, 0.7591666666666667, 0.7400472126042463, '00:29']
[15, 1.0304982662200928, 0.6572445034980774, 0.7617499828338623, 0.76175, 0.7307856111266694, '00:29']
[16, 1.0151422023773193, 0.6761510372161865, 0.7508333325386047, 0.7508333333333334, 0.7239173121549474, '00:29']
[17, 1.0018806457519531, 0.620854377746582, 0.7803333401679993, 0.7803333333333333, 0.7557887176066791, '00:29']
[18, 0.9941746592521667, 0.6145462393760681, 0.7873333096504211, 0.7873333333333333, 0.7661167590831013, '00:29']
[19, 0.9615085124969482, 0.601608157157898, 0.7892500162124634, 0.78925, 0.7680031626188557, '00:30']
[20, 0.942331075668335, 0.5816946625709534, 0.7940833568572998, 0.7940833333333334, 0.770456604825546, '00:29']
[21, 0.9459050297737122, 0.6195858120918274, 0.7753333449363708, 0.7753333333333333, 0.7456737634555497, '00:35']
[22, 0.9254482388496399, 0.5857664942741394, 0.7915833592414856, 0.7915833333333333, 0.7656238703016854, '00:36']
[23, 0.9146882891654968, 0.5668786764144897, 0.8019166588783264, 0.8019166666666667, 0.7805034848764401, '00:43']
[24, 0.9045078158378601, 0.5795265436172485, 0.7869166731834412, 0.7869166666666667, 0.7672224479191885, '00:39']
[25, 0.9015515446662903, 0.5711758136749268, 0.7924166917800903, 0.7924166666666667, 0.7680110576343484, '00:29']
[26, 0.8845258355140686, 0.5694994926452637, 0.7929166555404663, 0.7929166666666666, 0.7709629729981764, '00:30']
[27, 0.871933102607727, 0.5640172958374023, 0.796500027179718, 0.7965000000000001, 0.7733531867094092, '00:32']
[28, 0.8767836093902588, 0.5638183355331421, 0.7948333621025085, 0.7948333333333334, 0.7717446198175424, '00:47']
[29, 0.8741481900215149, 0.5639923810958862, 0.7951666712760925, 0.7951666666666667, 0.7723061175754243, '00:39']

Tiempo de entrenamiento: 1014.82 segundos
/mnt/homeGPU/haoweihu/TFG/lib/python3.10/site-packages/fastai/learner.py:455: UserWarning: load_learner` uses Python's insecure pickle module, which can execute malicious arbitrary code when loading. Only load files you trust.
If you only need to load model weights and optimizer state, use the safe `Learner.load` instead.
  warn("load_learner` uses Python's insecure pickle module, which can execute malicious arbitrary code when loading. Only load files you trust.\nIf you only need to load model weights and optimizer state, use the safe `Learner.load` instead.")
Loss: 0.5640
Accuracy: 0.7952
Recall: 0.7952
F1-Score: 0.7723
Loss: 2.195782423019409
Accuracy: 0.6101762652397156
Recall (macro): 0.6099800251702246
F1 Score (macro): 0.5974332792602566
---------------------------------------------------------------------------
Ejecutando: fmnist_20pct_deep
---------------------------------------------------------------------------
Número total de imágenes en entrenamiento: 9600
Número total de imágenes en validación: 12000

Clases: ['Ankle boot', 'Bag', 'Coat', 'Dress', 'Pullover', 'Sandal', 'Shirt', 'Sneaker', 'T-shirt', 'Trouser']
[0, 2.2928760051727295, 2.273385524749756, 0.10783333331346512, 0.10783333333333334, 0.02909558506246334, '01:49']
[1, 1.8547158241271973, 1.3473557233810425, 0.5717499852180481, 0.57175, 0.5116231572230283, '00:50']
[2, 1.392378807067871, 1.0516952276229858, 0.6318333148956299, 0.6318333333333334, 0.5896117853066485, '00:38']
[3, 1.2801880836486816, 0.9148399829864502, 0.6765000224113464, 0.6765000000000001, 0.6700000733859233, '00:38']
[4, 1.1921342611312866, 0.8442795276641846, 0.6804999709129333, 0.6804999999999999, 0.6299232396852136, '00:38']
[5, 1.0968241691589355, 0.7888085842132568, 0.6801666617393494, 0.6801666666666667, 0.6387376878307758, '00:37']
[6, 1.0332108736038208, 0.7197005152702332, 0.7415833473205566, 0.7415833333333334, 0.705415146803843, '00:49']
[7, 0.9704769253730774, 0.6343079805374146, 0.7576666474342346, 0.7576666666666668, 0.7297231920468559, '00:40']
[8, 0.94145667552948, 0.6000305414199829, 0.781166672706604, 0.7811666666666667, 0.7601767576951841, '00:38']
[9, 0.901210606098175, 0.5862376093864441, 0.7650833129882812, 0.7650833333333333, 0.7451792667758499, '00:49']
[10, 0.8729831576347351, 0.564132809638977, 0.7984166741371155, 0.7984166666666667, 0.778946737607134, '00:37']
[11, 0.8360528349876404, 0.5568695664405823, 0.7985833287239075, 0.7985833333333334, 0.7740405003722592, '00:38']
[12, 0.807989776134491, 0.5530930161476135, 0.7839166522026062, 0.7839166666666667, 0.7673984922141533, '00:39']
[13, 0.7910915017127991, 0.5261568427085876, 0.7994166612625122, 0.7994166666666668, 0.7778665389846992, '00:45']
[14, 0.7550610899925232, 0.4879949688911438, 0.8105833530426025, 0.8105833333333333, 0.7935230188850906, '00:37']
[15, 0.7316835522651672, 0.4828978180885315, 0.8150833249092102, 0.8150833333333333, 0.806914535461544, '00:38']
[16, 0.719376266002655, 0.4755629599094391, 0.8110833168029785, 0.8110833333333332, 0.7909953242536503, '00:38']
[17, 0.6954653859138489, 0.46330925822257996, 0.8204166889190674, 0.8204166666666666, 0.8081872695984493, '00:38']
[18, 0.6767769455909729, 0.46164289116859436, 0.8197500109672546, 0.81975, 0.7986842949077116, '00:48']
[19, 0.6550312042236328, 0.4569171667098999, 0.8220000267028809, 0.8220000000000001, 0.8084772652057222, '00:39']
[20, 0.641970157623291, 0.45185065269470215, 0.8259999752044678, 0.8260000000000002, 0.8054603497378526, '00:37']
[21, 0.6263972520828247, 0.44950518012046814, 0.8231666684150696, 0.8231666666666666, 0.7978159654386998, '00:37']
[22, 0.6150385141372681, 0.43192121386528015, 0.8258333206176758, 0.8258333333333333, 0.8066214157669795, '00:37']
[23, 0.6050648093223572, 0.43504297733306885, 0.831416666507721, 0.8314166666666667, 0.8194272235148713, '00:38']
[24, 0.578310489654541, 0.4269982874393463, 0.8306666612625122, 0.8306666666666667, 0.8128452755517749, '00:37']
[25, 0.5980478525161743, 0.43146857619285583, 0.8321666717529297, 0.8321666666666667, 0.8158919155008361, '00:47']
[26, 0.5830352902412415, 0.4356175661087036, 0.8276666402816772, 0.8276666666666668, 0.8049999944712297, '00:37']
[27, 0.5842205286026001, 0.42723995447158813, 0.8325833082199097, 0.8325833333333333, 0.8156813205288735, '00:37']
[28, 0.5798013210296631, 0.42676836252212524, 0.8320833444595337, 0.8320833333333333, 0.8147435829284634, '00:37']
[29, 0.5672181844711304, 0.4269558787345886, 0.8317499756813049, 0.8317499999999999, 0.8142255020741569, '00:51']

Tiempo de entrenamiento: 1293.22 segundos
/mnt/homeGPU/haoweihu/TFG/lib/python3.10/site-packages/fastai/learner.py:455: UserWarning: load_learner` uses Python's insecure pickle module, which can execute malicious arbitrary code when loading. Only load files you trust.
If you only need to load model weights and optimizer state, use the safe `Learner.load` instead.
  warn("load_learner` uses Python's insecure pickle module, which can execute malicious arbitrary code when loading. Only load files you trust.\nIf you only need to load model weights and optimizer state, use the safe `Learner.load` instead.")
Loss: 0.4270
Accuracy: 0.8317
Recall: 0.8317
F1-Score: 0.8142
Loss: 3.039980411529541
Accuracy: 0.6450320482254028
Recall (macro): 0.6449610979053265
F1 Score (macro): 0.6356097499615422
---------------------------------------------------------------------------
Ejecutando: fmnist_30pct_deep
---------------------------------------------------------------------------
Número total de imágenes en entrenamiento: 14400
Número total de imágenes en validación: 12000

Clases: ['Ankle boot', 'Bag', 'Coat', 'Dress', 'Pullover', 'Sandal', 'Shirt', 'Sneaker', 'T-shirt', 'Trouser']
[0, 2.2421538829803467, 2.165273666381836, 0.33941665291786194, 0.33941666666666664, 0.22525634476490594, '01:24']
[1, 1.400646448135376, 1.0789645910263062, 0.5837500095367432, 0.58375, 0.5255563491931388, '00:46']
[2, 1.1846644878387451, 0.8734462857246399, 0.6664166450500488, 0.6664166666666667, 0.6319582628241631, '00:46']
[3, 1.0301004648208618, 0.7353343367576599, 0.7228333353996277, 0.7228333333333333, 0.7052773704211335, '00:46']
[4, 0.9534175992012024, 0.684114933013916, 0.737583339214325, 0.7375833333333333, 0.7048890981946255, '00:54']
[5, 0.8899515271186829, 0.6397927403450012, 0.7583333253860474, 0.7583333333333334, 0.7504580591634332, '00:46']
[6, 0.844221293926239, 0.5988965034484863, 0.7740833163261414, 0.7740833333333332, 0.76331759044776, '00:46']
[7, 0.7932660579681396, 0.5612562894821167, 0.781583309173584, 0.7815833333333333, 0.753727973743875, '00:46']
[8, 0.7583102583885193, 0.5152006149291992, 0.809333324432373, 0.8093333333333333, 0.7904204420722358, '00:46']
[9, 0.715376615524292, 0.518758237361908, 0.7927500009536743, 0.79275, 0.7755369855337915, '01:01']
[10, 0.6723199486732483, 0.4709170460700989, 0.8195000290870667, 0.8195, 0.8015597244685327, '00:46']
[11, 0.6543008089065552, 0.45816686749458313, 0.8241666555404663, 0.8241666666666667, 0.8122380776404977, '00:46']
[12, 0.6119376420974731, 0.4377385973930359, 0.8343333601951599, 0.8343333333333334, 0.83166804224715, '00:46']
[13, 0.6100248694419861, 0.43296346068382263, 0.8286666870117188, 0.8286666666666667, 0.8106370623157086, '00:57']
[14, 0.6047570109367371, 0.43176016211509705, 0.8303333520889282, 0.8303333333333335, 0.8102412937210459, '00:57']
[15, 0.5838092565536499, 0.43313607573509216, 0.8269166946411133, 0.8269166666666667, 0.8092975634986143, '01:02']
[16, 0.581301212310791, 0.4239530861377716, 0.8355833292007446, 0.8355833333333333, 0.8220483301425636, '01:03']
[17, 0.5470422506332397, 0.41473186016082764, 0.8353333473205566, 0.8353333333333334, 0.8167536453799258, '01:02']
[18, 0.5359346866607666, 0.39950448274612427, 0.843500018119812, 0.8435, 0.8299390572769481, '01:09']
[19, 0.508409321308136, 0.3980359733104706, 0.843916654586792, 0.8439166666666666, 0.8337654908298371, '00:58']
[20, 0.5047288537025452, 0.3861813247203827, 0.8500833511352539, 0.8500833333333333, 0.8400430751172105, '00:46']
[21, 0.49490058422088623, 0.3809781074523926, 0.8521666526794434, 0.8521666666666666, 0.8417968107246343, '00:46']
[22, 0.4968269467353821, 0.3872770071029663, 0.8520833253860474, 0.8520833333333334, 0.8443352402955068, '00:55']
[23, 0.47033247351646423, 0.3786202669143677, 0.8524166941642761, 0.8524166666666666, 0.8437634772969036, '00:46']
[24, 0.467336505651474, 0.38361072540283203, 0.8520833253860474, 0.8520833333333334, 0.8409953908932912, '00:46']
[25, 0.4582153558731079, 0.374450147151947, 0.859000027179718, 0.859, 0.8524966797338893, '00:46']
[26, 0.4360475540161133, 0.37402936816215515, 0.8575833439826965, 0.8575833333333334, 0.849705601727363, '00:46']
[27, 0.43245869874954224, 0.37295353412628174, 0.8578333258628845, 0.8578333333333333, 0.8502108956006849, '00:54']
[28, 0.4272788166999817, 0.3717649281024933, 0.8599166870117188, 0.8599166666666666, 0.8530410278163059, '00:59']
[29, 0.4372827112674713, 0.37144267559051514, 0.8600833415985107, 0.8600833333333332, 0.8532924681631675, '00:46']

Tiempo de entrenamiento: 1591.86 segundos
/mnt/homeGPU/haoweihu/TFG/lib/python3.10/site-packages/fastai/learner.py:455: UserWarning: load_learner` uses Python's insecure pickle module, which can execute malicious arbitrary code when loading. Only load files you trust.
If you only need to load model weights and optimizer state, use the safe `Learner.load` instead.
  warn("load_learner` uses Python's insecure pickle module, which can execute malicious arbitrary code when loading. Only load files you trust.\nIf you only need to load model weights and optimizer state, use the safe `Learner.load` instead.")
Loss: 0.3714
Accuracy: 0.8601
Recall: 0.8601
F1-Score: 0.8533
Loss: 3.4297916889190674
Accuracy: 0.6698718070983887
Recall (macro): 0.6697221896239911
F1 Score (macro): 0.6683075189198806
---------------------------------------------------------------------------
Ejecutando: fmnist_40pct_deep
---------------------------------------------------------------------------
Número total de imágenes en entrenamiento: 19200
Número total de imágenes en validación: 12000

Clases: ['Ankle boot', 'Bag', 'Coat', 'Dress', 'Pullover', 'Sandal', 'Shirt', 'Sneaker', 'T-shirt', 'Trouser']
[0, 2.228576898574829, 2.1443796157836914, 0.3725833296775818, 0.3725833333333334, 0.2868254362498036, '01:53']
[1, 1.3082172870635986, 1.0779461860656738, 0.5796666741371155, 0.5796666666666667, 0.5283546149958496, '00:54']
[2, 1.1212364435195923, 0.890474259853363, 0.6627500057220459, 0.66275, 0.660612321595283, '00:54']
[3, 0.942440927028656, 0.7209409475326538, 0.7234166860580444, 0.7234166666666667, 0.70407434917707, '00:54']
[4, 0.8622578382492065, 0.620730459690094, 0.7583333253860474, 0.7583333333333333, 0.7422290742864079, '01:05']
[5, 0.8158421516418457, 0.6267800331115723, 0.7738333344459534, 0.7738333333333333, 0.7524934520156157, '01:00']
[6, 0.7515404224395752, 0.5459387898445129, 0.7925000190734863, 0.7925, 0.7622247584411558, '01:08']
[7, 0.695480227470398, 0.5229787826538086, 0.8014166951179504, 0.8014166666666667, 0.7803572016537279, '00:56']
[8, 0.6547747254371643, 0.49635234475135803, 0.8097500205039978, 0.80975, 0.7818303499428843, '01:04']
[9, 0.6417062282562256, 0.46887385845184326, 0.8235833048820496, 0.8235833333333333, 0.8129292929045935, '00:54']
[10, 0.5931779742240906, 0.44572913646698, 0.8199166655540466, 0.8199166666666666, 0.7987559913351583, '00:55']
[11, 0.5604754686355591, 0.4130288362503052, 0.8398333191871643, 0.8398333333333333, 0.8272385839749988, '00:55']
[12, 0.5481963157653809, 0.43898212909698486, 0.8274166584014893, 0.8274166666666666, 0.8204991982861879, '00:55']
[13, 0.5362900495529175, 0.3937145471572876, 0.847000002861023, 0.8470000000000001, 0.8356101322108407, '01:07']
[14, 0.510289192199707, 0.3875531852245331, 0.8497499823570251, 0.84975, 0.8423748816542094, '00:55']
[15, 0.4862498342990875, 0.39592790603637695, 0.8464999794960022, 0.8465, 0.8344221232278548, '00:55']
[16, 0.4927399456501007, 0.37057384848594666, 0.856249988079071, 0.85625, 0.8485236259595738, '00:57']
[17, 0.45634931325912476, 0.3809829652309418, 0.846833348274231, 0.8468333333333333, 0.8326546508177894, '01:02']
[18, 0.4496673345565796, 0.38130518794059753, 0.8495833277702332, 0.8495833333333334, 0.8460114325648824, '00:55']
[19, 0.4176521897315979, 0.3562498092651367, 0.8636666536331177, 0.8636666666666667, 0.8575252791826362, '00:55']
[20, 0.4312148988246918, 0.35618266463279724, 0.8630833625793457, 0.8630833333333333, 0.8563226575506739, '00:55']
[21, 0.4040679335594177, 0.3550792932510376, 0.8642500042915344, 0.86425, 0.8552170976555493, '01:07']
[22, 0.3986557424068451, 0.3476387560367584, 0.8684166669845581, 0.8684166666666666, 0.866282727383336, '00:54']
[23, 0.38413143157958984, 0.34593990445137024, 0.8688333630561829, 0.8688333333333332, 0.8642437912506153, '01:11']
[24, 0.3861915171146393, 0.34385454654693604, 0.8677499890327454, 0.86775, 0.8600303828586414, '01:14']
[25, 0.3656986653804779, 0.3344653844833374, 0.875333309173584, 0.8753333333333334, 0.871946160578764, '01:18']
[26, 0.3686992824077606, 0.3375830352306366, 0.871916651725769, 0.8719166666666667, 0.8669904501936706, '01:22']
[27, 0.37278905510902405, 0.3340298533439636, 0.8744999766349792, 0.8745, 0.8713414976205011, '01:06']
[28, 0.3581022024154663, 0.33610185980796814, 0.8726666569709778, 0.8726666666666667, 0.8678893661043553, '01:08']
[29, 0.36193642020225525, 0.33596351742744446, 0.8729166388511658, 0.8729166666666666, 0.8681592490620405, '00:55']

Tiempo de entrenamiento: 1897.46 segundos
/mnt/homeGPU/haoweihu/TFG/lib/python3.10/site-packages/fastai/learner.py:455: UserWarning: load_learner` uses Python's insecure pickle module, which can execute malicious arbitrary code when loading. Only load files you trust.
If you only need to load model weights and optimizer state, use the safe `Learner.load` instead.
  warn("load_learner` uses Python's insecure pickle module, which can execute malicious arbitrary code when loading. Only load files you trust.\nIf you only need to load model weights and optimizer state, use the safe `Learner.load` instead.")
Loss: 0.3360
Accuracy: 0.8729
Recall: 0.8729
F1-Score: 0.8682
Loss: 3.182863235473633
Accuracy: 0.6823918223381042
Recall (macro): 0.6821276779568497
F1 Score (macro): 0.6826832890803367
---------------------------------------------------------------------------
Ejecutando: fmnist_50pct_deep
---------------------------------------------------------------------------
Número total de imágenes en entrenamiento: 24000
Número total de imágenes en validación: 12000

Clases: ['Ankle boot', 'Bag', 'Coat', 'Dress', 'Pullover', 'Sandal', 'Shirt', 'Sneaker', 'T-shirt', 'Trouser']
[0, 1.9075459241867065, 1.6475746631622314, 0.4467499852180481, 0.44675000000000004, 0.3426529764729779, '01:17']
[1, 1.1229037046432495, 0.9504932165145874, 0.6440833210945129, 0.6440833333333333, 0.6060676806468568, '01:24']
[2, 0.9867337942123413, 0.818610668182373, 0.6940833330154419, 0.6940833333333334, 0.6626274019843612, '01:03']
[3, 0.8760749697685242, 0.6984924077987671, 0.7316666841506958, 0.7316666666666667, 0.7083708186801322, '01:04']
[4, 0.7797133922576904, 0.6014702320098877, 0.7666666507720947, 0.7666666666666667, 0.7545648978949984, '01:02']
[5, 0.6955808997154236, 0.5534364581108093, 0.7954166531562805, 0.7954166666666667, 0.7756387474995774, '01:16']
[6, 0.627479612827301, 0.505810022354126, 0.8054999709129333, 0.8055, 0.7866207934492767, '01:18']
[7, 0.5752981901168823, 0.4806165397167206, 0.8180000185966492, 0.818, 0.8038413439081141, '01:03']
[8, 0.5646136999130249, 0.43056920170783997, 0.8414166569709778, 0.8414166666666667, 0.8309431544521481, '01:11']
[9, 0.5501315593719482, 0.4056834280490875, 0.8533333539962769, 0.8533333333333333, 0.8533660051540647, '01:09']
[10, 0.5221601128578186, 0.3982291519641876, 0.8512499928474426, 0.85125, 0.8458722829180406, '01:04']
[11, 0.4900484085083008, 0.4010182321071625, 0.8502500057220459, 0.85025, 0.8438119023039276, '01:14']
[12, 0.4798988103866577, 0.37379854917526245, 0.8654999732971191, 0.8655000000000002, 0.8598931896662376, '01:17']
[13, 0.44733527302742004, 0.3878844380378723, 0.8539166450500488, 0.8539166666666667, 0.8436456178203227, '01:03']
[14, 0.42674878239631653, 0.3682328760623932, 0.8565000295639038, 0.8564999999999999, 0.8468239897442628, '01:03']
[15, 0.4054125249385834, 0.36117494106292725, 0.8660833239555359, 0.8660833333333333, 0.8591330265346129, '01:09']
[16, 0.40257468819618225, 0.35336819291114807, 0.8700000047683716, 0.8700000000000001, 0.8667313551354401, '01:35']
[17, 0.3866194784641266, 0.33696046471595764, 0.875, 0.875, 0.8729912678217161, '01:05']
[18, 0.36326900124549866, 0.33661583065986633, 0.874916672706604, 0.8749166666666668, 0.8692190522106824, '01:07']
[19, 0.36110949516296387, 0.32706302404403687, 0.8786666393280029, 0.8786666666666667, 0.8742366613635623, '01:17']
[20, 0.34617120027542114, 0.32625073194503784, 0.8815833330154419, 0.8815833333333332, 0.8773322570914704, '01:15']
[21, 0.33156055212020874, 0.32938092947006226, 0.8801666498184204, 0.8801666666666665, 0.8766660295218396, '01:03']
[22, 0.32410648465156555, 0.3249639570713043, 0.8824999928474426, 0.8825, 0.8784020277764719, '01:11']
[23, 0.3168836832046509, 0.31566762924194336, 0.8879166841506958, 0.8879166666666667, 0.887154521723355, '01:03']
[24, 0.3047897517681122, 0.318567156791687, 0.8855000138282776, 0.8854999999999998, 0.8845788064793755, '01:17']
[25, 0.2982570230960846, 0.3178025186061859, 0.8848333358764648, 0.8848333333333332, 0.8828001248144138, '01:41']
[26, 0.29264122247695923, 0.3172626793384552, 0.8851666450500488, 0.8851666666666667, 0.8822692575181448, '01:27']
[27, 0.2807215750217438, 0.31527179479599, 0.8870000243186951, 0.8870000000000001, 0.8842513322989959, '01:23']
[28, 0.30016547441482544, 0.31386736035346985, 0.8877500295639038, 0.8877499999999999, 0.8856861293513651, '01:12']
[29, 0.2945011556148529, 0.31417134404182434, 0.8878333568572998, 0.8878333333333334, 0.8855686703435776, '01:04']

Tiempo de entrenamiento: 2189.54 segundos
/mnt/homeGPU/haoweihu/TFG/lib/python3.10/site-packages/fastai/learner.py:455: UserWarning: load_learner` uses Python's insecure pickle module, which can execute malicious arbitrary code when loading. Only load files you trust.
If you only need to load model weights and optimizer state, use the safe `Learner.load` instead.
  warn("load_learner` uses Python's insecure pickle module, which can execute malicious arbitrary code when loading. Only load files you trust.\nIf you only need to load model weights and optimizer state, use the safe `Learner.load` instead.")
Loss: 0.3142
Accuracy: 0.8878
Recall: 0.8878
F1-Score: 0.8856
Loss: 3.264237642288208
Accuracy: 0.702223539352417
Recall (macro): 0.7022283115697612
F1 Score (macro): 0.703308677744591
---------------------------------------------------------------------------
Ejecutando: fmnist_60pct_deep
---------------------------------------------------------------------------
Número total de imágenes en entrenamiento: 28800
Número total de imágenes en validación: 12000

Clases: ['Ankle boot', 'Bag', 'Coat', 'Dress', 'Pullover', 'Sandal', 'Shirt', 'Sneaker', 'T-shirt', 'Trouser']
[0, 1.6884925365447998, 1.4246892929077148, 0.5724166631698608, 0.5724166666666666, 0.5270637074772665, '02:14']
[1, 0.9690821170806885, 0.7992066144943237, 0.6980833411216736, 0.6980833333333334, 0.6789150247356744, '01:14']
[2, 0.8275308609008789, 0.7011778950691223, 0.7162500023841858, 0.7162499999999999, 0.7199237993820027, '01:11']
[3, 0.7489196062088013, 0.6143364906311035, 0.7674166560173035, 0.7674166666666666, 0.7454908022800356, '01:13']
[4, 0.6500817537307739, 0.5478864908218384, 0.7857499718666077, 0.78575, 0.7755990231868257, '01:29']
[5, 0.5973793864250183, 0.481362521648407, 0.8130000233650208, 0.8130000000000001, 0.7970991831783772, '01:11']
[6, 0.5713589787483215, 0.4356180727481842, 0.8399166464805603, 0.8399166666666666, 0.8413041219371813, '01:11']
[7, 0.5272988677024841, 0.40269047021865845, 0.844083309173584, 0.8440833333333334, 0.8358935067005326, '01:24']
[8, 0.4914191663265228, 0.3849490284919739, 0.8515833616256714, 0.8515833333333334, 0.8483132713097221, '01:10']
[9, 0.481191486120224, 0.35428911447525024, 0.8693333268165588, 0.8693333333333333, 0.8677023865334315, '01:25']
[10, 0.4603651463985443, 0.3506438434123993, 0.8728333115577698, 0.8728333333333333, 0.8716377297686388, '01:19']
[11, 0.4471960663795471, 0.33594921231269836, 0.8776666522026062, 0.8776666666666667, 0.8752049817528162, '01:11']
[12, 0.40088963508605957, 0.3199811279773712, 0.8850833177566528, 0.8850833333333334, 0.8850468971487571, '01:11']
[13, 0.39767056703567505, 0.3156694769859314, 0.8840833306312561, 0.8840833333333332, 0.8826908860895053, '01:30']
[14, 0.3759186267852783, 0.30820155143737793, 0.8883333206176758, 0.8883333333333333, 0.8871233413184869, '01:19']
[15, 0.3637545704841614, 0.3136039972305298, 0.8803333044052124, 0.8803333333333334, 0.8744806439555456, '01:11']
[16, 0.3463990390300751, 0.30211061239242554, 0.890999972820282, 0.891, 0.8890800215294856, '01:19']
[17, 0.32806119322776794, 0.30097663402557373, 0.890999972820282, 0.891, 0.8896204591526548, '01:11']
[18, 0.3113483488559723, 0.29984942078590393, 0.8914999961853027, 0.8915000000000001, 0.8904697464316638, '01:24']
[19, 0.30140766501426697, 0.29450368881225586, 0.8952500224113464, 0.8952500000000001, 0.893690464050754, '01:11']
[20, 0.2935616075992584, 0.2946280837059021, 0.8955833315849304, 0.8955833333333334, 0.8940324484764061, '01:26']
[21, 0.29224035143852234, 0.2926599383354187, 0.8946666717529297, 0.8946666666666667, 0.8938601802230476, '01:11']
[22, 0.27697810530662537, 0.2914668023586273, 0.8977500200271606, 0.89775, 0.8962697096247515, '01:39']
[23, 0.25576743483543396, 0.28822553157806396, 0.8995833396911621, 0.8995833333333334, 0.899188027699694, '01:40']
[24, 0.25885680317878723, 0.2888942360877991, 0.8988333344459534, 0.8988333333333334, 0.8976168051927307, '01:37']
[25, 0.2713693678379059, 0.2905327081680298, 0.8995000123977661, 0.8995, 0.8989483637999542, '01:36']
[26, 0.2435835897922516, 0.2871847450733185, 0.9008333086967468, 0.9008333333333333, 0.9001390750791332, '01:25']
[27, 0.248493954539299, 0.2870335578918457, 0.9010000228881836, 0.901, 0.9000409579438647, '01:11']
[28, 0.24754059314727783, 0.28629693388938904, 0.9004166722297668, 0.9004166666666664, 0.8996539534803281, '01:20']
[29, 0.24448423087596893, 0.2864381670951843, 0.9006666541099548, 0.9006666666666666, 0.8999188351757723, '01:15']

Tiempo de entrenamiento: 2465.62 segundos
/mnt/homeGPU/haoweihu/TFG/lib/python3.10/site-packages/fastai/learner.py:455: UserWarning: load_learner` uses Python's insecure pickle module, which can execute malicious arbitrary code when loading. Only load files you trust.
If you only need to load model weights and optimizer state, use the safe `Learner.load` instead.
  warn("load_learner` uses Python's insecure pickle module, which can execute malicious arbitrary code when loading. Only load files you trust.\nIf you only need to load model weights and optimizer state, use the safe `Learner.load` instead.")
Loss: 0.2864
Accuracy: 0.9007
Recall: 0.9007
F1-Score: 0.8999
Loss: 3.7254130840301514
Accuracy: 0.7072315812110901
Recall (macro): 0.7074421635170676
F1 Score (macro): 0.7083457701915185
---------------------------------------------------------------------------
Ejecutando: fmnist_70pct_deep
---------------------------------------------------------------------------
Número total de imágenes en entrenamiento: 33600
Número total de imágenes en validación: 12000

Clases: ['Ankle boot', 'Bag', 'Coat', 'Dress', 'Pullover', 'Sandal', 'Shirt', 'Sneaker', 'T-shirt', 'Trouser']
[0, 1.553405523300171, 1.343843698501587, 0.5379166603088379, 0.5379166666666667, 0.4839198549896283, '01:24']
[1, 0.9190026521682739, 0.7831568121910095, 0.7009999752044678, 0.701, 0.6831798657379712, '01:46']
[2, 0.7706934213638306, 0.6726903319358826, 0.737500011920929, 0.7375, 0.7228621293321547, '01:19']
[3, 0.6695935726165771, 0.5728490948677063, 0.768750011920929, 0.7687499999999999, 0.7540524097547239, '01:25']
[4, 0.5879004001617432, 0.5048149824142456, 0.8046666383743286, 0.8046666666666666, 0.7916543850930078, '01:37']
[5, 0.5439097285270691, 0.47056108713150024, 0.8193333148956299, 0.8193333333333334, 0.819303427606567, '01:19']
[6, 0.47880819439888, 0.4128621816635132, 0.8454999923706055, 0.8455, 0.8487101753339426, '01:41']
[7, 0.44411501288414, 0.3619011342525482, 0.8681666851043701, 0.8681666666666665, 0.8642991463284682, '01:28']
[8, 0.415947288274765, 0.36072880029678345, 0.8661666512489319, 0.8661666666666668, 0.8652692168555705, '01:19']
[9, 0.40994739532470703, 0.3502504825592041, 0.8736666440963745, 0.8736666666666666, 0.8727668356237451, '01:37']
[10, 0.37138283252716064, 0.33949992060661316, 0.8765833377838135, 0.8765833333333333, 0.8736193413274472, '01:19']
[11, 0.3693244159221649, 0.30987548828125, 0.8856666684150696, 0.8856666666666667, 0.8844245324196407, '01:19']
[12, 0.3537755310535431, 0.3102441728115082, 0.8869166374206543, 0.8869166666666665, 0.8855033753004301, '01:47']
[13, 0.3360631763935089, 0.2979174852371216, 0.8924999833106995, 0.8925000000000001, 0.8921753725086219, '01:20']
[14, 0.32026442885398865, 0.2973933219909668, 0.8927500247955322, 0.8927499999999998, 0.8913412281307591, '01:38']
[15, 0.3005339205265045, 0.2897520661354065, 0.8943333625793457, 0.8943333333333333, 0.8933586397620148, '01:24']
[16, 0.2908385097980499, 0.29110628366470337, 0.8922500014305115, 0.89225, 0.8932394819461855, '01:20']
[17, 0.27491992712020874, 0.28392294049263, 0.8980000019073486, 0.898, 0.8974861010540709, '01:40']
[18, 0.27934566140174866, 0.28633755445480347, 0.8974166512489319, 0.8974166666666668, 0.896732327224315, '01:52']
[19, 0.2452290952205658, 0.2946881651878357, 0.893666684627533, 0.8936666666666667, 0.894896847357054, '01:55']
[20, 0.24669300019741058, 0.28168758749961853, 0.8997499942779541, 0.89975, 0.899819416712203, '01:33']
[21, 0.24291934072971344, 0.2843141257762909, 0.9006666541099548, 0.9006666666666666, 0.8988864144895249, '01:35']
[22, 0.22745470702648163, 0.29150477051734924, 0.8986666798591614, 0.8986666666666666, 0.8968768585004364, '01:31']
[23, 0.2224442958831787, 0.27801162004470825, 0.903249979019165, 0.9032500000000001, 0.9027602710399535, '01:21']
[24, 0.21061134338378906, 0.2819429337978363, 0.903166651725769, 0.9031666666666667, 0.9030550542590461, '01:19']
[25, 0.2190946787595749, 0.2791367173194885, 0.9018333554267883, 0.9018333333333333, 0.9018714758397515, '01:40']
[26, 0.2049470841884613, 0.28079670667648315, 0.9039999842643738, 0.9039999999999999, 0.9036696066503171, '01:25']
[27, 0.19846783578395844, 0.27947765588760376, 0.9040833115577698, 0.9040833333333333, 0.9036779377464841, '01:28']
[28, 0.20170317590236664, 0.2790233790874481, 0.9046666622161865, 0.9046666666666667, 0.9043219997244842, '01:51']
No improvement since epoch 23: early stopping

Tiempo de entrenamiento: 2665.38 segundos
/mnt/homeGPU/haoweihu/TFG/lib/python3.10/site-packages/fastai/learner.py:455: UserWarning: load_learner` uses Python's insecure pickle module, which can execute malicious arbitrary code when loading. Only load files you trust.
If you only need to load model weights and optimizer state, use the safe `Learner.load` instead.
  warn("load_learner` uses Python's insecure pickle module, which can execute malicious arbitrary code when loading. Only load files you trust.\nIf you only need to load model weights and optimizer state, use the safe `Learner.load` instead.")
Loss: 0.2790
Accuracy: 0.9047
Recall: 0.9047
F1-Score: 0.9043
Loss: 3.702364444732666
Accuracy: 0.7163461446762085
Recall (macro): 0.715926681804109
F1 Score (macro): 0.7166975034911656
---------------------------------------------------------------------------
Ejecutando: fmnist_80pct_deep
---------------------------------------------------------------------------
Número total de imágenes en entrenamiento: 38400
Número total de imágenes en validación: 12000

Clases: ['Ankle boot', 'Bag', 'Coat', 'Dress', 'Pullover', 'Sandal', 'Shirt', 'Sneaker', 'T-shirt', 'Trouser']
[0, 1.4423919916152954, 1.2543128728866577, 0.5824166536331177, 0.5824166666666668, 0.5400310742682752, '01:29']
[1, 0.879284679889679, 0.7950142621994019, 0.7044166922569275, 0.7044166666666667, 0.6861465397994546, '01:35']
[2, 0.745052695274353, 0.6557328701019287, 0.7479166388511658, 0.7479166666666667, 0.7254039684469621, '01:38']
[3, 0.6455148458480835, 0.5701972842216492, 0.7850833535194397, 0.7850833333333334, 0.7746685987816727, '01:32']
[4, 0.5709916353225708, 0.5191159248352051, 0.7990000247955322, 0.799, 0.7692462666896689, '01:44']
[5, 0.519964337348938, 0.44296324253082275, 0.8353333473205566, 0.8353333333333334, 0.8247827999908193, '01:27']
[6, 0.4583858549594879, 0.4198840260505676, 0.8506666421890259, 0.8506666666666668, 0.8504971649180169, '01:48']
[7, 0.4479959011077881, 0.3915489614009857, 0.856083333492279, 0.8560833333333333, 0.8511040506384806, '01:28']
[8, 0.39236724376678467, 0.3465207815170288, 0.8722500205039978, 0.87225, 0.86902224528855, '01:28']
[9, 0.39034003019332886, 0.3604835271835327, 0.8669166564941406, 0.8669166666666668, 0.860036434143559, '01:42']
[10, 0.36587196588516235, 0.33595511317253113, 0.878250002861023, 0.8782500000000001, 0.8791538351090613, '01:43']
[11, 0.3441440463066101, 0.31192827224731445, 0.8857499957084656, 0.8857500000000001, 0.8844221872487784, '01:52']
[12, 0.3151656687259674, 0.3384650945663452, 0.8774166703224182, 0.8774166666666667, 0.8776963571753924, '02:04']
[13, 0.3198324739933014, 0.29929134249687195, 0.8925833106040955, 0.8925833333333333, 0.8925942213912735, '02:06']
[14, 0.30945003032684326, 0.29744839668273926, 0.893666684627533, 0.8936666666666666, 0.8938842225172194, '01:29']
[15, 0.3090353310108185, 0.30525413155555725, 0.8895000219345093, 0.8895, 0.8893204972402865, '01:36']
[16, 0.2884795367717743, 0.2959691882133484, 0.8901666402816772, 0.8901666666666668, 0.8900057004214389, '01:29']
[17, 0.2655092477798462, 0.3052768409252167, 0.8916666507720947, 0.8916666666666666, 0.8895848976093521, '01:29']
[18, 0.24793612957000732, 0.2967817485332489, 0.8964166641235352, 0.8964166666666668, 0.8960343025727031, '01:52']
[19, 0.25442561507225037, 0.29228025674819946, 0.8944166898727417, 0.8944166666666666, 0.8946081202985793, '01:35']
[20, 0.23997308313846588, 0.2894287407398224, 0.8974166512489319, 0.8974166666666668, 0.8965374036066202, '01:53']
[21, 0.23934613168239594, 0.2939210534095764, 0.8970833420753479, 0.8970833333333335, 0.8954143351770153, '01:28']
[22, 0.22352343797683716, 0.29073283076286316, 0.8996666669845581, 0.8996666666666666, 0.8994625685974729, '01:41']
[23, 0.21105866134166718, 0.2918114960193634, 0.8999999761581421, 0.9, 0.8995646572241398, '01:45']
[24, 0.2044837474822998, 0.2892875075340271, 0.9001666903495789, 0.9001666666666667, 0.900157439356331, '01:49']
[25, 0.20524364709854126, 0.2884615361690521, 0.9006666541099548, 0.9006666666666666, 0.9000574774045182, '01:43']
[26, 0.20219047367572784, 0.2905938923358917, 0.8999166488647461, 0.8999166666666666, 0.8989832000233389, '01:40']
[27, 0.19049885869026184, 0.2899813950061798, 0.9004999995231628, 0.9004999999999999, 0.8999202713852975, '01:28']
[28, 0.19959186017513275, 0.289504736661911, 0.9014999866485596, 0.9015000000000001, 0.9011387006265451, '01:52']
[29, 0.19120250642299652, 0.2895416021347046, 0.9018333554267883, 0.9018333333333333, 0.9014548416673082, '01:28']

Tiempo de entrenamiento: 3011.10 segundos
/mnt/homeGPU/haoweihu/TFG/lib/python3.10/site-packages/fastai/learner.py:455: UserWarning: load_learner` uses Python's insecure pickle module, which can execute malicious arbitrary code when loading. Only load files you trust.
If you only need to load model weights and optimizer state, use the safe `Learner.load` instead.
  warn("load_learner` uses Python's insecure pickle module, which can execute malicious arbitrary code when loading. Only load files you trust.\nIf you only need to load model weights and optimizer state, use the safe `Learner.load` instead.")
Loss: 0.2895
Accuracy: 0.9018
Recall: 0.9018
F1-Score: 0.9015
Loss: 3.8732714653015137
Accuracy: 0.7125400900840759
Recall (macro): 0.7126867057457618
F1 Score (macro): 0.712408404095515
---------------------------------------------------------------------------
Ejecutando: fmnist_90pct_deep
---------------------------------------------------------------------------
Número total de imágenes en entrenamiento: 43200
Número total de imágenes en validación: 12000

Clases: ['Ankle boot', 'Bag', 'Coat', 'Dress', 'Pullover', 'Sandal', 'Shirt', 'Sneaker', 'T-shirt', 'Trouser']
[0, 1.2667546272277832, 1.1528884172439575, 0.5489166378974915, 0.5489166666666667, 0.48566357397859294, '01:47']
[1, 0.8329493999481201, 0.7963995933532715, 0.6896666884422302, 0.6896666666666668, 0.6743824166472419, '01:36']
[2, 0.6945068836212158, 0.6687282919883728, 0.7283333539962769, 0.7283333333333333, 0.721199989081404, '01:48']
[3, 0.6187333464622498, 0.590865969657898, 0.7647500038146973, 0.76475, 0.7553061101100111, '02:08']
[4, 0.5251479148864746, 0.5160154104232788, 0.8004166483879089, 0.8004166666666667, 0.7856769753842424, '02:21']
[5, 0.4664767384529114, 0.4632720649242401, 0.8324999809265137, 0.8324999999999999, 0.8292456052322729, '01:49']
[6, 0.44105222821235657, 0.4072812795639038, 0.8538333177566528, 0.8538333333333334, 0.8516118587220923, '01:44']
[7, 0.39012208580970764, 0.37045907974243164, 0.8668333292007446, 0.8668333333333333, 0.8654690709999212, '01:40']
[8, 0.3713945746421814, 0.37348806858062744, 0.8606666922569275, 0.8606666666666667, 0.8613443924284606, '01:37']
[9, 0.3437502980232239, 0.3402293622493744, 0.878000020980835, 0.8780000000000001, 0.8775828389141649, '01:57']
[10, 0.3353271186351776, 0.36368411779403687, 0.8660833239555359, 0.8660833333333333, 0.8626884171467075, '01:37']
[11, 0.3306618332862854, 0.33282437920570374, 0.875166654586792, 0.8751666666666666, 0.8761732536873413, '01:50']
[12, 0.29748281836509705, 0.3421330153942108, 0.8765000104904175, 0.8765000000000001, 0.8750750603107245, '01:40']
[13, 0.2807958722114563, 0.3043937683105469, 0.8892499804496765, 0.88925, 0.8889159048540011, '01:38']
[14, 0.28282052278518677, 0.3054942786693573, 0.8871666789054871, 0.8871666666666668, 0.8880601708848459, '02:00']
[15, 0.272236704826355, 0.3049905300140381, 0.8900833129882812, 0.8900833333333333, 0.8904743383239854, '01:37']
[16, 0.2364509105682373, 0.3145458996295929, 0.8884999752044678, 0.8885, 0.8885330070778977, '01:52']
[17, 0.2460404336452484, 0.30430933833122253, 0.8933333158493042, 0.8933333333333333, 0.8938782714412632, '02:34']
[18, 0.2282654047012329, 0.30444130301475525, 0.8933333158493042, 0.8933333333333333, 0.8934037804983429, '02:23']
[19, 0.2182472050189972, 0.2912406325340271, 0.8989999890327454, 0.899, 0.8983766524781919, '01:34']
[20, 0.21899864077568054, 0.2961525619029999, 0.8984166383743286, 0.8984166666666665, 0.8977031731318054, '01:47']
[21, 0.1952175796031952, 0.3006090521812439, 0.8962500095367432, 0.89625, 0.8969480615788384, '01:33']
[22, 0.1919497698545456, 0.29244470596313477, 0.9009166955947876, 0.9009166666666667, 0.9003799120719774, '01:41']
[23, 0.17862416803836823, 0.2951919734477997, 0.9004166722297668, 0.9004166666666666, 0.899752660298469, '01:55']
[24, 0.18457558751106262, 0.2961542010307312, 0.9002500176429749, 0.9002500000000001, 0.9000819351173938, '02:12']
No improvement since epoch 19: early stopping

Tiempo de entrenamiento: 2794.30 segundos
/mnt/homeGPU/haoweihu/TFG/lib/python3.10/site-packages/fastai/learner.py:455: UserWarning: load_learner` uses Python's insecure pickle module, which can execute malicious arbitrary code when loading. Only load files you trust.
If you only need to load model weights and optimizer state, use the safe `Learner.load` instead.
  warn("load_learner` uses Python's insecure pickle module, which can execute malicious arbitrary code when loading. Only load files you trust.\nIf you only need to load model weights and optimizer state, use the safe `Learner.load` instead.")
Loss: 0.2962
Accuracy: 0.9003
Recall: 0.9003
F1-Score: 0.9001
Loss: 4.012820720672607
Accuracy: 0.7170472741127014
Recall (macro): 0.7171225292559622
F1 Score (macro): 0.7173378311372438
mail: cannot send message: Process exited with a non-zero status
