---------------------------------------------------------------------------
--------------------------MODELOS DISTILLED 001-----------------------------
---------------------------------------------------------------------------
---------------------------------------------------------------------------
Ejecutando: mnist_dist1_auto_ex2
---------------------------------------------------------------------------
Número total de imágenes en entrenamiento: 10622
Número total de imágenes en validación: 11996

Clases: ['0', '1', '2', '3', '4', '5', '6', '7', '8', '9']
[0, 2.2943637371063232, 2.2851881980895996, 0.3236912190914154, 0.318925433594994, 0.19175722707183424, '02:38']
[1, 1.8272439241409302, 1.332505226135254, 0.6550517082214355, 0.6438855553138552, 0.5973455635774836, '00:56']
[2, 0.605680525302887, 0.49218136072158813, 0.8434478044509888, 0.8406770719820186, 0.8423411466727992, '00:59']
[3, 0.34006303548812866, 0.31021425127983093, 0.9042180776596069, 0.9021957883803295, 0.9028918593267509, '00:57']
[4, 0.2361760437488556, 0.22982193529605865, 0.9330610036849976, 0.9330170115315968, 0.9328404685958095, '00:56']
[5, 0.17165429890155792, 0.18391650915145874, 0.9414805173873901, 0.9408198387808296, 0.9410087676834251, '00:59']
[6, 0.12757734954357147, 0.14443284273147583, 0.956235408782959, 0.955902419420641, 0.9560605370242123, '00:57']
[7, 0.1009090319275856, 0.12695500254631042, 0.9589863419532776, 0.9587707193899568, 0.9585431897986872, '00:57']
[8, 0.09176276624202728, 0.10581690818071365, 0.968239426612854, 0.9681050807239778, 0.9681382268474226, '00:58']
[9, 0.08672064542770386, 0.09986274689435959, 0.9707402586936951, 0.9704420597543464, 0.9705889638721921, '00:57']
[10, 0.06552693992853165, 0.096892811357975, 0.9707402586936951, 0.9701500991519791, 0.9704955184850845, '00:53']
[11, 0.05693219229578972, 0.09634218364953995, 0.9714905023574829, 0.9715606812711769, 0.9714608792152433, '00:57']
[12, 0.04426620528101921, 0.09685108810663223, 0.9715738296508789, 0.9713422702160228, 0.9714823725858075, '00:56']
[13, 0.031571224331855774, 0.08091751486063004, 0.9783260822296143, 0.978061139356222, 0.9781826675425236, '01:00']
[14, 0.03331137076020241, 0.0861462876200676, 0.9752417206764221, 0.9750869962635296, 0.9750495892881, '00:58']
[15, 0.03492322191596031, 0.08684250712394714, 0.9764087796211243, 0.9760889204825294, 0.9763794279498074, '00:57']
[16, 0.02196500077843666, 0.09506923705339432, 0.9723241329193115, 0.9721424691927611, 0.9721548327106244, '00:56']
[17, 0.01735626719892025, 0.09252745658159256, 0.9754918217658997, 0.9754058923584683, 0.9752971579185823, '00:57']
[18, 0.010575743392109871, 0.08160258829593658, 0.9787428975105286, 0.97850693848352, 0.9785901210732316, '00:57']
No improvement since epoch 13: early stopping

Tiempo de entrenamiento: 1194.06 segundos
/mnt/homeGPU/haoweihu/TFG/lib/python3.10/site-packages/fastai/learner.py:455: UserWarning: load_learner` uses Python's insecure pickle module, which can execute malicious arbitrary code when loading. Only load files you trust.
If you only need to load model weights and optimizer state, use the safe `Learner.load` instead.
  warn("load_learner` uses Python's insecure pickle module, which can execute malicious arbitrary code when loading. Only load files you trust.\nIf you only need to load model weights and optimizer state, use the safe `Learner.load` instead.")
Loss: 0.0816
Accuracy: 0.9787
Recall: 0.9785
F1-Score: 0.9786
Loss: 0.06659118086099625
Accuracy: 0.9826722741127014
Recall (macro): 0.9825262002996439
F1 Score (macro): 0.9825504799453469
---------------------------------------------------------------------------
Ejecutando: fmnist_dist1_auto_ex2
---------------------------------------------------------------------------
Número total de imágenes en entrenamiento: 10620
Número total de imágenes en validación: 12000

Clases: ['Ankle boot', 'Bag', 'Coat', 'Dress', 'Pullover', 'Sandal', 'Shirt', 'Sneaker', 'T-shirt', 'Trouser']
[0, 2.2817978858947754, 2.2594404220581055, 0.27524998784065247, 0.27525, 0.15521291779874144, '02:29']
[1, 1.5982482433319092, 1.2188447713851929, 0.5858333110809326, 0.5858333333333333, 0.5461916486839796, '00:59']
[2, 0.8976116180419922, 0.8309967517852783, 0.6816666722297668, 0.6816666666666666, 0.6774076292526876, '00:57']
[3, 0.7270478010177612, 0.712049663066864, 0.731083333492279, 0.7310833333333333, 0.7285412630282824, '00:57']
[4, 0.6750574707984924, 0.6787832975387573, 0.7390833497047424, 0.7390833333333333, 0.7220423741525458, '00:59']
[5, 0.6046095490455627, 0.6234734058380127, 0.7620000243186951, 0.762, 0.7558368390059934, '00:57']
[6, 0.5815803408622742, 0.5876161456108093, 0.7802500128746033, 0.78025, 0.7794906562214202, '00:56']
[7, 0.5325348973274231, 0.5470159649848938, 0.7954166531562805, 0.7954166666666665, 0.7905197041638847, '00:57']
[8, 0.5005263686180115, 0.5333749055862427, 0.8120833039283752, 0.8120833333333334, 0.8094654403516216, '00:56']
[9, 0.47509846091270447, 0.5114431381225586, 0.8130833506584167, 0.8130833333333334, 0.8087134335119561, '00:57']
[10, 0.4453946053981781, 0.5142053365707397, 0.8219166398048401, 0.8219166666666666, 0.8131411873808213, '01:01']
[11, 0.41581544280052185, 0.51590895652771, 0.8108333349227905, 0.8108333333333333, 0.797810594997624, '00:57']
[12, 0.4186953604221344, 0.46213769912719727, 0.8346666693687439, 0.8346666666666666, 0.8252880015002184, '00:56']
[13, 0.3923396170139313, 0.4390997290611267, 0.8425833582878113, 0.8425833333333334, 0.8416952644414797, '00:56']
[14, 0.3752705752849579, 0.4424019455909729, 0.8424166440963745, 0.8424166666666666, 0.8443992101809477, '00:57']
[15, 0.35300663113594055, 0.4330105781555176, 0.8448333144187927, 0.8448333333333332, 0.840601118343778, '00:57']
[16, 0.35591673851013184, 0.40452834963798523, 0.8532500267028809, 0.8532500000000001, 0.8514085381916103, '00:57']
[17, 0.33337047696113586, 0.3991861045360565, 0.856333315372467, 0.8563333333333333, 0.855661035364877, '00:58']
[18, 0.3168734908103943, 0.4123675227165222, 0.8539999723434448, 0.8539999999999999, 0.8518766048174182, '00:57']
[19, 0.30045413970947266, 0.4074571132659912, 0.8539999723434448, 0.8539999999999999, 0.8528649070958764, '00:57']
[20, 0.2877770662307739, 0.39403191208839417, 0.8606666922569275, 0.8606666666666667, 0.8596724221120884, '00:56']
[21, 0.29692327976226807, 0.3934750258922577, 0.8617500066757202, 0.86175, 0.8589031219019473, '00:57']
[22, 0.2864277958869934, 0.38698825240135193, 0.8619999885559082, 0.8619999999999999, 0.8610274666055856, '00:57']
[23, 0.2773739993572235, 0.3877947926521301, 0.8638333082199097, 0.8638333333333333, 0.863331541789368, '00:57']
[24, 0.26614829897880554, 0.39171305298805237, 0.8631666898727417, 0.8631666666666666, 0.8637441158211047, '00:57']
[25, 0.27922144532203674, 0.38509607315063477, 0.8646666407585144, 0.8646666666666667, 0.8641299425191777, '00:57']
[26, 0.25298741459846497, 0.38312914967536926, 0.8663333058357239, 0.8663333333333334, 0.8651954231878092, '00:55']
[27, 0.2563793361186981, 0.3835281431674957, 0.8665833473205566, 0.8665833333333334, 0.8655050994473115, '00:57']
[28, 0.26041150093078613, 0.3839298188686371, 0.8665000200271606, 0.8664999999999999, 0.8656987426224904, '00:58']
[29, 0.25818488001823425, 0.38373348116874695, 0.8666666746139526, 0.8666666666666666, 0.8660571441498629, '00:57']

Tiempo de entrenamiento: 1821.47 segundos
/mnt/homeGPU/haoweihu/TFG/lib/python3.10/site-packages/fastai/learner.py:455: UserWarning: load_learner` uses Python's insecure pickle module, which can execute malicious arbitrary code when loading. Only load files you trust.
If you only need to load model weights and optimizer state, use the safe `Learner.load` instead.
  warn("load_learner` uses Python's insecure pickle module, which can execute malicious arbitrary code when loading. Only load files you trust.\nIf you only need to load model weights and optimizer state, use the safe `Learner.load` instead.")
Loss: 0.3837
Accuracy: 0.8667
Recall: 0.8667
F1-Score: 0.8661
Loss: 3.0712995529174805
Accuracy: 0.6823918223381042
Recall (macro): 0.6825656102513407
F1 Score (macro): 0.6820971434730263
---------------------------------------------------------------------------
Ejecutando: cifar_dist1_auto_ex2
---------------------------------------------------------------------------
Número total de imágenes en entrenamiento: 9000
Número total de imágenes en validación: 10000

Clases: ['airplane', 'automobile', 'bird', 'cat', 'deer', 'dog', 'frog', 'horse', 'ship', 'truck']
[0, 2.3030731678009033, 2.3026037216186523, 0.10000000149011612, 0.1, 0.01818181818181818, '01:53']
[1, 2.2968761920928955, 2.287433385848999, 0.20559999346733093, 0.2056, 0.15489597368869473, '00:49']
[2, 2.1653473377227783, 2.1201744079589844, 0.19140000641345978, 0.19140000000000001, 0.12827967489611192, '00:49']
[3, 2.0677852630615234, 2.029405117034912, 0.24729999899864197, 0.24730000000000002, 0.20843475231562048, '00:48']
[4, 1.9872335195541382, 1.9623054265975952, 0.28610000014305115, 0.28609999999999997, 0.26236481502602993, '00:49']
[5, 1.93224036693573, 1.898405909538269, 0.3140000104904175, 0.314, 0.2972521525425581, '00:49']
[6, 1.868239164352417, 1.8493068218231201, 0.3328000009059906, 0.33279999999999993, 0.3146244285569844, '00:50']
[7, 1.8094828128814697, 1.7965657711029053, 0.3513999879360199, 0.35139999999999993, 0.3292244470444607, '00:49']
[8, 1.7690813541412354, 1.8108134269714355, 0.35100001096725464, 0.351, 0.3344622346144624, '00:48']
[9, 1.744379997253418, 1.7433892488479614, 0.3695000112056732, 0.36950000000000005, 0.3594400333142078, '00:49']
[10, 1.6740999221801758, 1.7309279441833496, 0.37770000100135803, 0.3777, 0.36105804667009156, '00:45']
[11, 1.655134916305542, 1.7058197259902954, 0.38429999351501465, 0.38430000000000003, 0.3644453907122186, '00:49']
[12, 1.6311851739883423, 1.6904429197311401, 0.3921999931335449, 0.3922, 0.3721503117752084, '00:49']
[13, 1.6004126071929932, 1.6646353006362915, 0.4081999957561493, 0.4082, 0.40149841754854637, '00:49']
[14, 1.5644381046295166, 1.667367935180664, 0.40630000829696655, 0.4063, 0.39690146608111887, '00:49']
[15, 1.5314830541610718, 1.7406076192855835, 0.3889999985694885, 0.38900000000000007, 0.3831851549583216, '00:48']
[16, 1.503345251083374, 1.6410034894943237, 0.4194999933242798, 0.41950000000000004, 0.4146814683753043, '00:49']
[17, 1.4821292161941528, 1.6849173307418823, 0.40959998965263367, 0.4096, 0.40269363777428147, '00:49']
[18, 1.4740209579467773, 1.6095898151397705, 0.4343999922275543, 0.4344, 0.4281078433214307, '00:49']
[19, 1.4459086656570435, 1.6223385334014893, 0.4307999908924103, 0.43080000000000007, 0.42273826851147894, '00:45']
[20, 1.4198232889175415, 1.6185731887817383, 0.4325999915599823, 0.43260000000000004, 0.4281670245789756, '00:42']
[21, 1.399884819984436, 1.6151021718978882, 0.4309999942779541, 0.43100000000000005, 0.42367916750446355, '00:49']
[22, 1.395479440689087, 1.6030521392822266, 0.4417000114917755, 0.4417, 0.4355381816238991, '00:48']
[23, 1.3695800304412842, 1.6069003343582153, 0.43790000677108765, 0.43789999999999996, 0.43107692533529923, '00:49']
[24, 1.374210000038147, 1.6101270914077759, 0.4377000033855438, 0.4377, 0.43388265878497234, '00:48']
[25, 1.3611862659454346, 1.5984305143356323, 0.4410000145435333, 0.44099999999999995, 0.4348632296088752, '00:49']
[26, 1.3365815877914429, 1.5981972217559814, 0.4406000077724457, 0.44060000000000005, 0.4356269960706457, '00:49']
[27, 1.352440357208252, 1.5993164777755737, 0.4399000108242035, 0.4399, 0.4345365925557122, '00:48']
[28, 1.3405561447143555, 1.598531723022461, 0.43939998745918274, 0.4394, 0.4346251712555157, '00:49']
[29, 1.3390049934387207, 1.598830223083496, 0.43779999017715454, 0.4378, 0.4332086563480354, '00:46']

Tiempo de entrenamiento: 1526.61 segundos
/mnt/homeGPU/haoweihu/TFG/lib/python3.10/site-packages/fastai/learner.py:455: UserWarning: load_learner` uses Python's insecure pickle module, which can execute malicious arbitrary code when loading. Only load files you trust.
If you only need to load model weights and optimizer state, use the safe `Learner.load` instead.
  warn("load_learner` uses Python's insecure pickle module, which can execute malicious arbitrary code when loading. Only load files you trust.\nIf you only need to load model weights and optimizer state, use the safe `Learner.load` instead.")
Loss: 1.5988
Accuracy: 0.4378
Recall: 0.4378
F1-Score: 0.4332
Loss: 1.585899829864502
Accuracy: 0.44280847907066345
Recall (macro): 0.4428108118752605
F1 Score (macro): 0.43792607554470536
---------------------------------------------------------------------------
--------------------------MODELOS DISTILLED 005-----------------------------
---------------------------------------------------------------------------
---------------------------------------------------------------------------
Ejecutando: mnist_dist5_auto_ex2
---------------------------------------------------------------------------
Número total de imágenes en entrenamiento: 9814
Número total de imágenes en validación: 11996

Clases: ['0', '1', '2', '3', '4', '5', '6', '7', '8', '9']
[0, 2.278017520904541, 2.2544219493865967, 0.38312771916389465, 0.38211829812690834, 0.29388680778270226, '02:10']
[1, 1.6537812948226929, 1.1694917678833008, 0.7262420654296875, 0.7213275450048359, 0.718469712268732, '01:08']
[2, 0.6178349256515503, 0.5005743503570557, 0.8461153507232666, 0.8439662618183179, 0.84467374293706, '00:55']
[3, 0.37703412771224976, 0.3691960275173187, 0.8883794546127319, 0.8868800508850143, 0.8869842972473068, '00:53']
[4, 0.3025345802307129, 0.2868100702762604, 0.9148049354553223, 0.9140543831056602, 0.9136771929164288, '00:55']
[5, 0.22140763700008392, 0.2186254858970642, 0.9349783062934875, 0.9340458491341067, 0.9346252869917391, '00:57']
[6, 0.17819315195083618, 0.18017634749412537, 0.9481493830680847, 0.9480970478347087, 0.9478377507184691, '00:57']
[7, 0.13978080451488495, 0.16306830942630768, 0.9493998289108276, 0.9492518511243638, 0.9491262513966487, '00:54']
[8, 0.12158075720071793, 0.15687653422355652, 0.9539012908935547, 0.9532749843479283, 0.9533346834203138, '00:55']
[9, 0.10115699470043182, 0.13214096426963806, 0.958652913570404, 0.958305370531213, 0.958516383142743, '00:54']
[10, 0.08601921796798706, 0.10946166515350342, 0.9661554098129272, 0.9661066015266917, 0.9659241711211204, '00:55']
[11, 0.07210345566272736, 0.10913072526454926, 0.9664888381958008, 0.9659002978570307, 0.9661357430963292, '00:56']
[12, 0.058268263936042786, 0.0979185551404953, 0.9692397713661194, 0.9693300784290138, 0.9691088479686563, '00:55']
[13, 0.04754556715488434, 0.09315595775842667, 0.9717406034469604, 0.9714910243574074, 0.9716393169776854, '00:55']
[14, 0.0486159548163414, 0.10662465542554855, 0.9684894680976868, 0.9681474862108397, 0.9682928358501405, '00:55']
[15, 0.03319484367966652, 0.08715097606182098, 0.9748249650001526, 0.974559234173799, 0.9746601528363161, '00:56']
[16, 0.025670543313026428, 0.10011602193117142, 0.9714071154594421, 0.971383803956628, 0.9711675181964669, '00:55']
[17, 0.02231343649327755, 0.09315047413110733, 0.9734911918640137, 0.9733160258472594, 0.9733751281168799, '00:54']
[18, 0.01602751389145851, 0.08610965311527252, 0.975908637046814, 0.9757163342275834, 0.9757706820851071, '00:55']
[19, 0.012068076059222221, 0.0924210473895073, 0.9751583933830261, 0.9750724869454089, 0.9749248921851658, '00:55']
[20, 0.010573756881058216, 0.09448199719190598, 0.9742414355278015, 0.9742909311172095, 0.9741399829174469, '00:56']
[21, 0.006256977096199989, 0.0915474146604538, 0.9763254523277283, 0.9762984520739924, 0.9762185217300757, '00:56']
[22, 0.008777719922363758, 0.10129769146442413, 0.9756585359573364, 0.9755642217032718, 0.9755199788793412, '00:54']
[23, 0.00403944868594408, 0.09546228498220444, 0.9758252501487732, 0.9756687052564736, 0.9756793662849169, '00:56']
No improvement since epoch 18: early stopping

Tiempo de entrenamiento: 1424.04 segundos
/mnt/homeGPU/haoweihu/TFG/lib/python3.10/site-packages/fastai/learner.py:455: UserWarning: load_learner` uses Python's insecure pickle module, which can execute malicious arbitrary code when loading. Only load files you trust.
If you only need to load model weights and optimizer state, use the safe `Learner.load` instead.
  warn("load_learner` uses Python's insecure pickle module, which can execute malicious arbitrary code when loading. Only load files you trust.\nIf you only need to load model weights and optimizer state, use the safe `Learner.load` instead.")
Loss: 0.0955
Accuracy: 0.9758
Recall: 0.9757
F1-Score: 0.9757
Loss: 0.0737382024526596
Accuracy: 0.9805688858032227
Recall (macro): 0.9803899334961714
F1 Score (macro): 0.9804704473736366
---------------------------------------------------------------------------
Ejecutando: fmnist_dist5_auto_ex2
---------------------------------------------------------------------------
Número total de imágenes en entrenamiento: 9800
Número total de imágenes en validación: 12000

Clases: ['Ankle boot', 'Bag', 'Coat', 'Dress', 'Pullover', 'Sandal', 'Shirt', 'Sneaker', 'T-shirt', 'Trouser']
[0, 2.271476984024048, 2.2409865856170654, 0.2434166669845581, 0.2434166666666667, 0.1488175357415165, '02:10']
[1, 1.6646031141281128, 1.2585954666137695, 0.5770833492279053, 0.5770833333333333, 0.5289858246165379, '00:55']
[2, 1.005115270614624, 0.906399667263031, 0.6575000286102295, 0.6575, 0.6473304743403756, '00:55']
[3, 0.8027454018592834, 0.7981083989143372, 0.6903333067893982, 0.6903333333333332, 0.6569886407466432, '00:55']
[4, 0.7179092764854431, 0.6816959381103516, 0.7398333549499512, 0.7398333333333333, 0.7195584770587199, '00:57']
[5, 0.6369626522064209, 0.6344443559646606, 0.7474166750907898, 0.7474166666666667, 0.7477442992011405, '00:55']
[6, 0.5936274528503418, 0.5661031007766724, 0.784250020980835, 0.7842499999999999, 0.7722788849146527, '00:54']
[7, 0.5436561107635498, 0.5959475636482239, 0.7574166655540466, 0.7574166666666666, 0.7575018200174162, '00:55']
[8, 0.5219255089759827, 0.5581783056259155, 0.7831666469573975, 0.7831666666666667, 0.7621666452225409, '00:55']
[9, 0.4828089475631714, 0.505271852016449, 0.8085833191871643, 0.8085833333333333, 0.7972282317383008, '00:54']
[10, 0.47497597336769104, 0.47501611709594727, 0.8168333172798157, 0.8168333333333333, 0.8001231087153335, '01:00']
[11, 0.4455895721912384, 0.43967825174331665, 0.8385000228881836, 0.8385, 0.8329630951434275, '01:02']
[12, 0.4114321768283844, 0.43254756927490234, 0.8459166884422302, 0.8459166666666667, 0.8441612874578629, '00:54']
[13, 0.3964909613132477, 0.4395088851451874, 0.847000002861023, 0.8470000000000001, 0.8484589544572799, '00:56']
[14, 0.38704681396484375, 0.434065580368042, 0.8464999794960022, 0.8465, 0.8462776604163353, '00:49']
[15, 0.3609274625778198, 0.40801581740379333, 0.8544999957084656, 0.8545, 0.8540548802328296, '00:54']
[16, 0.33389976620674133, 0.4092528522014618, 0.8516666889190674, 0.8516666666666668, 0.848798746252837, '00:55']
[17, 0.329212486743927, 0.39590132236480713, 0.859749972820282, 0.85975, 0.8572697615630049, '00:56']
[18, 0.3226386308670044, 0.3893028497695923, 0.8621666431427002, 0.8621666666666666, 0.861267931874225, '00:55']
[19, 0.3088737726211548, 0.38691651821136475, 0.8615833520889282, 0.8615833333333335, 0.8615569177428031, '00:55']
[20, 0.30045247077941895, 0.38117125630378723, 0.8650000095367432, 0.8649999999999999, 0.8635400559586575, '00:56']
[21, 0.291786253452301, 0.3862394690513611, 0.8617500066757202, 0.86175, 0.8598722120041312, '00:55']
[22, 0.2832282483577728, 0.3773643374443054, 0.8665000200271606, 0.8664999999999999, 0.8642319176798468, '00:56']
[23, 0.27109506726264954, 0.38315868377685547, 0.8629999756813049, 0.8630000000000001, 0.8624425083097466, '01:01']
[24, 0.2599981427192688, 0.3730194866657257, 0.8687499761581421, 0.86875, 0.8665265725210475, '00:55']
[25, 0.2590378522872925, 0.3726734220981598, 0.8673333525657654, 0.8673333333333334, 0.8656690193303527, '00:51']
[26, 0.2631937265396118, 0.37103134393692017, 0.8695833086967468, 0.8695833333333333, 0.8685558432696585, '00:56']
[27, 0.25071603059768677, 0.3719404637813568, 0.8681666851043701, 0.8681666666666666, 0.8662459825046828, '00:55']
[28, 0.249704048037529, 0.3707704246044159, 0.8688333630561829, 0.8688333333333335, 0.8678575835167353, '00:55']
[29, 0.248079314827919, 0.3708163797855377, 0.8686666488647461, 0.8686666666666667, 0.86762635627345, '00:55']

Tiempo de entrenamiento: 1751.16 segundos
/mnt/homeGPU/haoweihu/TFG/lib/python3.10/site-packages/fastai/learner.py:455: UserWarning: load_learner` uses Python's insecure pickle module, which can execute malicious arbitrary code when loading. Only load files you trust.
If you only need to load model weights and optimizer state, use the safe `Learner.load` instead.
  warn("load_learner` uses Python's insecure pickle module, which can execute malicious arbitrary code when loading. Only load files you trust.\nIf you only need to load model weights and optimizer state, use the safe `Learner.load` instead.")
Loss: 0.3708
Accuracy: 0.8687
Recall: 0.8687
F1-Score: 0.8676
Loss: 2.956918716430664
Accuracy: 0.6827924847602844
Recall (macro): 0.6828537127616519
F1 Score (macro): 0.6816844391489212
---------------------------------------------------------------------------
Ejecutando: cifar_dist5_auto_ex2
---------------------------------------------------------------------------
Número total de imágenes en entrenamiento: 8200
Número total de imágenes en validación: 10000

Clases: ['airplane', 'automobile', 'bird', 'cat', 'deer', 'dog', 'frog', 'horse', 'ship', 'truck']
[0, 2.303804874420166, 2.3035476207733154, 0.10000000149011612, 0.1, 0.01818181818181818, '02:02']
[1, 2.2992606163024902, 2.2947821617126465, 0.10779999941587448, 0.1078, 0.034455500361027645, '00:42']
[2, 2.2086117267608643, 2.155670404434204, 0.19609999656677246, 0.1961, 0.13032452136756528, '00:47']
[3, 2.055894613265991, 2.002030849456787, 0.2712000012397766, 0.2712, 0.24398392619082987, '00:43']
[4, 1.94601309299469, 1.9065138101577759, 0.29670000076293945, 0.2967, 0.28734927388718795, '00:46']
[5, 1.8522027730941772, 1.8252369165420532, 0.3301999866962433, 0.3302, 0.3074483100354902, '00:47']
[6, 1.7818938493728638, 1.7642179727554321, 0.35569998621940613, 0.35569999999999996, 0.3421895608323892, '00:46']
[7, 1.744333028793335, 1.7261329889297485, 0.3686000108718872, 0.3686, 0.3517468457741697, '00:45']
[8, 1.7279962301254272, 1.727357029914856, 0.37560001015663147, 0.3756, 0.36314853812665465, '00:49']
[9, 1.675286889076233, 1.7291855812072754, 0.376800000667572, 0.3767999999999999, 0.3690081726716122, '00:46']
[10, 1.657216191291809, 1.6680681705474854, 0.3984000086784363, 0.3984, 0.38942711454866574, '00:45']
[11, 1.625456690788269, 1.6515941619873047, 0.4023999869823456, 0.4024, 0.3886487184064752, '00:48']
[12, 1.6027947664260864, 1.6401017904281616, 0.4050000011920929, 0.40499999999999997, 0.39752736141574063, '00:47']
[13, 1.5833631753921509, 1.6209036111831665, 0.4165000021457672, 0.4165, 0.4091678877891193, '00:47']
[14, 1.5598851442337036, 1.6357297897338867, 0.4146000146865845, 0.41459999999999997, 0.40914935450705814, '00:47']
[15, 1.5220706462860107, 1.6199665069580078, 0.42080000042915344, 0.4208, 0.41129156416702645, '00:47']
[16, 1.508941650390625, 1.5870105028152466, 0.4327000081539154, 0.4327, 0.4316152534687962, '00:47']
[17, 1.4807847738265991, 1.669769287109375, 0.41780000925064087, 0.4178, 0.4178164999502746, '00:47']
[18, 1.4734337329864502, 1.584721565246582, 0.43639999628067017, 0.4364, 0.4274173567131602, '00:47']
[19, 1.4517112970352173, 1.581070065498352, 0.43869999051094055, 0.4387, 0.4286768344629208, '00:41']
[20, 1.42543625831604, 1.5865811109542847, 0.43560001254081726, 0.4356, 0.42627698072329395, '00:45']
[21, 1.405131459236145, 1.56666100025177, 0.4431999921798706, 0.4431999999999999, 0.4382994484672057, '00:39']
[22, 1.3970041275024414, 1.563814401626587, 0.44690001010894775, 0.44689999999999996, 0.4402233655343587, '00:48']
[23, 1.3849337100982666, 1.5519039630889893, 0.45019999146461487, 0.4502, 0.4446755159448898, '00:46']
[24, 1.3797863721847534, 1.5515620708465576, 0.4496999979019165, 0.4497000000000001, 0.4470360898652189, '00:46']
[25, 1.3831080198287964, 1.5524570941925049, 0.44999998807907104, 0.45, 0.44473680637705904, '00:47']
[26, 1.3597724437713623, 1.5494258403778076, 0.4507000148296356, 0.4507, 0.44728023947595397, '00:54']
[27, 1.3562674522399902, 1.5508651733398438, 0.45239999890327454, 0.4524, 0.44995520346772955, '00:47']
[28, 1.3467217683792114, 1.545183539390564, 0.45320001244544983, 0.4532, 0.4482584452273387, '00:46']
[29, 1.354270577430725, 1.5453283786773682, 0.45339998602867126, 0.45339999999999997, 0.4487675812826179, '00:51']

Tiempo de entrenamiento: 1478.77 segundos
/mnt/homeGPU/haoweihu/TFG/lib/python3.10/site-packages/fastai/learner.py:455: UserWarning: load_learner` uses Python's insecure pickle module, which can execute malicious arbitrary code when loading. Only load files you trust.
If you only need to load model weights and optimizer state, use the safe `Learner.load` instead.
  warn("load_learner` uses Python's insecure pickle module, which can execute malicious arbitrary code when loading. Only load files you trust.\nIf you only need to load model weights and optimizer state, use the safe `Learner.load` instead.")
Loss: 1.5453
Accuracy: 0.4534
Recall: 0.4534
F1-Score: 0.4488
Loss: 1.5243208408355713
Accuracy: 0.45522835850715637
Recall (macro): 0.4552358365364098
F1 Score (macro): 0.44957170727094875
---------------------------------------------------------------------------
--------------------------MODELOS DISTILLED 0001----------------------------
---------------------------------------------------------------------------
---------------------------------------------------------------------------
Ejecutando: mnist_dist01_auto_ex2
---------------------------------------------------------------------------
Número total de imágenes en entrenamiento: 21714
Número total de imágenes en validación: 11996

Clases: ['0', '1', '2', '3', '4', '5', '6', '7', '8', '9']
[0, 2.0743346214294434, 1.9119254350662231, 0.6318773031234741, 0.6233368001600536, 0.5941337198428635, '03:25']
[1, 0.5414530634880066, 0.5322493314743042, 0.837612509727478, 0.8352512319904065, 0.8350824806033332, '01:25']
[2, 0.3071088492870331, 0.3465520441532135, 0.8962987661361694, 0.8948274276483904, 0.8948260448966614, '01:23']
[3, 0.2052154242992401, 0.24563029408454895, 0.922557532787323, 0.9218237463280825, 0.9216719820698055, '01:24']
[4, 0.12788312137126923, 0.18030448257923126, 0.9433144330978394, 0.9429293020067199, 0.9428607692717419, '01:25']
[5, 0.09583279490470886, 0.16241595149040222, 0.9503167867660522, 0.9502085400156963, 0.949952577998807, '01:26']
[6, 0.07823126763105392, 0.11936616152524948, 0.9603201150894165, 0.9603036384707405, 0.9599764958634249, '01:24']
[7, 0.06698095053434372, 0.09824945777654648, 0.9684061408042908, 0.9682342451777488, 0.9682728038156924, '01:24']
[8, 0.05475396290421486, 0.10907570272684097, 0.9684061408042908, 0.9683510101075437, 0.968183516810002, '01:24']
[9, 0.04067310318350792, 0.08521705120801926, 0.9735745191574097, 0.9732987590976142, 0.9734409315372868, '01:24']
[10, 0.03642049431800842, 0.09772118180990219, 0.97024005651474, 0.970140383359517, 0.9699710134886865, '01:25']
[11, 0.02871202863752842, 0.10467293113470078, 0.9724074602127075, 0.9722946605243198, 0.972169067823985, '01:25']
[12, 0.020283162593841553, 0.08941833674907684, 0.9755752086639404, 0.9754818678192756, 0.9754571057504423, '01:28']
[13, 0.019449537619948387, 0.09417925775051117, 0.97215735912323, 0.9717477286424167, 0.971985702604473, '01:22']
[14, 0.014322108589112759, 0.08945748955011368, 0.9780760407447815, 0.9780812654848627, 0.9779394849602717, '01:24']
No improvement since epoch 9: early stopping

Tiempo de entrenamiento: 1394.93 segundos
/mnt/homeGPU/haoweihu/TFG/lib/python3.10/site-packages/fastai/learner.py:455: UserWarning: load_learner` uses Python's insecure pickle module, which can execute malicious arbitrary code when loading. Only load files you trust.
If you only need to load model weights and optimizer state, use the safe `Learner.load` instead.
  warn("load_learner` uses Python's insecure pickle module, which can execute malicious arbitrary code when loading. Only load files you trust.\nIf you only need to load model weights and optimizer state, use the safe `Learner.load` instead.")
Loss: 0.0895
Accuracy: 0.9781
Recall: 0.9781
F1-Score: 0.9779
Loss: 0.07931073755025864
Accuracy: 0.9814703464508057
Recall (macro): 0.9814993217991527
F1 Score (macro): 0.9814404689624429
---------------------------------------------------------------------------
Ejecutando: fmnist_dist01_auto_ex2
---------------------------------------------------------------------------
Número total de imágenes en entrenamiento: 22400
Número total de imágenes en validación: 12000

Clases: ['Ankle boot', 'Bag', 'Coat', 'Dress', 'Pullover', 'Sandal', 'Shirt', 'Sneaker', 'T-shirt', 'Trouser']
[0, 2.050255298614502, 1.8783552646636963, 0.40183332562446594, 0.4018333333333334, 0.3052024351113275, '05:42']
[1, 0.8321081399917603, 0.808832049369812, 0.6995000243186951, 0.6995000000000001, 0.6943245802507784, '01:30']
[2, 0.642999529838562, 0.6611314415931702, 0.7330833077430725, 0.7330833333333333, 0.7133386578107477, '01:27']
[3, 0.5787702798843384, 0.5961374640464783, 0.7671666741371155, 0.7671666666666667, 0.7573358351169948, '01:26']
[4, 0.5004177689552307, 0.5305055975914001, 0.7945833206176758, 0.7945833333333334, 0.7888483055462503, '01:26']
[5, 0.4506179988384247, 0.5136936902999878, 0.8041666746139526, 0.8041666666666666, 0.8075554817194328, '01:28']
[6, 0.40502873063087463, 0.4982247054576874, 0.8148333430290222, 0.8148333333333332, 0.8172897139870006, '01:34']
[7, 0.35146287083625793, 0.4266180694103241, 0.8485833406448364, 0.8485833333333334, 0.8445486577879711, '01:28']
[8, 0.341074138879776, 0.39731982350349426, 0.85958331823349, 0.8595833333333334, 0.8580241955272362, '01:28']
[9, 0.30542662739753723, 0.3966623842716217, 0.8585000038146973, 0.8585, 0.8616898276141377, '01:26']
[10, 0.2964039146900177, 0.3707437217235565, 0.8679166436195374, 0.8679166666666666, 0.8659042929173602, '01:27']
[11, 0.27256572246551514, 0.35689738392829895, 0.8732500076293945, 0.87325, 0.8730770110691563, '01:26']
[12, 0.2712478041648865, 0.379502534866333, 0.8635833263397217, 0.8635833333333333, 0.8655526811588974, '01:23']
[13, 0.24136856198310852, 0.3567459285259247, 0.8754166960716248, 0.8754166666666666, 0.8756711910407236, '01:27']
[14, 0.2326701581478119, 0.37039002776145935, 0.8675833344459534, 0.8675833333333334, 0.8633772521528902, '01:27']
[15, 0.2282470017671585, 0.3400632441043854, 0.8773333430290222, 0.8773333333333333, 0.8779007490611024, '01:27']
[16, 0.21570321917533875, 0.3426026999950409, 0.8789166808128357, 0.8789166666666667, 0.8766371245594685, '01:26']
[17, 0.2073500007390976, 0.337788462638855, 0.8794999718666077, 0.8795, 0.8788878846806458, '01:28']
[18, 0.19580860435962677, 0.37559974193573, 0.8768333196640015, 0.8768333333333332, 0.8751221226029419, '01:27']
[19, 0.19054532051086426, 0.33490124344825745, 0.8851666450500488, 0.8851666666666667, 0.8852014497203019, '01:28']
[20, 0.17890910804271698, 0.3506530225276947, 0.8825833201408386, 0.8825833333333334, 0.881112764695183, '01:26']
[21, 0.16140305995941162, 0.3369424343109131, 0.8870833516120911, 0.8870833333333333, 0.8859621362512765, '01:27']
[22, 0.17341814935207367, 0.35242190957069397, 0.8840833306312561, 0.8840833333333332, 0.8831684677932836, '01:26']
[23, 0.15528900921344757, 0.34556466341018677, 0.8853333592414856, 0.8853333333333333, 0.8844866503582199, '01:31']
[24, 0.14548970758914948, 0.3457014262676239, 0.8880000114440918, 0.8879999999999999, 0.8876282295756015, '01:26']
No improvement since epoch 19: early stopping

Tiempo de entrenamiento: 2448.76 segundos
/mnt/homeGPU/haoweihu/TFG/lib/python3.10/site-packages/fastai/learner.py:455: UserWarning: load_learner` uses Python's insecure pickle module, which can execute malicious arbitrary code when loading. Only load files you trust.
If you only need to load model weights and optimizer state, use the safe `Learner.load` instead.
  warn("load_learner` uses Python's insecure pickle module, which can execute malicious arbitrary code when loading. Only load files you trust.\nIf you only need to load model weights and optimizer state, use the safe `Learner.load` instead.")
Loss: 0.3457
Accuracy: 0.8880
Recall: 0.8880
F1-Score: 0.8876
Loss: 4.331480503082275
Accuracy: 0.6974158883094788
Recall (macro): 0.6973682902546654
F1 Score (macro): 0.6979724891923649
---------------------------------------------------------------------------
Ejecutando: cifar_dist01_auto_ex2
---------------------------------------------------------------------------
Número total de imágenes en entrenamiento: 18670
Número total de imágenes en validación: 10000

Clases: ['airplane', 'automobile', 'bird', 'cat', 'deer', 'dog', 'frog', 'horse', 'ship', 'truck']
[0, 2.2945499420166016, 2.288963556289673, 0.11580000072717667, 0.11579999999999999, 0.042925825584444396, '04:07']
[1, 2.147853136062622, 2.1237411499023438, 0.1949000060558319, 0.19490000000000002, 0.1600366461779124, '01:14']
[2, 2.0067431926727295, 2.0500802993774414, 0.2624000012874603, 0.26239999999999997, 0.2308184858143698, '01:22']
[3, 1.898738145828247, 1.8888276815414429, 0.3158999979496002, 0.31589999999999996, 0.2906055290371482, '01:15']
[4, 1.8124362230300903, 1.843802571296692, 0.335999995470047, 0.33599999999999997, 0.3063747585179762, '01:17']
[5, 1.724345088005066, 1.8136361837387085, 0.349700003862381, 0.3497, 0.33021328514399473, '01:14']
[6, 1.6606508493423462, 1.7584360837936401, 0.3734000027179718, 0.3734, 0.3638337641884432, '01:13']
[7, 1.6172841787338257, 1.689347267150879, 0.39730000495910645, 0.3973, 0.38632836911579815, '01:14']
[8, 1.5655277967453003, 1.6711345911026, 0.4099000096321106, 0.40989999999999993, 0.3972846906018434, '01:14']
[9, 1.4966142177581787, 1.699292540550232, 0.4000000059604645, 0.4, 0.3841925493171575, '01:14']
[10, 1.4701225757598877, 1.6297869682312012, 0.4284000098705292, 0.4284, 0.41765624682524266, '01:12']
[11, 1.4542180299758911, 1.6218769550323486, 0.4271000027656555, 0.4271000000000001, 0.41584483494366137, '01:14']
[12, 1.406045913696289, 1.6711786985397339, 0.42080000042915344, 0.42079999999999995, 0.40920095639544074, '01:14']
[13, 1.3932113647460938, 1.6130272150039673, 0.4325999915599823, 0.4326, 0.4204098154063935, '01:12']
[14, 1.347880244255066, 1.602646827697754, 0.4526999890804291, 0.4527, 0.4445983415393175, '01:15']
[15, 1.323613166809082, 1.5815848112106323, 0.4535999894142151, 0.45360000000000006, 0.44457371118046785, '01:14']
[16, 1.2960377931594849, 1.5685964822769165, 0.4546999931335449, 0.4547, 0.44776035058951524, '01:03']
[17, 1.2683111429214478, 1.5725520849227905, 0.45980000495910645, 0.4598, 0.45645475128902435, '01:14']
[18, 1.2689462900161743, 1.566689133644104, 0.45910000801086426, 0.4591, 0.45185690686860724, '01:13']
[19, 1.2489440441131592, 1.5636069774627686, 0.46380001306533813, 0.4638, 0.4585571244074262, '01:14']
[20, 1.2213096618652344, 1.580202579498291, 0.4593999981880188, 0.4593999999999999, 0.45016114276057395, '01:14']
[21, 1.188644528388977, 1.5869123935699463, 0.4690999984741211, 0.46909999999999996, 0.4660554591480711, '01:15']
[22, 1.1789065599441528, 1.5670017004013062, 0.4708000123500824, 0.4708, 0.467087373496899, '01:14']
[23, 1.1554198265075684, 1.5800426006317139, 0.47029998898506165, 0.47029999999999994, 0.46357551764593585, '01:13']
[24, 1.1505016088485718, 1.5742957592010498, 0.4717000126838684, 0.47170000000000006, 0.465564701716204, '01:14']
No improvement since epoch 19: early stopping

Tiempo de entrenamiento: 2030.06 segundos
/mnt/homeGPU/haoweihu/TFG/lib/python3.10/site-packages/fastai/learner.py:455: UserWarning: load_learner` uses Python's insecure pickle module, which can execute malicious arbitrary code when loading. Only load files you trust.
If you only need to load model weights and optimizer state, use the safe `Learner.load` instead.
  warn("load_learner` uses Python's insecure pickle module, which can execute malicious arbitrary code when loading. Only load files you trust.\nIf you only need to load model weights and optimizer state, use the safe `Learner.load` instead.")
Loss: 1.5743
Accuracy: 0.4717
Recall: 0.4717
F1-Score: 0.4656
Loss: 1.5604010820388794
Accuracy: 0.4724559187889099
Recall (macro): 0.4724770195046756
F1 Score (macro): 0.46477582076858404
mail: cannot send message: Process exited with a non-zero status
