---------------------------------------------------------------------------
--------------------------MODELOS DISTILLED 001-----------------------------
---------------------------------------------------------------------------
---------------------------------------------------------------------------
--------------------------MODELOS DISTILLED 005-----------------------------
---------------------------------------------------------------------------
---------------------------------------------------------------------------
--------------------------MODELOS DISTILLED 0001----------------------------
---------------------------------------------------------------------------
---------------------------------------------------------------------------
--------------------------MODELOS DISTILLED 001-----------------------------
---------------------------------------------------------------------------
---------------------------------------------------------------------------
Ejecutando: cifar10_dist1_original_ex1
---------------------------------------------------------------------------
Número total de imágenes en entrenamiento: 9000
Número total de imágenes en validación: 10000

Clases: ['airplane', 'automobile', 'bird', 'cat', 'deer', 'dog', 'frog', 'horse', 'ship', 'truck']
[0, 2.3031203746795654, 2.3015267848968506, 0.10010000318288803, 0.1001, 0.01838763534439905, '01:09']
[1, 2.2902729511260986, 2.275625705718994, 0.1574999988079071, 0.15750000000000003, 0.07058100768486367, '00:28']
[2, 2.1544179916381836, 2.111417293548584, 0.22059999406337738, 0.2206, 0.1966680899395908, '00:27']
[3, 2.0484120845794678, 2.0388171672821045, 0.2630999982357025, 0.2631, 0.24182236060602458, '00:27']
[4, 1.9711962938308716, 1.957045555114746, 0.2896000146865845, 0.28959999999999997, 0.27148613452380493, '00:27']
[5, 1.880023717880249, 1.927746295928955, 0.2883000075817108, 0.2883, 0.2762044587513919, '00:27']
[6, 1.8153269290924072, 1.871263861656189, 0.3230000138282776, 0.323, 0.325006837509693, '00:27']
[7, 1.7496100664138794, 1.7739337682724, 0.3587999939918518, 0.3588, 0.3448697997959298, '00:27']
[8, 1.702419400215149, 1.7702687978744507, 0.3643999993801117, 0.3644, 0.35038690172122294, '00:27']
[9, 1.6488488912582397, 1.7044754028320312, 0.3813999891281128, 0.38139999999999996, 0.37206715217694397, '00:27']
[10, 1.6127203702926636, 1.7044097185134888, 0.3806000053882599, 0.3806, 0.37443591452046615, '00:27']
[11, 1.5809714794158936, 1.6775261163711548, 0.39649999141693115, 0.3965, 0.39298198062797857, '00:27']
[12, 1.5484824180603027, 1.699386715888977, 0.396699994802475, 0.39669999999999994, 0.3884131512673962, '00:27']
[13, 1.5101943016052246, 1.647823452949524, 0.40630000829696655, 0.4063, 0.40317980542563286, '00:27']
[14, 1.4925298690795898, 1.657853364944458, 0.4065999984741211, 0.40659999999999996, 0.3977617571657426, '00:27']
[15, 1.446731686592102, 1.6360443830490112, 0.40700000524520874, 0.40700000000000003, 0.3983564205841237, '00:27']
[16, 1.4385907649993896, 1.6419849395751953, 0.4097000062465668, 0.40970000000000006, 0.4012830508606153, '00:27']
[17, 1.4205207824707031, 1.6382547616958618, 0.41339999437332153, 0.41340000000000005, 0.3997742396978998, '00:27']
[18, 1.378607988357544, 1.6417453289031982, 0.41100001335144043, 0.41100000000000003, 0.4013892728302159, '00:29']
[19, 1.3568241596221924, 1.6302114725112915, 0.421099990606308, 0.42110000000000003, 0.41904018380705327, '00:27']
[20, 1.3499990701675415, 1.6080979108810425, 0.42899999022483826, 0.429, 0.4261319107396149, '00:28']
[21, 1.325307011604309, 1.6119873523712158, 0.424699991941452, 0.42469999999999997, 0.4236772660513529, '00:28']
[22, 1.317004680633545, 1.5950814485549927, 0.43140000104904175, 0.4314, 0.42714223944339247, '00:27']
[23, 1.2941744327545166, 1.6244319677352905, 0.42399999499320984, 0.42400000000000004, 0.42316461480086476, '00:28']
[24, 1.2855685949325562, 1.5994418859481812, 0.43220001459121704, 0.43220000000000003, 0.4247982587603366, '00:27']
[25, 1.2699443101882935, 1.6012052297592163, 0.43380001187324524, 0.4338, 0.4296908332137982, '00:27']
[26, 1.2688043117523193, 1.5995219945907593, 0.43160000443458557, 0.4316000000000001, 0.4271441085954494, '00:27']
[27, 1.2756022214889526, 1.5978587865829468, 0.43130001425743103, 0.43129999999999996, 0.4264574816621313, '00:27']
No improvement since epoch 22: early stopping

Tiempo de entrenamiento: 816.71 segundos
/mnt/homeGPU/haoweihu/TFG/lib/python3.10/site-packages/fastai/learner.py:455: UserWarning: load_learner` uses Python's insecure pickle module, which can execute malicious arbitrary code when loading. Only load files you trust.
If you only need to load model weights and optimizer state, use the safe `Learner.load` instead.
  warn("load_learner` uses Python's insecure pickle module, which can execute malicious arbitrary code when loading. Only load files you trust.\nIf you only need to load model weights and optimizer state, use the safe `Learner.load` instead.")
Loss: 1.5979
Accuracy: 0.4313
Recall: 0.4313
F1-Score: 0.4265
Loss: 1.6024184226989746
Accuracy: 0.43850159645080566
Recall (macro): 0.43849665662913184
F1 Score (macro): 0.4334200534061572
---------------------------------------------------------------------------
Ejecutando: cifar10_dist1_original_ex2
---------------------------------------------------------------------------
Número total de imágenes en entrenamiento: 9000
Número total de imágenes en validación: 10000

Clases: ['airplane', 'automobile', 'bird', 'cat', 'deer', 'dog', 'frog', 'horse', 'ship', 'truck']
[0, 2.3007664680480957, 2.298349380493164, 0.10750000178813934, 0.1075, 0.03583183201062305, '01:02']
[1, 2.277247428894043, 2.2553646564483643, 0.1590999960899353, 0.15909999999999996, 0.10491658795558756, '00:27']
[2, 2.160172462463379, 2.139700174331665, 0.20829999446868896, 0.2083, 0.16821306689756407, '00:27']
[3, 2.0558695793151855, 2.073789358139038, 0.24969999492168427, 0.24969999999999998, 0.2176451028945753, '00:27']
[4, 1.9858789443969727, 2.0366272926330566, 0.2590999901294708, 0.2591, 0.24088328287466929, '00:27']
[5, 1.9063783884048462, 1.9541486501693726, 0.301800012588501, 0.30179999999999996, 0.28586893466030044, '00:27']
[6, 1.8119328022003174, 1.8379848003387451, 0.34139999747276306, 0.34140000000000004, 0.33187019831062564, '00:27']
[7, 1.771718978881836, 1.800889492034912, 0.34470000863075256, 0.34469999999999995, 0.33193872545156894, '00:29']
[8, 1.7102266550064087, 1.7583863735198975, 0.3626999855041504, 0.3627, 0.3457529665710965, '00:27']
[9, 1.650051236152649, 1.7370275259017944, 0.3779999911785126, 0.378, 0.3648436210408407, '00:27']
[10, 1.6237894296646118, 1.744004487991333, 0.3693999946117401, 0.3694, 0.35910161095735427, '00:27']
[11, 1.5659782886505127, 1.6856120824813843, 0.38940000534057617, 0.38939999999999997, 0.38115860576171523, '00:27']
[12, 1.5549215078353882, 1.675565481185913, 0.3959999978542328, 0.396, 0.38663515508321966, '00:27']
[13, 1.5049107074737549, 1.6460652351379395, 0.4122999906539917, 0.4123, 0.4120648972782641, '00:27']
[14, 1.4635124206542969, 1.6412161588668823, 0.4099000096321106, 0.40990000000000004, 0.39865399389242434, '00:27']
[15, 1.4280730485916138, 1.6513748168945312, 0.41200000047683716, 0.41200000000000003, 0.41012744693711295, '00:27']
[16, 1.4066659212112427, 1.6178699731826782, 0.4251999855041504, 0.42519999999999997, 0.42243977191093424, '00:27']
[17, 1.386776089668274, 1.6092904806137085, 0.42820000648498535, 0.4282, 0.4225313452704403, '00:27']
[18, 1.347835659980774, 1.652695894241333, 0.4198000133037567, 0.41979999999999995, 0.4107966981219587, '00:27']
[19, 1.322733759880066, 1.60525381565094, 0.4291999936103821, 0.42919999999999997, 0.4250191066964558, '00:27']
[20, 1.305680513381958, 1.6183209419250488, 0.4334999918937683, 0.4335, 0.43045760886714496, '00:27']
[21, 1.283016324043274, 1.6223496198654175, 0.43140000104904175, 0.4314, 0.43095491966441407, '00:27']
[22, 1.2709059715270996, 1.5948994159698486, 0.43790000677108765, 0.43789999999999996, 0.43030546805934744, '00:27']
[23, 1.2409861087799072, 1.60740327835083, 0.44020000100135803, 0.44020000000000004, 0.43805345684551417, '00:27']
[24, 1.2606710195541382, 1.5886948108673096, 0.439300000667572, 0.43929999999999997, 0.43569046734369943, '00:27']
[25, 1.2249505519866943, 1.595338225364685, 0.4415999948978424, 0.44160000000000005, 0.43897531799247413, '00:29']
[26, 1.2173373699188232, 1.5911527872085571, 0.4413999915122986, 0.44140000000000007, 0.4380623850682725, '00:28']
[27, 1.2109129428863525, 1.5924561023712158, 0.4413999915122986, 0.44139999999999996, 0.43763563993706134, '00:27']
[28, 1.2020609378814697, 1.5926728248596191, 0.44029998779296875, 0.44029999999999997, 0.436116461361713, '00:27']
[29, 1.201562523841858, 1.5933946371078491, 0.4408000111579895, 0.44079999999999997, 0.4369603448130618, '00:27']
No improvement since epoch 24: early stopping

Tiempo de entrenamiento: 863.57 segundos
/mnt/homeGPU/haoweihu/TFG/lib/python3.10/site-packages/fastai/learner.py:455: UserWarning: load_learner` uses Python's insecure pickle module, which can execute malicious arbitrary code when loading. Only load files you trust.
If you only need to load model weights and optimizer state, use the safe `Learner.load` instead.
  warn("load_learner` uses Python's insecure pickle module, which can execute malicious arbitrary code when loading. Only load files you trust.\nIf you only need to load model weights and optimizer state, use the safe `Learner.load` instead.")
Loss: 1.5934
Accuracy: 0.4408
Recall: 0.4408
F1-Score: 0.4370
Loss: 1.5844913721084595
Accuracy: 0.44391027092933655
Recall (macro): 0.44393472744628415
F1 Score (macro): 0.4397574794633776
---------------------------------------------------------------------------
Ejecutando: cifar10_dist1_original_ex3
---------------------------------------------------------------------------
Número total de imágenes en entrenamiento: 9000
Número total de imágenes en validación: 10000

Clases: ['airplane', 'automobile', 'bird', 'cat', 'deer', 'dog', 'frog', 'horse', 'ship', 'truck']
[0, 2.3036532402038574, 2.301558017730713, 0.13729999959468842, 0.1373, 0.0673256520176259, '00:56']
[1, 2.2837555408477783, 2.2611756324768066, 0.17710000276565552, 0.17709999999999998, 0.11422673035998916, '00:27']
[2, 2.1655008792877197, 2.139810085296631, 0.18780000507831573, 0.1878, 0.1392008428592551, '00:27']
[3, 2.0923008918762207, 2.0806751251220703, 0.23639999330043793, 0.2364, 0.20547278374036898, '00:27']
[4, 2.0024571418762207, 1.9637744426727295, 0.28060001134872437, 0.2806, 0.26292882929422023, '00:27']
[5, 1.9292186498641968, 1.9651955366134644, 0.29190000891685486, 0.2919, 0.2575989197553076, '00:27']
[6, 1.8310142755508423, 1.8244729042053223, 0.3391999900341034, 0.33920000000000006, 0.3137205613262496, '00:27']
[7, 1.7717012166976929, 1.7593058347702026, 0.367000013589859, 0.367, 0.3615741328791271, '00:27']
[8, 1.7080446481704712, 1.7652477025985718, 0.36250001192092896, 0.3625, 0.34974785270841535, '00:27']
[9, 1.652104139328003, 1.701066017150879, 0.3901999890804291, 0.3902, 0.37875215697805353, '00:27']
[10, 1.6150668859481812, 1.7285581827163696, 0.37139999866485596, 0.37140000000000006, 0.3497189786040319, '00:29']
[11, 1.5712636709213257, 1.6683588027954102, 0.40450000762939453, 0.40449999999999997, 0.4012188994389123, '00:27']
[12, 1.5170683860778809, 1.7368338108062744, 0.3831999897956848, 0.3832000000000001, 0.36487244144788633, '00:27']
[13, 1.4931966066360474, 1.6548478603363037, 0.4083999991416931, 0.4084, 0.40722838229766445, '00:28']
[14, 1.4752860069274902, 1.6406861543655396, 0.41679999232292175, 0.4168, 0.407071081468502, '00:27']
[15, 1.4389503002166748, 1.5914011001586914, 0.43560001254081726, 0.4356, 0.43065969029111556, '00:27']
[16, 1.4088397026062012, 1.5882409811019897, 0.4334000051021576, 0.43339999999999995, 0.4285506929553825, '00:27']
[17, 1.3560678958892822, 1.6106548309326172, 0.4341999888420105, 0.4342, 0.4259652289697636, '00:27']
[18, 1.3574122190475464, 1.57578444480896, 0.44209998846054077, 0.44210000000000005, 0.4392099515963944, '00:27']
[19, 1.3189277648925781, 1.652964472770691, 0.4275999963283539, 0.4276, 0.42772403061622455, '00:27']
[20, 1.3183619976043701, 1.5624799728393555, 0.4498000144958496, 0.44980000000000003, 0.44408686867832675, '00:27']
[21, 1.3024097681045532, 1.5739333629608154, 0.44620001316070557, 0.44620000000000004, 0.44322636774948315, '00:27']
[22, 1.2780417203903198, 1.583609700202942, 0.4472000002861023, 0.44719999999999993, 0.4465977062901886, '00:27']
[23, 1.2610121965408325, 1.5685793161392212, 0.451200008392334, 0.45119999999999993, 0.44763492887388534, '00:27']
[24, 1.2503149509429932, 1.5596208572387695, 0.4560000002384186, 0.45599999999999985, 0.45124759342599086, '00:27']
[25, 1.2366763353347778, 1.5585469007492065, 0.45419999957084656, 0.4542, 0.44936809575838643, '00:27']
[26, 1.2463270425796509, 1.5622658729553223, 0.45399999618530273, 0.4539999999999999, 0.45075328275108684, '00:27']
[27, 1.2378648519515991, 1.5614348649978638, 0.4560999870300293, 0.4561, 0.4523551004040757, '00:27']
[28, 1.2197469472885132, 1.562268614768982, 0.4569999873638153, 0.457, 0.45365369487456136, '00:27']
[29, 1.2095558643341064, 1.5624765157699585, 0.45579999685287476, 0.4558, 0.4523828449101945, '00:28']

Tiempo de entrenamiento: 858.32 segundos
/mnt/homeGPU/haoweihu/TFG/lib/python3.10/site-packages/fastai/learner.py:455: UserWarning: load_learner` uses Python's insecure pickle module, which can execute malicious arbitrary code when loading. Only load files you trust.
If you only need to load model weights and optimizer state, use the safe `Learner.load` instead.
  warn("load_learner` uses Python's insecure pickle module, which can execute malicious arbitrary code when loading. Only load files you trust.\nIf you only need to load model weights and optimizer state, use the safe `Learner.load` instead.")
Loss: 1.5625
Accuracy: 0.4558
Recall: 0.4558
F1-Score: 0.4524
Loss: 1.575508952140808
Accuracy: 0.44761618971824646
Recall (macro): 0.4476939062236788
F1 Score (macro): 0.4440746858724928
---------------------------------------------------------------------------
--------------------------MODELOS DISTILLED 005-----------------------------
---------------------------------------------------------------------------
---------------------------------------------------------------------------
Ejecutando: cifar10_dist5_original_ex1
---------------------------------------------------------------------------
Número total de imágenes en entrenamiento: 8200
Número total de imágenes en validación: 10000

Clases: ['airplane', 'automobile', 'bird', 'cat', 'deer', 'dog', 'frog', 'horse', 'ship', 'truck']
[0, 2.3025245666503906, 2.301419258117676, 0.10000000149011612, 0.1, 0.01818512456810329, '01:08']
[1, 2.292877435684204, 2.2815282344818115, 0.1899999976158142, 0.19, 0.12972372353243805, '00:26']
[2, 2.197540044784546, 2.150158166885376, 0.21289999783039093, 0.2129, 0.1596693872182135, '00:26']
[3, 2.1064698696136475, 2.079542875289917, 0.24729999899864197, 0.24730000000000002, 0.22418691905108923, '00:26']
[4, 2.0505802631378174, 2.0580923557281494, 0.25760000944137573, 0.25759999999999994, 0.22246765716980824, '00:26']
[5, 1.970353603363037, 1.9275892972946167, 0.29109999537467957, 0.2911, 0.2660161420340766, '00:26']
[6, 1.8950122594833374, 1.8436771631240845, 0.33399999141693115, 0.334, 0.3267443934085936, '00:26']
[7, 1.8250393867492676, 1.7967780828475952, 0.350600004196167, 0.3506, 0.3328027380821491, '00:26']
[8, 1.789865493774414, 1.7524240016937256, 0.3637000024318695, 0.3637, 0.3524902097446888, '00:26']
[9, 1.7453844547271729, 1.7317267656326294, 0.3723999857902527, 0.37239999999999995, 0.3581518981611409, '00:26']
[10, 1.7239742279052734, 1.743265986442566, 0.367000013589859, 0.36700000000000005, 0.3518033392757784, '00:26']
[11, 1.681667685508728, 1.7113920450210571, 0.3804999887943268, 0.38049999999999995, 0.36587424719635797, '00:26']
[12, 1.67624831199646, 1.7187206745147705, 0.384799987077713, 0.3848, 0.3875082116621694, '00:26']
[13, 1.6294190883636475, 1.6652785539627075, 0.397599995136261, 0.39760000000000006, 0.39286621842268354, '00:26']
[14, 1.616134524345398, 1.7107980251312256, 0.3822000026702881, 0.38220000000000004, 0.36410922429709197, '00:26']
[15, 1.5917270183563232, 1.6882224082946777, 0.3898000121116638, 0.38980000000000004, 0.38414767862327076, '00:27']
[16, 1.5749233961105347, 1.6441031694412231, 0.41269999742507935, 0.41269999999999996, 0.40800693237855434, '00:26']
[17, 1.5423671007156372, 1.6286619901657104, 0.41190001368522644, 0.4119, 0.41093848124947724, '00:27']
[18, 1.518569827079773, 1.6175968647003174, 0.42010000348091125, 0.4201, 0.414282063198783, '00:26']
[19, 1.475490689277649, 1.6217186450958252, 0.41819998621940613, 0.4182, 0.41023377461238536, '00:26']
[20, 1.4817384481430054, 1.6126482486724854, 0.4223000109195709, 0.42230000000000006, 0.41915634974715177, '00:26']
[21, 1.4801281690597534, 1.6131595373153687, 0.4228000044822693, 0.42279999999999995, 0.4146282458669175, '00:26']
[22, 1.4365980625152588, 1.6021170616149902, 0.4271000027656555, 0.4271, 0.42101233175085834, '00:26']
[23, 1.417077898979187, 1.6100331544876099, 0.42649999260902405, 0.4265, 0.4209958951250948, '00:26']
[24, 1.4229525327682495, 1.6009137630462646, 0.4293000102043152, 0.4293, 0.42707340910141206, '00:26']
[25, 1.409642219543457, 1.597947597503662, 0.43070000410079956, 0.43069999999999997, 0.4275072143457824, '00:27']
[26, 1.4029074907302856, 1.5969927310943604, 0.4320000112056732, 0.43200000000000005, 0.427722921014276, '00:26']
[27, 1.394212245941162, 1.5965907573699951, 0.4320000112056732, 0.43199999999999994, 0.4276877840436561, '00:26']
[28, 1.3913307189941406, 1.5965081453323364, 0.43209999799728394, 0.43210000000000004, 0.42797583770068587, '00:27']
[29, 1.3913347721099854, 1.596530795097351, 0.43149998784065247, 0.43149999999999994, 0.42719462342222353, '00:27']

Tiempo de entrenamiento: 838.91 segundos
/mnt/homeGPU/haoweihu/TFG/lib/python3.10/site-packages/fastai/learner.py:455: UserWarning: load_learner` uses Python's insecure pickle module, which can execute malicious arbitrary code when loading. Only load files you trust.
If you only need to load model weights and optimizer state, use the safe `Learner.load` instead.
  warn("load_learner` uses Python's insecure pickle module, which can execute malicious arbitrary code when loading. Only load files you trust.\nIf you only need to load model weights and optimizer state, use the safe `Learner.load` instead.")
Loss: 1.5965
Accuracy: 0.4315
Recall: 0.4315
F1-Score: 0.4272
Loss: 1.606279969215393
Accuracy: 0.42437902092933655
Recall (macro): 0.4244180107126662
F1 Score (macro): 0.41942455131183226
---------------------------------------------------------------------------
Ejecutando: cifar10_dist5_original_ex2
---------------------------------------------------------------------------
Número total de imágenes en entrenamiento: 8200
Número total de imágenes en validación: 10000

Clases: ['airplane', 'automobile', 'bird', 'cat', 'deer', 'dog', 'frog', 'horse', 'ship', 'truck']
[0, 2.30261492729187, 2.3018674850463867, 0.10000000149011612, 0.1, 0.01818181818181818, '01:01']
[1, 2.2950022220611572, 2.2840237617492676, 0.13689999282360077, 0.1369, 0.06492576148925708, '00:26']
[2, 2.188084125518799, 2.127667188644409, 0.2029999941587448, 0.203, 0.16530778160352166, '00:25']
[3, 2.068542718887329, 1.990296483039856, 0.2676999866962433, 0.2677, 0.24456807533138045, '00:26']
[4, 1.9631589651107788, 1.8987926244735718, 0.3034999966621399, 0.3035, 0.2824564145104981, '00:26']
[5, 1.8815691471099854, 1.819775938987732, 0.3393999934196472, 0.33940000000000003, 0.31102774644290443, '00:27']
[6, 1.8369296789169312, 1.7804429531097412, 0.3481000065803528, 0.34809999999999997, 0.3342939918295145, '00:26']
[7, 1.791787028312683, 1.7556920051574707, 0.36079999804496765, 0.36079999999999995, 0.33989222710882017, '00:26']
[8, 1.738664150238037, 1.7216548919677734, 0.3702999949455261, 0.3703, 0.3567054342845705, '00:26']
[9, 1.7302470207214355, 1.7155263423919678, 0.37560001015663147, 0.37559999999999993, 0.3702276324079946, '00:27']
[10, 1.688551902770996, 1.711866855621338, 0.37720000743865967, 0.3772, 0.37197198686385613, '00:26']
[11, 1.6596192121505737, 1.6931657791137695, 0.3889999985694885, 0.38899999999999996, 0.38165973968213496, '00:27']
[12, 1.620983600616455, 1.67149019241333, 0.3928000032901764, 0.3927999999999999, 0.38883616856821823, '00:26']
[13, 1.6026440858840942, 1.6436131000518799, 0.4034000039100647, 0.4034, 0.40455015229276625, '00:26']
[14, 1.5864403247833252, 1.6351982355117798, 0.4043999910354614, 0.4044, 0.40111937548630044, '00:26']
[15, 1.5505588054656982, 1.6340527534484863, 0.4074999988079071, 0.40750000000000003, 0.39679670924482907, '00:26']
[16, 1.5450581312179565, 1.6066838502883911, 0.42179998755455017, 0.4218, 0.41536631991868933, '00:27']
[17, 1.4919531345367432, 1.6017277240753174, 0.4242999851703644, 0.4243, 0.4148119534351412, '00:26']
[18, 1.4947655200958252, 1.6034190654754639, 0.42579999566078186, 0.4258, 0.41174195409038133, '00:26']
[19, 1.4653798341751099, 1.5921913385391235, 0.42640000581741333, 0.4264, 0.42207405294235756, '00:26']
[20, 1.4513559341430664, 1.5918500423431396, 0.4311999976634979, 0.4312, 0.4271506886737382, '00:26']
[21, 1.438689112663269, 1.591207504272461, 0.42739999294281006, 0.4274, 0.4229370289928787, '00:26']
[22, 1.3980011940002441, 1.5826542377471924, 0.4341999888420105, 0.43420000000000003, 0.427848180076854, '00:26']
[23, 1.4035754203796387, 1.5811914205551147, 0.43369999527931213, 0.4337, 0.42678936249532534, '00:27']
[24, 1.397699236869812, 1.575474739074707, 0.43779999017715454, 0.4378, 0.43203438887082113, '00:26']
[25, 1.3907155990600586, 1.5743588209152222, 0.4372999966144562, 0.4373, 0.4325317080182571, '00:28']
[26, 1.369707703590393, 1.5739611387252808, 0.4359000027179718, 0.4359, 0.4321231148599594, '00:26']
[27, 1.3701739311218262, 1.574141263961792, 0.4357999861240387, 0.4358000000000001, 0.43128953298364836, '00:26']
[28, 1.3655240535736084, 1.5741842985153198, 0.43709999322891235, 0.43710000000000004, 0.43312171389715975, '00:26']
[29, 1.3697946071624756, 1.5742005109786987, 0.43639999628067017, 0.43640000000000007, 0.432296838358219, '00:26']

Tiempo de entrenamiento: 833.52 segundos
/mnt/homeGPU/haoweihu/TFG/lib/python3.10/site-packages/fastai/learner.py:455: UserWarning: load_learner` uses Python's insecure pickle module, which can execute malicious arbitrary code when loading. Only load files you trust.
If you only need to load model weights and optimizer state, use the safe `Learner.load` instead.
  warn("load_learner` uses Python's insecure pickle module, which can execute malicious arbitrary code when loading. Only load files you trust.\nIf you only need to load model weights and optimizer state, use the safe `Learner.load` instead.")
Loss: 1.5742
Accuracy: 0.4364
Recall: 0.4364
F1-Score: 0.4323
Loss: 1.5851314067840576
Accuracy: 0.4326923191547394
Recall (macro): 0.43266549509934293
F1 Score (macro): 0.428902449483133
---------------------------------------------------------------------------
Ejecutando: cifar10_dist5_original_ex3
---------------------------------------------------------------------------
Número total de imágenes en entrenamiento: 8200
Número total de imágenes en validación: 10000

Clases: ['airplane', 'automobile', 'bird', 'cat', 'deer', 'dog', 'frog', 'horse', 'ship', 'truck']
[0, 2.3055291175842285, 2.303548574447632, 0.10300000011920929, 0.10300000000000001, 0.02385210294911445, '00:55']
[1, 2.3004047870635986, 2.297037124633789, 0.10040000081062317, 0.1004, 0.01989205014795529, '00:26']
[2, 2.2587454319000244, 2.2203176021575928, 0.16459999978542328, 0.16460000000000002, 0.1115997685818498, '00:26']
[3, 2.15340518951416, 2.118241786956787, 0.22439999878406525, 0.2244, 0.20130528506650291, '00:26']
[4, 2.07539439201355, 2.060258388519287, 0.24899999797344208, 0.24899999999999997, 0.21801081773562223, '00:27']
[5, 2.0064659118652344, 1.994460940361023, 0.2752000093460083, 0.2752, 0.2394984386478291, '00:27']
[6, 1.9500547647476196, 1.9699193239212036, 0.2842999994754791, 0.2843, 0.26730840857896926, '00:26']
[7, 1.8881653547286987, 1.87540602684021, 0.3303000032901764, 0.3303, 0.319122789995809, '00:27']
[8, 1.83523428440094, 1.829569935798645, 0.3384999930858612, 0.33849999999999997, 0.3272497140381743, '00:26']
[9, 1.811949610710144, 1.8291642665863037, 0.3433000147342682, 0.3433, 0.33653249911382327, '00:26']
[10, 1.793209195137024, 1.7942084074020386, 0.3553999960422516, 0.35540000000000005, 0.3343582693907986, '00:26']
[11, 1.7337114810943604, 1.7816716432571411, 0.3628999888896942, 0.3629, 0.3504927050976494, '00:26']
[12, 1.7186551094055176, 1.758204460144043, 0.3734999895095825, 0.3735, 0.3601565006884679, '00:28']
[13, 1.6965863704681396, 1.7360799312591553, 0.37929999828338623, 0.37929999999999997, 0.3664029771136509, '00:27']
[14, 1.6805064678192139, 1.7292544841766357, 0.37940001487731934, 0.3794, 0.36567357318169597, '00:26']
[15, 1.6394984722137451, 1.6896541118621826, 0.3955000042915344, 0.3955, 0.3818891684847099, '00:26']
[16, 1.6163766384124756, 1.6923809051513672, 0.39579999446868896, 0.3958, 0.3905164721380824, '00:26']
[17, 1.5890554189682007, 1.674582600593567, 0.4025999903678894, 0.40259999999999996, 0.39249782559910185, '00:26']
[18, 1.5692787170410156, 1.6676114797592163, 0.4074999988079071, 0.40750000000000003, 0.40045582639110017, '00:26']
[19, 1.5487854480743408, 1.6859999895095825, 0.40610000491142273, 0.4061, 0.40349237771048563, '00:26']
[20, 1.5249791145324707, 1.647801160812378, 0.4171000123023987, 0.4170999999999999, 0.41007336316934123, '00:27']
[21, 1.514173150062561, 1.6533046960830688, 0.41609999537467957, 0.4161, 0.40789721631167025, '00:26']
[22, 1.5030726194381714, 1.648765206336975, 0.4187000095844269, 0.4187, 0.41186916054597555, '00:26']
[23, 1.480587363243103, 1.636820673942566, 0.4221999943256378, 0.4222, 0.41384196985502025, '00:26']
[24, 1.465089201927185, 1.635137677192688, 0.4253000020980835, 0.4253, 0.4199514588410384, '00:27']
[25, 1.4683682918548584, 1.6369822025299072, 0.42559999227523804, 0.42560000000000003, 0.4227887464450452, '00:26']
[26, 1.4755661487579346, 1.6303008794784546, 0.4284000098705292, 0.4284, 0.42366988689451424, '00:26']
[27, 1.4659472703933716, 1.630590796470642, 0.42739999294281006, 0.4274, 0.42173944545727887, '00:26']
[28, 1.448493242263794, 1.6298705339431763, 0.4284999966621399, 0.4285, 0.42334026719447715, '00:26']
[29, 1.4475440979003906, 1.629719853401184, 0.4284999966621399, 0.4285, 0.42326225246208515, '00:26']

Tiempo de entrenamiento: 831.00 segundos
/mnt/homeGPU/haoweihu/TFG/lib/python3.10/site-packages/fastai/learner.py:455: UserWarning: load_learner` uses Python's insecure pickle module, which can execute malicious arbitrary code when loading. Only load files you trust.
If you only need to load model weights and optimizer state, use the safe `Learner.load` instead.
  warn("load_learner` uses Python's insecure pickle module, which can execute malicious arbitrary code when loading. Only load files you trust.\nIf you only need to load model weights and optimizer state, use the safe `Learner.load` instead.")
Loss: 1.6297
Accuracy: 0.4285
Recall: 0.4285
F1-Score: 0.4233
Loss: 1.6231249570846558
Accuracy: 0.42377805709838867
Recall (macro): 0.4237726336455389
F1 Score (macro): 0.4173671354284899
---------------------------------------------------------------------------
--------------------------MODELOS DISTILLED 0001----------------------------
---------------------------------------------------------------------------
---------------------------------------------------------------------------
Ejecutando: cifar10_dist01_original_ex1
---------------------------------------------------------------------------
Número total de imágenes en entrenamiento: 18670
Número total de imágenes en validación: 10000

Clases: ['airplane', 'automobile', 'bird', 'cat', 'deer', 'dog', 'frog', 'horse', 'ship', 'truck']
[0, 2.299988269805908, 2.297011375427246, 0.10199999809265137, 0.10200000000000001, 0.022062732589048378, '01:50']
[1, 2.1526803970336914, 2.107393741607666, 0.2305999994277954, 0.23059999999999997, 0.19242146121245804, '00:41']
[2, 1.9025883674621582, 2.0232977867126465, 0.25369998812675476, 0.2537, 0.20963474183409608, '00:41']
[3, 1.7750210762023926, 1.8976423740386963, 0.30399999022483826, 0.30399999999999994, 0.2837481081620509, '00:41']
[4, 1.6844737529754639, 1.847920298576355, 0.3330000042915344, 0.333, 0.31242511189687094, '00:41']
[5, 1.6158052682876587, 1.8849767446517944, 0.3138999938964844, 0.31389999999999996, 0.2839288437161164, '00:42']
[6, 1.5624055862426758, 1.7626359462738037, 0.36399999260902405, 0.364, 0.34373483623502366, '00:42']
[7, 1.5166651010513306, 1.7317631244659424, 0.36640000343322754, 0.36639999999999995, 0.3356127353335372, '00:41']
[8, 1.4745417833328247, 1.6584904193878174, 0.39739999175071716, 0.3974, 0.387403602999706, '00:41']
[9, 1.4150112867355347, 1.6691120862960815, 0.40119999647140503, 0.40119999999999995, 0.38354065945083904, '00:41']
[10, 1.3895102739334106, 1.7340894937515259, 0.39579999446868896, 0.39580000000000004, 0.3742517216854721, '00:41']
[11, 1.362910270690918, 1.6175799369812012, 0.420199990272522, 0.4202, 0.4061984828176463, '00:42']
[12, 1.3283512592315674, 1.6370691061019897, 0.41499999165534973, 0.41500000000000004, 0.40406513650937825, '00:42']
[13, 1.2992498874664307, 1.5891207456588745, 0.4399999976158142, 0.44000000000000006, 0.4281545921407993, '00:42']
[14, 1.2616751194000244, 1.5842519998550415, 0.45010000467300415, 0.45010000000000006, 0.4407755332108321, '00:41']
[15, 1.2529926300048828, 1.5876613855361938, 0.44130000472068787, 0.4413, 0.42507712516018226, '00:41']
[16, 1.2056540250778198, 1.5902037620544434, 0.4481000006198883, 0.4481, 0.4341852245488306, '00:42']
[17, 1.2038079500198364, 1.573987364768982, 0.46070000529289246, 0.4607, 0.45512370434663946, '00:41']
[18, 1.1732356548309326, 1.5546183586120605, 0.4650999903678894, 0.46510000000000007, 0.4533794181086373, '00:43']
[19, 1.1718785762786865, 1.5309666395187378, 0.4729999899864197, 0.47300000000000003, 0.4651346894503969, '00:41']
[20, 1.1526587009429932, 1.5277352333068848, 0.46970000863075256, 0.4697, 0.4654987011338151, '00:41']
[21, 1.1208856105804443, 1.5367296934127808, 0.46860000491142273, 0.4686, 0.4606244265676174, '00:41']
[22, 1.1216896772384644, 1.5213614702224731, 0.47609999775886536, 0.4760999999999999, 0.4712465258733185, '00:41']
[23, 1.1086387634277344, 1.5337026119232178, 0.47620001435279846, 0.47620000000000007, 0.4698970735501577, '00:42']
[24, 1.0754631757736206, 1.5155582427978516, 0.48240000009536743, 0.4823999999999999, 0.47741246019173034, '00:43']
[25, 1.0923055410385132, 1.5149261951446533, 0.4803999960422516, 0.48040000000000005, 0.47260294878274767, '00:41']
[26, 1.0716205835342407, 1.520626425743103, 0.4812999963760376, 0.48129999999999995, 0.47550583513452266, '00:41']
[27, 1.0476824045181274, 1.5195178985595703, 0.4821000099182129, 0.4821000000000001, 0.4762717684678607, '00:41']
[28, 1.056746482849121, 1.5200170278549194, 0.4828000068664551, 0.4828, 0.4765139184297082, '00:42']
[29, 1.0707030296325684, 1.519912600517273, 0.4828999936580658, 0.4829, 0.47678311408680074, '00:42']

Tiempo de entrenamiento: 1327.20 segundos
/mnt/homeGPU/haoweihu/TFG/lib/python3.10/site-packages/fastai/learner.py:455: UserWarning: load_learner` uses Python's insecure pickle module, which can execute malicious arbitrary code when loading. Only load files you trust.
If you only need to load model weights and optimizer state, use the safe `Learner.load` instead.
  warn("load_learner` uses Python's insecure pickle module, which can execute malicious arbitrary code when loading. Only load files you trust.\nIf you only need to load model weights and optimizer state, use the safe `Learner.load` instead.")
Loss: 1.5199
Accuracy: 0.4829
Recall: 0.4829
F1-Score: 0.4768
Loss: 1.5234105587005615
Accuracy: 0.47385817766189575
Recall (macro): 0.47389962358087984
F1 Score (macro): 0.4658555213495463
---------------------------------------------------------------------------
Ejecutando: cifar10_dist01_originalex2
---------------------------------------------------------------------------
Número total de imágenes en entrenamiento: 18670
Número total de imágenes en validación: 10000

Clases: ['airplane', 'automobile', 'bird', 'cat', 'deer', 'dog', 'frog', 'horse', 'ship', 'truck']
[0, 2.297373056411743, 2.2936203479766846, 0.14569999277591705, 0.1457, 0.0695066721983086, '01:35']
[1, 2.1232521533966064, 2.158642292022705, 0.20749999582767487, 0.20750000000000002, 0.16709609959210941, '00:41']
[2, 1.9610052108764648, 2.087909460067749, 0.24639999866485596, 0.2464, 0.22378059473313278, '00:41']
[3, 1.877813458442688, 2.064227342605591, 0.26589998602867126, 0.26589999999999997, 0.2137704288486047, '00:41']
[4, 1.722214937210083, 1.8458572626113892, 0.3424000144004822, 0.3424, 0.3305342786243312, '00:42']
[5, 1.6198726892471313, 1.7757439613342285, 0.36419999599456787, 0.36419999999999997, 0.34990694608424555, '00:41']
[6, 1.5426056385040283, 1.814134955406189, 0.3508000075817108, 0.3508, 0.33668363840674836, '00:41']
[7, 1.5089424848556519, 1.691658616065979, 0.38589999079704285, 0.3859, 0.3762407411781901, '00:41']
[8, 1.4598356485366821, 1.6827656030654907, 0.39070001244544983, 0.3907, 0.37550761272938804, '00:42']
[9, 1.4149725437164307, 1.7001744508743286, 0.3946000039577484, 0.39460000000000006, 0.37190314377578526, '00:43']
[10, 1.3739027976989746, 1.6347315311431885, 0.4180000126361847, 0.418, 0.40587387392323154, '00:41']
[11, 1.36905038356781, 1.6254079341888428, 0.42289999127388, 0.4229, 0.4119666671602076, '00:41']
[12, 1.3256760835647583, 1.6135456562042236, 0.4307999908924103, 0.43079999999999996, 0.4223457128171705, '00:41']
[13, 1.279018521308899, 1.6239166259765625, 0.445499986410141, 0.4455, 0.4393389338135233, '00:41']
[14, 1.2652908563613892, 1.6121671199798584, 0.44440001249313354, 0.4444, 0.42566310934115403, '00:41']
[15, 1.2486255168914795, 1.6035983562469482, 0.44519999623298645, 0.4452, 0.4335150332087362, '00:41']
[16, 1.1980522871017456, 1.5723226070404053, 0.45410001277923584, 0.45409999999999995, 0.443821217776586, '00:41']
[17, 1.1760731935501099, 1.5667394399642944, 0.46209999918937683, 0.46210000000000007, 0.4507294648354686, '00:42']
[18, 1.183205008506775, 1.5461487770080566, 0.4620000123977661, 0.462, 0.45718548053541036, '00:41']
[19, 1.1567106246948242, 1.537290334701538, 0.4713999927043915, 0.47140000000000004, 0.46202437370436267, '00:41']
[20, 1.1407400369644165, 1.5332475900650024, 0.47279998660087585, 0.4728, 0.46661846724886524, '00:42']
[21, 1.121158242225647, 1.5332040786743164, 0.4731000065803528, 0.47309999999999997, 0.46474672888147683, '00:41']
[22, 1.084729552268982, 1.5398015975952148, 0.4794999957084656, 0.4795, 0.4718976436960756, '00:41']
[23, 1.0852696895599365, 1.54572594165802, 0.4799000024795532, 0.47989999999999994, 0.4706184084478968, '00:42']
[24, 1.0916787385940552, 1.5310776233673096, 0.47690001130104065, 0.4769, 0.4692404925860596, '00:41']
[25, 1.0728095769882202, 1.5372530221939087, 0.4781000018119812, 0.4781000000000001, 0.46988286904727483, '00:41']
[26, 1.0674747228622437, 1.53157377243042, 0.4821999967098236, 0.4821999999999999, 0.475171772904047, '00:42']
[27, 1.0324398279190063, 1.5260207653045654, 0.4848000109195709, 0.4848, 0.47793651535560955, '00:41']
[28, 1.0519975423812866, 1.529344916343689, 0.4830999970436096, 0.4831, 0.47622775272431045, '00:41']
[29, 1.0534473657608032, 1.52665376663208, 0.48559999465942383, 0.4856, 0.47884046992703305, '00:42']

Tiempo de entrenamiento: 1311.28 segundos
/mnt/homeGPU/haoweihu/TFG/lib/python3.10/site-packages/fastai/learner.py:455: UserWarning: load_learner` uses Python's insecure pickle module, which can execute malicious arbitrary code when loading. Only load files you trust.
If you only need to load model weights and optimizer state, use the safe `Learner.load` instead.
  warn("load_learner` uses Python's insecure pickle module, which can execute malicious arbitrary code when loading. Only load files you trust.\nIf you only need to load model weights and optimizer state, use the safe `Learner.load` instead.")
Loss: 1.5267
Accuracy: 0.4856
Recall: 0.4856
F1-Score: 0.4788
Loss: 1.5346131324768066
Accuracy: 0.47946715354919434
Recall (macro): 0.47955388569670765
F1 Score (macro): 0.47228462658585846
---------------------------------------------------------------------------
Ejecutando: cifar10_dist01_original_ex3
---------------------------------------------------------------------------
Número total de imágenes en entrenamiento: 18670
Número total de imágenes en validación: 10000

Clases: ['airplane', 'automobile', 'bird', 'cat', 'deer', 'dog', 'frog', 'horse', 'ship', 'truck']
[0, 2.2987239360809326, 2.295379400253296, 0.10159999877214432, 0.1016, 0.02162468061613885, '01:44']
[1, 2.133152961730957, 2.200779438018799, 0.18690000474452972, 0.18689999999999998, 0.13878593978729664, '00:41']
[2, 2.0043795108795166, 2.1337530612945557, 0.23929999768733978, 0.23929999999999998, 0.21323810931403814, '00:41']
[3, 1.9128637313842773, 2.03096866607666, 0.26759999990463257, 0.2676, 0.24181166972353538, '00:41']
[4, 1.8267911672592163, 1.922761082649231, 0.30329999327659607, 0.3033, 0.2820088633509235, '00:42']
[5, 1.728737711906433, 2.0346035957336426, 0.28850001096725464, 0.2885, 0.26301285700895194, '00:42']
[6, 1.6617563962936401, 1.8165638446807861, 0.3440999984741211, 0.34409999999999996, 0.33233166450549073, '00:42']
[7, 1.5787166357040405, 1.8168593645095825, 0.35100001096725464, 0.35100000000000003, 0.33775509294158984, '00:42']
[8, 1.5277791023254395, 1.7440555095672607, 0.3776000142097473, 0.3776, 0.36157285594061933, '00:42']
[9, 1.5020707845687866, 1.7513537406921387, 0.38190001249313354, 0.3819, 0.37083104549190093, '00:41']
[10, 1.4750993251800537, 1.684876799583435, 0.39820000529289246, 0.3982, 0.3935349589669359, '00:43']
[11, 1.435241937637329, 1.6572712659835815, 0.40959998965263367, 0.4096, 0.4037239686002909, '00:42']
[12, 1.4118800163269043, 1.669775366783142, 0.4077000021934509, 0.4077, 0.3998718069751744, '00:43']
[13, 1.3951280117034912, 1.744646668434143, 0.3864000141620636, 0.38639999999999997, 0.36820854324611324, '00:42']
[14, 1.3638815879821777, 1.634344458580017, 0.42980000376701355, 0.4298, 0.42163457682177796, '00:42']
[15, 1.328667163848877, 1.6605249643325806, 0.4259999990463257, 0.426, 0.4206681163896454, '00:42']
[16, 1.340549349784851, 1.6027052402496338, 0.4339999854564667, 0.434, 0.4233426125738342, '00:41']
[17, 1.2984930276870728, 1.6220771074295044, 0.43529999256134033, 0.43529999999999996, 0.4288952029875007, '00:42']
[18, 1.2865628004074097, 1.640725016593933, 0.4205999970436096, 0.42060000000000003, 0.4104197113037017, '00:42']
[19, 1.2707716226577759, 1.5991407632827759, 0.44179999828338623, 0.4418, 0.43384017936529745, '00:42']
[20, 1.2523537874221802, 1.5942250490188599, 0.44179999828338623, 0.4418, 0.4339621978753681, '00:41']
[21, 1.2269620895385742, 1.6177716255187988, 0.4368000030517578, 0.4368, 0.4271289320072037, '00:42']
[22, 1.218492031097412, 1.60515558719635, 0.4410000145435333, 0.441, 0.4323235344598146, '00:42']
[23, 1.2091797590255737, 1.588773488998413, 0.45159998536109924, 0.4516, 0.4443614219763827, '00:43']
[24, 1.204200029373169, 1.5914897918701172, 0.44449999928474426, 0.4445, 0.43722065352625644, '00:42']
[25, 1.1725088357925415, 1.5936260223388672, 0.4499000012874603, 0.4499000000000001, 0.4424305242769811, '00:42']
[26, 1.1918052434921265, 1.5825166702270508, 0.4521999955177307, 0.45219999999999994, 0.44641259439318903, '00:42']
[27, 1.1595531702041626, 1.5865637063980103, 0.45190000534057617, 0.4519, 0.4460615318315777, '00:42']
[28, 1.1549229621887207, 1.588558316230774, 0.4512999951839447, 0.4513, 0.44458584796954936, '00:43']
[29, 1.1715397834777832, 1.5896501541137695, 0.451200008392334, 0.45120000000000005, 0.4446802514088241, '00:42']

Tiempo de entrenamiento: 1331.35 segundos
/mnt/homeGPU/haoweihu/TFG/lib/python3.10/site-packages/fastai/learner.py:455: UserWarning: load_learner` uses Python's insecure pickle module, which can execute malicious arbitrary code when loading. Only load files you trust.
If you only need to load model weights and optimizer state, use the safe `Learner.load` instead.
  warn("load_learner` uses Python's insecure pickle module, which can execute malicious arbitrary code when loading. Only load files you trust.\nIf you only need to load model weights and optimizer state, use the safe `Learner.load` instead.")
Loss: 1.5897
Accuracy: 0.4512
Recall: 0.4512
F1-Score: 0.4447
Loss: 1.606270670890808
Accuracy: 0.44431090354919434
Recall (macro): 0.44427934165450267
F1 Score (macro): 0.43745263646551724
mail: cannot send message: Process exited with a non-zero status
