---------------------------------------------------------------------------
Ejecutando: cifar_rgb_base_quant
---------------------------------------------------------------------------
Número total de imágenes en entrenamiento: 40000
Número total de imágenes en validación: 10000

Clases: ['airplane', 'automobile', 'bird', 'cat', 'deer', 'dog', 'frog', 'horse', 'ship', 'truck']
[0, 2.188101291656494, 2.1836423873901367, 0.20309999585151672, 0.20475139071676596, 0.1737445070789635, '01:43']
[1, 2.0066471099853516, 2.0083072185516357, 0.27709999680519104, 0.27863999922470983, 0.26307258006005363, '02:06']
[2, 1.9083491563796997, 1.9163259267807007, 0.31150001287460327, 0.31164182153496417, 0.2981807976728374, '01:26']
[3, 1.8572815656661987, 1.9375933408737183, 0.3068000078201294, 0.3070770280832364, 0.29242485917788585, '01:27']
[4, 1.763975739479065, 1.798031210899353, 0.3619999885559082, 0.36391380693715203, 0.35032001183568573, '01:26']
[5, 1.7062915563583374, 1.734214425086975, 0.3822000026702881, 0.3824554220171016, 0.3775555935824644, '01:25']
[6, 1.6679813861846924, 1.6868003606796265, 0.40130001306533813, 0.4030566602898472, 0.3903543338881047, '01:26']
[7, 1.5999220609664917, 1.681470513343811, 0.40310001373291016, 0.40490574426005077, 0.3890574935703962, '01:27']
[8, 1.5505276918411255, 1.6202491521835327, 0.4214000105857849, 0.4220541291109158, 0.4019337784528651, '01:26']
[9, 1.5086095333099365, 1.5820307731628418, 0.4397999942302704, 0.4401167175964992, 0.4303268249562808, '01:38']
[10, 1.4694209098815918, 1.5723553895950317, 0.44530001282691956, 0.44535469969982777, 0.44203679341835145, '01:26']
[11, 1.3970028162002563, 1.5533528327941895, 0.46299999952316284, 0.4639734819239133, 0.4547634098026839, '01:28']
[12, 1.3918687105178833, 1.561730146408081, 0.45570001006126404, 0.4565593556276431, 0.45292953405073577, '01:27']
[13, 1.3598389625549316, 1.5346790552139282, 0.4641999900341034, 0.46532024593539967, 0.45699965811383797, '01:29']
[14, 1.2894498109817505, 1.5649046897888184, 0.4544999897480011, 0.4553180470158188, 0.4567388692093489, '01:37']
[15, 1.294032096862793, 1.5362670421600342, 0.4650000035762787, 0.46633260286932804, 0.463254428799382, '01:26']
[16, 1.2240694761276245, 1.5565725564956665, 0.4690000116825104, 0.47028713423127744, 0.46728262079502025, '01:26']
[17, 1.2099082469940186, 1.558683156967163, 0.4645000100135803, 0.4666343253558294, 0.46162513642412384, '01:26']
[18, 1.155342936515808, 1.5765632390975952, 0.4699999988079071, 0.4717019766006561, 0.46777852747857074, '01:26']
No improvement since epoch 13: early stopping

Tiempo de entrenamiento: 1729.88 segundos
/mnt/homeGPU/haoweihu/TFG/lib/python3.10/site-packages/fastai/learner.py:455: UserWarning: load_learner` uses Python's insecure pickle module, which can execute malicious arbitrary code when loading. Only load files you trust.
If you only need to load model weights and optimizer state, use the safe `Learner.load` instead.
  warn("load_learner` uses Python's insecure pickle module, which can execute malicious arbitrary code when loading. Only load files you trust.\nIf you only need to load model weights and optimizer state, use the safe `Learner.load` instead.")
Loss: 1.5766
Accuracy: 0.4700
Recall: 0.4717
F1-Score: 0.4678
Loss: 1.5854600667953491
Accuracy: 0.4683493673801422
Recall (macro): 0.46837470810048715
F1 Score (macro): 0.4650267504669222
mail: cannot send message: Process exited with a non-zero status
