---------------------------------------------------------------------------
--------------------------MODELOS BASE--------------------------------------
---------------------------------------------------------------------------
---------------------------------------------------------------------------
Ejecutando: mnist_base
---------------------------------------------------------------------------
Número total de imágenes en entrenamiento: 48000
Número total de imágenes en validación: 12000

Clases: ['0', '1', '2', '3', '4', '5', '6', '7', '8', '9']
[0, 1.048010230064392, 0.8828111886978149, 0.7801666855812073, 0.7771868992613381, 0.7765369674049462, '01:57']
[1, 0.3353578746318817, 0.3118321895599365, 0.909500002861023, 0.9082022228127128, 0.908586946476083, '01:22']
[2, 0.19645820558071136, 0.18143925070762634, 0.9460833072662354, 0.9456074371978718, 0.9454514055803751, '01:25']
[3, 0.11956846714019775, 0.12049108743667603, 0.9629166722297668, 0.9621897626583253, 0.9626033097956244, '01:21']
[4, 0.09982554614543915, 0.08692211657762527, 0.9730833172798157, 0.9724780285541005, 0.9727221312182868, '01:24']
[5, 0.07686784118413925, 0.06642518937587738, 0.9801666736602783, 0.9800829063962369, 0.9800985039365336, '01:21']
[6, 0.06184689700603485, 0.0536084845662117, 0.9835833311080933, 0.983554358434892, 0.9833656982595373, '01:21']
[7, 0.048709481954574585, 0.0519002340734005, 0.984250009059906, 0.9841136645220325, 0.9840764455730513, '01:22']
[8, 0.031293436884880066, 0.04365437477827072, 0.9865833520889282, 0.9865226078560358, 0.9864676752389446, '01:23']
[9, 0.033355433493852615, 0.04554159194231033, 0.9854166507720947, 0.985411731018328, 0.9853613651200119, '01:23']
[10, 0.02451743371784687, 0.042290594428777695, 0.9878333210945129, 0.9876410810291777, 0.9877114035208843, '01:21']
[11, 0.02340948022902012, 0.049627844244241714, 0.9865833520889282, 0.9862143759332257, 0.9864988659008972, '01:23']
[12, 0.016133656725287437, 0.04266427457332611, 0.9870833158493042, 0.9871157450795927, 0.9870359266496831, '01:21']
[13, 0.020993651822209358, 0.041378170251846313, 0.9879166483879089, 0.9877826810850656, 0.9878417347422349, '01:22']
[14, 0.010951056145131588, 0.051068663597106934, 0.9890000224113464, 0.9887466357087114, 0.9889765952155448, '01:21']
[15, 0.010393597185611725, 0.040587376803159714, 0.9900000095367432, 0.9899478013679117, 0.9899623855402705, '01:24']
[16, 0.008489892818033695, 0.04880792275071144, 0.9894999861717224, 0.9894347446915519, 0.9894035432685216, '01:21']
[17, 0.004630197770893574, 0.048643019050359726, 0.9891666769981384, 0.9890913023702478, 0.9891611593806449, '01:21']
[18, 0.005082492716610432, 0.044487614184617996, 0.9895833134651184, 0.9895313918210725, 0.9895417852037902, '01:23']
[19, 0.0025419341400265694, 0.047412749379873276, 0.9888333082199097, 0.9887247845566, 0.9887783422991803, '01:24']
[20, 0.001871985848993063, 0.047890275716781616, 0.9900833368301392, 0.990058427390785, 0.9899995994766376, '01:21']
No improvement since epoch 15: early stopping

Tiempo de entrenamiento: 1773.01 segundos
/mnt/homeGPU/haoweihu/TFG/lib/python3.10/site-packages/fastai/learner.py:455: UserWarning: load_learner` uses Python's insecure pickle module, which can execute malicious arbitrary code when loading. Only load files you trust.
If you only need to load model weights and optimizer state, use the safe `Learner.load` instead.
  warn("load_learner` uses Python's insecure pickle module, which can execute malicious arbitrary code when loading. Only load files you trust.\nIf you only need to load model weights and optimizer state, use the safe `Learner.load` instead.")
Loss: 0.0479
Accuracy: 0.9901
Recall: 0.9901
F1-Score: 0.9900
Loss: 0.03459206223487854
Accuracy: 0.9909855723381042
Recall (macro): 0.9908931420006407
F1 Score (macro): 0.9908806280998291
---------------------------------------------------------------------------
Ejecutando: fmnist_base
---------------------------------------------------------------------------
Número total de imágenes en entrenamiento: 48000
Número total de imágenes en validación: 12000

Clases: ['Ankle boot', 'Bag', 'Coat', 'Dress', 'Pullover', 'Sandal', 'Shirt', 'Sneaker', 'Trouser', 'top']
[0, 1.1073049306869507, 1.034888505935669, 0.6391666531562805, 0.6370853476578896, 0.606224305586358, '03:51']
[1, 0.7624728679656982, 0.7405211329460144, 0.7166666388511658, 0.716663764003186, 0.6970712920195756, '01:28']
[2, 0.6269648671150208, 0.6159474849700928, 0.7598333358764648, 0.7598566480717623, 0.7462747685377525, '01:22']
[3, 0.5651573538780212, 0.5373658537864685, 0.8050833344459534, 0.8034366379037557, 0.8035137546461494, '01:27']
[4, 0.4700238108634949, 0.44746077060699463, 0.8402500152587891, 0.8400763912751342, 0.8338167891040891, '01:22']
[5, 0.40500617027282715, 0.4046763777732849, 0.8508333563804626, 0.8491776189024115, 0.8531463502879377, '01:25']
[6, 0.3711967468261719, 0.36234530806541443, 0.8675000071525574, 0.8667955393367495, 0.8658210534002851, '01:29']
[7, 0.3416980803012848, 0.33172520995140076, 0.8796666860580444, 0.8791908368987649, 0.8777286208937145, '01:25']
[8, 0.317307710647583, 0.33395135402679443, 0.871666669845581, 0.870218677597801, 0.8732486765811356, '01:22']
[9, 0.2950196862220764, 0.29640525579452515, 0.8924166560173035, 0.8915025044676318, 0.8921919184454342, '01:22']
[10, 0.2759735882282257, 0.3006642758846283, 0.887416660785675, 0.8861462305047295, 0.887756139279516, '01:23']
[11, 0.2777956426143646, 0.29000556468963623, 0.8919166922569275, 0.8912101388424787, 0.8915107642451557, '01:25']
[12, 0.2687336206436157, 0.2824002206325531, 0.8963333368301392, 0.8956310766932016, 0.8951514200294872, '01:24']
[13, 0.250628799200058, 0.2811654210090637, 0.8968333601951599, 0.8959730485090416, 0.897051503262521, '01:26']
[14, 0.24038611352443695, 0.2835407853126526, 0.8972499966621399, 0.8967542728915324, 0.8963669646631489, '01:24']
[15, 0.23111484944820404, 0.2710343599319458, 0.9010833501815796, 0.9006642233897824, 0.8994195487579096, '01:26']
[16, 0.21370483934879303, 0.27945733070373535, 0.9004999995231628, 0.8999335788300946, 0.8994163357684425, '01:22']
[17, 0.20576488971710205, 0.2720305621623993, 0.9015833139419556, 0.9011772978777545, 0.8996338105515387, '01:22']
[18, 0.20051416754722595, 0.2822158932685852, 0.8991666436195374, 0.8984820663970561, 0.8986664968942432, '01:23']
[19, 0.19599895179271698, 0.2697194218635559, 0.9035000205039978, 0.9030687362013168, 0.902220118305421, '01:25']
[20, 0.19420653581619263, 0.27380672097206116, 0.902999997138977, 0.9023177013974932, 0.9022480606090213, '01:25']
[21, 0.16404877603054047, 0.2739192843437195, 0.9035000205039978, 0.9027437554787856, 0.9032464848298283, '01:23']
[22, 0.15799595415592194, 0.27627864480018616, 0.9054999947547913, 0.9050928451428044, 0.9041567236845708, '01:22']
[23, 0.15414339303970337, 0.27695736289024353, 0.9038333296775818, 0.9029930534451868, 0.9036507289277026, '01:21']
[24, 0.15662091970443726, 0.2757530212402344, 0.9053333401679993, 0.9047126220174564, 0.9046184537717512, '01:21']
No improvement since epoch 19: early stopping

Tiempo de entrenamiento: 2257.42 segundos
/mnt/homeGPU/haoweihu/TFG/lib/python3.10/site-packages/fastai/learner.py:455: UserWarning: load_learner` uses Python's insecure pickle module, which can execute malicious arbitrary code when loading. Only load files you trust.
If you only need to load model weights and optimizer state, use the safe `Learner.load` instead.
  warn("load_learner` uses Python's insecure pickle module, which can execute malicious arbitrary code when loading. Only load files you trust.\nIf you only need to load model weights and optimizer state, use the safe `Learner.load` instead.")
Loss: 0.2758
Accuracy: 0.9053
Recall: 0.9047
F1-Score: 0.9046
Loss: 0.28897756338119507
Accuracy: 0.9022436141967773
Recall (macro): 0.902239057655177
F1 Score (macro): 0.9020442302321768
---------------------------------------------------------------------------
Ejecutando: cifar_base
---------------------------------------------------------------------------
Número total de imágenes en entrenamiento: 40000
Número total de imágenes en validación: 10000

Clases: ['airplane', 'automobile', 'bird', 'cat', 'deer', 'dog', 'frog', 'horse', 'ship', 'truck']
[0, 2.2566075325012207, 2.2484633922576904, 0.15940000116825104, 0.1614222426210739, 0.11976115625151902, '03:33']
[1, 2.0950565338134766, 2.092167615890503, 0.23489999771118164, 0.23518965639932116, 0.20831401862009105, '01:11']
[2, 1.9518640041351318, 1.9677413702011108, 0.288100004196167, 0.2907595356162956, 0.2667472555469936, '01:10']
[3, 1.7876964807510376, 1.784706473350525, 0.36149999499320984, 0.3604398579638473, 0.3543891897677767, '01:10']
[4, 1.704606056213379, 1.7419791221618652, 0.3693000078201294, 0.3701989337133994, 0.3591245855610982, '01:10']
[5, 1.6535574197769165, 1.7260822057724, 0.3815999925136566, 0.3796253137837937, 0.3685352194150916, '01:12']
[6, 1.5843851566314697, 1.5971726179122925, 0.43470001220703125, 0.4333458632939413, 0.4281561860209065, '01:12']
[7, 1.5251060724258423, 1.5820244550704956, 0.4359999895095825, 0.43517857432771845, 0.4383400339949858, '01:11']
[8, 1.5009005069732666, 1.4987825155258179, 0.4733000099658966, 0.47280623051750686, 0.4658895115938385, '01:11']
[9, 1.4271252155303955, 1.4787501096725464, 0.48240000009536743, 0.4816973524460873, 0.4781994772268807, '01:11']
[10, 1.3562898635864258, 1.4876164197921753, 0.47839999198913574, 0.4780439647682779, 0.47967795269810376, '01:11']
[11, 1.348666787147522, 1.4751166105270386, 0.4796000123023987, 0.4797633284687407, 0.46699645984949567, '01:15']
[12, 1.3081892728805542, 1.3804231882095337, 0.515500009059906, 0.5148323434078946, 0.5114224669803141, '01:10']
[13, 1.268869400024414, 1.3774385452270508, 0.5145999789237976, 0.5132825259141556, 0.5127087712348962, '01:11']
[14, 1.2544658184051514, 1.393143653869629, 0.519599974155426, 0.5192012687878109, 0.5212813499782782, '01:12']
[15, 1.2291512489318848, 1.3360565900802612, 0.5343999862670898, 0.5342525626533867, 0.5245823992720026, '01:13']
[16, 1.1764709949493408, 1.3342074155807495, 0.5339999794960022, 0.5330070911007361, 0.5234364327478017, '01:13']
[17, 1.154974341392517, 1.3376996517181396, 0.5371999740600586, 0.5364387382837557, 0.5366186735432497, '01:15']
[18, 1.1723376512527466, 1.2978633642196655, 0.5491999983787537, 0.5487057168849333, 0.5462860636352502, '01:15']
[19, 1.1053357124328613, 1.3007699251174927, 0.5493999719619751, 0.5487482271197792, 0.5451622333130268, '01:15']
[20, 1.1128363609313965, 1.287178635597229, 0.5536999702453613, 0.5530448053335055, 0.5506181098521731, '01:16']
[21, 1.0964771509170532, 1.286516785621643, 0.5619000196456909, 0.5615992383576569, 0.5611567256944084, '01:15']
[22, 1.0743741989135742, 1.2763755321502686, 0.5612999796867371, 0.5602468372342202, 0.5600608058692007, '01:14']
[23, 1.0605814456939697, 1.2741765975952148, 0.5620999932289124, 0.5613028681214878, 0.5580904706718866, '01:14']
[24, 1.034487009048462, 1.2706607580184937, 0.5637000203132629, 0.5630751050218675, 0.5610864067831897, '01:13']
[25, 1.0294418334960938, 1.2706187963485718, 0.5672000050544739, 0.5665892362368851, 0.5641762450748378, '01:15']
[26, 1.0275967121124268, 1.2732352018356323, 0.5644999742507935, 0.5641272904625187, 0.5625621035562709, '01:16']
[27, 1.0169578790664673, 1.269606113433838, 0.5669999718666077, 0.5660851642675377, 0.5640694579402927, '01:14']
[28, 1.0060535669326782, 1.2703263759613037, 0.5658000111579895, 0.5651579897976726, 0.5629921587022382, '01:14']
[29, 1.0096964836120605, 1.269700527191162, 0.5651999711990356, 0.564576448632377, 0.5626624203921011, '01:17']

Tiempo de entrenamiento: 2340.79 segundos
/mnt/homeGPU/haoweihu/TFG/lib/python3.10/site-packages/fastai/learner.py:455: UserWarning: load_learner` uses Python's insecure pickle module, which can execute malicious arbitrary code when loading. Only load files you trust.
If you only need to load model weights and optimizer state, use the safe `Learner.load` instead.
  warn("load_learner` uses Python's insecure pickle module, which can execute malicious arbitrary code when loading. Only load files you trust.\nIf you only need to load model weights and optimizer state, use the safe `Learner.load` instead.")
Loss: 1.2697
Accuracy: 0.5652
Recall: 0.5646
F1-Score: 0.5627
Loss: 1.2624399662017822
Accuracy: 0.5587940812110901
Recall (macro): 0.5588316394502526
F1 Score (macro): 0.5565381150647446
mail: cannot send message: Process exited with a non-zero status
