---------------------------------------------------------------------------
--------------------------cifar distilld 01-----------------------------
---------------------------------------------------------------------------
---------------------------------------------------------------------------
Ejecutando: cifar10_dist1_ex1
---------------------------------------------------------------------------
Número total de imágenes en entrenamiento: 8100
Número total de imágenes en validación: 10000

Clases: ['airplane', 'automobile', 'bird', 'cat', 'deer', 'dog', 'frog', 'horse', 'ship', 'truck']
[0, 2.302443265914917, 2.2996528148651123, 0.10909999907016754, 0.1091, 0.040304779994990936, '02:48']
[1, 2.285658121109009, 2.2677361965179443, 0.14839999377727509, 0.1484, 0.0831221891812082, '00:47']
[2, 2.2231380939483643, 2.199465036392212, 0.17479999363422394, 0.17479999999999998, 0.12586694894050693, '00:43']
[3, 2.1576709747314453, 2.1166439056396484, 0.22619999945163727, 0.2262, 0.1996341607970279, '00:49']
[4, 2.0694386959075928, 2.0235238075256348, 0.26840001344680786, 0.2684, 0.24279241631392007, '00:48']
[5, 1.9817320108413696, 1.9003013372421265, 0.3098999857902527, 0.3099, 0.295125988053408, '00:47']
[6, 1.8951908349990845, 1.8426626920700073, 0.33230000734329224, 0.33230000000000004, 0.32987499474490967, '00:44']
[7, 1.8095561265945435, 1.8471119403839111, 0.3375999927520752, 0.3376, 0.32711427668443493, '00:47']
[8, 1.7733954191207886, 1.8192976713180542, 0.34470000863075256, 0.3447, 0.33548421816716967, '00:50']
[9, 1.7250031232833862, 1.7651960849761963, 0.36340001225471497, 0.36339999999999995, 0.35582434125463996, '00:48']
[10, 1.7020063400268555, 1.7204668521881104, 0.3822999894618988, 0.3823, 0.37164736017300226, '00:48']
[11, 1.6506330966949463, 1.7184406518936157, 0.3797000050544739, 0.37970000000000004, 0.3733801057919672, '00:48']
[12, 1.6343092918395996, 1.7005412578582764, 0.38420000672340393, 0.3842, 0.37365308015398535, '00:49']
[13, 1.6119747161865234, 1.6899545192718506, 0.38999998569488525, 0.38999999999999996, 0.37787144270393896, '00:48']
[14, 1.5843424797058105, 1.6532939672470093, 0.4074999988079071, 0.40750000000000003, 0.4013984411392813, '00:49']
[15, 1.5736565589904785, 1.6505879163742065, 0.4066999852657318, 0.4067, 0.4012470582969964, '00:50']
[16, 1.5246055126190186, 1.65117347240448, 0.4075999855995178, 0.40759999999999996, 0.3976541920522786, '00:50']
[17, 1.530421495437622, 1.6310558319091797, 0.41280001401901245, 0.4128, 0.41025912587616, '00:48']
[18, 1.506097435951233, 1.6312824487686157, 0.4129999876022339, 0.4130000000000001, 0.40582773056883176, '00:47']
[19, 1.4745378494262695, 1.6287606954574585, 0.42149999737739563, 0.4215, 0.40916185269329014, '00:47']
[20, 1.4601449966430664, 1.6303457021713257, 0.4178999960422516, 0.41790000000000005, 0.41026639277427696, '00:48']
[21, 1.4335246086120605, 1.6127746105194092, 0.4228000044822693, 0.42279999999999995, 0.41692330764623187, '00:48']
[22, 1.4217004776000977, 1.6134026050567627, 0.42410001158714294, 0.4241, 0.4174471942724118, '00:44']
[23, 1.4108576774597168, 1.6083393096923828, 0.4239000082015991, 0.4239, 0.4195091441230189, '00:44']
[24, 1.4099068641662598, 1.6077983379364014, 0.42570000886917114, 0.4257000000000001, 0.42023590243535003, '00:50']
[25, 1.3779863119125366, 1.6077221632003784, 0.42559999227523804, 0.42560000000000003, 0.4197010083686997, '00:49']
[26, 1.3641347885131836, 1.6073673963546753, 0.4269999861717224, 0.42699999999999994, 0.4239631633992983, '00:50']
[27, 1.3552294969558716, 1.6075750589370728, 0.4271000027656555, 0.4271000000000001, 0.4222730458493225, '00:46']
[28, 1.349031686782837, 1.607038140296936, 0.42750000953674316, 0.42750000000000005, 0.4229387903510989, '00:51']
[29, 1.3506017923355103, 1.6070739030838013, 0.42719998955726624, 0.4272, 0.4226491682814575, '00:52']

Tiempo de entrenamiento: 1570.34 segundos
/mnt/homeGPU/haoweihu/TFG/lib/python3.10/site-packages/fastai/learner.py:455: UserWarning: load_learner` uses Python's insecure pickle module, which can execute malicious arbitrary code when loading. Only load files you trust.
If you only need to load model weights and optimizer state, use the safe `Learner.load` instead.
  warn("load_learner` uses Python's insecure pickle module, which can execute malicious arbitrary code when loading. Only load files you trust.\nIf you only need to load model weights and optimizer state, use the safe `Learner.load` instead.")
Loss: 1.6071
Accuracy: 0.4272
Recall: 0.4272
F1-Score: 0.4226
Loss: 1.6361936330795288
Accuracy: 0.42007210850715637
Recall (macro): 0.4200652896883351
F1 Score (macro): 0.4144751142172458
---------------------------------------------------------------------------
Ejecutando: cifar10_dist1_ex2
---------------------------------------------------------------------------
Número total de imágenes en entrenamiento: 8100
Número total de imágenes en validación: 10000

Clases: ['airplane', 'automobile', 'bird', 'cat', 'deer', 'dog', 'frog', 'horse', 'ship', 'truck']
[0, 2.3033671379089355, 2.302192449569702, 0.11490000039339066, 0.1149, 0.036085406581860484, '02:32']
[1, 2.2974205017089844, 2.2916719913482666, 0.11860000342130661, 0.1186, 0.049272193146480826, '01:08']
[2, 2.20072078704834, 2.1415016651153564, 0.18860000371932983, 0.18860000000000002, 0.13276874590568005, '01:08']
[3, 2.1088223457336426, 2.1400504112243652, 0.1890999972820282, 0.1891, 0.12890118136450537, '01:06']
[4, 2.044098377227783, 2.0471887588500977, 0.2531000077724457, 0.2531, 0.23325370386910227, '01:03']
[5, 1.9647443294525146, 1.9359365701675415, 0.29679998755455017, 0.2968, 0.28165195882674815, '01:08']
[6, 1.8929879665374756, 1.8447706699371338, 0.3262999951839447, 0.3263, 0.32109528792034103, '01:08']
[7, 1.835902214050293, 1.8257046937942505, 0.3352000117301941, 0.3352, 0.3158883955246156, '01:10']
[8, 1.790906310081482, 1.774078130722046, 0.35260000824928284, 0.3526, 0.3405962262734092, '01:09']
[9, 1.752709150314331, 1.7355234622955322, 0.3711000084877014, 0.3711, 0.3663130496399672, '01:04']
[10, 1.7107609510421753, 1.7635916471481323, 0.3637999892234802, 0.36379999999999996, 0.34221125693547616, '01:04']
[11, 1.687658429145813, 1.693459153175354, 0.38839998841285706, 0.38839999999999997, 0.3779073739659725, '01:03']
[12, 1.6662075519561768, 1.674686312675476, 0.38929998874664307, 0.38930000000000003, 0.3774354918663406, '01:05']
[13, 1.6474614143371582, 1.6743285655975342, 0.39169999957084656, 0.3917, 0.37946048953846806, '01:06']
[14, 1.6225935220718384, 1.6733808517456055, 0.3968000113964081, 0.39679999999999993, 0.3782295889297655, '01:05']
[15, 1.5729138851165771, 1.6633667945861816, 0.4016999900341034, 0.40169999999999995, 0.38471521331335756, '01:07']
[16, 1.5759793519973755, 1.6342107057571411, 0.40849998593330383, 0.4085, 0.3932313915629934, '01:07']
[17, 1.5644454956054688, 1.626068353652954, 0.41600000858306885, 0.41600000000000004, 0.4095181790169061, '01:09']
[18, 1.55262291431427, 1.6107985973358154, 0.4250999987125397, 0.42510000000000003, 0.41862161858610714, '01:03']
[19, 1.5029706954956055, 1.6151573657989502, 0.4169999957084656, 0.417, 0.4057821903033215, '01:07']
[20, 1.5140817165374756, 1.6008902788162231, 0.42399999499320984, 0.42400000000000004, 0.413027633199586, '01:02']
[21, 1.4929022789001465, 1.6034499406814575, 0.42260000109672546, 0.4226, 0.4103821286738861, '01:05']
[22, 1.4810603857040405, 1.5917469263076782, 0.430400013923645, 0.4304, 0.4240365355843059, '01:05']
[23, 1.462170958518982, 1.5965100526809692, 0.42660000920295715, 0.4266, 0.42143378739767784, '00:59']
[24, 1.4526628255844116, 1.5922935009002686, 0.4339999854564667, 0.434, 0.4261796184205349, '01:04']
[25, 1.4440728425979614, 1.5858349800109863, 0.43290001153945923, 0.43289999999999995, 0.4275561246147125, '01:12']
[26, 1.4496031999588013, 1.5877856016159058, 0.4345000088214874, 0.4345, 0.42695425833125417, '01:07']
[27, 1.4511066675186157, 1.5843647718429565, 0.43479999899864197, 0.43479999999999996, 0.42883457290640337, '01:02']
[28, 1.4429222345352173, 1.5841282606124878, 0.4348999857902527, 0.4349, 0.4290235209921933, '01:04']
[29, 1.4403563737869263, 1.5841929912567139, 0.4348999857902527, 0.4349, 0.4289776133614572, '01:05']

Tiempo de entrenamiento: 2072.85 segundos
/mnt/homeGPU/haoweihu/TFG/lib/python3.10/site-packages/fastai/learner.py:455: UserWarning: load_learner` uses Python's insecure pickle module, which can execute malicious arbitrary code when loading. Only load files you trust.
If you only need to load model weights and optimizer state, use the safe `Learner.load` instead.
  warn("load_learner` uses Python's insecure pickle module, which can execute malicious arbitrary code when loading. Only load files you trust.\nIf you only need to load model weights and optimizer state, use the safe `Learner.load` instead.")
Loss: 1.5842
Accuracy: 0.4349
Recall: 0.4349
F1-Score: 0.4290
Loss: 1.5725040435791016
Accuracy: 0.4388020932674408
Recall (macro): 0.43882257412939635
F1 Score (macro): 0.43240524030261207
---------------------------------------------------------------------------
Ejecutando: cifar10_dist1_ex3
---------------------------------------------------------------------------
Número total de imágenes en entrenamiento: 8100
Número total de imágenes en validación: 10000

Clases: ['airplane', 'automobile', 'bird', 'cat', 'deer', 'dog', 'frog', 'horse', 'ship', 'truck']
[0, 2.305133104324341, 2.3039186000823975, 0.10000000149011612, 0.1, 0.01818181818181818, '03:06']
[1, 2.3013103008270264, 2.2967183589935303, 0.10369999706745148, 0.10369999999999999, 0.026202659878058275, '01:05']
[2, 2.22489595413208, 2.1545543670654297, 0.19689999520778656, 0.1969, 0.16012383397366553, '01:07']
[3, 2.088477373123169, 2.032655954360962, 0.26570001244544983, 0.2657, 0.24146603395065092, '01:03']
[4, 2.0100467205047607, 2.0871310234069824, 0.2493000030517578, 0.24930000000000002, 0.23617227365421195, '01:05']
[5, 1.9465851783752441, 1.902862310409546, 0.30320000648498535, 0.30319999999999997, 0.2888123814988762, '01:06']
[6, 1.860571265220642, 1.8396230936050415, 0.337799996137619, 0.3378, 0.32280575519118887, '01:05']
[7, 1.8125375509262085, 1.8030461072921753, 0.33820000290870667, 0.33820000000000006, 0.31581721437864196, '01:06']
[8, 1.7738231420516968, 1.7671657800674438, 0.35409998893737793, 0.35409999999999997, 0.33038116906190257, '01:09']
[9, 1.7658580541610718, 1.7749521732330322, 0.3635999858379364, 0.36360000000000003, 0.3528435709821075, '01:03']
[10, 1.7263720035552979, 1.7173457145690918, 0.3808000087738037, 0.3808, 0.36900804629911416, '01:01']
[11, 1.7006009817123413, 1.7062804698944092, 0.3824999928474426, 0.38249999999999995, 0.3778198423133576, '01:03']
[12, 1.6684035062789917, 1.7333929538726807, 0.3723999857902527, 0.3724, 0.35580805603947635, '01:01']
[13, 1.6496574878692627, 1.6885912418365479, 0.39250001311302185, 0.3925, 0.3869772928388507, '01:02']
[14, 1.6365221738815308, 1.6970205307006836, 0.3869999945163727, 0.387, 0.3837649995524199, '01:01']
[15, 1.5894933938980103, 1.6315877437591553, 0.4147000014781952, 0.4147, 0.40328873165046175, '01:02']
[16, 1.5822707414627075, 1.6245328187942505, 0.4235999882221222, 0.4236, 0.41876053769241184, '01:01']
[17, 1.5610055923461914, 1.6084222793579102, 0.42489999532699585, 0.42490000000000006, 0.41317321990328154, '01:06']
[18, 1.543195128440857, 1.6059767007827759, 0.42989999055862427, 0.42990000000000006, 0.42667011223548307, '01:01']
[19, 1.5215981006622314, 1.6266206502914429, 0.41819998621940613, 0.41819999999999996, 0.40567576527351595, '01:03']
[20, 1.5124799013137817, 1.5901684761047363, 0.4368000030517578, 0.4368, 0.4299275534851185, '00:59']
[21, 1.484481692314148, 1.587790608406067, 0.43230000138282776, 0.43229999999999996, 0.4249438232002946, '01:01']
[22, 1.4749852418899536, 1.5954819917678833, 0.43849998712539673, 0.43850000000000006, 0.4347230418821506, '01:01']
[23, 1.4756934642791748, 1.5736078023910522, 0.44290000200271606, 0.4429, 0.43680146478331394, '01:02']
[24, 1.4550056457519531, 1.5698035955429077, 0.44440001249313354, 0.4444, 0.4383348516970996, '01:07']
[25, 1.4528340101242065, 1.5692286491394043, 0.44200000166893005, 0.442, 0.43379631723034134, '01:00']
[26, 1.4471204280853271, 1.5680944919586182, 0.44269999861717224, 0.44270000000000004, 0.4364183280222205, '00:59']
[27, 1.4418373107910156, 1.5660649538040161, 0.44429999589920044, 0.44430000000000003, 0.4380823383937461, '00:55']
[28, 1.442995548248291, 1.5656483173370361, 0.4438999891281128, 0.4439, 0.4378171393721585, '00:56']
[29, 1.4466140270233154, 1.5657156705856323, 0.4438999891281128, 0.4438999999999999, 0.43751237709111745, '00:57']

Tiempo de entrenamiento: 2009.32 segundos
/mnt/homeGPU/haoweihu/TFG/lib/python3.10/site-packages/fastai/learner.py:455: UserWarning: load_learner` uses Python's insecure pickle module, which can execute malicious arbitrary code when loading. Only load files you trust.
If you only need to load model weights and optimizer state, use the safe `Learner.load` instead.
  warn("load_learner` uses Python's insecure pickle module, which can execute malicious arbitrary code when loading. Only load files you trust.\nIf you only need to load model weights and optimizer state, use the safe `Learner.load` instead.")
Loss: 1.5657
Accuracy: 0.4439
Recall: 0.4439
F1-Score: 0.4375
Loss: 1.5737978219985962
Accuracy: 0.44020432233810425
Recall (macro): 0.4401646770721733
F1 Score (macro): 0.4344777886296748
---------------------------------------------------------------------------
--------------------------distilld 02-----------------------------
---------------------------------------------------------------------------
---------------------------------------------------------------------------
Ejecutando: cifar10_dist2_ex1
---------------------------------------------------------------------------
Número total de imágenes en entrenamiento: 8050
Número total de imágenes en validación: 10000

Clases: ['airplane', 'automobile', 'bird', 'cat', 'deer', 'dog', 'frog', 'horse', 'ship', 'truck']
[0, 2.3014748096466064, 2.3001205921173096, 0.1111999973654747, 0.11120000000000001, 0.03662924556183555, '02:50']
[1, 2.286669969558716, 2.269735097885132, 0.18709999322891235, 0.1871, 0.12343007558193342, '01:02']
[2, 2.186464786529541, 2.1410531997680664, 0.20180000364780426, 0.20180000000000003, 0.15040534744932427, '00:57']
[3, 2.0855681896209717, 2.067211151123047, 0.24940000474452972, 0.24939999999999998, 0.2442659389259057, '00:57']
[4, 2.03712797164917, 1.9829250574111938, 0.2741999924182892, 0.2742, 0.2515897538582227, '01:01']
[5, 1.9605491161346436, 1.9289566278457642, 0.3034000098705292, 0.3034, 0.2993942447008416, '01:00']
[6, 1.8728864192962646, 1.8682500123977661, 0.3212999999523163, 0.32130000000000003, 0.3006582857562301, '01:04']
[7, 1.8151506185531616, 1.7734824419021606, 0.3562999963760376, 0.35629999999999995, 0.3402907645543365, '01:07']
[8, 1.7781569957733154, 1.7743648290634155, 0.3544999957084656, 0.3545, 0.33396437532183787, '00:59']
[9, 1.7220531702041626, 1.7646417617797852, 0.36169999837875366, 0.3617, 0.34145145594676013, '00:57']
[10, 1.6986135244369507, 1.7272353172302246, 0.36480000615119934, 0.3648, 0.3438387782759499, '00:55']
[11, 1.6620409488677979, 1.7007777690887451, 0.37560001015663147, 0.3756, 0.3626411658051628, '00:59']
[12, 1.6375453472137451, 1.6515685319900513, 0.4016000032424927, 0.4016, 0.3916357716945064, '01:03']
[13, 1.6082847118377686, 1.6362665891647339, 0.4083999991416931, 0.40840000000000004, 0.39977309277168327, '01:00']
[14, 1.5799258947372437, 1.6422396898269653, 0.40459999442100525, 0.4046, 0.3978253680212161, '01:06']
[15, 1.5722633600234985, 1.6326571702957153, 0.40639999508857727, 0.4064000000000001, 0.4007191913890494, '01:02']
[16, 1.5346989631652832, 1.6082924604415894, 0.4203000068664551, 0.4203, 0.41249988920737135, '01:03']
[17, 1.5295555591583252, 1.5860223770141602, 0.426800012588501, 0.42679999999999996, 0.4256024554997784, '01:03']
[18, 1.495964527130127, 1.5828335285186768, 0.43070000410079956, 0.43069999999999997, 0.4224737682556464, '01:02']
[19, 1.4673857688903809, 1.6099207401275635, 0.41909998655319214, 0.4191, 0.4176920458793014, '01:00']
[20, 1.4535692930221558, 1.571885347366333, 0.4341000020503998, 0.43410000000000004, 0.43029537523688893, '00:59']
[21, 1.4407453536987305, 1.5784672498703003, 0.4309000074863434, 0.4309, 0.42590411095439623, '01:03']
[22, 1.4369561672210693, 1.5750501155853271, 0.43130001425743103, 0.43129999999999996, 0.4239586184614545, '01:06']
[23, 1.4244804382324219, 1.565342903137207, 0.4383000135421753, 0.4383, 0.43609528319125807, '01:05']
[24, 1.3942993879318237, 1.564816951751709, 0.4350000023841858, 0.43499999999999994, 0.4291109504780389, '00:58']
[25, 1.3962693214416504, 1.5623306035995483, 0.43689998984336853, 0.43689999999999996, 0.43365368988284025, '00:54']
[26, 1.3871121406555176, 1.560738205909729, 0.4357999861240387, 0.43579999999999997, 0.4331131765559829, '00:58']
[27, 1.3875409364700317, 1.5592132806777954, 0.4381999969482422, 0.43820000000000003, 0.4346751773320149, '01:00']
[28, 1.3830854892730713, 1.5591164827346802, 0.4381999969482422, 0.43820000000000003, 0.43410126638901686, '00:59']
[29, 1.3757100105285645, 1.5586282014846802, 0.4388999938964844, 0.4389, 0.4352030870148704, '00:58']

Tiempo de entrenamiento: 1943.00 segundos
/mnt/homeGPU/haoweihu/TFG/lib/python3.10/site-packages/fastai/learner.py:455: UserWarning: load_learner` uses Python's insecure pickle module, which can execute malicious arbitrary code when loading. Only load files you trust.
If you only need to load model weights and optimizer state, use the safe `Learner.load` instead.
  warn("load_learner` uses Python's insecure pickle module, which can execute malicious arbitrary code when loading. Only load files you trust.\nIf you only need to load model weights and optimizer state, use the safe `Learner.load` instead.")
Loss: 1.5586
Accuracy: 0.4389
Recall: 0.4389
F1-Score: 0.4352
Loss: 1.5650604963302612
Accuracy: 0.44240784645080566
Recall (macro): 0.4423556485052463
F1 Score (macro): 0.43744101470765767

