---------------------------------------------------------------------------
--------------------------fmnist distilld 01-----------------------------
---------------------------------------------------------------------------
---------------------------------------------------------------------------
Ejecutando: fmnist_dist1_ex1
---------------------------------------------------------------------------
Número total de imágenes en entrenamiento: 9700
Número total de imágenes en validación: 12000

Clases: ['Ankle boot', 'Bag', 'Coat', 'Dress', 'Pullover', 'Sandal', 'Shirt', 'Sneaker', 'T-shirt', 'Trouser']
[0, 2.283047676086426, 2.2623798847198486, 0.27791666984558105, 0.2779166666666667, 0.17835760591764788, '02:28']
[1, 1.6836193799972534, 1.2347736358642578, 0.6019999980926514, 0.602, 0.5580169793219975, '01:04']
[2, 0.9823585152626038, 0.8602496981620789, 0.6816666722297668, 0.6816666666666666, 0.6753116858144779, '01:03']
[3, 0.8000310063362122, 0.7557753324508667, 0.7110000252723694, 0.7110000000000001, 0.6910954940599862, '01:09']
[4, 0.7065064311027527, 0.6736621260643005, 0.7372499704360962, 0.73725, 0.7364798252501821, '01:02']
[5, 0.6627321839332581, 0.6092495322227478, 0.7604166865348816, 0.7604166666666667, 0.7406533756685915, '01:03']
[6, 0.5957196354866028, 0.5928567051887512, 0.7775833606719971, 0.7775833333333333, 0.7758150610438861, '01:15']
[7, 0.5720150470733643, 0.5581290125846863, 0.7941666841506958, 0.7941666666666667, 0.7856759052555069, '01:04']
[8, 0.524712085723877, 0.5526072382926941, 0.7933333516120911, 0.7933333333333333, 0.7664804108672518, '01:02']
[9, 0.4802902340888977, 0.4976549446582794, 0.8112499713897705, 0.8112499999999999, 0.7932756879530217, '01:04']
[10, 0.4578838348388672, 0.4559750556945801, 0.8329166769981384, 0.8329166666666665, 0.8294222252004697, '01:03']
[11, 0.4292723536491394, 0.44638383388519287, 0.8416666388511658, 0.8416666666666668, 0.8410385624049338, '01:04']
[12, 0.4154389798641205, 0.42032864689826965, 0.8523333072662354, 0.8523333333333334, 0.8522447444837384, '01:09']
[13, 0.3929235637187958, 0.4201469421386719, 0.8513333201408386, 0.8513333333333334, 0.8493390517564394, '01:21']
[14, 0.37452369928359985, 0.40807703137397766, 0.8523333072662354, 0.8523333333333334, 0.8491767827614872, '01:11']
[15, 0.37098008394241333, 0.3991622030735016, 0.8577499985694885, 0.8577499999999999, 0.8575086707662681, '01:06']
[16, 0.34565865993499756, 0.39359790086746216, 0.8569999933242798, 0.857, 0.854201856164447, '01:08']
[17, 0.3340822458267212, 0.3877536356449127, 0.8615000247955322, 0.8615, 0.8586477792930038, '01:08']
[18, 0.32974690198898315, 0.3893554210662842, 0.8587499856948853, 0.85875, 0.8536295426852984, '01:09']
[19, 0.31095653772354126, 0.3921225070953369, 0.8605833053588867, 0.8605833333333333, 0.8588219025516406, '01:08']
[20, 0.30297645926475525, 0.38055890798568726, 0.862666666507721, 0.8626666666666667, 0.859357750920189, '01:07']
[21, 0.2863466143608093, 0.37440457940101624, 0.8676666617393494, 0.8676666666666666, 0.8678966674421131, '01:08']
[22, 0.2868326008319855, 0.370479017496109, 0.8704166412353516, 0.8704166666666666, 0.8695719980154684, '01:07']
[23, 0.2738867700099945, 0.37299495935440063, 0.8688333630561829, 0.8688333333333332, 0.8691144640536651, '01:06']
[24, 0.27893248200416565, 0.3682269752025604, 0.8725000023841858, 0.8724999999999999, 0.8712975584417049, '01:05']
[25, 0.2616153657436371, 0.36588919162750244, 0.8736666440963745, 0.8736666666666666, 0.8724197806814165, '01:04']
[26, 0.2583931088447571, 0.366987943649292, 0.8730833530426025, 0.8730833333333333, 0.8726239775371283, '01:06']
[27, 0.2649328112602234, 0.36690473556518555, 0.8731666803359985, 0.8731666666666668, 0.8718667706711208, '01:04']
[28, 0.25365424156188965, 0.3662554919719696, 0.8725833296775818, 0.8725833333333334, 0.8717284796387469, '01:04']
[29, 0.2484855204820633, 0.36620232462882996, 0.8725833296775818, 0.8725833333333334, 0.8717368511957453, '01:00']

Tiempo de entrenamiento: 2087.68 segundos
/mnt/homeGPU/haoweihu/TFG/lib/python3.10/site-packages/fastai/learner.py:455: UserWarning: load_learner` uses Python's insecure pickle module, which can execute malicious arbitrary code when loading. Only load files you trust.
If you only need to load model weights and optimizer state, use the safe `Learner.load` instead.
  warn("load_learner` uses Python's insecure pickle module, which can execute malicious arbitrary code when loading. Only load files you trust.\nIf you only need to load model weights and optimizer state, use the safe `Learner.load` instead.")
Loss: 0.3662
Accuracy: 0.8726
Recall: 0.8726
F1-Score: 0.8717
Loss: 3.013885259628296
Accuracy: 0.6887019276618958
Recall (macro): 0.6889504175089638
F1 Score (macro): 0.6885119492710545
---------------------------------------------------------------------------
Ejecutando: fmnist_dist1_ex2
---------------------------------------------------------------------------
Número total de imágenes en entrenamiento: 9700
Número total de imágenes en validación: 12000

Clases: ['Ankle boot', 'Bag', 'Coat', 'Dress', 'Pullover', 'Sandal', 'Shirt', 'Sneaker', 'T-shirt', 'Trouser']
[0, 2.2604196071624756, 2.2155799865722656, 0.2981666624546051, 0.2981666666666667, 0.2408124940239594, '02:40']
[1, 1.508135199546814, 1.144510269165039, 0.6428333520889282, 0.6428333333333333, 0.6093903091388748, '00:58']
[2, 0.9115246534347534, 0.8905044794082642, 0.6831666827201843, 0.6831666666666666, 0.6628557113909472, '01:06']
[3, 0.7753807902336121, 0.7512270212173462, 0.7250833511352539, 0.7250833333333333, 0.7141923294973918, '01:02']
[4, 0.6898127794265747, 0.6603608131408691, 0.749916672706604, 0.7499166666666667, 0.7344137441576466, '00:57']
[5, 0.6326417922973633, 0.6601018309593201, 0.7490000128746033, 0.7489999999999999, 0.7331701989251642, '00:55']
[6, 0.5753957629203796, 0.5835616588592529, 0.7835000157356262, 0.7835, 0.7799361506649403, '00:58']
[7, 0.5463228821754456, 0.5403702259063721, 0.7973333597183228, 0.7973333333333333, 0.7867063810910416, '00:57']
[8, 0.524614691734314, 0.5205193161964417, 0.8062499761581421, 0.80625, 0.8022714867954155, '00:55']
[9, 0.5019265413284302, 0.5105178356170654, 0.812833309173584, 0.8128333333333334, 0.8098096969716467, '00:56']
[10, 0.48070448637008667, 0.505638062953949, 0.8115000128746033, 0.8115, 0.8100102861152584, '00:59']
[11, 0.44636279344558716, 0.48243099451065063, 0.8253333568572998, 0.8253333333333334, 0.8228130694326741, '00:56']
[12, 0.42831113934516907, 0.4503592252731323, 0.8382499814033508, 0.83825, 0.8337484711450598, '00:59']
[13, 0.4201323688030243, 0.440438449382782, 0.8391666412353516, 0.8391666666666667, 0.8351480528167745, '01:00']
[14, 0.3905864655971527, 0.4418114423751831, 0.8360000252723694, 0.836, 0.8383379690554488, '00:58']
[15, 0.3691715896129608, 0.4207952916622162, 0.8500000238418579, 0.85, 0.8441758936338724, '00:54']
[16, 0.35382553935050964, 0.42051956057548523, 0.8473333120346069, 0.8473333333333335, 0.8490201064484315, '00:57']
[17, 0.35496002435684204, 0.4199140667915344, 0.8530833125114441, 0.8530833333333334, 0.8495745731640231, '00:56']
[18, 0.32667678594589233, 0.4108937978744507, 0.8535833358764648, 0.8535833333333332, 0.8489048853615472, '00:56']
[19, 0.3256727457046509, 0.40350252389907837, 0.8555833101272583, 0.8555833333333334, 0.8566711337938366, '00:56']
[20, 0.3167383074760437, 0.3904229402542114, 0.8617500066757202, 0.86175, 0.8616376887386522, '00:57']
[21, 0.30470043420791626, 0.3910159766674042, 0.8598333597183228, 0.8598333333333332, 0.8595228447899323, '00:58']
[22, 0.29195013642311096, 0.3923629820346832, 0.8647500276565552, 0.8647500000000001, 0.8629272598090945, '00:56']
[23, 0.2802882790565491, 0.39269283413887024, 0.8607500195503235, 0.86075, 0.8608942149057712, '00:57']
[24, 0.2692127227783203, 0.3870595395565033, 0.8653333187103271, 0.8653333333333334, 0.864260738390886, '00:56']
[25, 0.26205578446388245, 0.38877302408218384, 0.8651666641235352, 0.8651666666666665, 0.863382076338473, '00:57']
[26, 0.2675081789493561, 0.38726842403411865, 0.8654166460037231, 0.8654166666666667, 0.865419066416454, '00:56']
[27, 0.26049715280532837, 0.38783931732177734, 0.8678333163261414, 0.8678333333333332, 0.8663886133236263, '00:57']
[28, 0.2510794699192047, 0.3860011696815491, 0.8662499785423279, 0.86625, 0.8653113677058654, '01:07']
[29, 0.2505180537700653, 0.38582727313041687, 0.8667500019073486, 0.86675, 0.8657871530415268, '00:58']

Tiempo de entrenamiento: 1850.31 segundos
/mnt/homeGPU/haoweihu/TFG/lib/python3.10/site-packages/fastai/learner.py:455: UserWarning: load_learner` uses Python's insecure pickle module, which can execute malicious arbitrary code when loading. Only load files you trust.
If you only need to load model weights and optimizer state, use the safe `Learner.load` instead.
  warn("load_learner` uses Python's insecure pickle module, which can execute malicious arbitrary code when loading. Only load files you trust.\nIf you only need to load model weights and optimizer state, use the safe `Learner.load` instead.")
Loss: 0.3858
Accuracy: 0.8668
Recall: 0.8668
F1-Score: 0.8658
Loss: 3.371317148208618
Accuracy: 0.6791867017745972
Recall (macro): 0.6792844013058065
F1 Score (macro): 0.6790423432718422
---------------------------------------------------------------------------
Ejecutando: fmnist_dist1_ex3
---------------------------------------------------------------------------
Número total de imágenes en entrenamiento: 9700
Número total de imágenes en validación: 12000

Clases: ['Ankle boot', 'Bag', 'Coat', 'Dress', 'Pullover', 'Sandal', 'Shirt', 'Sneaker', 'T-shirt', 'Trouser']
[0, 2.2723982334136963, 2.2384982109069824, 0.2900833189487457, 0.29008333333333336, 0.1839479332311415, '02:40']
[1, 1.6134541034698486, 1.218371868133545, 0.6200000047683716, 0.6199999999999999, 0.5989020749297955, '00:58']
[2, 0.9241380095481873, 0.8177526593208313, 0.6896666884422302, 0.6896666666666667, 0.6744531949484732, '00:53']
[3, 0.7730483412742615, 0.7345008850097656, 0.7205833196640015, 0.7205833333333334, 0.6993777397269064, '00:57']
[4, 0.7004954218864441, 0.6754137277603149, 0.734333336353302, 0.7343333333333334, 0.7133545474945426, '01:05']
[5, 0.6548182964324951, 0.6319194436073303, 0.7551666498184204, 0.7551666666666667, 0.7277570190803562, '00:57']
[6, 0.5921266078948975, 0.5920146107673645, 0.7766666412353516, 0.7766666666666666, 0.7632767101450929, '00:58']
[7, 0.5439020991325378, 0.5605829954147339, 0.7889999747276306, 0.7889999999999999, 0.7815731847765977, '00:56']
[8, 0.5322587490081787, 0.5063337683677673, 0.8085833191871643, 0.8085833333333333, 0.7962293309508354, '00:57']
[9, 0.4892981946468353, 0.5401576161384583, 0.7954999804496765, 0.7955, 0.7647415575864688, '00:57']
[10, 0.46607306599617004, 0.4709089696407318, 0.8262500166893005, 0.8262499999999999, 0.8233868738724844, '00:56']
[11, 0.44886314868927, 0.45879238843917847, 0.8369166851043701, 0.8369166666666666, 0.8348521255824402, '00:56']
[12, 0.43023353815078735, 0.4325697422027588, 0.8426666855812073, 0.8426666666666666, 0.8372438704562695, '00:57']
[13, 0.41744381189346313, 0.443454384803772, 0.8414999842643738, 0.8414999999999999, 0.8395239479291945, '00:58']
[14, 0.38063445687294006, 0.414105623960495, 0.8533333539962769, 0.8533333333333333, 0.8489549458159139, '00:58']
[15, 0.37287402153015137, 0.40706726908683777, 0.8544999957084656, 0.8545, 0.8517337858504085, '00:58']
[16, 0.3515469431877136, 0.4083154797554016, 0.8538333177566528, 0.8538333333333332, 0.8499884280878842, '00:56']
[17, 0.3482253849506378, 0.40047863125801086, 0.8569999933242798, 0.857, 0.8544148704317205, '00:56']
[18, 0.3316206932067871, 0.38762155175209045, 0.859499990940094, 0.8594999999999999, 0.856295763849603, '00:57']
[19, 0.3250841498374939, 0.38175085186958313, 0.8640833497047424, 0.8640833333333333, 0.8643171592550981, '00:58']
[20, 0.2994741201400757, 0.3870621621608734, 0.8601666688919067, 0.8601666666666666, 0.8580780389275686, '00:56']
[21, 0.302776038646698, 0.38535070419311523, 0.8616666793823242, 0.8616666666666666, 0.8621841798662169, '00:57']
[22, 0.2884930968284607, 0.3740531802177429, 0.8671666383743286, 0.8671666666666666, 0.8656332262486183, '00:56']
[23, 0.279041051864624, 0.3772416114807129, 0.8672500252723694, 0.8672500000000001, 0.8678359865279468, '00:50']
[24, 0.26550859212875366, 0.3716314435005188, 0.8696666955947876, 0.8696666666666667, 0.8688101656362278, '00:56']
[25, 0.2723541557788849, 0.3738468289375305, 0.8688333630561829, 0.8688333333333332, 0.8688119665506955, '00:58']
[26, 0.2715762257575989, 0.37141597270965576, 0.8712499737739563, 0.8712500000000001, 0.8707553726140935, '00:57']
[27, 0.24693167209625244, 0.36969953775405884, 0.8706666827201843, 0.8706666666666665, 0.869582373412948, '00:59']
[28, 0.25398826599121094, 0.36935850977897644, 0.8707500100135803, 0.8707499999999999, 0.8699452118347166, '00:56']
[29, 0.2570514678955078, 0.3693181872367859, 0.8711666464805603, 0.8711666666666666, 0.8703485878568289, '00:56']

Tiempo de entrenamiento: 1822.48 segundos
/mnt/homeGPU/haoweihu/TFG/lib/python3.10/site-packages/fastai/learner.py:455: UserWarning: load_learner` uses Python's insecure pickle module, which can execute malicious arbitrary code when loading. Only load files you trust.
If you only need to load model weights and optimizer state, use the safe `Learner.load` instead.
  warn("load_learner` uses Python's insecure pickle module, which can execute malicious arbitrary code when loading. Only load files you trust.\nIf you only need to load model weights and optimizer state, use the safe `Learner.load` instead.")
Loss: 0.3693
Accuracy: 0.8712
Recall: 0.8712
F1-Score: 0.8703
Loss: 3.1697864532470703
Accuracy: 0.6846955418586731
Recall (macro): 0.6847586457604109
F1 Score (macro): 0.6827458238221633
mail: cannot send message: Process exited with a non-zero status
