---------------------------------------------------------------------------
--------------------------fmnist distilld 01-----------------------------
---------------------------------------------------------------------------
---------------------------------------------------------------------------
Ejecutando: fmnist_dist1_ex1
---------------------------------------------------------------------------
Número total de imágenes en entrenamiento: 9700
Número total de imágenes en validación: 12000

Clases: ['Ankle boot', 'Bag', 'Coat', 'Dress', 'Pullover', 'Sandal', 'Shirt', 'Sneaker', 'T-shirt', 'Trouser']
[0, 2.2907609939575195, 2.2795300483703613, 0.2607499957084656, 0.26075, 0.19863857465492213, '02:41']
[1, 1.812402606010437, 1.3523112535476685, 0.5559166669845581, 0.5559166666666667, 0.5446290767482928, '00:54']
[2, 1.0192312002182007, 0.9391932487487793, 0.6422500014305115, 0.64225, 0.626521860407079, '01:04']
[3, 0.8546765446662903, 0.7979975342750549, 0.6960833072662354, 0.6960833333333334, 0.6665916862833037, '00:53']
[4, 0.7329949140548706, 0.7376381158828735, 0.7247499823570251, 0.72475, 0.7000702593286865, '00:55']
[5, 0.6895778775215149, 0.6324050426483154, 0.7601666450500488, 0.7601666666666667, 0.7415295466431634, '00:57']
[6, 0.6251446604728699, 0.615249752998352, 0.7540833353996277, 0.7540833333333333, 0.7487219161509386, '00:54']
[7, 0.5590641498565674, 0.5537792444229126, 0.796999990940094, 0.7969999999999999, 0.7930135877564449, '00:54']
[8, 0.5281379818916321, 0.5362836122512817, 0.8044166564941406, 0.8044166666666668, 0.7936907563690775, '00:54']
[9, 0.49776628613471985, 0.5197889804840088, 0.8098333477973938, 0.8098333333333333, 0.8064481151028137, '01:02']
[10, 0.4775571823120117, 0.5087160468101501, 0.8075000047683716, 0.8074999999999999, 0.796541989022175, '00:59']
[11, 0.45857369899749756, 0.47900280356407166, 0.8227499723434448, 0.8227499999999999, 0.8178070576230857, '01:01']
[12, 0.42134585976600647, 0.474224328994751, 0.828499972820282, 0.8285, 0.8221306520119379, '01:04']
[13, 0.4080263078212738, 0.46334224939346313, 0.8295833468437195, 0.8295833333333335, 0.8290961908334529, '01:01']
[14, 0.40549880266189575, 0.4379015266895294, 0.8383333086967468, 0.8383333333333333, 0.8328013244886561, '00:58']
[15, 0.37475210428237915, 0.45790958404541016, 0.8317499756813049, 0.8317499999999999, 0.8319801511523648, '00:55']
[16, 0.36066508293151855, 0.43227267265319824, 0.840666651725769, 0.8406666666666667, 0.8390261929951427, '00:54']
[17, 0.35451391339302063, 0.43932658433914185, 0.8388333320617676, 0.8388333333333333, 0.8377019659208799, '00:54']
[18, 0.33836299180984497, 0.43337464332580566, 0.8399999737739563, 0.8400000000000001, 0.8377721034457689, '00:54']
[19, 0.3250509202480316, 0.4287880063056946, 0.8460833430290222, 0.8460833333333333, 0.8412556661717628, '00:59']
[20, 0.32123756408691406, 0.4243217408657074, 0.8476666808128357, 0.8476666666666667, 0.843941624154315, '01:00']
[21, 0.3120819330215454, 0.42846789956092834, 0.8476666808128357, 0.8476666666666667, 0.8468656581802305, '00:56']
[22, 0.3068390190601349, 0.41812995076179504, 0.8492500185966492, 0.84925, 0.8481204558914875, '01:04']
[23, 0.29356589913368225, 0.4203667938709259, 0.846833348274231, 0.8468333333333333, 0.8467702834576585, '00:56']
[24, 0.2930479645729065, 0.4169158935546875, 0.8502500057220459, 0.8502500000000002, 0.8486520060273449, '00:54']
[25, 0.2767016589641571, 0.42011040449142456, 0.8518333435058594, 0.8518333333333332, 0.8503042380757568, '00:53']
[26, 0.27252843976020813, 0.41746506094932556, 0.8513333201408386, 0.8513333333333334, 0.8499162543603183, '00:53']
[27, 0.2689768671989441, 0.41719794273376465, 0.8512499928474426, 0.8512500000000001, 0.8501486344703488, '00:55']
[28, 0.2687608003616333, 0.4171276092529297, 0.8513333201408386, 0.8513333333333334, 0.8502053014025298, '00:59']
[29, 0.2744026482105255, 0.4169871509075165, 0.8513333201408386, 0.8513333333333334, 0.8502116272300881, '01:02']
No improvement since epoch 24: early stopping

Tiempo de entrenamiento: 1833.07 segundos
/mnt/homeGPU/haoweihu/TFG/lib/python3.10/site-packages/fastai/learner.py:455: UserWarning: load_learner` uses Python's insecure pickle module, which can execute malicious arbitrary code when loading. Only load files you trust.
If you only need to load model weights and optimizer state, use the safe `Learner.load` instead.
  warn("load_learner` uses Python's insecure pickle module, which can execute malicious arbitrary code when loading. Only load files you trust.\nIf you only need to load model weights and optimizer state, use the safe `Learner.load` instead.")
Loss: 0.4170
Accuracy: 0.8513
Recall: 0.8513
F1-Score: 0.8502
Loss: 2.4567604064941406
Accuracy: 0.670973539352417
Recall (macro): 0.6711266954554429
F1 Score (macro): 0.6713001026994435
---------------------------------------------------------------------------
Ejecutando: fmnist_dist1_ex2
---------------------------------------------------------------------------
Número total de imágenes en entrenamiento: 9700
Número total de imágenes en validación: 12000

Clases: ['Ankle boot', 'Bag', 'Coat', 'Dress', 'Pullover', 'Sandal', 'Shirt', 'Sneaker', 'T-shirt', 'Trouser']
[0, 2.2698516845703125, 2.236577033996582, 0.2774166762828827, 0.2774166666666667, 0.21371245892550556, '02:40']
[1, 1.5941327810287476, 1.2099381685256958, 0.5539166927337646, 0.5539166666666666, 0.5131600767874033, '01:03']
[2, 0.9904976487159729, 0.8941134214401245, 0.6683333516120911, 0.6683333333333333, 0.6566156239530243, '00:58']
[3, 0.8193890452384949, 0.8174747824668884, 0.6602500081062317, 0.6602499999999999, 0.6338833295051964, '00:55']
[4, 0.752834141254425, 0.7311440706253052, 0.7171666622161865, 0.7171666666666667, 0.6908185469181467, '00:54']
[5, 0.6752437353134155, 0.6518561840057373, 0.7538333535194397, 0.7538333333333334, 0.7268104142729463, '00:54']
[6, 0.6512259840965271, 0.6390992999076843, 0.7706666588783264, 0.7706666666666667, 0.7693386629343166, '00:56']
[7, 0.5946406126022339, 0.580579400062561, 0.7858333587646484, 0.7858333333333334, 0.7822906513372401, '00:59']
[8, 0.5492717623710632, 0.6286424994468689, 0.7646666765213013, 0.7646666666666666, 0.7621737580291866, '00:54']
[9, 0.5153501629829407, 0.5423685312271118, 0.7975000143051147, 0.7974999999999999, 0.7999485841738545, '00:59']
[10, 0.4858454167842865, 0.5126598477363586, 0.8100000023841858, 0.8099999999999999, 0.8002890418285331, '01:03']
[11, 0.48823875188827515, 0.5125861167907715, 0.812166690826416, 0.8121666666666666, 0.8104000485710905, '01:03']
[12, 0.4667336046695709, 0.48579850792884827, 0.8213333487510681, 0.8213333333333332, 0.813772949315133, '01:00']
[13, 0.4453509747982025, 0.46901196241378784, 0.8292499780654907, 0.82925, 0.8280878466299837, '01:03']
[14, 0.4289182424545288, 0.49332481622695923, 0.8146666884422302, 0.8146666666666667, 0.8185903603087341, '01:03']
[15, 0.4053296446800232, 0.4659675657749176, 0.8317499756813049, 0.8317500000000001, 0.8298204379079339, '00:59']
[16, 0.37403935194015503, 0.46515047550201416, 0.8324999809265137, 0.8324999999999999, 0.8287364388337641, '01:03']
[17, 0.37909960746765137, 0.4631786644458771, 0.8324999809265137, 0.8325000000000001, 0.8337227718772526, '01:05']
[18, 0.3534132242202759, 0.46316224336624146, 0.8333333134651184, 0.8333333333333334, 0.8350737524058596, '01:03']
[19, 0.3434964716434479, 0.4410332441329956, 0.8413333296775818, 0.8413333333333333, 0.8409332399518641, '00:54']
[20, 0.3399449288845062, 0.4377918839454651, 0.843666672706604, 0.8436666666666668, 0.8426486225723065, '00:55']
[21, 0.32698509097099304, 0.4382788836956024, 0.8426666855812073, 0.8426666666666666, 0.8433730973071821, '00:54']
[22, 0.31332749128341675, 0.43933695554733276, 0.8420000076293945, 0.842, 0.8398643995034767, '00:54']
[23, 0.31230318546295166, 0.4371279180049896, 0.8445000052452087, 0.8444999999999998, 0.8430314524127931, '01:00']
[24, 0.2950340509414673, 0.43352335691452026, 0.8475000262260437, 0.8474999999999999, 0.8470126631854022, '01:09']
[25, 0.29129666090011597, 0.43669337034225464, 0.8450833559036255, 0.8450833333333334, 0.844652750385342, '01:12']
[26, 0.29320448637008667, 0.43488404154777527, 0.8473333120346069, 0.8473333333333333, 0.8467075975312255, '00:58']
[27, 0.2904883921146393, 0.43521642684936523, 0.8464166522026062, 0.8464166666666666, 0.846073433943543, '00:56']
[28, 0.28808820247650146, 0.434556245803833, 0.8478333353996277, 0.8478333333333333, 0.8470974641645723, '00:54']
[29, 0.2880200147628784, 0.43453121185302734, 0.8476666808128357, 0.8476666666666667, 0.8469442151655094, '00:55']
No improvement since epoch 24: early stopping

Tiempo de entrenamiento: 1888.48 segundos
/mnt/homeGPU/haoweihu/TFG/lib/python3.10/site-packages/fastai/learner.py:455: UserWarning: load_learner` uses Python's insecure pickle module, which can execute malicious arbitrary code when loading. Only load files you trust.
If you only need to load model weights and optimizer state, use the safe `Learner.load` instead.
  warn("load_learner` uses Python's insecure pickle module, which can execute malicious arbitrary code when loading. Only load files you trust.\nIf you only need to load model weights and optimizer state, use the safe `Learner.load` instead.")
Loss: 0.4345
Accuracy: 0.8477
Recall: 0.8477
F1-Score: 0.8469
Loss: 2.784963607788086
Accuracy: 0.667067289352417
Recall (macro): 0.6669288138722538
F1 Score (macro): 0.6658855405701732
---------------------------------------------------------------------------
Ejecutando: fmnist_dist1_ex3
---------------------------------------------------------------------------
Número total de imágenes en entrenamiento: 9700
Número total de imágenes en validación: 12000

Clases: ['Ankle boot', 'Bag', 'Coat', 'Dress', 'Pullover', 'Sandal', 'Shirt', 'Sneaker', 'T-shirt', 'Trouser']
[0, 2.280475616455078, 2.254927396774292, 0.32858332991600037, 0.32858333333333334, 0.2483661934470108, '02:24']
[1, 1.6472177505493164, 1.231887698173523, 0.6238333582878113, 0.6238333333333334, 0.5968433906659587, '01:03']
[2, 0.953103244304657, 0.8723909258842468, 0.6747499704360962, 0.6747500000000001, 0.6479165398152202, '00:58']
[3, 0.8188979625701904, 0.797331690788269, 0.6848333477973938, 0.6848333333333333, 0.6455496609277409, '01:03']
[4, 0.7206701636314392, 0.717480480670929, 0.7172499895095825, 0.7172499999999999, 0.713038358398745, '01:03']
[5, 0.6533757448196411, 0.618629515171051, 0.7614166736602783, 0.7614166666666666, 0.7586374836463003, '01:03']
[6, 0.6094598174095154, 0.5839856266975403, 0.7724166512489319, 0.7724166666666668, 0.7498073612186372, '01:03']
[7, 0.5859374403953552, 0.5664595365524292, 0.7795833349227905, 0.7795833333333333, 0.7532879201785085, '01:02']
[8, 0.539469301700592, 0.5596257448196411, 0.7875000238418579, 0.7875, 0.7810603181647993, '01:01']
[9, 0.5016518831253052, 0.5124542117118835, 0.7997499704360962, 0.7997500000000001, 0.7891995381752273, '00:54']
[10, 0.5011733770370483, 0.4821687340736389, 0.8213333487510681, 0.8213333333333332, 0.8148684610514605, '00:55']
[11, 0.46433505415916443, 0.4798279106616974, 0.8215833306312561, 0.8215833333333332, 0.8164785454672853, '00:57']
[12, 0.42863357067108154, 0.4623338580131531, 0.82791668176651, 0.8279166666666666, 0.8239527377070408, '01:04']
[13, 0.43742573261260986, 0.45494577288627625, 0.8318333625793457, 0.8318333333333333, 0.8341232240015433, '01:03']
[14, 0.3948764204978943, 0.44975462555885315, 0.8323333263397217, 0.8323333333333333, 0.8313489212989481, '00:57']
[15, 0.3955830931663513, 0.4541347324848175, 0.828249990940094, 0.82825, 0.8317723405525387, '00:55']
[16, 0.3780422806739807, 0.44340401887893677, 0.8320833444595337, 0.8320833333333333, 0.8302248271900448, '01:01']
[17, 0.3681265413761139, 0.421926349401474, 0.8442500233650208, 0.8442500000000001, 0.8414616500300033, '00:59']
[18, 0.34842193126678467, 0.4239938259124756, 0.843583345413208, 0.8435833333333334, 0.8400051985298056, '01:02']
[19, 0.3249128460884094, 0.4183601438999176, 0.8472499847412109, 0.8472500000000001, 0.8460983067876274, '01:02']
[20, 0.32290124893188477, 0.41761720180511475, 0.8486666679382324, 0.8486666666666665, 0.8484963219244885, '01:03']
[21, 0.3122635781764984, 0.4248974919319153, 0.846833348274231, 0.8468333333333333, 0.8446123459746042, '01:04']
[22, 0.3068446218967438, 0.42009687423706055, 0.8493333458900452, 0.8493333333333334, 0.8470272526773339, '01:03']
[23, 0.30617401003837585, 0.41391244530677795, 0.8498333096504211, 0.8498333333333333, 0.8504679001955419, '01:04']
[24, 0.29101699590682983, 0.4153939187526703, 0.847000002861023, 0.8470000000000001, 0.847731096019794, '00:56']
[25, 0.29365622997283936, 0.41016513109207153, 0.8522499799728394, 0.8522500000000001, 0.850504631376723, '01:02']
[26, 0.284466415643692, 0.40850770473480225, 0.8524166941642761, 0.8524166666666666, 0.8520346794158948, '01:04']
[27, 0.2818956673145294, 0.4076260030269623, 0.8525833487510681, 0.8525833333333335, 0.8521892729182312, '00:59']
[28, 0.28269636631011963, 0.4066794514656067, 0.8525000214576721, 0.8525, 0.85202748848061, '01:04']
[29, 0.275951623916626, 0.4067731499671936, 0.8524166941642761, 0.8524166666666666, 0.8517354648170328, '01:03']

Tiempo de entrenamiento: 1928.29 segundos
/mnt/homeGPU/haoweihu/TFG/lib/python3.10/site-packages/fastai/learner.py:455: UserWarning: load_learner` uses Python's insecure pickle module, which can execute malicious arbitrary code when loading. Only load files you trust.
If you only need to load model weights and optimizer state, use the safe `Learner.load` instead.
  warn("load_learner` uses Python's insecure pickle module, which can execute malicious arbitrary code when loading. Only load files you trust.\nIf you only need to load model weights and optimizer state, use the safe `Learner.load` instead.")
Loss: 0.4068
Accuracy: 0.8524
Recall: 0.8524
F1-Score: 0.8517
Loss: 2.5590882301330566
Accuracy: 0.6704727411270142
Recall (macro): 0.6704883690503729
F1 Score (macro): 0.6688969341686049
---------------------------------------------------------------------------
--------------------------distilld 02-----------------------------
---------------------------------------------------------------------------
---------------------------------------------------------------------------
Ejecutando: fmnist_dist2_ex1
---------------------------------------------------------------------------
Número total de imágenes en entrenamiento: 9650
Número total de imágenes en validación: 12000

Clases: ['Ankle boot', 'Bag', 'Coat', 'Dress', 'Pullover', 'Sandal', 'Shirt', 'Sneaker', 'T-shirt', 'Trouser']
[0, 2.2638676166534424, 2.220543384552002, 0.273333340883255, 0.2733333333333333, 0.20133224101806366, '02:08']
[1, 1.5537519454956055, 1.1744753122329712, 0.5554999709129333, 0.5555, 0.49835476860584055, '00:58']
[2, 0.9323599934577942, 0.8566054105758667, 0.687583327293396, 0.6875833333333333, 0.6624396734904471, '00:58']
[3, 0.7834334969520569, 0.738865077495575, 0.721666693687439, 0.7216666666666667, 0.7043418671443163, '00:58']
[4, 0.7124882936477661, 0.7187054753303528, 0.7078333497047424, 0.7078333333333333, 0.700307666907294, '00:54']
[5, 0.6600534915924072, 0.6315958499908447, 0.7580833435058594, 0.7580833333333332, 0.7544070257015165, '00:59']
[6, 0.6087303161621094, 0.5892921686172485, 0.7776666879653931, 0.7776666666666666, 0.7656281456646816, '00:59']
[7, 0.5732734203338623, 0.5662902593612671, 0.7819166779518127, 0.7819166666666667, 0.7776091033885238, '01:02']
[8, 0.5308491587638855, 0.5349565148353577, 0.800000011920929, 0.8, 0.7990838809120332, '01:03']
[9, 0.4986279606819153, 0.5147163271903992, 0.809333324432373, 0.8093333333333332, 0.8033614191348196, '00:54']
[10, 0.47628962993621826, 0.5290021300315857, 0.8033333420753479, 0.8033333333333333, 0.7973615034550681, '00:55']
[11, 0.4605526924133301, 0.5057646632194519, 0.812666654586792, 0.8126666666666666, 0.8046201502053314, '01:00']
[12, 0.43350788950920105, 0.47154679894447327, 0.8261666893959045, 0.8261666666666667, 0.8209223730298394, '01:03']
[13, 0.42311936616897583, 0.4841122627258301, 0.8206666707992554, 0.8206666666666667, 0.8164806902723939, '01:00']
[14, 0.40390121936798096, 0.47900426387786865, 0.8259166479110718, 0.8259166666666665, 0.8200496931015723, '00:54']
[15, 0.383914977312088, 0.44746342301368713, 0.8355000019073486, 0.8355, 0.8334658628724296, '01:08']
[16, 0.36610203981399536, 0.4511618912220001, 0.8355833292007446, 0.8355833333333333, 0.8357311996457822, '00:59']
[17, 0.34470275044441223, 0.448446661233902, 0.840499997138977, 0.8404999999999999, 0.8377288478521141, '01:00']
[18, 0.34538891911506653, 0.4588598608970642, 0.8317499756813049, 0.8317500000000001, 0.8323971932683681, '00:57']
[19, 0.3308281898498535, 0.4464479684829712, 0.8387500047683716, 0.8387499999999999, 0.8387424884564769, '01:06']
[20, 0.3274022340774536, 0.4399401843547821, 0.8428333401679993, 0.8428333333333333, 0.8405292213584694, '01:06']
[21, 0.31239068508148193, 0.44145873188972473, 0.8417500257492065, 0.84175, 0.8415549657666606, '01:00']
[22, 0.29907363653182983, 0.43363192677497864, 0.8454166650772095, 0.8454166666666666, 0.8441847203235247, '01:02']
[23, 0.28675875067710876, 0.44300153851509094, 0.843999981880188, 0.844, 0.8429481392829846, '01:04']
[24, 0.2795013189315796, 0.43535032868385315, 0.8450000286102295, 0.8450000000000001, 0.844458374488353, '01:03']
[25, 0.27474310994148254, 0.4371914863586426, 0.8452500104904175, 0.8452500000000001, 0.8447361419461688, '00:55']
[26, 0.26732635498046875, 0.4380069673061371, 0.8464999794960022, 0.8465, 0.8459189296441215, '00:54']
[27, 0.26645028591156006, 0.4387853741645813, 0.8454999923706055, 0.8455, 0.8444160877497737, '01:07']
No improvement since epoch 22: early stopping

Tiempo de entrenamiento: 1760.48 segundos
/mnt/homeGPU/haoweihu/TFG/lib/python3.10/site-packages/fastai/learner.py:455: UserWarning: load_learner` uses Python's insecure pickle module, which can execute malicious arbitrary code when loading. Only load files you trust.
If you only need to load model weights and optimizer state, use the safe `Learner.load` instead.
  warn("load_learner` uses Python's insecure pickle module, which can execute malicious arbitrary code when loading. Only load files you trust.\nIf you only need to load model weights and optimizer state, use the safe `Learner.load` instead.")
Loss: 0.4388
Accuracy: 0.8455
Recall: 0.8455
F1-Score: 0.8444
Loss: 2.8788187503814697
Accuracy: 0.6666666865348816
Recall (macro): 0.66673187081376
F1 Score (macro): 0.6663907141203935
---------------------------------------------------------------------------
--------------------------distilld 04-----------------------------
---------------------------------------------------------------------------
---------------------------------------------------------------------------
Ejecutando: fmnist_dist4_ex1
---------------------------------------------------------------------------
Número total de imágenes en entrenamiento: 9630
Número total de imágenes en validación: 12000

Clases: ['Ankle boot', 'Bag', 'Coat', 'Dress', 'Pullover', 'Sandal', 'Shirt', 'Sneaker', 'T-shirt', 'Trouser']
[0, 2.2726283073425293, 2.24210524559021, 0.3060833215713501, 0.3060833333333334, 0.23241959288946124, '02:09']
[1, 1.532827615737915, 1.1271063089370728, 0.6389166712760925, 0.6389166666666666, 0.5965375404679237, '01:06']
[2, 0.9224343299865723, 0.8745050430297852, 0.6618333458900452, 0.6618333333333333, 0.6369132783479193, '01:02']
[3, 0.7804194688796997, 0.7612440586090088, 0.6987500190734863, 0.6987500000000001, 0.6779427960957107, '00:54']
[4, 0.698713481426239, 0.6660845279693604, 0.7442499995231628, 0.74425, 0.7414263168980677, '00:58']
[5, 0.6441068649291992, 0.6961583495140076, 0.7287499904632568, 0.72875, 0.7257312649399501, '01:02']
[6, 0.6037018895149231, 0.6245007514953613, 0.7695000171661377, 0.7695, 0.7625812513368253, '01:00']
[7, 0.5545928478240967, 0.5709847807884216, 0.7883333563804626, 0.7883333333333333, 0.785899721950126, '01:03']
[8, 0.5172532796859741, 0.5307261347770691, 0.8023333549499512, 0.8023333333333333, 0.803703305233413, '01:04']
[9, 0.485638290643692, 0.5343181490898132, 0.7973333597183228, 0.7973333333333333, 0.7874446663826158, '01:03']
[10, 0.454702228307724, 0.49212121963500977, 0.8167499899864197, 0.8167500000000001, 0.809866445747287, '01:04']
[11, 0.4469134509563446, 0.4962298274040222, 0.8180833458900452, 0.8180833333333334, 0.8199253940383935, '01:03']
[12, 0.4142506718635559, 0.5018535852432251, 0.8138333559036255, 0.8138333333333334, 0.8098324656720608, '00:55']
[13, 0.40129196643829346, 0.4755812883377075, 0.8241666555404663, 0.8241666666666667, 0.8165613132887548, '00:55']
[14, 0.3687778115272522, 0.44412222504615784, 0.8345833420753479, 0.8345833333333333, 0.8330007444321378, '00:54']
[15, 0.35729774832725525, 0.43786174058914185, 0.8374166488647461, 0.8374166666666667, 0.8363457991374542, '00:58']
[16, 0.34953394532203674, 0.43626540899276733, 0.840749979019165, 0.8407500000000001, 0.8416312432381048, '00:59']
[17, 0.33991318941116333, 0.4562563896179199, 0.831333339214325, 0.8313333333333333, 0.8260449192444984, '00:54']
[18, 0.3200860321521759, 0.425435334444046, 0.8449166417121887, 0.8449166666666666, 0.8440321905143646, '00:58']
[19, 0.30556297302246094, 0.4402615427970886, 0.8418333530426025, 0.8418333333333333, 0.8404904773655566, '01:11']
[20, 0.2902478277683258, 0.4308518171310425, 0.846750020980835, 0.8467499999999999, 0.8471550550654209, '01:03']
[21, 0.2844447195529938, 0.4168262481689453, 0.8489166498184204, 0.8489166666666665, 0.8482554941096035, '01:14']
[22, 0.28170350193977356, 0.4216545522212982, 0.8487499952316284, 0.8487500000000001, 0.8482560669699806, '00:54']
[23, 0.2757043242454529, 0.4257310926914215, 0.8464166522026062, 0.8464166666666666, 0.8436563600996324, '00:57']
[24, 0.2664819061756134, 0.42595374584198, 0.8500000238418579, 0.8499999999999999, 0.85008602970744, '01:00']
[25, 0.2559015154838562, 0.4227416217327118, 0.8494166731834412, 0.8494166666666667, 0.8488336973518594, '00:57']
[26, 0.24829770624637604, 0.4228387176990509, 0.8504166603088379, 0.8504166666666666, 0.849983908568278, '01:11']
No improvement since epoch 21: early stopping

Tiempo de entrenamiento: 1721.91 segundos
/mnt/homeGPU/haoweihu/TFG/lib/python3.10/site-packages/fastai/learner.py:455: UserWarning: load_learner` uses Python's insecure pickle module, which can execute malicious arbitrary code when loading. Only load files you trust.
If you only need to load model weights and optimizer state, use the safe `Learner.load` instead.
  warn("load_learner` uses Python's insecure pickle module, which can execute malicious arbitrary code when loading. Only load files you trust.\nIf you only need to load model weights and optimizer state, use the safe `Learner.load` instead.")
Loss: 0.4228
Accuracy: 0.8504
Recall: 0.8504
F1-Score: 0.8500
Loss: 2.548358917236328
Accuracy: 0.6705729365348816
Recall (macro): 0.6703224314736786
F1 Score (macro): 0.6718580390270834
