---------------------------------------------------------------------------
Ejecutando: mnist_dist2_ex1
---------------------------------------------------------------------------
Número total de imágenes en entrenamiento: 9663
Número total de imágenes en validación: 11996

Clases: ['0', '1', '2', '3', '4', '5', '6', '7', '8', '9']
[0, 2.277066230773926, 2.253819704055786, 0.18164388835430145, 0.17807626498186935, 0.11099712779674824, '02:14']
[1, 1.615813970565796, 1.075600266456604, 0.7104868292808533, 0.7032927395398831, 0.6939639033112746, '00:58']
[2, 0.623703122138977, 0.4808281660079956, 0.8596198558807373, 0.857921464344167, 0.8584209014983145, '00:56']
[3, 0.3930915892124176, 0.3510713577270508, 0.8937979340553284, 0.8926625440181635, 0.892240568400859, '00:59']
[4, 0.2736581563949585, 0.30843740701675415, 0.9052184224128723, 0.9034718181737726, 0.9043463876532842, '00:56']
[5, 0.23991115391254425, 0.209476500749588, 0.9366455674171448, 0.9361743431991197, 0.9361319794989097, '00:57']
[6, 0.17952489852905273, 0.19359518587589264, 0.9412304162979126, 0.9405479269759409, 0.9408356184444712, '00:59']
[7, 0.1329837292432785, 0.14470794796943665, 0.9561520218849182, 0.9559121668474804, 0.9559458841361226, '01:05']
[8, 0.12003855407238007, 0.14841507375240326, 0.9545682072639465, 0.9540940060428721, 0.9544899986359034, '00:57']
[9, 0.10293462127447128, 0.1534765064716339, 0.9534844756126404, 0.9532867599617575, 0.9529007420308935, '00:59']
[10, 0.09465346485376358, 0.12320814281702042, 0.959986686706543, 0.9600312132335043, 0.9597838693431953, '00:59']
[11, 0.07895516604185104, 0.10385293513536453, 0.9668222665786743, 0.9665639929109078, 0.9666456590385838, '00:59']
[12, 0.06785207986831665, 0.10997447371482849, 0.9648216366767883, 0.9648211487841059, 0.9645113425083551, '00:59']
[13, 0.07213208824396133, 0.11688390374183655, 0.9660720229148865, 0.9655676498307197, 0.9657737601016804, '01:00']
[14, 0.04874396696686745, 0.10213440656661987, 0.9697399139404297, 0.969592244014162, 0.969511924206081, '00:58']
[15, 0.046656228601932526, 0.10843493044376373, 0.96832275390625, 0.9682053806527341, 0.9682789950156157, '00:59']
[16, 0.038126762956380844, 0.10130837559700012, 0.9717406034469604, 0.9718688567544926, 0.9716728998755061, '00:58']
[17, 0.02857816219329834, 0.10850892961025238, 0.97024005651474, 0.970021221817924, 0.9701062117261081, '00:59']
[18, 0.025304395705461502, 0.10272770375013351, 0.9717406034469604, 0.9714694290909579, 0.9714951797064325, '00:57']
[19, 0.01915593259036541, 0.10292035341262817, 0.9730743765830994, 0.9728677160587399, 0.9729430142275186, '00:58']
[20, 0.017398225143551826, 0.10196027904748917, 0.9730743765830994, 0.9730105531603412, 0.9729042786519189, '00:59']
[21, 0.011790664866566658, 0.0930248349905014, 0.974658191204071, 0.974579341981214, 0.9745260025999215, '01:00']
[22, 0.009444650262594223, 0.11010463535785675, 0.9709069728851318, 0.9709416053254115, 0.9708896838084631, '00:59']
[23, 0.008905667811632156, 0.09542620927095413, 0.9751583933830261, 0.9750036732836758, 0.9750110787428132, '01:00']
[24, 0.005943395663052797, 0.10334040224552155, 0.9744081497192383, 0.9743440836246066, 0.9742823102636754, '00:58']
[25, 0.004975253716111183, 0.10040608793497086, 0.9752417206764221, 0.9751534787594549, 0.9751019767763459, '01:01']
[26, 0.004044635687023401, 0.10001149028539658, 0.9751583933830261, 0.9750929562799382, 0.9750381899338653, '01:04']
No improvement since epoch 21: early stopping

Tiempo de entrenamiento: 1678.73 segundos
/mnt/homeGPU/haoweihu/TFG/lib/python3.10/site-packages/fastai/learner.py:455: UserWarning: load_learner` uses Python's insecure pickle module, which can execute malicious arbitrary code when loading. Only load files you trust.
If you only need to load model weights and optimizer state, use the safe `Learner.load` instead.
  warn("load_learner` uses Python's insecure pickle module, which can execute malicious arbitrary code when loading. Only load files you trust.\nIf you only need to load model weights and optimizer state, use the safe `Learner.load` instead.")
Loss: 0.1000
Accuracy: 0.9752
Recall: 0.9751
F1-Score: 0.9750
Loss: 0.08137962222099304
Accuracy: 0.9785656929016113
Recall (macro): 0.9784090606832809
F1 Score (macro): 0.9784061120489472
---------------------------------------------------------------------------
--------------------------distilld 04-----------------------------
---------------------------------------------------------------------------
---------------------------------------------------------------------------
Ejecutando: mnist_dist4_ex1
---------------------------------------------------------------------------
Número total de imágenes en entrenamiento: 9634
Número total de imágenes en validación: 11996

Clases: ['0', '1', '2', '3', '4', '5', '6', '7', '8', '9']
[0, 2.2845146656036377, 2.2666516304016113, 0.3526175320148468, 0.3409732744757384, 0.2281748625556584, '03:00']
[1, 1.7708414793014526, 1.2567665576934814, 0.7222407460212708, 0.7144088576782006, 0.6987008179709667, '01:00']
[2, 0.6153244972229004, 0.47187042236328125, 0.8537846207618713, 0.8508908649104476, 0.8503383368574621, '00:59']
[3, 0.3637353479862213, 0.3017829954624176, 0.9099699854850769, 0.9086899104331094, 0.908754553244625, '00:56']
[4, 0.25548985600471497, 0.24017010629177094, 0.9304768443107605, 0.9301743488915195, 0.9300352387773797, '00:58']
[5, 0.1856842041015625, 0.1803000271320343, 0.9443147778511047, 0.9436419022986511, 0.9439385688135541, '00:58']
[6, 0.15919514000415802, 0.16048890352249146, 0.9517338871955872, 0.9509085253008991, 0.9515421452783365, '00:59']
[7, 0.12779389321804047, 0.13237117230892181, 0.9594864845275879, 0.9593660907767706, 0.9593619305413084, '01:01']
[8, 0.10955065488815308, 0.10987665504217148, 0.9667389392852783, 0.966343194830803, 0.9664294084439613, '01:00']
[9, 0.08932313323020935, 0.10109789669513702, 0.9677392244338989, 0.9676768813620645, 0.9676138823627657, '00:58']
[10, 0.07951348274946213, 0.11379518359899521, 0.9645715355873108, 0.964324186433541, 0.9644546585208726, '00:59']
[11, 0.0753154382109642, 0.09633545577526093, 0.9724074602127075, 0.9722795816866838, 0.972131371660771, '00:59']
[12, 0.06369681656360626, 0.09569233655929565, 0.9694064855575562, 0.969076490304586, 0.9693515333041398, '00:59']
[13, 0.052052147686481476, 0.08931024372577667, 0.9726575613021851, 0.9724576833835161, 0.9724787105588015, '00:58']
[14, 0.041140228509902954, 0.08897532522678375, 0.972740888595581, 0.9724676334130828, 0.9725107609378396, '00:58']
[15, 0.03465653955936432, 0.08508589118719101, 0.9740747213363647, 0.9739100167649509, 0.9738300767950904, '00:58']
[16, 0.0272248275578022, 0.07827319949865341, 0.9769923090934753, 0.9768377371599074, 0.9768331082558188, '00:56']
[17, 0.026440178975462914, 0.09262249618768692, 0.9724908471107483, 0.972103794090561, 0.972247527236884, '00:58']
[18, 0.018192902207374573, 0.08445614576339722, 0.9775758385658264, 0.9773669957699139, 0.9774047529541976, '00:58']
[19, 0.013501320965588093, 0.08351817727088928, 0.9773257970809937, 0.9770059857566202, 0.9771915363322876, '00:59']
[20, 0.01104243379086256, 0.08346645534038544, 0.977825939655304, 0.9777701436747627, 0.9776920346620794, '01:00']
[21, 0.009829002432525158, 0.08171830326318741, 0.9787428975105286, 0.9786359164339007, 0.9786309840678408, '00:59']
No improvement since epoch 16: early stopping

Tiempo de entrenamiento: 1421.68 segundos
/mnt/homeGPU/haoweihu/TFG/lib/python3.10/site-packages/fastai/learner.py:455: UserWarning: load_learner` uses Python's insecure pickle module, which can execute malicious arbitrary code when loading. Only load files you trust.
If you only need to load model weights and optimizer state, use the safe `Learner.load` instead.
  warn("load_learner` uses Python's insecure pickle module, which can execute malicious arbitrary code when loading. Only load files you trust.\nIf you only need to load model weights and optimizer state, use the safe `Learner.load` instead.")
Loss: 0.0817
Accuracy: 0.9787
Recall: 0.9786
F1-Score: 0.9786
Loss: 0.06308446824550629
Accuracy: 0.9820713400840759
Recall (macro): 0.9819088189180191
F1 Score (macro): 0.9819423387504363
