---------------------------------------------------------------------------
--------------------------MNIST DISTILLED 01--------------------------------
---------------------------------------------------------------------------
---------------------------------------------------------------------------
Ejecutando: mnist_dist1_ex1
---------------------------------------------------------------------------
Número total de imágenes en entrenamiento: 9714
Número total de imágenes en validación: 11996

Clases: ['0', '1', '2', '3', '4', '5', '6', '7', '8', '9']
[0, 2.2765419483184814, 2.2512922286987305, 0.3007669150829315, 0.2954432792623217, 0.24116793433679157, '02:38']
[1, 1.5116629600524902, 0.9205688834190369, 0.78359454870224, 0.7784732568023076, 0.7758176138658637, '01:00']
[2, 0.5522777438163757, 0.444072961807251, 0.8682894110679626, 0.8672930644622092, 0.8668365178328978, '01:04']
[3, 0.3668023943901062, 0.31479424238204956, 0.9022173881530762, 0.9006120551396494, 0.9016184352551175, '01:00']
[4, 0.25953981280326843, 0.2312983125448227, 0.9286428689956665, 0.9280977453257757, 0.9283717307890699, '01:01']
[5, 0.1976252794265747, 0.18951289355754852, 0.9398966431617737, 0.9392531109171041, 0.9393404562369316, '01:01']
[6, 0.1617303043603897, 0.17001301050186157, 0.9488162994384766, 0.9488817125827579, 0.9488464131682701, '01:00']
[7, 0.1295204609632492, 0.1234138011932373, 0.9611537456512451, 0.960716563159853, 0.9606972132293008, '01:01']
[8, 0.10312560945749283, 0.11935961246490479, 0.9639880061149597, 0.9636157101521808, 0.9637703026059198, '01:01']
[9, 0.09924940764904022, 0.13131694495677948, 0.9574024677276611, 0.9573221927032461, 0.9569248520778911, '01:02']
[10, 0.08505300432443619, 0.12909534573554993, 0.9604868292808533, 0.9601666807611628, 0.9602939508916416, '01:04']
[11, 0.06626425683498383, 0.08956804126501083, 0.9719906449317932, 0.9714552099075993, 0.9716385198446911, '01:01']
[12, 0.06248248368501663, 0.104319728910923, 0.9679893255233765, 0.9673371021713327, 0.9676661080867458, '01:06']
[13, 0.05077748745679855, 0.09352327883243561, 0.9729076623916626, 0.9723146213299112, 0.9726911429747783, '01:01']
[14, 0.046432167291641235, 0.09373448044061661, 0.9724908471107483, 0.9721274080102884, 0.9722729909736152, '01:03']
[15, 0.02786271646618843, 0.09236082434654236, 0.9725741744041443, 0.9722134238146205, 0.9722876511551414, '01:00']
[16, 0.0304449163377285, 0.09096220880746841, 0.973991334438324, 0.9736270653097499, 0.9737024055046225, '01:02']
No improvement since epoch 11: early stopping

Tiempo de entrenamiento: 1152.65 segundos
/mnt/homeGPU/haoweihu/TFG/lib/python3.10/site-packages/fastai/learner.py:455: UserWarning: load_learner` uses Python's insecure pickle module, which can execute malicious arbitrary code when loading. Only load files you trust.
If you only need to load model weights and optimizer state, use the safe `Learner.load` instead.
  warn("load_learner` uses Python's insecure pickle module, which can execute malicious arbitrary code when loading. Only load files you trust.\nIf you only need to load model weights and optimizer state, use the safe `Learner.load` instead.")
Loss: 0.0910
Accuracy: 0.9740
Recall: 0.9736
F1-Score: 0.9737
Loss: 6.329498767852783
Accuracy: 0.11227964609861374
Recall (macro): 0.11233254001822464
F1 Score (macro): 0.06020790686161307
---------------------------------------------------------------------------
Ejecutando: mnist_dist1_ex2
---------------------------------------------------------------------------
Número total de imágenes en entrenamiento: 9714
Número total de imágenes en validación: 11996

Clases: ['0', '1', '2', '3', '4', '5', '6', '7', '8', '9']
[0, 2.272219657897949, 2.2448573112487793, 0.14338113367557526, 0.13670424314393512, 0.07337984656750703, '02:39']
[1, 1.6564984321594238, 1.1268055438995361, 0.7190729975700378, 0.7087790963471233, 0.676543298834106, '01:02']
[2, 0.6239158511161804, 0.4823968708515167, 0.8557019233703613, 0.8529950602237106, 0.8525692693686123, '01:00']
[3, 0.3811977803707123, 0.330272376537323, 0.8992997407913208, 0.898284812395195, 0.8979054650931693, '01:01']
[4, 0.2854156792163849, 0.2596619725227356, 0.9223074316978455, 0.9213522147845431, 0.9217919273479863, '00:59']
[5, 0.20988209545612335, 0.21029458940029144, 0.9348949790000916, 0.9337187291597953, 0.9343039975958296, '01:01']
[6, 0.16975077986717224, 0.18111251294612885, 0.9413971304893494, 0.9410168188522414, 0.9407356339353752, '01:02']
[7, 0.14442680776119232, 0.14636021852493286, 0.9537345767021179, 0.9530963391279705, 0.9535170306478997, '01:04']
[8, 0.11887539178133011, 0.13702207803726196, 0.9538179636001587, 0.9532060832600541, 0.953639822574362, '01:02']
[9, 0.10370850563049316, 0.11738109588623047, 0.9631543755531311, 0.9624416493458654, 0.9629348965743393, '01:03']
[10, 0.09167838096618652, 0.11009055376052856, 0.9649049639701843, 0.9645585132440356, 0.9645826960455413, '01:11']
[11, 0.07385453581809998, 0.10264333337545395, 0.9672390818595886, 0.9670172160747471, 0.9671500573403682, '01:03']
[12, 0.06277317553758621, 0.09791538864374161, 0.9716572165489197, 0.9716405244351705, 0.9715151669101664, '01:01']
[13, 0.05308990180492401, 0.10382581502199173, 0.9669889807701111, 0.9669219397978562, 0.9667439910215601, '01:03']
[14, 0.03794988989830017, 0.08957264572381973, 0.972740888595581, 0.972825771413363, 0.9726181380978574, '01:02']
[15, 0.03527184575796127, 0.09613317996263504, 0.9714071154594421, 0.9710278223930381, 0.9711878696207629, '01:02']
[16, 0.02677510492503643, 0.09141608327627182, 0.974658191204071, 0.9742483854037725, 0.9744123565281345, '01:01']
[17, 0.02627883106470108, 0.09175662696361542, 0.9749916791915894, 0.9746230411516607, 0.9747713824986807, '01:01']
[18, 0.018075328320264816, 0.10170819610357285, 0.9726575613021851, 0.9719294965092976, 0.9724170891384991, '01:01']
[19, 0.016885975375771523, 0.08338283002376556, 0.9774925112724304, 0.9772725364275671, 0.9773025066889778, '01:02']
[20, 0.011846624314785004, 0.08740918338298798, 0.9779926538467407, 0.977891899830607, 0.9778467370736491, '01:03']
[21, 0.009923066943883896, 0.0887458398938179, 0.9774091243743896, 0.9772611380518195, 0.977230939676771, '01:01']
[22, 0.006518092937767506, 0.09285829216241837, 0.9777425527572632, 0.977425872746756, 0.9775647952584819, '01:02']
[23, 0.0049783349968492985, 0.09108178317546844, 0.977825939655304, 0.9776886853746101, 0.9776740264188815, '01:03']
[24, 0.0034753959625959396, 0.0886419340968132, 0.9794931411743164, 0.9793055189043631, 0.9793359034710672, '01:00']
No improvement since epoch 19: early stopping

Tiempo de entrenamiento: 1658.60 segundos
/mnt/homeGPU/haoweihu/TFG/lib/python3.10/site-packages/fastai/learner.py:455: UserWarning: load_learner` uses Python's insecure pickle module, which can execute malicious arbitrary code when loading. Only load files you trust.
If you only need to load model weights and optimizer state, use the safe `Learner.load` instead.
  warn("load_learner` uses Python's insecure pickle module, which can execute malicious arbitrary code when loading. Only load files you trust.\nIf you only need to load model weights and optimizer state, use the safe `Learner.load` instead.")
Loss: 0.0886
Accuracy: 0.9795
Recall: 0.9793
F1-Score: 0.9793
Loss: 13.018473625183105
Accuracy: 0.053285256028175354
Recall (macro): 0.053300949688615165
F1 Score (macro): 0.03876701364261478
---------------------------------------------------------------------------
Ejecutando: mnist_dist1_ex3
---------------------------------------------------------------------------
Número total de imágenes en entrenamiento: 9714
Número total de imágenes en validación: 11996

Clases: ['0', '1', '2', '3', '4', '5', '6', '7', '8', '9']
[0, 2.254270076751709, 2.211257219314575, 0.5169222950935364, 0.5069601432644429, 0.4773578170865533, '02:27']
[1, 1.4872063398361206, 0.976950466632843, 0.7510836720466614, 0.7453225840790358, 0.7375817742711753, '01:00']
[2, 0.6234763860702515, 0.4973408281803131, 0.8579526543617249, 0.8563140240450229, 0.8563061377602021, '01:03']
[3, 0.38248735666275024, 0.34401142597198486, 0.8974658250808716, 0.8964558462194386, 0.8969085851428688, '01:00']
[4, 0.27394554018974304, 0.263481080532074, 0.9213904738426208, 0.9196988696728965, 0.9204324802778636, '01:02']
[5, 0.22783271968364716, 0.1954696625471115, 0.9418139457702637, 0.941528404624967, 0.9414422891316099, '01:03']
[6, 0.16708800196647644, 0.18215924501419067, 0.9431477189064026, 0.9420453322017224, 0.9426171024229868, '01:09']
[7, 0.1348079890012741, 0.1499004065990448, 0.9539846777915955, 0.9537539602502608, 0.9534106590597927, '01:09']
[8, 0.11636613309383392, 0.13135720789432526, 0.9609869718551636, 0.9609310526323418, 0.9607477051053739, '01:02']
[9, 0.09339375793933868, 0.11351217329502106, 0.9655718803405762, 0.9652508500910134, 0.9654323323433097, '01:01']
[10, 0.08991332352161407, 0.10516861826181412, 0.9681560397148132, 0.967590979706905, 0.9678661908876289, '01:03']
[11, 0.07546050101518631, 0.10162589699029922, 0.9690729975700378, 0.9687355647405532, 0.9688341234273024, '01:00']
[12, 0.05817749723792076, 0.09813296049833298, 0.9706568717956543, 0.9705126703057445, 0.9704663612519226, '01:03']
[13, 0.05525542423129082, 0.09952355176210403, 0.9684061408042908, 0.9684817185262966, 0.9682746617995628, '01:04']
[14, 0.044755153357982635, 0.10471126437187195, 0.9696565270423889, 0.9696666902794039, 0.9695063852207921, '01:04']
[15, 0.04447498545050621, 0.09174028784036636, 0.9731577038764954, 0.9729157283482699, 0.9730437967958252, '01:02']
[16, 0.03481753543019295, 0.09642872959375381, 0.9710736870765686, 0.9708524877874531, 0.9708769293277084, '01:03']
[17, 0.02731095813214779, 0.0919174775481224, 0.9738246202468872, 0.9736912527082628, 0.9736752227347434, '01:02']
[18, 0.018489334732294083, 0.10130103677511215, 0.972740888595581, 0.9728651725353574, 0.9726146565563297, '01:02']
[19, 0.015947330743074417, 0.10129448771476746, 0.9742414355278015, 0.9739838095128193, 0.9739792583206366, '01:02']
[20, 0.01152636855840683, 0.09571291506290436, 0.9744914770126343, 0.9743063813331745, 0.9743111717750658, '01:02']
No improvement since epoch 15: early stopping

Tiempo de entrenamiento: 1415.01 segundos
/mnt/homeGPU/haoweihu/TFG/lib/python3.10/site-packages/fastai/learner.py:455: UserWarning: load_learner` uses Python's insecure pickle module, which can execute malicious arbitrary code when loading. Only load files you trust.
If you only need to load model weights and optimizer state, use the safe `Learner.load` instead.
  warn("load_learner` uses Python's insecure pickle module, which can execute malicious arbitrary code when loading. Only load files you trust.\nIf you only need to load model weights and optimizer state, use the safe `Learner.load` instead.")
Loss: 0.0957
Accuracy: 0.9745
Recall: 0.9743
F1-Score: 0.9743
Loss: 9.140998840332031
Accuracy: 0.08844150602817535
Recall (macro): 0.0884078700673141
F1 Score (macro): 0.04788987859809159
---------------------------------------------------------------------------
--------------------------distilld 02-----------------------------
---------------------------------------------------------------------------
---------------------------------------------------------------------------
Ejecutando: mnist_dist2_ex1
---------------------------------------------------------------------------
Número total de imágenes en entrenamiento: 9663
Número total de imágenes en validación: 11996

Clases: ['0', '1', '2', '3', '4', '5', '6', '7', '8', '9']
[0, 2.2824833393096924, 2.262329578399658, 0.2816772162914276, 0.2746058810065703, 0.19849412790515913, '02:03']
[1, 1.6330153942108154, 1.111369013786316, 0.7136545777320862, 0.7049567151014704, 0.6909427501548228, '01:02']
[2, 0.6715055108070374, 0.5164329409599304, 0.847032368183136, 0.8441149656675895, 0.8436040173762767, '01:05']
[3, 0.41270190477371216, 0.36814284324645996, 0.8899633288383484, 0.8881466027131244, 0.8883363953744603, '01:00']
[4, 0.31093305349349976, 0.2860918939113617, 0.9139713048934937, 0.9134624987282427, 0.9128762568189026, '01:03']
[5, 0.238257497549057, 0.2304021418094635, 0.9303934574127197, 0.9295433962614726, 0.9298628096702355, '01:00']
[6, 0.18024879693984985, 0.16871698200702667, 0.9494831562042236, 0.9490460972575313, 0.9492433506869838, '01:00']
[7, 0.13710151612758636, 0.15274788439273834, 0.9517338871955872, 0.9514417484380427, 0.9513083209895514, '01:03']
[8, 0.12081853300333023, 0.12625092267990112, 0.9614037871360779, 0.9613387153711092, 0.9611041451957256, '01:03']
[9, 0.09850006550550461, 0.12598033249378204, 0.9609036445617676, 0.9604505414977599, 0.9606971141744527, '01:01']
[10, 0.08269831538200378, 0.10624371469020844, 0.9677392244338989, 0.9675551897618648, 0.9675578240499112, '01:02']
[11, 0.07104840874671936, 0.11238514631986618, 0.9661554098129272, 0.9660221794039895, 0.9661251746619376, '01:02']
[12, 0.05981630086898804, 0.09449579566717148, 0.9714905023574829, 0.9715899618292528, 0.9713452876635771, '01:01']
[13, 0.053931478410959244, 0.10226040333509445, 0.9684061408042908, 0.9686332208011944, 0.9682612890852458, '01:02']
[14, 0.04498208314180374, 0.09103494137525558, 0.97215735912323, 0.9720339994921249, 0.9720125336060983, '01:02']
[15, 0.03390186280012131, 0.10522710531949997, 0.9704068303108215, 0.9703904897999385, 0.9702938671385526, '01:02']
[16, 0.028230536729097366, 0.08936256170272827, 0.9736579060554504, 0.9734666987889297, 0.9735921330534817, '01:04']
[17, 0.022282807156443596, 0.10698042064905167, 0.9710736870765686, 0.9710289744153936, 0.9709251316577587, '01:00']
[18, 0.021624257788062096, 0.10626628994941711, 0.9704068303108215, 0.9701155174306825, 0.9702286696015993, '01:03']
[19, 0.01876433752477169, 0.09026701748371124, 0.9754918217658997, 0.9751988999031826, 0.9753649687783226, '01:03']
[20, 0.010926714166998863, 0.0942394807934761, 0.9764087796211243, 0.9763461896466612, 0.976285014889622, '01:01']
[21, 0.00873503740876913, 0.09834863245487213, 0.9755752086639404, 0.9755512845930558, 0.9754095865952165, '01:06']
No improvement since epoch 16: early stopping

Tiempo de entrenamiento: 1439.56 segundos
/mnt/homeGPU/haoweihu/TFG/lib/python3.10/site-packages/fastai/learner.py:455: UserWarning: load_learner` uses Python's insecure pickle module, which can execute malicious arbitrary code when loading. Only load files you trust.
If you only need to load model weights and optimizer state, use the safe `Learner.load` instead.
  warn("load_learner` uses Python's insecure pickle module, which can execute malicious arbitrary code when loading. Only load files you trust.\nIf you only need to load model weights and optimizer state, use the safe `Learner.load` instead.")
Loss: 0.0983
Accuracy: 0.9756
Recall: 0.9756
F1-Score: 0.9754
Loss: 8.742562294006348
Accuracy: 0.10386618226766586
Recall (macro): 0.10387401992861345
F1 Score (macro): 0.09011608545178267
---------------------------------------------------------------------------
--------------------------distilld 04-----------------------------
---------------------------------------------------------------------------
---------------------------------------------------------------------------
Ejecutando: mnist_dist4_ex1
---------------------------------------------------------------------------
Número total de imágenes en entrenamiento: 9634
Número total de imágenes en validación: 11996

Clases: ['0', '1', '2', '3', '4', '5', '6', '7', '8', '9']
[0, 2.2861437797546387, 2.2681992053985596, 0.20956985652446747, 0.20175681661862402, 0.12239553023228963, '02:10']
[1, 1.7264291048049927, 1.2198314666748047, 0.6833111047744751, 0.6745071268242401, 0.6513167609287794, '01:00']
[2, 0.683437705039978, 0.5293260216712952, 0.8400300145149231, 0.8372617717925974, 0.837346836316124, '01:02']
[3, 0.42981359362602234, 0.3965759873390198, 0.8817105889320374, 0.8803202545402057, 0.8813297267240119, '01:02']
[4, 0.31519487500190735, 0.3034936785697937, 0.9080526828765869, 0.907322356863952, 0.9075683214460184, '01:02']
[5, 0.25023138523101807, 0.2511693835258484, 0.9180560111999512, 0.9172935402291242, 0.9170504192814628, '01:01']
[6, 0.20568032562732697, 0.23184692859649658, 0.9273090958595276, 0.9260803751791411, 0.9262471349469561, '01:02']
[7, 0.15831616520881653, 0.17834708094596863, 0.9415638446807861, 0.9408810764459721, 0.941506286632055, '01:01']
[8, 0.1474507600069046, 0.14085128903388977, 0.956235408782959, 0.9558488639965235, 0.9561303032125071, '01:02']
[9, 0.1214473694562912, 0.1377222090959549, 0.9589029550552368, 0.9587183571799505, 0.9588856423111711, '01:03']
[10, 0.10212761908769608, 0.10800892114639282, 0.9678226113319397, 0.9675067351981024, 0.9677173681734981, '01:01']
[11, 0.08500135689973831, 0.10586478561162949, 0.9687395691871643, 0.9685871413031613, 0.9686558975912192, '01:01']
[12, 0.06818930804729462, 0.1016790047287941, 0.9705735445022583, 0.9705049184594797, 0.9704097371054099, '01:10']
[13, 0.06099346652626991, 0.1122581735253334, 0.9659053087234497, 0.9656833209576725, 0.9657994246863882, '01:01']
[14, 0.05499328300356865, 0.09815654158592224, 0.9699066281318665, 0.9698060058385088, 0.9698784758937119, '01:02']
[15, 0.0455639511346817, 0.10871758311986923, 0.9710736870765686, 0.9708827590263447, 0.9709187155928938, '01:03']
[16, 0.035049013793468475, 0.09879257529973984, 0.9732410907745361, 0.9729844753785392, 0.9730854495248218, '01:03']
[17, 0.0320793092250824, 0.0930357351899147, 0.973991334438324, 0.9738906558288927, 0.9738880730944383, '01:06']
[18, 0.02133602648973465, 0.1002834290266037, 0.97215735912323, 0.9720928668113278, 0.9720694886551703, '01:02']
[19, 0.01617514155805111, 0.11210016906261444, 0.9714905023574829, 0.9717098104501283, 0.9713731481797432, '01:05']
[20, 0.013412103056907654, 0.1018054261803627, 0.9739079475402832, 0.973682715456149, 0.9738490181299453, '01:03']
[21, 0.009788068011403084, 0.10854315757751465, 0.9734078049659729, 0.9732934761466755, 0.9733171921428131, '01:01']
[22, 0.006435753777623177, 0.11327119916677475, 0.9737412333488464, 0.9736414760445428, 0.9736139043020897, '01:00']
No improvement since epoch 17: early stopping

Tiempo de entrenamiento: 1516.20 segundos
/mnt/homeGPU/haoweihu/TFG/lib/python3.10/site-packages/fastai/learner.py:455: UserWarning: load_learner` uses Python's insecure pickle module, which can execute malicious arbitrary code when loading. Only load files you trust.
If you only need to load model weights and optimizer state, use the safe `Learner.load` instead.
  warn("load_learner` uses Python's insecure pickle module, which can execute malicious arbitrary code when loading. Only load files you trust.\nIf you only need to load model weights and optimizer state, use the safe `Learner.load` instead.")
Loss: 0.1133
Accuracy: 0.9737
Recall: 0.9736
F1-Score: 0.9736
Loss: 7.727601528167725
Accuracy: 0.12299679219722748
Recall (macro): 0.12285582983501689
F1 Score (macro): 0.0690356741605225

mail: cannot send message: Process exited with a non-zero status
