---------------------------------------------------------------------------
--------------------------MNIST DISTILLED 01--------------------------------
---------------------------------------------------------------------------
---------------------------------------------------------------------------
Ejecutando: mnist_dist1_ex1
---------------------------------------------------------------------------
Número total de imágenes en entrenamiento: 9714
Número total de imágenes en validación: 11996

Clases: ['0', '1', '2', '3', '4', '5', '6', '7', '8', '9']
[0, 2.2836496829986572, 2.2637312412261963, 0.23249416053295135, 0.22044201691089596, 0.14339287831755138, '02:39']
[1, 1.7351746559143066, 1.2666312456130981, 0.6678892970085144, 0.6607492560024469, 0.6517577753613691, '01:01']
[2, 0.7091839909553528, 0.5501059293746948, 0.8349449634552002, 0.8334783472114854, 0.8346348593722641, '01:01']
[3, 0.4215793013572693, 0.3367597460746765, 0.8955485224723816, 0.894014060995721, 0.8948325070765886, '01:01']
[4, 0.2959325611591339, 0.27778077125549316, 0.9170556664466858, 0.9169921821634567, 0.9163552924456673, '01:01']
[5, 0.24037013947963715, 0.20606648921966553, 0.9373958110809326, 0.9370971095216886, 0.9368191883466233, '01:03']
[6, 0.1811947524547577, 0.16448402404785156, 0.9520673751831055, 0.9517132581898753, 0.9517377075539706, '01:02']
[7, 0.14177678525447845, 0.1389847993850708, 0.9589029550552368, 0.9590424537204703, 0.9586659862565252, '01:00']
[8, 0.10942236334085464, 0.11971414089202881, 0.9618206024169922, 0.9615230465804154, 0.9615308935545295, '01:03']
[9, 0.10031630843877792, 0.11312876641750336, 0.9656552076339722, 0.9652929965582923, 0.9650852926616686, '01:01']
[10, 0.07686597853899002, 0.1259555220603943, 0.96065354347229, 0.9605786523972057, 0.9601733901473223, '01:01']
[11, 0.071912981569767, 0.08574805408716202, 0.9736579060554504, 0.9734724935878415, 0.973400934240152, '01:01']
[12, 0.059727802872657776, 0.07963641732931137, 0.9757419228553772, 0.9755894576991502, 0.9755808429898941, '01:00']
[13, 0.046422429382801056, 0.08947332948446274, 0.9737412333488464, 0.9734296628828061, 0.9734956540855972, '01:01']
[14, 0.04188080132007599, 0.07732858508825302, 0.9769923090934753, 0.976607733560232, 0.9767582555587963, '00:58']
[15, 0.03637128323316574, 0.08149781078100204, 0.9753251075744629, 0.974934771098685, 0.9750775324689887, '01:02']
[16, 0.02524043805897236, 0.08386721462011337, 0.976492166519165, 0.9761593640870068, 0.9762688371011106, '01:00']
[17, 0.02323921024799347, 0.08155764639377594, 0.976492166519165, 0.9761359474764429, 0.9762811342625547, '01:01']
[18, 0.014641816727817059, 0.07675668597221375, 0.9799099564552307, 0.9797331959038507, 0.9797731660740775, '01:00']
[19, 0.013018764555454254, 0.08914948999881744, 0.9783260822296143, 0.9781119876093655, 0.978133596040494, '01:02']
[20, 0.010757792741060257, 0.08035022020339966, 0.979659914970398, 0.9795488123755479, 0.9794945018424697, '01:01']
[21, 0.006533192936331034, 0.08106077462434769, 0.9794931411743164, 0.9793000084037704, 0.979323941919049, '01:01']
[22, 0.005931538064032793, 0.08240616321563721, 0.9787428975105286, 0.9784875737226943, 0.9785476779597356, '01:00']
[23, 0.0037513363640755415, 0.0840061604976654, 0.9805768728256226, 0.9803739981144372, 0.980433676043172, '01:01']
No improvement since epoch 18: early stopping

Tiempo de entrenamiento: 1574.82 segundos
/mnt/homeGPU/haoweihu/TFG/lib/python3.10/site-packages/fastai/learner.py:455: UserWarning: load_learner` uses Python's insecure pickle module, which can execute malicious arbitrary code when loading. Only load files you trust.
If you only need to load model weights and optimizer state, use the safe `Learner.load` instead.
  warn("load_learner` uses Python's insecure pickle module, which can execute malicious arbitrary code when loading. Only load files you trust.\nIf you only need to load model weights and optimizer state, use the safe `Learner.load` instead.")
Loss: 0.0840
Accuracy: 0.9806
Recall: 0.9804
F1-Score: 0.9804
Loss: 0.059099551290273666
Accuracy: 0.984375
Recall (macro): 0.9841925213584022
F1 Score (macro): 0.984227589489685
---------------------------------------------------------------------------
Ejecutando: mnist_dist1_ex2
---------------------------------------------------------------------------
Número total de imágenes en entrenamiento: 9714
Número total de imágenes en validación: 11996

Clases: ['0', '1', '2', '3', '4', '5', '6', '7', '8', '9']
[0, 2.286062717437744, 2.2695493698120117, 0.19056351482868195, 0.1786276327445409, 0.10498513117589403, '02:07']
[1, 1.854910135269165, 1.4080650806427002, 0.6813104152679443, 0.6718014478881849, 0.6396896488004163, '01:01']
[2, 0.6684943437576294, 0.48811575770378113, 0.8567022085189819, 0.853495734148163, 0.8534266948449183, '01:00']
[3, 0.3943253755569458, 0.33738812804222107, 0.902884304523468, 0.9026324240717557, 0.9024377401522315, '01:06']
[4, 0.2699066400527954, 0.2614386975765228, 0.9192230701446533, 0.9186640644298298, 0.9191412221140627, '01:01']
[5, 0.20827774703502655, 0.18619613349437714, 0.9397299289703369, 0.9389140572499098, 0.9389154712644189, '01:02']
[6, 0.16548044979572296, 0.14752307534217834, 0.9541513919830322, 0.9537893882600127, 0.9539313618773626, '01:01']
[7, 0.12030995637178421, 0.14661647379398346, 0.9551517367362976, 0.9546770723981609, 0.9548141888935102, '01:01']
[8, 0.10721182078123093, 0.1190425306558609, 0.9622374176979065, 0.9613708689518502, 0.9619195262966107, '01:02']
[9, 0.08985256403684616, 0.11274971067905426, 0.9633210897445679, 0.9628657135543633, 0.9632207413254508, '01:01']
[10, 0.0775432139635086, 0.10582070797681808, 0.9659886360168457, 0.9660463293057087, 0.9659643918653913, '01:03']
[11, 0.06010344624519348, 0.09583865106105804, 0.9694064855575562, 0.9690476536823718, 0.9692662380405659, '01:01']
[12, 0.05170312896370888, 0.08425986021757126, 0.9736579060554504, 0.9735640918170075, 0.9735215836987603, '01:00']
[13, 0.05167714133858681, 0.08430936187505722, 0.9750750064849854, 0.9746465742865315, 0.9748913752139915, '01:00']
[14, 0.039892565459012985, 0.07965792715549469, 0.9769089818000793, 0.9765045252441842, 0.976789565586978, '01:01']
[15, 0.03287546709179878, 0.0782024934887886, 0.976492166519165, 0.9761946348536107, 0.9764281885631595, '01:05']
[16, 0.02871127612888813, 0.08111614733934402, 0.9773257970809937, 0.9772362256413419, 0.9771950974114187, '01:03']
[17, 0.02300814725458622, 0.07868906110525131, 0.9780760407447815, 0.9779831185947134, 0.9779380618329283, '01:02']
[18, 0.021879738196730614, 0.07617431879043579, 0.9777425527572632, 0.9776073071495686, 0.977641109454102, '01:05']
[19, 0.013729661703109741, 0.09013912826776505, 0.975908637046814, 0.9759965604721834, 0.9757906342475703, '01:03']
[20, 0.008835975080728531, 0.07732203602790833, 0.9789096117019653, 0.9787656830313958, 0.9787878905551303, '01:05']
[21, 0.00793515332043171, 0.08157692849636078, 0.9775758385658264, 0.9773438381684706, 0.9774232385822685, '01:04']
[22, 0.005923752207309008, 0.07774282991886139, 0.9807435870170593, 0.9805780859454994, 0.9806000049079826, '01:03']
[23, 0.0045679002068936825, 0.08136153966188431, 0.9789929986000061, 0.9788375752971673, 0.9788811067429704, '01:02']
No improvement since epoch 18: early stopping

Tiempo de entrenamiento: 1572.85 segundos
/mnt/homeGPU/haoweihu/TFG/lib/python3.10/site-packages/fastai/learner.py:455: UserWarning: load_learner` uses Python's insecure pickle module, which can execute malicious arbitrary code when loading. Only load files you trust.
If you only need to load model weights and optimizer state, use the safe `Learner.load` instead.
  warn("load_learner` uses Python's insecure pickle module, which can execute malicious arbitrary code when loading. Only load files you trust.\nIf you only need to load model weights and optimizer state, use the safe `Learner.load` instead.")
Loss: 0.0814
Accuracy: 0.9790
Recall: 0.9788
F1-Score: 0.9789
Loss: 0.07494975626468658
Accuracy: 0.9805688858032227
Recall (macro): 0.9804319601242257
F1 Score (macro): 0.9804195288392965
---------------------------------------------------------------------------
Ejecutando: mnist_dist1_ex3
---------------------------------------------------------------------------
Número total de imágenes en entrenamiento: 9714
Número total de imágenes en validación: 11996

Clases: ['0', '1', '2', '3', '4', '5', '6', '7', '8', '9']
[0, 2.2918686866760254, 2.2808713912963867, 0.1287095695734024, 0.12985365400883658, 0.05462816637795671, '02:23']
[1, 1.9140113592147827, 1.4374662637710571, 0.686562180519104, 0.6759121588446775, 0.6401762012940269, '01:05']
[2, 0.6420191526412964, 0.46501269936561584, 0.8668723106384277, 0.8653038406083351, 0.864942210404295, '01:01']
[3, 0.3730715215206146, 0.3188968300819397, 0.9063020944595337, 0.905501969602167, 0.9050251278637592, '01:08']
[4, 0.2742050588130951, 0.23617379367351532, 0.9322274327278137, 0.9313237822275136, 0.931604521582655, '01:01']
[5, 0.21058136224746704, 0.20111577212810516, 0.9408969879150391, 0.9406116391722641, 0.9404258796702003, '01:01']
[6, 0.16748616099357605, 0.16321715712547302, 0.9510670304298401, 0.9506831954199282, 0.9505382256896067, '01:12']
[7, 0.1367151439189911, 0.16805462539196014, 0.9511503577232361, 0.9501387256130025, 0.950562943595188, '01:03']
[8, 0.12666329741477966, 0.1610882431268692, 0.9509003162384033, 0.9500886526293261, 0.9506293586530816, '01:00']
[9, 0.09600333869457245, 0.15420778095722198, 0.9512337446212769, 0.950569377352353, 0.9514134592961456, '01:02']
[10, 0.08796612173318863, 0.11335066705942154, 0.9654884934425354, 0.9653051582675362, 0.9653894458395287, '01:01']
[11, 0.08208398520946503, 0.10653336346149445, 0.9668222665786743, 0.9665747462040196, 0.9666645380585932, '01:03']
[12, 0.06511227786540985, 0.10828600078821182, 0.9674891829490662, 0.9673435029534352, 0.9672578828214526, '01:07']
[13, 0.05419418588280678, 0.10309329628944397, 0.9689062833786011, 0.9687784324934153, 0.9687588865997265, '01:18']
[14, 0.05161797255277634, 0.1015496477484703, 0.9708235859870911, 0.9708230820932655, 0.9706640729471652, '01:10']
[15, 0.0451599583029747, 0.0950215607881546, 0.9719073176383972, 0.9720399240767759, 0.9718875349644648, '01:04']
[16, 0.03504554182291031, 0.09051904082298279, 0.9747415781021118, 0.9745696263946201, 0.9746384744404389, '01:06']
[17, 0.032123055309057236, 0.0992460623383522, 0.9714071154594421, 0.971014569807938, 0.9712934618063345, '01:06']
[18, 0.02268136665225029, 0.09230900555849075, 0.9752417206764221, 0.9750907257574124, 0.9751728220364058, '01:08']
[19, 0.015622989274561405, 0.09651908278465271, 0.9752417206764221, 0.9751585898074454, 0.9751400103494838, '01:06']
[20, 0.015408165752887726, 0.10402347147464752, 0.974658191204071, 0.9745383623305794, 0.9745945922801498, '01:06']
[21, 0.010566332377493382, 0.09631868451833725, 0.9769923090934753, 0.9769425042804505, 0.9769619695168721, '01:06']
No improvement since epoch 16: early stopping

Tiempo de entrenamiento: 1527.51 segundos
/mnt/homeGPU/haoweihu/TFG/lib/python3.10/site-packages/fastai/learner.py:455: UserWarning: load_learner` uses Python's insecure pickle module, which can execute malicious arbitrary code when loading. Only load files you trust.
If you only need to load model weights and optimizer state, use the safe `Learner.load` instead.
  warn("load_learner` uses Python's insecure pickle module, which can execute malicious arbitrary code when loading. Only load files you trust.\nIf you only need to load model weights and optimizer state, use the safe `Learner.load` instead.")
Loss: 0.0963
Accuracy: 0.9770
Recall: 0.9769
F1-Score: 0.9770
Loss: 0.0687362551689148
Accuracy: 0.9792668223381042
Recall (macro): 0.9792246432500127
F1 Score (macro): 0.9791962140094894
mail: cannot send message: Process exited with a non-zero status
