---------------------------------------------------------------------------
--------------------------MNIST DISTILLED 10--------------------------------
---------------------------------------------------------------------------
---------------------------------------------------------------------------
Ejecutando: mnist_dist1_only_ex1
---------------------------------------------------------------------------
Número total de imágenes en entrenamiento: 110
Número total de imágenes en validación: 11996

Clases: ['0', '1', '2', '3', '4', '5', '6', '7', '8', '9']
[0, 2.2937867641448975, 2.3020999431610107, 0.11237078905105591, 0.1, 0.020203836930455635, '00:38']
[1, 2.2977066040039062, 2.3018956184387207, 0.11237078905105591, 0.1, 0.020203836930455635, '00:19']
[2, 2.2959256172180176, 2.301471471786499, 0.11237078905105591, 0.1, 0.020203836930455635, '00:24']
[3, 2.2998077869415283, 2.300726890563965, 0.11237078905105591, 0.1, 0.020203836930455635, '00:20']
[4, 2.2996222972869873, 2.299595594406128, 0.11237078905105591, 0.1, 0.020203836930455635, '00:16']
[5, 2.299088954925537, 2.2980539798736572, 0.11237078905105591, 0.1, 0.020203836930455635, '00:16']
[6, 2.2994163036346436, 2.296154499053955, 0.11237078905105591, 0.1, 0.02020686553740069, '00:16']
[7, 2.2998476028442383, 2.2938597202301025, 0.11645548790693283, 0.10407775230369032, 0.028080510181887224, '00:16']
[8, 2.2991175651550293, 2.2913007736206055, 0.2205735296010971, 0.20834371279925928, 0.1213088761496679, '00:16']
[9, 2.2973434925079346, 2.2884256839752197, 0.263921320438385, 0.2516148093765197, 0.11825761117767826, '00:16']
[10, 2.295844316482544, 2.2852096557617188, 0.2383294403553009, 0.22670352531374055, 0.11557641730587909, '00:16']
[11, 2.295494556427002, 2.2813851833343506, 0.21540513634681702, 0.2043595490388758, 0.10867788047817106, '00:16']
[12, 2.293642520904541, 2.276784896850586, 0.20790264010429382, 0.19729912237814706, 0.11005508613520125, '00:16']
[13, 2.29152512550354, 2.2712249755859375, 0.20581860840320587, 0.19545928715612762, 0.11317238249114951, '00:16']
[14, 2.2902214527130127, 2.265101432800293, 0.2061520516872406, 0.19580031561469835, 0.11402327173697206, '00:16']
[15, 2.287680149078369, 2.2590057849884033, 0.2051517218351364, 0.19481414070025801, 0.11145271317493737, '00:16']
[16, 2.2854480743408203, 2.2525415420532227, 0.20531843602657318, 0.1949034519147453, 0.10998956562105504, '00:16']
[17, 2.284728527069092, 2.245882272720337, 0.20698566734790802, 0.1964240419012397, 0.10873551322977337, '00:18']
[18, 2.2826809883117676, 2.2391576766967773, 0.20823608338832855, 0.19755367499546345, 0.10805293932226792, '00:17']
[19, 2.279942750930786, 2.232604742050171, 0.2113204449415207, 0.20046334974557634, 0.1112310536675563, '00:26']
[20, 2.2772538661956787, 2.2264909744262695, 0.21532177925109863, 0.2042695486114788, 0.11571806373887994, '00:19']
[21, 2.274548292160034, 2.2212157249450684, 0.21815605461597443, 0.20700108200383943, 0.11998589348999653, '00:16']
[22, 2.2720859050750732, 2.2167391777038574, 0.22040680050849915, 0.20918073177735214, 0.12279650783481603, '00:16']
[23, 2.26934814453125, 2.2130703926086426, 0.22332444787025452, 0.21199110014573663, 0.1270073107430847, '00:16']
[24, 2.2655513286590576, 2.210188388824463, 0.22540846467018127, 0.21400725079177066, 0.13001662358903301, '00:16']
[25, 2.2629435062408447, 2.208056688308716, 0.22740913927555084, 0.21593972610349116, 0.1330077016997928, '00:16']
[26, 2.259559154510498, 2.2066407203674316, 0.22782593965530396, 0.216346333989453, 0.13367907088200953, '00:16']
[27, 2.257146120071411, 2.205812931060791, 0.22824275493621826, 0.21675294187541483, 0.13427335342186128, '00:16']
[28, 2.2556049823760986, 2.2054340839385986, 0.2284928262233734, 0.2169941248633238, 0.13467351275633746, '00:16']
[29, 2.253610372543335, 2.205339193344116, 0.228576198220253, 0.21707974130167998, 0.13484100963679763, '00:16']

Tiempo de entrenamiento: 549.80 segundos
/mnt/homeGPU/haoweihu/TFG/lib/python3.10/site-packages/fastai/learner.py:455: UserWarning: load_learner` uses Python's insecure pickle module, which can execute malicious arbitrary code when loading. Only load files you trust.
If you only need to load model weights and optimizer state, use the safe `Learner.load` instead.
  warn("load_learner` uses Python's insecure pickle module, which can execute malicious arbitrary code when loading. Only load files you trust.\nIf you only need to load model weights and optimizer state, use the safe `Learner.load` instead.")
Loss: 2.2053
Accuracy: 0.2286
Recall: 0.2171
F1-Score: 0.1348
Loss: 2.2043778896331787
Accuracy: 0.23096954822540283
Recall (macro): 0.21902075639790172
F1 Score (macro): 0.1403245833259569
---------------------------------------------------------------------------
Ejecutando: mnist_dist1_only_ex2
---------------------------------------------------------------------------
Número total de imágenes en entrenamiento: 110
Número total de imágenes en validación: 11996

Clases: ['0', '1', '2', '3', '4', '5', '6', '7', '8', '9']
[0, 2.3048126697540283, 2.303882122039795, 0.09928309172391891, 0.1, 0.018063244104041858, '00:27']
[1, 2.304065465927124, 2.303577184677124, 0.09928309172391891, 0.1, 0.018063244104041858, '00:16']
[2, 2.3024184703826904, 2.3028903007507324, 0.09928309172391891, 0.1, 0.018063244104041858, '00:16']
[3, 2.301666021347046, 2.3018240928649902, 0.09928309172391891, 0.1, 0.018063244104041858, '00:16']
[4, 2.301656484603882, 2.300509214401245, 0.09928309172391891, 0.1, 0.018063244104041858, '00:16']
[5, 2.2995967864990234, 2.2988369464874268, 0.09953317791223526, 0.10027675276752768, 0.018621925220413872, '00:16']
[6, 2.2983407974243164, 2.2966997623443604, 0.10103368014097214, 0.10193726937269372, 0.021643404901323455, '00:16']
[7, 2.2983951568603516, 2.29406476020813, 0.10095031559467316, 0.10185330631643848, 0.021663394018529503, '00:16']
[8, 2.2971904277801514, 2.2911102771759033, 0.10928642749786377, 0.11107839856736099, 0.03311993035027968, '00:16']
[9, 2.2960879802703857, 2.2875571250915527, 0.10628543049097061, 0.10771755845211053, 0.03100817468488498, '00:16']
[10, 2.295017957687378, 2.2830939292907715, 0.12370790541172028, 0.12628017483308737, 0.058270166181145264, '00:16']
[11, 2.293210744857788, 2.277928113937378, 0.16805602610111237, 0.17045715438179926, 0.11781789996322103, '00:16']
[12, 2.2916038036346436, 2.2722902297973633, 0.20873624086380005, 0.21117699816521607, 0.1373796713777031, '00:16']
[13, 2.2896933555603027, 2.2660152912139893, 0.267755925655365, 0.26774220077942135, 0.19294492180313047, '00:16']
[14, 2.2862324714660645, 2.2588303089141846, 0.32010671496391296, 0.3163712508097384, 0.2425491046942838, '00:16']
[15, 2.2832109928131104, 2.2508151531219482, 0.37104034423828125, 0.3637173969469159, 0.28451104095397906, '00:16']
[16, 2.279958486557007, 2.242508888244629, 0.3983827829360962, 0.3900260046778175, 0.31381256904584204, '00:16']
[17, 2.27707576751709, 2.234342336654663, 0.4198899567127228, 0.41019246788755775, 0.32558709855137347, '00:16']
[18, 2.2735605239868164, 2.2262680530548096, 0.4301433861255646, 0.4193415338011395, 0.3267386183581987, '00:16']
[19, 2.2701127529144287, 2.218165397644043, 0.44106370210647583, 0.4296207471645226, 0.3330572126419221, '00:16']
[20, 2.2662863731384277, 2.2104904651641846, 0.44798266887664795, 0.4361153824403036, 0.33657139103206135, '00:16']
[21, 2.263059377670288, 2.2035105228424072, 0.45490163564682007, 0.4428111269966757, 0.3448384224688705, '00:16']
[22, 2.2587108612060547, 2.1973376274108887, 0.45956987142562866, 0.4474242860456513, 0.3504438653883303, '00:16']
[23, 2.2544291019439697, 2.1921794414520264, 0.4614037871360779, 0.4491690340569777, 0.3513798062790137, '00:16']
[24, 2.2505195140838623, 2.188105821609497, 0.4608202874660492, 0.4485284232878639, 0.34988414050738487, '00:16']
[25, 2.2461960315704346, 2.185157060623169, 0.46107035875320435, 0.44876119589485464, 0.3503783959902658, '00:16']
[26, 2.2416090965270996, 2.18318247795105, 0.4608202874660492, 0.44849444619911233, 0.34982879289902996, '00:16']
[27, 2.2379965782165527, 2.182041883468628, 0.4603201150894165, 0.4479737238394236, 0.3491623227558219, '00:16']
[28, 2.2342493534088135, 2.1815223693847656, 0.46057018637657166, 0.44819890257695993, 0.3491934931623145, '00:16']
[29, 2.231912851333618, 2.181391716003418, 0.46057018637657166, 0.44820097740368114, 0.3492951598029831, '00:16']

Tiempo de entrenamiento: 511.32 segundos
/mnt/homeGPU/haoweihu/TFG/lib/python3.10/site-packages/fastai/learner.py:455: UserWarning: load_learner` uses Python's insecure pickle module, which can execute malicious arbitrary code when loading. Only load files you trust.
If you only need to load model weights and optimizer state, use the safe `Learner.load` instead.
  warn("load_learner` uses Python's insecure pickle module, which can execute malicious arbitrary code when loading. Only load files you trust.\nIf you only need to load model weights and optimizer state, use the safe `Learner.load` instead.")
Loss: 2.1814
Accuracy: 0.4606
Recall: 0.4482
F1-Score: 0.3493
Loss: 2.179281234741211
Accuracy: 0.4585336446762085
Recall (macro): 0.44600850117457985
F1 Score (macro): 0.3490486002932231
---------------------------------------------------------------------------
Ejecutando: mnist_dist1_only_ex3
---------------------------------------------------------------------------
Número total de imágenes en entrenamiento: 110
Número total de imágenes en validación: 11996

Clases: ['0', '1', '2', '3', '4', '5', '6', '7', '8', '9']
[0, 2.309089422225952, 2.3062708377838135, 0.09036345779895782, 0.1, 0.01657492354740061, '00:22']
[1, 2.3096721172332764, 2.3059887886047363, 0.09036345779895782, 0.1, 0.01657492354740061, '00:16']
[2, 2.3094263076782227, 2.305352210998535, 0.09036345779895782, 0.1, 0.01657492354740061, '00:16']
[3, 2.3087759017944336, 2.304286479949951, 0.09036345779895782, 0.1, 0.01657492354740061, '00:16']
[4, 2.3059749603271484, 2.302722454071045, 0.09036345779895782, 0.1, 0.01657492354740061, '00:16']
[5, 2.305593252182007, 2.30055570602417, 0.09036345779895782, 0.1, 0.01657492354740061, '00:16']
[6, 2.304708480834961, 2.2981154918670654, 0.09036345779895782, 0.1, 0.01657492354740061, '00:16']
[7, 2.303948402404785, 2.2952158451080322, 0.09036345779895782, 0.1, 0.01657619084027831, '00:16']
[8, 2.3017776012420654, 2.291900634765625, 0.09036345779895782, 0.1, 0.016581261950286807, '00:16']
[9, 2.3020637035369873, 2.2879905700683594, 0.09036345779895782, 0.1, 0.016662823764506958, '00:16']
[10, 2.3000285625457764, 2.2835965156555176, 0.10603534430265427, 0.11424487377963255, 0.04293215573510243, '00:16']
[11, 2.2974374294281006, 2.278578281402588, 0.17272424697875977, 0.17636177646941556, 0.12683354469741692, '00:16']
[12, 2.296069383621216, 2.2728919982910156, 0.23957985639572144, 0.24082300860892336, 0.18646605201795682, '00:16']
[13, 2.294264793395996, 2.2666218280792236, 0.2924308180809021, 0.29150633233836687, 0.21129669638917328, '00:16']
[14, 2.2921078205108643, 2.2599635124206543, 0.32302433252334595, 0.31941698180434314, 0.229897189160411, '00:16']
[15, 2.289823532104492, 2.2526721954345703, 0.3483661115169525, 0.342955872469433, 0.2610408334439557, '00:16']
[16, 2.286504030227661, 2.2449100017547607, 0.3446148633956909, 0.3371530556257577, 0.26884291101708085, '00:16']
[17, 2.2835943698883057, 2.2366461753845215, 0.3361954092979431, 0.3279910999273872, 0.269390578658639, '00:16']
[18, 2.279980421066284, 2.2281250953674316, 0.3287762701511383, 0.3204668376621663, 0.2657989234792039, '00:16']
[19, 2.2763185501098633, 2.2197787761688232, 0.32202401757240295, 0.31373303210266046, 0.2619173938812076, '00:16']
[20, 2.272169828414917, 2.212066888809204, 0.316355437040329, 0.30823179609205825, 0.25856471778750584, '00:16']
[21, 2.2683050632476807, 2.2051944732666016, 0.31468823552131653, 0.3065424416460062, 0.25755641857573325, '00:16']
[22, 2.264885425567627, 2.1992461681365967, 0.3166888952255249, 0.3085650916385748, 0.2597630456950214, '00:16']
[23, 2.261322498321533, 2.194359302520752, 0.3195231854915619, 0.31137673252113196, 0.26209747529449345, '00:16']
[24, 2.25809383392334, 2.190500497817993, 0.3241080343723297, 0.3159960791530567, 0.266846823843084, '00:16']
[25, 2.254382848739624, 2.1876907348632812, 0.32544180750846863, 0.31738122721370915, 0.2676607652903658, '00:16']
[26, 2.2504241466522217, 2.1858150959014893, 0.32669222354888916, 0.3186317067820672, 0.2684634630038444, '00:16']
[27, 2.246541976928711, 2.1847267150878906, 0.32710903882980347, 0.31903352319922196, 0.2687136239994714, '00:16']
[28, 2.2432098388671875, 2.1842353343963623, 0.3273591101169586, 0.3192903725142905, 0.2689375014254342, '00:16']
[29, 2.239851713180542, 2.1841118335723877, 0.3273591101169586, 0.3192903725142905, 0.268895903708785, '00:16']

Tiempo de entrenamiento: 505.13 segundos
/mnt/homeGPU/haoweihu/TFG/lib/python3.10/site-packages/fastai/learner.py:455: UserWarning: load_learner` uses Python's insecure pickle module, which can execute malicious arbitrary code when loading. Only load files you trust.
If you only need to load model weights and optimizer state, use the safe `Learner.load` instead.
  warn("load_learner` uses Python's insecure pickle module, which can execute malicious arbitrary code when loading. Only load files you trust.\nIf you only need to load model weights and optimizer state, use the safe `Learner.load` instead.")
Loss: 2.1841
Accuracy: 0.3274
Recall: 0.3193
F1-Score: 0.2689
Loss: 2.1823487281799316
Accuracy: 0.3259214758872986
Recall (macro): 0.3169652557805918
F1 Score (macro): 0.26441970289108513
---------------------------------------------------------------------------
--------------------------fmnist distilld 01-----------------------------
---------------------------------------------------------------------------
---------------------------------------------------------------------------
Ejecutando: fmnist_dist1_only_ex1
---------------------------------------------------------------------------
Número total de imágenes en entrenamiento: 100
Número total de imágenes en validación: 12000

Clases: ['Ankle boot', 'Bag', 'Coat', 'Dress', 'Pullover', 'Sandal', 'Shirt', 'Sneaker', 'T-shirt', 'Trouser']
[0, 2.302171468734741, 2.3031721115112305, 0.10016666352748871, 0.10016666666666665, 0.018637031381666346, '00:21']
[1, 2.3034415245056152, 2.3029139041900635, 0.10016666352748871, 0.10016666666666665, 0.018663919677329693, '00:16']
[2, 2.3034746646881104, 2.302367687225342, 0.09983333200216293, 0.09983333333333334, 0.018933252413172216, '00:16']
[3, 2.3013789653778076, 2.3015518188476562, 0.09991666674613953, 0.09991666666666667, 0.01955651124135284, '00:16']
[4, 2.301365852355957, 2.3004062175750732, 0.10275000333786011, 0.10275000000000001, 0.025079479037501035, '00:16']
[5, 2.301255226135254, 2.2988784313201904, 0.10483333468437195, 0.10483333333333333, 0.026115165967840304, '00:16']
[6, 2.3012027740478516, 2.296998977661133, 0.10191666334867477, 0.10191666666666666, 0.021801937750037883, '00:16']
[7, 2.300387382507324, 2.2949368953704834, 0.10016666352748871, 0.10016666666666667, 0.018526181241737105, '00:17']
[8, 2.2999682426452637, 2.2922611236572266, 0.10000000149011612, 0.1, 0.01818181818181818, '00:16']
[9, 2.299126625061035, 2.2889487743377686, 0.10575000196695328, 0.10575000000000001, 0.02915206341336159, '00:16']
[10, 2.298038959503174, 2.2850534915924072, 0.12333333492279053, 0.12333333333333334, 0.0564136892310267, '00:16']
[11, 2.296323537826538, 2.280672788619995, 0.15433333814144135, 0.15433333333333335, 0.0891740323166232, '00:17']
[12, 2.294358015060425, 2.2760071754455566, 0.18324999511241913, 0.18325, 0.0988513705920798, '00:16']
[13, 2.292757272720337, 2.2704968452453613, 0.2254166603088379, 0.22541666666666665, 0.12199464890859604, '00:16']
[14, 2.290771484375, 2.2641360759735107, 0.2409999966621399, 0.24100000000000002, 0.13715054406702792, '00:16']
[15, 2.2887070178985596, 2.257145881652832, 0.2396666705608368, 0.23966666666666664, 0.14242843878273792, '00:16']
[16, 2.2861568927764893, 2.2492783069610596, 0.22733333706855774, 0.22733333333333333, 0.141162589652773, '00:16']
[17, 2.283844232559204, 2.2410004138946533, 0.2199166715145111, 0.21991666666666668, 0.15256153146453638, '00:16']
[18, 2.281407117843628, 2.2329611778259277, 0.2797499895095825, 0.27975000000000005, 0.2285203345322669, '00:16']
[19, 2.2779996395111084, 2.22550106048584, 0.312583327293396, 0.3125833333333333, 0.2738249194418084, '00:16']
[20, 2.274695634841919, 2.2187137603759766, 0.35199999809265137, 0.352, 0.3196348823129888, '00:16']
[21, 2.2710602283477783, 2.212594985961914, 0.36933332681655884, 0.36933333333333335, 0.33735518713558554, '00:16']
[22, 2.267834424972534, 2.207278251647949, 0.38475000858306885, 0.38475, 0.3525919598029355, '00:16']
[23, 2.264106273651123, 2.20284366607666, 0.3935833275318146, 0.3935833333333333, 0.3610039033407219, '00:16']
[24, 2.2608087062835693, 2.1993329524993896, 0.39925000071525574, 0.39925, 0.3674474498498891, '00:17']
[25, 2.257694959640503, 2.196716547012329, 0.4026666581630707, 0.4026666666666666, 0.3708963266620099, '00:18']
[26, 2.254405975341797, 2.1949450969696045, 0.406083345413208, 0.4060833333333334, 0.37439934474455505, '00:17']
[27, 2.2514195442199707, 2.193904399871826, 0.40941667556762695, 0.4094166666666667, 0.3774665296653494, '00:16']
[28, 2.2481751441955566, 2.1934335231781006, 0.41066667437553406, 0.4106666666666666, 0.37859283463624477, '00:18']
[29, 2.245180130004883, 2.193312406539917, 0.41058334708213806, 0.4105833333333333, 0.3784028035860464, '00:17']

Tiempo de entrenamiento: 514.45 segundos
/mnt/homeGPU/haoweihu/TFG/lib/python3.10/site-packages/fastai/learner.py:455: UserWarning: load_learner` uses Python's insecure pickle module, which can execute malicious arbitrary code when loading. Only load files you trust.
If you only need to load model weights and optimizer state, use the safe `Learner.load` instead.
  warn("load_learner` uses Python's insecure pickle module, which can execute malicious arbitrary code when loading. Only load files you trust.\nIf you only need to load model weights and optimizer state, use the safe `Learner.load` instead.")
Loss: 2.1933
Accuracy: 0.4106
Recall: 0.4106
F1-Score: 0.3784
Loss: 2.2201786041259766
Accuracy: 0.34975960850715637
Recall (macro): 0.3495219399760482
F1 Score (macro): 0.30348742209609186
---------------------------------------------------------------------------
Ejecutando: fmnist_dist1_only_ex2
---------------------------------------------------------------------------
Número total de imágenes en entrenamiento: 100
Número total de imágenes en validación: 12000

Clases: ['Ankle boot', 'Bag', 'Coat', 'Dress', 'Pullover', 'Sandal', 'Shirt', 'Sneaker', 'T-shirt', 'Trouser']
[0, 2.3098537921905518, 2.3056392669677734, 0.11383333057165146, 0.11383333333333331, 0.038011782175058906, '00:21']
[1, 2.3058061599731445, 2.3054566383361816, 0.11533333361148834, 0.11533333333333333, 0.038457636989241324, '00:16']
[2, 2.3058176040649414, 2.305061101913452, 0.11316666752099991, 0.11316666666666667, 0.037572295166202765, '00:16']
[3, 2.3059329986572266, 2.304412603378296, 0.11858333647251129, 0.11858333333333333, 0.03883292776170907, '00:16']
[4, 2.3060545921325684, 2.3035168647766113, 0.11091666668653488, 0.11091666666666666, 0.032517542337850466, '00:16']
[5, 2.3053412437438965, 2.302332639694214, 0.10058332979679108, 0.10058333333333333, 0.019813112065995637, '00:16']
[6, 2.305617094039917, 2.3009891510009766, 0.10008333623409271, 0.10008333333333333, 0.018350962771296712, '00:16']
[7, 2.304948091506958, 2.2994778156280518, 0.10066666454076767, 0.10066666666666665, 0.019521500770390766, '00:17']
[8, 2.3044373989105225, 2.2978336811065674, 0.10175000131130219, 0.10175000000000001, 0.021610950570342204, '00:16']
[9, 2.3042521476745605, 2.2956161499023438, 0.1028333306312561, 0.10283333333333333, 0.023616261194165322, '00:16']
[10, 2.3042497634887695, 2.2928004264831543, 0.15974999964237213, 0.15975, 0.06962954981175032, '00:17']
[11, 2.3031303882598877, 2.290006399154663, 0.19608333706855774, 0.19608333333333333, 0.07554060235640926, '00:16']
[12, 2.301755666732788, 2.286834716796875, 0.19816666841506958, 0.19816666666666666, 0.07484319803496556, '00:16']
[13, 2.300825595855713, 2.2831554412841797, 0.19875000417232513, 0.19874999999999998, 0.0742733598078747, '00:16']
[14, 2.2987990379333496, 2.279025077819824, 0.19958333671092987, 0.19958333333333333, 0.07478511907863675, '00:16']
[15, 2.2978615760803223, 2.2742085456848145, 0.20616666972637177, 0.20616666666666666, 0.08704152378204684, '00:16']
[16, 2.295262575149536, 2.269272565841675, 0.25466665625572205, 0.2546666666666667, 0.1410182085729691, '00:16']
[17, 2.293869972229004, 2.264066219329834, 0.2799166738986969, 0.2799166666666667, 0.1513923540908531, '00:16']
[18, 2.2920947074890137, 2.2584569454193115, 0.2874999940395355, 0.2875, 0.14874420651910586, '00:16']
[19, 2.289999008178711, 2.2529032230377197, 0.2888333201408386, 0.28883333333333333, 0.14705385435849405, '00:16']
[20, 2.287874460220337, 2.2476696968078613, 0.2900833189487457, 0.29008333333333336, 0.1457394158761683, '00:22']
[21, 2.286165714263916, 2.242845058441162, 0.2902500033378601, 0.29025, 0.14470516950621432, '00:25']
[22, 2.2834763526916504, 2.2386908531188965, 0.28983333706855774, 0.28983333333333333, 0.14291015350637976, '00:27']
[23, 2.2810802459716797, 2.2352168560028076, 0.2893333435058594, 0.28933333333333333, 0.1414010258230613, '00:16']
[24, 2.279383420944214, 2.232468843460083, 0.28866666555404663, 0.2886666666666667, 0.1403101198725051, '00:16']
[25, 2.2768125534057617, 2.2304255962371826, 0.28841665387153625, 0.28841666666666665, 0.13977014592292814, '00:18']
[26, 2.274152994155884, 2.22904896736145, 0.28841665387153625, 0.28841666666666665, 0.13943853778543028, '00:18']
[27, 2.272059440612793, 2.2282350063323975, 0.28833332657814026, 0.28833333333333333, 0.13935876955539792, '00:16']
[28, 2.2701027393341064, 2.2278659343719482, 0.28833332657814026, 0.28833333333333333, 0.13937728362207474, '00:16']
[29, 2.2682182788848877, 2.227771282196045, 0.28833332657814026, 0.28833333333333333, 0.13939365869014292, '00:16']

Tiempo de entrenamiento: 535.61 segundos
/mnt/homeGPU/haoweihu/TFG/lib/python3.10/site-packages/fastai/learner.py:455: UserWarning: load_learner` uses Python's insecure pickle module, which can execute malicious arbitrary code when loading. Only load files you trust.
If you only need to load model weights and optimizer state, use the safe `Learner.load` instead.
  warn("load_learner` uses Python's insecure pickle module, which can execute malicious arbitrary code when loading. Only load files you trust.\nIf you only need to load model weights and optimizer state, use the safe `Learner.load` instead.")
Loss: 2.2278
Accuracy: 0.2883
Recall: 0.2883
F1-Score: 0.1394
Loss: 2.2342052459716797
Accuracy: 0.21844951808452606
Recall (macro): 0.21887547920142336
F1 Score (macro): 0.0951217210746496
---------------------------------------------------------------------------
Ejecutando: fmnist_dist1_only_ex3
---------------------------------------------------------------------------
Número total de imágenes en entrenamiento: 100
Número total de imágenes en validación: 12000

Clases: ['Ankle boot', 'Bag', 'Coat', 'Dress', 'Pullover', 'Sandal', 'Shirt', 'Sneaker', 'T-shirt', 'Trouser']
[0, 2.3163774013519287, 2.306077241897583, 0.09974999725818634, 0.09975, 0.01817767653758542, '00:21']
[1, 2.3097259998321533, 2.305626392364502, 0.09991666674613953, 0.09991666666666667, 0.018205283935621014, '00:16']
[2, 2.3107361793518066, 2.304670810699463, 0.09991666674613953, 0.09991666666666667, 0.018184575718510655, '00:16']
[3, 2.310586929321289, 2.303176164627075, 0.10000000149011612, 0.1, 0.018187329493785993, '00:16']
[4, 2.3088228702545166, 2.3013603687286377, 0.10000000149011612, 0.1, 0.01818870784388026, '00:16']
[5, 2.3060920238494873, 2.2993147373199463, 0.10008333623409271, 0.10008333333333333, 0.018373342620463196, '00:16']
[6, 2.305279493331909, 2.296976089477539, 0.1002499982714653, 0.10024999999999999, 0.01871202703293725, '00:16']
[7, 2.3043856620788574, 2.2941136360168457, 0.11366666853427887, 0.11366666666666667, 0.04214282879149721, '00:16']
[8, 2.3025269508361816, 2.290611505508423, 0.21691666543483734, 0.2169166666666667, 0.12804573860123974, '00:16']
[9, 2.3013927936553955, 2.2862181663513184, 0.20600000023841858, 0.20600000000000002, 0.0851597727783611, '00:16']
[10, 2.2997961044311523, 2.281400442123413, 0.19833333790302277, 0.19833333333333333, 0.07422320859524605, '00:16']
[11, 2.2979841232299805, 2.2756118774414062, 0.19366666674613953, 0.19366666666666665, 0.08319252471783739, '00:16']
[12, 2.2958710193634033, 2.2692606449127197, 0.18275000154972076, 0.18275, 0.0929765292588699, '00:17']
[13, 2.293280839920044, 2.262113571166992, 0.17800000309944153, 0.178, 0.09775670564705322, '00:16']
[14, 2.2906782627105713, 2.2543158531188965, 0.1980833262205124, 0.19808333333333333, 0.12540287083212082, '00:16']
[15, 2.2881741523742676, 2.2460272312164307, 0.2616666555404663, 0.26166666666666666, 0.17524487440076575, '00:17']
[16, 2.2852985858917236, 2.237518787384033, 0.2784166634082794, 0.27841666666666665, 0.1781701759920462, '00:17']
[17, 2.2815184593200684, 2.2289211750030518, 0.2919166684150696, 0.29191666666666666, 0.18242279459695615, '00:16']
[18, 2.278442621231079, 2.2201602458953857, 0.3138333261013031, 0.31383333333333335, 0.19977734122348795, '00:16']
[19, 2.2746875286102295, 2.211634397506714, 0.32850000262260437, 0.3285, 0.21666241675365283, '00:16']
[20, 2.2700612545013428, 2.203505754470825, 0.336083322763443, 0.33608333333333335, 0.22722214820802553, '00:16']
[21, 2.2668020725250244, 2.195946216583252, 0.3388333320617676, 0.3388333333333334, 0.2357689557410712, '00:18']
[22, 2.2633659839630127, 2.1893813610076904, 0.34441667795181274, 0.3444166666666667, 0.2452238140634079, '00:16']
[23, 2.2593202590942383, 2.183969020843506, 0.3476666808128357, 0.3476666666666667, 0.25190215421968876, '00:16']
[24, 2.2547152042388916, 2.1797866821289062, 0.34933334589004517, 0.34933333333333333, 0.256086744063271, '00:16']
[25, 2.250234365463257, 2.1767454147338867, 0.3475833237171173, 0.34758333333333336, 0.25664742538674984, '00:16']
[26, 2.2459423542022705, 2.174739360809326, 0.3479166626930237, 0.34791666666666665, 0.2579926117057322, '00:17']
[27, 2.2431325912475586, 2.1735663414001465, 0.3479166626930237, 0.34791666666666665, 0.2583251788728933, '00:16']
[28, 2.239157199859619, 2.173036575317383, 0.3472500145435333, 0.34725, 0.2579525896590261, '00:17']
[29, 2.2361674308776855, 2.1729023456573486, 0.3473333418369293, 0.3473333333333334, 0.25809036544282293, '00:16']

Tiempo de entrenamiento: 513.80 segundos
/mnt/homeGPU/haoweihu/TFG/lib/python3.10/site-packages/fastai/learner.py:455: UserWarning: load_learner` uses Python's insecure pickle module, which can execute malicious arbitrary code when loading. Only load files you trust.
If you only need to load model weights and optimizer state, use the safe `Learner.load` instead.
  warn("load_learner` uses Python's insecure pickle module, which can execute malicious arbitrary code when loading. Only load files you trust.\nIf you only need to load model weights and optimizer state, use the safe `Learner.load` instead.")
Loss: 2.1729
Accuracy: 0.3473
Recall: 0.3473
F1-Score: 0.2581
Loss: 2.2043817043304443
Accuracy: 0.23667868971824646
Recall (macro): 0.23664606994962395
F1 Score (macro): 0.1802825348521317
---------------------------------------------------------------------------
--------------------------cifar distilld 01-----------------------------
---------------------------------------------------------------------------
---------------------------------------------------------------------------
Ejecutando: cifar10_dist1_only_ex1
---------------------------------------------------------------------------
Número total de imágenes en entrenamiento: 100
Número total de imágenes en validación: 10000

Clases: ['airplane', 'automobile', 'bird', 'cat', 'deer', 'dog', 'frog', 'horse', 'ship', 'truck']
[0, 2.308074712753296, 2.3034465312957764, 0.10019999742507935, 0.1002, 0.01876997067983223, '00:19']
[1, 2.303557872772217, 2.303436279296875, 0.10010000318288803, 0.1001, 0.0185686500994929, '00:14']
[2, 2.302335500717163, 2.303417205810547, 0.10010000318288803, 0.1001, 0.018567395023259763, '00:14']
[3, 2.303539514541626, 2.303372621536255, 0.10040000081062317, 0.1004, 0.0191736604550316, '00:14']
[4, 2.3040835857391357, 2.3033101558685303, 0.10080000013113022, 0.1008, 0.021114865769475875, '00:14']
[5, 2.303826332092285, 2.3032474517822266, 0.10270000249147415, 0.10269999999999999, 0.027646109821934994, '00:14']
[6, 2.304900884628296, 2.303133249282837, 0.10570000112056732, 0.10569999999999999, 0.034087037943435976, '00:14']
[7, 2.3047266006469727, 2.303035259246826, 0.1103999987244606, 0.11040000000000001, 0.03681172572292031, '00:14']
[8, 2.3047754764556885, 2.3029465675354004, 0.11509999632835388, 0.11510000000000001, 0.03837490931252358, '00:14']
[9, 2.3045284748077393, 2.302881956100464, 0.11959999799728394, 0.1196, 0.039848169920471986, '00:14']
[10, 2.3039464950561523, 2.302847146987915, 0.12530000507831573, 0.12530000000000002, 0.04212528491207518, '00:14']
[11, 2.3039157390594482, 2.3028085231781006, 0.12489999830722809, 0.12490000000000001, 0.04133828734784517, '00:14']
[12, 2.3035452365875244, 2.3027920722961426, 0.12110000103712082, 0.12109999999999999, 0.0395958499371674, '00:14']
[13, 2.3036911487579346, 2.3027501106262207, 0.12229999899864197, 0.12229999999999999, 0.04020742299185413, '00:14']
[14, 2.3038220405578613, 2.3027000427246094, 0.1306000053882599, 0.1306, 0.04388232953779195, '00:14']
[15, 2.303650379180908, 2.3026463985443115, 0.1315000057220459, 0.1315, 0.04638155359891842, '00:14']
[16, 2.3040895462036133, 2.3025689125061035, 0.13130000233650208, 0.1313, 0.04574374671743697, '00:14']
[17, 2.3040387630462646, 2.30248761177063, 0.13050000369548798, 0.1305, 0.04600115291614432, '00:14']
[18, 2.304081678390503, 2.30240535736084, 0.1273999959230423, 0.1274, 0.04679930934564147, '00:14']
[19, 2.3038792610168457, 2.302335739135742, 0.11959999799728394, 0.1196, 0.043472517994605976, '00:14']
[20, 2.303676128387451, 2.3022732734680176, 0.10999999940395355, 0.11000000000000001, 0.03486507813073954, '00:14']
[21, 2.3036582469940186, 2.302215576171875, 0.10279999673366547, 0.1028, 0.023791799149980197, '00:14']
[22, 2.3036341667175293, 2.3021678924560547, 0.10100000351667404, 0.101, 0.020542095711725817, '00:15']
[23, 2.3036012649536133, 2.302128791809082, 0.1005999967455864, 0.1006, 0.01977050701504264, '00:15']
[24, 2.3034942150115967, 2.3020997047424316, 0.10029999911785126, 0.10029999999999999, 0.018994939946736348, '00:14']
[25, 2.3034298419952393, 2.3020780086517334, 0.10029999911785126, 0.10029999999999999, 0.018994453038266346, '00:14']
[26, 2.303377151489258, 2.3020644187927246, 0.10029999911785126, 0.10029999999999999, 0.01899904000500029, '00:14']
[27, 2.303453207015991, 2.302056074142456, 0.10029999911785126, 0.10029999999999999, 0.01899904000500029, '00:14']
[28, 2.3034582138061523, 2.302051305770874, 0.10019999742507935, 0.1002, 0.018982276990853673, '00:14']
[29, 2.3033785820007324, 2.3020503520965576, 0.10019999742507935, 0.1002, 0.018981206720957884, '00:14']

Tiempo de entrenamiento: 442.72 segundos
/mnt/homeGPU/haoweihu/TFG/lib/python3.10/site-packages/fastai/learner.py:455: UserWarning: load_learner` uses Python's insecure pickle module, which can execute malicious arbitrary code when loading. Only load files you trust.
If you only need to load model weights and optimizer state, use the safe `Learner.load` instead.
  warn("load_learner` uses Python's insecure pickle module, which can execute malicious arbitrary code when loading. Only load files you trust.\nIf you only need to load model weights and optimizer state, use the safe `Learner.load` instead.")
Loss: 2.3021
Accuracy: 0.1002
Recall: 0.1002
F1-Score: 0.0190
Loss: 2.3020858764648438
Accuracy: 0.10046073794364929
Recall (macro): 0.10040080200561645
F1 Score (macro): 0.01902282939150723
---------------------------------------------------------------------------
Ejecutando: cifar10_dist1_only_ex2
---------------------------------------------------------------------------
Número total de imágenes en entrenamiento: 100
Número total de imágenes en validación: 10000

Clases: ['airplane', 'automobile', 'bird', 'cat', 'deer', 'dog', 'frog', 'horse', 'ship', 'truck']
[0, 2.2974700927734375, 2.304720640182495, 0.10000000149011612, 0.1, 0.01818181818181818, '00:18']
[1, 2.3020598888397217, 2.304689884185791, 0.10000000149011612, 0.1, 0.01818181818181818, '00:14']
[2, 2.3009772300720215, 2.3046414852142334, 0.10000000149011612, 0.1, 0.01818181818181818, '00:14']
[3, 2.3022966384887695, 2.30452823638916, 0.10000000149011612, 0.1, 0.01818181818181818, '00:15']
[4, 2.302546977996826, 2.3043973445892334, 0.10000000149011612, 0.1, 0.01818181818181818, '00:15']
[5, 2.304704189300537, 2.3041303157806396, 0.10000000149011612, 0.1, 0.018183471224656786, '00:14']
[6, 2.304434061050415, 2.303832530975342, 0.10000000149011612, 0.1, 0.01819174094960888, '00:14']
[7, 2.304215669631958, 2.303562641143799, 0.10040000081062317, 0.1004, 0.01991450284018097, '00:14']
[8, 2.3041656017303467, 2.303250789642334, 0.10570000112056732, 0.10569999999999999, 0.03142046780177438, '00:14']
[9, 2.302584409713745, 2.3030192852020264, 0.10140000283718109, 0.1014, 0.036435799087789635, '00:14']
[10, 2.302306652069092, 2.302788734436035, 0.10109999775886536, 0.1011, 0.037952161825566766, '00:14']
[11, 2.3020780086517334, 2.302558422088623, 0.10920000076293945, 0.1092, 0.04871492590907869, '00:14']
[12, 2.302183151245117, 2.302236795425415, 0.13120000064373016, 0.13119999999999998, 0.06374301952874653, '00:14']
[13, 2.301945686340332, 2.3019797801971436, 0.1324000060558319, 0.1324, 0.06520322850705366, '00:14']
[14, 2.3022782802581787, 2.3016245365142822, 0.14350000023841858, 0.14350000000000002, 0.06555621842463558, '00:14']
[15, 2.3022377490997314, 2.3012847900390625, 0.14309999346733093, 0.1431, 0.051128001612129235, '00:14']
[16, 2.3020079135894775, 2.3009870052337646, 0.1412999927997589, 0.1413, 0.04704729909116471, '00:14']
[17, 2.302116870880127, 2.3007264137268066, 0.13339999318122864, 0.13340000000000002, 0.04497908323174351, '00:14']
[18, 2.3021271228790283, 2.3004653453826904, 0.12970000505447388, 0.1297, 0.04458657162669645, '00:15']
[19, 2.3015189170837402, 2.3002450466156006, 0.12790000438690186, 0.12789999999999999, 0.04414488181930042, '00:14']
[20, 2.301056146621704, 2.300046443939209, 0.125900000333786, 0.12589999999999998, 0.04349395970241756, '00:14']
[21, 2.3005263805389404, 2.299880266189575, 0.1225999966263771, 0.1226, 0.04177210820118874, '00:14']
[22, 2.3002686500549316, 2.2997353076934814, 0.120899997651577, 0.12090000000000001, 0.04110881712185697, '00:14']
[23, 2.299683094024658, 2.299624443054199, 0.11900000274181366, 0.119, 0.04011029199564289, '00:14']
[24, 2.299551010131836, 2.299522876739502, 0.1185000017285347, 0.11850000000000001, 0.039806999255398365, '00:14']
[25, 2.299168586730957, 2.2994401454925537, 0.11879999935626984, 0.11879999999999999, 0.040021156980578176, '00:15']
[26, 2.299283742904663, 2.29938006401062, 0.1193000003695488, 0.1193, 0.04025650482714087, '00:16']
[27, 2.299180507659912, 2.299342155456543, 0.11959999799728394, 0.1196, 0.04041385911898625, '00:14']
[28, 2.298938035964966, 2.299325466156006, 0.11980000138282776, 0.11979999999999999, 0.040545287382628414, '00:14']
[29, 2.2987630367279053, 2.2993202209472656, 0.11980000138282776, 0.11979999999999999, 0.04051530709508845, '00:14']

Tiempo de entrenamiento: 448.46 segundos
/mnt/homeGPU/haoweihu/TFG/lib/python3.10/site-packages/fastai/learner.py:455: UserWarning: load_learner` uses Python's insecure pickle module, which can execute malicious arbitrary code when loading. Only load files you trust.
If you only need to load model weights and optimizer state, use the safe `Learner.load` instead.
  warn("load_learner` uses Python's insecure pickle module, which can execute malicious arbitrary code when loading. Only load files you trust.\nIf you only need to load model weights and optimizer state, use the safe `Learner.load` instead.")
Loss: 2.2993
Accuracy: 0.1198
Recall: 0.1198
F1-Score: 0.0405
Loss: 2.2993898391723633
Accuracy: 0.11738782376050949
Recall (macro): 0.1172855421686747
F1 Score (macro): 0.03969097955803056
---------------------------------------------------------------------------
Ejecutando: cifar10_dist1_only_ex3
---------------------------------------------------------------------------
Número total de imágenes en entrenamiento: 100
Número total de imágenes en validación: 10000

Clases: ['airplane', 'automobile', 'bird', 'cat', 'deer', 'dog', 'frog', 'horse', 'ship', 'truck']
[0, 2.305759906768799, 2.3044493198394775, 0.09989999979734421, 0.0999, 0.018175202401528246, '00:19']
[1, 2.3048934936523438, 2.3044261932373047, 0.09989999979734421, 0.0999, 0.018176855895196506, '00:14']
[2, 2.3039188385009766, 2.3043832778930664, 0.09989999979734421, 0.0999, 0.01821330902461258, '00:14']
[3, 2.303988456726074, 2.304321527481079, 0.09989999979734421, 0.0999, 0.018601431365726624, '00:14']
[4, 2.3028371334075928, 2.304281234741211, 0.10000000149011612, 0.1, 0.01818181818181818, '00:15']
[5, 2.3040194511413574, 2.3042092323303223, 0.10000000149011612, 0.1, 0.01818181818181818, '00:14']
[6, 2.3043739795684814, 2.304121255874634, 0.10000000149011612, 0.1, 0.01818181818181818, '00:14']
[7, 2.304291248321533, 2.303983688354492, 0.10000000149011612, 0.1, 0.01818181818181818, '00:14']
[8, 2.305082321166992, 2.3037593364715576, 0.10000000149011612, 0.1, 0.018186778212239702, '00:14']
[9, 2.305227756500244, 2.303539276123047, 0.10220000147819519, 0.1022, 0.025191733003943062, '00:14']
[10, 2.3048157691955566, 2.3034090995788574, 0.10360000282526016, 0.1036, 0.03340837809464152, '00:14']
[11, 2.304250478744507, 2.303302049636841, 0.0997999981045723, 0.0998, 0.01835490850062276, '00:14']
[12, 2.30444598197937, 2.303151845932007, 0.10000000149011612, 0.1, 0.01818181818181818, '00:14']
[13, 2.304574966430664, 2.3029541969299316, 0.10000000149011612, 0.1, 0.01818181818181818, '00:14']
[14, 2.304731845855713, 2.302793264389038, 0.10000000149011612, 0.1, 0.01818181818181818, '00:14']
[15, 2.3047657012939453, 2.3026206493377686, 0.10000000149011612, 0.1, 0.01818181818181818, '00:14']
[16, 2.3044371604919434, 2.3024096488952637, 0.10000000149011612, 0.1, 0.01818181818181818, '00:14']
[17, 2.304080009460449, 2.3022358417510986, 0.10000000149011612, 0.1, 0.01818181818181818, '00:14']
[18, 2.3037962913513184, 2.3020846843719482, 0.10000000149011612, 0.1, 0.01818181818181818, '00:14']
[19, 2.3034961223602295, 2.301924228668213, 0.10000000149011612, 0.1, 0.01818181818181818, '00:18']
[20, 2.303392171859741, 2.301788806915283, 0.09989999979734421, 0.0999, 0.0181718963165075, '00:15']
[21, 2.303224563598633, 2.3016488552093506, 0.1023000031709671, 0.10229999999999999, 0.023660788916781812, '00:14']
[22, 2.303206443786621, 2.301534414291382, 0.10859999805688858, 0.1086, 0.0329939664047901, '00:14']
[23, 2.3028151988983154, 2.3014419078826904, 0.11089999973773956, 0.1109, 0.03606271889811157, '00:14']
[24, 2.3027360439300537, 2.3013663291931152, 0.11569999903440475, 0.1157, 0.03983568682433314, '00:14']
[25, 2.302544116973877, 2.3013193607330322, 0.11800000071525574, 0.118, 0.0407644523326572, '00:14']
[26, 2.302433490753174, 2.301285743713379, 0.11969999969005585, 0.1197, 0.04125251089907296, '00:14']
[27, 2.302426338195801, 2.3012638092041016, 0.120899997651577, 0.12089999999999998, 0.04181266328645277, '00:14']
[28, 2.3022401332855225, 2.3012540340423584, 0.12110000103712082, 0.12109999999999999, 0.04184034496245767, '00:15']
[29, 2.3023033142089844, 2.301250696182251, 0.12099999934434891, 0.121, 0.04177702916336447, '00:15']

Tiempo de entrenamiento: 450.41 segundos
/mnt/homeGPU/haoweihu/TFG/lib/python3.10/site-packages/fastai/learner.py:455: UserWarning: load_learner` uses Python's insecure pickle module, which can execute malicious arbitrary code when loading. Only load files you trust.
If you only need to load model weights and optimizer state, use the safe `Learner.load` instead.
  warn("load_learner` uses Python's insecure pickle module, which can execute malicious arbitrary code when loading. Only load files you trust.\nIf you only need to load model weights and optimizer state, use the safe `Learner.load` instead.")
Loss: 2.3013
Accuracy: 0.1210
Recall: 0.1210
F1-Score: 0.0418
Loss: 2.301172971725464
Accuracy: 0.12099359184503555
Recall (macro): 0.1208002004008016
F1 Score (macro): 0.041655871400331015
---------------------------------------------------------------------------
--------------------------distilld 02-----------------------------
---------------------------------------------------------------------------
---------------------------------------------------------------------------
Ejecutando: mnist_dist2_only_ex1
---------------------------------------------------------------------------
Número total de imágenes en entrenamiento: 59
Número total de imágenes en validación: 11996

Clases: ['0', '1', '2', '3', '4', '5', '6', '7', '8', '9']
[0, nan, 2.306778907775879, 0.09736578911542892, 0.1, 0.01774536615010635, '00:21']
[1, nan, 2.306778907775879, 0.09736578911542892, 0.1, 0.01774536615010635, '00:16']
[2, nan, 2.306778907775879, 0.09736578911542892, 0.1, 0.01774536615010635, '00:16']
[3, nan, 2.306778907775879, 0.09736578911542892, 0.1, 0.01774536615010635, '00:16']
[4, nan, 2.306778907775879, 0.09736578911542892, 0.1, 0.01774536615010635, '00:16']
[5, nan, 2.306778907775879, 0.09736578911542892, 0.1, 0.01774536615010635, '00:16']
No improvement since epoch 0: early stopping

Tiempo de entrenamiento: 104.71 segundos
/mnt/homeGPU/haoweihu/TFG/lib/python3.10/site-packages/fastai/learner.py:455: UserWarning: load_learner` uses Python's insecure pickle module, which can execute malicious arbitrary code when loading. Only load files you trust.
If you only need to load model weights and optimizer state, use the safe `Learner.load` instead.
  warn("load_learner` uses Python's insecure pickle module, which can execute malicious arbitrary code when loading. Only load files you trust.\nIf you only need to load model weights and optimizer state, use the safe `Learner.load` instead.")
Loss: 2.3068
Accuracy: 0.0974
Recall: 0.1000
F1-Score: 0.0177
Loss: 2.3062868118286133
Accuracy: 0.09825721383094788
Recall (macro): 0.1
F1 Score (macro): 0.01789329685362517
---------------------------------------------------------------------------
Ejecutando: fmnist_dist2_only_ex1
---------------------------------------------------------------------------
Número total de imágenes en entrenamiento: 50
Número total de imágenes en validación: 12000

Clases: ['Ankle boot', 'Bag', 'Coat', 'Dress', 'Pullover', 'Sandal', 'Shirt', 'Sneaker', 'T-shirt', 'Trouser']
[0, nan, 2.304155111312866, 0.10066666454076767, 0.10066666666666665, 0.028469279122621233, '00:21']
[1, nan, 2.304155111312866, 0.10066666454076767, 0.10066666666666665, 0.028469279122621233, '00:16']
[2, nan, 2.304155111312866, 0.10066666454076767, 0.10066666666666665, 0.028469279122621233, '00:16']
[3, nan, 2.304155111312866, 0.10066666454076767, 0.10066666666666665, 0.028469279122621233, '00:16']
[4, nan, 2.304155111312866, 0.10066666454076767, 0.10066666666666665, 0.028469279122621233, '00:16']
[5, nan, 2.304155111312866, 0.10066666454076767, 0.10066666666666665, 0.028469279122621233, '00:16']
No improvement since epoch 0: early stopping

Tiempo de entrenamiento: 105.81 segundos
/mnt/homeGPU/haoweihu/TFG/lib/python3.10/site-packages/fastai/learner.py:455: UserWarning: load_learner` uses Python's insecure pickle module, which can execute malicious arbitrary code when loading. Only load files you trust.
If you only need to load model weights and optimizer state, use the safe `Learner.load` instead.
  warn("load_learner` uses Python's insecure pickle module, which can execute malicious arbitrary code when loading. Only load files you trust.\nIf you only need to load model weights and optimizer state, use the safe `Learner.load` instead.")
Loss: 2.3042
Accuracy: 0.1007
Recall: 0.1007
F1-Score: 0.0285
Loss: 2.3039236068725586
Accuracy: 0.10226362198591232
Recall (macro): 0.10220862144709839
F1 Score (macro): 0.028063142591947955
---------------------------------------------------------------------------
Ejecutando: cifar10_dist2_only_ex3
---------------------------------------------------------------------------
Número total de imágenes en entrenamiento: 50
Número total de imágenes en validación: 10000

Clases: ['airplane', 'automobile', 'bird', 'cat', 'deer', 'dog', 'frog', 'horse', 'ship', 'truck']
[0, nan, 2.3053383827209473, 0.10000000149011612, 0.1, 0.01818181818181818, '00:18']
[1, nan, 2.3053383827209473, 0.10000000149011612, 0.1, 0.01818181818181818, '00:14']
[2, nan, 2.3053383827209473, 0.10000000149011612, 0.1, 0.01818181818181818, '00:15']
[3, nan, 2.3053383827209473, 0.10000000149011612, 0.1, 0.01818181818181818, '00:15']
[4, nan, 2.3053383827209473, 0.10000000149011612, 0.1, 0.01818181818181818, '00:15']
[5, nan, 2.3053383827209473, 0.10000000149011612, 0.1, 0.01818181818181818, '00:16']
No improvement since epoch 0: early stopping

Tiempo de entrenamiento: 95.27 segundos
/mnt/homeGPU/haoweihu/TFG/lib/python3.10/site-packages/fastai/learner.py:455: UserWarning: load_learner` uses Python's insecure pickle module, which can execute malicious arbitrary code when loading. Only load files you trust.
If you only need to load model weights and optimizer state, use the safe `Learner.load` instead.
  warn("load_learner` uses Python's insecure pickle module, which can execute malicious arbitrary code when loading. Only load files you trust.\nIf you only need to load model weights and optimizer state, use the safe `Learner.load` instead.")
Loss: 2.3053
Accuracy: 0.1000
Recall: 0.1000
F1-Score: 0.0182
Loss: 2.30537486076355
Accuracy: 0.10006009787321091
Recall (macro): 0.1
F1 Score (macro): 0.018191750887735593
---------------------------------------------------------------------------
--------------------------distilld 04-----------------------------
---------------------------------------------------------------------------
---------------------------------------------------------------------------
Ejecutando: mnist_dist4_only_ex1
---------------------------------------------------------------------------
Número total de imágenes en entrenamiento: 30
Número total de imágenes en validación: 11996

Clases: ['0', '1', '2', '3', '4', '5', '6', '7', '8', '9']
[0, nan, 2.3026139736175537, 0.10761920362710953, 0.11013619379642656, 0.0406391629016556, '00:36']
[1, nan, 2.3026139736175537, 0.10761920362710953, 0.11013619379642656, 0.0406391629016556, '00:18']
[2, nan, 2.3026139736175537, 0.10761920362710953, 0.11013619379642656, 0.0406391629016556, '00:19']
[3, nan, 2.3026139736175537, 0.10761920362710953, 0.11013619379642656, 0.0406391629016556, '00:22']
[4, nan, 2.3026139736175537, 0.10761920362710953, 0.11013619379642656, 0.0406391629016556, '00:26']
[5, nan, 2.3026139736175537, 0.10761920362710953, 0.11013619379642656, 0.0406391629016556, '00:16']
No improvement since epoch 0: early stopping

Tiempo de entrenamiento: 140.35 segundos
/mnt/homeGPU/haoweihu/TFG/lib/python3.10/site-packages/fastai/learner.py:455: UserWarning: load_learner` uses Python's insecure pickle module, which can execute malicious arbitrary code when loading. Only load files you trust.
If you only need to load model weights and optimizer state, use the safe `Learner.load` instead.
  warn("load_learner` uses Python's insecure pickle module, which can execute malicious arbitrary code when loading. Only load files you trust.\nIf you only need to load model weights and optimizer state, use the safe `Learner.load` instead.")
Loss: 2.3026
Accuracy: 0.1076
Recall: 0.1101
F1-Score: 0.0406
Loss: 2.302605152130127
Accuracy: 0.1041666641831398
Recall (macro): 0.10946060552520938
F1 Score (macro): 0.038547271789597035
---------------------------------------------------------------------------
Ejecutando: fmnist_dist4_only_ex1
---------------------------------------------------------------------------
Número total de imágenes en entrenamiento: 30
Número total de imágenes en validación: 12000

Clases: ['Ankle boot', 'Bag', 'Coat', 'Dress', 'Pullover', 'Sandal', 'Shirt', 'Sneaker', 'T-shirt', 'Trouser']
[0, nan, 2.302536964416504, 0.11749999970197678, 0.11750000000000001, 0.03945541706615532, '00:21']
[1, nan, 2.302536964416504, 0.11749999970197678, 0.11750000000000001, 0.03945541706615532, '00:16']
[2, nan, 2.302536964416504, 0.11749999970197678, 0.11750000000000001, 0.03945541706615532, '00:16']
[3, nan, 2.302536964416504, 0.11749999970197678, 0.11750000000000001, 0.03945541706615532, '00:16']
[4, nan, 2.302536964416504, 0.11749999970197678, 0.11750000000000001, 0.03945541706615532, '00:16']
[5, nan, 2.302536964416504, 0.11749999970197678, 0.11750000000000001, 0.03945541706615532, '00:17']
No improvement since epoch 0: early stopping

Tiempo de entrenamiento: 105.88 segundos
/mnt/homeGPU/haoweihu/TFG/lib/python3.10/site-packages/fastai/learner.py:455: UserWarning: load_learner` uses Python's insecure pickle module, which can execute malicious arbitrary code when loading. Only load files you trust.
If you only need to load model weights and optimizer state, use the safe `Learner.load` instead.
  warn("load_learner` uses Python's insecure pickle module, which can execute malicious arbitrary code when loading. Only load files you trust.\nIf you only need to load model weights and optimizer state, use the safe `Learner.load` instead.")
Loss: 2.3025
Accuracy: 0.1175
Recall: 0.1175
F1-Score: 0.0395
Loss: 2.3026256561279297
Accuracy: 0.13100960850715637
Recall (macro): 0.13112309902681016
F1 Score (macro): 0.043856885322182515
---------------------------------------------------------------------------
Ejecutando: cifar10_dist4_only_ex3
---------------------------------------------------------------------------
Número total de imágenes en entrenamiento: 30
Número total de imágenes en validación: 10000

Clases: ['airplane', 'automobile', 'bird', 'cat', 'deer', 'dog', 'frog', 'horse', 'ship', 'truck']
[0, nan, 2.30503511428833, 0.10000000149011612, 0.1, 0.01818181818181818, '00:18']
[1, nan, 2.30503511428833, 0.10000000149011612, 0.1, 0.01818181818181818, '00:15']
[2, nan, 2.30503511428833, 0.10000000149011612, 0.1, 0.01818181818181818, '00:14']
[3, nan, 2.30503511428833, 0.10000000149011612, 0.1, 0.01818181818181818, '00:14']
[4, nan, 2.30503511428833, 0.10000000149011612, 0.1, 0.01818181818181818, '00:14']
[5, nan, 2.30503511428833, 0.10000000149011612, 0.1, 0.01818181818181818, '00:14']
No improvement since epoch 0: early stopping

Tiempo de entrenamiento: 91.78 segundos
/mnt/homeGPU/haoweihu/TFG/lib/python3.10/site-packages/fastai/learner.py:455: UserWarning: load_learner` uses Python's insecure pickle module, which can execute malicious arbitrary code when loading. Only load files you trust.
If you only need to load model weights and optimizer state, use the safe `Learner.load` instead.
  warn("load_learner` uses Python's insecure pickle module, which can execute malicious arbitrary code when loading. Only load files you trust.\nIf you only need to load model weights and optimizer state, use the safe `Learner.load` instead.")
Loss: 2.3050
Accuracy: 0.1000
Recall: 0.1000
F1-Score: 0.0182
Loss: 2.3051393032073975
Accuracy: 0.09995993226766586
Recall (macro): 0.1
F1 Score (macro): 0.01817519577490439
mail: cannot send message: Process exited with a non-zero status
