---------------------------------------------------------------------------
--------------------------MODELOS DISTILLED 001-----------------------------
---------------------------------------------------------------------------
---------------------------------------------------------------------------
Ejecutando: mnist_dist1_only_ex1
---------------------------------------------------------------------------
Número total de imágenes en entrenamiento: 1018
Número total de imágenes en validación: 11996

Clases: ['0', '1', '2', '3', '4', '5', '6', '7', '8', '9']
[0, 2.303791046142578, 2.3021180629730225, 0.104451484978199, 0.1, 0.018914635066797494, '02:41']
[1, 2.302590847015381, 2.3003132343292236, 0.104451484978199, 0.1, 0.018914635066797494, '00:36']
[2, 2.3004748821258545, 2.29486083984375, 0.104451484978199, 0.1, 0.018914635066797494, '00:39']
[3, 2.2933056354522705, 2.266517400741577, 0.18131043016910553, 0.17617876864414972, 0.1331038998620993, '00:40']
[4, 2.2553114891052246, 2.0153496265411377, 0.4291430413722992, 0.4222901104265386, 0.35532844796660873, '00:36']
[5, 2.02360200881958, 1.3022825717926025, 0.517755925655365, 0.5109579095318416, 0.46793012304833725, '00:37']
[6, 1.552120566368103, 1.1957875490188599, 0.6753917932510376, 0.6705698095241586, 0.6710051489953294, '00:38']
[7, 1.1308631896972656, 1.5191547870635986, 0.6881460547447205, 0.6839198914538975, 0.6822717066778672, '00:38']
[8, 0.8217000365257263, 1.6064404249191284, 0.6976492404937744, 0.6933456766576255, 0.6959823716298212, '00:40']
[9, 0.598607063293457, 1.6584224700927734, 0.7020673751831055, 0.6982771947171216, 0.699797165113859, '00:41']
[10, 0.4377900958061218, 1.710595726966858, 0.6995665431022644, 0.6959403998379526, 0.6971490621922626, '00:38']
[11, 0.3213660418987274, 1.740646481513977, 0.7020673751831055, 0.6983866594160354, 0.6991255059497576, '00:37']
No improvement since epoch 6: early stopping

Tiempo de entrenamiento: 587.52 segundos
/mnt/homeGPU/haoweihu/TFG/lib/python3.10/site-packages/fastai/learner.py:455: UserWarning: load_learner` uses Python's insecure pickle module, which can execute malicious arbitrary code when loading. Only load files you trust.
If you only need to load model weights and optimizer state, use the safe `Learner.load` instead.
  warn("load_learner` uses Python's insecure pickle module, which can execute malicious arbitrary code when loading. Only load files you trust.\nIf you only need to load model weights and optimizer state, use the safe `Learner.load` instead.")
Loss: 1.7406
Accuracy: 0.7021
Recall: 0.6984
F1-Score: 0.6991
Loss: 1.6193277835845947
Accuracy: 0.7237580418586731
Recall (macro): 0.720280593347592
F1 Score (macro): 0.7207065748099477
---------------------------------------------------------------------------
Ejecutando: fmnist_dist1_only_ex1
---------------------------------------------------------------------------
Número total de imágenes en entrenamiento: 1020
Número total de imágenes en validación: 12000

Clases: ['Ankle boot', 'Bag', 'Coat', 'Dress', 'Pullover', 'Sandal', 'Shirt', 'Sneaker', 'T-shirt', 'Trouser']
[0, 2.305198907852173, 2.3032357692718506, 0.10000000149011612, 0.1, 0.01818181818181818, '01:36']
[1, 2.3027021884918213, 2.299304723739624, 0.10533333569765091, 0.10533333333333332, 0.02833791653249591, '00:40']
[2, 2.298954963684082, 2.2881693840026855, 0.16949999332427979, 0.16949999999999998, 0.09241628921788816, '00:44']
[3, 2.286541700363159, 2.2279129028320312, 0.31174999475479126, 0.31174999999999997, 0.19333658336714854, '00:52']
[4, 2.218625545501709, 1.8394346237182617, 0.398250013589859, 0.39825, 0.2953845897233791, '00:47']
[5, 1.9393768310546875, 1.2535232305526733, 0.5201666951179504, 0.5201666666666667, 0.4444913674397052, '00:36']
[6, 1.5688211917877197, 1.2504849433898926, 0.5740833282470703, 0.5740833333333333, 0.5452426506520016, '00:44']
[7, 1.2483848333358765, 1.4293465614318848, 0.5487499833106995, 0.54875, 0.5197947601698669, '00:36']
[8, 1.014486312866211, 1.5766464471817017, 0.559166669845581, 0.5591666666666667, 0.5341161823208348, '00:36']
[9, 0.8233019709587097, 1.5430289506912231, 0.5977500081062317, 0.59775, 0.5793467181804395, '00:36']
[10, 0.6766729950904846, 1.5881375074386597, 0.6230833530426025, 0.6230833333333333, 0.6125972081109566, '00:45']
[11, 0.554305374622345, 1.7338075637817383, 0.6084166765213013, 0.6084166666666666, 0.6006709689297008, '00:39']
No improvement since epoch 6: early stopping

Tiempo de entrenamiento: 557.09 segundos
/mnt/homeGPU/haoweihu/TFG/lib/python3.10/site-packages/fastai/learner.py:455: UserWarning: load_learner` uses Python's insecure pickle module, which can execute malicious arbitrary code when loading. Only load files you trust.
If you only need to load model weights and optimizer state, use the safe `Learner.load` instead.
  warn("load_learner` uses Python's insecure pickle module, which can execute malicious arbitrary code when loading. Only load files you trust.\nIf you only need to load model weights and optimizer state, use the safe `Learner.load` instead.")
Loss: 1.7338
Accuracy: 0.6084
Recall: 0.6084
F1-Score: 0.6007
Loss: 3.4514458179473877
Accuracy: 0.4618389308452606
Recall (macro): 0.46184224995543666
F1 Score (macro): 0.4612616840463616
---------------------------------------------------------------------------
Ejecutando: cifar10_dist1_only_ex1
---------------------------------------------------------------------------
Número total de imágenes en entrenamiento: 1000
Número total de imágenes en validación: 10000

Clases: ['airplane', 'automobile', 'bird', 'cat', 'deer', 'dog', 'frog', 'horse', 'ship', 'truck']
[0, 2.3053715229034424, 2.303675413131714, 0.10000000149011612, 0.1, 0.01818181818181818, '01:11']
[1, 2.3045408725738525, 2.3030591011047363, 0.10000000149011612, 0.1, 0.01818181818181818, '00:34']
[2, 2.3034591674804688, 2.30177903175354, 0.10000000149011612, 0.1, 0.01818181818181818, '00:32']
[3, 2.3018999099731445, 2.2982680797576904, 0.10809999704360962, 0.1081, 0.032550218272899945, '00:35']
[4, 2.2969603538513184, 2.284282922744751, 0.1454000025987625, 0.1454, 0.08310333540424038, '00:34']
[5, 2.2786014080047607, 2.236133098602295, 0.14790000021457672, 0.1479, 0.10593320816601863, '00:33']
[6, 2.2031633853912354, 2.3581788539886475, 0.18199999630451202, 0.18200000000000002, 0.1541719918460408, '00:33']
[7, 2.032543897628784, 3.460742473602295, 0.17020000517368317, 0.1702, 0.14104387999606047, '00:34']
[8, 1.8583166599273682, 4.044042587280273, 0.18050000071525574, 0.1805, 0.15277000353880915, '00:37']
[9, 1.692999005317688, 4.793119430541992, 0.18070000410079956, 0.1807, 0.1471559114971485, '00:38']
[10, 1.5445787906646729, 5.147755146026611, 0.18709999322891235, 0.1871, 0.16604580240295597, '00:49']
No improvement since epoch 5: early stopping

Tiempo de entrenamiento: 436.70 segundos
/mnt/homeGPU/haoweihu/TFG/lib/python3.10/site-packages/fastai/learner.py:455: UserWarning: load_learner` uses Python's insecure pickle module, which can execute malicious arbitrary code when loading. Only load files you trust.
If you only need to load model weights and optimizer state, use the safe `Learner.load` instead.
  warn("load_learner` uses Python's insecure pickle module, which can execute malicious arbitrary code when loading. Only load files you trust.\nIf you only need to load model weights and optimizer state, use the safe `Learner.load` instead.")
Loss: 5.1478
Accuracy: 0.1871
Recall: 0.1871
F1-Score: 0.1660
Loss: 5.097863674163818
Accuracy: 0.19861778616905212
Recall (macro): 0.19858733910341436
F1 Score (macro): 0.17831623874611005
---------------------------------------------------------------------------
--------------------------MODELOS DISTILLED 005-----------------------------
---------------------------------------------------------------------------
---------------------------------------------------------------------------
Ejecutando: mnist_dist5_only_ex1
---------------------------------------------------------------------------
Número total de imágenes en entrenamiento: 210
Número total de imágenes en validación: 11996

Clases: ['0', '1', '2', '3', '4', '5', '6', '7', '8', '9']
[0, 2.3061106204986572, 2.303724765777588, 0.11112037301063538, 0.11313896994575257, 0.04809849321935128, '01:18']
[1, 2.304218053817749, 2.302764415740967, 0.11412137746810913, 0.11619006000516326, 0.05122032842880856, '00:45']
[2, 2.3038625717163086, 2.3010618686676025, 0.11820606887340546, 0.12016198394726074, 0.058123940736393195, '00:45']
[3, 2.3034849166870117, 2.298178195953369, 0.13446149230003357, 0.13604613211619876, 0.07735871709527145, '00:48']
[4, 2.301551103591919, 2.293703079223633, 0.16530510783195496, 0.1659170720779249, 0.10814005565145464, '00:48']
[5, 2.2999229431152344, 2.2862164974212646, 0.20631876587867737, 0.2050422819272372, 0.11928126869630411, '00:49']
[6, 2.296426773071289, 2.2727813720703125, 0.30293431878089905, 0.29198603289156916, 0.20548805738035422, '00:46']
[7, 2.291165590286255, 2.2490949630737305, 0.43064355850219727, 0.41752532296006273, 0.3594887458172692, '00:46']
[8, 2.2827134132385254, 2.206099033355713, 0.515921950340271, 0.5026925651352447, 0.40487402698870234, '00:48']
[9, 2.268890619277954, 2.134963274002075, 0.5560186505317688, 0.5437461939159396, 0.4661047842399018, '00:48']
[10, 2.2469379901885986, 2.019547700881958, 0.6055351495742798, 0.5937325240710463, 0.5223156341034574, '00:47']
[11, 2.2124664783477783, 1.8600225448608398, 0.6169556379318237, 0.6060384961271927, 0.5431801799750118, '00:57']
[12, 2.164842128753662, 1.6686209440231323, 0.6340447068214417, 0.6234901613359692, 0.5684105264648425, '01:01']
[13, 2.0985054969787598, 1.4576256275177002, 0.6406301856040955, 0.6302499880297054, 0.580235717091534, '01:13']
[14, 2.01286244392395, 1.2673124074935913, 0.6414638161659241, 0.6307688487556172, 0.5794488437468479, '00:45']
[15, 1.9134560823440552, 1.1062451601028442, 0.6631377339363098, 0.6530078546411459, 0.6148636064180553, '00:45']
[16, 1.8060064315795898, 1.0022695064544678, 0.6981493830680847, 0.689810401187235, 0.6794962210600988, '00:46']
[17, 1.6949687004089355, 0.9168296456336975, 0.7228242754936218, 0.7173332540698976, 0.716968497978696, '00:43']
[18, 1.5857187509536743, 0.881841242313385, 0.7217406034469604, 0.7181812923886646, 0.720605257125456, '00:46']
[19, 1.479891300201416, 0.8726444840431213, 0.7229909896850586, 0.7195922657837373, 0.7225344839436053, '00:40']
[20, 1.3799375295639038, 0.8782241344451904, 0.7217406034469604, 0.7179869001697952, 0.7207226099692582, '00:43']
[21, 1.2867062091827393, 0.8731496334075928, 0.7231577038764954, 0.7195909466211633, 0.7227810031161289, '00:43']
[22, 1.2002668380737305, 0.8735924959182739, 0.7244914770126343, 0.721204062889251, 0.7239117108267008, '00:40']
[23, 1.119998574256897, 0.8776395320892334, 0.7244914770126343, 0.721142154172003, 0.7233521012235646, '00:42']
[24, 1.0465633869171143, 0.8808467388153076, 0.7259920239448547, 0.7225395778118717, 0.7245955719079592, '00:44']
No improvement since epoch 19: early stopping

Tiempo de entrenamiento: 1232.43 segundos
/mnt/homeGPU/haoweihu/TFG/lib/python3.10/site-packages/fastai/learner.py:455: UserWarning: load_learner` uses Python's insecure pickle module, which can execute malicious arbitrary code when loading. Only load files you trust.
If you only need to load model weights and optimizer state, use the safe `Learner.load` instead.
  warn("load_learner` uses Python's insecure pickle module, which can execute malicious arbitrary code when loading. Only load files you trust.\nIf you only need to load model weights and optimizer state, use the safe `Learner.load` instead.")
Loss: 0.8808
Accuracy: 0.7260
Recall: 0.7225
F1-Score: 0.7246
Loss: 0.8427757620811462
Accuracy: 0.73828125
Recall (macro): 0.7354063009239498
F1 Score (macro): 0.7357275896168174
---------------------------------------------------------------------------
Ejecutando: fmnist_dist5_only_ex1
---------------------------------------------------------------------------
Número total de imágenes en entrenamiento: 200
Número total de imágenes en validación: 12000

Clases: ['Ankle boot', 'Bag', 'Coat', 'Dress', 'Pullover', 'Sandal', 'Shirt', 'Sneaker', 'T-shirt', 'Trouser']
[0, 2.3057327270507812, 2.30605149269104, 0.11116666346788406, 0.11116666666666668, 0.06341000109421162, '01:54']
[1, 2.304351568222046, 2.304718017578125, 0.11749999970197678, 0.11749999999999998, 0.06772363491400957, '00:52']
[2, 2.3038504123687744, 2.3023128509521484, 0.17266666889190674, 0.1726666666666667, 0.12118574872007688, '01:11']
[3, 2.3028247356414795, 2.2984910011291504, 0.22733333706855774, 0.22733333333333333, 0.14543002721357096, '00:57']
[4, 2.30173921585083, 2.2927794456481934, 0.27816668152809143, 0.2781666666666667, 0.17264836005991746, '00:43']
[5, 2.298689126968384, 2.28322696685791, 0.34599998593330383, 0.346, 0.25576156467489464, '00:43']
[6, 2.29472017288208, 2.263370990753174, 0.3838333189487457, 0.38383333333333336, 0.29725932422039447, '00:41']
[7, 2.2873730659484863, 2.2242376804351807, 0.4465000033378601, 0.4465, 0.34638796400877975, '00:45']
[8, 2.2750964164733887, 2.1505932807922363, 0.4021666646003723, 0.4021666666666667, 0.2993931805260213, '00:43']
[9, 2.254014492034912, 2.032954216003418, 0.3570833206176758, 0.3570833333333333, 0.23074748149124796, '00:45']
[10, 2.220646619796753, 1.8716672658920288, 0.33000001311302185, 0.33, 0.1978692662639859, '00:46']
[11, 2.1698012351989746, 1.6922669410705566, 0.3590833246707916, 0.3590833333333333, 0.22192658664445714, '00:47']
[12, 2.104544162750244, 1.536911129951477, 0.406166672706604, 0.40616666666666673, 0.2922405816059854, '00:46']
[13, 2.0280539989471436, 1.384384274482727, 0.5379166603088379, 0.5379166666666666, 0.48900686627567047, '00:45']
[14, 1.9436434507369995, 1.2834067344665527, 0.5411666631698608, 0.5411666666666667, 0.48339372743078124, '00:47']
[15, 1.8564032316207886, 1.2203985452651978, 0.559249997138977, 0.55925, 0.5042788113904211, '00:45']
[16, 1.7677828073501587, 1.170495629310608, 0.593833327293396, 0.5938333333333333, 0.5640362965533312, '00:47']
[17, 1.6803274154663086, 1.158697247505188, 0.578000009059906, 0.5780000000000001, 0.5488267464383381, '00:46']
[18, 1.5966153144836426, 1.1532752513885498, 0.5888333320617676, 0.5888333333333333, 0.5567624435760407, '00:52']
[19, 1.5160495042800903, 1.1668530702590942, 0.5789166688919067, 0.5789166666666666, 0.5449254239474917, '00:57']
[20, 1.4406347274780273, 1.1764384508132935, 0.5929166674613953, 0.5929166666666668, 0.5642100339923248, '01:13']
[21, 1.3701351881027222, 1.1872919797897339, 0.5981666445732117, 0.5981666666666666, 0.5727287053611233, '00:46']
[22, 1.3033671379089355, 1.2073808908462524, 0.5881666541099548, 0.5881666666666666, 0.5648975221258197, '00:44']
[23, 1.2415871620178223, 1.222843050956726, 0.5814999938011169, 0.5815, 0.555346401454634, '00:45']
No improvement since epoch 18: early stopping

Tiempo de entrenamiento: 1253.32 segundos
/mnt/homeGPU/haoweihu/TFG/lib/python3.10/site-packages/fastai/learner.py:455: UserWarning: load_learner` uses Python's insecure pickle module, which can execute malicious arbitrary code when loading. Only load files you trust.
If you only need to load model weights and optimizer state, use the safe `Learner.load` instead.
  warn("load_learner` uses Python's insecure pickle module, which can execute malicious arbitrary code when loading. Only load files you trust.\nIf you only need to load model weights and optimizer state, use the safe `Learner.load` instead.")
Loss: 1.2228
Accuracy: 0.5815
Recall: 0.5815
F1-Score: 0.5553
Loss: 2.073456048965454
Accuracy: 0.4268830120563507
Recall (macro): 0.42669400508027894
F1 Score (macro): 0.4181136332651313
---------------------------------------------------------------------------
Ejecutando: cifar10_dist5_only_ex1
---------------------------------------------------------------------------
Número total de imágenes en entrenamiento: 200
Número total de imágenes en validación: 10000

Clases: ['airplane', 'automobile', 'bird', 'cat', 'deer', 'dog', 'frog', 'horse', 'ship', 'truck']
[0, 2.304816484451294, 2.3050782680511475, 0.10000000149011612, 0.1, 0.01818181818181818, '01:27']
[1, 2.30503249168396, 2.304913282394409, 0.10000000149011612, 0.1, 0.01818181818181818, '00:38']
[2, 2.3049187660217285, 2.3046395778656006, 0.10000000149011612, 0.1, 0.01818181818181818, '00:47']
[3, 2.304532289505005, 2.304338216781616, 0.10000000149011612, 0.1, 0.01818181818181818, '00:42']
[4, 2.3042643070220947, 2.3039040565490723, 0.10000000149011612, 0.1, 0.01818181818181818, '00:37']
[5, 2.3039865493774414, 2.303494453430176, 0.10000000149011612, 0.1, 0.01818181818181818, '00:38']
[6, 2.3037216663360596, 2.3029801845550537, 0.10000000149011612, 0.1, 0.01818181818181818, '00:40']
[7, 2.3038458824157715, 2.3022522926330566, 0.10000000149011612, 0.1, 0.018183471224656786, '00:39']
[8, 2.303504467010498, 2.3015410900115967, 0.13529999554157257, 0.1353, 0.04550184245402912, '00:39']
[9, 2.30332088470459, 2.3003618717193604, 0.10859999805688858, 0.10859999999999999, 0.03276152195931127, '00:41']
[10, 2.3029463291168213, 2.2992491722106934, 0.11400000005960464, 0.11399999999999999, 0.03757358356857453, '00:43']
[11, 2.3025248050689697, 2.29765248298645, 0.11550000309944153, 0.1155, 0.04010898285514954, '00:47']
[12, 2.301971912384033, 2.295593500137329, 0.11060000211000443, 0.11059999999999999, 0.039412021228225444, '01:06']
[13, 2.3013052940368652, 2.293461322784424, 0.1379999965429306, 0.13799999999999998, 0.08018233598650883, '00:40']
[14, 2.3003108501434326, 2.2909903526306152, 0.147599995136261, 0.1476, 0.09287054047631202, '00:35']
[15, 2.299173593521118, 2.288135290145874, 0.15399999916553497, 0.154, 0.10217130160012658, '00:38']
[16, 2.297901153564453, 2.2849881649017334, 0.16179999709129333, 0.1618, 0.10346977927962567, '00:37']
[17, 2.296149730682373, 2.2816426753997803, 0.16990000009536743, 0.1699, 0.11252859407719495, '00:35']
[18, 2.2942233085632324, 2.2775704860687256, 0.1712999939918518, 0.1713, 0.11164134667861972, '00:36']
[19, 2.2917604446411133, 2.2737529277801514, 0.1662999987602234, 0.1663, 0.10258626299377546, '00:37']
[20, 2.2891767024993896, 2.2694485187530518, 0.16339999437332153, 0.16340000000000002, 0.0986029624931099, '00:39']
[21, 2.2862677574157715, 2.266409397125244, 0.16509999334812164, 0.1651, 0.10038159378525831, '00:42']
[22, 2.2831804752349854, 2.2637643814086914, 0.1648000031709671, 0.1648, 0.1015228486313499, '00:36']
[23, 2.2800307273864746, 2.261630058288574, 0.16369999945163727, 0.16369999999999998, 0.1008808700360068, '00:37']
[24, 2.27695369720459, 2.259525775909424, 0.16369999945163727, 0.1637, 0.10031390824845836, '00:36']
[25, 2.273892641067505, 2.2581467628479004, 0.16519999504089355, 0.16519999999999999, 0.1010359741410402, '00:39']
[26, 2.2709944248199463, 2.2573912143707275, 0.16449999809265137, 0.16449999999999998, 0.1009452144393262, '00:37']
[27, 2.2683186531066895, 2.257040023803711, 0.1639000028371811, 0.1639, 0.10064705153615117, '00:38']
[28, 2.2655270099639893, 2.256892442703247, 0.16380000114440918, 0.16379999999999997, 0.10069397651658703, '00:39']
[29, 2.262845993041992, 2.256863594055176, 0.16380000114440918, 0.16379999999999997, 0.10083695044608669, '00:39']

Tiempo de entrenamiento: 1259.64 segundos
/mnt/homeGPU/haoweihu/TFG/lib/python3.10/site-packages/fastai/learner.py:455: UserWarning: load_learner` uses Python's insecure pickle module, which can execute malicious arbitrary code when loading. Only load files you trust.
If you only need to load model weights and optimizer state, use the safe `Learner.load` instead.
  warn("load_learner` uses Python's insecure pickle module, which can execute malicious arbitrary code when loading. Only load files you trust.\nIf you only need to load model weights and optimizer state, use the safe `Learner.load` instead.")
Loss: 2.2569
Accuracy: 0.1638
Recall: 0.1638
F1-Score: 0.1008
Loss: 2.25850510597229
Accuracy: 0.16326121985912323
Recall (macro): 0.16338138766406624
F1 Score (macro): 0.09800833970191213
---------------------------------------------------------------------------
--------------------------MODELOS DISTILLED 0001----------------------------
---------------------------------------------------------------------------
---------------------------------------------------------------------------
Ejecutando: mnist_dist01_only_ex1
---------------------------------------------------------------------------
Número total de imágenes en entrenamiento: 12110
Número total de imágenes en validación: 11996

Clases: ['0', '1', '2', '3', '4', '5', '6', '7', '8', '9']
[0, 2.2782187461853027, 2.2564477920532227, 0.14771591126918793, 0.14673325635879375, 0.07258143852526547, '03:09']
[1, 1.247357964515686, 0.9226626753807068, 0.7329943180084229, 0.7268670960437139, 0.725090254812873, '01:06']
[2, 0.19353461265563965, 0.7620800137519836, 0.8022674322128296, 0.8002546787903924, 0.7997683615618832, '01:06']
[3, 0.0734182745218277, 0.7712754607200623, 0.8198566436767578, 0.8178952133923522, 0.8195501011975616, '01:06']
[4, 0.05663113296031952, 0.6704077124595642, 0.8560353517532349, 0.8553361407347193, 0.8546446011080114, '01:08']
[5, 0.035135649144649506, 0.6353635787963867, 0.867372453212738, 0.8665468803493177, 0.8667488377991523, '01:08']
[6, 0.03382702171802521, 0.5787370800971985, 0.8811270594596863, 0.8802471825581254, 0.8788153729557251, '01:08']
[7, 0.023796899244189262, 0.526308536529541, 0.8983827829360962, 0.8974332800638013, 0.8974372126332713, '01:08']
[8, 0.019777309149503708, 0.6124262809753418, 0.8892130851745605, 0.8889910092774661, 0.8885463587951655, '01:09']
[9, 0.017122164368629456, 0.6825185418128967, 0.8785428404808044, 0.8789549570800673, 0.8785702615138563, '01:11']
[10, 0.021270910277962685, 0.6542094349861145, 0.8897966146469116, 0.8892235952719503, 0.8882385966587594, '01:17']
[11, 0.010864784941077232, 0.7586760520935059, 0.8820440173149109, 0.8818669970390692, 0.8809139612945808, '01:31']
[12, 0.00917952973395586, 0.7031154632568359, 0.8967989087104797, 0.8967110477680382, 0.8958815407480542, '01:07']
No improvement since epoch 7: early stopping

Tiempo de entrenamiento: 1041.27 segundos
/mnt/homeGPU/haoweihu/TFG/lib/python3.10/site-packages/fastai/learner.py:455: UserWarning: load_learner` uses Python's insecure pickle module, which can execute malicious arbitrary code when loading. Only load files you trust.
If you only need to load model weights and optimizer state, use the safe `Learner.load` instead.
  warn("load_learner` uses Python's insecure pickle module, which can execute malicious arbitrary code when loading. Only load files you trust.\nIf you only need to load model weights and optimizer state, use the safe `Learner.load` instead.")
Loss: 0.7031
Accuracy: 0.8968
Recall: 0.8967
F1-Score: 0.8959
Loss: 0.6759216785430908
Accuracy: 0.9065504670143127
Recall (macro): 0.9061958785153486
F1 Score (macro): 0.905435406719635
---------------------------------------------------------------------------
Ejecutando: fmnist_dist01_only_ex1
---------------------------------------------------------------------------
Número total de imágenes en entrenamiento: 12800
Número total de imágenes en validación: 12000

Clases: ['Ankle boot', 'Bag', 'Coat', 'Dress', 'Pullover', 'Sandal', 'Shirt', 'Sneaker', 'T-shirt', 'Trouser']
[0, 2.2387020587921143, 2.1800036430358887, 0.3843333423137665, 0.3843333333333333, 0.3181936699867184, '02:41']
[1, 1.091610074043274, 1.028757929801941, 0.6225833296775818, 0.6225833333333334, 0.6145419142140803, '01:09']
[2, 0.5406293869018555, 1.1151471138000488, 0.6492499709129333, 0.6492500000000001, 0.6240325356982357, '01:12']
[3, 0.4295808672904968, 1.127734661102295, 0.671500027179718, 0.6715000000000001, 0.6563364355570949, '01:24']
[4, 0.3472576439380646, 0.9908273816108704, 0.6984999775886536, 0.6985, 0.7034031870735025, '01:30']
[5, 0.32459089159965515, 0.9393448233604431, 0.7282500267028809, 0.72825, 0.7184395854397917, '01:11']
[6, 0.2614387571811676, 0.9420071840286255, 0.746916651725769, 0.7469166666666667, 0.7368793546195291, '01:23']
[7, 0.2415129840373993, 0.9646824598312378, 0.7450000047683716, 0.7449999999999999, 0.7392526608324691, '01:28']
[8, 0.23679371178150177, 0.9115756154060364, 0.7562500238418579, 0.75625, 0.750772157748212, '01:09']
[9, 0.19641520082950592, 0.9398623704910278, 0.7583333253860474, 0.7583333333333333, 0.7589621641481696, '01:10']
[10, 0.187843918800354, 0.8328882455825806, 0.7798333168029785, 0.7798333333333334, 0.7748027248785464, '01:10']
[11, 0.17554084956645966, 0.831987202167511, 0.7848333120346069, 0.7848333333333333, 0.7802364940661481, '01:12']
[12, 0.16624583303928375, 0.8565307855606079, 0.7828333377838135, 0.7828333333333333, 0.7835398112509975, '01:09']
[13, 0.1446857452392578, 0.8845087885856628, 0.7857499718666077, 0.78575, 0.7780755199473841, '01:20']
[14, 0.13764259219169617, 0.9268029928207397, 0.7832499742507935, 0.78325, 0.7833440051019236, '01:10']
[15, 0.1334236115217209, 0.8341160416603088, 0.8019166588783264, 0.8019166666666667, 0.7989218004290712, '01:15']
[16, 0.12915998697280884, 0.7945641875267029, 0.8015833497047424, 0.8015833333333333, 0.7984959579071069, '01:16']
[17, 0.11715921014547348, 0.8518008589744568, 0.8024166822433472, 0.8024166666666668, 0.8007349484959854, '01:29']
[18, 0.1097525879740715, 0.8917728662490845, 0.7994999885559082, 0.7994999999999999, 0.7998677232275326, '01:43']
[19, 0.10633622109889984, 0.8320838212966919, 0.8110833168029785, 0.8110833333333332, 0.809945375071375, '01:09']
[20, 0.10443234443664551, 0.8634806871414185, 0.8075833320617676, 0.8075833333333333, 0.8028845122871113, '01:09']
[21, 0.10042329132556915, 0.811021625995636, 0.8130000233650208, 0.8130000000000001, 0.8127900819207765, '01:09']
No improvement since epoch 16: early stopping

Tiempo de entrenamiento: 1777.28 segundos
/mnt/homeGPU/haoweihu/TFG/lib/python3.10/site-packages/fastai/learner.py:455: UserWarning: load_learner` uses Python's insecure pickle module, which can execute malicious arbitrary code when loading. Only load files you trust.
If you only need to load model weights and optimizer state, use the safe `Learner.load` instead.
  warn("load_learner` uses Python's insecure pickle module, which can execute malicious arbitrary code when loading. Only load files you trust.\nIf you only need to load model weights and optimizer state, use the safe `Learner.load` instead.")
Loss: 0.8110
Accuracy: 0.8130
Recall: 0.8130
F1-Score: 0.8128
Loss: 4.074625492095947
Accuracy: 0.6441305875778198
Recall (macro): 0.6441944003655558
F1 Score (macro): 0.6434003869972651
---------------------------------------------------------------------------
Ejecutando: cifar10_dist01_only_ex1
---------------------------------------------------------------------------
Número total de imágenes en entrenamiento: 10670
Número total de imágenes en validación: 10000

Clases: ['airplane', 'automobile', 'bird', 'cat', 'deer', 'dog', 'frog', 'horse', 'ship', 'truck']
[0, 2.301154613494873, 2.2996129989624023, 0.11559999734163284, 0.11560000000000001, 0.04118368042145881, '02:16']
[1, 2.2541909217834473, 2.2192022800445557, 0.16290000081062317, 0.1629, 0.11289865749458909, '01:01']
[2, 1.9859195947647095, 2.304276466369629, 0.210099995136261, 0.2101, 0.17416271587190324, '01:03']
[3, 1.8642879724502563, 2.2253353595733643, 0.2418999969959259, 0.2419, 0.2117667149520567, '01:04']
[4, 1.7954009771347046, 2.2445616722106934, 0.2630000114440918, 0.263, 0.23884203878090576, '01:23']
[5, 1.7165427207946777, 2.234640121459961, 0.2840000092983246, 0.284, 0.26469020648786057, '01:36']
[6, 1.6363645792007446, 2.15389084815979, 0.31290000677108765, 0.31290000000000007, 0.30515898047988604, '00:58']
[7, 1.543511152267456, 2.272319793701172, 0.31630000472068787, 0.3163, 0.29678327201357463, '00:59']
[8, 1.4642000198364258, 2.3029518127441406, 0.32440000772476196, 0.3244, 0.30422501411309455, '00:59']
[9, 1.395536184310913, 2.6760032176971436, 0.299699991941452, 0.29969999999999997, 0.2711109533954722, '01:01']
[10, 1.3338532447814941, 2.3212006092071533, 0.35280001163482666, 0.35279999999999995, 0.3373551353683079, '00:59']
[11, 1.3178977966308594, 2.4849319458007812, 0.3407000005245209, 0.3407, 0.3187694431837656, '01:00']
No improvement since epoch 6: early stopping

Tiempo de entrenamiento: 865.72 segundos
/mnt/homeGPU/haoweihu/TFG/lib/python3.10/site-packages/fastai/learner.py:455: UserWarning: load_learner` uses Python's insecure pickle module, which can execute malicious arbitrary code when loading. Only load files you trust.
If you only need to load model weights and optimizer state, use the safe `Learner.load` instead.
  warn("load_learner` uses Python's insecure pickle module, which can execute malicious arbitrary code when loading. Only load files you trust.\nIf you only need to load model weights and optimizer state, use the safe `Learner.load` instead.")
Loss: 2.4849
Accuracy: 0.3407
Recall: 0.3407
F1-Score: 0.3188
Loss: 2.520164966583252
Accuracy: 0.33213141560554504
Recall (macro): 0.33212209708658413
F1 Score (macro): 0.30739971588288495
mail: cannot send message: Process exited with a non-zero status
