---------------------------------------------------------------------------
--------------------------MNIST DISTILLED 10--------------------------------
---------------------------------------------------------------------------
---------------------------------------------------------------------------
Ejecutando: mnist_dist1_only_ex1
---------------------------------------------------------------------------
Número total de imágenes en entrenamiento: 110
Número total de imágenes en validación: 11996

Clases: ['0', '1', '2', '3', '4', '5', '6', '7', '8', '9']
[0, 2.306086778640747, 2.305593490600586, 0.1017005667090416, 0.10417705440375466, 0.026594258611427744, '00:34']
[1, 2.303171396255493, 2.3044469356536865, 0.10161720216274261, 0.10410966866886262, 0.02580942021653935, '00:19']
[2, 2.3034510612487793, 2.3023953437805176, 0.1105368435382843, 0.11309522271738896, 0.03880500585059169, '00:19']
[3, 2.3020427227020264, 2.298595905303955, 0.09761587530374527, 0.10008396305625525, 0.0179421870579149, '00:19']
[4, 2.3003077507019043, 2.291259765625, 0.09753251075744629, 0.1, 0.017773051800091144, '00:19']
[5, 2.2960968017578125, 2.271871328353882, 0.1021173745393753, 0.10464527027027026, 0.02670837639194169, '00:19']
[6, 2.286938428878784, 2.220573663711548, 0.16755585372447968, 0.17040025229589081, 0.13304661028077946, '00:19']
[7, 2.262258768081665, 2.077275514602661, 0.45081692934036255, 0.44399624394935555, 0.3659128367488601, '00:19']
[8, 2.205653667449951, 1.7632877826690674, 0.5142547488212585, 0.5003893072351697, 0.41596629528027573, '00:19']
[9, 2.0957672595977783, 1.4226750135421753, 0.5771090388298035, 0.5685648290525597, 0.5419465712915691, '00:21']
[10, 1.9285789728164673, 1.184865117073059, 0.6169556379318237, 0.6060994947371633, 0.5876086894883217, '00:19']
[11, 1.7350423336029053, 0.992981493473053, 0.6729743480682373, 0.669041312501412, 0.6586530268953832, '00:19']
[12, 1.5374869108200073, 1.0233732461929321, 0.6547182202339172, 0.6483034902487629, 0.6535872000354812, '00:19']
[13, 1.3490899801254272, 1.0059882402420044, 0.6893131136894226, 0.6852357224268009, 0.6784247071323353, '00:19']
[14, 1.1838700771331787, 1.1014668941497803, 0.6828942894935608, 0.6789697951397731, 0.6795406762154474, '00:19']
[15, 1.0389372110366821, 1.1076536178588867, 0.6871457099914551, 0.6822192832298942, 0.6869408846210998, '00:19']
[16, 0.9112020134925842, 1.1261672973632812, 0.6962320804595947, 0.6931667562516999, 0.6925285377452064, '00:19']
No improvement since epoch 11: early stopping

Tiempo de entrenamiento: 350.19 segundos
/mnt/homeGPU/haoweihu/TFG/lib/python3.10/site-packages/fastai/learner.py:455: UserWarning: load_learner` uses Python's insecure pickle module, which can execute malicious arbitrary code when loading. Only load files you trust.
If you only need to load model weights and optimizer state, use the safe `Learner.load` instead.
  warn("load_learner` uses Python's insecure pickle module, which can execute malicious arbitrary code when loading. Only load files you trust.\nIf you only need to load model weights and optimizer state, use the safe `Learner.load` instead.")
Loss: 1.1262
Accuracy: 0.6962
Recall: 0.6932
F1-Score: 0.6925
Loss: 1.0891481637954712
Accuracy: 0.7119390964508057
Recall (macro): 0.7085185565545212
F1 Score (macro): 0.7082031975180734
---------------------------------------------------------------------------
Ejecutando: mnist_dist1_only_ex2
---------------------------------------------------------------------------
Número total de imágenes en entrenamiento: 110
Número total de imágenes en validación: 11996

Clases: ['0', '1', '2', '3', '4', '5', '6', '7', '8', '9']
[0, 2.306135892868042, 2.3048858642578125, 0.12487495690584183, 0.12127223430889153, 0.04229827801997829, '00:23']
[1, 2.306201457977295, 2.3030483722686768, 0.12629209458827972, 0.12273352173960576, 0.04193121378605543, '00:19']
[2, 2.304111957550049, 2.300152540206909, 0.14371457695960999, 0.14244515991948742, 0.052507395427281736, '00:19']
[3, 2.301764488220215, 2.2948226928710938, 0.2747582495212555, 0.2776171688561861, 0.19045854887698774, '00:21']
[4, 2.2973248958587646, 2.2817306518554688, 0.2935144901275635, 0.29787759102601635, 0.20964390102975305, '00:19']
[5, 2.2902584075927734, 2.2478384971618652, 0.37054017186164856, 0.37573432260646256, 0.316133464657212, '00:19']
[6, 2.2740426063537598, 2.156837224960327, 0.46423807740211487, 0.4682744436789833, 0.44493165737518015, '00:19']
[7, 2.235623598098755, 1.9251902103424072, 0.46573856472969055, 0.4654865590134395, 0.40995255687735604, '00:19']
[8, 2.1448376178741455, 1.5708435773849487, 0.579359769821167, 0.5744961434219851, 0.5627924609187397, '00:19']
[9, 1.9868907928466797, 1.2690625190734863, 0.6125375032424927, 0.609745780665427, 0.6018992909567809, '00:20']
[10, 1.7789154052734375, 1.2567858695983887, 0.6042847633361816, 0.6014107339087081, 0.5982739884689414, '00:20']
[11, 1.5707467794418335, 1.2947944402694702, 0.6363787651062012, 0.6321442114426048, 0.6285189284613986, '00:19']
[12, 1.369752287864685, 1.4747272729873657, 0.619206428527832, 0.6183141622054811, 0.6229666292809067, '00:19']
[13, 1.1945432424545288, 1.5094846487045288, 0.6341280341148376, 0.6321780461425284, 0.6378583815144376, '00:19']
[14, 1.0433788299560547, 1.5347110033035278, 0.650466799736023, 0.6468954093573092, 0.64539870357866, '00:19']
[15, 0.9111117720603943, 1.570593237876892, 0.6518005728721619, 0.6487345841922273, 0.6497743478151132, '00:20']
No improvement since epoch 10: early stopping

Tiempo de entrenamiento: 323.89 segundos
/mnt/homeGPU/haoweihu/TFG/lib/python3.10/site-packages/fastai/learner.py:455: UserWarning: load_learner` uses Python's insecure pickle module, which can execute malicious arbitrary code when loading. Only load files you trust.
If you only need to load model weights and optimizer state, use the safe `Learner.load` instead.
  warn("load_learner` uses Python's insecure pickle module, which can execute malicious arbitrary code when loading. Only load files you trust.\nIf you only need to load model weights and optimizer state, use the safe `Learner.load` instead.")
Loss: 1.5706
Accuracy: 0.6518
Recall: 0.6487
F1-Score: 0.6498
Loss: 1.4538524150848389
Accuracy: 0.6739783883094788
Recall (macro): 0.6717855182082079
F1 Score (macro): 0.6718743303080006
---------------------------------------------------------------------------
Ejecutando: mnist_dist1_only_ex3
---------------------------------------------------------------------------
Número total de imágenes en entrenamiento: 110
Número total de imágenes en validación: 11996

Clases: ['0', '1', '2', '3', '4', '5', '6', '7', '8', '9']
[0, 2.3038241863250732, 2.3038878440856934, 0.09911637008190155, 0.1, 0.018035646568069778, '00:27']
[1, 2.3036954402923584, 2.3023908138275146, 0.09911637008190155, 0.1, 0.018035646568069778, '00:19']
[2, 2.304302930831909, 2.2993175983428955, 0.09911637008190155, 0.1, 0.018035646568069778, '00:19']
[3, 2.301419973373413, 2.2935712337493896, 0.10020006448030472, 0.1011836790665204, 0.020390093247602735, '00:19']
[4, 2.297952175140381, 2.2813427448272705, 0.16772256791591644, 0.17055703254492935, 0.11074099267106341, '00:19']
[5, 2.291337251663208, 2.2517011165618896, 0.28517839312553406, 0.2804017979164258, 0.1976523581141008, '00:19']
[6, 2.275149345397949, 2.159621000289917, 0.5285094976425171, 0.5195478424260914, 0.4807906750350138, '00:19']
[7, 2.2359166145324707, 1.9289966821670532, 0.536095380783081, 0.5256286630965119, 0.4835745152181503, '00:19']
[8, 2.1498477458953857, 1.5546777248382568, 0.6750583648681641, 0.6697859447897632, 0.6645254190137924, '00:20']
[9, 1.9995429515838623, 1.1918156147003174, 0.6533844470977783, 0.644924912230064, 0.6017456317759059, '00:21']
[10, 1.8060917854309082, 0.9941281676292419, 0.6683894395828247, 0.6642536442962444, 0.6434990634577203, '00:20']
[11, 1.6000795364379883, 0.8354896903038025, 0.7315772175788879, 0.7268184262560032, 0.7175338989720201, '00:20']
[12, 1.3955281972885132, 0.8839094638824463, 0.7323274612426758, 0.7294788147312874, 0.7254241746769614, '00:20']
[13, 1.2139215469360352, 0.8951138854026794, 0.74424809217453, 0.7407984019298429, 0.7401347514618025, '00:20']
[14, 1.0576730966567993, 0.9070188403129578, 0.7525008320808411, 0.7494621972850948, 0.7501675200468519, '00:20']
[15, 0.9219890236854553, 0.9386886954307556, 0.7535011768341064, 0.7506268325472677, 0.7510241923937977, '00:19']
[16, 0.8052074313163757, 0.9607832431793213, 0.7570023536682129, 0.7544889563116617, 0.7534666415219405, '00:19']
No improvement since epoch 11: early stopping

Tiempo de entrenamiento: 348.27 segundos
/mnt/homeGPU/haoweihu/TFG/lib/python3.10/site-packages/fastai/learner.py:455: UserWarning: load_learner` uses Python's insecure pickle module, which can execute malicious arbitrary code when loading. Only load files you trust.
If you only need to load model weights and optimizer state, use the safe `Learner.load` instead.
  warn("load_learner` uses Python's insecure pickle module, which can execute malicious arbitrary code when loading. Only load files you trust.\nIf you only need to load model weights and optimizer state, use the safe `Learner.load` instead.")
Loss: 0.9608
Accuracy: 0.7570
Recall: 0.7545
F1-Score: 0.7535
Loss: 0.9225488305091858
Accuracy: 0.7690304517745972
Recall (macro): 0.7666837477701083
F1 Score (macro): 0.7652143220913947
---------------------------------------------------------------------------
--------------------------fmnist distilld 01-----------------------------
---------------------------------------------------------------------------
---------------------------------------------------------------------------
Ejecutando: fmnist_dist1_only_ex1
---------------------------------------------------------------------------
Número total de imágenes en entrenamiento: 100
Número total de imágenes en validación: 12000

Clases: ['Ankle boot', 'Bag', 'Coat', 'Dress', 'Pullover', 'Sandal', 'Shirt', 'Sneaker', 'T-shirt', 'Trouser']
[0, 2.3034918308258057, 2.3038876056671143, 0.10000000149011612, 0.1, 0.01818181818181818, '00:23']
[1, 2.3031370639801025, 2.303165912628174, 0.10000000149011612, 0.1, 0.01818181818181818, '00:19']
[2, 2.3031179904937744, 2.30165696144104, 0.10000000149011612, 0.1, 0.01818181818181818, '00:19']
[3, 2.3020195960998535, 2.2986903190612793, 0.10000000149011612, 0.1, 0.01818181818181818, '00:19']
[4, 2.3003995418548584, 2.2917299270629883, 0.10000000149011612, 0.1, 0.01818181818181818, '00:19']
[5, 2.296823024749756, 2.2729249000549316, 0.21183332800865173, 0.21183333333333332, 0.1672988425451374, '00:20']
[6, 2.286874771118164, 2.2119014263153076, 0.3712500035762787, 0.37124999999999997, 0.22088265023617254, '00:20']
[7, 2.2609853744506836, 2.0332298278808594, 0.35091665387153625, 0.35091666666666665, 0.2635916529210067, '00:19']
[8, 2.1956088542938232, 1.7125555276870728, 0.3801666796207428, 0.38016666666666665, 0.29416501895321534, '00:20']
[9, 2.0784287452697754, 1.4165211915969849, 0.4597499966621399, 0.45975, 0.3844696788349101, '00:19']
[10, 1.929258108139038, 1.2013633251190186, 0.546999990940094, 0.5469999999999999, 0.4851536801741118, '00:19']
[11, 1.766770362854004, 1.1237272024154663, 0.581333339214325, 0.5813333333333333, 0.5432389060631355, '00:19']
[12, 1.6075282096862793, 1.083250641822815, 0.6136666536331177, 0.6136666666666667, 0.6001655348098245, '00:19']
[13, 1.4604138135910034, 1.1314293146133423, 0.621833324432373, 0.6218333333333332, 0.5965862293192337, '00:20']
[14, 1.3255517482757568, 1.1738452911376953, 0.6017500162124634, 0.6017500000000001, 0.5963115827783744, '00:19']
[15, 1.202419638633728, 1.2446236610412598, 0.5989999771118164, 0.599, 0.5702111478528693, '00:19']
[16, 1.0935063362121582, 1.2524694204330444, 0.6172500252723694, 0.61725, 0.6096720455324087, '00:19']
[17, 0.9935925602912903, 1.3390341997146606, 0.5844166874885559, 0.5844166666666666, 0.565134986881615, '00:20']
No improvement since epoch 12: early stopping

Tiempo de entrenamiento: 362.10 segundos
/mnt/homeGPU/haoweihu/TFG/lib/python3.10/site-packages/fastai/learner.py:455: UserWarning: load_learner` uses Python's insecure pickle module, which can execute malicious arbitrary code when loading. Only load files you trust.
If you only need to load model weights and optimizer state, use the safe `Learner.load` instead.
  warn("load_learner` uses Python's insecure pickle module, which can execute malicious arbitrary code when loading. Only load files you trust.\nIf you only need to load model weights and optimizer state, use the safe `Learner.load` instead.")
Loss: 1.3390
Accuracy: 0.5844
Recall: 0.5844
F1-Score: 0.5651
Loss: 2.6137638092041016
Accuracy: 0.43459534645080566
Recall (macro): 0.43453885399028697
F1 Score (macro): 0.44260679492948257
---------------------------------------------------------------------------
Ejecutando: fmnist_dist1_only_ex2
---------------------------------------------------------------------------
Número total de imágenes en entrenamiento: 100
Número total de imágenes en validación: 12000

Clases: ['Ankle boot', 'Bag', 'Coat', 'Dress', 'Pullover', 'Sandal', 'Shirt', 'Sneaker', 'T-shirt', 'Trouser']
[0, 2.3037221431732178, 2.3046998977661133, 0.10000000149011612, 0.1, 0.01818181818181818, '00:23']
[1, 2.303382396697998, 2.303297519683838, 0.10000000149011612, 0.1, 0.01818181818181818, '00:19']
[2, 2.302436113357544, 2.300722360610962, 0.10000000149011612, 0.1, 0.01818181818181818, '00:20']
[3, 2.3006911277770996, 2.2965948581695557, 0.12991666793823242, 0.12991666666666668, 0.06565790279206393, '00:20']
[4, 2.298264265060425, 2.2883760929107666, 0.17683333158493042, 0.17683333333333334, 0.08444488591669957, '00:19']
[5, 2.294829845428467, 2.267782688140869, 0.23883333802223206, 0.23883333333333337, 0.17011134880505868, '00:20']
[6, 2.2868356704711914, 2.2196261882781982, 0.2971666753292084, 0.2971666666666667, 0.18323800639446847, '00:19']
[7, 2.2671055793762207, 2.106807231903076, 0.28025001287460327, 0.28025, 0.13151925590430338, '00:19']
[8, 2.221740961074829, 1.8559099435806274, 0.3192499876022339, 0.31925, 0.2020936412995718, '00:20']
[9, 2.138821601867676, 1.5760430097579956, 0.36633333563804626, 0.36633333333333334, 0.24305540055671723, '00:19']
[10, 2.0185129642486572, 1.3095978498458862, 0.48241665959358215, 0.48241666666666666, 0.39163762608604735, '00:20']
[11, 1.8808002471923828, 1.1854547262191772, 0.5738333463668823, 0.5738333333333332, 0.508938532493518, '00:20']
[12, 1.732684850692749, 1.1297270059585571, 0.5580000281333923, 0.558, 0.5073923493379249, '00:21']
[13, 1.592637062072754, 1.1432873010635376, 0.562250018119812, 0.5622499999999999, 0.5031950025021554, '00:20']
[14, 1.4632724523544312, 1.0883755683898926, 0.609749972820282, 0.60975, 0.5982149509359755, '00:19']
[15, 1.3456987142562866, 1.1727524995803833, 0.5847499966621399, 0.5847499999999999, 0.532998045304836, '00:19']
[16, 1.2418429851531982, 1.1609249114990234, 0.6110000014305115, 0.611, 0.5797735752721982, '00:19']
[17, 1.1409261226654053, 1.1757347583770752, 0.5887500047683716, 0.58875, 0.5611178728138754, '00:19']
[18, 1.0498430728912354, 1.2192012071609497, 0.6155833601951599, 0.6155833333333334, 0.5914259302788514, '00:19']
[19, 0.9641561508178711, 1.2640312910079956, 0.6051666736602783, 0.6051666666666666, 0.5744745101928057, '00:22']
No improvement since epoch 14: early stopping

Tiempo de entrenamiento: 406.44 segundos
/mnt/homeGPU/haoweihu/TFG/lib/python3.10/site-packages/fastai/learner.py:455: UserWarning: load_learner` uses Python's insecure pickle module, which can execute malicious arbitrary code when loading. Only load files you trust.
If you only need to load model weights and optimizer state, use the safe `Learner.load` instead.
  warn("load_learner` uses Python's insecure pickle module, which can execute malicious arbitrary code when loading. Only load files you trust.\nIf you only need to load model weights and optimizer state, use the safe `Learner.load` instead.")
Loss: 1.2640
Accuracy: 0.6052
Recall: 0.6052
F1-Score: 0.5745
Loss: 2.5100176334381104
Accuracy: 0.4436097741127014
Recall (macro): 0.44372128359678875
F1 Score (macro): 0.4329977076324642
---------------------------------------------------------------------------
Ejecutando: fmnist_dist1_only_ex3
---------------------------------------------------------------------------
Número total de imágenes en entrenamiento: 100
Número total de imágenes en validación: 12000

Clases: ['Ankle boot', 'Bag', 'Coat', 'Dress', 'Pullover', 'Sandal', 'Shirt', 'Sneaker', 'T-shirt', 'Trouser']
[0, 2.3042922019958496, 2.304006576538086, 0.10000000149011612, 0.1, 0.01818181818181818, '00:29']
[1, 2.3051295280456543, 2.302682638168335, 0.10000000149011612, 0.1, 0.01818181818181818, '00:29']
[2, 2.3042688369750977, 2.3001396656036377, 0.10000000149011612, 0.1, 0.01818181818181818, '00:20']
[3, 2.302516460418701, 2.2956478595733643, 0.10000000149011612, 0.1, 0.01818181818181818, '00:20']
[4, 2.300203323364258, 2.2856357097625732, 0.10000000149011612, 0.1, 0.018183195696643686, '00:19']
[5, 2.2941670417785645, 2.2573118209838867, 0.4168333411216736, 0.4168333333333333, 0.35049349744921754, '00:20']
[6, 2.2790281772613525, 2.178457260131836, 0.30125001072883606, 0.30124999999999996, 0.21565721901084384, '00:20']
[7, 2.239912271499634, 1.962261438369751, 0.3610000014305115, 0.36100000000000004, 0.2750635768137283, '00:20']
[8, 2.1527762413024902, 1.9079904556274414, 0.31958332657814026, 0.31958333333333333, 0.21608145264072887, '00:24']
[9, 2.019181489944458, 1.860879898071289, 0.42233332991600037, 0.4223333333333333, 0.3560983973234191, '00:20']
[10, 1.8557024002075195, 1.9267338514328003, 0.512666642665863, 0.5126666666666667, 0.46994704769289086, '00:29']
[11, 1.6884716749191284, 2.4467315673828125, 0.5131666660308838, 0.5131666666666667, 0.456376330220239, '00:19']
[12, 1.534173607826233, 2.569464683532715, 0.5018333196640015, 0.5018333333333334, 0.45783740853835087, '00:19']
[13, 1.3950124979019165, 2.4594993591308594, 0.5359166860580444, 0.5359166666666667, 0.497960236816313, '00:19']
[14, 1.2701619863510132, 2.9274673461914062, 0.5323333144187927, 0.5323333333333333, 0.5030335083957501, '00:21']
No improvement since epoch 9: early stopping

Tiempo de entrenamiento: 334.13 segundos
/mnt/homeGPU/haoweihu/TFG/lib/python3.10/site-packages/fastai/learner.py:455: UserWarning: load_learner` uses Python's insecure pickle module, which can execute malicious arbitrary code when loading. Only load files you trust.
If you only need to load model weights and optimizer state, use the safe `Learner.load` instead.
  warn("load_learner` uses Python's insecure pickle module, which can execute malicious arbitrary code when loading. Only load files you trust.\nIf you only need to load model weights and optimizer state, use the safe `Learner.load` instead.")
Loss: 2.9275
Accuracy: 0.5323
Recall: 0.5323
F1-Score: 0.5030
Loss: 4.686228275299072
Accuracy: 0.4056490361690521
Recall (macro): 0.40587603457825133
F1 Score (macro): 0.39549377005074016
---------------------------------------------------------------------------
--------------------------cifar distilld 01-----------------------------
---------------------------------------------------------------------------
---------------------------------------------------------------------------
Ejecutando: cifar10_dist1_only_ex1
---------------------------------------------------------------------------
Número total de imágenes en entrenamiento: 100
Número total de imágenes en validación: 10000

Clases: ['airplane', 'automobile', 'bird', 'cat', 'deer', 'dog', 'frog', 'horse', 'ship', 'truck']
[0, 2.3048975467681885, 2.3042149543762207, 0.1177000030875206, 0.1177, 0.037992626420567596, '00:20']
[1, 2.3040544986724854, 2.303947687149048, 0.12120000272989273, 0.1212, 0.03919167996281235, '00:17']
[2, 2.304280996322632, 2.3033769130706787, 0.12639999389648438, 0.1264, 0.041241810069730836, '00:17']
[3, 2.305116653442383, 2.3024141788482666, 0.10050000250339508, 0.10049999999999999, 0.019196561648407273, '00:16']
[4, 2.304581880569458, 2.301372766494751, 0.10029999911785126, 0.10029999999999999, 0.019001825325424587, '00:17']
[5, 2.304426670074463, 2.3006603717803955, 0.1014999970793724, 0.10149999999999999, 0.02420486974132376, '00:17']
[6, 2.3042068481445312, 2.2990989685058594, 0.10499999672174454, 0.10500000000000001, 0.035150677492974236, '00:19']
[7, 2.303483724594116, 2.2973220348358154, 0.12919999659061432, 0.12919999999999998, 0.07425557291250512, '00:28']
[8, 2.302302122116089, 2.294597625732422, 0.15150000154972076, 0.1515, 0.0867229413171019, '00:17']
[9, 2.3006339073181152, 2.2910423278808594, 0.1404000073671341, 0.1404, 0.07980564749894689, '00:17']
[10, 2.298172950744629, 2.2848756313323975, 0.156700000166893, 0.1567, 0.09518387728055308, '00:17']
[11, 2.2944746017456055, 2.2754967212677, 0.16580000519752502, 0.1658, 0.10808162774198897, '00:16']
[12, 2.28857159614563, 2.2607011795043945, 0.15719999372959137, 0.1572, 0.09734307238708466, '00:17']
[13, 2.2799618244171143, 2.2463295459747314, 0.14900000393390656, 0.149, 0.08866086598199525, '00:16']
[14, 2.266568660736084, 2.222588062286377, 0.14499999582767487, 0.145, 0.08093265837444687, '00:17']
[15, 2.2479476928710938, 2.2285733222961426, 0.163100004196167, 0.1631, 0.1154810111016898, '00:17']
[16, 2.224031925201416, 2.225778579711914, 0.1688999980688095, 0.1689, 0.11213446704724159, '00:17']
[17, 2.1952826976776123, 2.252983808517456, 0.17229999601840973, 0.17230000000000004, 0.12858653024775674, '00:17']
[18, 2.1582183837890625, 2.267765998840332, 0.17890000343322754, 0.1789, 0.1351827111449429, '00:16']
[19, 2.116715669631958, 2.324077844619751, 0.1808999925851822, 0.18089999999999998, 0.14488884599593327, '00:17']
No improvement since epoch 14: early stopping

Tiempo de entrenamiento: 359.81 segundos
/mnt/homeGPU/haoweihu/TFG/lib/python3.10/site-packages/fastai/learner.py:455: UserWarning: load_learner` uses Python's insecure pickle module, which can execute malicious arbitrary code when loading. Only load files you trust.
If you only need to load model weights and optimizer state, use the safe `Learner.load` instead.
  warn("load_learner` uses Python's insecure pickle module, which can execute malicious arbitrary code when loading. Only load files you trust.\nIf you only need to load model weights and optimizer state, use the safe `Learner.load` instead.")
Loss: 2.3241
Accuracy: 0.1809
Recall: 0.1809
F1-Score: 0.1449
Loss: 2.326967239379883
Accuracy: 0.19140625
Recall (macro): 0.19136496771523634
F1 Score (macro): 0.15343197788815693
---------------------------------------------------------------------------
Ejecutando: cifar10_dist1_only_ex2
---------------------------------------------------------------------------
Número total de imágenes en entrenamiento: 100
Número total de imágenes en validación: 10000

Clases: ['airplane', 'automobile', 'bird', 'cat', 'deer', 'dog', 'frog', 'horse', 'ship', 'truck']
[0, 2.3024933338165283, 2.304966688156128, 0.11860000342130661, 0.1186, 0.04205388583061824, '00:20']
[1, 2.303684949874878, 2.3047821521759033, 0.1185000017285347, 0.11850000000000001, 0.03998278148636346, '00:17']
[2, 2.3037781715393066, 2.3045356273651123, 0.11630000174045563, 0.1163, 0.03801020789244367, '00:17']
[3, 2.3039536476135254, 2.304041862487793, 0.11270000040531158, 0.1127, 0.03512315120720143, '00:17']
[4, 2.304154872894287, 2.3032119274139404, 0.11739999800920486, 0.11739999999999999, 0.03867777959992947, '00:17']
[5, 2.3041601181030273, 2.3024699687957764, 0.11029999703168869, 0.1103, 0.033580628755828144, '00:17']
[6, 2.304124593734741, 2.3020942211151123, 0.12060000002384186, 0.1206, 0.040624396364492874, '00:17']
[7, 2.304028034210205, 2.3008623123168945, 0.10899999737739563, 0.10899999999999999, 0.03573049920040548, '00:17']
[8, 2.3032186031341553, 2.2990684509277344, 0.10840000212192535, 0.10840000000000001, 0.03221191668173166, '00:17']
[9, 2.302327871322632, 2.295680522918701, 0.11729999631643295, 0.1173, 0.05112561077160064, '00:17']
[10, 2.3012664318084717, 2.291149139404297, 0.12380000203847885, 0.1238, 0.06462345131623841, '00:17']
[11, 2.299882650375366, 2.2864880561828613, 0.11800000071525574, 0.118, 0.04764602190839796, '00:17']
[12, 2.296302080154419, 2.276588201522827, 0.15809999406337738, 0.15810000000000002, 0.09077609309619046, '00:17']
[13, 2.2912871837615967, 2.2612462043762207, 0.1445000022649765, 0.14450000000000002, 0.06696799543115203, '00:17']
[14, 2.2839300632476807, 2.244415760040283, 0.13770000636577606, 0.1377, 0.056999349345743064, '00:17']
[15, 2.273380756378174, 2.230769395828247, 0.13109999895095825, 0.1311, 0.04704836226390323, '00:18']
[16, 2.2545218467712402, 2.2176661491394043, 0.1509000062942505, 0.1509, 0.08770806834228878, '00:17']
[17, 2.229630708694458, 2.232794761657715, 0.1535000056028366, 0.15350000000000003, 0.09074566124947121, '00:18']
[18, 2.1957783699035645, 2.271444082260132, 0.15410000085830688, 0.15410000000000001, 0.10211780722232722, '00:18']
[19, 2.156883478164673, 2.344773054122925, 0.15520000457763672, 0.1552, 0.09809403576967206, '00:17']
[20, 2.1149613857269287, 2.43871808052063, 0.15309999883174896, 0.1531, 0.1028097141631559, '00:17']
[21, 2.06982159614563, 2.5206897258758545, 0.15360000729560852, 0.15360000000000001, 0.10740417875555426, '00:17']
No improvement since epoch 16: early stopping

Tiempo de entrenamiento: 386.37 segundos
/mnt/homeGPU/haoweihu/TFG/lib/python3.10/site-packages/fastai/learner.py:455: UserWarning: load_learner` uses Python's insecure pickle module, which can execute malicious arbitrary code when loading. Only load files you trust.
If you only need to load model weights and optimizer state, use the safe `Learner.load` instead.
  warn("load_learner` uses Python's insecure pickle module, which can execute malicious arbitrary code when loading. Only load files you trust.\nIf you only need to load model weights and optimizer state, use the safe `Learner.load` instead.")
Loss: 2.5207
Accuracy: 0.1536
Recall: 0.1536
F1-Score: 0.1074
Loss: 2.523939847946167
Accuracy: 0.14903846383094788
Recall (macro): 0.1490047254952362
F1 Score (macro): 0.10440114233692346
---------------------------------------------------------------------------
Ejecutando: cifar10_dist1_only_ex3
---------------------------------------------------------------------------
Número total de imágenes en entrenamiento: 100
Número total de imágenes en validación: 10000

Clases: ['airplane', 'automobile', 'bird', 'cat', 'deer', 'dog', 'frog', 'horse', 'ship', 'truck']
[0, 2.305647850036621, 2.304535150527954, 0.10000000149011612, 0.1, 0.01818181818181818, '00:20']
[1, 2.3054497241973877, 2.304187536239624, 0.10000000149011612, 0.1, 0.01818181818181818, '00:16']
[2, 2.3048040866851807, 2.3036086559295654, 0.10000000149011612, 0.1, 0.01818181818181818, '00:17']
[3, 2.3043363094329834, 2.302669048309326, 0.10000000149011612, 0.1, 0.01818181818181818, '00:17']
[4, 2.3038103580474854, 2.3014655113220215, 0.10000000149011612, 0.1, 0.01818181818181818, '00:17']
[5, 2.302790641784668, 2.299935817718506, 0.10000000149011612, 0.1, 0.01818181818181818, '00:17']
[6, 2.302497386932373, 2.2976608276367188, 0.10779999941587448, 0.1078, 0.036297765059597455, '00:17']
[7, 2.3013505935668945, 2.2947564125061035, 0.11980000138282776, 0.11979999999999999, 0.05421915137680579, '00:17']
[8, 2.2991602420806885, 2.288806200027466, 0.15139999985694885, 0.15139999999999998, 0.09171621394807634, '00:17']
[9, 2.296973466873169, 2.2810332775115967, 0.15489999949932098, 0.15489999999999998, 0.09389287486966771, '00:17']
[10, 2.293302297592163, 2.268181800842285, 0.16099999845027924, 0.161, 0.11554748449253323, '00:17']
[11, 2.286564588546753, 2.253037691116333, 0.1590999960899353, 0.15910000000000002, 0.09935291164601756, '00:17']
[12, 2.2743701934814453, 2.230883836746216, 0.15710000693798065, 0.15710000000000002, 0.12105086896106325, '00:16']
[13, 2.254521131515503, 2.235738754272461, 0.17020000517368317, 0.1702, 0.1217111339256572, '00:17']
[14, 2.2283480167388916, 2.2437052726745605, 0.16769999265670776, 0.16770000000000002, 0.12865869431102506, '00:17']
[15, 2.1900272369384766, 2.317432403564453, 0.1598999947309494, 0.1599, 0.12211778640323911, '00:16']
[16, 2.1409852504730225, 2.4378767013549805, 0.15809999406337738, 0.1581, 0.11263905904988707, '00:17']
[17, 2.08914852142334, 2.6232218742370605, 0.15150000154972076, 0.1515, 0.09793681205081181, '00:17']
No improvement since epoch 12: early stopping

Tiempo de entrenamiento: 311.91 segundos
/mnt/homeGPU/haoweihu/TFG/lib/python3.10/site-packages/fastai/learner.py:455: UserWarning: load_learner` uses Python's insecure pickle module, which can execute malicious arbitrary code when loading. Only load files you trust.
If you only need to load model weights and optimizer state, use the safe `Learner.load` instead.
  warn("load_learner` uses Python's insecure pickle module, which can execute malicious arbitrary code when loading. Only load files you trust.\nIf you only need to load model weights and optimizer state, use the safe `Learner.load` instead.")
Loss: 2.6232
Accuracy: 0.1515
Recall: 0.1515
F1-Score: 0.0979
Loss: 2.601318120956421
Accuracy: 0.15014022588729858
Recall (macro): 0.1501901198298523
F1 Score (macro): 0.098025401146059
---------------------------------------------------------------------------
--------------------------distilld 02-----------------------------
---------------------------------------------------------------------------
---------------------------------------------------------------------------
Ejecutando: mnist_dist2_only_ex1
---------------------------------------------------------------------------
Número total de imágenes en entrenamiento: 59
Número total de imágenes en validación: 11996

Clases: ['0', '1', '2', '3', '4', '5', '6', '7', '8', '9']
[0, 2.3020780086517334, 2.304771661758423, 0.09869956970214844, 0.1, 0.01796661608497724, '00:23']
[1, 2.304494857788086, 2.304375171661377, 0.09869956970214844, 0.1, 0.01796661608497724, '00:21']
[2, 2.3056702613830566, 2.3036513328552246, 0.09869956970214844, 0.1, 0.01796661608497724, '00:19']
[3, 2.3033127784729004, 2.3025996685028076, 0.09869956970214844, 0.1, 0.01796661608497724, '00:19']
[4, 2.303741216659546, 2.301038980484009, 0.09869956970214844, 0.1, 0.01796661608497724, '00:19']
[5, 2.302248001098633, 2.298543691635132, 0.09878292679786682, 0.10008453085376164, 0.018140562427716986, '00:19']
[6, 2.3013205528259277, 2.2945499420166016, 0.1002834290266037, 0.10160608622147083, 0.021136713698942725, '00:19']
[7, 2.2991340160369873, 2.2868332862854004, 0.10828609764575958, 0.10970918904160214, 0.03518714642601728, '00:19']
[8, 2.2970712184906006, 2.2751290798187256, 0.22315771877765656, 0.22293473445003106, 0.1333313665312205, '00:20']
[9, 2.2927567958831787, 2.256763219833374, 0.2803434431552887, 0.28106411999864367, 0.19165664299308616, '00:20']
[10, 2.2857322692871094, 2.228196620941162, 0.3347782492637634, 0.3353412671809293, 0.2615361945206526, '00:21']
[11, 2.2768986225128174, 2.1849300861358643, 0.32769256830215454, 0.3286527387274336, 0.22909250468472883, '00:20']
[12, 2.261888027191162, 2.120699882507324, 0.4100533425807953, 0.412752636964548, 0.31794869502609296, '00:20']
[13, 2.245534658432007, 2.037952184677124, 0.43122708797454834, 0.43434462308806976, 0.3474652751634385, '00:21']
[14, 2.2215492725372314, 1.9419251680374146, 0.4594031274318695, 0.4623291075430605, 0.37528945408078973, '00:20']
[15, 2.1882598400115967, 1.8456425666809082, 0.5051683783531189, 0.5097515038681844, 0.4269157341325932, '00:21']
[16, 2.1497092247009277, 1.7403230667114258, 0.5265921950340271, 0.5306332535390659, 0.45992187287644193, '00:21']
[17, 2.106818675994873, 1.6386067867279053, 0.5296765565872192, 0.5309916568496055, 0.4723936702793762, '00:20']
[18, 2.056043863296509, 1.5471571683883667, 0.5684394836425781, 0.5652711297612665, 0.5273071654561428, '00:19']
[19, 1.9972113370895386, 1.465044379234314, 0.586945652961731, 0.581257879095612, 0.5452457146568392, '00:19']
[20, 1.9395085573196411, 1.400519847869873, 0.5936145186424255, 0.5875272117438326, 0.5494097135081655, '00:19']
[21, 1.8837060928344727, 1.3438409566879272, 0.6176225543022156, 0.6111728725553931, 0.5747508276996469, '00:19']
[22, 1.8204020261764526, 1.3015910387039185, 0.6440480351448059, 0.6383521519081339, 0.6097949592750335, '00:19']
[23, 1.7634100914001465, 1.2697300910949707, 0.6616371870040894, 0.6563142311114544, 0.6325740322711283, '00:19']
[24, 1.711584448814392, 1.2456319332122803, 0.6751416921615601, 0.6700691171467009, 0.6487367194233398, '00:19']
[25, 1.661242127418518, 1.2301846742630005, 0.6813104152679443, 0.6763354368799674, 0.6565725628706727, '00:20']
[26, 1.6128106117248535, 1.2202916145324707, 0.6853951215744019, 0.6805004516836515, 0.6613182655710877, '00:20']
[27, 1.5669736862182617, 1.2146508693695068, 0.6873124241828918, 0.6824389828687067, 0.6635708113832258, '00:21']
[28, 1.5239797830581665, 1.2125157117843628, 0.6886461973190308, 0.6837448345522088, 0.6650127709112279, '00:20']
[29, 1.4845609664916992, 1.212132453918457, 0.6887295842170715, 0.683830450990565, 0.6650878521897013, '00:20']

Tiempo de entrenamiento: 612.83 segundos
/mnt/homeGPU/haoweihu/TFG/lib/python3.10/site-packages/fastai/learner.py:455: UserWarning: load_learner` uses Python's insecure pickle module, which can execute malicious arbitrary code when loading. Only load files you trust.
If you only need to load model weights and optimizer state, use the safe `Learner.load` instead.
  warn("load_learner` uses Python's insecure pickle module, which can execute malicious arbitrary code when loading. Only load files you trust.\nIf you only need to load model weights and optimizer state, use the safe `Learner.load` instead.")
Loss: 1.2121
Accuracy: 0.6887
Recall: 0.6838
F1-Score: 0.6651
Loss: 1.181462049484253
Accuracy: 0.6990184187889099
Recall (macro): 0.6938315073129541
F1 Score (macro): 0.6781440042293296
---------------------------------------------------------------------------
Ejecutando: fmnist_dist2_only_ex1
---------------------------------------------------------------------------
Número total de imágenes en entrenamiento: 50
Número total de imágenes en validación: 12000

Clases: ['Ankle boot', 'Bag', 'Coat', 'Dress', 'Pullover', 'Sandal', 'Shirt', 'Sneaker', 'T-shirt', 'Trouser']
[0, 2.3075246810913086, 2.304849624633789, 0.16474999487400055, 0.16475, 0.05695913512531588, '00:24']
[1, 2.3061211109161377, 2.304260492324829, 0.17000000178813934, 0.17, 0.058910489976289074, '00:20']
[2, 2.305673599243164, 2.303206205368042, 0.16975000500679016, 0.16975, 0.06311955500584629, '00:19']
[3, 2.3042044639587402, 2.301600694656372, 0.1745000034570694, 0.17450000000000002, 0.06597048623718384, '00:19']
[4, 2.3036723136901855, 2.2992279529571533, 0.17900000512599945, 0.179, 0.06938224567294501, '00:19']
[5, 2.302422046661377, 2.2949166297912598, 0.1899166703224182, 0.18991666666666668, 0.06423547488404371, '00:19']
[6, 2.300328016281128, 2.287081241607666, 0.1899166703224182, 0.18991666666666668, 0.06459960857967295, '00:19']
[7, 2.2972772121429443, 2.2734181880950928, 0.19866666197776794, 0.19866666666666666, 0.082357753182521, '00:26']
[8, 2.292448043823242, 2.247286081314087, 0.2591666579246521, 0.25916666666666666, 0.15375685786335608, '00:38']
[9, 2.284733772277832, 2.206284523010254, 0.2942500114440918, 0.29425, 0.1967062196324104, '00:44']
[10, 2.271789073944092, 2.137622594833374, 0.31966665387153625, 0.31966666666666665, 0.22867540473670783, '00:45']
[11, 2.252884864807129, 2.0348124504089355, 0.37975001335144043, 0.37975000000000003, 0.2780428022674803, '00:44']
[12, 2.223578929901123, 1.8946582078933716, 0.4194166660308838, 0.41941666666666666, 0.35676530673455403, '00:46']
[13, 2.182999849319458, 1.736505389213562, 0.4964999854564667, 0.49650000000000005, 0.4463590085854812, '00:46']
[14, 2.130770683288574, 1.5983814001083374, 0.45899999141693115, 0.45899999999999996, 0.40884632463539167, '00:46']
[15, 2.0687026977539062, 1.465703010559082, 0.4948333203792572, 0.49483333333333335, 0.42773535030362264, '00:49']
[16, 2.0022635459899902, 1.361818790435791, 0.5211666822433472, 0.5211666666666666, 0.478434152397259, '00:45']
[17, 1.9318705797195435, 1.2936785221099854, 0.5539166927337646, 0.5539166666666667, 0.5093335255772069, '00:45']
[18, 1.86246657371521, 1.2729504108428955, 0.5289999842643738, 0.529, 0.48266063629289657, '00:45']
[19, 1.7937092781066895, 1.2101259231567383, 0.5572500228881836, 0.55725, 0.5262468443839314, '00:45']
[20, 1.7289652824401855, 1.1773139238357544, 0.5817499756813049, 0.5817499999999999, 0.5477323749492344, '00:41']
[21, 1.6654541492462158, 1.1560746431350708, 0.6007500290870667, 0.6007499999999999, 0.5672319273232569, '00:43']
[22, 1.6073992252349854, 1.143141746520996, 0.6039999723434448, 0.604, 0.5716862125833024, '00:43']
[23, 1.5523607730865479, 1.1394543647766113, 0.6051666736602783, 0.6051666666666666, 0.5737050740219984, '00:40']
[24, 1.5022507905960083, 1.1363695859909058, 0.6054999828338623, 0.6055, 0.5763351048283449, '00:37']
[25, 1.4546948671340942, 1.132574439048767, 0.6035000085830688, 0.6035, 0.574179904118795, '00:40']
[26, 1.4115484952926636, 1.129581332206726, 0.6042500138282776, 0.60425, 0.5761614779418989, '00:44']
[27, 1.3693981170654297, 1.1274884939193726, 0.6050000190734863, 0.6050000000000001, 0.577323411061635, '00:46']
[28, 1.3306924104690552, 1.1266099214553833, 0.6059166789054871, 0.6059166666666668, 0.5782657374750281, '00:47']
[29, 1.2963573932647705, 1.1264833211898804, 0.6058333516120911, 0.6058333333333333, 0.5781584244636704, '00:44']

Tiempo de entrenamiento: 1142.28 segundos
/mnt/homeGPU/haoweihu/TFG/lib/python3.10/site-packages/fastai/learner.py:455: UserWarning: load_learner` uses Python's insecure pickle module, which can execute malicious arbitrary code when loading. Only load files you trust.
If you only need to load model weights and optimizer state, use the safe `Learner.load` instead.
  warn("load_learner` uses Python's insecure pickle module, which can execute malicious arbitrary code when loading. Only load files you trust.\nIf you only need to load model weights and optimizer state, use the safe `Learner.load` instead.")
Loss: 1.1265
Accuracy: 0.6058
Recall: 0.6058
F1-Score: 0.5782
Loss: 1.275801658630371
Accuracy: 0.47405847907066345
Recall (macro): 0.4741086653373573
F1 Score (macro): 0.4559029984830156
---------------------------------------------------------------------------
Ejecutando: cifar10_dist2_only_ex3
---------------------------------------------------------------------------
Número total de imágenes en entrenamiento: 50
Número total de imágenes en validación: 10000

Clases: ['airplane', 'automobile', 'bird', 'cat', 'deer', 'dog', 'frog', 'horse', 'ship', 'truck']
[0, 2.306119203567505, 2.303473711013794, 0.10000000149011612, 0.1, 0.01818181818181818, '01:42']
[1, 2.3053362369537354, 2.3034274578094482, 0.10000000149011612, 0.1, 0.01818181818181818, '00:39']
[2, 2.3050835132598877, 2.3033387660980225, 0.10000000149011612, 0.1, 0.018183471224656786, '00:35']
[3, 2.304776906967163, 2.303206205368042, 0.10000000149011612, 0.1, 0.01818181818181818, '00:40']
[4, 2.30462384223938, 2.3029537200927734, 0.09969999641180038, 0.0997, 0.020088184786602938, '00:40']
[5, 2.3043994903564453, 2.302666425704956, 0.10270000249147415, 0.10269999999999999, 0.024836346338475243, '00:37']
[6, 2.304155111312866, 2.3021936416625977, 0.10679999738931656, 0.1068, 0.03039881213326189, '00:46']
[7, 2.303811550140381, 2.301849126815796, 0.10000000149011612, 0.1, 0.01818181818181818, '00:29']
[8, 2.3033523559570312, 2.3013722896575928, 0.10000000149011612, 0.1, 0.01818181818181818, '00:17']
[9, 2.3033788204193115, 2.3007616996765137, 0.10010000318288803, 0.1001, 0.018383271424456983, '00:17']
[10, 2.3030054569244385, 2.300208568572998, 0.1006999984383583, 0.10069999999999998, 0.019770417487723107, '00:17']
[11, 2.3025221824645996, 2.2993717193603516, 0.12020000070333481, 0.1202, 0.05322361506020943, '00:34']
[12, 2.3022727966308594, 2.2985520362854004, 0.13279999792575836, 0.1328, 0.06455934325584856, '00:33']
[13, 2.301738739013672, 2.2972147464752197, 0.15369999408721924, 0.1537, 0.08024475028804019, '00:31']
[14, 2.30114483833313, 2.295910120010376, 0.1534000039100647, 0.1534, 0.08254033235481599, '00:30']
[15, 2.300166606903076, 2.294166326522827, 0.15459999442100525, 0.15460000000000002, 0.09375834385984086, '00:31']
[16, 2.299196481704712, 2.2921836376190186, 0.14880000054836273, 0.1488, 0.08650970551700646, '00:31']
[17, 2.298124074935913, 2.29020357131958, 0.14710000157356262, 0.1471, 0.0826380378910225, '00:32']
[18, 2.2969167232513428, 2.2882401943206787, 0.13619999587535858, 0.13620000000000002, 0.0570648375277075, '00:35']
[19, 2.2953083515167236, 2.285954475402832, 0.1371999979019165, 0.1372, 0.06250279530784453, '00:37']
[20, 2.2935779094696045, 2.284029960632324, 0.14030000567436218, 0.1403, 0.06850210294949653, '00:38']
[21, 2.291731834411621, 2.282031536102295, 0.14380000531673431, 0.1438, 0.06999811155314947, '00:38']
[22, 2.290132761001587, 2.2804369926452637, 0.14830000698566437, 0.14830000000000002, 0.0738330360830789, '00:38']
[23, 2.2881407737731934, 2.2791965007781982, 0.1485999971628189, 0.1486, 0.07475890305778424, '00:38']
[24, 2.286113739013672, 2.2782180309295654, 0.14959999918937683, 0.1496, 0.07706304198259291, '00:38']
[25, 2.284221649169922, 2.2775189876556396, 0.1492999941110611, 0.1493, 0.07850811055272788, '00:34']
[26, 2.282269239425659, 2.277045965194702, 0.15039999783039093, 0.1504, 0.07975130157376657, '00:40']
[27, 2.28047513961792, 2.276778221130371, 0.15080000460147858, 0.1508, 0.08001619022813375, '00:38']
[28, 2.278714418411255, 2.2766737937927246, 0.15119999647140503, 0.1512, 0.08045582000249912, '00:34']
[29, 2.2770919799804688, 2.2766549587249756, 0.15119999647140503, 0.1512, 0.08045006265489012, '00:34']

Tiempo de entrenamiento: 1096.08 segundos
/mnt/homeGPU/haoweihu/TFG/lib/python3.10/site-packages/fastai/learner.py:455: UserWarning: load_learner` uses Python's insecure pickle module, which can execute malicious arbitrary code when loading. Only load files you trust.
If you only need to load model weights and optimizer state, use the safe `Learner.load` instead.
  warn("load_learner` uses Python's insecure pickle module, which can execute malicious arbitrary code when loading. Only load files you trust.\nIf you only need to load model weights and optimizer state, use the safe `Learner.load` instead.")
Loss: 2.2767
Accuracy: 0.1512
Recall: 0.1512
F1-Score: 0.0805
Loss: 2.276341676712036
Accuracy: 0.15504807233810425
Recall (macro): 0.15514352983101914
F1 Score (macro): 0.08456463416607485
---------------------------------------------------------------------------
--------------------------distilld 04-----------------------------
---------------------------------------------------------------------------
---------------------------------------------------------------------------
Ejecutando: mnist_dist4_only_ex1
---------------------------------------------------------------------------
Número total de imágenes en entrenamiento: 30
Número total de imágenes en validación: 11996

Clases: ['0', '1', '2', '3', '4', '5', '6', '7', '8', '9']
[0, 2.3086419105529785, 2.303251266479492, 0.11278759688138962, 0.1004078303425775, 0.021981523470761308, '01:16']
[1, 2.312810182571411, 2.3031270503997803, 0.11395464837551117, 0.10155713739404881, 0.023846425983581748, '00:39']
[2, 2.309142827987671, 2.302844524383545, 0.12179059535264969, 0.10932769712606678, 0.031516981213307746, '00:43']
[3, 2.3079922199249268, 2.3023860454559326, 0.1333777904510498, 0.12498390461852735, 0.04685535472007603, '00:45']
[4, 2.304507255554199, 2.3018457889556885, 0.10195065289735794, 0.09975530179445351, 0.01861349973365802, '00:41']
[5, 2.303802013397217, 2.3011279106140137, 0.10220073163509369, 0.1, 0.018544849493268796, '00:43']
[6, 2.3028299808502197, 2.3001351356506348, 0.10220073163509369, 0.1, 0.018544849493268796, '00:37']
[7, 2.3032734394073486, 2.2989189624786377, 0.10220073163509369, 0.1, 0.018544849493268796, '00:32']
[8, 2.302128791809082, 2.2976160049438477, 0.10220073163509369, 0.1, 0.018544849493268796, '00:46']
[9, 2.301429510116577, 2.2962164878845215, 0.10220073163509369, 0.1, 0.018544849493268796, '00:46']
[10, 2.299959897994995, 2.2946951389312744, 0.10220073163509369, 0.1, 0.018544849493268796, '00:38']
[11, 2.298652410507202, 2.29294753074646, 0.10220073163509369, 0.1, 0.018544849493268796, '00:38']
[12, 2.2964203357696533, 2.2913060188293457, 0.10311770439147949, 0.10092905405405406, 0.020401294850968938, '00:37']
[13, 2.2963736057281494, 2.289172649383545, 0.12420807033777237, 0.12082790319993583, 0.056601618088151326, '00:38']
[14, 2.297189950942993, 2.286760091781616, 0.16172057390213013, 0.15503273117330982, 0.10337894877913148, '00:40']
[15, 2.2952945232391357, 2.2841594219207764, 0.1650550216436386, 0.15871937404763814, 0.10938343743245467, '00:37']
[16, 2.294337272644043, 2.281266450881958, 0.18439479172229767, 0.17702953324244125, 0.13001166220060573, '00:36']
[17, 2.294315814971924, 2.278526782989502, 0.2057352513074875, 0.19635812680046844, 0.14622335457679284, '00:41']
[18, 2.292510747909546, 2.2760534286499023, 0.2164054661989212, 0.20586684463603505, 0.15140647434741006, '00:33']
[19, 2.290107011795044, 2.2738254070281982, 0.2309103012084961, 0.21941772324565573, 0.1580331321140283, '00:37']
[20, 2.288191795349121, 2.271799325942993, 0.24849949777126312, 0.23620491426010637, 0.16575769671327217, '00:36']
[21, 2.2864861488342285, 2.2700536251068115, 0.2648382782936096, 0.252184058425183, 0.1725020155232186, '00:35']
[22, 2.2861905097961426, 2.2684876918792725, 0.2747582495212555, 0.26188504599144435, 0.17645602471336985, '00:30']
[23, 2.285003185272217, 2.267134428024292, 0.2827609181404114, 0.2698583082268663, 0.1803222093596743, '00:40']
[24, 2.284714698791504, 2.266023874282837, 0.2901800572872162, 0.2773335439351384, 0.184051069479982, '00:46']
[25, 2.283959150314331, 2.2651774883270264, 0.2941814064979553, 0.2813689789629543, 0.18557213337272663, '00:38']
[26, 2.282902956008911, 2.2646076679229736, 0.2960987091064453, 0.283292165134184, 0.1864262242991591, '00:33']
[27, 2.28058123588562, 2.2642815113067627, 0.29784929752349854, 0.2850512762579459, 0.18753296976195674, '00:37']
[28, 2.2795968055725098, 2.264132261276245, 0.2989329695701599, 0.2861375530671577, 0.18817008542160665, '00:36']
[29, 2.279304265975952, 2.2640955448150635, 0.29909971356391907, 0.2863061168159359, 0.18820907757227873, '00:37']

Tiempo de entrenamiento: 1207.59 segundos
/mnt/homeGPU/haoweihu/TFG/lib/python3.10/site-packages/fastai/learner.py:455: UserWarning: load_learner` uses Python's insecure pickle module, which can execute malicious arbitrary code when loading. Only load files you trust.
If you only need to load model weights and optimizer state, use the safe `Learner.load` instead.
  warn("load_learner` uses Python's insecure pickle module, which can execute malicious arbitrary code when loading. Only load files you trust.\nIf you only need to load model weights and optimizer state, use the safe `Learner.load` instead.")
Loss: 2.2641
Accuracy: 0.2991
Recall: 0.2863
F1-Score: 0.1882
Loss: 2.263509750366211
Accuracy: 0.30629006028175354
Recall (macro): 0.293610121838772
F1 Score (macro): 0.1950300137185514
---------------------------------------------------------------------------
Ejecutando: fmnist_dist4_only_ex1
---------------------------------------------------------------------------
Número total de imágenes en entrenamiento: 30
Número total de imágenes en validación: 12000

Clases: ['Ankle boot', 'Bag', 'Coat', 'Dress', 'Pullover', 'Sandal', 'Shirt', 'Sneaker', 'T-shirt', 'Trouser']
[0, 2.3121249675750732, 2.3044254779815674, 0.1003333330154419, 0.10033333333333334, 0.02019058426301156, '01:04']
[1, 2.30250883102417, 2.304194927215576, 0.10058332979679108, 0.10058333333333333, 0.02120603981117757, '00:36']
[2, 2.3020730018615723, 2.303666114807129, 0.10116666555404663, 0.10116666666666667, 0.024096098173928722, '00:35']
[3, 2.30165433883667, 2.3028171062469482, 0.10241666436195374, 0.10241666666666667, 0.02631018139830584, '00:37']
[4, 2.3015730381011963, 2.301570415496826, 0.10016666352748871, 0.10016666666666667, 0.019283274600162645, '00:31']
[5, 2.3036441802978516, 2.29986834526062, 0.10000000149011612, 0.1, 0.01818181818181818, '00:33']
[6, 2.303525686264038, 2.2978463172912598, 0.10000000149011612, 0.1, 0.01818181818181818, '00:39']
[7, 2.302372694015503, 2.2957613468170166, 0.10000000149011612, 0.1, 0.01818181818181818, '00:47']
[8, 2.300762176513672, 2.2938830852508545, 0.10000000149011612, 0.1, 0.01818181818181818, '00:40']
[9, 2.301745653152466, 2.291750907897949, 0.10000000149011612, 0.1, 0.01818181818181818, '00:31']
[10, 2.3005831241607666, 2.2892556190490723, 0.10000000149011612, 0.1, 0.01818181818181818, '00:34']
[11, 2.2987160682678223, 2.2855398654937744, 0.10000000149011612, 0.1, 0.01818181818181818, '00:33']
[12, 2.2964494228363037, 2.281067132949829, 0.125, 0.125, 0.05907849774423379, '00:36']
[13, 2.2948567867279053, 2.2767510414123535, 0.1860000044107437, 0.186, 0.1378512630152802, '00:40']
[14, 2.292597770690918, 2.2724435329437256, 0.2304999977350235, 0.2305, 0.1343508418810222, '00:39']
[15, 2.2901062965393066, 2.2676923274993896, 0.24316667020320892, 0.24316666666666667, 0.12997450812831984, '00:54']
[16, 2.2882320880889893, 2.262483835220337, 0.2862499952316284, 0.28625, 0.18885013617179075, '00:45']
[17, 2.2850334644317627, 2.257453441619873, 0.29358333349227905, 0.2935833333333333, 0.19863279063251155, '00:43']
[18, 2.283907413482666, 2.2518820762634277, 0.30408334732055664, 0.30408333333333337, 0.20921409880288197, '00:37']
[19, 2.2829878330230713, 2.2462997436523438, 0.33016666769981384, 0.33016666666666666, 0.23005933702275988, '00:30']
[20, 2.2792913913726807, 2.241281747817993, 0.34191668033599854, 0.34191666666666665, 0.23669713135385786, '00:33']
[21, 2.276823043823242, 2.2367911338806152, 0.351666659116745, 0.3516666666666667, 0.24151542411818894, '00:39']
[22, 2.273895263671875, 2.2330524921417236, 0.3596666753292084, 0.3596666666666667, 0.24637763980082883, '00:47']
[23, 2.27134370803833, 2.229957342147827, 0.3635833263397217, 0.36358333333333337, 0.24891753702905045, '00:50']
[24, 2.268101215362549, 2.2275378704071045, 0.36666667461395264, 0.36666666666666664, 0.25218071701860245, '00:51']
[25, 2.266145944595337, 2.225745439529419, 0.3707500100135803, 0.37075, 0.2574726116798613, '00:47']
[26, 2.263822555541992, 2.224541425704956, 0.3734999895095825, 0.37349999999999994, 0.2622886225367738, '00:36']
[27, 2.261636257171631, 2.2238380908966064, 0.37599998712539673, 0.376, 0.2665020086938932, '00:31']
[28, 2.2591235637664795, 2.2235145568847656, 0.3760833442211151, 0.3760833333333333, 0.2670483736190551, '00:33']
[29, 2.2579708099365234, 2.223433256149292, 0.37599998712539673, 0.37600000000000006, 0.267069383066829, '00:42']

Tiempo de entrenamiento: 1209.67 segundos
/mnt/homeGPU/haoweihu/TFG/lib/python3.10/site-packages/fastai/learner.py:455: UserWarning: load_learner` uses Python's insecure pickle module, which can execute malicious arbitrary code when loading. Only load files you trust.
If you only need to load model weights and optimizer state, use the safe `Learner.load` instead.
  warn("load_learner` uses Python's insecure pickle module, which can execute malicious arbitrary code when loading. Only load files you trust.\nIf you only need to load model weights and optimizer state, use the safe `Learner.load` instead.")
Loss: 2.2234
Accuracy: 0.3760
Recall: 0.3760
F1-Score: 0.2671
Loss: 2.2366130352020264
Accuracy: 0.3506610691547394
Recall (macro): 0.35067416054494865
F1 Score (macro): 0.24816068592009857
---------------------------------------------------------------------------
Ejecutando: cifar10_dist4_only_ex3
---------------------------------------------------------------------------
Número total de imágenes en entrenamiento: 30
Número total de imágenes en validación: 10000

Clases: ['airplane', 'automobile', 'bird', 'cat', 'deer', 'dog', 'frog', 'horse', 'ship', 'truck']
[0, 2.2946629524230957, 2.304434061050415, 0.09799999743700027, 0.098, 0.01859110341799663, '00:45']
[1, 2.3097400665283203, 2.304372549057007, 0.09769999980926514, 0.0977, 0.01872352044275507, '00:33']
[2, 2.3124749660491943, 2.3041977882385254, 0.09950000047683716, 0.0995, 0.018479588556734167, '00:28']
[3, 2.306588649749756, 2.304016590118408, 0.09939999878406525, 0.0994, 0.01846137362048645, '00:28']
[4, 2.303662061691284, 2.303718328475952, 0.10000000149011612, 0.1, 0.018367993228643614, '00:23']
[5, 2.3021745681762695, 2.3033533096313477, 0.10000000149011612, 0.1, 0.01818181818181818, '00:39']
[6, 2.303997755050659, 2.302964210510254, 0.10000000149011612, 0.1, 0.01818181818181818, '00:40']
[7, 2.307163953781128, 2.3024778366088867, 0.10000000149011612, 0.1, 0.01818181818181818, '00:35']
[8, 2.308269739151001, 2.30220890045166, 0.10000000149011612, 0.1, 0.01818181818181818, '00:24']
[9, 2.3071916103363037, 2.301906108856201, 0.10000000149011612, 0.1, 0.01818181818181818, '00:30']
[10, 2.307265520095825, 2.30153751373291, 0.10000000149011612, 0.1, 0.01818181818181818, '00:26']
[11, 2.3071019649505615, 2.3012783527374268, 0.10000000149011612, 0.1, 0.01818181818181818, '00:26']
[12, 2.305657386779785, 2.3010005950927734, 0.10000000149011612, 0.1, 0.01818181818181818, '00:26']
[13, 2.305219888687134, 2.3007476329803467, 0.10000000149011612, 0.1, 0.01818181818181818, '00:27']
[14, 2.3047385215759277, 2.30035662651062, 0.10000000149011612, 0.1, 0.01818181818181818, '00:30']
[15, 2.303718328475952, 2.300122022628784, 0.10000000149011612, 0.1, 0.01818181818181818, '00:29']
[16, 2.302964925765991, 2.299940347671509, 0.10000000149011612, 0.1, 0.01818181818181818, '00:28']
[17, 2.3036861419677734, 2.2996909618377686, 0.10000000149011612, 0.1, 0.01818181818181818, '00:28']
[18, 2.303865671157837, 2.2995004653930664, 0.10000000149011612, 0.1, 0.01818181818181818, '00:29']
[19, 2.302826166152954, 2.2992665767669678, 0.10000000149011612, 0.1, 0.01818181818181818, '00:27']
[20, 2.304244041442871, 2.2990200519561768, 0.10000000149011612, 0.1, 0.01818181818181818, '00:29']
[21, 2.303778886795044, 2.2988269329071045, 0.10000000149011612, 0.1, 0.01818181818181818, '00:27']
[22, 2.3042736053466797, 2.2986321449279785, 0.10000000149011612, 0.1, 0.01818181818181818, '00:26']
[23, 2.3048229217529297, 2.298452615737915, 0.10000000149011612, 0.1, 0.01818181818181818, '00:29']
[24, 2.304621934890747, 2.2983200550079346, 0.10000000149011612, 0.1, 0.01818181818181818, '00:26']
[25, 2.303314685821533, 2.2982256412506104, 0.10000000149011612, 0.1, 0.01818181818181818, '00:40']
[26, 2.302692174911499, 2.2981629371643066, 0.10000000149011612, 0.1, 0.01818181818181818, '00:40']
[27, 2.3024630546569824, 2.2981293201446533, 0.10000000149011612, 0.1, 0.01818181818181818, '00:35']
[28, 2.301665782928467, 2.2981116771698, 0.10000000149011612, 0.1, 0.01818181818181818, '00:28']
[29, 2.300798177719116, 2.2981057167053223, 0.10000000149011612, 0.1, 0.01818181818181818, '00:35']

Tiempo de entrenamiento: 930.21 segundos
/mnt/homeGPU/haoweihu/TFG/lib/python3.10/site-packages/fastai/learner.py:455: UserWarning: load_learner` uses Python's insecure pickle module, which can execute malicious arbitrary code when loading. Only load files you trust.
If you only need to load model weights and optimizer state, use the safe `Learner.load` instead.
  warn("load_learner` uses Python's insecure pickle module, which can execute malicious arbitrary code when loading. Only load files you trust.\nIf you only need to load model weights and optimizer state, use the safe `Learner.load` instead.")
Loss: 2.2981
Accuracy: 0.1000
Recall: 0.1000
F1-Score: 0.0182
Loss: 2.2985966205596924
Accuracy: 0.09985977411270142
Recall (macro): 0.1
F1 Score (macro): 0.01815863764684455
mail: cannot send message: Process exited with a non-zero status
