/mnt/homeGPU/haoweihu/TFG/lib/python3.10/site-packages/torchvision/models/_utils.py:208: UserWarning: The parameter 'pretrained' is deprecated since 0.13 and may be removed in the future, please use 'weights' instead.
  warnings.warn(
/mnt/homeGPU/haoweihu/TFG/lib/python3.10/site-packages/torchvision/models/_utils.py:223: UserWarning: Arguments other than a weight enum or `None` for 'weights' are deprecated since 0.13 and may be removed in the future. The current behavior is equivalent to passing `weights=EfficientNet_V2_S_Weights.IMAGENET1K_V1`. You can also use `weights=EfficientNet_V2_S_Weights.DEFAULT` to get the most up-to-date weights.
  warnings.warn(msg)
---------------------------------------------------------------------------
Ejecutando: cifar_10pct_effnetv2s_quant
---------------------------------------------------------------------------
False
Número total de imágenes en entrenamiento: 4000
Número total de imágenes en validación: 10000
Clases: ['airplane', 'automobile', 'bird', 'cat', 'deer', 'dog', 'frog', 'horse', 'ship', 'truck']
weights = None
[0, 3.6253390312194824, 2.618854284286499, 0.1420000046491623, 0.142, 0.13447480532587303, '01:16']
[1, 3.347283363342285, 2.2860774993896484, 0.24619999527931213, 0.24620000000000003, 0.22753136962015427, '01:01']
[2, 3.0541045665740967, 2.1643757820129395, 0.2897999882698059, 0.2898, 0.269876983817996, '01:02']
[3, 2.8825628757476807, 2.0766358375549316, 0.30570000410079956, 0.30569999999999997, 0.2911552155316083, '01:02']
[4, 2.677856683731079, 1.9920461177825928, 0.3248000144958496, 0.3248, 0.30833302101185517, '01:01']
[5, 2.4937903881073, 1.9163150787353516, 0.33739998936653137, 0.33740000000000003, 0.3216501601947425, '01:03']
[6, 2.310983419418335, 1.825691819190979, 0.3569999933242798, 0.35700000000000004, 0.3485963395158568, '01:02']
[7, 2.1962544918060303, 1.7715810537338257, 0.36890000104904175, 0.3689, 0.36574471449670787, '01:02']
[8, 2.137936592102051, 1.7698421478271484, 0.3747999966144562, 0.37479999999999997, 0.36863227727423886, '01:01']
[9, 2.05358624458313, 1.8279179334640503, 0.38339999318122864, 0.3834000000000001, 0.3701309540518033, '01:02']
[10, 1.994978666305542, 1.7133458852767944, 0.3946000039577484, 0.39460000000000006, 0.3791948380987815, '01:03']
[11, 1.9015759229660034, 1.667940378189087, 0.40230000019073486, 0.4023, 0.3920121991255153, '01:02']
[12, 1.8120487928390503, 1.6248435974121094, 0.4212999939918518, 0.4212999999999999, 0.41185546733569156, '01:01']
[13, 1.7835756540298462, 1.5892847776412964, 0.43380001187324524, 0.4338, 0.4257286378642629, '01:02']
[14, 1.7482972145080566, 1.5542048215866089, 0.44519999623298645, 0.4452000000000001, 0.4400636367980898, '01:03']
[15, 1.6941598653793335, 1.5550377368927002, 0.44940000772476196, 0.44939999999999997, 0.4424945031175927, '01:05']
[16, 1.656687617301941, 1.528672218322754, 0.4609000086784363, 0.4609, 0.45672076839859577, '01:02']
[17, 1.6083487272262573, 1.5089826583862305, 0.4668999910354614, 0.46690000000000004, 0.4557901685526776, '01:02']
[18, 1.5648027658462524, 1.4916056394577026, 0.46860000491142273, 0.4686, 0.459911499754154, '01:04']
[19, 1.5319503545761108, 1.4732763767242432, 0.4722000062465668, 0.47219999999999995, 0.4623235885071441, '01:03']
[20, 1.5053421258926392, 1.4626500606536865, 0.478300005197525, 0.47830000000000006, 0.4700843546782945, '01:02']
[21, 1.475589632987976, 1.4614613056182861, 0.48350000381469727, 0.4835, 0.47506185425543634, '01:02']
[22, 1.4345213174819946, 1.4561419486999512, 0.4860000014305115, 0.48600000000000004, 0.4784839953250207, '01:04']
[23, 1.422593593597412, 1.4448672533035278, 0.4876999855041504, 0.4877000000000001, 0.48097122933543923, '01:05']
[24, 1.4013280868530273, 1.440675139427185, 0.487199991941452, 0.48719999999999997, 0.47943900891127333, '01:02']
[25, 1.4129536151885986, 1.4373904466629028, 0.49230000376701355, 0.4923, 0.486057079563811, '01:04']
[26, 1.3899215459823608, 1.433009147644043, 0.4952999949455261, 0.49529999999999996, 0.48863653727657097, '01:04']
[27, 1.374444603919983, 1.4320100545883179, 0.48989999294281006, 0.4899, 0.48472956019541813, '01:03']
[28, 1.3875683546066284, 1.4281240701675415, 0.4934999942779541, 0.49349999999999994, 0.4867587286544216, '01:03']
[29, 1.3660186529159546, 1.4309312105178833, 0.4925000071525574, 0.4925, 0.48690011799963706, '01:03']

Tiempo de entrenamiento: 1905.93 segundos
/mnt/homeGPU/haoweihu/TFG/lib/python3.10/site-packages/fastai/learner.py:455: UserWarning: load_learner` uses Python's insecure pickle module, which can execute malicious arbitrary code when loading. Only load files you trust.
If you only need to load model weights and optimizer state, use the safe `Learner.load` instead.
  warn("load_learner` uses Python's insecure pickle module, which can execute malicious arbitrary code when loading. Only load files you trust.\nIf you only need to load model weights and optimizer state, use the safe `Learner.load` instead.")
Loss (valid): 1.4309
Accuracy (valid): 0.4925
Recall (valid): 0.4925
F1-Score (valid): 0.4869
/mnt/homeGPU/haoweihu/TFG/lib/python3.10/site-packages/torchvision/models/_utils.py:208: UserWarning: The parameter 'pretrained' is deprecated since 0.13 and may be removed in the future, please use 'weights' instead.
  warnings.warn(
/mnt/homeGPU/haoweihu/TFG/lib/python3.10/site-packages/torchvision/models/_utils.py:223: UserWarning: Arguments other than a weight enum or `None` for 'weights' are deprecated since 0.13 and may be removed in the future. The current behavior is equivalent to passing `weights=EfficientNet_V2_S_Weights.IMAGENET1K_V1`. You can also use `weights=EfficientNet_V2_S_Weights.DEFAULT` to get the most up-to-date weights.
  warnings.warn(msg)
Loss (test): 1.4352
Accuracy (test): 0.4994
Recall (test): 0.4994
F1-Score (test): 0.4937
---------------------------------------------------------------------------
Ejecutando: cifar_20pct_effnetv2s_quant
---------------------------------------------------------------------------
False
Número total de imágenes en entrenamiento: 8000
Número total de imágenes en validación: 10000
Clases: ['airplane', 'automobile', 'bird', 'cat', 'deer', 'dog', 'frog', 'horse', 'ship', 'truck']
weights = None
[0, 3.367033004760742, 2.370441198348999, 0.2101999968290329, 0.21020000000000003, 0.1961226176027873, '01:25']
[1, 3.036628007888794, 2.112741231918335, 0.28519999980926514, 0.2852, 0.27365854151881236, '01:26']
[2, 2.750845193862915, 1.98758065700531, 0.32839998602867126, 0.3284, 0.31495001352299606, '01:25']
[3, 2.5166940689086914, 1.866507649421692, 0.34940001368522644, 0.3494, 0.33968140555710646, '01:25']
[4, 2.275965690612793, 1.807341456413269, 0.3546999990940094, 0.35469999999999996, 0.34436140040099456, '01:24']
[5, 2.1116724014282227, 1.7008830308914185, 0.3887999951839447, 0.3888, 0.3751413726060059, '01:24']
[6, 1.9776294231414795, 1.6669560670852661, 0.4074999988079071, 0.40750000000000003, 0.3963694373558523, '01:24']
[7, 1.8961783647537231, 1.6989818811416626, 0.41190001368522644, 0.4119, 0.40059000693930413, '01:24']
[8, 1.8047854900360107, 1.5694215297698975, 0.4480000138282776, 0.44799999999999995, 0.4362419852783776, '01:24']
[9, 1.7568212747573853, 1.537028431892395, 0.46129998564720154, 0.46129999999999993, 0.4521520688745836, '01:25']
[10, 1.6472738981246948, 1.4824135303497314, 0.4781999886035919, 0.4782, 0.47191157761912256, '01:24']
[11, 1.5744125843048096, 1.4209480285644531, 0.49869999289512634, 0.49870000000000003, 0.4916043954519919, '01:24']
[12, 1.5029997825622559, 1.379323959350586, 0.5145000219345093, 0.5145, 0.5052362650757842, '01:25']
[13, 1.434278964996338, 1.3348239660263062, 0.5329999923706055, 0.5330000000000001, 0.5306245963209734, '01:24']
[14, 1.3972893953323364, 1.3114686012268066, 0.5400999784469604, 0.5401, 0.5336870208129048, '01:26']
[15, 1.339836835861206, 1.2849655151367188, 0.5494999885559082, 0.5495, 0.5451796800920683, '01:26']
[16, 1.3170312643051147, 1.2648260593414307, 0.5587000250816345, 0.5587, 0.5538314058067075, '01:25']
[17, 1.2799688577651978, 1.2512407302856445, 0.5670999884605408, 0.5671000000000002, 0.5628772213740132, '01:27']
[18, 1.2404756546020508, 1.2244864702224731, 0.5728999972343445, 0.5729, 0.5684519517000941, '01:26']
[19, 1.1969307661056519, 1.2140661478042603, 0.5778999924659729, 0.5779, 0.5732596114654096, '01:25']
[20, 1.1928762197494507, 1.2036666870117188, 0.5824000239372253, 0.5824, 0.5769698240718579, '01:25']
[21, 1.1572555303573608, 1.19185471534729, 0.5856999754905701, 0.5857, 0.5826861762623754, '01:25']
[22, 1.1455988883972168, 1.1942249536514282, 0.5860999822616577, 0.5861, 0.5810249857696667, '01:25']
[23, 1.1109271049499512, 1.1935404539108276, 0.5863000154495239, 0.5863, 0.5806103414785623, '01:27']
[24, 1.1193617582321167, 1.1944736242294312, 0.5864999890327454, 0.5865, 0.5802905291486662, '01:25']
[25, 1.0836259126663208, 1.184679627418518, 0.588100016117096, 0.5881000000000001, 0.5829041816758993, '01:24']
[26, 1.0807968378067017, 1.1811285018920898, 0.5921000242233276, 0.5921000000000001, 0.5873008750450742, '01:25']
[27, 1.0811632871627808, 1.179561734199524, 0.5903000235557556, 0.5902999999999999, 0.5859981664809452, '01:24']
[28, 1.0794154405593872, 1.1796709299087524, 0.5910000205039978, 0.591, 0.5862776269638508, '01:25']
[29, 1.08037531375885, 1.181563138961792, 0.5900999903678894, 0.5901000000000001, 0.5851188931771761, '01:24']

Tiempo de entrenamiento: 2562.90 segundos
/mnt/homeGPU/haoweihu/TFG/lib/python3.10/site-packages/fastai/learner.py:455: UserWarning: load_learner` uses Python's insecure pickle module, which can execute malicious arbitrary code when loading. Only load files you trust.
If you only need to load model weights and optimizer state, use the safe `Learner.load` instead.
  warn("load_learner` uses Python's insecure pickle module, which can execute malicious arbitrary code when loading. Only load files you trust.\nIf you only need to load model weights and optimizer state, use the safe `Learner.load` instead.")
Loss (valid): 1.1816
Accuracy (valid): 0.5901
Recall (valid): 0.5901
F1-Score (valid): 0.5851
/mnt/homeGPU/haoweihu/TFG/lib/python3.10/site-packages/torchvision/models/_utils.py:208: UserWarning: The parameter 'pretrained' is deprecated since 0.13 and may be removed in the future, please use 'weights' instead.
  warnings.warn(
/mnt/homeGPU/haoweihu/TFG/lib/python3.10/site-packages/torchvision/models/_utils.py:223: UserWarning: Arguments other than a weight enum or `None` for 'weights' are deprecated since 0.13 and may be removed in the future. The current behavior is equivalent to passing `weights=EfficientNet_V2_S_Weights.IMAGENET1K_V1`. You can also use `weights=EfficientNet_V2_S_Weights.DEFAULT` to get the most up-to-date weights.
  warnings.warn(msg)
Loss (test): 1.1894
Accuracy (test): 0.5836
Recall (test): 0.5837
F1-Score (test): 0.5780
---------------------------------------------------------------------------
Ejecutando: cifar_30pct_effnetv2s_quant
---------------------------------------------------------------------------
False
Número total de imágenes en entrenamiento: 12000
Número total de imágenes en validación: 10000
Clases: ['airplane', 'automobile', 'bird', 'cat', 'deer', 'dog', 'frog', 'horse', 'ship', 'truck']
weights = None
[0, 3.2176458835601807, 2.2575418949127197, 0.2290000021457672, 0.229, 0.2231970512263251, '01:47']
[1, 2.852144718170166, 2.0627615451812744, 0.3046000003814697, 0.3046, 0.28714426338271026, '01:47']
[2, 2.563739538192749, 1.9046162366867065, 0.3407999873161316, 0.34080000000000005, 0.3289252457620708, '01:47']
[3, 2.2919692993164062, 1.8498455286026, 0.3562000095844269, 0.35619999999999996, 0.33733669570828434, '01:47']
[4, 2.0859262943267822, 1.7256337404251099, 0.3959999978542328, 0.396, 0.3857866132638863, '01:47']
[5, 1.947044014930725, 1.6287212371826172, 0.41780000925064087, 0.41780000000000006, 0.40625993642718516, '01:45']
[6, 1.8383328914642334, 1.5813244581222534, 0.44040000438690186, 0.4404, 0.4261398770466524, '01:50']
[7, 1.7059082984924316, 1.4721261262893677, 0.47699999809265137, 0.47700000000000004, 0.46470645596158533, '01:46']
[8, 1.6445387601852417, 1.4154741764068604, 0.5006999969482422, 0.5006999999999999, 0.4905212921225953, '01:48']
[9, 1.4994763135910034, 1.3588647842407227, 0.520799994468689, 0.5207999999999999, 0.5149605281177382, '01:48']
[10, 1.4388060569763184, 1.294505000114441, 0.5472999811172485, 0.5473, 0.53967104312328, '01:48']
[11, 1.3666268587112427, 1.2478880882263184, 0.5569999814033508, 0.557, 0.5486541758469266, '01:50']
[12, 1.3113261461257935, 1.2084890604019165, 0.5723999738693237, 0.5724, 0.5668321667461351, '01:47']
[13, 1.2624412775039673, 1.1765825748443604, 0.5839999914169312, 0.584, 0.5789301123715541, '01:48']
[14, 1.2025035619735718, 1.1438015699386597, 0.5949000120162964, 0.5949000000000001, 0.5898651903321056, '01:50']
[15, 1.1829956769943237, 1.1255700588226318, 0.6039999723434448, 0.6040000000000001, 0.6013216152253695, '01:48']
[16, 1.1351085901260376, 1.110670566558838, 0.608299970626831, 0.6083000000000001, 0.603140193134793, '01:48']
[17, 1.1259231567382812, 1.0942119359970093, 0.6144000291824341, 0.6144, 0.6088967478489776, '01:46']
[18, 1.0686285495758057, 1.0828239917755127, 0.6215000152587891, 0.6214999999999999, 0.6172387793956834, '01:45']
[19, 1.0452511310577393, 1.082735300064087, 0.6241000294685364, 0.6241, 0.6190528797273618, '01:44']
[20, 1.0011826753616333, 1.0701960325241089, 0.6273999810218811, 0.6274, 0.6229991546087548, '01:45']
[21, 1.0068188905715942, 1.0606274604797363, 0.6317999958992004, 0.6318, 0.6288138203021633, '01:44']
[22, 1.004555583000183, 1.060243010520935, 0.6273000240325928, 0.6273, 0.6236977074890142, '01:44']
[23, 0.9779144525527954, 1.0598615407943726, 0.6292999982833862, 0.6293, 0.6249471364596746, '01:45']
[24, 0.9616618752479553, 1.0546796321868896, 0.6306999921798706, 0.6307, 0.6274060034662301, '01:45']
[25, 0.9589667320251465, 1.0559860467910767, 0.6302000284194946, 0.6302000000000001, 0.6261452647602088, '01:44']
[26, 0.943553626537323, 1.057264804840088, 0.6313999891281128, 0.6314, 0.627187636347961, '01:44']
[27, 0.9271618723869324, 1.0586366653442383, 0.6327000260353088, 0.6327, 0.6281947218115768, '01:45']
[28, 0.9282450079917908, 1.0528961420059204, 0.6312999725341797, 0.6313000000000001, 0.6274012589251482, '01:45']
[29, 0.9314876198768616, 1.0531824827194214, 0.631600022315979, 0.6315999999999999, 0.6280203664786167, '01:45']

Tiempo de entrenamiento: 3204.70 segundos
/mnt/homeGPU/haoweihu/TFG/lib/python3.10/site-packages/fastai/learner.py:455: UserWarning: load_learner` uses Python's insecure pickle module, which can execute malicious arbitrary code when loading. Only load files you trust.
If you only need to load model weights and optimizer state, use the safe `Learner.load` instead.
  warn("load_learner` uses Python's insecure pickle module, which can execute malicious arbitrary code when loading. Only load files you trust.\nIf you only need to load model weights and optimizer state, use the safe `Learner.load` instead.")
Loss (valid): 1.0532
Accuracy (valid): 0.6316
Recall (valid): 0.6316
F1-Score (valid): 0.6280
/mnt/homeGPU/haoweihu/TFG/lib/python3.10/site-packages/torchvision/models/_utils.py:208: UserWarning: The parameter 'pretrained' is deprecated since 0.13 and may be removed in the future, please use 'weights' instead.
  warnings.warn(
/mnt/homeGPU/haoweihu/TFG/lib/python3.10/site-packages/torchvision/models/_utils.py:223: UserWarning: Arguments other than a weight enum or `None` for 'weights' are deprecated since 0.13 and may be removed in the future. The current behavior is equivalent to passing `weights=EfficientNet_V2_S_Weights.IMAGENET1K_V1`. You can also use `weights=EfficientNet_V2_S_Weights.DEFAULT` to get the most up-to-date weights.
  warnings.warn(msg)
Loss (test): 1.0690
Accuracy (test): 0.6304
Recall (test): 0.6304
F1-Score (test): 0.6263
---------------------------------------------------------------------------
Ejecutando: cifar_40pct_effnetv2s_quant
---------------------------------------------------------------------------
False
Número total de imágenes en entrenamiento: 16000
Número total de imágenes en validación: 10000
Clases: ['airplane', 'automobile', 'bird', 'cat', 'deer', 'dog', 'frog', 'horse', 'ship', 'truck']
weights = None
[0, 3.1249544620513916, 2.2632999420166016, 0.24809999763965607, 0.2481, 0.23431695887480605, '02:06']
[1, 2.7739791870117188, 2.024338960647583, 0.3158000111579895, 0.3158, 0.30892850477068795, '02:09']
[2, 2.4213554859161377, 1.8575693368911743, 0.3497999906539917, 0.3498, 0.3415351986217202, '02:07']
[3, 2.171107292175293, 1.7247039079666138, 0.3905999958515167, 0.39059999999999995, 0.3811818338065663, '02:08']
[4, 1.983113169670105, 1.6444175243377686, 0.41350001096725464, 0.4135, 0.4054671834724963, '02:07']
[5, 1.8096100091934204, 1.5552337169647217, 0.4438000023365021, 0.4438, 0.4323472843990741, '02:09']
[6, 1.6956850290298462, 1.45426344871521, 0.48159998655319214, 0.4816000000000001, 0.4727251602468788, '02:08']
[7, 1.5428721904754639, 1.3758612871170044, 0.507099986076355, 0.5071, 0.5019516463615618, '02:09']
[8, 1.4174913167953491, 1.2923611402511597, 0.5414000153541565, 0.5414, 0.5387474163712771, '02:08']
[9, 1.3851065635681152, 1.232166051864624, 0.5594000220298767, 0.5593999999999999, 0.5549189993668805, '02:10']
[10, 1.277076005935669, 1.1968777179718018, 0.5769000053405762, 0.5769, 0.5726570767117642, '02:09']
[11, 1.2347095012664795, 1.151018738746643, 0.5914000272750854, 0.5914, 0.5887867802655234, '02:09']
[12, 1.1781549453735352, 1.1207648515701294, 0.6047999858856201, 0.6047999999999999, 0.6032312401941672, '02:08']
[13, 1.1532213687896729, 1.0941845178604126, 0.6136000156402588, 0.6136, 0.6120422642233847, '02:09']
[14, 1.0865243673324585, 1.0758860111236572, 0.6194000244140625, 0.6194, 0.6173328168036928, '02:08']
[15, 1.0536015033721924, 1.0688649415969849, 0.6240000128746033, 0.624, 0.6209233345666182, '02:10']
[16, 1.035608172416687, 1.047937035560608, 0.6355000138282776, 0.6355000000000001, 0.6328156125651667, '02:10']
[17, 0.9782066345214844, 1.0421748161315918, 0.6363999843597412, 0.6364, 0.6345840926219122, '02:07']
[18, 0.9990752339363098, 1.0405328273773193, 0.6333000063896179, 0.6333, 0.6299717210818284, '02:08']
[19, 0.9648444652557373, 1.0255459547042847, 0.6388999819755554, 0.6389, 0.636440832083129, '02:09']
[20, 0.9555832743644714, 1.0188666582107544, 0.6437000036239624, 0.6437, 0.6413830692908364, '02:11']
[21, 0.9443914294242859, 1.0176961421966553, 0.644599974155426, 0.6446000000000001, 0.6418509947514, '02:09']
[22, 0.9008989334106445, 1.0115742683410645, 0.6456999778747559, 0.6456999999999999, 0.6438944890917949, '02:09']
[23, 0.9216047525405884, 1.011396050453186, 0.6474999785423279, 0.6475, 0.6452297082027426, '02:08']
[24, 0.8960344195365906, 1.0086363554000854, 0.6467000246047974, 0.6466999999999999, 0.6449307673411914, '02:08']
[25, 0.8709235787391663, 1.007367730140686, 0.647599995136261, 0.6476, 0.6457053679944373, '02:06']
[26, 0.8802338242530823, 1.005242943763733, 0.6506999731063843, 0.6506999999999998, 0.6486407366935673, '02:06']
[27, 0.8944206237792969, 1.005526065826416, 0.6517000198364258, 0.6517, 0.6502037101127702, '02:07']
[28, 0.8491089344024658, 1.0081714391708374, 0.6503000259399414, 0.6503, 0.648233021090703, '02:05']
[29, 0.8822903037071228, 1.0043398141860962, 0.6492999792098999, 0.6493, 0.6481941043271778, '02:07']

Tiempo de entrenamiento: 3858.53 segundos
/mnt/homeGPU/haoweihu/TFG/lib/python3.10/site-packages/fastai/learner.py:455: UserWarning: load_learner` uses Python's insecure pickle module, which can execute malicious arbitrary code when loading. Only load files you trust.
If you only need to load model weights and optimizer state, use the safe `Learner.load` instead.
  warn("load_learner` uses Python's insecure pickle module, which can execute malicious arbitrary code when loading. Only load files you trust.\nIf you only need to load model weights and optimizer state, use the safe `Learner.load` instead.")
Loss (valid): 1.0043
Accuracy (valid): 0.6493
Recall (valid): 0.6493
F1-Score (valid): 0.6482
/mnt/homeGPU/haoweihu/TFG/lib/python3.10/site-packages/torchvision/models/_utils.py:208: UserWarning: The parameter 'pretrained' is deprecated since 0.13 and may be removed in the future, please use 'weights' instead.
  warnings.warn(
/mnt/homeGPU/haoweihu/TFG/lib/python3.10/site-packages/torchvision/models/_utils.py:223: UserWarning: Arguments other than a weight enum or `None` for 'weights' are deprecated since 0.13 and may be removed in the future. The current behavior is equivalent to passing `weights=EfficientNet_V2_S_Weights.IMAGENET1K_V1`. You can also use `weights=EfficientNet_V2_S_Weights.DEFAULT` to get the most up-to-date weights.
  warnings.warn(msg)
Loss (test): 1.0117
Accuracy (test): 0.6502
Recall (test): 0.6502
F1-Score (test): 0.6478
---------------------------------------------------------------------------
Ejecutando: cifar_50pct_effnetv2s_quant
---------------------------------------------------------------------------
False
Número total de imágenes en entrenamiento: 20000
Número total de imágenes en validación: 10000
Clases: ['airplane', 'automobile', 'bird', 'cat', 'deer', 'dog', 'frog', 'horse', 'ship', 'truck']
weights = None
[0, 3.0854485034942627, 2.1670994758605957, 0.2694999873638153, 0.2695, 0.25300888274805766, '02:26']
[1, 2.722410202026367, 1.9733777046203613, 0.3312000036239624, 0.33120000000000005, 0.31579156115162166, '02:27']
[2, 2.359177589416504, 1.8185203075408936, 0.3637000024318695, 0.3637, 0.34856522789230804, '02:25']
[3, 2.0668582916259766, 1.7173970937728882, 0.39410001039505005, 0.3941, 0.38799212260462823, '02:27']
[4, 1.8962454795837402, 1.6257840394973755, 0.4413999915122986, 0.44139999999999996, 0.43416772582379226, '02:27']
[5, 1.7631440162658691, 1.5167933702468872, 0.476500004529953, 0.4765, 0.4695647281789072, '02:26']
[6, 1.6014033555984497, 1.3988094329833984, 0.5008999705314636, 0.5009, 0.4944511347007662, '02:27']
[7, 1.4346681833267212, 1.295641303062439, 0.5418000221252441, 0.5418000000000001, 0.5371281048453249, '02:26']
[8, 1.3368213176727295, 1.223235011100769, 0.5709999799728394, 0.571, 0.5640226982324897, '02:27']
[9, 1.26717209815979, 1.1610909700393677, 0.5922999978065491, 0.5923, 0.5885835251173261, '02:26']
[10, 1.1900749206542969, 1.1270333528518677, 0.6046000123023987, 0.6046, 0.5994117099790582, '02:28']
[11, 1.1608959436416626, 1.0977836847305298, 0.614799976348877, 0.6148, 0.6076362973523031, '02:26']
[12, 1.1161257028579712, 1.0663450956344604, 0.6258000135421753, 0.6258000000000001, 0.6207068189877364, '02:26']
[13, 1.0850718021392822, 1.0429311990737915, 0.6366999745368958, 0.6366999999999999, 0.6330853686192504, '02:28']
[14, 1.065613031387329, 1.034070372581482, 0.6396999955177307, 0.6397, 0.6361803051872105, '02:27']
[15, 1.0167038440704346, 1.018900752067566, 0.6467000246047974, 0.6466999999999999, 0.6425366275083813, '02:21']
[16, 0.991946816444397, 1.0091452598571777, 0.6503000259399414, 0.6502999999999999, 0.6477770666091743, '02:24']
[17, 0.9720024466514587, 0.9986870884895325, 0.6547999978065491, 0.6548, 0.6509410703338989, '02:27']
[18, 0.940233588218689, 0.990041971206665, 0.6572999954223633, 0.6573, 0.6549142675820085, '02:26']
[19, 0.9199460744857788, 0.9830113053321838, 0.6632000207901001, 0.6632, 0.6614811525734892, '02:27']
[20, 0.9170739054679871, 0.9820732474327087, 0.6614999771118164, 0.6615, 0.6591442542648682, '02:28']
[21, 0.9021308422088623, 0.9726747274398804, 0.6647999882698059, 0.6648000000000001, 0.6622572169927905, '02:29']
[22, 0.8966144919395447, 0.9730542898178101, 0.6675999760627747, 0.6676, 0.6650818615755036, '02:27']
[23, 0.8774753212928772, 0.9733245968818665, 0.6671000123023987, 0.6670999999999999, 0.6648510980156795, '02:28']
[24, 0.8533585071563721, 0.9686256647109985, 0.6694999933242798, 0.6695, 0.6668026982469148, '02:28']
[25, 0.8425922393798828, 0.9678609371185303, 0.66839998960495, 0.6684, 0.6666732246561026, '02:27']
[26, 0.8481547236442566, 0.9700053930282593, 0.6693000197410583, 0.6693, 0.6669933211057326, '02:25']
[27, 0.8531452417373657, 0.9676198959350586, 0.6697999835014343, 0.6698000000000001, 0.6667678254458884, '02:25']
[28, 0.8404683470726013, 0.9686545133590698, 0.6687999963760376, 0.6688, 0.665651851376432, '02:28']
[29, 0.8266323804855347, 0.9673622250556946, 0.6682000160217285, 0.6682, 0.665588326397071, '02:31']

Tiempo de entrenamiento: 4412.98 segundos
/mnt/homeGPU/haoweihu/TFG/lib/python3.10/site-packages/fastai/learner.py:455: UserWarning: load_learner` uses Python's insecure pickle module, which can execute malicious arbitrary code when loading. Only load files you trust.
If you only need to load model weights and optimizer state, use the safe `Learner.load` instead.
  warn("load_learner` uses Python's insecure pickle module, which can execute malicious arbitrary code when loading. Only load files you trust.\nIf you only need to load model weights and optimizer state, use the safe `Learner.load` instead.")
Loss (valid): 0.9674
Accuracy (valid): 0.6682
Recall (valid): 0.6682
F1-Score (valid): 0.6656
/mnt/homeGPU/haoweihu/TFG/lib/python3.10/site-packages/torchvision/models/_utils.py:208: UserWarning: The parameter 'pretrained' is deprecated since 0.13 and may be removed in the future, please use 'weights' instead.
  warnings.warn(
/mnt/homeGPU/haoweihu/TFG/lib/python3.10/site-packages/torchvision/models/_utils.py:223: UserWarning: Arguments other than a weight enum or `None` for 'weights' are deprecated since 0.13 and may be removed in the future. The current behavior is equivalent to passing `weights=EfficientNet_V2_S_Weights.IMAGENET1K_V1`. You can also use `weights=EfficientNet_V2_S_Weights.DEFAULT` to get the most up-to-date weights.
  warnings.warn(msg)
Loss (test): 0.9699
Accuracy (test): 0.6698
Recall (test): 0.6698
F1-Score (test): 0.6675
---------------------------------------------------------------------------
Ejecutando: cifar_60pct_effnetv2s_quant
---------------------------------------------------------------------------
False
Número total de imágenes en entrenamiento: 24000
Número total de imágenes en validación: 10000
Clases: ['airplane', 'automobile', 'bird', 'cat', 'deer', 'dog', 'frog', 'horse', 'ship', 'truck']
weights = None
[0, 2.94753360748291, 2.1497862339019775, 0.2750999927520752, 0.2751, 0.2593638659576363, '02:42']
[1, 2.612166404724121, 1.9337382316589355, 0.3343999981880188, 0.33440000000000003, 0.3246965100053618, '02:41']
[2, 2.2666685581207275, 1.7951412200927734, 0.3682999908924103, 0.36829999999999996, 0.36100845273416315, '02:43']
[3, 1.9791895151138306, 1.6882470846176147, 0.40790000557899475, 0.40790000000000004, 0.4024287304122803, '02:46']
[4, 1.8399773836135864, 1.5727438926696777, 0.43970000743865967, 0.43970000000000004, 0.43180589938635333, '02:45']
[5, 1.659911870956421, 1.4541553258895874, 0.48559999465942383, 0.4856, 0.4756535478931877, '02:44']
[6, 1.5222859382629395, 1.3043993711471558, 0.5374000072479248, 0.5374000000000001, 0.5302094839482766, '02:44']
[7, 1.3652477264404297, 1.2116950750350952, 0.5722000002861023, 0.5721999999999999, 0.5686092204355429, '02:44']
[8, 1.2861233949661255, 1.1448315382003784, 0.5993000268936157, 0.5993, 0.5942584741111292, '02:46']
[9, 1.2226557731628418, 1.0933656692504883, 0.6193000078201294, 0.6193, 0.6148846412290588, '02:44']
[10, 1.19369375705719, 1.0576890707015991, 0.6324999928474426, 0.6325, 0.6280410565705763, '02:43']
[11, 1.1081948280334473, 1.0293149948120117, 0.6417999863624573, 0.6417999999999999, 0.6391520126072072, '02:42']
[12, 1.0754084587097168, 1.0049575567245483, 0.6492999792098999, 0.6493, 0.6458040567533494, '02:42']
[13, 1.0499804019927979, 0.989396870136261, 0.652999997138977, 0.6530000000000001, 0.649153068220139, '02:42']
[14, 1.0062397718429565, 0.9768903255462646, 0.6578999757766724, 0.6578999999999999, 0.6536712996555056, '02:41']
[15, 1.0192465782165527, 0.9605188369750977, 0.6625999808311462, 0.6626, 0.6608816487687478, '02:42']
[16, 0.9787290692329407, 0.9485518336296082, 0.6685000061988831, 0.6685000000000001, 0.6661769788226466, '02:42']
[17, 0.9524135589599609, 0.9438418745994568, 0.6751999855041504, 0.6751999999999999, 0.6725746230993882, '02:42']
[18, 0.9243634939193726, 0.9344913363456726, 0.673799991607666, 0.6738, 0.6713930271889019, '02:41']
[19, 0.8973116278648376, 0.9354503750801086, 0.6754000186920166, 0.6754, 0.6728996781185751, '02:44']
[20, 0.8913378119468689, 0.9230796098709106, 0.6815000176429749, 0.6815, 0.6794633387787897, '02:41']
[21, 0.8469657301902771, 0.9266855716705322, 0.6801000237464905, 0.6801, 0.6771113097822482, '02:42']
[22, 0.8728652000427246, 0.9215586185455322, 0.6858000159263611, 0.6858, 0.6839689981510467, '02:44']
[23, 0.8339053988456726, 0.9209973812103271, 0.685699999332428, 0.6857, 0.6837956435680208, '02:47']
[24, 0.8174971342086792, 0.9207214713096619, 0.6854000091552734, 0.6853999999999999, 0.6835612317958265, '02:47']
[25, 0.8302621245384216, 0.9207046031951904, 0.6855000257492065, 0.6855, 0.6835850897079893, '02:46']
[26, 0.8145207762718201, 0.9173629879951477, 0.6869999766349792, 0.687, 0.6848029059448518, '02:45']
[27, 0.8304951190948486, 0.9237900376319885, 0.6862000226974487, 0.6862, 0.683332606438616, '02:47']
[28, 0.8069480657577515, 0.9164252877235413, 0.6870999932289124, 0.6871000000000002, 0.6852771182359497, '02:47']
[29, 0.8219839930534363, 0.9206092953681946, 0.6872000098228455, 0.6871999999999999, 0.6849720354462325, '02:46']

Tiempo de entrenamiento: 4927.66 segundos
/mnt/homeGPU/haoweihu/TFG/lib/python3.10/site-packages/fastai/learner.py:455: UserWarning: load_learner` uses Python's insecure pickle module, which can execute malicious arbitrary code when loading. Only load files you trust.
If you only need to load model weights and optimizer state, use the safe `Learner.load` instead.
  warn("load_learner` uses Python's insecure pickle module, which can execute malicious arbitrary code when loading. Only load files you trust.\nIf you only need to load model weights and optimizer state, use the safe `Learner.load` instead.")
Loss (valid): 0.9206
Accuracy (valid): 0.6872
Recall (valid): 0.6872
F1-Score (valid): 0.6850
/mnt/homeGPU/haoweihu/TFG/lib/python3.10/site-packages/torchvision/models/_utils.py:208: UserWarning: The parameter 'pretrained' is deprecated since 0.13 and may be removed in the future, please use 'weights' instead.
  warnings.warn(
/mnt/homeGPU/haoweihu/TFG/lib/python3.10/site-packages/torchvision/models/_utils.py:223: UserWarning: Arguments other than a weight enum or `None` for 'weights' are deprecated since 0.13 and may be removed in the future. The current behavior is equivalent to passing `weights=EfficientNet_V2_S_Weights.IMAGENET1K_V1`. You can also use `weights=EfficientNet_V2_S_Weights.DEFAULT` to get the most up-to-date weights.
  warnings.warn(msg)
Loss (test): 0.9450
Accuracy (test): 0.6774
Recall (test): 0.6774
F1-Score (test): 0.6745
---------------------------------------------------------------------------
Ejecutando: cifar_70pct_effnetv2s_quant
---------------------------------------------------------------------------
False
Número total de imágenes en entrenamiento: 28000
Número total de imágenes en validación: 10000
Clases: ['airplane', 'automobile', 'bird', 'cat', 'deer', 'dog', 'frog', 'horse', 'ship', 'truck']
weights = None
[0, 2.96811580657959, 2.123561143875122, 0.28369998931884766, 0.28369999999999995, 0.2726335547758644, '03:01']
[1, 2.589102268218994, 1.8925683498382568, 0.3424000144004822, 0.3424, 0.33584846642440913, '03:01']
[2, 2.163651704788208, 1.7497191429138184, 0.37630000710487366, 0.37629999999999997, 0.3648019931493784, '03:01']
[3, 1.9589056968688965, 1.6270488500595093, 0.41940000653266907, 0.4194, 0.40892064275146084, '03:01']
[4, 1.727675437927246, 1.4991190433502197, 0.4668999910354614, 0.4669, 0.4587299097783754, '03:01']
[5, 1.5572830438613892, 1.3570700883865356, 0.5228000283241272, 0.5227999999999999, 0.51418424976266, '03:01']
[6, 1.379883885383606, 1.2281875610351562, 0.5665000081062317, 0.5665, 0.5621572279168416, '03:00']
[7, 1.299599528312683, 1.143021821975708, 0.5911999940872192, 0.5912, 0.5894564170412926, '03:01']
[8, 1.1995645761489868, 1.0777950286865234, 0.6186000108718872, 0.6186, 0.6144129993212438, '03:02']
[9, 1.1451084613800049, 1.0375897884368896, 0.6359999775886536, 0.636, 0.6344121331104333, '03:02']
[10, 1.1127846240997314, 1.001222014427185, 0.6462000012397766, 0.6462000000000001, 0.6433355963978465, '03:03']
[11, 1.0654397010803223, 0.9753592014312744, 0.6552000045776367, 0.6552, 0.6535464894896658, '03:02']
[12, 1.0297479629516602, 0.9647514820098877, 0.6622999906539917, 0.6623, 0.6583383499147666, '03:03']
[13, 0.9866786003112793, 0.9509515762329102, 0.667900025844574, 0.6679, 0.6660844788892214, '03:02']
[14, 0.977032482624054, 0.937129020690918, 0.671999990940094, 0.672, 0.670575623870193, '03:00']
[15, 0.9732500314712524, 0.9233666062355042, 0.6758000254631042, 0.6758, 0.6751464493783216, '03:03']
[16, 0.9547567367553711, 0.9258230328559875, 0.6754999756813049, 0.6755, 0.6739258103807385, '03:03']
[17, 0.9185362458229065, 0.9059677720069885, 0.680400013923645, 0.6804, 0.6794083123123263, '03:03']
[18, 0.9032296538352966, 0.9055914878845215, 0.6807000041007996, 0.6807000000000001, 0.679766416595031, '03:03']
[19, 0.8949295282363892, 0.8996015787124634, 0.6863999962806702, 0.6864, 0.6859512649971343, '03:00']
[20, 0.870862603187561, 0.8950871825218201, 0.6869999766349792, 0.687, 0.6863136112248512, '02:57']
[21, 0.8487185835838318, 0.8927962779998779, 0.6876999735832214, 0.6877000000000001, 0.6861035050106924, '02:58']
[22, 0.8498538136482239, 0.8945387005805969, 0.6887999773025513, 0.6888, 0.6881102424814762, '03:03']
[23, 0.826781153678894, 0.8883195519447327, 0.6919000148773193, 0.6919000000000001, 0.6903292042184213, '03:02']
[24, 0.8112711906433105, 0.8878143429756165, 0.6919999718666077, 0.692, 0.690376332525075, '03:01']
[25, 0.8073156476020813, 0.8892300724983215, 0.6920999884605408, 0.6920999999999999, 0.6902916112522611, '03:01']
[26, 0.7941746115684509, 0.8884615302085876, 0.6930999755859375, 0.6931, 0.6924171619180737, '03:01']
[27, 0.8029604554176331, 0.8868694305419922, 0.6937000155448914, 0.6937, 0.6924024635188492, '03:01']
[28, 0.7913281321525574, 0.8871867060661316, 0.6913999915122986, 0.6914, 0.6898508207714087, '03:05']
[29, 0.8022316098213196, 0.8868055939674377, 0.6927000284194946, 0.6927000000000001, 0.6922263172385316, '03:04']

Tiempo de entrenamiento: 5463.59 segundos
/mnt/homeGPU/haoweihu/TFG/lib/python3.10/site-packages/fastai/learner.py:455: UserWarning: load_learner` uses Python's insecure pickle module, which can execute malicious arbitrary code when loading. Only load files you trust.
If you only need to load model weights and optimizer state, use the safe `Learner.load` instead.
  warn("load_learner` uses Python's insecure pickle module, which can execute malicious arbitrary code when loading. Only load files you trust.\nIf you only need to load model weights and optimizer state, use the safe `Learner.load` instead.")
Loss (valid): 0.8868
Accuracy (valid): 0.6927
Recall (valid): 0.6927
F1-Score (valid): 0.6922
/mnt/homeGPU/haoweihu/TFG/lib/python3.10/site-packages/torchvision/models/_utils.py:208: UserWarning: The parameter 'pretrained' is deprecated since 0.13 and may be removed in the future, please use 'weights' instead.
  warnings.warn(
/mnt/homeGPU/haoweihu/TFG/lib/python3.10/site-packages/torchvision/models/_utils.py:223: UserWarning: Arguments other than a weight enum or `None` for 'weights' are deprecated since 0.13 and may be removed in the future. The current behavior is equivalent to passing `weights=EfficientNet_V2_S_Weights.IMAGENET1K_V1`. You can also use `weights=EfficientNet_V2_S_Weights.DEFAULT` to get the most up-to-date weights.
  warnings.warn(msg)
Loss (test): 0.9171
Accuracy (test): 0.6894
Recall (test): 0.6895
F1-Score (test): 0.6881
---------------------------------------------------------------------------
Ejecutando: cifar_80pct_effnetv2s_quant
---------------------------------------------------------------------------
False
Número total de imágenes en entrenamiento: 32000
Número total de imágenes en validación: 10000
Clases: ['airplane', 'automobile', 'bird', 'cat', 'deer', 'dog', 'frog', 'horse', 'ship', 'truck']
weights = None
[0, 2.887887716293335, 2.043156862258911, 0.30820000171661377, 0.3081999999999999, 0.29103036299330814, '03:19']
[1, 2.4745121002197266, 1.8276000022888184, 0.36469998955726624, 0.3647, 0.35564638178929125, '03:23']
[2, 2.0989527702331543, 1.7085306644439697, 0.4002000093460083, 0.4002, 0.391252232859921, '03:23']
[3, 1.8541496992111206, 1.5988792181015015, 0.439300000667572, 0.43929999999999997, 0.4282959691137327, '03:22']
[4, 1.7184303998947144, 1.452178716659546, 0.4821000099182129, 0.4821, 0.4768880860419191, '03:21']
[5, 1.5103358030319214, 1.3434231281280518, 0.5202000141143799, 0.5202, 0.5109336470576125, '03:23']
[6, 1.3910446166992188, 1.2075895071029663, 0.5715000033378601, 0.5715, 0.5638598993125479, '03:23']
[7, 1.2741819620132446, 1.100636601448059, 0.6104999780654907, 0.6104999999999999, 0.607738960486706, '03:21']
[8, 1.1795930862426758, 1.0487158298492432, 0.6337000131607056, 0.6336999999999999, 0.6297536268793593, '03:22']
[9, 1.1121606826782227, 1.0017952919006348, 0.6474000215530396, 0.6474000000000001, 0.6450229812907972, '03:22']
[10, 1.0707697868347168, 0.9621474742889404, 0.6635000109672546, 0.6635, 0.6617907028766749, '03:23']
[11, 1.069001317024231, 0.9406093955039978, 0.673799991607666, 0.6738000000000001, 0.6711812510526153, '03:22']
[12, 1.0063172578811646, 0.9304113388061523, 0.6766999959945679, 0.6767, 0.6739693761228007, '03:23']
[13, 1.0095176696777344, 0.9127072095870972, 0.683899998664856, 0.6839, 0.6822809214203686, '03:24']
[14, 0.9497676491737366, 0.9078092575073242, 0.6880000233650208, 0.688, 0.6856154048490064, '03:22']
[15, 0.9590663909912109, 0.8969884514808655, 0.6929000020027161, 0.6929000000000001, 0.6912960419387078, '03:23']
[16, 0.897331953048706, 0.8840664029121399, 0.697700023651123, 0.6977, 0.6958606995213097, '03:23']
[17, 0.8918130993843079, 0.884755551815033, 0.6995000243186951, 0.6995, 0.6975975870893869, '03:23']
[18, 0.8844768404960632, 0.8773072361946106, 0.6980999708175659, 0.6980999999999999, 0.6968351045798408, '03:25']
[19, 0.8544185161590576, 0.8738536238670349, 0.7032999992370605, 0.7033, 0.7009830679834539, '03:25']
[20, 0.8566949367523193, 0.8711367249488831, 0.7010999917984009, 0.7011000000000001, 0.6987217431325956, '03:27']
[21, 0.8402968645095825, 0.8676972389221191, 0.7035999894142151, 0.7036, 0.7019829490845059, '03:25']
[22, 0.8261933326721191, 0.8688658475875854, 0.7046999931335449, 0.7047, 0.7032820623331466, '03:27']
[23, 0.820765495300293, 0.8675241470336914, 0.7052000164985657, 0.7052, 0.7033848428051173, '03:26']
[24, 0.8056008219718933, 0.8619982600212097, 0.7074999809265137, 0.7075, 0.7061747844455721, '03:23']
[25, 0.8086923956871033, 0.8629855513572693, 0.7041000127792358, 0.7041000000000001, 0.7018028903292572, '03:24']
[26, 0.8053456544876099, 0.8595001101493835, 0.7063000202178955, 0.7063, 0.7053960134053674, '03:23']
[27, 0.824083149433136, 0.8635440468788147, 0.7077000141143799, 0.7077, 0.7059421140945892, '03:24']
[28, 0.796461284160614, 0.8619375824928284, 0.7071999907493591, 0.7072, 0.7054447759298601, '03:23']
[29, 0.7849157452583313, 0.8633773326873779, 0.7071999907493591, 0.7072, 0.7049819973460368, '03:23']

Tiempo de entrenamiento: 6112.69 segundos
/mnt/homeGPU/haoweihu/TFG/lib/python3.10/site-packages/fastai/learner.py:455: UserWarning: load_learner` uses Python's insecure pickle module, which can execute malicious arbitrary code when loading. Only load files you trust.
If you only need to load model weights and optimizer state, use the safe `Learner.load` instead.
  warn("load_learner` uses Python's insecure pickle module, which can execute malicious arbitrary code when loading. Only load files you trust.\nIf you only need to load model weights and optimizer state, use the safe `Learner.load` instead.")
Loss (valid): 0.8634
Accuracy (valid): 0.7072
Recall (valid): 0.7072
F1-Score (valid): 0.7050
/mnt/homeGPU/haoweihu/TFG/lib/python3.10/site-packages/torchvision/models/_utils.py:208: UserWarning: The parameter 'pretrained' is deprecated since 0.13 and may be removed in the future, please use 'weights' instead.
  warnings.warn(
/mnt/homeGPU/haoweihu/TFG/lib/python3.10/site-packages/torchvision/models/_utils.py:223: UserWarning: Arguments other than a weight enum or `None` for 'weights' are deprecated since 0.13 and may be removed in the future. The current behavior is equivalent to passing `weights=EfficientNet_V2_S_Weights.IMAGENET1K_V1`. You can also use `weights=EfficientNet_V2_S_Weights.DEFAULT` to get the most up-to-date weights.
  warnings.warn(msg)
Loss (test): 0.8957
Accuracy (test): 0.6908
Recall (test): 0.6909
F1-Score (test): 0.6877
---------------------------------------------------------------------------
Ejecutando: cifar_90pct_effnetv2s_quant
---------------------------------------------------------------------------
False
Número total de imágenes en entrenamiento: 36000
Número total de imágenes en validación: 10000
Clases: ['airplane', 'automobile', 'bird', 'cat', 'deer', 'dog', 'frog', 'horse', 'ship', 'truck']
weights = None
[0, 2.8455147743225098, 2.08198618888855, 0.3012000024318695, 0.3012, 0.28898799128874963, '04:07']
[1, 2.4008138179779053, 1.871934413909912, 0.3544999957084656, 0.35450000000000004, 0.3423118978411105, '04:18']
[2, 2.0711967945098877, 1.7624847888946533, 0.3831000030040741, 0.3831, 0.3786621618429646, '03:48']
[3, 1.820969581604004, 1.5669445991516113, 0.44600000977516174, 0.446, 0.4349260623623521, '03:46']
[4, 1.6052627563476562, 1.4144922494888306, 0.4934000074863434, 0.4934, 0.48464438894957756, '03:44']
[5, 1.4124534130096436, 1.2693582773208618, 0.5504000186920166, 0.5504, 0.5461396228176607, '03:43']
[6, 1.2927253246307373, 1.159063458442688, 0.5845000147819519, 0.5845, 0.5790687358363547, '03:45']
[7, 1.1931087970733643, 1.0777634382247925, 0.6226000189781189, 0.6226, 0.6177553136653078, '03:43']
[8, 1.1251827478408813, 1.0288963317871094, 0.6385999917984009, 0.6386000000000001, 0.6342104468471496, '03:44']
[9, 1.0783512592315674, 0.9890764355659485, 0.6567999720573425, 0.6567999999999999, 0.6536830351773877, '03:44']
[10, 1.0534274578094482, 0.9614064693450928, 0.6644999980926514, 0.6645, 0.6608216296963466, '03:48']
[11, 1.0198808908462524, 0.9413849711418152, 0.6672999858856201, 0.6673, 0.6631993883078123, '03:48']
[12, 0.9673886895179749, 0.9204964637756348, 0.6811000108718872, 0.6811, 0.6793176300223105, '03:49']
[13, 0.9393738508224487, 0.9097245335578918, 0.6843000054359436, 0.6843, 0.6818632465649188, '03:50']
[14, 0.9048172235488892, 0.9053294062614441, 0.6913999915122986, 0.6914, 0.6888900956419014, '03:49']
[15, 0.9186806678771973, 0.8949366211891174, 0.6920999884605408, 0.6921, 0.6897732903957317, '03:47']
[16, 0.9055700898170471, 0.8952575325965881, 0.6931999921798706, 0.6932, 0.6908283511002569, '03:47']
[17, 0.8744390606880188, 0.8841188549995422, 0.6938999891281128, 0.6939, 0.6920618184192172, '03:49']
[18, 0.852146565914154, 0.8821501731872559, 0.6987000107765198, 0.6986999999999999, 0.6956141811577896, '03:50']
[19, 0.8615743517875671, 0.8703478574752808, 0.7008000016212463, 0.7007999999999999, 0.6987077592718807, '03:50']
[20, 0.8252617120742798, 0.8708869218826294, 0.6998000144958496, 0.6998, 0.6969666742038296, '03:47']
[21, 0.8421227335929871, 0.8708828091621399, 0.7031000256538391, 0.7031, 0.7003492981085215, '03:48']
[22, 0.8036044239997864, 0.8708551526069641, 0.7034000158309937, 0.7034, 0.700876138062785, '03:28']
[23, 0.7859059572219849, 0.862660825252533, 0.7034000158309937, 0.7034, 0.7014061013709747, '03:24']
[24, 0.7874183058738708, 0.865624189376831, 0.7037000060081482, 0.7037000000000001, 0.7012407290985988, '03:23']
[25, 0.7687907218933105, 0.8632519245147705, 0.7031000256538391, 0.7031, 0.7008347798187952, '03:23']
[26, 0.7495902180671692, 0.8640300035476685, 0.7045999765396118, 0.7045999999999999, 0.7019115011427821, '03:23']
[27, 0.7936797738075256, 0.8635766506195068, 0.704800009727478, 0.7048, 0.702198437725194, '03:23']
[28, 0.7750267386436462, 0.8647744059562683, 0.7056999802589417, 0.7057, 0.7032066571164777, '03:24']
No improvement since epoch 23: early stopping

Tiempo de entrenamiento: 6486.13 segundos
/mnt/homeGPU/haoweihu/TFG/lib/python3.10/site-packages/fastai/learner.py:455: UserWarning: load_learner` uses Python's insecure pickle module, which can execute malicious arbitrary code when loading. Only load files you trust.
If you only need to load model weights and optimizer state, use the safe `Learner.load` instead.
  warn("load_learner` uses Python's insecure pickle module, which can execute malicious arbitrary code when loading. Only load files you trust.\nIf you only need to load model weights and optimizer state, use the safe `Learner.load` instead.")
Loss (valid): 0.8648
Accuracy (valid): 0.7057
Recall (valid): 0.7057
F1-Score (valid): 0.7032
Loss (test): 0.8741
Accuracy (test): 0.6997
Recall (test): 0.6997
F1-Score (test): 0.6970
mail: cannot send message: Process exited with a non-zero status
