/mnt/homeGPU/haoweihu/TFG/lib/python3.10/site-packages/torchvision/models/_utils.py:208: UserWarning: The parameter 'pretrained' is deprecated since 0.13 and may be removed in the future, please use 'weights' instead.
  warnings.warn(
/mnt/homeGPU/haoweihu/TFG/lib/python3.10/site-packages/torchvision/models/_utils.py:223: UserWarning: Arguments other than a weight enum or `None` for 'weights' are deprecated since 0.13 and may be removed in the future. The current behavior is equivalent to passing `weights=EfficientNet_V2_S_Weights.IMAGENET1K_V1`. You can also use `weights=EfficientNet_V2_S_Weights.DEFAULT` to get the most up-to-date weights.
  warnings.warn(msg)
---------------------------------------------------------------------------
Ejecutando: fmnist_10pct_effnetv2s
---------------------------------------------------------------------------
False
Número total de imágenes en entrenamiento: 4800
Número total de imágenes en validación: 12000
Clases: ['Ankle boot', 'Bag', 'Coat', 'Dress', 'Pullover', 'Sandal', 'Shirt', 'Sneaker', 'T-shirt', 'Trouser']
weights = None
[0, 2.804759979248047, 1.5110317468643188, 0.4658333361148834, 0.4658333333333333, 0.44398245950123466, '01:47']
[1, 1.9589691162109375, 0.9356046319007874, 0.6632500290870667, 0.6632499999999999, 0.6598824797854947, '01:10']
[2, 1.441213607788086, 0.7939262986183167, 0.722083330154419, 0.7220833333333333, 0.7224114770761816, '01:10']
[3, 1.1610149145126343, 0.7186369895935059, 0.749666690826416, 0.7496666666666666, 0.74806417574145, '01:11']
[4, 0.99141526222229, 0.6595546007156372, 0.7747499942779541, 0.77475, 0.7713802713673752, '01:15']
[5, 0.8712146282196045, 0.5825547575950623, 0.7949166893959045, 0.7949166666666667, 0.7949777092430019, '01:14']
[6, 0.7687466740608215, 0.5309433341026306, 0.8125, 0.8125, 0.8110819913571421, '01:16']
[7, 0.6719384789466858, 0.5100343227386475, 0.8211666941642761, 0.8211666666666666, 0.8202383969975273, '01:10']
[8, 0.5996037721633911, 0.45477116107940674, 0.8379999995231628, 0.8380000000000001, 0.8372831184896402, '01:08']
[9, 0.5414890646934509, 0.42613834142684937, 0.8433333039283752, 0.8433333333333334, 0.8428679133018802, '01:09']
[10, 0.5047227740287781, 0.4107712507247925, 0.8514999747276306, 0.8514999999999999, 0.8527578622490399, '01:09']
[11, 0.4605661928653717, 0.4079640805721283, 0.8534166812896729, 0.8534166666666666, 0.8525216765245254, '01:10']
[12, 0.43404659628868103, 0.3816130459308624, 0.8604166507720947, 0.8604166666666668, 0.8604355419459633, '01:10']
[13, 0.4074741005897522, 0.38033977150917053, 0.862666666507721, 0.8626666666666667, 0.8638018333528713, '01:11']
[14, 0.3841065764427185, 0.3598182499408722, 0.8741666674613953, 0.8741666666666668, 0.8739259799254843, '01:11']
[15, 0.3574696481227875, 0.3496561646461487, 0.8725833296775818, 0.8725833333333334, 0.8722441896565897, '01:09']
[16, 0.33390530943870544, 0.3410332500934601, 0.8804166913032532, 0.8804166666666667, 0.8797762977031878, '01:10']
[17, 0.33301594853401184, 0.3378779888153076, 0.8769166469573975, 0.8769166666666667, 0.8764609652567916, '01:10']
[18, 0.3087436556816101, 0.32512637972831726, 0.8855000138282776, 0.8854999999999998, 0.8847801572118199, '01:09']
[19, 0.29653728008270264, 0.3248566687107086, 0.8849999904632568, 0.885, 0.8849295467649135, '01:09']
[20, 0.2804282307624817, 0.3162233233451843, 0.8894166946411133, 0.8894166666666667, 0.8893076097913821, '01:46']
[21, 0.2757873833179474, 0.3174463212490082, 0.8900833129882812, 0.8900833333333333, 0.8900378916358379, '01:10']
[22, 0.2642163336277008, 0.3159573972225189, 0.8881666660308838, 0.8881666666666665, 0.8882906253961498, '01:10']
[23, 0.2531205117702484, 0.3096311688423157, 0.8924166560173035, 0.8924166666666666, 0.8921493270708918, '01:11']
[24, 0.2447032332420349, 0.3121391534805298, 0.890749990940094, 0.8907499999999999, 0.8903722616062476, '01:11']
[25, 0.2500855624675751, 0.3107757866382599, 0.8912500143051147, 0.89125, 0.8911985311925725, '01:11']
[26, 0.2433527112007141, 0.30943235754966736, 0.890999972820282, 0.891, 0.8909140768709595, '01:11']
[27, 0.2314099371433258, 0.3101199269294739, 0.8919166922569275, 0.8919166666666666, 0.8918611455532119, '01:12']
[28, 0.23677438497543335, 0.30898335576057434, 0.8929166793823242, 0.8929166666666667, 0.8926838699925247, '01:11']
[29, 0.24157634377479553, 0.30939924716949463, 0.8920833468437195, 0.8920833333333335, 0.8918551124067349, '01:11']

Tiempo de entrenamiento: 2206.57 segundos
/mnt/homeGPU/haoweihu/TFG/lib/python3.10/site-packages/fastai/learner.py:455: UserWarning: load_learner` uses Python's insecure pickle module, which can execute malicious arbitrary code when loading. Only load files you trust.
If you only need to load model weights and optimizer state, use the safe `Learner.load` instead.
  warn("load_learner` uses Python's insecure pickle module, which can execute malicious arbitrary code when loading. Only load files you trust.\nIf you only need to load model weights and optimizer state, use the safe `Learner.load` instead.")
Loss (valid): 0.3094
Accuracy (valid): 0.8921
Recall (valid): 0.8921
F1-Score (valid): 0.8919
/mnt/homeGPU/haoweihu/TFG/lib/python3.10/site-packages/torchvision/models/_utils.py:208: UserWarning: The parameter 'pretrained' is deprecated since 0.13 and may be removed in the future, please use 'weights' instead.
  warnings.warn(
/mnt/homeGPU/haoweihu/TFG/lib/python3.10/site-packages/torchvision/models/_utils.py:223: UserWarning: Arguments other than a weight enum or `None` for 'weights' are deprecated since 0.13 and may be removed in the future. The current behavior is equivalent to passing `weights=EfficientNet_V2_S_Weights.IMAGENET1K_V1`. You can also use `weights=EfficientNet_V2_S_Weights.DEFAULT` to get the most up-to-date weights.
  warnings.warn(msg)
Loss (test): 3.2259
Accuracy (test): 0.7053
Recall (test): 0.7052
F1-Score (test): 0.7023
---------------------------------------------------------------------------
Ejecutando: fmnist_20pct_effnetv2s
---------------------------------------------------------------------------
False
Número total de imágenes en entrenamiento: 9600
Número total de imágenes en validación: 12000
Clases: ['Ankle boot', 'Bag', 'Coat', 'Dress', 'Pullover', 'Sandal', 'Shirt', 'Sneaker', 'T-shirt', 'Trouser']
weights = None
[0, 2.2833945751190186, 1.1495776176452637, 0.5830000042915344, 0.583, 0.5764925564980496, '02:22']
[1, 1.4560188055038452, 0.8143401741981506, 0.7102500200271606, 0.7102499999999999, 0.7048359606585366, '01:32']
[2, 1.134505033493042, 0.7096979022026062, 0.7476666569709778, 0.7476666666666667, 0.7450674443719902, '01:32']
[3, 0.9088414907455444, 0.6058964729309082, 0.7840833067893982, 0.7840833333333332, 0.7791018600684805, '01:31']
[4, 0.7679053544998169, 0.5511404275894165, 0.8043333292007446, 0.8043333333333333, 0.8019349658893216, '01:31']
[5, 0.6450366377830505, 0.4783448874950409, 0.828000009059906, 0.828, 0.8292387689642323, '01:33']
[6, 0.5706555843353271, 0.4009333550930023, 0.8558333516120911, 0.8558333333333333, 0.8553696067242857, '01:31']
[7, 0.471975177526474, 0.36651262640953064, 0.8636666536331177, 0.8636666666666667, 0.8631184933938792, '01:32']
[8, 0.44402915239334106, 0.34895116090774536, 0.871833324432373, 0.8718333333333333, 0.8706208036421804, '01:32']
[9, 0.3869246244430542, 0.31566938757896423, 0.8825833201408386, 0.8825833333333334, 0.8829516397655892, '01:32']
[10, 0.3621000051498413, 0.32366782426834106, 0.8805833458900452, 0.8805833333333333, 0.8808573292808702, '01:32']
[11, 0.33767175674438477, 0.2876909077167511, 0.8923333287239075, 0.8923333333333334, 0.8914450796625175, '01:32']
[12, 0.3212904930114746, 0.28412067890167236, 0.8980000019073486, 0.898, 0.8968997284884541, '01:33']
[13, 0.30280476808547974, 0.2840849757194519, 0.8988333344459534, 0.8988333333333334, 0.8982608098147498, '01:35']
[14, 0.27662211656570435, 0.266148179769516, 0.9057499766349792, 0.9057499999999999, 0.9047559164026204, '01:36']
[15, 0.25616422295570374, 0.2667415738105774, 0.905916690826416, 0.9059166666666666, 0.9054732831270844, '01:36']
[16, 0.2597411870956421, 0.26472240686416626, 0.90625, 0.90625, 0.9063733854962731, '01:36']
[17, 0.22942548990249634, 0.26089105010032654, 0.9083333611488342, 0.9083333333333334, 0.9066499637962719, '01:32']
[18, 0.2153569906949997, 0.2585470676422119, 0.9100833535194397, 0.9100833333333334, 0.9087792816524491, '01:32']
[19, 0.21774500608444214, 0.2559311091899872, 0.9114166498184204, 0.9114166666666668, 0.910591281726639, '01:31']
[20, 0.20593763887882233, 0.2507900893688202, 0.9127500057220459, 0.91275, 0.9123796416319042, '01:31']
[21, 0.1929137259721756, 0.25615695118904114, 0.9131666421890259, 0.9131666666666666, 0.9121357475856676, '01:32']
[22, 0.19590191543102264, 0.2504960000514984, 0.9147499799728394, 0.9147500000000001, 0.9141153600455543, '01:30']
[23, 0.19332420825958252, 0.24735069274902344, 0.9163333177566528, 0.9163333333333332, 0.9159129070632597, '01:32']
[24, 0.18337887525558472, 0.24685651063919067, 0.9160833358764648, 0.9160833333333335, 0.9155789446212766, '01:33']
[25, 0.1847686767578125, 0.24903206527233124, 0.9154999852180481, 0.9155000000000001, 0.914533615586163, '01:31']
[26, 0.18149076402187347, 0.246259406208992, 0.9164166450500488, 0.9164166666666667, 0.9156206840178273, '01:35']
[27, 0.1624734103679657, 0.2484765350818634, 0.9160000085830688, 0.916, 0.9151831081548398, '01:34']
[28, 0.18224698305130005, 0.24755646288394928, 0.9161666631698608, 0.9161666666666667, 0.9151579465773565, '01:34']
[29, 0.16650548577308655, 0.24502286314964294, 0.9179166555404663, 0.9179166666666667, 0.9171089741172349, '01:33']

Tiempo de entrenamiento: 2840.94 segundos
/mnt/homeGPU/haoweihu/TFG/lib/python3.10/site-packages/fastai/learner.py:455: UserWarning: load_learner` uses Python's insecure pickle module, which can execute malicious arbitrary code when loading. Only load files you trust.
If you only need to load model weights and optimizer state, use the safe `Learner.load` instead.
  warn("load_learner` uses Python's insecure pickle module, which can execute malicious arbitrary code when loading. Only load files you trust.\nIf you only need to load model weights and optimizer state, use the safe `Learner.load` instead.")
Loss (valid): 0.2450
Accuracy (valid): 0.9179
Recall (valid): 0.9179
F1-Score (valid): 0.9171
/mnt/homeGPU/haoweihu/TFG/lib/python3.10/site-packages/torchvision/models/_utils.py:208: UserWarning: The parameter 'pretrained' is deprecated since 0.13 and may be removed in the future, please use 'weights' instead.
  warnings.warn(
/mnt/homeGPU/haoweihu/TFG/lib/python3.10/site-packages/torchvision/models/_utils.py:223: UserWarning: Arguments other than a weight enum or `None` for 'weights' are deprecated since 0.13 and may be removed in the future. The current behavior is equivalent to passing `weights=EfficientNet_V2_S_Weights.IMAGENET1K_V1`. You can also use `weights=EfficientNet_V2_S_Weights.DEFAULT` to get the most up-to-date weights.
  warnings.warn(msg)
Loss (test): 3.3674
Accuracy (test): 0.7240
Recall (test): 0.7242
F1-Score (test): 0.7244
---------------------------------------------------------------------------
Ejecutando: fmnist_30pct_effnetv2s
---------------------------------------------------------------------------
False
Número total de imágenes en entrenamiento: 14400
Número total de imágenes en validación: 12000
Clases: ['Ankle boot', 'Bag', 'Coat', 'Dress', 'Pullover', 'Sandal', 'Shirt', 'Sneaker', 'T-shirt', 'Trouser']
weights = None
[0, 1.8782182931900024, 1.0030726194381714, 0.6445833444595337, 0.6445833333333334, 0.6418818552714953, '03:06']
[1, 1.2194068431854248, 0.7540479302406311, 0.7380833625793457, 0.7380833333333333, 0.7378965152140833, '02:01']
[2, 0.9495325684547424, 0.6264916062355042, 0.7790833115577698, 0.7790833333333332, 0.7777701820378933, '02:01']
[3, 0.7319411039352417, 0.522967517375946, 0.812333345413208, 0.8123333333333334, 0.8111092459581007, '02:01']
[4, 0.5965331792831421, 0.46554309129714966, 0.8301666378974915, 0.8301666666666666, 0.8309452571867373, '02:02']
[5, 0.514678955078125, 0.3875286877155304, 0.8607500195503235, 0.86075, 0.8612495798751028, '02:02']
[6, 0.4250403344631195, 0.36527109146118164, 0.8664166927337646, 0.8664166666666666, 0.86577631974741, '02:00']
[7, 0.3826334774494171, 0.3172716796398163, 0.8870833516120911, 0.8870833333333333, 0.8873620588343375, '02:02']
[8, 0.33887556195259094, 0.303272545337677, 0.890749990940094, 0.8907499999999999, 0.8916046525050494, '02:02']
[9, 0.3134128153324127, 0.2908889651298523, 0.9003333449363708, 0.9003333333333332, 0.901102632580183, '02:00']
[10, 0.29499587416648865, 0.2608197033405304, 0.906583309173584, 0.9065833333333334, 0.9058620588721318, '02:00']
[11, 0.2777954041957855, 0.254170298576355, 0.909333348274231, 0.9093333333333332, 0.9083882414492503, '02:01']
[12, 0.24279706180095673, 0.25972867012023926, 0.9103333353996277, 0.9103333333333333, 0.9103636958556958, '02:00']
[13, 0.25957897305488586, 0.23853592574596405, 0.9166666865348816, 0.9166666666666666, 0.9165290782721078, '02:00']
[14, 0.23719292879104614, 0.2409147173166275, 0.9171666502952576, 0.9171666666666667, 0.9163610870265204, '02:01']
[15, 0.20817254483699799, 0.23935119807720184, 0.9196666479110718, 0.9196666666666665, 0.9194162050899898, '02:01']
[16, 0.21742665767669678, 0.23309548199176788, 0.9211666584014893, 0.9211666666666666, 0.9210710832597698, '01:59']
[17, 0.2009228765964508, 0.2327524572610855, 0.9236666560173035, 0.9236666666666666, 0.9233024967391075, '01:58']
[18, 0.1790396124124527, 0.23185257613658905, 0.9244166612625122, 0.9244166666666667, 0.9239991148816256, '01:58']
[19, 0.18062186241149902, 0.23108918964862823, 0.9240833520889282, 0.9240833333333333, 0.9235901266420443, '01:57']
[20, 0.1731780767440796, 0.2257130891084671, 0.9254166483879089, 0.9254166666666668, 0.9252198260737512, '01:58']
[21, 0.17107275128364563, 0.22169460356235504, 0.9272500276565552, 0.9272499999999999, 0.9270205293578753, '01:57']
[22, 0.15899354219436646, 0.22397658228874207, 0.9275833368301392, 0.9275833333333334, 0.927338938972268, '01:59']
[23, 0.15697446465492249, 0.22589978575706482, 0.9276666641235352, 0.9276666666666668, 0.9275260742858249, '01:58']
[24, 0.14720793068408966, 0.2296159416437149, 0.9259999990463257, 0.9259999999999999, 0.9255635400800493, '02:00']
[25, 0.14547306299209595, 0.22198913991451263, 0.9290833473205566, 0.9290833333333334, 0.9288425499550923, '02:00']
[26, 0.13863037526607513, 0.2222072333097458, 0.9273333549499512, 0.9273333333333333, 0.9268937534500674, '02:01']
No improvement since epoch 21: early stopping

Tiempo de entrenamiento: 3316.04 segundos
/mnt/homeGPU/haoweihu/TFG/lib/python3.10/site-packages/fastai/learner.py:455: UserWarning: load_learner` uses Python's insecure pickle module, which can execute malicious arbitrary code when loading. Only load files you trust.
If you only need to load model weights and optimizer state, use the safe `Learner.load` instead.
  warn("load_learner` uses Python's insecure pickle module, which can execute malicious arbitrary code when loading. Only load files you trust.\nIf you only need to load model weights and optimizer state, use the safe `Learner.load` instead.")
Loss (valid): 0.2222
Accuracy (valid): 0.9273
Recall (valid): 0.9273
F1-Score (valid): 0.9269
/mnt/homeGPU/haoweihu/TFG/lib/python3.10/site-packages/torchvision/models/_utils.py:208: UserWarning: The parameter 'pretrained' is deprecated since 0.13 and may be removed in the future, please use 'weights' instead.
  warnings.warn(
/mnt/homeGPU/haoweihu/TFG/lib/python3.10/site-packages/torchvision/models/_utils.py:223: UserWarning: Arguments other than a weight enum or `None` for 'weights' are deprecated since 0.13 and may be removed in the future. The current behavior is equivalent to passing `weights=EfficientNet_V2_S_Weights.IMAGENET1K_V1`. You can also use `weights=EfficientNet_V2_S_Weights.DEFAULT` to get the most up-to-date weights.
  warnings.warn(msg)
Loss (test): 3.3898
Accuracy (test): 0.7366
Recall (test): 0.7366
F1-Score (test): 0.7358
---------------------------------------------------------------------------
Ejecutando: fmnist_40pct_effnetv2s
---------------------------------------------------------------------------
False
Número total de imágenes en entrenamiento: 19200
Número total de imágenes en validación: 12000
Clases: ['Ankle boot', 'Bag', 'Coat', 'Dress', 'Pullover', 'Sandal', 'Shirt', 'Sneaker', 'T-shirt', 'Trouser']
weights = None
[0, 1.6894973516464233, 0.9093854427337646, 0.6801666617393494, 0.6801666666666667, 0.6740031904470027, '03:39']
[1, 1.1603349447250366, 0.6821852326393127, 0.7574166655540466, 0.7574166666666666, 0.7531507227358597, '02:25']
[2, 0.8542086482048035, 0.5676991939544678, 0.7947499752044678, 0.7947499999999998, 0.7933416410410722, '02:25']
[3, 0.7007863521575928, 0.4670979380607605, 0.8299999833106995, 0.8299999999999998, 0.8289154831656921, '02:25']
[4, 0.5668772459030151, 0.4030383825302124, 0.8494166731834412, 0.8494166666666667, 0.8507693361001069, '02:25']
[5, 0.45513710379600525, 0.34150430560112, 0.8734166622161865, 0.8734166666666667, 0.8724395133242288, '02:24']
[6, 0.38495054841041565, 0.3018931448459625, 0.8854166865348816, 0.8854166666666667, 0.884756400196383, '02:24']
[7, 0.34330829977989197, 0.27001944184303284, 0.8985000252723694, 0.8985, 0.8968909641850216, '02:26']
[8, 0.31650102138519287, 0.24999123811721802, 0.9024166464805603, 0.9024166666666666, 0.8993176995774433, '02:27']
[9, 0.3011554479598999, 0.23588289320468903, 0.9105833172798157, 0.9105833333333335, 0.9094814545026152, '02:26']
[10, 0.28143709897994995, 0.23098978400230408, 0.9130833148956299, 0.9130833333333331, 0.9123292645476765, '02:25']
[11, 0.25159752368927, 0.21915331482887268, 0.9172499775886536, 0.9172500000000001, 0.916518045361378, '02:25']
[12, 0.25509610772132874, 0.21126951277256012, 0.9199166893959045, 0.9199166666666667, 0.9200234876153836, '02:25']
[13, 0.2337656021118164, 0.21419911086559296, 0.9196666479110718, 0.9196666666666667, 0.91800094575621, '02:24']
[14, 0.215367391705513, 0.19753442704677582, 0.9284999966621399, 0.9285, 0.9286788647251475, '02:25']
[15, 0.21099509298801422, 0.20001493394374847, 0.9286666512489319, 0.9286666666666668, 0.9281481207799203, '02:24']
[16, 0.1982935070991516, 0.19467835128307343, 0.9271666407585144, 0.9271666666666667, 0.9262960932558716, '02:24']
[17, 0.1950061172246933, 0.19539649784564972, 0.9294999837875366, 0.9295, 0.929066205544603, '02:23']
[18, 0.1724444031715393, 0.19140779972076416, 0.9305833578109741, 0.9305833333333334, 0.929972341654994, '02:26']
[19, 0.17320311069488525, 0.19127698242664337, 0.9322500228881836, 0.93225, 0.9318823790023536, '02:24']
[20, 0.17717193067073822, 0.18582254648208618, 0.9310833215713501, 0.9310833333333333, 0.9309554770124835, '02:23']
[21, 0.15563100576400757, 0.18712633848190308, 0.9328333139419556, 0.9328333333333333, 0.9324715714779857, '02:19']
[22, 0.15413472056388855, 0.1873699128627777, 0.9315000176429749, 0.9315, 0.9311938235668856, '02:20']
[23, 0.13984492421150208, 0.18662914633750916, 0.9321666955947876, 0.9321666666666667, 0.9317692987133945, '02:22']
[24, 0.14226391911506653, 0.1868847906589508, 0.9335833191871643, 0.9335833333333333, 0.9333528524245664, '02:21']
[25, 0.1438053697347641, 0.1869305968284607, 0.9330000281333923, 0.933, 0.9325802578832014, '02:21']
No improvement since epoch 20: early stopping

Tiempo de entrenamiento: 3830.15 segundos
/mnt/homeGPU/haoweihu/TFG/lib/python3.10/site-packages/fastai/learner.py:455: UserWarning: load_learner` uses Python's insecure pickle module, which can execute malicious arbitrary code when loading. Only load files you trust.
If you only need to load model weights and optimizer state, use the safe `Learner.load` instead.
  warn("load_learner` uses Python's insecure pickle module, which can execute malicious arbitrary code when loading. Only load files you trust.\nIf you only need to load model weights and optimizer state, use the safe `Learner.load` instead.")
Loss (valid): 0.1869
Accuracy (valid): 0.9330
Recall (valid): 0.9330
F1-Score (valid): 0.9326
/mnt/homeGPU/haoweihu/TFG/lib/python3.10/site-packages/torchvision/models/_utils.py:208: UserWarning: The parameter 'pretrained' is deprecated since 0.13 and may be removed in the future, please use 'weights' instead.
  warnings.warn(
/mnt/homeGPU/haoweihu/TFG/lib/python3.10/site-packages/torchvision/models/_utils.py:223: UserWarning: Arguments other than a weight enum or `None` for 'weights' are deprecated since 0.13 and may be removed in the future. The current behavior is equivalent to passing `weights=EfficientNet_V2_S_Weights.IMAGENET1K_V1`. You can also use `weights=EfficientNet_V2_S_Weights.DEFAULT` to get the most up-to-date weights.
  warnings.warn(msg)
Loss (test): 3.6554
Accuracy (test): 0.7453
Recall (test): 0.7454
F1-Score (test): 0.7434
---------------------------------------------------------------------------
Ejecutando: fmnist_50pct_effnetv2s
---------------------------------------------------------------------------
False
Número total de imágenes en entrenamiento: 24000
Número total de imágenes en validación: 12000
Clases: ['Ankle boot', 'Bag', 'Coat', 'Dress', 'Pullover', 'Sandal', 'Shirt', 'Sneaker', 'T-shirt', 'Trouser']
weights = None
[0, 1.4997451305389404, 0.8710808157920837, 0.6897500157356262, 0.68975, 0.6898332709364208, '04:14']
[1, 1.0545047521591187, 0.6683087944984436, 0.7664999961853027, 0.7665, 0.764316328629562, '02:50']
[2, 0.8144739270210266, 0.5264820456504822, 0.8140833377838135, 0.8140833333333333, 0.8144072698503653, '02:53']
[3, 0.6064193248748779, 0.4261983633041382, 0.847083330154419, 0.8470833333333332, 0.8455612493763102, '02:52']
[4, 0.4921409487724304, 0.3481775224208832, 0.8737499713897705, 0.87375, 0.8723886487644854, '02:50']
[5, 0.3918885886669159, 0.3040046691894531, 0.8928333520889282, 0.8928333333333333, 0.8919933707180391, '02:54']
[6, 0.3418700397014618, 0.2718903124332428, 0.9024999737739563, 0.9024999999999999, 0.9030444528373127, '02:53']
[7, 0.3108021914958954, 0.25274360179901123, 0.909250020980835, 0.9092499999999999, 0.90826128467816, '02:49']
[8, 0.27491313219070435, 0.23806199431419373, 0.9146666526794434, 0.9146666666666666, 0.9138343006762562, '02:50']
[9, 0.26795682311058044, 0.23460277915000916, 0.9160000085830688, 0.9160000000000001, 0.9155164665627467, '02:47']
[10, 0.2560875117778778, 0.2369946539402008, 0.9182500243186951, 0.9182499999999999, 0.9176343310515476, '02:45']
[11, 0.2385118305683136, 0.2288208156824112, 0.9210833311080933, 0.9210833333333331, 0.9196544275927352, '02:45']
[12, 0.212161123752594, 0.2138909250497818, 0.9267500042915344, 0.9267499999999999, 0.9258882258969174, '02:44']
[13, 0.19248522818088531, 0.20285652577877045, 0.9288333058357239, 0.9288333333333334, 0.9287420746683146, '02:46']
[14, 0.1836618185043335, 0.20595218241214752, 0.9313333630561829, 0.9313333333333335, 0.9304149775419284, '02:44']
[15, 0.20275090634822845, 0.20007085800170898, 0.9319166541099548, 0.9319166666666667, 0.9313552138145502, '02:44']
[16, 0.1871938705444336, 0.1941843032836914, 0.934333324432373, 0.9343333333333333, 0.9341321385555119, '02:46']
[17, 0.1641872376203537, 0.19559207558631897, 0.9349166750907898, 0.9349166666666667, 0.9348806455120207, '02:44']
[18, 0.16178074479103088, 0.2006380409002304, 0.9359999895095825, 0.9360000000000002, 0.9351664806354636, '02:46']
[19, 0.13728177547454834, 0.19129538536071777, 0.9386666417121887, 0.9386666666666669, 0.9380982964678752, '02:45']
[20, 0.13703951239585876, 0.19075234234333038, 0.937833309173584, 0.9378333333333334, 0.937378684483942, '02:44']
[21, 0.14292359352111816, 0.19126419723033905, 0.9387500286102295, 0.93875, 0.938494507118339, '02:46']
[22, 0.12613509595394135, 0.19126079976558685, 0.9387500286102295, 0.9387500000000001, 0.9382608416033269, '02:44']
[23, 0.12792833149433136, 0.19101838767528534, 0.9399166703224182, 0.9399166666666667, 0.9396419424320961, '02:44']
[24, 0.1217769980430603, 0.18856671452522278, 0.9398333430290222, 0.9398333333333333, 0.9396338205392498, '02:45']
[25, 0.12728671729564667, 0.18798932433128357, 0.9399999976158142, 0.9399999999999998, 0.9397531573210012, '02:44']
[26, 0.12297580391168594, 0.18718764185905457, 0.9392499923706055, 0.93925, 0.9391044742691887, '02:44']
[27, 0.12582261860370636, 0.18830637633800507, 0.9402499794960022, 0.94025, 0.9400008205533107, '02:45']
[28, 0.12613512575626373, 0.18686820566654205, 0.940416693687439, 0.9404166666666667, 0.9402211232719024, '02:45']
[29, 0.1224178820848465, 0.18743246793746948, 0.940833330154419, 0.9408333333333335, 0.9406760478180136, '02:47']

Tiempo de entrenamiento: 5102.48 segundos
/mnt/homeGPU/haoweihu/TFG/lib/python3.10/site-packages/fastai/learner.py:455: UserWarning: load_learner` uses Python's insecure pickle module, which can execute malicious arbitrary code when loading. Only load files you trust.
If you only need to load model weights and optimizer state, use the safe `Learner.load` instead.
  warn("load_learner` uses Python's insecure pickle module, which can execute malicious arbitrary code when loading. Only load files you trust.\nIf you only need to load model weights and optimizer state, use the safe `Learner.load` instead.")
Loss (valid): 0.1874
Accuracy (valid): 0.9408
Recall (valid): 0.9408
F1-Score (valid): 0.9407
/mnt/homeGPU/haoweihu/TFG/lib/python3.10/site-packages/torchvision/models/_utils.py:208: UserWarning: The parameter 'pretrained' is deprecated since 0.13 and may be removed in the future, please use 'weights' instead.
  warnings.warn(
/mnt/homeGPU/haoweihu/TFG/lib/python3.10/site-packages/torchvision/models/_utils.py:223: UserWarning: Arguments other than a weight enum or `None` for 'weights' are deprecated since 0.13 and may be removed in the future. The current behavior is equivalent to passing `weights=EfficientNet_V2_S_Weights.IMAGENET1K_V1`. You can also use `weights=EfficientNet_V2_S_Weights.DEFAULT` to get the most up-to-date weights.
  warnings.warn(msg)
Loss (test): 3.7547
Accuracy (test): 0.7474
Recall (test): 0.7473
F1-Score (test): 0.7468
---------------------------------------------------------------------------
Ejecutando: fmnist_60pct_effnetv2s
---------------------------------------------------------------------------
False
Número total de imágenes en entrenamiento: 28800
Número total de imágenes en validación: 12000
Clases: ['Ankle boot', 'Bag', 'Coat', 'Dress', 'Pullover', 'Sandal', 'Shirt', 'Sneaker', 'T-shirt', 'Trouser']
weights = None
[0, 1.3876338005065918, 0.8356512784957886, 0.7018333077430725, 0.7018333333333333, 0.7011128515846943, '04:24']
[1, 0.9965956807136536, 0.6265590190887451, 0.7838333249092102, 0.7838333333333334, 0.7837340451931559, '03:11']
[2, 0.7022605538368225, 0.5248684287071228, 0.8144166469573975, 0.8144166666666667, 0.8129116437724141, '03:12']
[3, 0.552192747592926, 0.40275776386260986, 0.8516666889190674, 0.8516666666666668, 0.8515388179417386, '03:12']
[4, 0.428622841835022, 0.3269830048084259, 0.8812500238418579, 0.88125, 0.8797865800961112, '03:11']
[5, 0.37963029742240906, 0.295836865901947, 0.8933333158493042, 0.8933333333333332, 0.8926058318032754, '03:09']
[6, 0.3218734562397003, 0.2696242034435272, 0.8995833396911621, 0.8995833333333334, 0.8988420204697946, '03:07']
[7, 0.27217480540275574, 0.24767950177192688, 0.9142500162124634, 0.91425, 0.9139997700120353, '03:07']
[8, 0.279693067073822, 0.22826294600963593, 0.9161666631698608, 0.9161666666666666, 0.9161432386387862, '03:07']
[9, 0.2554601728916168, 0.2170267552137375, 0.9244166612625122, 0.9244166666666667, 0.9252324111258622, '03:06']
[10, 0.23281864821910858, 0.19798211753368378, 0.9290833473205566, 0.9290833333333334, 0.9286930773062151, '03:05']
[11, 0.2354823648929596, 0.21025629341602325, 0.9254999756813049, 0.9254999999999999, 0.9252046211494598, '03:09']
[12, 0.19200269877910614, 0.19451633095741272, 0.9310833215713501, 0.9310833333333333, 0.9312348251328879, '03:08']
[13, 0.20630955696105957, 0.18325868248939514, 0.9352499842643738, 0.9352500000000001, 0.9350457735651976, '03:09']
[14, 0.184758260846138, 0.1843969076871872, 0.934416651725769, 0.9344166666666667, 0.9347344846077604, '03:09']
[15, 0.17417357861995697, 0.18624892830848694, 0.9353333115577698, 0.9353333333333333, 0.9351724111239825, '03:11']
[16, 0.1729349046945572, 0.18096289038658142, 0.9355833530426025, 0.9355833333333333, 0.9353765357663895, '03:09']
[17, 0.16228783130645752, 0.18000732362270355, 0.9382500052452087, 0.9382499999999998, 0.93827194324109, '03:08']
[18, 0.15219560265541077, 0.17717424035072327, 0.9395833611488342, 0.9395833333333334, 0.9394702077811798, '03:08']
[19, 0.1483653485774994, 0.17432141304016113, 0.9409166574478149, 0.9409166666666666, 0.9408634262558829, '03:06']
[20, 0.13193024694919586, 0.17599444091320038, 0.9397500157356262, 0.9397499999999999, 0.9395518229184752, '03:07']
[21, 0.14309121668338776, 0.17084668576717377, 0.940750002861023, 0.9407499999999999, 0.9405241606137109, '03:07']
[22, 0.12319090217351913, 0.1684895157814026, 0.9418333172798157, 0.9418333333333333, 0.9416332088896106, '03:08']
[23, 0.1330280750989914, 0.1694619506597519, 0.9438333511352539, 0.9438333333333333, 0.9438736395499898, '03:10']
[24, 0.13680300116539001, 0.1686387062072754, 0.9432500004768372, 0.9432499999999999, 0.9431544353539383, '03:08']
[25, 0.1224408745765686, 0.16827329993247986, 0.9437500238418579, 0.94375, 0.9437277727780634, '03:08']
[26, 0.12108459323644638, 0.167917862534523, 0.9440000057220459, 0.944, 0.9438808870409637, '03:08']
[27, 0.12199076265096664, 0.16848403215408325, 0.9434166550636292, 0.9434166666666666, 0.9434124485622132, '03:08']
[28, 0.12059400230646133, 0.16756168007850647, 0.9437500238418579, 0.94375, 0.9436899862139647, '03:08']
[29, 0.11862783133983612, 0.16723522543907166, 0.9433333277702332, 0.9433333333333334, 0.9433452029372849, '03:07']

Tiempo de entrenamiento: 5742.79 segundos
/mnt/homeGPU/haoweihu/TFG/lib/python3.10/site-packages/fastai/learner.py:455: UserWarning: load_learner` uses Python's insecure pickle module, which can execute malicious arbitrary code when loading. Only load files you trust.
If you only need to load model weights and optimizer state, use the safe `Learner.load` instead.
  warn("load_learner` uses Python's insecure pickle module, which can execute malicious arbitrary code when loading. Only load files you trust.\nIf you only need to load model weights and optimizer state, use the safe `Learner.load` instead.")
Loss (valid): 0.1672
Accuracy (valid): 0.9433
Recall (valid): 0.9433
F1-Score (valid): 0.9433
/mnt/homeGPU/haoweihu/TFG/lib/python3.10/site-packages/torchvision/models/_utils.py:208: UserWarning: The parameter 'pretrained' is deprecated since 0.13 and may be removed in the future, please use 'weights' instead.
  warnings.warn(
/mnt/homeGPU/haoweihu/TFG/lib/python3.10/site-packages/torchvision/models/_utils.py:223: UserWarning: Arguments other than a weight enum or `None` for 'weights' are deprecated since 0.13 and may be removed in the future. The current behavior is equivalent to passing `weights=EfficientNet_V2_S_Weights.IMAGENET1K_V1`. You can also use `weights=EfficientNet_V2_S_Weights.DEFAULT` to get the most up-to-date weights.
  warnings.warn(msg)
Loss (test): 3.8792
Accuracy (test): 0.7473
Recall (test): 0.7475
F1-Score (test): 0.7474
---------------------------------------------------------------------------
Ejecutando: fmnist_70pct_effnetv2s
---------------------------------------------------------------------------
False
Número total de imágenes en entrenamiento: 33600
Número total de imágenes en validación: 12000
Clases: ['Ankle boot', 'Bag', 'Coat', 'Dress', 'Pullover', 'Sandal', 'Shirt', 'Sneaker', 'T-shirt', 'Trouser']
weights = None
[0, 1.367902398109436, 0.8056740164756775, 0.7091666460037231, 0.7091666666666666, 0.7091587996154413, '05:05']
[1, 0.9496976733207703, 0.6224681735038757, 0.777999997138977, 0.778, 0.7744710037215884, '03:37']
[2, 0.6744369864463806, 0.47994014620780945, 0.8264166712760925, 0.8264166666666666, 0.826062807326147, '03:34']
[3, 0.5010240077972412, 0.3796016573905945, 0.8615000247955322, 0.8615, 0.8608848423481333, '03:33']
[4, 0.41249793767929077, 0.32123175263404846, 0.8832499980926514, 0.88325, 0.8833323166538701, '03:32']
[5, 0.3449709117412567, 0.2735348641872406, 0.8970833420753479, 0.8970833333333333, 0.8973681386482741, '03:32']
[6, 0.30042821168899536, 0.2513662576675415, 0.9105833172798157, 0.9105833333333333, 0.9105151146320122, '03:32']
[7, 0.2868093252182007, 0.2267688810825348, 0.9168333411216736, 0.9168333333333333, 0.9165869643070126, '03:31']
[8, 0.25874361395835876, 0.21035943925380707, 0.9247499704360962, 0.9247500000000001, 0.9240341347735435, '03:32']
[9, 0.2358708381652832, 0.2147594541311264, 0.9232500195503235, 0.92325, 0.9227243582731862, '03:32']
[10, 0.22689500451087952, 0.2069699913263321, 0.9269999861717224, 0.9269999999999999, 0.9267119450675239, '03:31']
[11, 0.21064628660678864, 0.20202091336250305, 0.9272500276565552, 0.9272499999999999, 0.9265748160683183, '03:31']
[12, 0.18898381292819977, 0.19219978153705597, 0.9330000281333923, 0.933, 0.932711133126484, '03:32']
[13, 0.20041270554065704, 0.1852889209985733, 0.934333324432373, 0.9343333333333333, 0.9341982934550381, '03:32']
[14, 0.1701621115207672, 0.18351401388645172, 0.9352499842643738, 0.9352500000000001, 0.9348986714053746, '03:32']
[15, 0.17771294713020325, 0.1798383593559265, 0.9366666674613953, 0.9366666666666668, 0.9366938009275015, '03:35']
[16, 0.16693925857543945, 0.17982570827007294, 0.9350833296775818, 0.9350833333333333, 0.9348433395587648, '03:34']
[17, 0.16374729573726654, 0.17519211769104004, 0.9375, 0.9374999999999998, 0.9372952141064574, '03:35']
[18, 0.15951798856258392, 0.17773649096488953, 0.937749981880188, 0.93775, 0.937371079379945, '03:35']
[19, 0.15135322511196136, 0.17477825284004211, 0.9382500052452087, 0.9382499999999998, 0.938098083983332, '03:34']
[20, 0.14566677808761597, 0.17823311686515808, 0.937250018119812, 0.9372499999999999, 0.9371204106638154, '03:31']
[21, 0.1419740617275238, 0.17210467159748077, 0.9409999847412109, 0.9410000000000001, 0.9408146981590126, '03:33']
[22, 0.1355552077293396, 0.1718732863664627, 0.9391666650772095, 0.9391666666666666, 0.9389132148969974, '03:32']
[23, 0.13031962513923645, 0.1734076887369156, 0.9400833249092102, 0.9400833333333333, 0.9396639608298706, '03:34']
[24, 0.13796377182006836, 0.17399217188358307, 0.9389166831970215, 0.9389166666666668, 0.9386533953738094, '03:32']
[25, 0.1262311488389969, 0.17479673027992249, 0.9385833144187927, 0.9385833333333334, 0.9384661203116149, '03:33']
[26, 0.12240570038557053, 0.17138893902301788, 0.9402499794960022, 0.94025, 0.9399682621547022, '03:31']
[27, 0.11128971725702286, 0.17115247249603271, 0.9401666522026062, 0.9401666666666667, 0.9400312240124457, '03:32']
[28, 0.11952131241559982, 0.17149397730827332, 0.9398333430290222, 0.9398333333333333, 0.9396710093661437, '03:31']
[29, 0.12598979473114014, 0.17229746282100677, 0.9392499923706055, 0.93925, 0.9390581287012345, '03:31']

Tiempo de entrenamiento: 6489.14 segundos
/mnt/homeGPU/haoweihu/TFG/lib/python3.10/site-packages/fastai/learner.py:455: UserWarning: load_learner` uses Python's insecure pickle module, which can execute malicious arbitrary code when loading. Only load files you trust.
If you only need to load model weights and optimizer state, use the safe `Learner.load` instead.
  warn("load_learner` uses Python's insecure pickle module, which can execute malicious arbitrary code when loading. Only load files you trust.\nIf you only need to load model weights and optimizer state, use the safe `Learner.load` instead.")
Loss (valid): 0.1723
Accuracy (valid): 0.9392
Recall (valid): 0.9393
F1-Score (valid): 0.9391
/mnt/homeGPU/haoweihu/TFG/lib/python3.10/site-packages/torchvision/models/_utils.py:208: UserWarning: The parameter 'pretrained' is deprecated since 0.13 and may be removed in the future, please use 'weights' instead.
  warnings.warn(
/mnt/homeGPU/haoweihu/TFG/lib/python3.10/site-packages/torchvision/models/_utils.py:223: UserWarning: Arguments other than a weight enum or `None` for 'weights' are deprecated since 0.13 and may be removed in the future. The current behavior is equivalent to passing `weights=EfficientNet_V2_S_Weights.IMAGENET1K_V1`. You can also use `weights=EfficientNet_V2_S_Weights.DEFAULT` to get the most up-to-date weights.
  warnings.warn(msg)
Loss (test): 4.0309
Accuracy (test): 0.7543
Recall (test): 0.7541
F1-Score (test): 0.7526
---------------------------------------------------------------------------
Ejecutando: fmnist_80pct_effnetv2s
---------------------------------------------------------------------------
False
Número total de imágenes en entrenamiento: 38400
Número total de imágenes en validación: 12000
Clases: ['Ankle boot', 'Bag', 'Coat', 'Dress', 'Pullover', 'Sandal', 'Shirt', 'Sneaker', 'T-shirt', 'Trouser']
weights = None
[0, 1.3035752773284912, 0.7787196636199951, 0.7304166555404663, 0.7304166666666667, 0.7275102906657482, '05:53']
[1, 0.8826181292533875, 0.5716644525527954, 0.7989166378974915, 0.7989166666666666, 0.7974457494876325, '03:55']
[2, 0.6450053453445435, 0.44094371795654297, 0.8356666564941406, 0.8356666666666668, 0.8334928839216623, '03:56']
[3, 0.4848076105117798, 0.3433475196361542, 0.8770833611488342, 0.8770833333333334, 0.8761162401539876, '03:57']
[4, 0.38898906111717224, 0.28220731019973755, 0.8960833549499512, 0.8960833333333333, 0.8952668202550077, '03:54']
[5, 0.3395332098007202, 0.2488478571176529, 0.9082499742507935, 0.90825, 0.9079934481698247, '04:00']
[6, 0.29632413387298584, 0.22562874853610992, 0.9184166789054871, 0.9184166666666668, 0.9171885543788179, '03:55']
[7, 0.2677784860134125, 0.2134886234998703, 0.9211666584014893, 0.9211666666666666, 0.9212407511990935, '04:02']
[8, 0.25186413526535034, 0.19811701774597168, 0.9300000071525574, 0.93, 0.930027729404752, '03:56']
[9, 0.24117006361484528, 0.18488989770412445, 0.9316666722297668, 0.9316666666666666, 0.9319395288111642, '04:00']
[10, 0.21197877824306488, 0.17590565979480743, 0.9363333582878113, 0.9363333333333331, 0.9367267020797645, '04:00']
[11, 0.2120811492204666, 0.17418725788593292, 0.9384999871253967, 0.9385, 0.938086662035416, '03:55']
[12, 0.18666784465312958, 0.1745835840702057, 0.9384999871253967, 0.9385000000000001, 0.9380194828264955, '03:56']
[13, 0.19649091362953186, 0.1657685488462448, 0.940500020980835, 0.9404999999999999, 0.9398987546014992, '03:56']
[14, 0.16754771769046783, 0.16588234901428223, 0.940500020980835, 0.9405000000000001, 0.9402544322194826, '03:58']
[15, 0.15789441764354706, 0.15538321435451508, 0.9459166526794434, 0.9459166666666666, 0.9458008033119842, '04:00']
[16, 0.1602196991443634, 0.15314596891403198, 0.9464166760444641, 0.9464166666666667, 0.9463698867945268, '03:58']
[17, 0.15964405238628387, 0.1543358415365219, 0.9465833306312561, 0.9465833333333334, 0.9465888579562558, '04:01']
[18, 0.14663083851337433, 0.15267622470855713, 0.9456666707992554, 0.9456666666666665, 0.9456015067150094, '03:58']
[19, 0.14298276603221893, 0.14909476041793823, 0.9482499957084656, 0.94825, 0.9484158432545549, '03:57']
[20, 0.14091315865516663, 0.15034794807434082, 0.9474999904632568, 0.9475, 0.9474444107251537, '03:58']
[21, 0.1398569643497467, 0.15014927089214325, 0.9490833282470703, 0.9490833333333335, 0.9488770828678191, '03:55']
[22, 0.12893545627593994, 0.14734868705272675, 0.9496666789054871, 0.9496666666666667, 0.949601944923511, '03:56']
[23, 0.13153895735740662, 0.1486620157957077, 0.9491666555404663, 0.9491666666666667, 0.9491379903295549, '04:04']
[24, 0.12989743053913116, 0.1462816298007965, 0.9488333463668823, 0.9488333333333332, 0.9487862319506426, '03:56']
[25, 0.1218162328004837, 0.14674554765224457, 0.9491666555404663, 0.9491666666666665, 0.9491390205133751, '03:55']
[26, 0.12872843444347382, 0.14836342632770538, 0.9481666684150696, 0.9481666666666666, 0.948210863507742, '03:55']
[27, 0.12214939296245575, 0.14585848152637482, 0.9484999775886536, 0.9484999999999999, 0.9485755109552777, '03:56']
[28, 0.12337861955165863, 0.14659835398197174, 0.9489166736602783, 0.9489166666666666, 0.948980862327646, '03:58']
[29, 0.124156653881073, 0.14638932049274445, 0.9494166374206543, 0.9494166666666667, 0.9494123299142828, '03:59']

Tiempo de entrenamiento: 7252.68 segundos
/mnt/homeGPU/haoweihu/TFG/lib/python3.10/site-packages/fastai/learner.py:455: UserWarning: load_learner` uses Python's insecure pickle module, which can execute malicious arbitrary code when loading. Only load files you trust.
If you only need to load model weights and optimizer state, use the safe `Learner.load` instead.
  warn("load_learner` uses Python's insecure pickle module, which can execute malicious arbitrary code when loading. Only load files you trust.\nIf you only need to load model weights and optimizer state, use the safe `Learner.load` instead.")
Loss (valid): 0.1464
Accuracy (valid): 0.9494
Recall (valid): 0.9494
F1-Score (valid): 0.9494
/mnt/homeGPU/haoweihu/TFG/lib/python3.10/site-packages/torchvision/models/_utils.py:208: UserWarning: The parameter 'pretrained' is deprecated since 0.13 and may be removed in the future, please use 'weights' instead.
  warnings.warn(
/mnt/homeGPU/haoweihu/TFG/lib/python3.10/site-packages/torchvision/models/_utils.py:223: UserWarning: Arguments other than a weight enum or `None` for 'weights' are deprecated since 0.13 and may be removed in the future. The current behavior is equivalent to passing `weights=EfficientNet_V2_S_Weights.IMAGENET1K_V1`. You can also use `weights=EfficientNet_V2_S_Weights.DEFAULT` to get the most up-to-date weights.
  warnings.warn(msg)
Loss (test): 3.8720
Accuracy (test): 0.7559
Recall (test): 0.7559
F1-Score (test): 0.7544
---------------------------------------------------------------------------
Ejecutando: fmnist_90pct_effnetv2s
---------------------------------------------------------------------------
False
Número total de imágenes en entrenamiento: 43200
Número total de imágenes en validación: 12000
Clases: ['Ankle boot', 'Bag', 'Coat', 'Dress', 'Pullover', 'Sandal', 'Shirt', 'Sneaker', 'T-shirt', 'Trouser']
weights = None
[0, 1.275061011314392, 0.7695233821868896, 0.7280833125114441, 0.7280833333333333, 0.7270481143117695, '06:52']
[1, 0.8525202870368958, 0.5683915615081787, 0.7988333106040955, 0.7988333333333333, 0.7970266418478615, '04:24']
[2, 0.6310638189315796, 0.4428970217704773, 0.8430833220481873, 0.8430833333333332, 0.8445923483150605, '04:18']
[3, 0.4814019203186035, 0.3361383378505707, 0.878333330154419, 0.8783333333333333, 0.8790948088257592, '04:20']
[4, 0.36406269669532776, 0.27377501130104065, 0.8981666564941406, 0.8981666666666668, 0.8972733513301104, '04:22']
[5, 0.30629611015319824, 0.25376319885253906, 0.9085833430290222, 0.9085833333333333, 0.9085515920521517, '04:20']
[6, 0.2765706777572632, 0.21855662763118744, 0.9206666946411133, 0.9206666666666667, 0.9201464240769981, '04:19']
[7, 0.2642762362957001, 0.22245001792907715, 0.9181666374206543, 0.9181666666666667, 0.9176939442278573, '04:21']
[8, 0.2364737093448639, 0.19575978815555573, 0.9269166588783264, 0.9269166666666667, 0.926543414637288, '04:21']
[9, 0.21874208748340607, 0.18552321195602417, 0.9325833320617676, 0.9325833333333333, 0.932067363171855, '04:20']
[10, 0.22802574932575226, 0.18521887063980103, 0.9318333268165588, 0.9318333333333333, 0.9308710614237565, '04:20']
[11, 0.17684277892112732, 0.18013779819011688, 0.9351666569709778, 0.9351666666666667, 0.9349809664174629, '04:23']
[12, 0.1930461823940277, 0.1759980320930481, 0.9350833296775818, 0.9350833333333334, 0.9343812381094123, '04:23']
[13, 0.18813936412334442, 0.16799722611904144, 0.9395833611488342, 0.9395833333333332, 0.9394005241086736, '04:22']
[14, 0.18579457700252533, 0.15532749891281128, 0.9446666836738586, 0.9446666666666665, 0.9442814540442985, '04:22']
[15, 0.16072499752044678, 0.16404834389686584, 0.940833330154419, 0.9408333333333333, 0.9406218584104631, '04:20']
[16, 0.17020878195762634, 0.15720674395561218, 0.9436666369438171, 0.9436666666666665, 0.9434623773205415, '04:21']
[17, 0.14727996289730072, 0.15401798486709595, 0.9447500109672546, 0.94475, 0.9447615111753315, '04:19']
[18, 0.14256851375102997, 0.15307994186878204, 0.9466666579246521, 0.9466666666666665, 0.9464016147668992, '04:21']
[19, 0.13898193836212158, 0.1485552340745926, 0.9472500085830688, 0.94725, 0.9472376539935036, '04:20']
[20, 0.1342972218990326, 0.15115760266780853, 0.9463333487510681, 0.9463333333333332, 0.9462302211281306, '04:20']
[21, 0.13129675388336182, 0.14615151286125183, 0.9483333230018616, 0.9483333333333333, 0.9484111512161671, '04:19']
[22, 0.12698672711849213, 0.14670346677303314, 0.9486666917800903, 0.9486666666666667, 0.9484569649041635, '04:19']
[23, 0.12025728821754456, 0.1448339819908142, 0.9489166736602783, 0.9489166666666666, 0.9488152478140801, '04:20']
[24, 0.1269427239894867, 0.1466466635465622, 0.9483333230018616, 0.9483333333333333, 0.9481479093614766, '04:19']
[25, 0.12861168384552002, 0.1473294198513031, 0.9480000138282776, 0.9479999999999998, 0.9479543545087946, '04:18']
[26, 0.1138257086277008, 0.1462419480085373, 0.9479166865348816, 0.9479166666666666, 0.9479958666786826, '04:19']
[27, 0.10954409837722778, 0.14529217779636383, 0.9482499957084656, 0.94825, 0.9482701219839587, '04:26']
[28, 0.11370773613452911, 0.14602360129356384, 0.9482499957084656, 0.94825, 0.948204809708429, '04:29']
No improvement since epoch 23: early stopping

Tiempo de entrenamiento: 7732.41 segundos
/mnt/homeGPU/haoweihu/TFG/lib/python3.10/site-packages/fastai/learner.py:455: UserWarning: load_learner` uses Python's insecure pickle module, which can execute malicious arbitrary code when loading. Only load files you trust.
If you only need to load model weights and optimizer state, use the safe `Learner.load` instead.
  warn("load_learner` uses Python's insecure pickle module, which can execute malicious arbitrary code when loading. Only load files you trust.\nIf you only need to load model weights and optimizer state, use the safe `Learner.load` instead.")
Loss (valid): 0.1460
Accuracy (valid): 0.9482
Recall (valid): 0.9483
F1-Score (valid): 0.9482
Loss (test): 4.0638
Accuracy (test): 0.7550
Recall (test): 0.7551
F1-Score (test): 0.7546
mail: cannot send message: Process exited with a non-zero status
