---------------------------------------------------------------------------
Ejecutando: cifar_rgb_10pct_example1
---------------------------------------------------------------------------
Número total de imágenes en entrenamiento: 4000
Número total de imágenes en validación: 10000

Clases: ['airplane', 'automobile', 'bird', 'cat', 'deer', 'dog', 'frog', 'horse', 'ship', 'truck']
[0, 2.3047616481781006, 2.3041305541992188, 0.10599999874830246, 0.10600000000000001, 0.031055381923287627, '00:26']
[1, 2.3022878170013428, 2.2982430458068848, 0.10840000212192535, 0.10840000000000001, 0.0352788557992381, '00:20']
[2, 2.2741405963897705, 2.21740460395813, 0.17990000545978546, 0.1799, 0.11827447065673091, '00:20']
[3, 2.1388957500457764, 2.066466808319092, 0.24320000410079956, 0.2432, 0.18268029873174152, '00:20']
[4, 2.0226330757141113, 2.0517921447753906, 0.24529999494552612, 0.2453, 0.1973458165759646, '00:20']
[5, 1.9316470623016357, 1.893908977508545, 0.3057999908924103, 0.30579999999999996, 0.27303662220368746, '00:20']
[6, 1.873105525970459, 1.8275164365768433, 0.3391999900341034, 0.33920000000000006, 0.30719110382924997, '00:20']
[7, 1.7987574338912964, 1.748179316520691, 0.3736000061035156, 0.3736, 0.34928766530659006, '00:20']
[8, 1.7318931818008423, 1.744870662689209, 0.36399999260902405, 0.364, 0.33350189995083634, '00:20']
[9, 1.6887942552566528, 1.676944375038147, 0.3885999917984009, 0.38859999999999995, 0.36722029676210977, '00:20']
[10, 1.6472331285476685, 1.6393413543701172, 0.4041999876499176, 0.40420000000000006, 0.3889193628406043, '00:20']
[11, 1.6188651323318481, 1.638575792312622, 0.40959998965263367, 0.4096, 0.3887033447101108, '00:20']
[12, 1.587408185005188, 1.6613730192184448, 0.4018999934196472, 0.40190000000000003, 0.3995969881767979, '00:20']
[13, 1.56760573387146, 1.6319712400436401, 0.4115999937057495, 0.41159999999999997, 0.40449909496738057, '00:20']
[14, 1.5332651138305664, 1.5922584533691406, 0.42500001192092896, 0.425, 0.4200207579626847, '00:20']
[15, 1.5142123699188232, 1.5842405557632446, 0.429500013589859, 0.4295, 0.4265213522937671, '00:20']
[16, 1.4916154146194458, 1.5701824426651, 0.42489999532699585, 0.42489999999999994, 0.41742387785068746, '00:20']
[17, 1.4698814153671265, 1.578109622001648, 0.42899999022483826, 0.429, 0.41998953993809085, '00:20']
[18, 1.453040361404419, 1.6222946643829346, 0.41909998655319214, 0.4191, 0.39964374385995527, '00:20']
[19, 1.4418193101882935, 1.559146523475647, 0.43650001287460327, 0.4365, 0.4280939403274899, '00:20']
[20, 1.4176877737045288, 1.5628489255905151, 0.4325000047683716, 0.4325, 0.43342520944091295, '00:20']
[21, 1.4055330753326416, 1.5599384307861328, 0.4377000033855438, 0.4377, 0.4260848146463553, '00:22']
[22, 1.3920588493347168, 1.5430705547332764, 0.44600000977516174, 0.446, 0.4374261791128255, '00:20']
[23, 1.3771088123321533, 1.5344431400299072, 0.4458000063896179, 0.44580000000000003, 0.43967372712442393, '00:20']
[24, 1.3661190271377563, 1.5319777727127075, 0.44699999690055847, 0.44700000000000006, 0.4425462877378622, '00:20']
[25, 1.3575456142425537, 1.5310335159301758, 0.4489000141620636, 0.4489000000000001, 0.4433805398339463, '00:20']
[26, 1.3518340587615967, 1.5297092199325562, 0.44620001316070557, 0.44620000000000004, 0.4405377505238087, '00:20']
[27, 1.3426594734191895, 1.5291744470596313, 0.4478999972343445, 0.4479, 0.4432582123519267, '00:20']
[28, 1.3454091548919678, 1.529317021369934, 0.4462999999523163, 0.44630000000000003, 0.4421276526942813, '00:21']
[29, 1.339349389076233, 1.5292476415634155, 0.4465999901294708, 0.4466, 0.44224226056421606, '00:20']

Tiempo de entrenamiento: 629.59 segundos
/mnt/homeGPU/haoweihu/TFG/lib/python3.10/site-packages/fastai/learner.py:455: UserWarning: load_learner` uses Python's insecure pickle module, which can execute malicious arbitrary code when loading. Only load files you trust.
If you only need to load model weights and optimizer state, use the safe `Learner.load` instead.
  warn("load_learner` uses Python's insecure pickle module, which can execute malicious arbitrary code when loading. Only load files you trust.\nIf you only need to load model weights and optimizer state, use the safe `Learner.load` instead.")
Loss: 1.5292
Accuracy: 0.4466
Recall: 0.4466
F1-Score: 0.4422
Loss: 1.5218946933746338
Accuracy: 0.44951921701431274
Recall (macro): 0.44950792727590294
F1 Score (macro): 0.4447484546347278
---------------------------------------------------------------------------
Ejecutando: cifar_rgb_10pct_example2
---------------------------------------------------------------------------
Número total de imágenes en entrenamiento: 4000
Número total de imágenes en validación: 10000

Clases: ['airplane', 'automobile', 'bird', 'cat', 'deer', 'dog', 'frog', 'horse', 'ship', 'truck']
[0, 2.3042473793029785, 2.3032848834991455, 0.10000000149011612, 0.1, 0.018958342324904225, '00:27']
[1, 2.30092453956604, 2.2947583198547363, 0.14010000228881836, 0.1401, 0.07936972295087266, '00:20']
[2, 2.269016742706299, 2.195688009262085, 0.17919999361038208, 0.17919999999999997, 0.10269145201756993, '00:20']
[3, 2.1680853366851807, 2.098896026611328, 0.2249000072479248, 0.22490000000000002, 0.16901759031594632, '00:20']
[4, 2.075066566467285, 2.0120153427124023, 0.24580000340938568, 0.24580000000000002, 0.17983850148783898, '00:20']
[5, 1.9982609748840332, 1.9103353023529053, 0.2948000133037567, 0.2948, 0.259811221873406, '00:20']
[6, 1.9094280004501343, 1.8064831495285034, 0.3472999930381775, 0.3473, 0.3175579844248852, '00:20']
[7, 1.8397489786148071, 1.7606332302093506, 0.3427000045776367, 0.34269999999999995, 0.3079619678258981, '00:20']
[8, 1.7767562866210938, 1.7530897855758667, 0.3564000129699707, 0.35639999999999994, 0.3275908087494253, '00:20']
[9, 1.7307441234588623, 1.6877554655075073, 0.3756999969482422, 0.37570000000000003, 0.3562437184500342, '00:20']
[10, 1.6969666481018066, 1.7600228786468506, 0.366100013256073, 0.3661, 0.3614868741897813, '00:20']
[11, 1.6506803035736084, 1.6281180381774902, 0.41179999709129333, 0.41180000000000005, 0.3957281518472144, '00:20']
[12, 1.6117037534713745, 1.6364610195159912, 0.4047999978065491, 0.4048, 0.398252263890476, '00:20']
[13, 1.5724998712539673, 1.6046675443649292, 0.4124000072479248, 0.4124, 0.4003787957436731, '00:22']
[14, 1.5528452396392822, 1.5814379453659058, 0.42160001397132874, 0.42160000000000003, 0.4114106961684952, '00:20']
[15, 1.5429753065109253, 1.5738767385482788, 0.42250001430511475, 0.4225, 0.41840601261824845, '00:20']
[16, 1.5111724138259888, 1.615897297859192, 0.4214000105857849, 0.42139999999999994, 0.4029660377529408, '00:20']
[17, 1.4865765571594238, 1.5501230955123901, 0.4392000138759613, 0.4391999999999999, 0.4261473472323204, '00:20']
[18, 1.4697271585464478, 1.5469324588775635, 0.4406000077724457, 0.44060000000000005, 0.43071065585594603, '00:20']
[19, 1.4532169103622437, 1.5358848571777344, 0.4453999996185303, 0.4454000000000001, 0.434218755701433, '00:20']
[20, 1.422294020652771, 1.527427077293396, 0.44620001316070557, 0.44620000000000004, 0.4404567319420945, '00:20']
[21, 1.4171024560928345, 1.5193856954574585, 0.4496000111103058, 0.44960000000000006, 0.4452605581312401, '00:21']
[22, 1.3916475772857666, 1.5235589742660522, 0.45260000228881836, 0.4526, 0.4466739281207241, '00:22']
[23, 1.3831086158752441, 1.5239979028701782, 0.4503999948501587, 0.45039999999999997, 0.4401500185631583, '00:22']
[24, 1.3789734840393066, 1.5186278820037842, 0.4521999955177307, 0.45220000000000005, 0.44879051796704716, '00:22']
[25, 1.3794203996658325, 1.5196750164031982, 0.4499000012874603, 0.4499000000000001, 0.4453821294240157, '00:21']
[26, 1.3670397996902466, 1.5128519535064697, 0.4544999897480011, 0.4545, 0.44995264129784607, '00:20']
[27, 1.3657326698303223, 1.5092366933822632, 0.45750001072883606, 0.4574999999999999, 0.4520449145323971, '00:20']
[28, 1.3615535497665405, 1.5097954273223877, 0.45730000734329224, 0.45730000000000004, 0.45172359949606716, '00:20']
[29, 1.3583630323410034, 1.5094369649887085, 0.45739999413490295, 0.4574, 0.45204012863075616, '00:20']

Tiempo de entrenamiento: 634.89 segundos
/mnt/homeGPU/haoweihu/TFG/lib/python3.10/site-packages/fastai/learner.py:455: UserWarning: load_learner` uses Python's insecure pickle module, which can execute malicious arbitrary code when loading. Only load files you trust.
If you only need to load model weights and optimizer state, use the safe `Learner.load` instead.
  warn("load_learner` uses Python's insecure pickle module, which can execute malicious arbitrary code when loading. Only load files you trust.\nIf you only need to load model weights and optimizer state, use the safe `Learner.load` instead.")
Loss: 1.5094
Accuracy: 0.4574
Recall: 0.4574
F1-Score: 0.4520
Loss: 1.5054020881652832
Accuracy: 0.4520232379436493
Recall (macro): 0.45194026524978403
F1 Score (macro): 0.44661052622785913
---------------------------------------------------------------------------
Ejecutando: cifar_rgb_20pct_example1
---------------------------------------------------------------------------
Número total de imágenes en entrenamiento: 8000
Número total de imágenes en validación: 10000

Clases: ['airplane', 'automobile', 'bird', 'cat', 'deer', 'dog', 'frog', 'horse', 'ship', 'truck']
[0, 2.3020808696746826, 2.3012399673461914, 0.10000000149011612, 0.1, 0.018183471224656786, '00:35']
[1, 2.272730827331543, 2.2270870208740234, 0.17679999768733978, 0.17679999999999998, 0.09264726187858467, '00:26']
[2, 2.0821285247802734, 2.0203120708465576, 0.25529998540878296, 0.2553, 0.206679264517368, '00:26']
[3, 1.9767979383468628, 1.9410011768341064, 0.29919999837875366, 0.2992, 0.27084691278627926, '00:26']
[4, 1.9068739414215088, 1.8607348203659058, 0.3269999921321869, 0.32700000000000007, 0.3046278108189183, '00:34']
[5, 1.8133200407028198, 1.867802381515503, 0.3188999891281128, 0.3189, 0.28170046193838616, '00:31']
[6, 1.7355793714523315, 1.752638339996338, 0.3555999994277954, 0.3556, 0.3244348557625168, '00:26']
[7, 1.655120611190796, 1.6542142629623413, 0.39419999718666077, 0.3942, 0.3766229193594153, '00:26']
[8, 1.6346174478530884, 1.6079990863800049, 0.41830000281333923, 0.41830000000000006, 0.411913758250965, '00:26']
[9, 1.5912405252456665, 1.5819607973098755, 0.4205999970436096, 0.4206, 0.4163060766950443, '00:26']
[10, 1.541448950767517, 1.56574547290802, 0.42500001192092896, 0.425, 0.40183070827393275, '00:26']
[11, 1.5019389390945435, 1.5499658584594727, 0.44519999623298645, 0.4452, 0.4383516798390336, '00:26']
[12, 1.4669773578643799, 1.5361013412475586, 0.4401000142097473, 0.4401, 0.43538944928857176, '00:26']
[13, 1.439741611480713, 1.485574722290039, 0.46160000562667847, 0.46159999999999995, 0.45355343660585046, '00:26']
[14, 1.4001247882843018, 1.4858427047729492, 0.4618000090122223, 0.46180000000000004, 0.45789830057685493, '00:26']
[15, 1.3688907623291016, 1.4699182510375977, 0.47200000286102295, 0.472, 0.465859132117677, '00:26']
[16, 1.359641194343567, 1.4727113246917725, 0.47040000557899475, 0.4704, 0.46188923065641135, '00:41']
[17, 1.323626160621643, 1.475548267364502, 0.47620001435279846, 0.47619999999999996, 0.4677763801456073, '00:37']
[18, 1.308322787284851, 1.497017502784729, 0.4650999903678894, 0.46509999999999996, 0.4608046999823559, '00:26']
[19, 1.294399380683899, 1.4414969682693481, 0.4869000017642975, 0.4869, 0.48514369263190343, '00:26']
[20, 1.257395625114441, 1.4623607397079468, 0.48399999737739563, 0.484, 0.48349782266100083, '00:26']
[21, 1.2435258626937866, 1.4286500215530396, 0.49309998750686646, 0.4931, 0.48928603823169947, '00:26']
[22, 1.2171752452850342, 1.435014247894287, 0.49380001425743103, 0.49380000000000007, 0.4882917375389432, '00:26']
[23, 1.2016432285308838, 1.4275097846984863, 0.4950000047683716, 0.49499999999999994, 0.4923371087295956, '00:26']
[24, 1.1930971145629883, 1.4296921491622925, 0.49729999899864197, 0.49729999999999996, 0.49049112748324114, '00:26']
[25, 1.1829838752746582, 1.4185091257095337, 0.49900001287460327, 0.499, 0.4951234573989046, '00:26']
[26, 1.1884350776672363, 1.4197051525115967, 0.49889999628067017, 0.4989, 0.4956566514294005, '00:26']
[27, 1.1729813814163208, 1.4195843935012817, 0.5022000074386597, 0.5022, 0.4987955588108456, '00:26']
[28, 1.1738229990005493, 1.4200646877288818, 0.5030999779701233, 0.5031, 0.5002020796512273, '00:26']
[29, 1.1698403358459473, 1.4190995693206787, 0.5034000277519226, 0.5034, 0.5003923855656439, '00:26']

Tiempo de entrenamiento: 843.83 segundos
/mnt/homeGPU/haoweihu/TFG/lib/python3.10/site-packages/fastai/learner.py:455: UserWarning: load_learner` uses Python's insecure pickle module, which can execute malicious arbitrary code when loading. Only load files you trust.
If you only need to load model weights and optimizer state, use the safe `Learner.load` instead.
  warn("load_learner` uses Python's insecure pickle module, which can execute malicious arbitrary code when loading. Only load files you trust.\nIf you only need to load model weights and optimizer state, use the safe `Learner.load` instead.")
Loss: 1.4191
Accuracy: 0.5034
Recall: 0.5034
F1-Score: 0.5004
Loss: 1.4153536558151245
Accuracy: 0.5011017918586731
Recall (macro): 0.5011472766483014
F1 Score (macro): 0.4971512701893972
---------------------------------------------------------------------------
Ejecutando: cifar_rgb_20pct_example2
---------------------------------------------------------------------------
Número total de imágenes en entrenamiento: 8000
Número total de imágenes en validación: 10000

Clases: ['airplane', 'automobile', 'bird', 'cat', 'deer', 'dog', 'frog', 'horse', 'ship', 'truck']
[0, 2.301081895828247, 2.2989156246185303, 0.13449999690055847, 0.1345, 0.055158140446602236, '00:35']
[1, 2.267436981201172, 2.2291059494018555, 0.16509999334812164, 0.16509999999999997, 0.08697251642448792, '00:26']
[2, 2.112790822982788, 2.0477447509765625, 0.2434999942779541, 0.24349999999999997, 0.1897830266288471, '00:26']
[3, 2.0159103870391846, 1.9782723188400269, 0.26019999384880066, 0.2602, 0.22184213041953083, '00:26']
[4, 1.9305777549743652, 1.8819708824157715, 0.298799991607666, 0.29879999999999995, 0.2716676003464148, '00:26']
[5, 1.8506203889846802, 1.8457281589508057, 0.32710000872612, 0.3271, 0.3043347451960174, '00:26']
[6, 1.75998854637146, 1.7648972272872925, 0.34769999980926514, 0.3477, 0.30866519466956566, '00:28']
[7, 1.7177523374557495, 1.6991562843322754, 0.37630000710487366, 0.3763, 0.36783542548350234, '00:26']
[8, 1.6727391481399536, 1.6670931577682495, 0.38519999384880066, 0.38520000000000004, 0.367211304905235, '00:26']
[9, 1.6190152168273926, 1.6475833654403687, 0.3912999927997589, 0.3912999999999999, 0.3725361814340678, '00:26']
[10, 1.5870792865753174, 1.6080909967422485, 0.40860000252723694, 0.4086, 0.39830897595572495, '00:26']
[11, 1.5777381658554077, 1.5871281623840332, 0.41839998960494995, 0.4184, 0.41301319549587856, '00:26']
[12, 1.5305408239364624, 1.5694098472595215, 0.4185999929904938, 0.41859999999999997, 0.40859768742077496, '00:26']
[13, 1.5140700340270996, 1.5780466794967651, 0.42149999737739563, 0.4215, 0.41271768899330585, '00:26']
[14, 1.4860235452651978, 1.5358316898345947, 0.43540000915527344, 0.4354, 0.42182362295754106, '00:26']
[15, 1.4495173692703247, 1.5345770120620728, 0.4413999915122986, 0.44139999999999996, 0.43900133261368646, '00:26']
[16, 1.4213953018188477, 1.4959685802459717, 0.4496000111103058, 0.44960000000000006, 0.43611885921436977, '00:26']
[17, 1.4059793949127197, 1.592705488204956, 0.427700012922287, 0.4277, 0.41590124797517636, '00:26']
[18, 1.3904234170913696, 1.4849236011505127, 0.45489999651908875, 0.45489999999999997, 0.45111615444836095, '00:26']
[19, 1.369285225868225, 1.4663084745407104, 0.46810001134872437, 0.4681, 0.46439530298955606, '00:26']
[20, 1.330511450767517, 1.4807482957839966, 0.46209999918937683, 0.46210000000000007, 0.45438140180716813, '00:26']
[21, 1.3112684488296509, 1.4759032726287842, 0.46549999713897705, 0.4655, 0.46421169342483226, '00:26']
[22, 1.3124333620071411, 1.4731403589248657, 0.4765999913215637, 0.4765999999999999, 0.46956889077256997, '00:26']
[23, 1.2837415933609009, 1.4554526805877686, 0.4749000072479248, 0.47490000000000004, 0.46883730870733187, '00:26']
[24, 1.2619400024414062, 1.4552356004714966, 0.4779999852180481, 0.47800000000000004, 0.47478979636736474, '00:26']
[25, 1.2659649848937988, 1.461046576499939, 0.4803999960422516, 0.48040000000000005, 0.4780883555705474, '00:29']
[26, 1.2483799457550049, 1.446403980255127, 0.4794999957084656, 0.4795, 0.4749431840922216, '00:28']
[27, 1.249646782875061, 1.4463101625442505, 0.48429998755455017, 0.4843, 0.47912855520947606, '00:28']
[28, 1.2400000095367432, 1.444954752922058, 0.4837000072002411, 0.48369999999999996, 0.47891013391574544, '00:27']
[29, 1.242803931236267, 1.444663405418396, 0.4830000102519989, 0.4830000000000001, 0.478439696418197, '00:26']

Tiempo de entrenamiento: 816.42 segundos
/mnt/homeGPU/haoweihu/TFG/lib/python3.10/site-packages/fastai/learner.py:455: UserWarning: load_learner` uses Python's insecure pickle module, which can execute malicious arbitrary code when loading. Only load files you trust.
If you only need to load model weights and optimizer state, use the safe `Learner.load` instead.
  warn("load_learner` uses Python's insecure pickle module, which can execute malicious arbitrary code when loading. Only load files you trust.\nIf you only need to load model weights and optimizer state, use the safe `Learner.load` instead.")
Loss: 1.4447
Accuracy: 0.4830
Recall: 0.4830
F1-Score: 0.4784
Loss: 1.4520639181137085
Accuracy: 0.4767628312110901
Recall (macro): 0.47678169209372134
F1 Score (macro): 0.4712461544723414
---------------------------------------------------------------------------
Ejecutando: cifar_rgb_30pct_example1
---------------------------------------------------------------------------
Número total de imágenes en entrenamiento: 12000
Número total de imágenes en validación: 10000

Clases: ['airplane', 'automobile', 'bird', 'cat', 'deer', 'dog', 'frog', 'horse', 'ship', 'truck']
[0, 2.2995383739471436, 2.2971789836883545, 0.12219999730587006, 0.12220000000000002, 0.04562531393656282, '00:43']
[1, 2.238776922225952, 2.1742827892303467, 0.24220000207424164, 0.24220000000000003, 0.18639114597327577, '00:32']
[2, 1.973864197731018, 1.9185086488723755, 0.298799991607666, 0.29880000000000007, 0.2650671246144288, '00:32']
[3, 1.8612780570983887, 1.8560056686401367, 0.31850001215934753, 0.31850000000000006, 0.2889958213102113, '00:32']
[4, 1.7752476930618286, 1.7226972579956055, 0.35910001397132874, 0.35910000000000003, 0.3222845362697432, '00:32']
[5, 1.6750370264053345, 1.632584810256958, 0.39469999074935913, 0.3947, 0.3681297108463541, '00:33']
[6, 1.6005713939666748, 1.6149635314941406, 0.41040000319480896, 0.4104, 0.40814308870334975, '00:34']
[7, 1.5548511743545532, 1.5924183130264282, 0.4205999970436096, 0.4206, 0.41320728395738227, '00:32']
[8, 1.5013940334320068, 1.500897765159607, 0.45579999685287476, 0.4558, 0.45211596401902343, '00:32']
[9, 1.467145562171936, 1.4876677989959717, 0.4544999897480011, 0.45450000000000007, 0.4365566846752748, '00:32']
[10, 1.43973970413208, 1.442677617073059, 0.47690001130104065, 0.4769, 0.4680474863567188, '00:33']
[11, 1.424872636795044, 1.4912019968032837, 0.4602999985218048, 0.4603, 0.4542031202847509, '00:33']
[12, 1.3703914880752563, 1.4087899923324585, 0.4918000102043152, 0.4918, 0.48223657816706755, '00:32']
[13, 1.3414738178253174, 1.409034252166748, 0.4950000047683716, 0.4950000000000001, 0.4838588059878105, '00:32']
[14, 1.3047441244125366, 1.398876428604126, 0.4966999888420105, 0.4967, 0.49622215094206457, '00:32']
[15, 1.2617188692092896, 1.3726271390914917, 0.5080999732017517, 0.5081, 0.5051553625881805, '00:32']
[16, 1.273133397102356, 1.3755192756652832, 0.5084999799728394, 0.5085, 0.5023732990729205, '00:32']
[17, 1.2421410083770752, 1.3465267419815063, 0.5194000005722046, 0.5194000000000001, 0.511406751579184, '00:32']
[18, 1.2150076627731323, 1.3402267694473267, 0.5220999717712402, 0.5221, 0.5116271361061921, '00:32']
[19, 1.199910283088684, 1.3373785018920898, 0.522599995136261, 0.5226, 0.523503004739737, '00:32']
[20, 1.1725480556488037, 1.3188549280166626, 0.5291000008583069, 0.5291, 0.5270345529271812, '00:32']
[21, 1.1522349119186401, 1.3291115760803223, 0.527999997138977, 0.5279999999999999, 0.5206557947021327, '00:32']
[22, 1.1336301565170288, 1.3195570707321167, 0.5310999751091003, 0.5311, 0.527283482123325, '00:32']
[23, 1.108620524406433, 1.3200677633285522, 0.5353000164031982, 0.5353000000000001, 0.53046590299888, '00:32']
[24, 1.113574743270874, 1.3141330480575562, 0.5343000292778015, 0.5343, 0.5323482306564733, '00:32']
[25, 1.0867401361465454, 1.315689206123352, 0.5364999771118164, 0.5365, 0.5337862132842786, '00:32']
[26, 1.084800124168396, 1.30744206905365, 0.5401999950408936, 0.5402, 0.5364937331560751, '00:33']
[27, 1.0807476043701172, 1.3085932731628418, 0.5388000011444092, 0.5388, 0.5336491884942005, '00:33']
[28, 1.0566825866699219, 1.3070545196533203, 0.538100004196167, 0.5380999999999999, 0.5337682780761783, '00:32']
[29, 1.0640811920166016, 1.306885004043579, 0.5394999980926514, 0.5395, 0.534980133634291, '00:32']

Tiempo de entrenamiento: 992.05 segundos
/mnt/homeGPU/haoweihu/TFG/lib/python3.10/site-packages/fastai/learner.py:455: UserWarning: load_learner` uses Python's insecure pickle module, which can execute malicious arbitrary code when loading. Only load files you trust.
If you only need to load model weights and optimizer state, use the safe `Learner.load` instead.
  warn("load_learner` uses Python's insecure pickle module, which can execute malicious arbitrary code when loading. Only load files you trust.\nIf you only need to load model weights and optimizer state, use the safe `Learner.load` instead.")
Loss: 1.3069
Accuracy: 0.5395
Recall: 0.5395
F1-Score: 0.5350
Loss: 1.2962819337844849
Accuracy: 0.5394631624221802
Recall (macro): 0.5394254650488024
F1 Score (macro): 0.5355801144723326
---------------------------------------------------------------------------
Ejecutando: cifar_rgb_30pct_example2
---------------------------------------------------------------------------
Número total de imágenes en entrenamiento: 12000
Número total de imágenes en validación: 10000

Clases: ['airplane', 'automobile', 'bird', 'cat', 'deer', 'dog', 'frog', 'horse', 'ship', 'truck']
[0, 2.302018880844116, 2.2994377613067627, 0.11219999939203262, 0.1122, 0.036438201960163806, '00:43']
[1, 2.183863401412964, 2.088590145111084, 0.20239999890327454, 0.2024, 0.1244020037621103, '00:32']
[2, 1.9798102378845215, 1.9762980937957764, 0.26980000734329224, 0.2698, 0.23249755911773642, '00:32']
[3, 1.8780285120010376, 1.8276103734970093, 0.33329999446868896, 0.33330000000000004, 0.3011510964523584, '00:32']
[4, 1.7559479475021362, 1.7072023153305054, 0.382999986410141, 0.383, 0.3757633720364495, '00:32']
[5, 1.6859562397003174, 1.6584577560424805, 0.39890000224113464, 0.3989, 0.3754333464462746, '00:32']
[6, 1.6353967189788818, 1.6180542707443237, 0.4129999876022339, 0.413, 0.39501917274125087, '00:32']
[7, 1.5902539491653442, 1.5695792436599731, 0.4366999864578247, 0.4367, 0.43209666178470973, '00:32']
[8, 1.5259475708007812, 1.5377997159957886, 0.4433000087738037, 0.44329999999999997, 0.426837343597516, '00:32']
[9, 1.4986339807510376, 1.5085216760635376, 0.4521999955177307, 0.45219999999999994, 0.43728229267763163, '00:32']
[10, 1.4404726028442383, 1.4793142080307007, 0.4632999897003174, 0.4633, 0.4436312894849398, '00:32']
[11, 1.4254889488220215, 1.443546175956726, 0.4812999963760376, 0.48129999999999995, 0.47460077344261115, '00:34']
[12, 1.387895107269287, 1.4524478912353516, 0.48069998621940613, 0.4807, 0.4744800601057121, '00:50']
[13, 1.3625874519348145, 1.454615831375122, 0.4812999963760376, 0.48129999999999995, 0.4759496132057688, '00:32']
[14, 1.3310796022415161, 1.384802222251892, 0.5062000155448914, 0.5062, 0.5013059677568766, '00:57']
[15, 1.283638834953308, 1.3980478048324585, 0.4984000027179718, 0.4984, 0.4875730307562541, '00:49']
[16, 1.2711960077285767, 1.3904685974121094, 0.5037000179290771, 0.5037, 0.49526252151186656, '00:48']
[17, 1.2410221099853516, 1.363831877708435, 0.5130000114440918, 0.5130000000000001, 0.5046980233668206, '00:38']
[18, 1.2289870977401733, 1.387781023979187, 0.5055000185966492, 0.5055, 0.49988837043622725, '00:32']
[19, 1.199133038520813, 1.3455288410186768, 0.5209000110626221, 0.5208999999999999, 0.5123315120981684, '00:32']
[20, 1.1865851879119873, 1.3427677154541016, 0.5241000056266785, 0.5241, 0.5203515322976977, '00:32']
[21, 1.1594434976577759, 1.3426464796066284, 0.5241000056266785, 0.5241, 0.5171080252781525, '00:32']
[22, 1.1327340602874756, 1.3331133127212524, 0.5268999934196472, 0.5269, 0.5246793394918586, '00:32']
[23, 1.1058326959609985, 1.338964819908142, 0.5306000113487244, 0.5306, 0.5249893533534362, '00:32']
[24, 1.1130281686782837, 1.3365789651870728, 0.5310999751091003, 0.5311, 0.5279900018926902, '00:32']
[25, 1.091838002204895, 1.332194209098816, 0.5313000082969666, 0.5313, 0.5265251508888269, '00:32']
[26, 1.1049318313598633, 1.32837975025177, 0.5329999923706055, 0.533, 0.5286375069688072, '00:32']
[27, 1.0698434114456177, 1.3283618688583374, 0.5347999930381775, 0.5347999999999999, 0.5318597526929774, '00:32']
[28, 1.0749945640563965, 1.3292325735092163, 0.5335999727249146, 0.5336, 0.5308839363578348, '00:32']
[29, 1.0827832221984863, 1.3284507989883423, 0.532800018787384, 0.5327999999999999, 0.5297446857457702, '00:32']

Tiempo de entrenamiento: 1070.02 segundos
/mnt/homeGPU/haoweihu/TFG/lib/python3.10/site-packages/fastai/learner.py:455: UserWarning: load_learner` uses Python's insecure pickle module, which can execute malicious arbitrary code when loading. Only load files you trust.
If you only need to load model weights and optimizer state, use the safe `Learner.load` instead.
  warn("load_learner` uses Python's insecure pickle module, which can execute malicious arbitrary code when loading. Only load files you trust.\nIf you only need to load model weights and optimizer state, use the safe `Learner.load` instead.")
Loss: 1.3285
Accuracy: 0.5328
Recall: 0.5328
F1-Score: 0.5297
Loss: 1.3184539079666138
Accuracy: 0.5344551205635071
Recall (macro): 0.5344409824284532
F1 Score (macro): 0.5301891555346142
---------------------------------------------------------------------------
Ejecutando: cifar_rgb_40pct_example1
---------------------------------------------------------------------------
Número total de imágenes en entrenamiento: 16000
Número total de imágenes en validación: 10000

Clases: ['airplane', 'automobile', 'bird', 'cat', 'deer', 'dog', 'frog', 'horse', 'ship', 'truck']
[0, 2.292214870452881, 2.285369634628296, 0.14419999718666077, 0.14420000000000002, 0.06090033103622784, '00:57']
[1, 2.0877017974853516, 2.0234313011169434, 0.22380000352859497, 0.2238, 0.16970732850759881, '00:41']
[2, 1.9464603662490845, 1.940153956413269, 0.2806999981403351, 0.2807, 0.24851188324615356, '00:38']
[3, 1.8257529735565186, 1.785352349281311, 0.33559998869895935, 0.33559999999999995, 0.30681799957835154, '00:38']
[4, 1.7154415845870972, 1.682651162147522, 0.37070000171661377, 0.37070000000000003, 0.3578074500441838, '00:38']
[5, 1.6488037109375, 1.7046904563903809, 0.37279999256134033, 0.3728, 0.34832690761407614, '00:38']
[6, 1.5711268186569214, 1.5462884902954102, 0.43130001425743103, 0.43129999999999996, 0.4108125069449019, '00:38']
[7, 1.5214215517044067, 1.5016812086105347, 0.4424000084400177, 0.4424, 0.42357375987166834, '00:38']
[8, 1.460059404373169, 1.494070053100586, 0.44780001044273376, 0.4478, 0.4174505636889557, '00:38']
[9, 1.422925353050232, 1.418373942375183, 0.47749999165534973, 0.47750000000000004, 0.4652472879326243, '00:38']
[10, 1.4023665189743042, 1.4188312292099, 0.48010000586509705, 0.4800999999999999, 0.47031397890607546, '00:38']
[11, 1.3628253936767578, 1.3760446310043335, 0.505299985408783, 0.5053000000000001, 0.5050198153113996, '00:38']
[12, 1.3281575441360474, 1.4473471641540527, 0.47519999742507935, 0.47520000000000007, 0.467249820773179, '00:40']
[13, 1.2984390258789062, 1.3687260150909424, 0.5085999965667725, 0.5086, 0.5026586087855651, '00:38']
[14, 1.2647227048873901, 1.3303234577178955, 0.5242999792098999, 0.5243, 0.5206540914765061, '00:38']
[15, 1.2416342496871948, 1.331438660621643, 0.5188999772071838, 0.5189, 0.5145098538987035, '00:40']
[16, 1.2232671976089478, 1.2982105016708374, 0.5382000207901001, 0.5382, 0.5356036470957136, '00:38']
[17, 1.1884952783584595, 1.300542950630188, 0.5407999753952026, 0.5408, 0.5388459280726081, '00:38']
[18, 1.1589996814727783, 1.3007972240447998, 0.5335999727249146, 0.5336000000000001, 0.5269161840276237, '00:38']
[19, 1.1338413953781128, 1.3123949766159058, 0.5371000170707703, 0.5371, 0.5341724411392376, '00:38']
[20, 1.1091248989105225, 1.2751471996307373, 0.5503000020980835, 0.5503, 0.5497723689881286, '00:38']
[21, 1.0891069173812866, 1.273750901222229, 0.5491999983787537, 0.5492, 0.5462660861591521, '00:38']
[22, 1.0685696601867676, 1.2696564197540283, 0.5537999868392944, 0.5538000000000001, 0.5495215823576702, '00:38']
[23, 1.0586901903152466, 1.2788804769515991, 0.5515999794006348, 0.5515999999999999, 0.5496547273360177, '00:38']
[24, 1.0433703660964966, 1.2701494693756104, 0.5562000274658203, 0.5561999999999999, 0.5561611182380719, '00:38']
[25, 1.0246306657791138, 1.2646253108978271, 0.5572999715805054, 0.5573, 0.5546167548994857, '00:39']
[26, 1.0180013179779053, 1.2640727758407593, 0.5584999918937683, 0.5585, 0.5560607266715383, '00:38']
[27, 1.0016648769378662, 1.2637555599212646, 0.5566999912261963, 0.5567, 0.5548505204497616, '00:38']
[28, 1.0259572267532349, 1.2626144886016846, 0.5551999807357788, 0.5551999999999999, 0.5532827485116123, '00:40']
[29, 1.0070801973342896, 1.261745572090149, 0.5570999979972839, 0.5571, 0.5549144639821069, '00:38']

Tiempo de entrenamiento: 1179.92 segundos
/mnt/homeGPU/haoweihu/TFG/lib/python3.10/site-packages/fastai/learner.py:455: UserWarning: load_learner` uses Python's insecure pickle module, which can execute malicious arbitrary code when loading. Only load files you trust.
If you only need to load model weights and optimizer state, use the safe `Learner.load` instead.
  warn("load_learner` uses Python's insecure pickle module, which can execute malicious arbitrary code when loading. Only load files you trust.\nIf you only need to load model weights and optimizer state, use the safe `Learner.load` instead.")
Loss: 1.2617
Accuracy: 0.5571
Recall: 0.5571
F1-Score: 0.5549
Loss: 1.257340908050537
Accuracy: 0.5574919581413269
Recall (macro): 0.5575027510466348
F1 Score (macro): 0.5549775562175001
---------------------------------------------------------------------------
Ejecutando: cifar_rgb_40pct_example2
---------------------------------------------------------------------------
Número total de imágenes en entrenamiento: 16000
Número total de imágenes en validación: 10000

Clases: ['airplane', 'automobile', 'bird', 'cat', 'deer', 'dog', 'frog', 'horse', 'ship', 'truck']
[0, 2.296252965927124, 2.292825698852539, 0.1565999984741211, 0.1566, 0.06903438387141972, '00:52']
[1, 2.162889242172241, 2.1287670135498047, 0.21780000627040863, 0.2178, 0.17116670864741268, '00:38']
[2, 1.9915571212768555, 1.9732469320297241, 0.27950000762939453, 0.27949999999999997, 0.2589819558040457, '00:38']
[3, 1.907923698425293, 1.9383320808410645, 0.2840999960899353, 0.2841, 0.25870510120736373, '00:38']
[4, 1.8252685070037842, 1.8280525207519531, 0.3310000002384186, 0.331, 0.3081407626643882, '00:37']
[5, 1.7644953727722168, 1.7376757860183716, 0.3702999949455261, 0.37029999999999996, 0.3493166277808835, '00:38']
[6, 1.6500457525253296, 1.6994065046310425, 0.37929999828338623, 0.3793, 0.3541535406149684, '00:38']
[7, 1.5958755016326904, 1.5889544486999512, 0.42410001158714294, 0.42410000000000003, 0.4170613128013854, '00:40']
[8, 1.570096731185913, 1.5757747888565063, 0.4284999966621399, 0.4285, 0.420798780692296, '00:38']
[9, 1.5152580738067627, 1.5340516567230225, 0.44749999046325684, 0.44749999999999995, 0.44147418502296965, '00:38']
[10, 1.4950625896453857, 1.5176970958709717, 0.447299987077713, 0.4473, 0.43126292678556605, '00:38']
[11, 1.443118691444397, 1.5044655799865723, 0.45660001039505005, 0.4566, 0.45109207736040274, '00:39']
[12, 1.4250578880310059, 1.4588485956192017, 0.4763999879360199, 0.47640000000000005, 0.4646178539631089, '00:38']
[13, 1.3614578247070312, 1.4697790145874023, 0.47780001163482666, 0.47779999999999995, 0.4719333856746976, '00:38']
[14, 1.352400302886963, 1.42103910446167, 0.4885999858379364, 0.4886000000000001, 0.4786045416274972, '00:38']
[15, 1.3458601236343384, 1.4290037155151367, 0.4837999939918518, 0.4838, 0.4728652915665773, '00:38']
[16, 1.3073251247406006, 1.394376277923584, 0.4977000057697296, 0.49770000000000003, 0.4914577919863091, '00:38']
[17, 1.2610746622085571, 1.4121143817901611, 0.4855000078678131, 0.48550000000000004, 0.47043587545699583, '00:38']
[18, 1.2467896938323975, 1.3873305320739746, 0.5062000155448914, 0.5062, 0.5051706241683751, '00:40']
[19, 1.233420491218567, 1.3809993267059326, 0.5077000260353088, 0.5077, 0.5027294265557204, '00:40']
[20, 1.2165591716766357, 1.3822311162948608, 0.5088000297546387, 0.5088, 0.5084239831918087, '00:41']
[21, 1.1710373163223267, 1.373246431350708, 0.5108000040054321, 0.5108, 0.503382273487875, '00:58']
[22, 1.1826094388961792, 1.3619039058685303, 0.5159000158309937, 0.5158999999999999, 0.511840392974543, '00:41']
[23, 1.1386816501617432, 1.3609113693237305, 0.517300009727478, 0.5173000000000001, 0.5141058972330536, '00:38']
[24, 1.128696084022522, 1.358795166015625, 0.5194000005722046, 0.5194, 0.5125601538104216, '00:48']
[25, 1.1034204959869385, 1.3558164834976196, 0.5188999772071838, 0.5189, 0.516192161839196, '00:38']
[26, 1.0835444927215576, 1.3559448719024658, 0.5199000239372253, 0.5199, 0.5150679966131582, '00:38']
[27, 1.0764727592468262, 1.356004238128662, 0.5202000141143799, 0.5202, 0.5171513354509149, '00:38']
[28, 1.0884437561035156, 1.3558158874511719, 0.5210000276565552, 0.521, 0.5180994304087426, '00:38']
[29, 1.1002511978149414, 1.3557378053665161, 0.5206000208854675, 0.5206, 0.5174270085763724, '00:38']

Tiempo de entrenamiento: 1209.29 segundos
/mnt/homeGPU/haoweihu/TFG/lib/python3.10/site-packages/fastai/learner.py:455: UserWarning: load_learner` uses Python's insecure pickle module, which can execute malicious arbitrary code when loading. Only load files you trust.
If you only need to load model weights and optimizer state, use the safe `Learner.load` instead.
  warn("load_learner` uses Python's insecure pickle module, which can execute malicious arbitrary code when loading. Only load files you trust.\nIf you only need to load model weights and optimizer state, use the safe `Learner.load` instead.")
Loss: 1.3557
Accuracy: 0.5206
Recall: 0.5206
F1-Score: 0.5174
Loss: 1.330358624458313
Accuracy: 0.5295472741127014
Recall (macro): 0.5294547926725948
F1 Score (macro): 0.525455635286155
---------------------------------------------------------------------------
Ejecutando: cifar_rgb_50pct_example1
---------------------------------------------------------------------------
Número total de imágenes en entrenamiento: 20000
Número total de imágenes en validación: 10000

Clases: ['airplane', 'automobile', 'bird', 'cat', 'deer', 'dog', 'frog', 'horse', 'ship', 'truck']
[0, 2.286872625350952, 2.2726337909698486, 0.164000004529953, 0.164, 0.11024341085252551, '01:06']
[1, 2.055734157562256, 2.029754877090454, 0.2565000057220459, 0.2565, 0.2081961594326068, '00:43']
[2, 1.9530260562896729, 1.916966199874878, 0.30570000410079956, 0.30569999999999997, 0.2792487313234818, '00:44']
[3, 1.8161506652832031, 1.7856686115264893, 0.3465000092983246, 0.3465, 0.31874396958320933, '00:44']
[4, 1.7033442258834839, 1.716951608657837, 0.37470000982284546, 0.37470000000000003, 0.36091498915272097, '00:45']
[5, 1.6304291486740112, 1.6312599182128906, 0.4081999957561493, 0.4082, 0.3945362866190871, '00:44']
[6, 1.5669667720794678, 1.5562974214553833, 0.43230000138282776, 0.4323, 0.41900359398593634, '00:44']
[7, 1.5158050060272217, 1.5106346607208252, 0.45489999651908875, 0.4549, 0.44996476539738417, '00:59']
[8, 1.4443153142929077, 1.4698501825332642, 0.4684999883174896, 0.4685, 0.4605387717754966, '00:54']
[9, 1.3839149475097656, 1.4361636638641357, 0.48989999294281006, 0.4899, 0.48378553074526576, '00:44']
[10, 1.3575376272201538, 1.4085512161254883, 0.49160000681877136, 0.49160000000000004, 0.4794766714370291, '00:44']
[11, 1.3144298791885376, 1.3830242156982422, 0.5049999952316284, 0.5050000000000001, 0.5021478596047866, '00:44']
[12, 1.2673933506011963, 1.3689295053482056, 0.5092999935150146, 0.5093, 0.49174930223343133, '00:44']
[13, 1.2381939888000488, 1.3979753255844116, 0.5054000020027161, 0.5054000000000001, 0.49867902876883835, '00:44']
[14, 1.196895718574524, 1.3393460512161255, 0.5259000062942505, 0.5259, 0.5239456354079224, '00:44']
[15, 1.1771161556243896, 1.3308511972427368, 0.5289999842643738, 0.529, 0.522052467294589, '00:44']
[16, 1.1334233283996582, 1.334393858909607, 0.5317999720573425, 0.5317999999999999, 0.5255576665304549, '00:44']
[17, 1.1381982564926147, 1.316588044166565, 0.541700005531311, 0.5417, 0.5313476249892589, '00:44']
[18, 1.0684950351715088, 1.316726803779602, 0.5439000129699707, 0.5439, 0.539290717590686, '00:44']
[19, 1.0498707294464111, 1.3014494180679321, 0.5509999990463257, 0.5509999999999999, 0.5446680656528156, '00:44']
[20, 1.0075881481170654, 1.320101022720337, 0.5504999756813049, 0.5505, 0.5472900274292822, '00:46']
[21, 0.984224259853363, 1.3307281732559204, 0.5475000143051147, 0.5475000000000001, 0.5409868913996267, '00:44']
[22, 0.9675456881523132, 1.3292678594589233, 0.5478000044822693, 0.5478000000000001, 0.5403244252302144, '00:44']
[23, 0.9599846601486206, 1.313872218132019, 0.5541999936103821, 0.5542, 0.5533972990492502, '00:44']
[24, 0.9592031240463257, 1.308719515800476, 0.5537999868392944, 0.5538000000000001, 0.5511035915884123, '00:44']
No improvement since epoch 19: early stopping

Tiempo de entrenamiento: 1166.38 segundos
/mnt/homeGPU/haoweihu/TFG/lib/python3.10/site-packages/fastai/learner.py:455: UserWarning: load_learner` uses Python's insecure pickle module, which can execute malicious arbitrary code when loading. Only load files you trust.
If you only need to load model weights and optimizer state, use the safe `Learner.load` instead.
  warn("load_learner` uses Python's insecure pickle module, which can execute malicious arbitrary code when loading. Only load files you trust.\nIf you only need to load model weights and optimizer state, use the safe `Learner.load` instead.")
Loss: 1.3087
Accuracy: 0.5538
Recall: 0.5538
F1-Score: 0.5511
Loss: 1.2738481760025024
Accuracy: 0.5606971383094788
Recall (macro): 0.5606860168138141
F1 Score (macro): 0.557848405917473
---------------------------------------------------------------------------
Ejecutando: cifar_rgb_50pct_example2
---------------------------------------------------------------------------
Número total de imágenes en entrenamiento: 20000
Número total de imágenes en validación: 10000

Clases: ['airplane', 'automobile', 'bird', 'cat', 'deer', 'dog', 'frog', 'horse', 'ship', 'truck']
[0, 2.2733120918273926, 2.260359048843384, 0.12780000269412994, 0.1278, 0.05814961602899617, '01:10']
[1, 2.0583691596984863, 2.047053575515747, 0.22589999437332153, 0.2259, 0.15067557596333422, '00:44']
[2, 1.9892574548721313, 1.9666959047317505, 0.263700008392334, 0.2637, 0.20588160652635903, '00:44']
[3, 1.8763848543167114, 1.8343536853790283, 0.325300008058548, 0.3253, 0.31131017864710114, '00:45']
[4, 1.752871036529541, 1.6980998516082764, 0.3756999969482422, 0.37570000000000003, 0.3571583418974081, '00:47']
[5, 1.6781028509140015, 1.6515804529190063, 0.3937999904155731, 0.3938, 0.3699635406292083, '00:48']
[6, 1.585183024406433, 1.571565866470337, 0.42750000953674316, 0.42750000000000005, 0.42136329799566485, '00:44']
[7, 1.5281263589859009, 1.5495275259017944, 0.4278999865055084, 0.4279, 0.411241414540377, '00:44']
[8, 1.4643064737319946, 1.4718263149261475, 0.4634999930858612, 0.46349999999999997, 0.44745599216502185, '00:44']
[9, 1.4280463457107544, 1.4719761610031128, 0.46540001034736633, 0.4653999999999999, 0.45637272764148545, '00:44']
[10, 1.3886851072311401, 1.3966912031173706, 0.4869000017642975, 0.4869, 0.4780728941253364, '00:45']
[11, 1.3633204698562622, 1.3819080591201782, 0.49900001287460327, 0.499, 0.4947235565830814, '00:45']
[12, 1.3001513481140137, 1.3901251554489136, 0.5041999816894531, 0.5042, 0.49900060846561384, '00:44']
[13, 1.2925148010253906, 1.3571728467941284, 0.5090000033378601, 0.509, 0.5062347133743763, '00:44']
[14, 1.2546950578689575, 1.3534181118011475, 0.5142999887466431, 0.5143, 0.5068073150139611, '00:44']
[15, 1.2342246770858765, 1.3365544080734253, 0.5145999789237976, 0.5146, 0.5062948268056141, '00:44']
[16, 1.1821125745773315, 1.2983191013336182, 0.5328999757766724, 0.5329, 0.5292350397200951, '00:44']
[17, 1.184885025024414, 1.3004751205444336, 0.532800018787384, 0.5327999999999999, 0.5307135510674127, '00:46']
[18, 1.1766154766082764, 1.298828363418579, 0.531000018119812, 0.5309999999999999, 0.5208632142324362, '00:45']
[19, 1.115969181060791, 1.2985551357269287, 0.5403000116348267, 0.5403, 0.5361221449494263, '00:44']
[20, 1.1082903146743774, 1.2945584058761597, 0.5411999821662903, 0.5412000000000001, 0.5351505783659302, '00:44']
[21, 1.0977026224136353, 1.2872629165649414, 0.5411999821662903, 0.5412, 0.534360894007117, '00:44']
[22, 1.0751677751541138, 1.2762702703475952, 0.54339998960495, 0.5434000000000001, 0.5406879437257255, '00:45']
[23, 1.073968529701233, 1.2814215421676636, 0.5437999963760376, 0.5438000000000001, 0.5399772225019255, '00:44']
[24, 1.0444055795669556, 1.2675803899765015, 0.5491999983787537, 0.5491999999999999, 0.5457940013910189, '00:44']
[25, 1.0361486673355103, 1.2686553001403809, 0.5491999983787537, 0.5492, 0.5448372961997527, '00:44']
[26, 1.0179295539855957, 1.2713451385498047, 0.5501999855041504, 0.5502, 0.5470850431719554, '00:44']
[27, 1.02135169506073, 1.2683720588684082, 0.5511999726295471, 0.5512000000000001, 0.5472613710324304, '00:44']
[28, 1.0014888048171997, 1.268572211265564, 0.5511999726295471, 0.5511999999999999, 0.546970160669008, '00:46']
[29, 1.0063570737838745, 1.2681719064712524, 0.550599992275238, 0.5506, 0.5469095563525161, '01:05']
No improvement since epoch 24: early stopping

Tiempo de entrenamiento: 1401.23 segundos
/mnt/homeGPU/haoweihu/TFG/lib/python3.10/site-packages/fastai/learner.py:455: UserWarning: load_learner` uses Python's insecure pickle module, which can execute malicious arbitrary code when loading. Only load files you trust.
If you only need to load model weights and optimizer state, use the safe `Learner.load` instead.
  warn("load_learner` uses Python's insecure pickle module, which can execute malicious arbitrary code when loading. Only load files you trust.\nIf you only need to load model weights and optimizer state, use the safe `Learner.load` instead.")
Loss: 1.2682
Accuracy: 0.5506
Recall: 0.5506
F1-Score: 0.5469
Loss: 1.2777087688446045
Accuracy: 0.5562900900840759
Recall (macro): 0.5563320731941046
F1 Score (macro): 0.553142602444708
---------------------------------------------------------------------------
Ejecutando: cifar_rgb_60pct_example1
---------------------------------------------------------------------------
Número total de imágenes en entrenamiento: 24000
Número total de imágenes en validación: 10000

Clases: ['airplane', 'automobile', 'bird', 'cat', 'deer', 'dog', 'frog', 'horse', 'ship', 'truck']
[0, 2.2428343296051025, 2.208585739135742, 0.1655000001192093, 0.1655, 0.09085248992872104, '02:28']
[1, 1.9925280809402466, 1.9966652393341064, 0.26600000262260437, 0.266, 0.227324095208748, '01:06']
[2, 1.8847497701644897, 1.8763697147369385, 0.32109999656677246, 0.3211, 0.3001416047254083, '00:50']
[3, 1.7660412788391113, 1.7344530820846558, 0.37070000171661377, 0.37070000000000003, 0.36640890355469596, '00:50']
[4, 1.697829008102417, 1.7427376508712769, 0.3614000082015991, 0.3614, 0.33765574652690106, '00:59']
[5, 1.606281042098999, 1.6026023626327515, 0.41519999504089355, 0.4152, 0.39155595522306735, '00:57']
[6, 1.5423475503921509, 1.5167104005813599, 0.44850000739097595, 0.4485, 0.4268134850767099, '01:03']
[7, 1.4632935523986816, 1.4447495937347412, 0.47780001163482666, 0.47779999999999995, 0.4728845312656008, '00:50']
[8, 1.42564857006073, 1.4238507747650146, 0.49059998989105225, 0.49060000000000004, 0.488882924358445, '00:50']
[9, 1.3536102771759033, 1.4356261491775513, 0.4749000072479248, 0.47490000000000004, 0.4628206634721196, '00:50']
[10, 1.3224081993103027, 1.3600678443908691, 0.5199000239372253, 0.5199, 0.5181401543119095, '00:51']
[11, 1.3181755542755127, 1.3292546272277832, 0.5285000205039978, 0.5285000000000001, 0.5246657169565335, '00:51']
[12, 1.2352372407913208, 1.3264411687850952, 0.5300999879837036, 0.5301, 0.5265212546884209, '00:50']
[13, 1.215862512588501, 1.3088657855987549, 0.5350000262260437, 0.5349999999999999, 0.5310236751471068, '00:50']
[14, 1.1649792194366455, 1.305132269859314, 0.5343000292778015, 0.5343, 0.530663064852499, '00:50']
[15, 1.1464534997940063, 1.3249903917312622, 0.5364000201225281, 0.5364, 0.5383651854823783, '00:50']
[16, 1.116335153579712, 1.274719476699829, 0.5503000020980835, 0.5502999999999999, 0.5471763835838538, '00:51']
[17, 1.079818606376648, 1.2680754661560059, 0.5559999942779541, 0.5559999999999999, 0.5519825155156359, '00:47']
[18, 1.0608181953430176, 1.2753652334213257, 0.5519999861717224, 0.5519999999999999, 0.5459424687415587, '00:47']
[19, 1.0152419805526733, 1.2568960189819336, 0.5629000067710876, 0.5629, 0.5594692071973308, '00:47']
[20, 0.9939687252044678, 1.2562423944473267, 0.5665000081062317, 0.5665, 0.563922417908401, '00:47']
[21, 1.003761887550354, 1.2530847787857056, 0.567799985408783, 0.5678, 0.5662492920196612, '00:49']
[22, 0.9739943146705627, 1.2536722421646118, 0.5677000284194946, 0.5677000000000001, 0.5646625578430551, '00:47']
[23, 0.9418643712997437, 1.2603591680526733, 0.567300021648407, 0.5672999999999999, 0.5625519838298355, '00:47']
[24, 0.9244053363800049, 1.2552639245986938, 0.5703999996185303, 0.5704, 0.5656996991542422, '00:47']
[25, 0.934583306312561, 1.2541323900222778, 0.5745999813079834, 0.5746, 0.5728728416822171, '00:47']
[26, 0.9066978096961975, 1.2519811391830444, 0.5734999775886536, 0.5734999999999999, 0.570814986988098, '00:47']
[27, 0.8996717929840088, 1.253139615058899, 0.5734999775886536, 0.5735, 0.5709873861138751, '00:47']
[28, 0.9038372039794922, 1.2541654109954834, 0.574400007724762, 0.5744, 0.5720315130927809, '00:47']
[29, 0.9110823273658752, 1.2539278268814087, 0.5740000009536743, 0.5740000000000001, 0.5711820601947378, '00:47']

Tiempo de entrenamiento: 1626.38 segundos
/mnt/homeGPU/haoweihu/TFG/lib/python3.10/site-packages/fastai/learner.py:455: UserWarning: load_learner` uses Python's insecure pickle module, which can execute malicious arbitrary code when loading. Only load files you trust.
If you only need to load model weights and optimizer state, use the safe `Learner.load` instead.
  warn("load_learner` uses Python's insecure pickle module, which can execute malicious arbitrary code when loading. Only load files you trust.\nIf you only need to load model weights and optimizer state, use the safe `Learner.load` instead.")
Loss: 1.2539
Accuracy: 0.5740
Recall: 0.5740
F1-Score: 0.5712
Loss: 1.2467682361602783
Accuracy: 0.5697115659713745
Recall (macro): 0.5697124227017177
F1 Score (macro): 0.5663272801354556
---------------------------------------------------------------------------
Ejecutando: cifar_rgb_60pct_example2
---------------------------------------------------------------------------
Número total de imágenes en entrenamiento: 24000
Número total de imágenes en validación: 10000

Clases: ['airplane', 'automobile', 'bird', 'cat', 'deer', 'dog', 'frog', 'horse', 'ship', 'truck']
[0, 2.2752342224121094, 2.2480757236480713, 0.15129999816417694, 0.1513, 0.05230653802342573, '01:39']
[1, 2.0256857872009277, 1.9917081594467163, 0.25929999351501465, 0.2593, 0.2202659966488707, '00:47']
[2, 1.9114562273025513, 1.8656669855117798, 0.3203999996185303, 0.32039999999999996, 0.30151584914375323, '00:47']
[3, 1.7460269927978516, 1.7147133350372314, 0.3677999973297119, 0.3678, 0.3358084112723431, '00:47']
[4, 1.660872220993042, 1.6935784816741943, 0.3903000056743622, 0.3903, 0.37877859884020604, '00:47']
[5, 1.5886578559875488, 1.5634347200393677, 0.41269999742507935, 0.41270000000000007, 0.3952253084783681, '00:47']
[6, 1.5028876066207886, 1.5210771560668945, 0.44179999828338623, 0.4417999999999999, 0.4177383311794179, '00:47']
[7, 1.4611200094223022, 1.4452394247055054, 0.4758000075817108, 0.4758, 0.46735685655407744, '01:00']
[8, 1.3946939706802368, 1.4086382389068604, 0.49549999833106995, 0.49549999999999994, 0.4883681140915452, '00:47']
[9, 1.3558986186981201, 1.3525264263153076, 0.5113000273704529, 0.5113000000000001, 0.5051393811714717, '00:47']
[10, 1.331044316291809, 1.3334320783615112, 0.5224000215530396, 0.5224, 0.5186436528000491, '00:49']
[11, 1.268397331237793, 1.2971720695495605, 0.5309000015258789, 0.5309, 0.5210928867475416, '00:47']
[12, 1.2311856746673584, 1.3132081031799316, 0.5357000231742859, 0.5357, 0.5358627808595784, '00:48']
[13, 1.2059440612792969, 1.2329082489013672, 0.5584999918937683, 0.5585, 0.5527868348196446, '00:46']
[14, 1.173873782157898, 1.307974100112915, 0.5349000096321106, 0.5348999999999999, 0.5347103322907196, '00:47']
[15, 1.14388108253479, 1.23618745803833, 0.5612000226974487, 0.5612, 0.5597823316489923, '00:47']
[16, 1.1191551685333252, 1.209052324295044, 0.5722000002861023, 0.5722, 0.5696073771577728, '00:47']
[17, 1.1054924726486206, 1.2430975437164307, 0.5659999847412109, 0.5660000000000001, 0.5645185064760176, '00:47']
[18, 1.0828003883361816, 1.2066785097122192, 0.5753999948501587, 0.5754, 0.5732940648482372, '00:47']
[19, 1.0473353862762451, 1.1945208311080933, 0.5820000171661377, 0.5820000000000001, 0.581552575297421, '00:47']
[20, 1.0208804607391357, 1.181439995765686, 0.5853999853134155, 0.5853999999999999, 0.5841257213764643, '00:49']
[21, 1.0333369970321655, 1.1949777603149414, 0.5841000080108643, 0.5841000000000001, 0.5841605254011565, '01:08']
[22, 0.99051433801651, 1.1840304136276245, 0.585099995136261, 0.5851, 0.5845283978002723, '00:47']
[23, 0.9747384190559387, 1.176679253578186, 0.590499997138977, 0.5905, 0.5877571341061263, '00:47']
[24, 0.9768628478050232, 1.1754759550094604, 0.590499997138977, 0.5905000000000001, 0.5897431467177565, '00:47']
[25, 0.9640519022941589, 1.1701507568359375, 0.5920000076293945, 0.5919999999999999, 0.5876539665976562, '00:47']
[26, 0.9526510834693909, 1.1683595180511475, 0.5924000144004822, 0.5924, 0.5899491175108403, '00:47']
[27, 0.9493809938430786, 1.1687865257263184, 0.5928999781608582, 0.5929, 0.5911465647964046, '00:47']
[28, 0.9459238052368164, 1.1680723428726196, 0.5936999917030334, 0.5937, 0.5919690731449988, '00:47']
[29, 0.9076765179634094, 1.1679911613464355, 0.5940999984741211, 0.5941, 0.5922816834725795, '00:47']

Tiempo de entrenamiento: 1517.19 segundos
/mnt/homeGPU/haoweihu/TFG/lib/python3.10/site-packages/fastai/learner.py:455: UserWarning: load_learner` uses Python's insecure pickle module, which can execute malicious arbitrary code when loading. Only load files you trust.
If you only need to load model weights and optimizer state, use the safe `Learner.load` instead.
  warn("load_learner` uses Python's insecure pickle module, which can execute malicious arbitrary code when loading. Only load files you trust.\nIf you only need to load model weights and optimizer state, use the safe `Learner.load` instead.")
Loss: 1.1680
Accuracy: 0.5941
Recall: 0.5941
F1-Score: 0.5923
Loss: 1.1745697259902954
Accuracy: 0.5900440812110901
Recall (macro): 0.5901294663567828
F1 Score (macro): 0.586977950550832
---------------------------------------------------------------------------
Ejecutando: cifar_rgb_70pct_example1
---------------------------------------------------------------------------
Número total de imágenes en entrenamiento: 28000
Número total de imágenes en validación: 10000

Clases: ['airplane', 'automobile', 'bird', 'cat', 'deer', 'dog', 'frog', 'horse', 'ship', 'truck']
[0, 2.2603440284729004, 2.2266886234283447, 0.19750000536441803, 0.1975, 0.13967818593615716, '01:57']
[1, 1.9949840307235718, 1.9716583490371704, 0.27889999747276306, 0.27890000000000004, 0.251869740174436, '00:52']
[2, 1.8487884998321533, 1.8632359504699707, 0.3149999976158142, 0.315, 0.2972238247667115, '00:52']
[3, 1.708053469657898, 1.7251533269882202, 0.3695000112056732, 0.36950000000000005, 0.3552934708980087, '01:08']
[4, 1.6405768394470215, 1.6182405948638916, 0.40049999952316284, 0.40049999999999997, 0.37157800938068875, '01:02']
[5, 1.5779426097869873, 1.6381067037582397, 0.4043000042438507, 0.4043, 0.40648529629408375, '00:52']
[6, 1.4988036155700684, 1.488646149635315, 0.4523000121116638, 0.4523, 0.44003750226052346, '00:52']
[7, 1.4374340772628784, 1.4097633361816406, 0.4927999973297119, 0.49280000000000007, 0.4858522630384777, '00:52']
[8, 1.3827344179153442, 1.4271976947784424, 0.4814000129699707, 0.4814, 0.46455491209857486, '00:52']
[9, 1.3308449983596802, 1.3580771684646606, 0.5152000188827515, 0.5152000000000001, 0.5096789110987954, '00:53']
[10, 1.2965539693832397, 1.3140804767608643, 0.5289000272750854, 0.5288999999999999, 0.5219166321385126, '00:53']
[11, 1.243329644203186, 1.3002402782440186, 0.5386000275611877, 0.5386, 0.5283875460849603, '01:09']
[12, 1.2314343452453613, 1.2710168361663818, 0.5443000197410583, 0.5443, 0.5388926307356771, '01:02']
[13, 1.1850749254226685, 1.2490122318267822, 0.5541999936103821, 0.5542, 0.5482397547999642, '00:54']
[14, 1.16069757938385, 1.2763440608978271, 0.5458999872207642, 0.5458999999999999, 0.5365772346654626, '00:53']
[15, 1.1366674900054932, 1.2515722513198853, 0.5533000230789185, 0.5532999999999999, 0.5427962872499158, '00:52']
[16, 1.1135859489440918, 1.2151603698730469, 0.5695000290870667, 0.5695, 0.567766365720512, '00:53']
[17, 1.0706537961959839, 1.2351347208023071, 0.5619999766349792, 0.562, 0.556486845665289, '00:53']
[18, 1.0445425510406494, 1.2077199220657349, 0.5774999856948853, 0.5775, 0.5749819345348894, '00:53']
[19, 1.0430432558059692, 1.1994343996047974, 0.5759999752044678, 0.576, 0.5710514457121565, '00:52']
[20, 1.009203314781189, 1.194316029548645, 0.5789999961853027, 0.579, 0.5765611687425348, '00:52']
[21, 0.9782720804214478, 1.1907473802566528, 0.5814999938011169, 0.5814999999999999, 0.5796032369844052, '00:53']
[22, 0.9354263544082642, 1.1918315887451172, 0.5830000042915344, 0.583, 0.5796199550946636, '00:54']
[23, 0.9409644603729248, 1.196268916130066, 0.5856000185012817, 0.5856000000000001, 0.5785580533726691, '00:54']
[24, 0.9150956869125366, 1.181213140487671, 0.5878999829292297, 0.5879, 0.5851055456413803, '00:52']
[25, 0.9163736701011658, 1.182266354560852, 0.5885000228881836, 0.5885, 0.5866914289196982, '00:52']
[26, 0.8997488021850586, 1.1822158098220825, 0.5899999737739563, 0.5900000000000001, 0.5887102988110344, '00:52']
[27, 0.8992356061935425, 1.1806167364120483, 0.5920000076293945, 0.592, 0.5892795438405221, '00:52']
[28, 0.8902817368507385, 1.1799235343933105, 0.5911999940872192, 0.5912, 0.5893658111589033, '00:52']
[29, 0.887010395526886, 1.1800649166107178, 0.5914999842643738, 0.5915, 0.5897322912060787, '00:52']

Tiempo de entrenamiento: 1708.95 segundos
/mnt/homeGPU/haoweihu/TFG/lib/python3.10/site-packages/fastai/learner.py:455: UserWarning: load_learner` uses Python's insecure pickle module, which can execute malicious arbitrary code when loading. Only load files you trust.
If you only need to load model weights and optimizer state, use the safe `Learner.load` instead.
  warn("load_learner` uses Python's insecure pickle module, which can execute malicious arbitrary code when loading. Only load files you trust.\nIf you only need to load model weights and optimizer state, use the safe `Learner.load` instead.")
Loss: 1.1801
Accuracy: 0.5915
Recall: 0.5915
F1-Score: 0.5897
Loss: 1.1963945627212524
Accuracy: 0.5833333134651184
Recall (macro): 0.5833668202438378
F1 Score (macro): 0.5810779107743986
---------------------------------------------------------------------------
Ejecutando: cifar_rgb_70pct_example2
---------------------------------------------------------------------------
Número total de imágenes en entrenamiento: 28000
Número total de imágenes en validación: 10000

Clases: ['airplane', 'automobile', 'bird', 'cat', 'deer', 'dog', 'frog', 'horse', 'ship', 'truck']
[0, 2.2789692878723145, 2.2623066902160645, 0.17139999568462372, 0.1714, 0.11657144644458514, '02:07']
[1, 2.073737144470215, 2.0201635360717773, 0.2687999904155731, 0.2688, 0.24013863111798775, '00:54']
[2, 1.802623987197876, 1.7826708555221558, 0.3553999960422516, 0.35540000000000005, 0.34481418601541053, '00:52']
[3, 1.6708416938781738, 1.6377639770507812, 0.4097999930381775, 0.4098, 0.3998306071813989, '00:52']
[4, 1.5983768701553345, 1.6168774366378784, 0.41609999537467957, 0.41609999999999997, 0.39304540960312806, '00:52']
[5, 1.533730149269104, 1.536108374595642, 0.44429999589920044, 0.44430000000000003, 0.44011324145978586, '00:52']
[6, 1.5063074827194214, 1.4652884006500244, 0.4738999903202057, 0.4739000000000001, 0.4621602589901002, '00:52']
[7, 1.4338845014572144, 1.447050929069519, 0.47909998893737793, 0.4791, 0.46289608440497004, '00:52']
[8, 1.3946342468261719, 1.4299753904342651, 0.48649999499320984, 0.48649999999999993, 0.48491666356276897, '00:52']
[9, 1.3474400043487549, 1.3966643810272217, 0.4984999895095825, 0.49850000000000005, 0.48170317954998776, '00:54']
[10, 1.296630859375, 1.3543643951416016, 0.5138000249862671, 0.5138, 0.5086039293655016, '00:54']
[11, 1.2539628744125366, 1.3250843286514282, 0.5260999798774719, 0.5261, 0.5208191411445151, '00:57']
[12, 1.2266122102737427, 1.3257007598876953, 0.5292999744415283, 0.5292999999999999, 0.5264133063103211, '00:55']
[13, 1.2016445398330688, 1.3109922409057617, 0.5360000133514404, 0.536, 0.530416322624116, '00:54']
[14, 1.1703517436981201, 1.2902251482009888, 0.541700005531311, 0.5417, 0.5369061198707151, '00:53']
[15, 1.1348832845687866, 1.2739641666412354, 0.5493999719619751, 0.5494, 0.5506023005851363, '00:53']
[16, 1.1184194087982178, 1.3361448049545288, 0.5360999703407288, 0.5361, 0.5325072398180977, '01:09']
[17, 1.0756007432937622, 1.2786922454833984, 0.5540000200271606, 0.5539999999999999, 0.5461841977744187, '01:15']
[18, 1.0342857837677002, 1.2546987533569336, 0.5631999969482422, 0.5631999999999999, 0.5589383465472983, '00:54']
[19, 1.0224883556365967, 1.2557542324066162, 0.5637000203132629, 0.5637000000000001, 0.5598414211828893, '00:52']
[20, 0.9821721315383911, 1.2606686353683472, 0.5629000067710876, 0.5629000000000001, 0.5616952623764931, '01:01']
[21, 0.9559028148651123, 1.268019676208496, 0.5654000043869019, 0.5654, 0.558952715187349, '00:55']
[22, 0.947767436504364, 1.280342936515808, 0.5615000128746033, 0.5615, 0.5562843799672664, '00:53']
[23, 0.9385095834732056, 1.2731465101242065, 0.5677000284194946, 0.5677000000000001, 0.5670240108737576, '00:53']
No improvement since epoch 18: early stopping

Tiempo de entrenamiento: 1410.79 segundos
/mnt/homeGPU/haoweihu/TFG/lib/python3.10/site-packages/fastai/learner.py:455: UserWarning: load_learner` uses Python's insecure pickle module, which can execute malicious arbitrary code when loading. Only load files you trust.
If you only need to load model weights and optimizer state, use the safe `Learner.load` instead.
  warn("load_learner` uses Python's insecure pickle module, which can execute malicious arbitrary code when loading. Only load files you trust.\nIf you only need to load model weights and optimizer state, use the safe `Learner.load` instead.")
Loss: 1.2731
Accuracy: 0.5677
Recall: 0.5677
F1-Score: 0.5670
Loss: 1.2644094228744507
Accuracy: 0.5700120329856873
Recall (macro): 0.5699858653006005
F1 Score (macro): 0.5698069960326134
---------------------------------------------------------------------------
Ejecutando: cifar_rgb_80pct_example1
---------------------------------------------------------------------------
Número total de imágenes en entrenamiento: 32000
Número total de imágenes en validación: 10000

Clases: ['airplane', 'automobile', 'bird', 'cat', 'deer', 'dog', 'frog', 'horse', 'ship', 'truck']
[0, 2.2520272731781006, 2.223236322402954, 0.19210000336170197, 0.1921, 0.13780500696376594, '02:11']
[1, 2.0031230449676514, 1.9703269004821777, 0.27730000019073486, 0.2773, 0.24400856568907506, '00:58']
[2, 1.865462064743042, 1.826756238937378, 0.3393000066280365, 0.3393, 0.3201017853692737, '01:07']
[3, 1.6913310289382935, 1.6655861139297485, 0.3864000141620636, 0.38639999999999997, 0.3647772657627125, '00:58']
[4, 1.5907886028289795, 1.5637675523757935, 0.4269999861717224, 0.42699999999999994, 0.4085916895412935, '00:58']
[5, 1.4967786073684692, 1.4910242557525635, 0.45980000495910645, 0.4598, 0.4518141441802297, '00:58']
[6, 1.436316728591919, 1.4552377462387085, 0.47609999775886536, 0.4760999999999999, 0.47595850742886314, '00:58']
[7, 1.3723825216293335, 1.4465974569320679, 0.4869999885559082, 0.487, 0.4784434650925832, '00:58']
[8, 1.3426053524017334, 1.3520907163619995, 0.515500009059906, 0.5155, 0.5092261134329539, '00:58']
[9, 1.3005340099334717, 1.3522684574127197, 0.5109999775886536, 0.5109999999999999, 0.5021776872173703, '01:00']
[10, 1.2751984596252441, 1.3184993267059326, 0.5299999713897705, 0.53, 0.5315223990887545, '00:58']
[11, 1.2418698072433472, 1.274442434310913, 0.5446000099182129, 0.5446, 0.5468677654206283, '00:58']
[12, 1.1759395599365234, 1.2397544384002686, 0.5587000250816345, 0.5587, 0.5559957567470114, '00:58']
[13, 1.1413823366165161, 1.245785117149353, 0.5590999722480774, 0.5591, 0.5529219452260404, '00:58']
[14, 1.1341726779937744, 1.2047005891799927, 0.5737000107765198, 0.5737, 0.5673870163163147, '00:58']
[15, 1.0760736465454102, 1.1903117895126343, 0.5774999856948853, 0.5775, 0.5741911855189906, '00:58']
[16, 1.0478019714355469, 1.1879043579101562, 0.5824000239372253, 0.5824, 0.5791870502124881, '00:58']
[17, 1.055770993232727, 1.1863131523132324, 0.578499972820282, 0.5784999999999999, 0.5766228839490786, '00:59']
[18, 1.0209155082702637, 1.19782292842865, 0.5774999856948853, 0.5775, 0.5739860961373139, '00:59']
[19, 0.9883981347084045, 1.1953946352005005, 0.5849000215530396, 0.5849, 0.5768437512258657, '00:58']
[20, 0.9619826674461365, 1.1792593002319336, 0.5888000130653381, 0.5888, 0.5894526597710158, '00:58']
[21, 0.9652813673019409, 1.1659765243530273, 0.5922999978065491, 0.5923, 0.5913563423322491, '00:58']
[22, 0.9389457106590271, 1.1679726839065552, 0.5924999713897705, 0.5924999999999999, 0.5895661645527819, '00:58']
[23, 0.9224395751953125, 1.1673855781555176, 0.5956000089645386, 0.5955999999999999, 0.592145741170966, '00:58']
[24, 0.9011533260345459, 1.1657600402832031, 0.5938000082969666, 0.5938, 0.5939584166043519, '00:58']
[25, 0.8931781649589539, 1.1633862257003784, 0.5943999886512756, 0.5944, 0.5930164733647768, '00:58']
[26, 0.8940430879592896, 1.1664936542510986, 0.5964000225067139, 0.5964, 0.5927489723942978, '01:00']
[27, 0.8698500394821167, 1.1632730960845947, 0.5968999862670898, 0.5969, 0.5943899261323622, '00:58']
[28, 0.8705912232398987, 1.1643978357315063, 0.5968000292778015, 0.5968, 0.5941002712415057, '00:58']
[29, 0.8627157211303711, 1.1635721921920776, 0.5968000292778015, 0.5968, 0.5945193663374206, '00:58']

Tiempo de entrenamiento: 1840.32 segundos
/mnt/homeGPU/haoweihu/TFG/lib/python3.10/site-packages/fastai/learner.py:455: UserWarning: load_learner` uses Python's insecure pickle module, which can execute malicious arbitrary code when loading. Only load files you trust.
If you only need to load model weights and optimizer state, use the safe `Learner.load` instead.
  warn("load_learner` uses Python's insecure pickle module, which can execute malicious arbitrary code when loading. Only load files you trust.\nIf you only need to load model weights and optimizer state, use the safe `Learner.load` instead.")
Loss: 1.1636
Accuracy: 0.5968
Recall: 0.5968
F1-Score: 0.5945
Loss: 1.1810389757156372
Accuracy: 0.588942289352417
Recall (macro): 0.5889871693336622
F1 Score (macro): 0.5868374564450101
---------------------------------------------------------------------------
Ejecutando: cifar_rgb_80pct_example2
---------------------------------------------------------------------------
Número total de imágenes en entrenamiento: 32000
Número total de imágenes en validación: 10000

Clases: ['airplane', 'automobile', 'bird', 'cat', 'deer', 'dog', 'frog', 'horse', 'ship', 'truck']
[0, 2.243565082550049, 2.2126753330230713, 0.17100000381469727, 0.17099999999999999, 0.09008495427915837, '02:12']
[1, 2.02313494682312, 2.018444061279297, 0.24619999527931213, 0.24619999999999997, 0.2153364191022488, '00:58']
[2, 1.9206129312515259, 1.9555931091308594, 0.2930000126361847, 0.29300000000000004, 0.26960593189377796, '00:58']
[3, 1.7492620944976807, 1.7234883308410645, 0.36309999227523804, 0.3631, 0.33876087568840074, '01:10']
[4, 1.6290942430496216, 1.6745853424072266, 0.38350000977516174, 0.38350000000000006, 0.3741207340116207, '00:58']
[5, 1.5818794965744019, 1.6281023025512695, 0.4180000126361847, 0.418, 0.41639376197287215, '00:58']
[6, 1.4997191429138184, 1.501042127609253, 0.451200008392334, 0.45120000000000005, 0.4451944490641127, '00:58']
[7, 1.4383128881454468, 1.4324036836624146, 0.4803999960422516, 0.48039999999999994, 0.46578255250989375, '00:58']
[8, 1.4123855829238892, 1.4487987756729126, 0.47099998593330383, 0.471, 0.45350944271327076, '00:58']
[9, 1.3534318208694458, 1.3892085552215576, 0.4966000020503998, 0.4966000000000001, 0.49503799220219724, '00:58']
[10, 1.3035330772399902, 1.371541976928711, 0.5042999982833862, 0.5043, 0.5076346903368603, '00:58']
[11, 1.2624808549880981, 1.3040121793746948, 0.5335999727249146, 0.5336000000000001, 0.5312352074753124, '00:58']
[12, 1.2413334846496582, 1.3286322355270386, 0.5340999960899353, 0.5341, 0.5252569340133642, '00:58']
[13, 1.2116754055023193, 1.259858250617981, 0.5468000173568726, 0.5468, 0.5366675615743466, '00:58']
[14, 1.1707671880722046, 1.2666714191436768, 0.5523999929428101, 0.5524, 0.5486247082434661, '00:58']
[15, 1.1220513582229614, 1.2395267486572266, 0.5584999918937683, 0.5585, 0.5572253548055384, '00:58']
[16, 1.1056725978851318, 1.23776376247406, 0.5630000233650208, 0.5630000000000001, 0.5645703078467433, '00:58']
[17, 1.1024749279022217, 1.2217323780059814, 0.572700023651123, 0.5727, 0.5680333516982048, '00:58']
[18, 1.0368595123291016, 1.2116965055465698, 0.5799000263214111, 0.5798999999999999, 0.5742921054363688, '00:58']
[19, 1.018604040145874, 1.1926051378250122, 0.5809999704360962, 0.581, 0.5777194399140717, '00:58']
[20, 0.9919069409370422, 1.2007958889007568, 0.5873000025749207, 0.5872999999999999, 0.5840041480285878, '00:58']
[21, 0.9755099415779114, 1.2096258401870728, 0.5809999704360962, 0.5810000000000001, 0.5803855936969078, '00:58']
[22, 0.9423930048942566, 1.2170330286026, 0.5820000171661377, 0.5820000000000001, 0.5804645844445069, '00:58']
[23, 0.9340009093284607, 1.1973408460617065, 0.5896000266075134, 0.5896, 0.5888991307004003, '00:58']
[24, 0.9330964088439941, 1.196988821029663, 0.5896000266075134, 0.5896, 0.5902689010083717, '00:58']
No improvement since epoch 19: early stopping

Tiempo de entrenamiento: 1547.84 segundos
/mnt/homeGPU/haoweihu/TFG/lib/python3.10/site-packages/fastai/learner.py:455: UserWarning: load_learner` uses Python's insecure pickle module, which can execute malicious arbitrary code when loading. Only load files you trust.
If you only need to load model weights and optimizer state, use the safe `Learner.load` instead.
  warn("load_learner` uses Python's insecure pickle module, which can execute malicious arbitrary code when loading. Only load files you trust.\nIf you only need to load model weights and optimizer state, use the safe `Learner.load` instead.")
Loss: 1.1970
Accuracy: 0.5896
Recall: 0.5896
F1-Score: 0.5903
Loss: 1.1896343231201172
Accuracy: 0.5901442170143127
Recall (macro): 0.5901080964341929
F1 Score (macro): 0.5902440055635851
---------------------------------------------------------------------------
Ejecutando: cifar_rgb_90pct_example1
---------------------------------------------------------------------------
Número total de imágenes en entrenamiento: 36000
Número total de imágenes en validación: 10000

Clases: ['airplane', 'automobile', 'bird', 'cat', 'deer', 'dog', 'frog', 'horse', 'ship', 'truck']
[0, 2.237318515777588, 2.21518611907959, 0.18520000576972961, 0.18519999999999998, 0.12356840496474142, '02:51']
[1, 1.9247715473175049, 1.9171441793441772, 0.2930999994277954, 0.2931, 0.2599859494379745, '01:16']
[2, 1.7838767766952515, 1.7404019832611084, 0.3698999881744385, 0.3699, 0.3529564600989502, '01:16']
[3, 1.644512414932251, 1.6551556587219238, 0.40619999170303345, 0.4062, 0.3993443965301644, '01:04']
[4, 1.5986840724945068, 1.6132533550262451, 0.4275999963283539, 0.4276, 0.42660431330487913, '01:03']
[5, 1.4889905452728271, 1.5180864334106445, 0.4551999866962433, 0.45519999999999994, 0.44110831852266275, '01:03']
[6, 1.4259792566299438, 1.4868299961090088, 0.4690999984741211, 0.46909999999999996, 0.45688104752134284, '01:04']
[7, 1.3929468393325806, 1.3832955360412598, 0.5022000074386597, 0.5022, 0.4904928481281761, '01:03']
[8, 1.3474074602127075, 1.3493139743804932, 0.5135999917984009, 0.5136000000000001, 0.5087344070602471, '01:03']
[9, 1.3036839962005615, 1.3304874897003174, 0.5202999711036682, 0.5203, 0.5099718248632936, '01:03']
[10, 1.2600433826446533, 1.2875813245773315, 0.5404000282287598, 0.5404, 0.5343954744015796, '01:05']
[11, 1.223827838897705, 1.2539554834365845, 0.557200014591217, 0.5572000000000001, 0.5544415785849167, '01:03']
[12, 1.1653884649276733, 1.2626399993896484, 0.5540000200271606, 0.554, 0.5488446699657391, '01:03']
[13, 1.1556798219680786, 1.2208456993103027, 0.5681999921798706, 0.5682, 0.5663562171411833, '01:04']
[14, 1.1302955150604248, 1.2051514387130737, 0.5745000243186951, 0.5745, 0.5704111013567739, '01:03']
[15, 1.0704742670059204, 1.221781611442566, 0.5688999891281128, 0.5689, 0.56698828507219, '01:03']
[16, 1.0293503999710083, 1.1829789876937866, 0.5848000049591064, 0.5848, 0.583793127544645, '01:03']
[17, 1.0329792499542236, 1.1839925050735474, 0.5846999883651733, 0.5847, 0.5809867701566754, '01:03']
[18, 1.023033857345581, 1.1889265775680542, 0.5870000123977661, 0.587, 0.5862578005861722, '01:05']
[19, 0.9949295520782471, 1.1751048564910889, 0.590499997138977, 0.5904999999999999, 0.5854946585044007, '01:04']
[20, 0.9775674343109131, 1.1701890230178833, 0.5928999781608582, 0.5929, 0.5902718955016201, '01:03']
[21, 0.9385082125663757, 1.1735764741897583, 0.5928999781608582, 0.5929, 0.5903455078311656, '01:03']
[22, 0.9094686508178711, 1.1828211545944214, 0.593500018119812, 0.5934999999999999, 0.5900157541296951, '01:03']
[23, 0.9141650795936584, 1.1643317937850952, 0.5961999893188477, 0.5962, 0.5947466804329323, '01:03']
[24, 0.8779996633529663, 1.1667391061782837, 0.5982000231742859, 0.5982000000000001, 0.5970925730356187, '01:03']
[25, 0.8726902604103088, 1.1684250831604004, 0.5985999703407288, 0.5985999999999999, 0.5978655991836062, '01:28']
[26, 0.8534677028656006, 1.1695705652236938, 0.6008999943733215, 0.6009, 0.5991102963913254, '01:22']
[27, 0.8575237989425659, 1.1675716638565063, 0.6015999913215637, 0.6016, 0.5999414609730371, '01:04']
[28, 0.8394601941108704, 1.167853593826294, 0.6014000177383423, 0.6014, 0.6000161319276324, '01:03']
No improvement since epoch 23: early stopping

Tiempo de entrenamiento: 2034.00 segundos
/mnt/homeGPU/haoweihu/TFG/lib/python3.10/site-packages/fastai/learner.py:455: UserWarning: load_learner` uses Python's insecure pickle module, which can execute malicious arbitrary code when loading. Only load files you trust.
If you only need to load model weights and optimizer state, use the safe `Learner.load` instead.
  warn("load_learner` uses Python's insecure pickle module, which can execute malicious arbitrary code when loading. Only load files you trust.\nIf you only need to load model weights and optimizer state, use the safe `Learner.load` instead.")
Loss: 1.1679
Accuracy: 0.6014
Recall: 0.6014
F1-Score: 0.6000
Loss: 1.1607788801193237
Accuracy: 0.6043669581413269
Recall (macro): 0.604357740631589
F1 Score (macro): 0.6024725489117901
---------------------------------------------------------------------------
Ejecutando: cifar_rgb_90pct_example2
---------------------------------------------------------------------------
Número total de imágenes en entrenamiento: 36000
Número total de imágenes en validación: 10000

Clases: ['airplane', 'automobile', 'bird', 'cat', 'deer', 'dog', 'frog', 'horse', 'ship', 'truck']
[0, 2.1775083541870117, 2.1409029960632324, 0.19449999928474426, 0.1945, 0.13795635433850473, '02:34']
[1, 1.9746187925338745, 1.9578160047531128, 0.2791000008583069, 0.2791, 0.2562340328861906, '01:04']
[2, 1.8049638271331787, 1.787742018699646, 0.34860000014305115, 0.34859999999999997, 0.33596120870645263, '01:04']
[3, 1.6565278768539429, 1.7285829782485962, 0.35850000381469727, 0.3585, 0.32621663269340556, '01:07']
[4, 1.5900287628173828, 1.5800918340682983, 0.42250001430511475, 0.4225, 0.40696401982670183, '01:04']
[5, 1.5390779972076416, 1.5190750360488892, 0.45100000500679016, 0.45100000000000007, 0.4360092854211646, '01:04']
[6, 1.4905544519424438, 1.4942526817321777, 0.46219998598098755, 0.4622, 0.46209345674463975, '01:04']
[7, 1.4258522987365723, 1.4880340099334717, 0.4754999876022339, 0.4755, 0.4812500263966378, '01:03']
[8, 1.376094937324524, 1.4154388904571533, 0.4916999936103821, 0.49169999999999997, 0.49233577434779796, '01:15']
[9, 1.342805027961731, 1.3432260751724243, 0.5228000283241272, 0.5227999999999999, 0.5197284183767049, '01:16']
[10, 1.292190670967102, 1.3582093715667725, 0.5108000040054321, 0.5108, 0.5109056827899867, '01:05']
[11, 1.2376916408538818, 1.296705722808838, 0.5351999998092651, 0.5352, 0.5328745000152262, '01:14']
[12, 1.211353063583374, 1.283579707145691, 0.5412999987602234, 0.5413, 0.5362665383326912, '01:03']
[13, 1.1851842403411865, 1.2350035905838013, 0.5654000043869019, 0.5654, 0.5605175686286537, '01:04']
[14, 1.152791976928711, 1.2282798290252686, 0.5648000240325928, 0.5647999999999999, 0.5629784506785572, '01:04']
[15, 1.1052377223968506, 1.2329472303390503, 0.5627999901771545, 0.5628, 0.5635661229480513, '01:04']
[16, 1.0869557857513428, 1.2435969114303589, 0.5659000277519226, 0.5659000000000001, 0.5693307570612651, '01:03']
[17, 1.0469553470611572, 1.20870840549469, 0.5720999836921692, 0.5721, 0.5704471909182802, '01:06']
[18, 1.0262175798416138, 1.200189471244812, 0.5810999870300293, 0.5811, 0.578107797482056, '01:05']
[19, 1.0036535263061523, 1.185441255569458, 0.5857999920845032, 0.5858, 0.583654254890458, '01:04']
[20, 0.9996145963668823, 1.1818219423294067, 0.5859000086784363, 0.5859, 0.5819005990496637, '01:04']
[21, 0.9838759899139404, 1.1872812509536743, 0.5864999890327454, 0.5865000000000001, 0.5860250982842031, '01:03']
[22, 0.9396868348121643, 1.1863938570022583, 0.5866000056266785, 0.5866, 0.5838623964355913, '01:04']
[23, 0.9191429615020752, 1.1809638738632202, 0.5909000039100647, 0.5909000000000001, 0.5868609525119469, '01:04']
[24, 0.9286788702011108, 1.1780121326446533, 0.593500018119812, 0.5934999999999999, 0.5909203134922317, '01:04']
[25, 0.9164671897888184, 1.1779286861419678, 0.5952000021934509, 0.5952, 0.5933719337814086, '01:05']
[26, 0.890292763710022, 1.1805282831192017, 0.5943999886512756, 0.5943999999999999, 0.5926681692801821, '01:06']
[27, 0.9062737226486206, 1.1784093379974365, 0.5938000082969666, 0.5938000000000001, 0.5930822135426059, '01:03']
[28, 0.8855515122413635, 1.1771528720855713, 0.5950999855995178, 0.5951000000000001, 0.593746705014617, '01:03']
[29, 0.8891665935516357, 1.1771104335784912, 0.595300018787384, 0.5953, 0.5937875832109113, '01:04']

Tiempo de entrenamiento: 2060.90 segundos
/mnt/homeGPU/haoweihu/TFG/lib/python3.10/site-packages/fastai/learner.py:455: UserWarning: load_learner` uses Python's insecure pickle module, which can execute malicious arbitrary code when loading. Only load files you trust.
If you only need to load model weights and optimizer state, use the safe `Learner.load` instead.
  warn("load_learner` uses Python's insecure pickle module, which can execute malicious arbitrary code when loading. Only load files you trust.\nIf you only need to load model weights and optimizer state, use the safe `Learner.load` instead.")
Loss: 1.1771
Accuracy: 0.5953
Recall: 0.5953
F1-Score: 0.5938
Loss: 1.172559380531311
Accuracy: 0.6010617017745972
Recall (macro): 0.6010804435529041
F1 Score (macro): 0.5994381341981494
mail: cannot send message: Process exited with a non-zero status
