---------------------------------------------------------------------------
Ejecutando: fmnist_10pct_example1
---------------------------------------------------------------------------
Número total de imágenes en entrenamiento: 4800
Número total de imágenes en validación: 12000

Clases: ['Ankle boot', 'Bag', 'Coat', 'Dress', 'Pullover', 'Sandal', 'Shirt', 'Sneaker', 'T-shirt', 'Trouser']
[0, 2.2951200008392334, 2.2877891063690186, 0.14391666650772095, 0.14391666666666664, 0.08195764700768425, '00:39']
[1, 2.234445810317993, 2.099487066268921, 0.3122499883174896, 0.31225, 0.2088195652931403, '00:23']
[2, 1.599414587020874, 1.0866045951843262, 0.5847499966621399, 0.58475, 0.5481277963670841, '00:23']
[3, 1.0675426721572876, 0.8555221557617188, 0.6818333268165588, 0.6818333333333333, 0.6604087994416215, '00:23']
[4, 0.8529180884361267, 0.7734605073928833, 0.6976666450500488, 0.6976666666666668, 0.6876351169688645, '00:23']
[5, 0.7588627934455872, 0.7360999584197998, 0.7092499732971191, 0.7092499999999999, 0.7131674737111225, '00:24']
[6, 0.6845990419387817, 0.7339094281196594, 0.734000027179718, 0.734, 0.7138513302006083, '00:23']
[7, 0.6514869332313538, 0.6529209017753601, 0.7440000176429749, 0.744, 0.7346455292631132, '00:22']
[8, 0.6120445728302002, 0.6246610283851624, 0.7570833563804626, 0.7570833333333333, 0.7465738470573151, '00:23']
[9, 0.5823234915733337, 0.6225959658622742, 0.7636666893959045, 0.7636666666666667, 0.7515233303973463, '00:23']
[10, 0.5601101517677307, 0.6017748117446899, 0.7715833187103271, 0.7715833333333333, 0.7572413573396916, '00:23']
[11, 0.5293241739273071, 0.5793763995170593, 0.7799999713897705, 0.78, 0.7702097363839919, '00:23']
[12, 0.5164455771446228, 0.5669726729393005, 0.7792500257492065, 0.77925, 0.7630108547669695, '00:23']
[13, 0.501448929309845, 0.5397812724113464, 0.7940833568572998, 0.7940833333333333, 0.787637134305697, '00:23']
[14, 0.4872354567050934, 0.5391302704811096, 0.7944999933242798, 0.7945, 0.7866241791983724, '00:23']
[15, 0.46545448899269104, 0.5335040092468262, 0.8049166798591614, 0.8049166666666666, 0.8020494415637742, '00:23']
[16, 0.45394715666770935, 0.5110744833946228, 0.8101666569709778, 0.8101666666666667, 0.8049551181239891, '00:23']
[17, 0.44193968176841736, 0.5129743814468384, 0.8082500100135803, 0.8082499999999999, 0.7934371508346846, '00:23']
[18, 0.42358654737472534, 0.4925985038280487, 0.8194166421890259, 0.8194166666666666, 0.811785554157094, '00:23']
[19, 0.42014437913894653, 0.49401721358299255, 0.8227499723434448, 0.8227500000000001, 0.8208234746382612, '00:23']
[20, 0.4012468755245209, 0.4912377595901489, 0.8204166889190674, 0.8204166666666666, 0.8074515170621565, '00:23']
[21, 0.3918135166168213, 0.4855237901210785, 0.8268333077430725, 0.8268333333333334, 0.823923255339615, '00:23']
[22, 0.38492709398269653, 0.48413628339767456, 0.8243333101272583, 0.8243333333333333, 0.8173299938472395, '00:23']
[23, 0.37101122736930847, 0.4715736210346222, 0.8349999785423279, 0.835, 0.8336114329690204, '00:23']
[24, 0.36649173498153687, 0.4703289270401001, 0.8349166512489319, 0.8349166666666668, 0.8301168194127788, '00:23']
[25, 0.3603282570838928, 0.46844831109046936, 0.8366666436195374, 0.8366666666666667, 0.8329951510798832, '00:23']
[26, 0.3605109453201294, 0.4661022126674652, 0.8374999761581421, 0.8375, 0.8360552793763627, '00:23']
[27, 0.35705581307411194, 0.46675729751586914, 0.8379166722297668, 0.8379166666666666, 0.8350907195852191, '00:25']
[28, 0.3560289740562439, 0.4659762382507324, 0.8393333554267883, 0.8393333333333333, 0.8363679906692679, '00:23']
[29, 0.3526615500450134, 0.46590596437454224, 0.8392500281333923, 0.83925, 0.8362110853208099, '00:23']

Tiempo de entrenamiento: 716.39 segundos
/mnt/homeGPU/haoweihu/TFG/lib/python3.10/site-packages/fastai/learner.py:455: UserWarning: load_learner` uses Python's insecure pickle module, which can execute malicious arbitrary code when loading. Only load files you trust.
If you only need to load model weights and optimizer state, use the safe `Learner.load` instead.
  warn("load_learner` uses Python's insecure pickle module, which can execute malicious arbitrary code when loading. Only load files you trust.\nIf you only need to load model weights and optimizer state, use the safe `Learner.load` instead.")
Loss: 0.4659
Accuracy: 0.8393
Recall: 0.8393
F1-Score: 0.8362
Loss: 2.769625663757324
Accuracy: 0.6472355723381042
Recall (macro): 0.6473783641042907
F1 Score (macro): 0.6468418706710428
---------------------------------------------------------------------------
Ejecutando: fmnist_10pct_example2
---------------------------------------------------------------------------
Número total de imágenes en entrenamiento: 4800
Número total de imágenes en validación: 12000

Clases: ['Ankle boot', 'Bag', 'Coat', 'Dress', 'Pullover', 'Sandal', 'Shirt', 'Sneaker', 'T-shirt', 'Trouser']
[0, 2.301307439804077, 2.2960007190704346, 0.10000000149011612, 0.1, 0.018231540565177756, '00:31']
[1, 2.2552084922790527, 2.146867275238037, 0.4190833270549774, 0.4190833333333333, 0.30302164035631984, '00:23']
[2, 1.6115431785583496, 1.0637539625167847, 0.6052500009536743, 0.6052500000000001, 0.5625170933684521, '00:23']
[3, 1.098501443862915, 0.8704548478126526, 0.684333324432373, 0.6843333333333332, 0.6745474049192086, '00:23']
[4, 0.9124467372894287, 0.836757242679596, 0.6980000138282776, 0.6979999999999998, 0.6765714208730371, '00:23']
[5, 0.8255212903022766, 0.7382277846336365, 0.7225000262260437, 0.7224999999999999, 0.7069417435025873, '00:23']
[6, 0.759636640548706, 0.685944676399231, 0.7390000224113464, 0.739, 0.7278396372041948, '00:23']
[7, 0.7055431604385376, 0.6722020506858826, 0.7335000038146973, 0.7334999999999999, 0.7206878723536537, '00:23']
[8, 0.6811943054199219, 0.6567769646644592, 0.7538333535194397, 0.7538333333333332, 0.7371559854167843, '00:23']
[9, 0.6512467861175537, 0.6247960925102234, 0.7603333592414856, 0.7603333333333333, 0.7430707684484549, '00:23']
[10, 0.6045830249786377, 0.5968000292778015, 0.765999972820282, 0.766, 0.740317642531376, '00:23']
[11, 0.5821487307548523, 0.5994850397109985, 0.768833339214325, 0.7688333333333334, 0.7494718423575898, '00:23']
[12, 0.5593262910842896, 0.5766827464103699, 0.7770833373069763, 0.7770833333333333, 0.7750619642667365, '00:23']
[13, 0.5357212424278259, 0.5577038526535034, 0.7865833044052124, 0.7865833333333333, 0.7858194172920465, '00:23']
[14, 0.5280896425247192, 0.5458841323852539, 0.7986666560173035, 0.7986666666666667, 0.7956329494832227, '00:23']
[15, 0.5030220150947571, 0.526419460773468, 0.8025833368301392, 0.8025833333333333, 0.7929524190475938, '00:23']
[16, 0.48635703325271606, 0.520620584487915, 0.8031666874885559, 0.8031666666666666, 0.7906832377614953, '00:23']
[17, 0.4659785032272339, 0.5000565648078918, 0.8179166913032532, 0.8179166666666667, 0.8130177651240114, '00:23']
[18, 0.4495754837989807, 0.5154838562011719, 0.8108333349227905, 0.8108333333333333, 0.8004485765476798, '00:25']
[19, 0.4381033182144165, 0.5037039518356323, 0.8142499923706055, 0.81425, 0.812773397275701, '00:23']
[20, 0.4236595630645752, 0.48359426856040955, 0.8237500190734863, 0.8237500000000001, 0.8205998292839978, '00:23']
[21, 0.4105558693408966, 0.4868454039096832, 0.824833333492279, 0.8248333333333333, 0.8197316188192895, '00:23']
[22, 0.3998473882675171, 0.4871552288532257, 0.8237500190734863, 0.8237500000000001, 0.8176908246173495, '00:23']
[23, 0.39404529333114624, 0.4750784933567047, 0.828166663646698, 0.8281666666666666, 0.8243807027069174, '00:23']
[24, 0.3898642957210541, 0.47191622853279114, 0.8308333158493042, 0.8308333333333333, 0.8251698326805151, '00:23']
[25, 0.38707658648490906, 0.4733743965625763, 0.828000009059906, 0.8280000000000001, 0.8266714240916505, '00:23']
[26, 0.38414061069488525, 0.46756070852279663, 0.8321666717529297, 0.8321666666666665, 0.8288420511943719, '00:23']
[27, 0.37422531843185425, 0.46807122230529785, 0.8324999809265137, 0.8324999999999999, 0.828700186103517, '00:23']
[28, 0.37267985939979553, 0.4673393666744232, 0.8333333134651184, 0.8333333333333334, 0.8299953032765354, '00:23']
[29, 0.3697774410247803, 0.4672888219356537, 0.8330833315849304, 0.8330833333333334, 0.8296965337452639, '00:23']

Tiempo de entrenamiento: 709.47 segundos
/mnt/homeGPU/haoweihu/TFG/lib/python3.10/site-packages/fastai/learner.py:455: UserWarning: load_learner` uses Python's insecure pickle module, which can execute malicious arbitrary code when loading. Only load files you trust.
If you only need to load model weights and optimizer state, use the safe `Learner.load` instead.
  warn("load_learner` uses Python's insecure pickle module, which can execute malicious arbitrary code when loading. Only load files you trust.\nIf you only need to load model weights and optimizer state, use the safe `Learner.load` instead.")
Loss: 0.4673
Accuracy: 0.8331
Recall: 0.8331
F1-Score: 0.8297
Loss: 2.6945135593414307
Accuracy: 0.6470352411270142
Recall (macro): 0.6469115552665607
F1 Score (macro): 0.6471379897854088
---------------------------------------------------------------------------
Ejecutando: fmnist_20pct_example1
---------------------------------------------------------------------------
Número total de imágenes en entrenamiento: 9600
Número total de imágenes en validación: 12000

Clases: ['Ankle boot', 'Bag', 'Coat', 'Dress', 'Pullover', 'Sandal', 'Shirt', 'Sneaker', 'T-shirt', 'Trouser']
[0, 2.2889914512634277, 2.271353006362915, 0.10175000131130219, 0.10175000000000001, 0.02163647869825, '00:40']
[1, 1.6666556596755981, 1.216638207435608, 0.6175000071525574, 0.6174999999999999, 0.6093162558257638, '00:29']
[2, 0.9338884949684143, 0.8451477885246277, 0.6767500042915344, 0.67675, 0.6653757097543196, '00:29']
[3, 0.7677889466285706, 0.7481408715248108, 0.7138333320617676, 0.7138333333333333, 0.7086892210125348, '00:29']
[4, 0.7189776301383972, 0.678557276725769, 0.7359166741371155, 0.7359166666666668, 0.7110159669509527, '00:37']
[5, 0.6385632753372192, 0.6369670629501343, 0.7604166865348816, 0.7604166666666666, 0.7528112990142377, '00:42']
[6, 0.588798999786377, 0.5713071227073669, 0.7851666808128357, 0.7851666666666668, 0.7786454156005286, '00:45']
[7, 0.545137882232666, 0.5623189806938171, 0.7832499742507935, 0.78325, 0.7737630698405203, '00:34']
[8, 0.5134163498878479, 0.5007416009902954, 0.8131666779518127, 0.8131666666666668, 0.8072941820684534, '00:29']
[9, 0.4960060715675354, 0.5547451972961426, 0.79666668176651, 0.7966666666666666, 0.7875274071483451, '00:30']
[10, 0.46469196677207947, 0.4824185371398926, 0.825166642665863, 0.8251666666666667, 0.822747302767836, '00:30']
[11, 0.4446561932563782, 0.453176349401474, 0.8320000171661377, 0.8320000000000001, 0.8262528235121029, '00:29']
[12, 0.4257339537143707, 0.4451685845851898, 0.8351666927337646, 0.8351666666666666, 0.8327505109936448, '00:29']
[13, 0.3929823040962219, 0.43470609188079834, 0.8423333168029785, 0.8423333333333334, 0.8419264468463833, '00:29']
[14, 0.38283589482307434, 0.4261621832847595, 0.8419166803359985, 0.8419166666666668, 0.8400810417971399, '00:29']
[15, 0.36012002825737, 0.4026155471801758, 0.8536666631698608, 0.8536666666666667, 0.8508429907511562, '00:29']
[16, 0.3443218469619751, 0.39865145087242126, 0.8574166893959045, 0.8574166666666667, 0.8558053848745149, '00:29']
[17, 0.3355802297592163, 0.38477131724357605, 0.8600000143051147, 0.86, 0.8579180053738076, '00:29']
[18, 0.3172607123851776, 0.3861609995365143, 0.8615000247955322, 0.8614999999999998, 0.8604301071555328, '00:29']
[19, 0.308547705411911, 0.3901115655899048, 0.8585000038146973, 0.8584999999999999, 0.8583570865676796, '00:29']
[20, 0.30154576897621155, 0.3851381838321686, 0.8614166378974915, 0.8614166666666666, 0.8615279120511046, '00:29']
[21, 0.28431612253189087, 0.37701156735420227, 0.8636666536331177, 0.8636666666666667, 0.8624200977928549, '00:29']
[22, 0.2753137946128845, 0.37114065885543823, 0.8682500123977661, 0.8682500000000001, 0.8670731127789771, '00:29']
[23, 0.27602460980415344, 0.37056228518486023, 0.8670833110809326, 0.8670833333333334, 0.8659700794293638, '00:31']
[24, 0.2674480676651001, 0.3754008412361145, 0.8673333525657654, 0.8673333333333334, 0.8662926302806679, '00:29']
[25, 0.25999748706817627, 0.37184590101242065, 0.8669166564941406, 0.8669166666666666, 0.866636552158254, '00:29']
[26, 0.2593768537044525, 0.37337830662727356, 0.8682500123977661, 0.8682500000000001, 0.866756699850022, '00:29']
[27, 0.25928378105163574, 0.3703976571559906, 0.8677499890327454, 0.86775, 0.8668405363776672, '00:29']
[28, 0.2584819197654724, 0.3706204891204834, 0.8684999942779541, 0.8685, 0.8674955857390321, '00:29']
[29, 0.24837906658649445, 0.37067028880119324, 0.8688333630561829, 0.8688333333333332, 0.8678566383282703, '00:29']

Tiempo de entrenamiento: 948.53 segundos
/mnt/homeGPU/haoweihu/TFG/lib/python3.10/site-packages/fastai/learner.py:455: UserWarning: load_learner` uses Python's insecure pickle module, which can execute malicious arbitrary code when loading. Only load files you trust.
If you only need to load model weights and optimizer state, use the safe `Learner.load` instead.
  warn("load_learner` uses Python's insecure pickle module, which can execute malicious arbitrary code when loading. Only load files you trust.\nIf you only need to load model weights and optimizer state, use the safe `Learner.load` instead.")
Loss: 0.3707
Accuracy: 0.8688
Recall: 0.8688
F1-Score: 0.8679
Loss: 2.6644744873046875
Accuracy: 0.6859976053237915
Recall (macro): 0.6860490078629854
F1 Score (macro): 0.685427167180423
---------------------------------------------------------------------------
Ejecutando: fmnist_20pct_example2
---------------------------------------------------------------------------
Número total de imágenes en entrenamiento: 9600
Número total de imágenes en validación: 12000

Clases: ['Ankle boot', 'Bag', 'Coat', 'Dress', 'Pullover', 'Sandal', 'Shirt', 'Sneaker', 'T-shirt', 'Trouser']
[0, 2.2728402614593506, 2.243973731994629, 0.27783334255218506, 0.2778333333333333, 0.21729336963960502, '00:40']
[1, 1.601127028465271, 1.1704539060592651, 0.577833354473114, 0.5778333333333333, 0.5328922172994909, '00:33']
[2, 0.93013596534729, 0.8396947979927063, 0.6890833377838135, 0.6890833333333333, 0.6737414242548813, '00:51']
[3, 0.795099675655365, 0.7901981472969055, 0.6949166655540466, 0.6949166666666666, 0.6759866080274459, '00:45']
[4, 0.7319046258926392, 0.7054577469825745, 0.7385833263397217, 0.7385833333333334, 0.7266201384911198, '00:29']
[5, 0.6710406541824341, 0.646975040435791, 0.7440833449363708, 0.7440833333333333, 0.7259669293576515, '00:29']
[6, 0.6169604659080505, 0.6318971514701843, 0.7640833258628845, 0.7640833333333334, 0.7383468378653545, '00:29']
[7, 0.5763798356056213, 0.5934266448020935, 0.7696666717529297, 0.7696666666666666, 0.7736409705176609, '00:29']
[8, 0.5389038920402527, 0.5207018852233887, 0.8057500123977661, 0.80575, 0.8037098596615506, '00:31']
[9, 0.5161028504371643, 0.5028218030929565, 0.8116666674613953, 0.8116666666666668, 0.803931755279765, '00:29']
[10, 0.47345009446144104, 0.4962867498397827, 0.815416693687439, 0.8154166666666667, 0.8097877242267485, '00:29']
[11, 0.46866574883461, 0.4636056423187256, 0.8294166922569275, 0.8294166666666667, 0.8256947626155675, '00:29']
[12, 0.43508532643318176, 0.45298030972480774, 0.8325833082199097, 0.8325833333333333, 0.8266278893692285, '00:29']
[13, 0.4244232773780823, 0.4639430344104767, 0.828416645526886, 0.8284166666666666, 0.8224111886469609, '00:29']
[14, 0.40308666229248047, 0.4227360486984253, 0.847000002861023, 0.8470000000000001, 0.8441439090480299, '00:29']
[15, 0.3874806761741638, 0.409894734621048, 0.8489166498184204, 0.8489166666666668, 0.8476304693474626, '00:29']
[16, 0.37817832827568054, 0.4082164764404297, 0.8550000190734863, 0.8549999999999999, 0.8541050021269172, '00:29']
[17, 0.3607783317565918, 0.40389326214790344, 0.8535833358764648, 0.8535833333333332, 0.8537582030612269, '00:29']
[18, 0.33218085765838623, 0.41227954626083374, 0.8515833616256714, 0.8515833333333334, 0.8509839196938482, '00:29']
[19, 0.34010687470436096, 0.4082143008708954, 0.8530833125114441, 0.8530833333333334, 0.8522084107354921, '00:29']
[20, 0.3279644846916199, 0.4127327501773834, 0.8510000109672546, 0.851, 0.8528884419799002, '00:31']
[21, 0.3074439465999603, 0.39325499534606934, 0.8581666946411133, 0.8581666666666667, 0.8535938874416116, '00:29']
[22, 0.3049113154411316, 0.3982899487018585, 0.8577499985694885, 0.85775, 0.8601208285083761, '00:29']
[23, 0.29190191626548767, 0.38589876890182495, 0.8627499938011169, 0.8627500000000001, 0.8631263282184239, '00:29']
[24, 0.2965947985649109, 0.38028523325920105, 0.8644166588783264, 0.8644166666666665, 0.8632852161415077, '00:29']
[25, 0.28308188915252686, 0.38173437118530273, 0.8630833625793457, 0.8630833333333333, 0.862081315803105, '00:30']
[26, 0.2771271765232086, 0.37946435809135437, 0.8639166951179504, 0.8639166666666667, 0.8629381134156917, '00:39']
[27, 0.2817617356777191, 0.379535436630249, 0.8649166822433472, 0.8649166666666666, 0.8641664068007433, '00:42']
[28, 0.27531540393829346, 0.37934017181396484, 0.8650000095367432, 0.865, 0.864013795781038, '00:30']
[29, 0.2780146598815918, 0.3793881833553314, 0.8645833134651184, 0.8645833333333334, 0.863625089319339, '00:29']

Tiempo de entrenamiento: 973.58 segundos
/mnt/homeGPU/haoweihu/TFG/lib/python3.10/site-packages/fastai/learner.py:455: UserWarning: load_learner` uses Python's insecure pickle module, which can execute malicious arbitrary code when loading. Only load files you trust.
If you only need to load model weights and optimizer state, use the safe `Learner.load` instead.
  warn("load_learner` uses Python's insecure pickle module, which can execute malicious arbitrary code when loading. Only load files you trust.\nIf you only need to load model weights and optimizer state, use the safe `Learner.load` instead.")
Loss: 0.3794
Accuracy: 0.8646
Recall: 0.8646
F1-Score: 0.8636
Loss: 2.8516628742218018
Accuracy: 0.6845953464508057
Recall (macro): 0.6842846826499712
F1 Score (macro): 0.6844093549856693
---------------------------------------------------------------------------
Ejecutando: fmnist_30pct_example1
---------------------------------------------------------------------------
Número total de imágenes en entrenamiento: 14400
Número total de imágenes en validación: 12000

Clases: ['Ankle boot', 'Bag', 'Coat', 'Dress', 'Pullover', 'Sandal', 'Shirt', 'Sneaker', 'T-shirt', 'Trouser']
[0, 2.2198646068573, 2.16105318069458, 0.33250001072883606, 0.3325, 0.21335994479753267, '00:48']
[1, 1.1977192163467407, 1.0319691896438599, 0.6150833368301392, 0.6150833333333333, 0.5910385462083749, '00:36']
[2, 0.8779466152191162, 0.8731569647789001, 0.6742500066757202, 0.67425, 0.6437004066267495, '00:36']
[3, 0.7636740207672119, 0.7233982086181641, 0.7288333177566528, 0.7288333333333334, 0.70153762156457, '00:36']
[4, 0.6487857103347778, 0.6501231789588928, 0.7492499947547913, 0.7492500000000001, 0.7438836595598239, '00:38']
[5, 0.6044292449951172, 0.6029050946235657, 0.7669166922569275, 0.7669166666666667, 0.7549591050773555, '00:37']
[6, 0.5524461269378662, 0.5692949295043945, 0.7787500023841858, 0.7787499999999999, 0.7637940002148171, '00:36']
[7, 0.49487051367759705, 0.5162492990493774, 0.8108333349227905, 0.8108333333333333, 0.8043610762634277, '00:36']
[8, 0.45516932010650635, 0.5355314612388611, 0.8011666536331177, 0.8011666666666667, 0.7997224961361901, '00:36']
[9, 0.4185171127319336, 0.47369709610939026, 0.828083336353302, 0.8280833333333334, 0.8267633698628247, '00:38']
[10, 0.398983359336853, 0.4271340072154999, 0.8499166369438171, 0.8499166666666665, 0.8463152855603686, '00:36']
[11, 0.37808874249458313, 0.4091382324695587, 0.8570833206176758, 0.8570833333333333, 0.8559205222171034, '00:36']
[12, 0.36627739667892456, 0.4240519106388092, 0.8494166731834412, 0.8494166666666667, 0.8506584169801382, '00:36']
[13, 0.3302793800830841, 0.3996366262435913, 0.8617500066757202, 0.86175, 0.8605383403678017, '00:36']
[14, 0.31179001927375793, 0.3907335698604584, 0.8603333234786987, 0.8603333333333334, 0.862370334760568, '00:36']
[15, 0.3169204294681549, 0.3836521506309509, 0.8616666793823242, 0.8616666666666667, 0.8605811966844448, '00:36']
[16, 0.2969221770763397, 0.3834403157234192, 0.8603333234786987, 0.8603333333333334, 0.8612220384557219, '00:36']
[17, 0.2787322402000427, 0.36746835708618164, 0.8715833425521851, 0.8715833333333333, 0.8699882549970088, '00:38']
[18, 0.26821309328079224, 0.355017751455307, 0.8738333582878113, 0.8738333333333334, 0.873388322524662, '00:37']
[19, 0.2710217833518982, 0.35609081387519836, 0.878333330154419, 0.8783333333333333, 0.8771967683082948, '00:36']
[20, 0.2513394057750702, 0.35748833417892456, 0.8794166445732117, 0.8794166666666667, 0.8778744538554288, '00:36']
[21, 0.2360769659280777, 0.3551904559135437, 0.8803333044052124, 0.8803333333333334, 0.8793259150233084, '00:36']
[22, 0.22466114163398743, 0.34168004989624023, 0.8828333616256714, 0.8828333333333334, 0.8830063972971154, '00:36']
[23, 0.22601638734340668, 0.34196653962135315, 0.8841666579246521, 0.8841666666666667, 0.8837937071987391, '00:38']
[24, 0.2227119356393814, 0.3417813181877136, 0.8852499723434448, 0.8852499999999999, 0.8843739117477856, '00:36']
[25, 0.21735307574272156, 0.3409484922885895, 0.8831666707992554, 0.8831666666666667, 0.8831345564439455, '00:36']
[26, 0.21696041524410248, 0.34245815873146057, 0.8840000033378601, 0.884, 0.8833840926318983, '00:36']
[27, 0.20708410441875458, 0.3393467366695404, 0.8861666917800903, 0.8861666666666667, 0.8859255343225018, '00:36']
[28, 0.20577916502952576, 0.34039637446403503, 0.8849166631698608, 0.8849166666666667, 0.884658619975812, '00:36']
[29, 0.19921532273292542, 0.34005123376846313, 0.8852499723434448, 0.8852499999999999, 0.8850443934411854, '00:36']

Tiempo de entrenamiento: 1115.64 segundos
/mnt/homeGPU/haoweihu/TFG/lib/python3.10/site-packages/fastai/learner.py:455: UserWarning: load_learner` uses Python's insecure pickle module, which can execute malicious arbitrary code when loading. Only load files you trust.
If you only need to load model weights and optimizer state, use the safe `Learner.load` instead.
  warn("load_learner` uses Python's insecure pickle module, which can execute malicious arbitrary code when loading. Only load files you trust.\nIf you only need to load model weights and optimizer state, use the safe `Learner.load` instead.")
Loss: 0.3401
Accuracy: 0.8852
Recall: 0.8852
F1-Score: 0.8850
Loss: 2.9070096015930176
Accuracy: 0.6954126358032227
Recall (macro): 0.6954877157837955
F1 Score (macro): 0.6939491098379154
---------------------------------------------------------------------------
Ejecutando: fmnist_30pct_example2
---------------------------------------------------------------------------
Número total de imágenes en entrenamiento: 14400
Número total de imágenes en validación: 12000

Clases: ['Ankle boot', 'Bag', 'Coat', 'Dress', 'Pullover', 'Sandal', 'Shirt', 'Sneaker', 'T-shirt', 'Trouser']
[0, 2.243358612060547, 2.1891610622406006, 0.4937500059604645, 0.49375, 0.4028150098157209, '00:57']
[1, 1.151936411857605, 0.9745616912841797, 0.6510000228881836, 0.651, 0.6203160196246507, '00:37']
[2, 0.7824698686599731, 0.7707704305648804, 0.7095000147819519, 0.7095, 0.7079218129596225, '00:36']
[3, 0.687634289264679, 0.72853684425354, 0.7012500166893005, 0.70125, 0.6779352153668559, '00:36']
[4, 0.6390562057495117, 0.6123353242874146, 0.7703333497047424, 0.7703333333333333, 0.7605668082472785, '00:36']
[5, 0.5595723986625671, 0.5269114375114441, 0.800000011920929, 0.8, 0.7905523202884981, '00:36']
[6, 0.5066463351249695, 0.5092389583587646, 0.812833309173584, 0.8128333333333334, 0.8131479925425411, '00:47']
[7, 0.45926034450531006, 0.4757004380226135, 0.8267499804496765, 0.82675, 0.8247733876265719, '00:45']
[8, 0.446002334356308, 0.44846296310424805, 0.8332499861717224, 0.8332499999999999, 0.8214578244762499, '00:36']
[9, 0.40105488896369934, 0.43059593439102173, 0.8472499847412109, 0.8472499999999998, 0.848036229752403, '00:36']
[10, 0.37226447463035583, 0.4209480285644531, 0.8443333506584167, 0.8443333333333334, 0.8375391881301629, '00:36']
[11, 0.3642718195915222, 0.38931429386138916, 0.859749972820282, 0.8597500000000002, 0.8580420331194605, '00:36']
[12, 0.33780980110168457, 0.3873440623283386, 0.859083354473114, 0.8590833333333332, 0.8599666424434147, '00:36']
[13, 0.33845821022987366, 0.38232043385505676, 0.8584166765213013, 0.8584166666666666, 0.8599328808135743, '00:46']
[14, 0.311674028635025, 0.35987451672554016, 0.8736666440963745, 0.8736666666666666, 0.872224207675919, '00:48']
[15, 0.30014660954475403, 0.3709588646888733, 0.8665833473205566, 0.8665833333333334, 0.8626745608048489, '00:53']
[16, 0.2891709804534912, 0.35305216908454895, 0.8769166469573975, 0.8769166666666667, 0.8766089116006729, '00:46']
[17, 0.27740758657455444, 0.3520317077636719, 0.875249981880188, 0.87525, 0.8737002481700786, '00:36']
[18, 0.2651189863681793, 0.3642606735229492, 0.8664166927337646, 0.8664166666666666, 0.8667087798030607, '00:49']
[19, 0.2633213996887207, 0.33957812190055847, 0.8808333277702332, 0.8808333333333334, 0.881433668950689, '00:36']
[20, 0.23808279633522034, 0.34299519658088684, 0.8807500004768372, 0.8807500000000001, 0.8806644270289212, '00:36']
[21, 0.22526147961616516, 0.34130826592445374, 0.8818333148956299, 0.8818333333333334, 0.8804170570750893, '00:36']
[22, 0.23422175645828247, 0.3407139182090759, 0.8823333382606506, 0.8823333333333334, 0.8817114498937354, '00:36']
[23, 0.22628691792488098, 0.3422372341156006, 0.8825833201408386, 0.8825833333333332, 0.8824237185489565, '00:36']
[24, 0.2160816341638565, 0.33726993203163147, 0.8841666579246521, 0.8841666666666667, 0.8834614069634839, '00:38']
[25, 0.21374447643756866, 0.33661898970603943, 0.8855000138282776, 0.8855000000000001, 0.8852174285797604, '00:36']
[26, 0.20840632915496826, 0.33579200506210327, 0.8860833048820496, 0.8860833333333333, 0.8860460022022905, '00:36']
[27, 0.2051313817501068, 0.33587804436683655, 0.887333333492279, 0.8873333333333335, 0.8869170467818275, '00:36']
[28, 0.20181462168693542, 0.335916131734848, 0.887583315372467, 0.8875833333333333, 0.8871054177266124, '00:36']
[29, 0.1971883922815323, 0.33580324053764343, 0.887499988079071, 0.8875, 0.886970228185945, '00:36']

Tiempo de entrenamiento: 1202.43 segundos
/mnt/homeGPU/haoweihu/TFG/lib/python3.10/site-packages/fastai/learner.py:455: UserWarning: load_learner` uses Python's insecure pickle module, which can execute malicious arbitrary code when loading. Only load files you trust.
If you only need to load model weights and optimizer state, use the safe `Learner.load` instead.
  warn("load_learner` uses Python's insecure pickle module, which can execute malicious arbitrary code when loading. Only load files you trust.\nIf you only need to load model weights and optimizer state, use the safe `Learner.load` instead.")
Loss: 0.3358
Accuracy: 0.8875
Recall: 0.8875
F1-Score: 0.8870
Loss: 2.7148799896240234
Accuracy: 0.6990184187889099
Recall (macro): 0.6991000522201467
F1 Score (macro): 0.6981922153769008
---------------------------------------------------------------------------
Ejecutando: fmnist_40pct_example1
---------------------------------------------------------------------------
Número total de imágenes en entrenamiento: 19200
Número total de imágenes en validación: 12000

Clases: ['Ankle boot', 'Bag', 'Coat', 'Dress', 'Pullover', 'Sandal', 'Shirt', 'Sneaker', 'T-shirt', 'Trouser']
[0, 2.14271879196167, 2.015366315841675, 0.3618333339691162, 0.36183333333333334, 0.2669328951533165, '00:58']
[1, 0.9538353681564331, 0.8755342364311218, 0.6786666512489319, 0.6786666666666666, 0.6544492200143225, '00:42']
[2, 0.7204568982124329, 0.6961787939071655, 0.734333336353302, 0.7343333333333334, 0.7112724418093808, '00:42']
[3, 0.6684960126876831, 0.6393212676048279, 0.7554166913032532, 0.7554166666666667, 0.7491885343576191, '00:43']
[4, 0.6024876236915588, 0.5821921229362488, 0.7778333425521851, 0.7778333333333334, 0.7486602321472804, '00:42']
[5, 0.5264076590538025, 0.521715521812439, 0.8097500205039978, 0.80975, 0.8061005721263962, '00:42']
[6, 0.49467602372169495, 0.46535879373550415, 0.8268333077430725, 0.8268333333333333, 0.8232856343197232, '00:42']
[7, 0.43083617091178894, 0.4409143924713135, 0.8422499895095825, 0.8422499999999999, 0.8391767624383369, '00:42']
[8, 0.4062168002128601, 0.42226406931877136, 0.8402500152587891, 0.8402500000000002, 0.8419355633119106, '00:43']
[9, 0.38965508341789246, 0.37889209389686584, 0.8586666584014893, 0.8586666666666666, 0.8604011279265045, '00:42']
[10, 0.3550695776939392, 0.34758666157722473, 0.8712499737739563, 0.8712500000000001, 0.8693855361553879, '00:43']
[11, 0.33965733647346497, 0.3651881217956543, 0.8621666431427002, 0.8621666666666666, 0.8617201277744039, '00:44']
[12, 0.31624263525009155, 0.32369881868362427, 0.8820833563804626, 0.8820833333333333, 0.8825570657156954, '00:42']
[13, 0.29457542300224304, 0.3250165283679962, 0.8805000185966492, 0.8805, 0.8809335701396315, '00:42']
[14, 0.28387343883514404, 0.31646478176116943, 0.8830833435058594, 0.8830833333333332, 0.882356405904234, '00:48']
[15, 0.28142213821411133, 0.3166581988334656, 0.8826666474342346, 0.8826666666666666, 0.8808361010857177, '00:43']
[16, 0.26689445972442627, 0.3036664128303528, 0.8878333568572998, 0.8878333333333333, 0.8861748012452828, '00:43']
[17, 0.23516038060188293, 0.30599331855773926, 0.8878333568572998, 0.8878333333333334, 0.8884557634513897, '00:43']
[18, 0.2429964542388916, 0.2998342514038086, 0.8914166688919067, 0.8914166666666666, 0.8904331699650729, '00:43']
[19, 0.22618240118026733, 0.29867660999298096, 0.890749990940094, 0.89075, 0.8901008221997728, '00:43']
[20, 0.21805018186569214, 0.30304017663002014, 0.8914166688919067, 0.8914166666666666, 0.8894161028010199, '00:43']
[21, 0.21620118618011475, 0.29534444212913513, 0.8950833082199097, 0.8950833333333333, 0.895014840223818, '00:43']
[22, 0.2088690847158432, 0.29203125834465027, 0.8930833339691162, 0.8930833333333335, 0.8930636343407992, '00:43']
[23, 0.19751253724098206, 0.2926335334777832, 0.8947499990463257, 0.8947499999999999, 0.894471303924876, '00:44']
[24, 0.18440453708171844, 0.2934109568595886, 0.8949999809265137, 0.8949999999999999, 0.8944812932022428, '00:42']
[25, 0.19531401991844177, 0.2953565716743469, 0.8971666693687439, 0.8971666666666668, 0.8970285946923099, '00:42']
[26, 0.17751528322696686, 0.29242074489593506, 0.8986666798591614, 0.8986666666666666, 0.8983475501381826, '00:42']
[27, 0.18549397587776184, 0.2922023832798004, 0.8974999785423279, 0.8975, 0.897418599709221, '00:42']
No improvement since epoch 22: early stopping

Tiempo de entrenamiento: 1227.86 segundos
/mnt/homeGPU/haoweihu/TFG/lib/python3.10/site-packages/fastai/learner.py:455: UserWarning: load_learner` uses Python's insecure pickle module, which can execute malicious arbitrary code when loading. Only load files you trust.
If you only need to load model weights and optimizer state, use the safe `Learner.load` instead.
  warn("load_learner` uses Python's insecure pickle module, which can execute malicious arbitrary code when loading. Only load files you trust.\nIf you only need to load model weights and optimizer state, use the safe `Learner.load` instead.")
Loss: 0.2922
Accuracy: 0.8975
Recall: 0.8975
F1-Score: 0.8974
Loss: 3.2250359058380127
Accuracy: 0.7059294581413269
Recall (macro): 0.7060521969438096
F1 Score (macro): 0.7066016249964436
---------------------------------------------------------------------------
Ejecutando: fmnist_40pct_example2
---------------------------------------------------------------------------
Número total de imágenes en entrenamiento: 19200
Número total de imágenes en validación: 12000

Clases: ['Ankle boot', 'Bag', 'Coat', 'Dress', 'Pullover', 'Sandal', 'Shirt', 'Sneaker', 'T-shirt', 'Trouser']
[0, 2.115682363510132, 1.9552720785140991, 0.3173333406448364, 0.31733333333333336, 0.21943323563753606, '00:58']
[1, 0.925672173500061, 0.8563323020935059, 0.6831666827201843, 0.6831666666666667, 0.6714557799876212, '00:43']
[2, 0.7438517212867737, 0.7602031826972961, 0.7120000123977661, 0.712, 0.6898221100774433, '00:43']
[3, 0.6498447060585022, 0.6425359845161438, 0.7409166693687439, 0.7409166666666667, 0.7229325890203568, '00:43']
[4, 0.5805004835128784, 0.5578199028968811, 0.7804999947547913, 0.7805, 0.7555650823777734, '00:42']
[5, 0.5460503101348877, 0.5254033803939819, 0.7981666922569275, 0.7981666666666667, 0.7960429400960907, '00:43']
[6, 0.4978964328765869, 0.5056459307670593, 0.8036666512489319, 0.8036666666666665, 0.7882941050023812, '00:44']
[7, 0.44387587904930115, 0.44846782088279724, 0.8289166688919067, 0.8289166666666666, 0.8164741267824722, '00:43']
[8, 0.4043051302433014, 0.41316431760787964, 0.8485833406448364, 0.8485833333333332, 0.8438873558901323, '00:43']
[9, 0.3939591944217682, 0.40299561619758606, 0.8519166707992554, 0.8519166666666667, 0.8516363937945541, '00:42']
[10, 0.37489616870880127, 0.3804131746292114, 0.8616666793823242, 0.8616666666666667, 0.8598857583289468, '00:43']
[11, 0.3523474931716919, 0.3657396733760834, 0.8670833110809326, 0.8670833333333334, 0.8674190758293833, '00:43']
[12, 0.3331835865974426, 0.355061799287796, 0.8700000047683716, 0.8699999999999999, 0.8677343995054635, '00:43']
[13, 0.3279964029788971, 0.3493296802043915, 0.8723333477973938, 0.8723333333333333, 0.871835469201455, '00:43']
[14, 0.31017032265663147, 0.34197187423706055, 0.8739166855812073, 0.8739166666666666, 0.8736397289244625, '00:43']
[15, 0.3051733672618866, 0.35674846172332764, 0.8691666722297668, 0.8691666666666666, 0.8653772375689286, '00:43']
[16, 0.2893947660923004, 0.34454163908958435, 0.8742499947547913, 0.87425, 0.8754136176690857, '00:43']
[17, 0.2780308425426483, 0.3340296149253845, 0.8788333535194397, 0.8788333333333334, 0.8791463683513452, '00:43']
[18, 0.25760388374328613, 0.33138519525527954, 0.8817499876022339, 0.8817499999999999, 0.8793298310762683, '00:53']
[19, 0.24608486890792847, 0.331902414560318, 0.8805833458900452, 0.8805833333333334, 0.8809855519398024, '00:43']
[20, 0.24473875761032104, 0.3299697935581207, 0.8834166526794434, 0.8834166666666666, 0.8838379949017847, '00:43']
[21, 0.2320575714111328, 0.3301750421524048, 0.8842499852180481, 0.88425, 0.8831587827560252, '00:43']
[22, 0.22062352299690247, 0.3239704668521881, 0.8850833177566528, 0.8850833333333332, 0.8848225303532372, '00:43']
[23, 0.21864287555217743, 0.32950669527053833, 0.8830000162124634, 0.883, 0.8841495001388082, '00:43']
[24, 0.20999112725257874, 0.32408055663108826, 0.8853333592414856, 0.8853333333333333, 0.8848138226461891, '00:43']
[25, 0.20763248205184937, 0.3231876492500305, 0.887416660785675, 0.8874166666666665, 0.8873345120034847, '00:43']
[26, 0.20196843147277832, 0.32289278507232666, 0.887499988079071, 0.8875, 0.8875498634235257, '00:43']
[27, 0.19680161774158478, 0.32312002778053284, 0.8866666555404663, 0.8866666666666667, 0.8866113834696687, '01:01']
[28, 0.1983456164598465, 0.32319405674934387, 0.8867499828338623, 0.8867499999999999, 0.8867191218077295, '01:09']
[29, 0.20663657784461975, 0.323215126991272, 0.887333333492279, 0.8873333333333333, 0.8873402982074923, '00:44']

Tiempo de entrenamiento: 1368.77 segundos
/mnt/homeGPU/haoweihu/TFG/lib/python3.10/site-packages/fastai/learner.py:455: UserWarning: load_learner` uses Python's insecure pickle module, which can execute malicious arbitrary code when loading. Only load files you trust.
If you only need to load model weights and optimizer state, use the safe `Learner.load` instead.
  warn("load_learner` uses Python's insecure pickle module, which can execute malicious arbitrary code when loading. Only load files you trust.\nIf you only need to load model weights and optimizer state, use the safe `Learner.load` instead.")
Loss: 0.3232
Accuracy: 0.8873
Recall: 0.8873
F1-Score: 0.8873
Loss: 2.9773318767547607
Accuracy: 0.7059294581413269
Recall (macro): 0.7059387697275309
F1 Score (macro): 0.7047606401513041
---------------------------------------------------------------------------
Ejecutando: fmnist_50pct_example1
---------------------------------------------------------------------------
Número total de imágenes en entrenamiento: 24000
Número total de imágenes en validación: 12000

Clases: ['Ankle boot', 'Bag', 'Coat', 'Dress', 'Pullover', 'Sandal', 'Shirt', 'Sneaker', 'T-shirt', 'Trouser']
[0, 2.0055270195007324, 1.8212319612503052, 0.3683333396911621, 0.36833333333333335, 0.26231316434634266, '01:07']
[1, 0.9724715352058411, 0.9210621118545532, 0.6626666784286499, 0.6626666666666667, 0.6524718025746168, '00:48']
[2, 0.7693367004394531, 0.7430086135864258, 0.7132499814033508, 0.71325, 0.7117273341931417, '00:48']
[3, 0.6919749975204468, 0.6691612005233765, 0.7460833191871643, 0.7460833333333333, 0.7214925212557404, '00:48']
[4, 0.5966335535049438, 0.6035959720611572, 0.7710833549499512, 0.7710833333333332, 0.7436144571575206, '00:48']
[5, 0.5411475300788879, 0.5337699055671692, 0.8026666641235352, 0.8026666666666668, 0.7906272071661187, '00:48']
[6, 0.4834052622318268, 0.4853901267051697, 0.8234166502952576, 0.8234166666666667, 0.8179432385844766, '00:48']
[7, 0.4517774283885956, 0.4573156237602234, 0.8360833525657654, 0.8360833333333334, 0.8276670413785159, '00:47']
[8, 0.4302521049976349, 0.4465336203575134, 0.8402500152587891, 0.8402499999999999, 0.8433442306273973, '00:49']
[9, 0.38876089453697205, 0.39759203791618347, 0.8586666584014893, 0.8586666666666666, 0.8537743371291272, '00:47']
[10, 0.38050687313079834, 0.4046129882335663, 0.8558333516120911, 0.8558333333333333, 0.8514168804785103, '00:48']
[11, 0.3515717685222626, 0.39441442489624023, 0.8554999828338623, 0.8554999999999999, 0.8469803219380225, '00:49']
[12, 0.3248807191848755, 0.35546237230300903, 0.8731666803359985, 0.8731666666666668, 0.872718060599602, '00:47']
[13, 0.3153333365917206, 0.3559814989566803, 0.8744999766349792, 0.8744999999999999, 0.8710859773125588, '00:47']
[14, 0.29239583015441895, 0.34706369042396545, 0.8769999742507935, 0.877, 0.8749443655647058, '00:47']
[15, 0.29331061244010925, 0.3320116400718689, 0.8829166889190674, 0.8829166666666666, 0.8824045264725301, '00:47']
[16, 0.27820247411727905, 0.3314066529273987, 0.8822500109672546, 0.88225, 0.8804363691994936, '00:47']
[17, 0.27868443727493286, 0.3440200090408325, 0.878166675567627, 0.8781666666666667, 0.8762355689790603, '00:47']
[18, 0.24950352311134338, 0.3423297107219696, 0.8799999952316284, 0.8800000000000001, 0.8785122966085449, '00:49']
[19, 0.2451285868883133, 0.3314681947231293, 0.8843333125114441, 0.8843333333333334, 0.8830607526841987, '00:47']
[20, 0.2396802306175232, 0.3249399960041046, 0.8880000114440918, 0.8880000000000001, 0.8864866233011085, '00:47']
[21, 0.23706936836242676, 0.3195231556892395, 0.8889166712760925, 0.8889166666666666, 0.8876341910606792, '00:47']
[22, 0.22114107012748718, 0.32234254479408264, 0.8885833621025085, 0.8885833333333334, 0.8882053185182475, '00:47']
[23, 0.2171471118927002, 0.32119888067245483, 0.8878333568572998, 0.8878333333333334, 0.886949748316035, '00:47']
[24, 0.21223558485507965, 0.32148879766464233, 0.89041668176651, 0.8904166666666666, 0.8895740065888308, '00:47']
[25, 0.20843130350112915, 0.32028451561927795, 0.8912500143051147, 0.89125, 0.8911737585502436, '00:47']
[26, 0.21030128002166748, 0.32011035084724426, 0.8922500014305115, 0.89225, 0.8913700476376439, '00:47']
No improvement since epoch 21: early stopping

Tiempo de entrenamiento: 1312.94 segundos
/mnt/homeGPU/haoweihu/TFG/lib/python3.10/site-packages/fastai/learner.py:455: UserWarning: load_learner` uses Python's insecure pickle module, which can execute malicious arbitrary code when loading. Only load files you trust.
If you only need to load model weights and optimizer state, use the safe `Learner.load` instead.
  warn("load_learner` uses Python's insecure pickle module, which can execute malicious arbitrary code when loading. Only load files you trust.\nIf you only need to load model weights and optimizer state, use the safe `Learner.load` instead.")
Loss: 0.3201
Accuracy: 0.8923
Recall: 0.8922
F1-Score: 0.8914
Loss: 3.124394655227661
Accuracy: 0.7000200152397156
Recall (macro): 0.7002857656260054
F1 Score (macro): 0.7011998531680352
---------------------------------------------------------------------------
Ejecutando: fmnist_50pct_example2
---------------------------------------------------------------------------
Número total de imágenes en entrenamiento: 24000
Número total de imágenes en validación: 12000

Clases: ['Ankle boot', 'Bag', 'Coat', 'Dress', 'Pullover', 'Sandal', 'Shirt', 'Sneaker', 'T-shirt', 'Trouser']
[0, 2.105107069015503, 1.9640575647354126, 0.4011666774749756, 0.40116666666666667, 0.28327263568031247, '01:05']
[1, 0.9123086929321289, 0.856290876865387, 0.6856666803359985, 0.6856666666666666, 0.6746446487031004, '00:49']
[2, 0.7364774942398071, 0.7256298661231995, 0.7231666445732117, 0.7231666666666667, 0.7189834160460714, '00:47']
[3, 0.6414850950241089, 0.6028817296028137, 0.7671666741371155, 0.7671666666666667, 0.7631758483697471, '00:47']
[4, 0.5714026093482971, 0.5529539585113525, 0.7894166707992554, 0.7894166666666667, 0.7861138496121656, '00:47']
[5, 0.5029091238975525, 0.49349287152290344, 0.8144999742507935, 0.8145, 0.8068181206948768, '00:48']
[6, 0.45810824632644653, 0.4862610399723053, 0.8195833563804626, 0.8195833333333333, 0.819133464114848, '00:47']
[7, 0.4164983928203583, 0.42139938473701477, 0.8491666913032532, 0.8491666666666667, 0.8477845462860445, '00:47']
[8, 0.3869085907936096, 0.4170641005039215, 0.8554166555404663, 0.8554166666666667, 0.856309699521398, '00:47']
[9, 0.37356820702552795, 0.3818890452384949, 0.8654166460037231, 0.8654166666666667, 0.8632051990332036, '00:47']
[10, 0.349483460187912, 0.3685257136821747, 0.8680833578109741, 0.8680833333333334, 0.8663142533686192, '00:48']
[11, 0.33028215169906616, 0.3894677460193634, 0.8608333468437195, 0.8608333333333335, 0.8583279342040688, '00:50']
[12, 0.29975953698158264, 0.3508811295032501, 0.8733333349227905, 0.8733333333333333, 0.8734798279109123, '00:48']
[13, 0.2897505760192871, 0.3261427879333496, 0.8825833201408386, 0.8825833333333334, 0.8824819191236777, '00:47']
[14, 0.2831735610961914, 0.3435111343860626, 0.8740833401679993, 0.8740833333333333, 0.8744464336656002, '00:47']
[15, 0.28471076488494873, 0.34018319845199585, 0.878166675567627, 0.8781666666666667, 0.8773426010728393, '00:47']
[16, 0.23882514238357544, 0.3166498839855194, 0.8859166502952576, 0.8859166666666667, 0.8858733912250851, '00:47']
[17, 0.24056364595890045, 0.3247862458229065, 0.8820000290870667, 0.882, 0.8825042716203917, '00:47']
[18, 0.23709067702293396, 0.3078705072402954, 0.8885833621025085, 0.8885833333333333, 0.8888008682793058, '00:47']
[19, 0.21773171424865723, 0.3057495057582855, 0.8888333439826965, 0.8888333333333334, 0.8882914178625573, '00:47']
[20, 0.22429651021957397, 0.31145769357681274, 0.8840000033378601, 0.884, 0.8840665466695452, '00:48']
[21, 0.20429128408432007, 0.3037550151348114, 0.8890833258628845, 0.8890833333333333, 0.8892509224545334, '00:53']
[22, 0.1978004276752472, 0.30625057220458984, 0.8924999833106995, 0.8925000000000001, 0.8914597609805561, '01:22']
[23, 0.20114116370677948, 0.30458417534828186, 0.890666663646698, 0.8906666666666668, 0.8909121152393291, '01:03']
[24, 0.1743454933166504, 0.30506977438926697, 0.8900833129882812, 0.8900833333333333, 0.8899337163545809, '00:58']
[25, 0.1856313943862915, 0.3026965856552124, 0.8913333415985107, 0.8913333333333334, 0.8905812606258363, '00:49']
[26, 0.17266908288002014, 0.3040539026260376, 0.8901666402816772, 0.8901666666666668, 0.8901449249088369, '00:47']
[27, 0.17354919016361237, 0.30339720845222473, 0.8920833468437195, 0.8920833333333335, 0.8918081711923289, '00:47']
[28, 0.174552321434021, 0.30303412675857544, 0.8912500143051147, 0.8912500000000001, 0.891064688296359, '00:47']
[29, 0.17189131677150726, 0.3032799959182739, 0.8920000195503235, 0.892, 0.8917606184026907, '00:48']

Tiempo de entrenamiento: 1519.62 segundos
/mnt/homeGPU/haoweihu/TFG/lib/python3.10/site-packages/fastai/learner.py:455: UserWarning: load_learner` uses Python's insecure pickle module, which can execute malicious arbitrary code when loading. Only load files you trust.
If you only need to load model weights and optimizer state, use the safe `Learner.load` instead.
  warn("load_learner` uses Python's insecure pickle module, which can execute malicious arbitrary code when loading. Only load files you trust.\nIf you only need to load model weights and optimizer state, use the safe `Learner.load` instead.")
Loss: 0.3033
Accuracy: 0.8920
Recall: 0.8920
F1-Score: 0.8918
Loss: 3.4592676162719727
Accuracy: 0.7067307829856873
Recall (macro): 0.7066804176146217
F1 Score (macro): 0.706038359735382
---------------------------------------------------------------------------
Ejecutando: fmnist_60pct_example1
---------------------------------------------------------------------------
Número total de imágenes en entrenamiento: 28800
Número total de imágenes en validación: 12000

Clases: ['Ankle boot', 'Bag', 'Coat', 'Dress', 'Pullover', 'Sandal', 'Shirt', 'Sneaker', 'T-shirt', 'Trouser']
[0, 1.8214560747146606, 1.6016223430633545, 0.5645833611488342, 0.5645833333333334, 0.48467610563593855, '01:15']
[1, 0.8374942541122437, 0.8180466890335083, 0.687250018119812, 0.6872499999999999, 0.662451153334694, '00:56']
[2, 0.6703832745552063, 0.6876697540283203, 0.7395833134651184, 0.7395833333333333, 0.716684973070348, '00:52']
[3, 0.5906813740730286, 0.5892921090126038, 0.7707499861717224, 0.7707499999999999, 0.7508992311276321, '00:55']
[4, 0.5261154770851135, 0.5101689696311951, 0.8134999871253967, 0.8135, 0.8127103461092398, '00:53']
[5, 0.4662288427352905, 0.4474368393421173, 0.8393333554267883, 0.8393333333333335, 0.8414002922320194, '00:53']
[6, 0.4287574887275696, 0.41475361585617065, 0.8496666550636292, 0.8496666666666666, 0.8442649558391884, '00:53']
[7, 0.37844955921173096, 0.3762217164039612, 0.8640000224113464, 0.8640000000000001, 0.8644072950917941, '00:53']
[8, 0.3489868938922882, 0.37595927715301514, 0.8640833497047424, 0.8640833333333333, 0.8641444896053743, '00:53']
[9, 0.32974711060523987, 0.3525570034980774, 0.874916672706604, 0.8749166666666666, 0.87563239730629, '00:54']
[10, 0.3267151415348053, 0.34525105357170105, 0.8731666803359985, 0.8731666666666668, 0.8735989801816719, '00:53']
[11, 0.28828445076942444, 0.3411049544811249, 0.8757500052452087, 0.87575, 0.8725696926855573, '00:55']
[12, 0.2785498797893524, 0.31932297348976135, 0.8838333487510681, 0.8838333333333332, 0.8832257603523018, '00:53']
[13, 0.2583770453929901, 0.3063141405582428, 0.8884999752044678, 0.8885, 0.888198507538698, '00:55']
[14, 0.2547217607498169, 0.3144582211971283, 0.8859166502952576, 0.8859166666666667, 0.8862566511438127, '00:53']
[15, 0.2311909794807434, 0.3157694637775421, 0.8890833258628845, 0.8890833333333333, 0.8888732771974841, '00:53']
[16, 0.24159832298755646, 0.3041180968284607, 0.890749990940094, 0.89075, 0.8904614259162498, '00:53']
[17, 0.21510259807109833, 0.30855974555015564, 0.8895833492279053, 0.8895833333333334, 0.8898314904841957, '00:53']
[18, 0.20955915749073029, 0.31253018975257874, 0.890333354473114, 0.8903333333333334, 0.8901041626816166, '00:53']
[19, 0.20136472582817078, 0.3000577688217163, 0.8924166560173035, 0.8924166666666666, 0.892459711189036, '00:53']
[20, 0.19281980395317078, 0.2981962561607361, 0.8939999938011169, 0.8940000000000001, 0.8941201813252626, '00:53']
[21, 0.1817626655101776, 0.3089269697666168, 0.890916645526886, 0.8909166666666668, 0.8917848177694708, '00:55']
[22, 0.17755214869976044, 0.30851107835769653, 0.8928333520889282, 0.8928333333333335, 0.8924008092294384, '00:54']
[23, 0.1771821826696396, 0.3034079670906067, 0.8942499756813049, 0.8942500000000001, 0.8942301422377217, '00:59']
[24, 0.16147921979427338, 0.3023156225681305, 0.8963333368301392, 0.8963333333333333, 0.8958402049800307, '00:56']
[25, 0.17411403357982635, 0.3000352680683136, 0.8955000042915344, 0.8955, 0.8955397924216527, '00:55']
No improvement since epoch 20: early stopping

Tiempo de entrenamiento: 1437.17 segundos
/mnt/homeGPU/haoweihu/TFG/lib/python3.10/site-packages/fastai/learner.py:455: UserWarning: load_learner` uses Python's insecure pickle module, which can execute malicious arbitrary code when loading. Only load files you trust.
If you only need to load model weights and optimizer state, use the safe `Learner.load` instead.
  warn("load_learner` uses Python's insecure pickle module, which can execute malicious arbitrary code when loading. Only load files you trust.\nIf you only need to load model weights and optimizer state, use the safe `Learner.load` instead.")
Loss: 0.3000
Accuracy: 0.8955
Recall: 0.8955
F1-Score: 0.8955
Loss: 3.250962972640991
Accuracy: 0.7102363705635071
Recall (macro): 0.7098862997386891
F1 Score (macro): 0.7096721952392875
---------------------------------------------------------------------------
Ejecutando: fmnist_60pct_example2
---------------------------------------------------------------------------
Número total de imágenes en entrenamiento: 28800
Número total de imágenes en validación: 12000

Clases: ['Ankle boot', 'Bag', 'Coat', 'Dress', 'Pullover', 'Sandal', 'Shirt', 'Sneaker', 'T-shirt', 'Trouser']
[0, 2.01821231842041, 1.8340840339660645, 0.4404999911785126, 0.4405, 0.3758657756284045, '01:14']
[1, 0.8830276131629944, 0.8521447777748108, 0.6762499809265137, 0.67625, 0.6592040598942408, '00:53']
[2, 0.6797414422035217, 0.656040608882904, 0.7523333430290222, 0.7523333333333333, 0.741475820579989, '00:53']
[3, 0.6299821734428406, 0.5917778611183167, 0.7756666541099548, 0.7756666666666666, 0.7709394938564257, '00:55']
[4, 0.5477291345596313, 0.5333702564239502, 0.8010833263397217, 0.8010833333333333, 0.7912595427552345, '00:53']
[5, 0.4985980987548828, 0.4666922092437744, 0.8327500224113464, 0.8327500000000001, 0.8303709968862749, '00:55']
[6, 0.4503873884677887, 0.42229053378105164, 0.8509166836738586, 0.8509166666666665, 0.8481844521347185, '00:53']
[7, 0.40578746795654297, 0.39561644196510315, 0.859083354473114, 0.8590833333333332, 0.8595529734771838, '00:53']
[8, 0.3740442097187042, 0.3655259609222412, 0.8676666617393494, 0.8676666666666666, 0.8684389899099593, '00:53']
[9, 0.3470208942890167, 0.356932669878006, 0.871749997138977, 0.8717499999999999, 0.8717414500291939, '00:53']
[10, 0.3450568914413452, 0.350831001996994, 0.8725000023841858, 0.8724999999999999, 0.8724517037595622, '00:53']
[11, 0.32340624928474426, 0.3462619483470917, 0.8744166493415833, 0.8744166666666666, 0.8740197831622025, '00:53']
[12, 0.2963460683822632, 0.32865849137306213, 0.8814166784286499, 0.8814166666666667, 0.8810240362434529, '00:53']
[13, 0.28642526268959045, 0.3202638328075409, 0.8859999775886536, 0.8860000000000001, 0.8856204697628687, '01:04']
[14, 0.28931131958961487, 0.31936174631118774, 0.8842499852180481, 0.88425, 0.8824383758215333, '00:53']
[15, 0.2624375522136688, 0.31819650530815125, 0.8867499828338623, 0.8867499999999999, 0.885882695304903, '01:02']
[16, 0.2352784276008606, 0.30124250054359436, 0.8955000042915344, 0.8955, 0.8953111813133999, '00:56']
[17, 0.23822514712810516, 0.31132251024246216, 0.89041668176651, 0.8904166666666666, 0.8886207558565881, '00:53']
[18, 0.23202398419380188, 0.313506156206131, 0.8870000243186951, 0.8869999999999999, 0.8865415863599273, '00:53']
[19, 0.21642784774303436, 0.3009578287601471, 0.8929166793823242, 0.8929166666666667, 0.8926414439507472, '00:53']
[20, 0.20048236846923828, 0.3023514747619629, 0.8940833210945129, 0.8940833333333333, 0.8946176029340418, '00:53']
[21, 0.20658379793167114, 0.2978658676147461, 0.8934166431427002, 0.8934166666666666, 0.8932501715611005, '00:53']
[22, 0.192037433385849, 0.29989659786224365, 0.8945833444595337, 0.8945833333333333, 0.8932338028710889, '00:53']
[23, 0.1971346139907837, 0.2998725473880768, 0.8944166898727417, 0.8944166666666667, 0.894275043435756, '01:25']
[24, 0.18268057703971863, 0.2993449568748474, 0.8953333497047424, 0.8953333333333335, 0.8947000536445747, '01:04']
[25, 0.19545766711235046, 0.29450151324272156, 0.8982499837875366, 0.89825, 0.897919982053849, '00:53']
[26, 0.1819889098405838, 0.2961668372154236, 0.8966666460037231, 0.8966666666666667, 0.895932250000152, '00:53']
[27, 0.16527985036373138, 0.29597175121307373, 0.8973333239555359, 0.8973333333333333, 0.8970269949983972, '00:55']
[28, 0.17486390471458435, 0.29555556178092957, 0.8977500200271606, 0.8977499999999999, 0.8974671172483667, '00:53']
[29, 0.1869899034500122, 0.29555514454841614, 0.8978333473205566, 0.8978333333333334, 0.8975290877218274, '00:53']

Tiempo de entrenamiento: 1699.71 segundos
/mnt/homeGPU/haoweihu/TFG/lib/python3.10/site-packages/fastai/learner.py:455: UserWarning: load_learner` uses Python's insecure pickle module, which can execute malicious arbitrary code when loading. Only load files you trust.
If you only need to load model weights and optimizer state, use the safe `Learner.load` instead.
  warn("load_learner` uses Python's insecure pickle module, which can execute malicious arbitrary code when loading. Only load files you trust.\nIf you only need to load model weights and optimizer state, use the safe `Learner.load` instead.")
Loss: 0.2956
Accuracy: 0.8978
Recall: 0.8978
F1-Score: 0.8975
Loss: 3.4082887172698975
Accuracy: 0.7107371687889099
Recall (macro): 0.7104923189216212
F1 Score (macro): 0.7098573641090963
---------------------------------------------------------------------------
Ejecutando: fmnist_70pct_example1
---------------------------------------------------------------------------
Número total de imágenes en entrenamiento: 33600
Número total de imágenes en validación: 12000

Clases: ['Ankle boot', 'Bag', 'Coat', 'Dress', 'Pullover', 'Sandal', 'Shirt', 'Sneaker', 'T-shirt', 'Trouser']
[0, 1.551196575164795, 1.3380310535430908, 0.5569166541099548, 0.5569166666666666, 0.5129822009022159, '01:24']
[1, 0.7807525396347046, 0.7814690470695496, 0.6957499980926514, 0.6957500000000001, 0.6814305931996912, '00:59']
[2, 0.7052469253540039, 0.6676911115646362, 0.7422500252723694, 0.7422499999999999, 0.735146422355602, '01:01']
[3, 0.6162963509559631, 0.6610560417175293, 0.7200000286102295, 0.7200000000000001, 0.708791401900368, '00:59']
[4, 0.5281174778938293, 0.5168879628181458, 0.8109166622161865, 0.8109166666666667, 0.8082443982491215, '00:59']
[5, 0.4559910297393799, 0.5195545554161072, 0.8069999814033508, 0.807, 0.8047142624322307, '01:02']
[6, 0.4341711699962616, 0.43474283814430237, 0.8385833501815796, 0.8385833333333335, 0.8280198273202639, '01:04']
[7, 0.39764711260795593, 0.4210466742515564, 0.8455833196640015, 0.8455833333333335, 0.8379581917074255, '01:04']
[8, 0.3707897663116455, 0.37629759311676025, 0.862666666507721, 0.8626666666666667, 0.8614318849408168, '01:03']
[9, 0.3451027572154999, 0.37166810035705566, 0.8637499809265137, 0.8637499999999999, 0.8625375848248418, '01:03']
[10, 0.31848767399787903, 0.3467836081981659, 0.871916651725769, 0.8719166666666667, 0.8704810240141269, '01:04']
[11, 0.3024946451187134, 0.39178285002708435, 0.8552500009536743, 0.8552500000000001, 0.852837430677182, '01:04']
[12, 0.2900007665157318, 0.3276393413543701, 0.8773333430290222, 0.8773333333333333, 0.877940314204032, '01:03']
[13, 0.2821729779243469, 0.3249327838420868, 0.8776666522026062, 0.8776666666666667, 0.8784029392754864, '01:04']
[14, 0.2781388461589813, 0.3231976330280304, 0.8805833458900452, 0.8805833333333334, 0.8812844328107158, '01:04']
[15, 0.2522835433483124, 0.3163192868232727, 0.8839166760444641, 0.8839166666666667, 0.8812026372446933, '01:03']
[16, 0.237775057554245, 0.3201931416988373, 0.8840000033378601, 0.884, 0.8834526272413108, '01:04']
[17, 0.22898145020008087, 0.3169361352920532, 0.8847500085830688, 0.88475, 0.8846691622885489, '01:04']
[18, 0.21809794008731842, 0.31238487362861633, 0.8871666789054871, 0.8871666666666667, 0.886600760271194, '01:05']
[19, 0.2097802460193634, 0.3093407452106476, 0.8880833387374878, 0.8880833333333333, 0.8891840305033766, '01:03']
[20, 0.20006515085697174, 0.3100429177284241, 0.8913333415985107, 0.8913333333333334, 0.8911389743168752, '01:04']
[21, 0.18903005123138428, 0.3030858039855957, 0.8926666378974915, 0.8926666666666667, 0.8921469490634107, '01:06']
[22, 0.17888909578323364, 0.29846352338790894, 0.8921666741371155, 0.8921666666666667, 0.8923606571492151, '01:04']
[23, 0.18385985493659973, 0.2991870641708374, 0.8961666822433472, 0.8961666666666666, 0.8956932644425921, '01:04']
[24, 0.17499803006649017, 0.3012385368347168, 0.8955000042915344, 0.8955, 0.8951390306897681, '01:03']
[25, 0.16419152915477753, 0.3011903762817383, 0.8948333263397217, 0.8948333333333334, 0.8949944316077645, '01:03']
[26, 0.16052831709384918, 0.3023020923137665, 0.8949166536331177, 0.8949166666666667, 0.8944312933324727, '01:05']
[27, 0.15631115436553955, 0.30099716782569885, 0.8968333601951599, 0.8968333333333334, 0.8965354794718344, '01:03']
No improvement since epoch 22: early stopping

Tiempo de entrenamiento: 1803.18 segundos
/mnt/homeGPU/haoweihu/TFG/lib/python3.10/site-packages/fastai/learner.py:455: UserWarning: load_learner` uses Python's insecure pickle module, which can execute malicious arbitrary code when loading. Only load files you trust.
If you only need to load model weights and optimizer state, use the safe `Learner.load` instead.
  warn("load_learner` uses Python's insecure pickle module, which can execute malicious arbitrary code when loading. Only load files you trust.\nIf you only need to load model weights and optimizer state, use the safe `Learner.load` instead.")
Loss: 0.3010
Accuracy: 0.8968
Recall: 0.8968
F1-Score: 0.8965
Loss: 3.696335554122925
Accuracy: 0.7098357081413269
Recall (macro): 0.709858468098872
F1 Score (macro): 0.7091993899799958
---------------------------------------------------------------------------
Ejecutando: fmnist_70pct_example2
---------------------------------------------------------------------------
Número total de imágenes en entrenamiento: 33600
Número total de imágenes en validación: 12000

Clases: ['Ankle boot', 'Bag', 'Coat', 'Dress', 'Pullover', 'Sandal', 'Shirt', 'Sneaker', 'T-shirt', 'Trouser']
[0, 1.607472538948059, 1.4282504320144653, 0.565500020980835, 0.5654999999999999, 0.5010608041690414, '01:26']
[1, 0.8328260183334351, 0.820769190788269, 0.6865833401679993, 0.6865833333333333, 0.6741428935537116, '01:04']
[2, 0.6962921023368835, 0.6777949333190918, 0.7283333539962769, 0.7283333333333333, 0.723128732239519, '01:04']
[3, 0.6047836542129517, 0.5853326320648193, 0.7793333530426025, 0.7793333333333334, 0.7607190411015013, '01:06']
[4, 0.5301992297172546, 0.5065430402755737, 0.8186666369438171, 0.8186666666666665, 0.8192547692923204, '01:05']
[5, 0.4687059819698334, 0.44234195351600647, 0.8410000205039978, 0.841, 0.8382983089026282, '01:14']
[6, 0.4262429475784302, 0.4197792112827301, 0.8502500057220459, 0.85025, 0.8483087798983281, '01:03']
[7, 0.3719841241836548, 0.37496915459632874, 0.862500011920929, 0.8625, 0.8592355354409337, '01:03']
[8, 0.3601841926574707, 0.3804042637348175, 0.8647500276565552, 0.8647500000000001, 0.8640860449720575, '01:03']
[9, 0.3317108750343323, 0.3534172773361206, 0.872083306312561, 0.8720833333333333, 0.8715311946534967, '01:10']
[10, 0.3024601340293884, 0.33334386348724365, 0.8790833353996277, 0.8790833333333333, 0.8779913734970565, '01:23']
[11, 0.2988707423210144, 0.3205834627151489, 0.8836666941642761, 0.8836666666666668, 0.8833076797794218, '01:03']
[12, 0.27222418785095215, 0.31414204835891724, 0.8866666555404663, 0.8866666666666667, 0.884781080778947, '01:04']
[13, 0.25839847326278687, 0.31262657046318054, 0.8877500295639038, 0.8877500000000002, 0.8875747698437684, '01:03']
[14, 0.25419744849205017, 0.31096696853637695, 0.8892499804496765, 0.88925, 0.8883871775515407, '01:04']
[15, 0.24113303422927856, 0.3124975562095642, 0.8872500061988831, 0.8872500000000001, 0.8879756308333164, '01:03']
[16, 0.23814593255519867, 0.3270567059516907, 0.8880833387374878, 0.8880833333333333, 0.887371349482248, '01:06']
[17, 0.2261381447315216, 0.3026714622974396, 0.8924999833106995, 0.8924999999999998, 0.8921114257410594, '01:04']
[18, 0.22231872379779816, 0.30368489027023315, 0.8934999704360962, 0.8935000000000001, 0.8927938978446566, '01:05']
[19, 0.1933939903974533, 0.31552761793136597, 0.8894166946411133, 0.8894166666666667, 0.8903886415295371, '01:04']
[20, 0.19664816558361053, 0.298858642578125, 0.8958333134651184, 0.8958333333333333, 0.8957361741623557, '01:03']
[21, 0.18042908608913422, 0.3000360429286957, 0.8978333473205566, 0.8978333333333334, 0.8970954055359026, '01:04']
[22, 0.17801687121391296, 0.30152657628059387, 0.8984166383743286, 0.8984166666666666, 0.8978834821057369, '01:04']
[23, 0.17118151485919952, 0.3011416494846344, 0.8990833163261414, 0.8990833333333332, 0.8989855518179096, '01:04']
[24, 0.16611884534358978, 0.3069632053375244, 0.8953333497047424, 0.8953333333333333, 0.895994186529383, '01:04']
[25, 0.15447357296943665, 0.30412963032722473, 0.8950833082199097, 0.8950833333333333, 0.8953376084916778, '01:04']
No improvement since epoch 20: early stopping

Tiempo de entrenamiento: 1731.13 segundos
/mnt/homeGPU/haoweihu/TFG/lib/python3.10/site-packages/fastai/learner.py:455: UserWarning: load_learner` uses Python's insecure pickle module, which can execute malicious arbitrary code when loading. Only load files you trust.
If you only need to load model weights and optimizer state, use the safe `Learner.load` instead.
  warn("load_learner` uses Python's insecure pickle module, which can execute malicious arbitrary code when loading. Only load files you trust.\nIf you only need to load model weights and optimizer state, use the safe `Learner.load` instead.")
Loss: 0.3041
Accuracy: 0.8951
Recall: 0.8951
F1-Score: 0.8953
Loss: 3.506915330886841
Accuracy: 0.7171474099159241
Recall (macro): 0.7170886111949784
F1 Score (macro): 0.7146103587290942
---------------------------------------------------------------------------
Ejecutando: fmnist_80pct_example1
---------------------------------------------------------------------------
Número total de imágenes en entrenamiento: 38400
Número total de imágenes en validación: 12000

Clases: ['Ankle boot', 'Bag', 'Coat', 'Dress', 'Pullover', 'Sandal', 'Shirt', 'Sneaker', 'T-shirt', 'Trouser']
[0, 1.3393594026565552, 1.1935174465179443, 0.6317499876022339, 0.6317499999999999, 0.5958749938692917, '01:41']
[1, 0.7920942902565002, 0.7765707969665527, 0.6953333616256714, 0.6953333333333334, 0.6909102263887152, '01:10']
[2, 0.6884017586708069, 0.6621692776679993, 0.7456666827201843, 0.7456666666666667, 0.7302413940159619, '01:13']
[3, 0.6111479997634888, 0.5845803022384644, 0.7820000052452087, 0.782, 0.7670582245946156, '01:10']
[4, 0.5052882432937622, 0.5130279064178467, 0.8027499914169312, 0.80275, 0.7931089319736204, '01:11']
[5, 0.4802347421646118, 0.47481533885002136, 0.8244166374206543, 0.8244166666666667, 0.8196849074206378, '01:11']
[6, 0.41997620463371277, 0.4391483962535858, 0.8393333554267883, 0.8393333333333335, 0.8371833747135693, '01:10']
[7, 0.39450377225875854, 0.42080768942832947, 0.8454999923706055, 0.8455, 0.835587307376645, '01:12']
[8, 0.3698558211326599, 0.3640320599079132, 0.8655833601951599, 0.8655833333333334, 0.8663649042309249, '01:11']
[9, 0.3412874937057495, 0.350230872631073, 0.8737499713897705, 0.87375, 0.873359739808054, '01:10']
[10, 0.3136623501777649, 0.35452574491500854, 0.871916651725769, 0.8719166666666667, 0.8723201155691473, '01:10']
[11, 0.3336256444454193, 0.32194632291793823, 0.8837500214576721, 0.88375, 0.8836714777516678, '01:10']
[12, 0.2959737181663513, 0.3139019012451172, 0.8855833411216736, 0.8855833333333333, 0.8836391753102658, '01:11']
[13, 0.2979949116706848, 0.31015104055404663, 0.8861666917800903, 0.8861666666666667, 0.8869578543268283, '01:11']
[14, 0.2697089612483978, 0.3181443214416504, 0.8851666450500488, 0.8851666666666667, 0.8862816331376534, '01:12']
[15, 0.26002228260040283, 0.30487027764320374, 0.8910833597183228, 0.8910833333333334, 0.8899034673639763, '01:10']
[16, 0.24915122985839844, 0.30253738164901733, 0.8893333077430725, 0.8893333333333333, 0.8890546232892662, '01:13']
[17, 0.2382182478904724, 0.2897072732448578, 0.8965833187103271, 0.8965833333333333, 0.8964067011820285, '01:10']
[18, 0.2351531833410263, 0.29418331384658813, 0.8981666564941406, 0.8981666666666666, 0.8972698208157859, '01:10']
[19, 0.21702834963798523, 0.2904522120952606, 0.8978333473205566, 0.8978333333333334, 0.8975387173981331, '01:10']
[20, 0.20645028352737427, 0.299858421087265, 0.8931666612625122, 0.8931666666666667, 0.893633092026646, '01:10']
[21, 0.19574956595897675, 0.28970596194267273, 0.8970000147819519, 0.8969999999999999, 0.8964338646663462, '01:12']
[22, 0.19319035112857819, 0.29012757539749146, 0.8991666436195374, 0.8991666666666666, 0.8992136937923139, '01:31']
[23, 0.19225548207759857, 0.28997913002967834, 0.8985000252723694, 0.8985, 0.8977905959765188, '02:01']
[24, 0.17996305227279663, 0.29001477360725403, 0.9014999866485596, 0.9015000000000001, 0.9010970261842044, '01:23']
[25, 0.17136627435684204, 0.2904910147190094, 0.9019166827201843, 0.9019166666666667, 0.9014887061377532, '01:10']
[26, 0.1754126101732254, 0.2893054485321045, 0.9013333320617676, 0.9013333333333333, 0.9012106525488399, '01:10']
[27, 0.17484822869300842, 0.2891974151134491, 0.9020000100135803, 0.9019999999999999, 0.9017348657260493, '01:10']
[28, 0.15838931500911713, 0.2894118130207062, 0.9020000100135803, 0.9019999999999999, 0.901890164607868, '01:10']
[29, 0.15861596167087555, 0.28954195976257324, 0.9015833139419556, 0.9015833333333333, 0.9015340969153858, '01:11']

Tiempo de entrenamiento: 2251.36 segundos
/mnt/homeGPU/haoweihu/TFG/lib/python3.10/site-packages/fastai/learner.py:455: UserWarning: load_learner` uses Python's insecure pickle module, which can execute malicious arbitrary code when loading. Only load files you trust.
If you only need to load model weights and optimizer state, use the safe `Learner.load` instead.
  warn("load_learner` uses Python's insecure pickle module, which can execute malicious arbitrary code when loading. Only load files you trust.\nIf you only need to load model weights and optimizer state, use the safe `Learner.load` instead.")
Loss: 0.2895
Accuracy: 0.9016
Recall: 0.9016
F1-Score: 0.9015
Loss: 4.258441925048828
Accuracy: 0.711838960647583
Recall (macro): 0.7118839195523192
F1 Score (macro): 0.7113173822607627
---------------------------------------------------------------------------
Ejecutando: fmnist_80pct_example2
---------------------------------------------------------------------------
Número total de imágenes en entrenamiento: 38400
Número total de imágenes en validación: 12000

Clases: ['Ankle boot', 'Bag', 'Coat', 'Dress', 'Pullover', 'Sandal', 'Shirt', 'Sneaker', 'T-shirt', 'Trouser']
[0, 1.3984030485153198, 1.2424194812774658, 0.5567499995231628, 0.55675, 0.4964047176212153, '01:48']
[1, 0.8373043537139893, 0.8201430439949036, 0.6988333463668823, 0.6988333333333334, 0.6748116502945567, '01:10']
[2, 0.6789227724075317, 0.6490668654441833, 0.7524999976158142, 0.7525000000000001, 0.7492766968102187, '01:10']
[3, 0.5943105816841125, 0.5963966250419617, 0.781000018119812, 0.781, 0.7585300990342312, '01:10']
[4, 0.5096160173416138, 0.5214048624038696, 0.8139166831970215, 0.8139166666666668, 0.8148042803354378, '01:10']
[5, 0.46353569626808167, 0.44231513142585754, 0.8489999771118164, 0.849, 0.8471749308646951, '01:10']
[6, 0.4141835570335388, 0.3987145721912384, 0.8603333234786987, 0.8603333333333334, 0.8585065922392591, '01:12']
[7, 0.3677412271499634, 0.3931984603404999, 0.8647500276565552, 0.8647499999999999, 0.8592645336627189, '01:10']
[8, 0.33529210090637207, 0.37799304723739624, 0.8621666431427002, 0.8621666666666666, 0.8621914709806306, '01:12']
[9, 0.3175815939903259, 0.35340189933776855, 0.8711666464805603, 0.8711666666666666, 0.8707438483691499, '01:10']
[10, 0.3219093382358551, 0.34698939323425293, 0.8728333115577698, 0.8728333333333333, 0.8736885983066109, '01:11']
[11, 0.2846839129924774, 0.35269567370414734, 0.8709999918937683, 0.8709999999999999, 0.8697522195006364, '01:11']
[12, 0.2870989739894867, 0.31592556834220886, 0.8860833048820496, 0.8860833333333333, 0.8865115974109754, '01:10']
[13, 0.2681714594364166, 0.3187141716480255, 0.887499988079071, 0.8875, 0.8877234172475801, '01:10']
[14, 0.24505183100700378, 0.30999308824539185, 0.8911666870117188, 0.8911666666666667, 0.889454652556432, '01:12']
[15, 0.24632978439331055, 0.3155483305454254, 0.8893333077430725, 0.8893333333333333, 0.8885111751122317, '01:12']
[16, 0.2254399061203003, 0.3063863217830658, 0.893750011920929, 0.89375, 0.8933434342206512, '01:12']
[17, 0.22582349181175232, 0.2992352843284607, 0.8956666588783264, 0.8956666666666667, 0.895155509516526, '01:12']
[18, 0.2093617022037506, 0.30933356285095215, 0.8916666507720947, 0.8916666666666666, 0.8913869081807739, '01:10']
[19, 0.20604783296585083, 0.3004017770290375, 0.8968333601951599, 0.8968333333333334, 0.8965339476189598, '01:10']
[20, 0.18612298369407654, 0.29346024990081787, 0.8994166851043701, 0.8994166666666666, 0.898738808109292, '01:10']
[21, 0.17482921481132507, 0.2996329665184021, 0.8993333578109741, 0.8993333333333334, 0.8988663650219593, '01:12']
[22, 0.16769170761108398, 0.2977328896522522, 0.8991666436195374, 0.8991666666666666, 0.8991495120891628, '01:11']
[23, 0.15985064208507538, 0.2983982264995575, 0.8989166617393494, 0.8989166666666666, 0.8990493183062125, '01:11']
[24, 0.15464290976524353, 0.2991921603679657, 0.9022499918937683, 0.9022499999999999, 0.9020168102050864, '01:10']
[25, 0.14692695438861847, 0.29918134212493896, 0.9024166464805603, 0.9024166666666668, 0.9019138268348479, '01:10']
No improvement since epoch 20: early stopping

Tiempo de entrenamiento: 1888.49 segundos
/mnt/homeGPU/haoweihu/TFG/lib/python3.10/site-packages/fastai/learner.py:455: UserWarning: load_learner` uses Python's insecure pickle module, which can execute malicious arbitrary code when loading. Only load files you trust.
If you only need to load model weights and optimizer state, use the safe `Learner.load` instead.
  warn("load_learner` uses Python's insecure pickle module, which can execute malicious arbitrary code when loading. Only load files you trust.\nIf you only need to load model weights and optimizer state, use the safe `Learner.load` instead.")
Loss: 0.2992
Accuracy: 0.9024
Recall: 0.9024
F1-Score: 0.9019
Loss: 4.376827239990234
Accuracy: 0.71484375
Recall (macro): 0.7146482217670764
F1 Score (macro): 0.7142285269637111
---------------------------------------------------------------------------
Ejecutando: fmnist_90pct_example1
---------------------------------------------------------------------------
Número total de imágenes en entrenamiento: 43200
Número total de imágenes en validación: 12000

Clases: ['Ankle boot', 'Bag', 'Coat', 'Dress', 'Pullover', 'Sandal', 'Shirt', 'Sneaker', 'T-shirt', 'Trouser']
[0, 1.3080655336380005, 1.1766985654830933, 0.6034166812896729, 0.6034166666666667, 0.57125757216368, '01:45']
[1, 0.8217109441757202, 0.793272078037262, 0.7012500166893005, 0.7012500000000002, 0.6949067258535792, '01:39']
[2, 0.6782591938972473, 0.664406955242157, 0.7480833530426025, 0.7480833333333334, 0.729675140055679, '01:22']
[3, 0.5624444484710693, 0.5529292225837708, 0.7922499775886536, 0.79225, 0.7843043244073886, '01:25']
[4, 0.502065122127533, 0.4742102324962616, 0.8247500061988831, 0.8247500000000001, 0.8177971059342196, '01:17']
[5, 0.4375004470348358, 0.4423541724681854, 0.831333339214325, 0.8313333333333333, 0.8323412139651744, '01:17']
[6, 0.3923972249031067, 0.3838690519332886, 0.85916668176651, 0.8591666666666666, 0.8578121247469399, '01:20']
[7, 0.3431069254875183, 0.38558506965637207, 0.8550833463668823, 0.8550833333333333, 0.8486775899075809, '01:18']
[8, 0.33229267597198486, 0.35023725032806396, 0.8710833191871643, 0.8710833333333333, 0.8696621752986878, '01:19']
[9, 0.30434492230415344, 0.33013150095939636, 0.8774166703224182, 0.8774166666666666, 0.8796022072766719, '01:19']
[10, 0.2865149676799774, 0.31964626908302307, 0.8797500133514404, 0.8797499999999999, 0.880144007781231, '01:33']
[11, 0.27541014552116394, 0.2976692318916321, 0.8884999752044678, 0.8885, 0.8886047928313696, '01:28']
[12, 0.27188539505004883, 0.29463884234428406, 0.8915833234786987, 0.8915833333333334, 0.8898406518318616, '01:18']
[13, 0.2524702250957489, 0.3054369390010834, 0.8834166526794434, 0.8834166666666666, 0.8836343047989071, '01:18']
[14, 0.24055154621601105, 0.2881099581718445, 0.8947499990463257, 0.8947499999999999, 0.8940304285895623, '01:18']
[15, 0.22494728863239288, 0.2950359582901001, 0.8929166793823242, 0.8929166666666667, 0.8935540776814449, '01:18']
[16, 0.2303272932767868, 0.28909167647361755, 0.8943333625793457, 0.8943333333333333, 0.8925500619969201, '01:18']
[17, 0.21202464401721954, 0.27837786078453064, 0.8989999890327454, 0.899, 0.8982335152983474, '01:20']
[18, 0.21134036779403687, 0.29961588978767395, 0.8880000114440918, 0.8880000000000001, 0.8893346105917281, '01:18']
[19, 0.18035751581192017, 0.27994000911712646, 0.8997499942779541, 0.8997499999999998, 0.8993771086975701, '01:18']
[20, 0.17657360434532166, 0.2793632447719574, 0.9011666774749756, 0.9011666666666667, 0.9005871989029371, '01:18']
[21, 0.1815710812807083, 0.28146031498908997, 0.9016666412353516, 0.9016666666666666, 0.9013344499880761, '01:21']
[22, 0.16846682131290436, 0.2810629606246948, 0.9018333554267883, 0.9018333333333333, 0.901140550152145, '01:18']
No improvement since epoch 17: early stopping

Tiempo de entrenamiento: 1894.71 segundos
/mnt/homeGPU/haoweihu/TFG/lib/python3.10/site-packages/fastai/learner.py:455: UserWarning: load_learner` uses Python's insecure pickle module, which can execute malicious arbitrary code when loading. Only load files you trust.
If you only need to load model weights and optimizer state, use the safe `Learner.load` instead.
  warn("load_learner` uses Python's insecure pickle module, which can execute malicious arbitrary code when loading. Only load files you trust.\nIf you only need to load model weights and optimizer state, use the safe `Learner.load` instead.")
Loss: 0.2811
Accuracy: 0.9018
Recall: 0.9018
F1-Score: 0.9011
Loss: 3.8987109661102295
Accuracy: 0.7133413553237915
Recall (macro): 0.7132343989143041
F1 Score (macro): 0.7120643431775953
---------------------------------------------------------------------------
Ejecutando: fmnist_90pct_example2
---------------------------------------------------------------------------
Número total de imágenes en entrenamiento: 43200
Número total de imágenes en validación: 12000

Clases: ['Ankle boot', 'Bag', 'Coat', 'Dress', 'Pullover', 'Sandal', 'Shirt', 'Sneaker', 'T-shirt', 'Trouser']
[0, 1.0588065385818481, 1.0011703968048096, 0.6426666378974915, 0.6426666666666667, 0.6302236391388188, '01:52']
[1, 0.7604485750198364, 0.7408122420310974, 0.7225833535194397, 0.7225833333333334, 0.7047846243433176, '01:18']
[2, 0.6194046139717102, 0.6565079689025879, 0.7565833330154419, 0.7565833333333334, 0.7522261337975271, '01:17']
[3, 0.5607832670211792, 0.5417636632919312, 0.8007500171661377, 0.8007500000000001, 0.7926354928852934, '01:18']
[4, 0.49566563963890076, 0.4960160255432129, 0.8168333172798157, 0.8168333333333333, 0.8082829548293031, '01:18']
[5, 0.4212855398654938, 0.47176021337509155, 0.8259166479110718, 0.8259166666666665, 0.8088813230245286, '01:18']
[6, 0.3723500669002533, 0.40118905901908875, 0.8540833592414856, 0.8540833333333333, 0.8567340986973182, '01:18']
[7, 0.34503814578056335, 0.35961201786994934, 0.8715833425521851, 0.8715833333333334, 0.8694715555688204, '01:19']
[8, 0.32698556780815125, 0.3535026013851166, 0.8741666674613953, 0.8741666666666665, 0.8726411157254945, '01:18']
[9, 0.316200852394104, 0.3419681489467621, 0.8758333325386047, 0.8758333333333332, 0.8757372379078877, '01:17']
[10, 0.30137449502944946, 0.32708558440208435, 0.8813333511352539, 0.8813333333333333, 0.8805731436766082, '01:18']
[11, 0.2760792374610901, 0.326979398727417, 0.8831666707992554, 0.8831666666666667, 0.8832959541476967, '01:18']
[12, 0.27670392394065857, 0.33201104402542114, 0.8802499771118164, 0.88025, 0.8814786578505374, '01:18']
[13, 0.25351083278656006, 0.3218468725681305, 0.8870833516120911, 0.8870833333333333, 0.8866084616376904, '01:19']
[14, 0.23739954829216003, 0.31574130058288574, 0.8880833387374878, 0.8880833333333333, 0.8880031768859198, '01:40']
[15, 0.2390669584274292, 0.3112160563468933, 0.89041668176651, 0.8904166666666666, 0.8913705832811454, '01:36']
[16, 0.2123168706893921, 0.3114834725856781, 0.8925833106040955, 0.8925833333333333, 0.8920751467352787, '02:05']
[17, 0.20557591319084167, 0.31602942943573, 0.893833339214325, 0.8938333333333333, 0.8944334966206636, '01:18']
[18, 0.20274481177330017, 0.3053358495235443, 0.8959166407585144, 0.8959166666666668, 0.8966377464507571, '01:27']
[19, 0.18347974121570587, 0.31044405698776245, 0.8954166769981384, 0.8954166666666665, 0.895052683484874, '01:38']
[20, 0.17789725959300995, 0.2999154031276703, 0.8993333578109741, 0.8993333333333332, 0.8987730637813393, '01:18']
[21, 0.1726565957069397, 0.31184622645378113, 0.8951666951179504, 0.8951666666666667, 0.8946647818436597, '01:18']
[22, 0.1533246487379074, 0.3145506680011749, 0.8984166383743286, 0.8984166666666666, 0.8978960737710432, '01:20']
[23, 0.1645209938287735, 0.3098562955856323, 0.8989999890327454, 0.899, 0.8991595029304407, '01:18']
[24, 0.15405729413032532, 0.3135972321033478, 0.8985833525657654, 0.8985833333333332, 0.8983583255800307, '01:18']
[25, 0.1411474347114563, 0.31331944465637207, 0.9010000228881836, 0.901, 0.9011525676793003, '01:18']
No improvement since epoch 20: early stopping

Tiempo de entrenamiento: 2191.97 segundos
/mnt/homeGPU/haoweihu/TFG/lib/python3.10/site-packages/fastai/learner.py:455: UserWarning: load_learner` uses Python's insecure pickle module, which can execute malicious arbitrary code when loading. Only load files you trust.
If you only need to load model weights and optimizer state, use the safe `Learner.load` instead.
  warn("load_learner` uses Python's insecure pickle module, which can execute malicious arbitrary code when loading. Only load files you trust.\nIf you only need to load model weights and optimizer state, use the safe `Learner.load` instead.")
Loss: 0.3133
Accuracy: 0.9010
Recall: 0.9010
F1-Score: 0.9012
Loss: 4.14442777633667
Accuracy: 0.7165464758872986
Recall (macro): 0.7167061962607584
F1 Score (macro): 0.7158639057881652
mail: cannot send message: Process exited with a non-zero status
