---------------------------------------------------------------------------
--------------------------distilld 99 MNIST---------------------------------------
---------------------------------------------------------------------------
---------------------------------------------------------------------------
Ejecutando: mnist_dist99_ex1
---------------------------------------------------------------------------
Número total de imágenes en entrenamiento: 12101
Número total de imágenes en validación: 11996

Clases: ['0', '1', '2', '3', '4', '5', '6', '7', '8', '9']
[0, 2.266331911087036, 2.229097843170166, 0.36820605397224426, 0.3573645969377885, 0.28597942589704173, '03:58']
[1, 1.0762889385223389, 0.86906498670578, 0.72024005651474, 0.7148862847236327, 0.7114863043334092, '01:08']
[2, 0.16055132448673248, 0.8113580346107483, 0.7938479781150818, 0.7916328532700898, 0.7925196112448257, '01:11']
[3, 0.0907207801938057, 0.6850719451904297, 0.8355284929275513, 0.833530999948425, 0.8338908959886229, '01:09']
[4, 0.07308048009872437, 0.6346958875656128, 0.8459486365318298, 0.8437257744549745, 0.8443310262259558, '01:08']
[5, 0.05402461066842079, 0.5713013410568237, 0.8579526543617249, 0.8559383916995303, 0.8566148955646842, '01:09']
[6, 0.04414210096001625, 0.4960114359855652, 0.882627546787262, 0.8808041016023077, 0.8820670174191573, '01:13']
[7, 0.03176632896065712, 0.4658338129520416, 0.899133026599884, 0.8980816180493478, 0.8979098750515326, '01:11']
[8, 0.029654154554009438, 0.47234445810317993, 0.8964654803276062, 0.8972111119458159, 0.8959723482579433, '01:23']
[9, 0.020369576290249825, 0.43770450353622437, 0.9071357250213623, 0.9057921214417866, 0.9065452952394188, '01:20']
[10, 0.017833499237895012, 0.3840993344783783, 0.9158052802085876, 0.9151611258893041, 0.9154230567150583, '01:31']
[11, 0.012455806136131287, 0.4266221523284912, 0.9164721369743347, 0.9160502400121647, 0.9158236834618574, '01:44']
[12, 0.013860135339200497, 0.47574999928474426, 0.9120540022850037, 0.912229408028338, 0.9126624610001406, '01:16']
[13, 0.010671806521713734, 0.4776625633239746, 0.912971019744873, 0.9126663139215013, 0.91269944978492, '01:09']
[14, 0.007100159302353859, 0.40852993726730347, 0.9223074316978455, 0.9226377277903713, 0.9224663347553059, '01:09']
[15, 0.007635567337274551, 0.4194208085536957, 0.9213904738426208, 0.9210797860014786, 0.9209661799630803, '01:10']
No improvement since epoch 10: early stopping

Tiempo de entrenamiento: 1377.30 segundos
/mnt/homeGPU/haoweihu/TFG/lib/python3.10/site-packages/fastai/learner.py:455: UserWarning: load_learner` uses Python's insecure pickle module, which can execute malicious arbitrary code when loading. Only load files you trust.
If you only need to load model weights and optimizer state, use the safe `Learner.load` instead.
  warn("load_learner` uses Python's insecure pickle module, which can execute malicious arbitrary code when loading. Only load files you trust.\nIf you only need to load model weights and optimizer state, use the safe `Learner.load` instead.")
Loss: 0.4194
Accuracy: 0.9214
Recall: 0.9211
F1-Score: 0.9210
Loss: 0.3965630829334259
Accuracy: 0.9258813858032227
Recall (macro): 0.9253295163038959
F1 Score (macro): 0.9251852513827105
---------------------------------------------------------------------------
Ejecutando: mnist_dist99_ex2
---------------------------------------------------------------------------
Número total de imágenes en entrenamiento: 12101
Número total de imágenes en validación: 11996

Clases: ['0', '1', '2', '3', '4', '5', '6', '7', '8', '9']
[0, 2.2618870735168457, 2.227064847946167, 0.3376125395298004, 0.33741636038785516, 0.2842069158381008, '02:57']
[1, 1.181330919265747, 0.9135602116584778, 0.7114037871360779, 0.7062141614215787, 0.7031990191391395, '01:20']
[2, 0.1863124817609787, 0.7986602783203125, 0.7835111618041992, 0.7812999676541258, 0.7807456590597932, '01:25']
[3, 0.09732042253017426, 0.7449193596839905, 0.8245248198509216, 0.8228991572048274, 0.8206240086221033, '01:28']
[4, 0.07207835465669632, 0.658568263053894, 0.8476158976554871, 0.8460995757090692, 0.8461080213581453, '01:14']
[5, 0.0591454803943634, 0.605230450630188, 0.8556185364723206, 0.8534518862486516, 0.8543727859572059, '01:07']
[6, 0.04516049847006798, 0.5627891421318054, 0.8695398569107056, 0.8677998506905888, 0.8684538153689265, '01:08']
[7, 0.031384244561195374, 0.5202611684799194, 0.8801267147064209, 0.8788584511927183, 0.8797278807120203, '01:10']
[8, 0.023381870239973068, 0.6369928121566772, 0.869206428527832, 0.8680957125390355, 0.8688948759489353, '01:09']
[9, 0.02791568823158741, 0.4770459234714508, 0.8926308751106262, 0.8919776032349643, 0.8913887334147163, '01:09']
[10, 0.0187116339802742, 0.5115084052085876, 0.8902967572212219, 0.8886616947163762, 0.8903546484847757, '01:08']
[11, 0.01814408041536808, 0.46582862734794617, 0.9041346907615662, 0.9031937940442043, 0.90322537554705, '01:10']
[12, 0.008495476096868515, 0.4539259374141693, 0.9151383638381958, 0.9144933110349021, 0.9145726532018698, '01:12']
[13, 0.011719671078026295, 0.50666743516922, 0.9008836150169373, 0.8996229857970354, 0.8995649601736042, '01:23']
[14, 0.008292695507407188, 0.42322754859924316, 0.918722927570343, 0.9169036728190674, 0.91760351747256, '01:42']
[15, 0.006193774752318859, 0.44392621517181396, 0.9246415495872498, 0.9235994542330734, 0.9236857029783259, '01:11']
[16, 0.00759052112698555, 0.4174334704875946, 0.9273090958595276, 0.9262407269349101, 0.9266100093175679, '01:09']
[17, 0.002294423757120967, 0.4707861542701721, 0.9239746332168579, 0.9225819688476848, 0.9231825137077762, '01:09']
[18, 0.0011055405484512448, 0.5027695894241333, 0.9238913059234619, 0.9227622054272867, 0.9234646073487873, '01:08']
[19, 0.0009233434102497995, 0.500950276851654, 0.9277259111404419, 0.9270403410571332, 0.9268643762245047, '01:09']
[20, 0.0004596470680553466, 0.5414459109306335, 0.9251416921615601, 0.9239888298832166, 0.9241869304759913, '01:10']
[21, 0.002238869434222579, 0.5774503946304321, 0.9220573306083679, 0.9210464183833308, 0.921384986187622, '01:16']
No improvement since epoch 16: early stopping

Tiempo de entrenamiento: 1744.88 segundos
/mnt/homeGPU/haoweihu/TFG/lib/python3.10/site-packages/fastai/learner.py:455: UserWarning: load_learner` uses Python's insecure pickle module, which can execute malicious arbitrary code when loading. Only load files you trust.
If you only need to load model weights and optimizer state, use the safe `Learner.load` instead.
  warn("load_learner` uses Python's insecure pickle module, which can execute malicious arbitrary code when loading. Only load files you trust.\nIf you only need to load model weights and optimizer state, use the safe `Learner.load` instead.")
Loss: 0.5775
Accuracy: 0.9221
Recall: 0.9210
F1-Score: 0.9214
Loss: 0.5601701140403748
Accuracy: 0.9263821840286255
Recall (macro): 0.9250475707717163
F1 Score (macro): 0.9254086510784623
---------------------------------------------------------------------------
Ejecutando: mnist_dist99_ex3
---------------------------------------------------------------------------
Número total de imágenes en entrenamiento: 12101
Número total de imágenes en validación: 11996

Clases: ['0', '1', '2', '3', '4', '5', '6', '7', '8', '9']
[0, 2.2712464332580566, 2.245386838912964, 0.3189396560192108, 0.31496858605963113, 0.1934496012299986, '03:15']
[1, 1.1283751726150513, 0.8681619167327881, 0.7254084944725037, 0.7202555354833022, 0.7174703662833986, '01:29']
[2, 0.16939665377140045, 0.7815827131271362, 0.7935978770256042, 0.7911426379136393, 0.7910166472748226, '01:08']
[3, 0.08009227365255356, 0.81375652551651, 0.8170223236083984, 0.8137851855683861, 0.8142755398930632, '01:10']
[4, 0.059594303369522095, 0.7526248097419739, 0.8317772746086121, 0.8282376104254425, 0.8312236765712271, '01:16']
[5, 0.05243878811597824, 0.5453639030456543, 0.8774591684341431, 0.8761209115602705, 0.8767609664369573, '01:09']
[6, 0.044543150812387466, 0.5371791124343872, 0.8722907900810242, 0.8716967191967641, 0.8710662111372282, '01:18']
[7, 0.0368817076086998, 0.46396690607070923, 0.8924641609191895, 0.8912342148729268, 0.8913880432512897, '01:10']
[8, 0.031444892287254333, 0.42162907123565674, 0.900466799736023, 0.8998715817297332, 0.8995653637933809, '01:13']
[9, 0.025107212364673615, 0.4444205164909363, 0.9053851366043091, 0.9051644089059945, 0.9050991063848519, '01:13']
[10, 0.015408721752464771, 0.601962685585022, 0.880710244178772, 0.8796981687598562, 0.8792570748085146, '01:19']
[11, 0.016322791576385498, 0.39734145998954773, 0.9175558686256409, 0.9166182158977728, 0.9171704757284802, '01:36']
[12, 0.012147488072514534, 0.38332730531692505, 0.9234744906425476, 0.9229049681209949, 0.9230230338508802, '01:18']
[13, 0.007537100929766893, 0.5476494431495667, 0.9007169008255005, 0.9005107222790381, 0.9005994315166861, '01:10']
[14, 0.009877095930278301, 0.4427080452442169, 0.9180560111999512, 0.9178545423899692, 0.9174259696278743, '01:09']
[15, 0.00624860031530261, 0.43235209584236145, 0.9218906164169312, 0.9212824091301233, 0.9212380667316321, '01:08']
[16, 0.0022250483743846416, 0.4649880826473236, 0.9280593395233154, 0.9274952643832697, 0.9271155077470349, '01:08']
[17, 0.003333094296976924, 0.4269457459449768, 0.9339780211448669, 0.9335765944582033, 0.9335348244396714, '01:09']
No improvement since epoch 12: early stopping

Tiempo de entrenamiento: 1467.03 segundos
/mnt/homeGPU/haoweihu/TFG/lib/python3.10/site-packages/fastai/learner.py:455: UserWarning: load_learner` uses Python's insecure pickle module, which can execute malicious arbitrary code when loading. Only load files you trust.
If you only need to load model weights and optimizer state, use the safe `Learner.load` instead.
  warn("load_learner` uses Python's insecure pickle module, which can execute malicious arbitrary code when loading. Only load files you trust.\nIf you only need to load model weights and optimizer state, use the safe `Learner.load` instead.")
Loss: 0.4269
Accuracy: 0.9340
Recall: 0.9336
F1-Score: 0.9335
Loss: 0.4461228847503662
Accuracy: 0.934495210647583
Recall (macro): 0.9338391345011272
F1 Score (macro): 0.9338300005732922
---------------------------------------------------------------------------
--------------------------distilld 99 fMNIST---------------------------------------
---------------------------------------------------------------------------
---------------------------------------------------------------------------
Ejecutando: fmnist_dist99_ex1
---------------------------------------------------------------------------
Número total de imágenes en entrenamiento: 12360
Número total de imágenes en validación: 12000

Clases: ['Ankle boot', 'Bag', 'Coat', 'Dress', 'Pullover', 'Sandal', 'Shirt', 'Sneaker', 'T-shirt', 'Trouser']
[0, 2.2243642807006836, 2.1469249725341797, 0.2745000123977661, 0.2745, 0.18757814556653887, '02:37']
[1, 1.047516942024231, 1.0253785848617554, 0.5864166617393494, 0.5864166666666667, 0.5565423457905067, '01:30']
[2, 0.5321760773658752, 1.2514190673828125, 0.6043333411216736, 0.6043333333333333, 0.5898357854617146, '01:57']
[3, 0.41200175881385803, 1.2055898904800415, 0.6700000166893005, 0.6699999999999999, 0.658706198668695, '01:11']
[4, 0.35142266750335693, 1.1020601987838745, 0.7086666822433472, 0.7086666666666667, 0.6977619568187591, '01:13']
[5, 0.2861742675304413, 1.069905400276184, 0.7161666750907898, 0.7161666666666666, 0.7104796165070209, '01:09']
[6, 0.24891693890094757, 1.0484694242477417, 0.7131666541099548, 0.7131666666666667, 0.7210210072504787, '01:11']
No improvement since epoch 1: early stopping

Tiempo de entrenamiento: 651.76 segundos
/mnt/homeGPU/haoweihu/TFG/lib/python3.10/site-packages/fastai/learner.py:455: UserWarning: load_learner` uses Python's insecure pickle module, which can execute malicious arbitrary code when loading. Only load files you trust.
If you only need to load model weights and optimizer state, use the safe `Learner.load` instead.
  warn("load_learner` uses Python's insecure pickle module, which can execute malicious arbitrary code when loading. Only load files you trust.\nIf you only need to load model weights and optimizer state, use the safe `Learner.load` instead.")
Loss: 1.0485
Accuracy: 0.7132
Recall: 0.7132
F1-Score: 0.7210
Loss: 3.406583070755005
Accuracy: 0.5354567170143127
Recall (macro): 0.5356540184793318
F1 Score (macro): 0.5405785040596356
---------------------------------------------------------------------------
Ejecutando: fmnist_dist99_ex2
---------------------------------------------------------------------------
Número total de imágenes en entrenamiento: 12360
Número total de imágenes en validación: 12000

Clases: ['Ankle boot', 'Bag', 'Coat', 'Dress', 'Pullover', 'Sandal', 'Shirt', 'Sneaker', 'T-shirt', 'Trouser']
[0, 2.2488152980804443, 2.200267791748047, 0.3682500123977661, 0.36825, 0.2774067696783583, '02:48']
[1, 1.0900394916534424, 1.0194103717803955, 0.5910833477973938, 0.5910833333333334, 0.5491609649948699, '01:20']
[2, 0.4785604178905487, 1.2050387859344482, 0.6355833411216736, 0.6355833333333334, 0.6160106313318929, '01:31']
[3, 0.36054784059524536, 1.1040760278701782, 0.687333345413208, 0.6873333333333334, 0.6822413495528648, '01:39']
[4, 0.30501845479011536, 1.1339725255966187, 0.7003333568572998, 0.7003333333333334, 0.6931835795696337, '01:10']
[5, 0.2725406885147095, 1.0906399488449097, 0.7101666927337646, 0.7101666666666666, 0.6986656855766306, '01:09']
[6, 0.2362409383058548, 0.9753068685531616, 0.7327499985694885, 0.73275, 0.7199158321089012, '01:08']
[7, 0.2110188752412796, 0.9628603458404541, 0.7476666569709778, 0.7476666666666667, 0.7379681556398628, '01:08']
[8, 0.19868534803390503, 0.901877760887146, 0.7555833458900452, 0.7555833333333333, 0.7550953156329052, '01:09']
[9, 0.1634671688079834, 0.9403296709060669, 0.7633333206176758, 0.7633333333333333, 0.7548790752371828, '01:08']
[10, 0.15877103805541992, 0.915277361869812, 0.7700833082199097, 0.7700833333333333, 0.7726997285104926, '01:11']
[11, 0.157079815864563, 0.8751528263092041, 0.7829999923706055, 0.7829999999999999, 0.7797658498184081, '01:10']
[12, 0.15147872269153595, 0.8024287819862366, 0.7866666913032532, 0.7866666666666666, 0.7818714479973778, '01:16']
[13, 0.1346673220396042, 0.8025573492050171, 0.7949166893959045, 0.7949166666666667, 0.7936783193245017, '01:16']
[14, 0.11807471513748169, 0.8007108569145203, 0.799833357334137, 0.7998333333333334, 0.8007583325335021, '01:37']
[15, 0.11286600679159164, 0.8627751469612122, 0.7975000143051147, 0.7975, 0.7921972280009035, '01:10']
[16, 0.11528420448303223, 0.7798218727111816, 0.8054166436195374, 0.8054166666666667, 0.806823264051796, '01:08']
[17, 0.10949772596359253, 0.8483107686042786, 0.8058333396911621, 0.8058333333333334, 0.8026727918889083, '01:09']
[18, 0.0913301408290863, 0.7824199795722961, 0.8120833039283752, 0.8120833333333334, 0.8109327367541862, '01:10']
[19, 0.09227380156517029, 0.8434738516807556, 0.8043333292007446, 0.8043333333333333, 0.8028143144024259, '01:09']
[20, 0.08362079411745071, 0.7794855833053589, 0.8151666522026062, 0.8151666666666667, 0.8172543737275406, '01:09']
[21, 0.08001489192247391, 0.7899302840232849, 0.8179166913032532, 0.8179166666666667, 0.815208583897394, '01:10']
[22, 0.07430140674114227, 0.7949814200401306, 0.8177499771118164, 0.81775, 0.8176292486833644, '01:09']
[23, 0.0755048394203186, 0.8148309588432312, 0.8169166445732117, 0.8169166666666665, 0.8155495930584797, '01:12']
[24, 0.07085733115673065, 0.7890042066574097, 0.8210833072662354, 0.8210833333333332, 0.8198943263702111, '01:12']
[25, 0.0665903240442276, 0.7867052555084229, 0.8220000267028809, 0.8220000000000001, 0.8221972287243101, '01:23']
No improvement since epoch 20: early stopping

Tiempo de entrenamiento: 2034.07 segundos
/mnt/homeGPU/haoweihu/TFG/lib/python3.10/site-packages/fastai/learner.py:455: UserWarning: load_learner` uses Python's insecure pickle module, which can execute malicious arbitrary code when loading. Only load files you trust.
If you only need to load model weights and optimizer state, use the safe `Learner.load` instead.
  warn("load_learner` uses Python's insecure pickle module, which can execute malicious arbitrary code when loading. Only load files you trust.\nIf you only need to load model weights and optimizer state, use the safe `Learner.load` instead.")
Loss: 0.7867
Accuracy: 0.8220
Recall: 0.8220
F1-Score: 0.8222
Loss: 4.094513893127441
Accuracy: 0.6410256624221802
Recall (macro): 0.6411517139716867
F1 Score (macro): 0.6407235992568366
---------------------------------------------------------------------------
Ejecutando: fmnist_dist99_ex3
---------------------------------------------------------------------------
Número total de imágenes en entrenamiento: 12360
Número total de imágenes en validación: 12000

Clases: ['Ankle boot', 'Bag', 'Coat', 'Dress', 'Pullover', 'Sandal', 'Shirt', 'Sneaker', 'T-shirt', 'Trouser']
[0, 2.287848711013794, 2.273120880126953, 0.17633333802223206, 0.17633333333333331, 0.08750881559878922, '02:37']
[1, 1.4196397066116333, 1.358025312423706, 0.5672500133514404, 0.56725, 0.5204317935252047, '01:09']
[2, 0.5433205962181091, 1.3370146751403809, 0.6073333621025085, 0.6073333333333333, 0.59444384311109, '01:10']
[3, 0.36578208208084106, 1.1492191553115845, 0.6909999847412109, 0.6910000000000001, 0.6853746169381794, '01:12']
[4, 0.29309800267219543, 1.1074563264846802, 0.6975833177566528, 0.6975833333333333, 0.6971498563823766, '01:12']
[5, 0.24620820581912994, 0.9765369296073914, 0.734250009059906, 0.7342500000000001, 0.7269609488811202, '01:19']
[6, 0.20048794150352478, 0.9811795949935913, 0.7320833206176758, 0.7320833333333333, 0.7337169409379882, '01:14']
[7, 0.18265289068222046, 0.9569365978240967, 0.7432500123977661, 0.74325, 0.7445509401702498, '01:26']
[8, 0.1555502861738205, 0.9351702332496643, 0.7680833339691162, 0.7680833333333333, 0.7601108882395182, '01:52']
[9, 0.14923979341983795, 0.8413484692573547, 0.7750833630561829, 0.7750833333333333, 0.776921178849477, '01:08']
[10, 0.12330375611782074, 0.8217719793319702, 0.7878333330154419, 0.7878333333333333, 0.7888798748708227, '01:08']
[11, 0.11421577632427216, 0.8859444856643677, 0.7792500257492065, 0.77925, 0.7788984902351207, '01:08']
[12, 0.11678189039230347, 0.8229520916938782, 0.7850833535194397, 0.7850833333333334, 0.7839980042211399, '01:08']
[13, 0.10707288980484009, 0.8108444213867188, 0.8039166927337646, 0.8039166666666665, 0.8058621407593506, '01:08']
[14, 0.09057378023862839, 0.8579636812210083, 0.7942500114440918, 0.79425, 0.7899231535615123, '01:09']
[15, 0.08186368644237518, 0.8557289838790894, 0.800083339214325, 0.8000833333333333, 0.7996754031652615, '01:07']
[16, 0.08759254217147827, 0.8186185956001282, 0.8034999966621399, 0.8035, 0.8050817228116536, '01:09']
[17, 0.07849419862031937, 0.816644549369812, 0.8102499842643738, 0.8102499999999999, 0.8078715981296526, '01:10']
[18, 0.06892933696508408, 0.822720468044281, 0.8078333139419556, 0.8078333333333333, 0.8075968682072208, '01:11']
No improvement since epoch 13: early stopping

Tiempo de entrenamiento: 1486.89 segundos
/mnt/homeGPU/haoweihu/TFG/lib/python3.10/site-packages/fastai/learner.py:455: UserWarning: load_learner` uses Python's insecure pickle module, which can execute malicious arbitrary code when loading. Only load files you trust.
If you only need to load model weights and optimizer state, use the safe `Learner.load` instead.
  warn("load_learner` uses Python's insecure pickle module, which can execute malicious arbitrary code when loading. Only load files you trust.\nIf you only need to load model weights and optimizer state, use the safe `Learner.load` instead.")
Loss: 0.8227
Accuracy: 0.8078
Recall: 0.8078
F1-Score: 0.8076
Loss: 4.28261137008667
Accuracy: 0.6296073794364929
Recall (macro): 0.6293722906445036
F1 Score (macro): 0.62689099584166
---------------------------------------------------------------------------
--------------------------distilld 99 CIFAR---------------------------------------
---------------------------------------------------------------------------
---------------------------------------------------------------------------
Ejecutando: cifar10_dist99_ex1
---------------------------------------------------------------------------
Número total de imágenes en entrenamiento: 13600
Número total de imágenes en validación: 10000

Clases: ['airplane', 'automobile', 'bird', 'cat', 'deer', 'dog', 'frog', 'horse', 'ship', 'truck']
[0, 2.30029034614563, 2.2980494499206543, 0.11720000207424164, 0.11720000000000001, 0.0385861647607836, '02:44']
[1, 2.182349681854248, 2.1908440589904785, 0.17839999496936798, 0.17839999999999998, 0.13469086636378472, '01:09']
[2, 1.9442356824874878, 2.2601804733276367, 0.21570000052452087, 0.2157, 0.1912131459325048, '01:09']
[3, 1.862406611442566, 2.255952835083008, 0.22679999470710754, 0.22679999999999997, 0.2041342657243069, '01:08']
[4, 1.797951340675354, 2.254533529281616, 0.24609999358654022, 0.24609999999999999, 0.22132047095820284, '01:09']
[5, 1.7507996559143066, 2.1978516578674316, 0.2718000113964081, 0.2718, 0.25834934978836555, '01:08']
[6, 1.6961256265640259, 2.2016141414642334, 0.2775999903678894, 0.2776, 0.26733760239031223, '01:09']
No improvement since epoch 1: early stopping

Tiempo de entrenamiento: 579.63 segundos
/mnt/homeGPU/haoweihu/TFG/lib/python3.10/site-packages/fastai/learner.py:455: UserWarning: load_learner` uses Python's insecure pickle module, which can execute malicious arbitrary code when loading. Only load files you trust.
If you only need to load model weights and optimizer state, use the safe `Learner.load` instead.
  warn("load_learner` uses Python's insecure pickle module, which can execute malicious arbitrary code when loading. Only load files you trust.\nIf you only need to load model weights and optimizer state, use the safe `Learner.load` instead.")
Loss: 2.2016
Accuracy: 0.2776
Recall: 0.2776
F1-Score: 0.2673
Loss: 2.186109781265259
Accuracy: 0.28986379504203796
Recall (macro): 0.28990932788105367
F1 Score (macro): 0.2769278922341377
---------------------------------------------------------------------------
Ejecutando: cifar10_dist99_ex2
---------------------------------------------------------------------------
Número total de imágenes en entrenamiento: 13600
Número total de imágenes en validación: 10000

Clases: ['airplane', 'automobile', 'bird', 'cat', 'deer', 'dog', 'frog', 'horse', 'ship', 'truck']
[0, 2.3017494678497314, 2.3009798526763916, 0.1054999977350235, 0.1055, 0.02751319156645605, '03:47']
[1, 2.2209200859069824, 2.189838171005249, 0.1679999977350235, 0.16799999999999998, 0.09419975633345849, '01:08']
[2, 1.9216421842575073, 2.2164485454559326, 0.23970000445842743, 0.23970000000000002, 0.19943683488708622, '01:08']
[3, 1.8251047134399414, 2.169131278991699, 0.2623000144958496, 0.2623, 0.23432465896187785, '01:08']
[4, 1.7566951513290405, 2.233755588531494, 0.26669999957084656, 0.2667, 0.2387027115834362, '01:08']
[5, 1.6982735395431519, 2.2363946437835693, 0.28349998593330383, 0.2835, 0.25073482665850727, '01:11']
[6, 1.6487691402435303, 2.1553895473480225, 0.29829999804496765, 0.29829999999999995, 0.26649126458939715, '01:08']
[7, 1.5357800722122192, 2.1186821460723877, 0.33000001311302185, 0.33, 0.3149577796832336, '01:08']
[8, 1.458897590637207, 2.053851842880249, 0.3382999897003174, 0.3383, 0.33136525971470054, '01:11']
[9, 1.374035358428955, 2.1076138019561768, 0.361299991607666, 0.3613, 0.34729431024712015, '01:14']
[10, 1.3313945531845093, 2.1594276428222656, 0.36559998989105225, 0.36560000000000004, 0.34674734537907104, '01:36']
[11, 1.3073623180389404, 2.013731002807617, 0.3889000117778778, 0.38889999999999997, 0.37721437826640924, '01:44']
[12, 1.2558344602584839, 2.0566906929016113, 0.385699987411499, 0.3857, 0.3713662523324221, '01:09']
[13, 1.2117573022842407, 2.1268227100372314, 0.38830000162124634, 0.38830000000000003, 0.36675537927295404, '01:08']
[14, 1.1975563764572144, 2.047433376312256, 0.40299999713897705, 0.403, 0.3877075468734604, '01:14']
[15, 1.15171217918396, 2.0845041275024414, 0.3977000117301941, 0.39770000000000005, 0.3783828767652162, '01:13']
[16, 1.1486026048660278, 2.0512514114379883, 0.4083000123500824, 0.4083, 0.3908409197222739, '01:10']
No improvement since epoch 11: early stopping

Tiempo de entrenamiento: 1411.95 segundos
/mnt/homeGPU/haoweihu/TFG/lib/python3.10/site-packages/fastai/learner.py:455: UserWarning: load_learner` uses Python's insecure pickle module, which can execute malicious arbitrary code when loading. Only load files you trust.
If you only need to load model weights and optimizer state, use the safe `Learner.load` instead.
  warn("load_learner` uses Python's insecure pickle module, which can execute malicious arbitrary code when loading. Only load files you trust.\nIf you only need to load model weights and optimizer state, use the safe `Learner.load` instead.")
Loss: 2.0513
Accuracy: 0.4083
Recall: 0.4083
F1-Score: 0.3908
Loss: 2.087461233139038
Accuracy: 0.39743590354919434
Recall (macro): 0.39742882054280376
F1 Score (macro): 0.3770067856515321
---------------------------------------------------------------------------
Ejecutando: cifar10_dist99_ex3
---------------------------------------------------------------------------
Número total de imágenes en entrenamiento: 13600
Número total de imágenes en validación: 10000

Clases: ['airplane', 'automobile', 'bird', 'cat', 'deer', 'dog', 'frog', 'horse', 'ship', 'truck']
[0, 2.300736904144287, 2.298781394958496, 0.10029999911785126, 0.10029999999999999, 0.018788490790545908, '02:51']
[1, 2.200275182723999, 2.1783370971679688, 0.19750000536441803, 0.19749999999999998, 0.1361401235139691, '01:19']
[2, 1.937562346458435, 2.236243486404419, 0.22619999945163727, 0.2262, 0.1939511850133741, '02:14']
[3, 1.8252394199371338, 2.2342045307159424, 0.23720000684261322, 0.23720000000000002, 0.1961513332658883, '01:09']
[4, 1.7667546272277832, 2.2153542041778564, 0.2554999887943268, 0.25549999999999995, 0.21746248340997995, '01:09']
[5, 1.7075978517532349, 2.3015799522399902, 0.27140000462532043, 0.27140000000000003, 0.2381153440440443, '01:10']
[6, 1.6220407485961914, 2.1690993309020996, 0.3059999942779541, 0.30600000000000005, 0.28134594069389945, '01:10']
[7, 1.5213953256607056, 2.1464202404022217, 0.32249999046325684, 0.32249999999999995, 0.30531001747269926, '01:08']
[8, 1.454482078552246, 2.182971477508545, 0.34200000762939453, 0.34199999999999997, 0.32236397627066077, '01:11']
[9, 1.4246389865875244, 2.264864921569824, 0.32600000500679016, 0.32599999999999996, 0.2990003084489804, '01:11']
[10, 1.3737928867340088, 2.3659720420837402, 0.33799999952316284, 0.33799999999999997, 0.3073980742112858, '01:11']
[11, 1.3221973180770874, 2.1827313899993896, 0.37290000915527344, 0.37289999999999995, 0.3553724950771996, '01:15']
[12, 1.305010199546814, 2.173807144165039, 0.3725000023841858, 0.3725, 0.356550094320864, '01:23']
No improvement since epoch 7: early stopping

Tiempo de entrenamiento: 1108.30 segundos
/mnt/homeGPU/haoweihu/TFG/lib/python3.10/site-packages/fastai/learner.py:455: UserWarning: load_learner` uses Python's insecure pickle module, which can execute malicious arbitrary code when loading. Only load files you trust.
If you only need to load model weights and optimizer state, use the safe `Learner.load` instead.
  warn("load_learner` uses Python's insecure pickle module, which can execute malicious arbitrary code when loading. Only load files you trust.\nIf you only need to load model weights and optimizer state, use the safe `Learner.load` instead.")
Loss: 2.1738
Accuracy: 0.3725
Recall: 0.3725
F1-Score: 0.3566
Loss: 2.1760685443878174
Accuracy: 0.3628806173801422
Recall (macro): 0.36294390768217194
F1 Score (macro): 0.346536151730589
mail: cannot send message: Process exited with a non-zero status
