---------------------------------------------------------------------------
--------------------------distilld 99 MNIST---------------------------------------
---------------------------------------------------------------------------
---------------------------------------------------------------------------
Ejecutando: mnist_dist99_quant_ex1
---------------------------------------------------------------------------
Número total de imágenes en entrenamiento: 12101
Número total de imágenes en validación: 11996

Clases: ['0', '1', '2', '3', '4', '5', '6', '7', '8', '9']
[0, 2.2556517124176025, 2.233834981918335, 0.2634211480617523, 0.252118117823137, 0.18757594701683264, '02:49']
[1, 0.9635540246963501, 0.868884265422821, 0.7513337731361389, 0.7466264258496954, 0.7454017886538931, '01:12']
[2, 0.17642897367477417, 0.625243067741394, 0.8049349784851074, 0.8025697415589125, 0.8009312257864638, '01:12']
[3, 0.09766653925180435, 0.5199908018112183, 0.8453651070594788, 0.8452805743372297, 0.8451451416507559, '01:11']
[4, 0.06818472594022751, 0.5087057948112488, 0.8510336875915527, 0.8502209296338895, 0.8497763897715933, '01:06']
[5, 0.05714043229818344, 0.4094180166721344, 0.8777925968170166, 0.8773608504519249, 0.8779783540146855, '01:12']
[6, 0.046913422644138336, 0.39617928862571716, 0.8876292109489441, 0.8867811424054052, 0.8856906943559419, '01:14']
[7, 0.03261710703372955, 0.3408443033695221, 0.9033011198043823, 0.9021542412278819, 0.9025632405939332, '01:19']
[8, 0.03409377485513687, 0.33583810925483704, 0.9041346907615662, 0.9036142027599439, 0.903341075851721, '01:38']
[9, 0.028280790895223618, 0.31288737058639526, 0.9115538597106934, 0.9107475558923053, 0.9116002204476645, '01:09']
[10, 0.02910284511744976, 0.37760239839553833, 0.8999666571617126, 0.898443555518298, 0.8993531109962467, '01:17']
[11, 0.016813158988952637, 0.2886583209037781, 0.9248916506767273, 0.9247994271941655, 0.9245733219788009, '01:18']
[12, 0.01600365899503231, 0.32774651050567627, 0.9170556664466858, 0.9169042847679497, 0.9165760328444034, '01:11']
[13, 0.017877161502838135, 0.29933929443359375, 0.9221407175064087, 0.9224861116816576, 0.9216423257748805, '01:14']
[14, 0.01076336856931448, 0.29789432883262634, 0.9278092980384827, 0.927491489607435, 0.9273127667162188, '01:12']
[15, 0.006811141036450863, 0.38034170866012573, 0.9127209186553955, 0.9123870822882563, 0.9125751781688836, '01:12']
[16, 0.006004545371979475, 0.3157345950603485, 0.9299766421318054, 0.929618362706613, 0.9292386646128421, '01:15']
No improvement since epoch 11: early stopping

Tiempo de entrenamiento: 1368.81 segundos
/mnt/homeGPU/haoweihu/TFG/lib/python3.10/site-packages/fastai/learner.py:455: UserWarning: load_learner` uses Python's insecure pickle module, which can execute malicious arbitrary code when loading. Only load files you trust.
If you only need to load model weights and optimizer state, use the safe `Learner.load` instead.
  warn("load_learner` uses Python's insecure pickle module, which can execute malicious arbitrary code when loading. Only load files you trust.\nIf you only need to load model weights and optimizer state, use the safe `Learner.load` instead.")
Loss: 0.3157
Accuracy: 0.9300
Recall: 0.9296
F1-Score: 0.9292
Loss: 0.29097458720207214
Accuracy: 0.9353966116905212
Recall (macro): 0.9349405577887445
F1 Score (macro): 0.9345818047112117
---------------------------------------------------------------------------
Ejecutando: mnist_dist99_quant_ex2
---------------------------------------------------------------------------
Número total de imágenes en entrenamiento: 12101
Número total de imágenes en validación: 11996

Clases: ['0', '1', '2', '3', '4', '5', '6', '7', '8', '9']
[0, 2.240495204925537, 2.2210278511047363, 0.3424474895000458, 0.3407704126414535, 0.23486378900523283, '03:02']
[1, 0.9755174517631531, 0.9208258986473083, 0.7319939732551575, 0.7283686089133277, 0.7263456824207367, '01:21']
[2, 0.19207775592803955, 0.646309494972229, 0.7987662553787231, 0.7957951108519945, 0.793694838634442, '01:09']
[3, 0.10139467567205429, 0.5055383443832397, 0.853451132774353, 0.8511728862596218, 0.8510632541242231, '01:13']
[4, 0.07396011799573898, 0.4495917856693268, 0.8721240162849426, 0.871111966167461, 0.8703632109248485, '01:12']
[5, 0.05402524024248123, 0.40411829948425293, 0.8822941184043884, 0.881347152907536, 0.8806098309902529, '01:13']
[6, 0.04929205775260925, 0.4169347584247589, 0.8815438747406006, 0.8805378860274609, 0.8792773353993543, '01:14']
[7, 0.03866865113377571, 0.3034999370574951, 0.908636212348938, 0.9075301298669624, 0.9077956892580892, '01:15']
[8, 0.02635885216295719, 0.3378368616104126, 0.9065521955490112, 0.9047006033081539, 0.9050635718342692, '01:17']
[9, 0.026240454986691475, 0.29537877440452576, 0.9216405749320984, 0.9210178458099341, 0.9206844617157701, '01:27']
[10, 0.019418299198150635, 0.2974739074707031, 0.9222241044044495, 0.9215079887848365, 0.9215388227096597, '01:52']
[11, 0.01973295584321022, 0.30383551120758057, 0.9213070869445801, 0.9206777210054711, 0.9203255328527764, '01:21']
[12, 0.01281797792762518, 0.3147945702075958, 0.9253917932510376, 0.9243188568035576, 0.9243698722145426, '01:14']
[13, 0.010096664540469646, 0.32108283042907715, 0.9279760122299194, 0.9269120091361472, 0.9271099919717942, '01:11']
[14, 0.00716492161154747, 0.3504002094268799, 0.9253917932510376, 0.9247977033544459, 0.9244773267428478, '01:13']
No improvement since epoch 9: early stopping

Tiempo de entrenamiento: 1280.98 segundos
/mnt/homeGPU/haoweihu/TFG/lib/python3.10/site-packages/fastai/learner.py:455: UserWarning: load_learner` uses Python's insecure pickle module, which can execute malicious arbitrary code when loading. Only load files you trust.
If you only need to load model weights and optimizer state, use the safe `Learner.load` instead.
  warn("load_learner` uses Python's insecure pickle module, which can execute malicious arbitrary code when loading. Only load files you trust.\nIf you only need to load model weights and optimizer state, use the safe `Learner.load` instead.")
Loss: 0.3504
Accuracy: 0.9254
Recall: 0.9248
F1-Score: 0.9245
Loss: 0.3261442184448242
Accuracy: 0.9292868375778198
Recall (macro): 0.9287619803000677
F1 Score (macro): 0.9282965694331479
---------------------------------------------------------------------------
Ejecutando: mnist_dist99_quant_ex3
---------------------------------------------------------------------------
Número total de imágenes en entrenamiento: 12101
Número total de imágenes en validación: 11996

Clases: ['0', '1', '2', '3', '4', '5', '6', '7', '8', '9']
[0, 2.2558698654174805, 2.239396810531616, 0.37754252552986145, 0.37382964388564416, 0.29558496722499406, '02:16']
[1, 0.9952326416969299, 0.9337077140808105, 0.7441647052764893, 0.7387907920226502, 0.7384235495545368, '01:11']
[2, 0.1771807074546814, 0.6862499117851257, 0.807185709476471, 0.8045785788930957, 0.8060989406725142, '01:11']
[3, 0.09220260381698608, 0.5914883613586426, 0.8417806029319763, 0.8399820465057177, 0.8399068074436814, '01:22']
[4, 0.07047292590141296, 0.49099451303482056, 0.8680393695831299, 0.866527186069718, 0.8658781961843701, '01:34']
[5, 0.0561944954097271, 0.4789825677871704, 0.8671223521232605, 0.8650384839307117, 0.8658865477599603, '01:06']
[6, 0.041972655802965164, 0.3964942395687103, 0.8913804888725281, 0.8893504333872804, 0.889638197439799, '01:07']
[7, 0.03305535018444061, 0.37834587693214417, 0.9013838171958923, 0.9006810896376886, 0.900263255919679, '01:09']
[8, 0.02899281308054924, 0.3502958416938782, 0.9100533723831177, 0.9092748710727554, 0.9088083892392644, '01:12']
[9, 0.020629525184631348, 0.3409762382507324, 0.9184728264808655, 0.9177472447699813, 0.9175911726964472, '01:04']
[10, 0.017423979938030243, 0.34730884432792664, 0.9209736585617065, 0.9201324343983088, 0.9197623446617701, '01:11']
[11, 0.014524206519126892, 0.3344755172729492, 0.9238913059234619, 0.9234674758339432, 0.923220563066109, '01:06']
[12, 0.011153344064950943, 0.316228449344635, 0.9277259111404419, 0.9274116419998224, 0.926795085006525, '01:09']
[13, 0.008910412900149822, 0.36662912368774414, 0.9232243895530701, 0.9229141912891722, 0.9221451404458595, '01:10']
[14, 0.005914340727031231, 0.32236260175704956, 0.9348949790000916, 0.9344337775180437, 0.9343410150258151, '01:15']
[15, 0.006311790086328983, 0.3265475630760193, 0.9297266006469727, 0.9289870874989041, 0.9290501919600684, '01:32']
[16, 0.004084140062332153, 0.4291941225528717, 0.9202234148979187, 0.9198751517103048, 0.9193385127436834, '01:21']
[17, 0.0018838838441297412, 0.40293484926223755, 0.9290596842765808, 0.9283198080211867, 0.9282386973393256, '01:00']
No improvement since epoch 12: early stopping

Tiempo de entrenamiento: 1384.97 segundos
/mnt/homeGPU/haoweihu/TFG/lib/python3.10/site-packages/fastai/learner.py:455: UserWarning: load_learner` uses Python's insecure pickle module, which can execute malicious arbitrary code when loading. Only load files you trust.
If you only need to load model weights and optimizer state, use the safe `Learner.load` instead.
  warn("load_learner` uses Python's insecure pickle module, which can execute malicious arbitrary code when loading. Only load files you trust.\nIf you only need to load model weights and optimizer state, use the safe `Learner.load` instead.")
Loss: 0.4029
Accuracy: 0.9291
Recall: 0.9283
F1-Score: 0.9282
Loss: 0.35455507040023804
Accuracy: 0.9348958134651184
Recall (macro): 0.9343502209226384
F1 Score (macro): 0.9342383311634022
---------------------------------------------------------------------------
--------------------------distilld 99 fMNIST---------------------------------------
---------------------------------------------------------------------------
---------------------------------------------------------------------------
Ejecutando: fmnist_dist99_quant_ex1
---------------------------------------------------------------------------
Número total de imágenes en entrenamiento: 12360
Número total de imágenes en validación: 12000

Clases: ['Ankle boot', 'Bag', 'Coat', 'Dress', 'Pullover', 'Sandal', 'Shirt', 'Sneaker', 'T-shirt', 'Trouser']
[0, 2.2386538982391357, 2.1977391242980957, 0.2304999977350235, 0.2305, 0.18462340175441003, '02:16']
[1, 1.0691218376159668, 1.096318006515503, 0.5708333253860474, 0.5708333333333333, 0.527106418297421, '01:08']
[2, 0.5421132445335388, 1.0889538526535034, 0.6442499756813049, 0.64425, 0.6363207984090731, '01:01']
[3, 0.42147454619407654, 1.089314579963684, 0.6850833296775818, 0.6850833333333334, 0.6597800197432295, '00:59']
[4, 0.381388783454895, 1.0976712703704834, 0.6743333339691162, 0.6743333333333333, 0.6496089342385526, '01:06']
[5, 0.335039347410202, 1.0149199962615967, 0.6959999799728394, 0.6960000000000001, 0.6788539507851068, '01:14']
[6, 0.31116777658462524, 0.9272040128707886, 0.7120000123977661, 0.712, 0.706054925879457, '01:21']
[7, 0.27216795086860657, 1.0860158205032349, 0.6618333458900452, 0.6618333333333333, 0.6614920177680012, '01:46']
[8, 0.25563451647758484, 0.8440767526626587, 0.7418333292007446, 0.7418333333333333, 0.7397807792024671, '01:07']
[9, 0.2228567749261856, 0.8442851305007935, 0.7444999814033508, 0.7445, 0.7407773423294227, '01:00']
[10, 0.22992810606956482, 0.804780900478363, 0.7511666417121887, 0.7511666666666666, 0.7486479095212186, '00:58']
[11, 0.2048952579498291, 0.7661967873573303, 0.7611666917800903, 0.7611666666666665, 0.7608513565927657, '01:01']
[12, 0.1944560408592224, 0.8679345846176147, 0.7546666860580444, 0.7546666666666667, 0.745590938435172, '01:15']
[13, 0.18975862860679626, 0.7895694375038147, 0.7651666402816772, 0.7651666666666667, 0.7648670026015667, '01:15']
[14, 0.18035408854484558, 0.7802948951721191, 0.7693333625793457, 0.7693333333333333, 0.7670925720249688, '00:59']
[15, 0.1636657565832138, 0.7928595542907715, 0.7754999995231628, 0.7755, 0.7680043658927315, '01:00']
[16, 0.16465920209884644, 0.7706178426742554, 0.777999997138977, 0.7780000000000001, 0.7741121055800309, '01:04']
No improvement since epoch 11: early stopping

Tiempo de entrenamiento: 1238.32 segundos
/mnt/homeGPU/haoweihu/TFG/lib/python3.10/site-packages/fastai/learner.py:455: UserWarning: load_learner` uses Python's insecure pickle module, which can execute malicious arbitrary code when loading. Only load files you trust.
If you only need to load model weights and optimizer state, use the safe `Learner.load` instead.
  warn("load_learner` uses Python's insecure pickle module, which can execute malicious arbitrary code when loading. Only load files you trust.\nIf you only need to load model weights and optimizer state, use the safe `Learner.load` instead.")
Loss: 0.7706
Accuracy: 0.7780
Recall: 0.7780
F1-Score: 0.7741
Loss: 3.125723123550415
Accuracy: 0.6081730723381042
Recall (macro): 0.6084492906396537
F1 Score (macro): 0.6077273300230673
---------------------------------------------------------------------------
Ejecutando: fmnist_dist99_quant_ex2
---------------------------------------------------------------------------
Número total de imágenes en entrenamiento: 12360
Número total de imágenes en validación: 12000

Clases: ['Ankle boot', 'Bag', 'Coat', 'Dress', 'Pullover', 'Sandal', 'Shirt', 'Sneaker', 'T-shirt', 'Trouser']
[0, 2.2321290969848633, 2.19334077835083, 0.2524999976158142, 0.2525, 0.15695004284154984, '02:53']
[1, 1.0135345458984375, 1.1655564308166504, 0.5764166712760925, 0.5764166666666667, 0.5469732510021298, '01:09']
[2, 0.5080950856208801, 1.205912709236145, 0.6412500143051147, 0.6412500000000001, 0.6276716346939198, '01:08']
[3, 0.38532838225364685, 1.211373209953308, 0.6664999723434448, 0.6665, 0.6580912429894287, '01:07']
[4, 0.3286537230014801, 1.0405784845352173, 0.6913333535194397, 0.6913333333333334, 0.686713852152418, '01:08']
[5, 0.28896477818489075, 1.1784005165100098, 0.6684166789054871, 0.6684166666666667, 0.6656112515976991, '01:00']
[6, 0.2657310962677002, 0.859205961227417, 0.7298333048820496, 0.7298333333333333, 0.7236555734247021, '01:00']
[7, 0.238813579082489, 0.8705798387527466, 0.7273333072662354, 0.7273333333333334, 0.7236007482298374, '01:04']
[8, 0.20852576196193695, 0.8565593957901001, 0.7507500052452087, 0.75075, 0.7506662119952499, '01:05']
[9, 0.20077581703662872, 0.858441174030304, 0.7361666560173035, 0.7361666666666666, 0.7343766047636364, '01:05']
[10, 0.18927204608917236, 0.8159780502319336, 0.7507500052452087, 0.7507500000000001, 0.7457399329832459, '01:10']
[11, 0.17078028619289398, 0.795464277267456, 0.762333333492279, 0.7623333333333333, 0.758968519016202, '01:16']
[12, 0.16958680748939514, 0.7628858089447021, 0.7692499756813049, 0.7692499999999999, 0.7674536836980003, '01:17']
[13, 0.14661359786987305, 0.7758323550224304, 0.7755833268165588, 0.7755833333333333, 0.7740268545797439, '00:58']
[14, 0.1441432684659958, 0.8007193803787231, 0.765583336353302, 0.7655833333333333, 0.7660469203808451, '01:07']
[15, 0.1380673199892044, 0.7528378367424011, 0.7820833325386047, 0.7820833333333332, 0.7807795260156699, '01:05']
[16, 0.13510602712631226, 0.7354773879051208, 0.7803333401679993, 0.7803333333333333, 0.7811263209057748, '01:08']
[17, 0.1234203428030014, 0.7812391519546509, 0.781416654586792, 0.7814166666666666, 0.7802432473137931, '01:09']
[18, 0.11964824050664902, 0.7351993918418884, 0.7879166603088379, 0.7879166666666666, 0.7871576592790588, '01:02']
[19, 0.10784074664115906, 0.8191211223602295, 0.7799999713897705, 0.78, 0.7757877980725449, '01:03']
[20, 0.10703782737255096, 0.8272459506988525, 0.7770000100135803, 0.777, 0.7717746166829148, '00:56']
[21, 0.10545781254768372, 0.7986277937889099, 0.7825833559036255, 0.7825833333333334, 0.7825824760370332, '01:05']
[22, 0.10346844047307968, 0.8238168954849243, 0.7808333039283752, 0.7808333333333334, 0.7780006590458702, '00:58']
[23, 0.09387653321027756, 0.8630892634391785, 0.7748333215713501, 0.7748333333333333, 0.7727344873288587, '01:16']
No improvement since epoch 18: early stopping

Tiempo de entrenamiento: 1700.79 segundos
/mnt/homeGPU/haoweihu/TFG/lib/python3.10/site-packages/fastai/learner.py:455: UserWarning: load_learner` uses Python's insecure pickle module, which can execute malicious arbitrary code when loading. Only load files you trust.
If you only need to load model weights and optimizer state, use the safe `Learner.load` instead.
  warn("load_learner` uses Python's insecure pickle module, which can execute malicious arbitrary code when loading. Only load files you trust.\nIf you only need to load model weights and optimizer state, use the safe `Learner.load` instead.")
Loss: 0.8631
Accuracy: 0.7748
Recall: 0.7748
F1-Score: 0.7727
Loss: 4.105820655822754
Accuracy: 0.5998597741127014
Recall (macro): 0.5998914175951258
F1 Score (macro): 0.599664310516357
---------------------------------------------------------------------------
Ejecutando: fmnist_dist99_quant_ex3
---------------------------------------------------------------------------
Número total de imágenes en entrenamiento: 12360
Número total de imágenes en validación: 12000

Clases: ['Ankle boot', 'Bag', 'Coat', 'Dress', 'Pullover', 'Sandal', 'Shirt', 'Sneaker', 'T-shirt', 'Trouser']
[0, 2.2270655632019043, 2.175609588623047, 0.4272499978542328, 0.42725, 0.3576156201788624, '02:14']
[1, 1.0114363431930542, 1.0601657629013062, 0.5839999914169312, 0.584, 0.5523438586832332, '01:07']
[2, 0.541857123374939, 1.0508275032043457, 0.6583333611488342, 0.6583333333333333, 0.6483985450044122, '01:03']
[3, 0.4493652284145355, 0.9916602969169617, 0.6973333358764648, 0.6973333333333332, 0.694722830960715, '00:57']
[4, 0.38153403997421265, 1.0087180137634277, 0.6909166574478149, 0.6909166666666666, 0.6939526503317139, '01:15']
[5, 0.33578357100486755, 0.9227054119110107, 0.7255833148956299, 0.7255833333333334, 0.7236931547768238, '01:09']
[6, 0.29220980405807495, 0.9359191656112671, 0.7309166789054871, 0.7309166666666667, 0.7287495638506201, '01:17']
[7, 0.2866879403591156, 0.8563274145126343, 0.7351666688919067, 0.7351666666666666, 0.7327044183667445, '01:16']
[8, 0.2614527940750122, 0.9507767558097839, 0.7164999842643738, 0.7165, 0.7135747429596228, '01:18']
[9, 0.23897328972816467, 0.8714599013328552, 0.7322499752044678, 0.73225, 0.7355664224000577, '01:25']
[10, 0.22438038885593414, 0.7799896597862244, 0.7702500224113464, 0.7702499999999999, 0.7665545705577081, '01:21']
[11, 0.20669426023960114, 0.7575401067733765, 0.7679166793823242, 0.7679166666666668, 0.7671178728846818, '01:08']
[12, 0.19716738164424896, 0.8513570427894592, 0.7577499747276306, 0.7577499999999999, 0.7549458510109109, '00:59']
[13, 0.1874132603406906, 0.7172062993049622, 0.7833333611488342, 0.7833333333333334, 0.7798065359009834, '00:58']
[14, 0.17640097439289093, 0.7109753489494324, 0.7752500176429749, 0.77525, 0.7758449289325213, '01:06']
[15, 0.1649961769580841, 0.6973297595977783, 0.793666660785675, 0.7936666666666666, 0.7955357694064472, '01:02']
[16, 0.1576690375804901, 0.7994710803031921, 0.7693333625793457, 0.7693333333333333, 0.7709800982091832, '01:06']
[17, 0.14717291295528412, 0.7442710995674133, 0.7881666421890259, 0.7881666666666667, 0.7867660952241486, '01:09']
[18, 0.13561546802520752, 0.7371870875358582, 0.7930833101272583, 0.7930833333333334, 0.7947640707490411, '01:08']
[19, 0.13934731483459473, 0.7513365149497986, 0.7853333353996277, 0.7853333333333332, 0.7822346386424005, '01:02']
[20, 0.13170701265335083, 0.7734017968177795, 0.7860833406448364, 0.7860833333333334, 0.7865420324135918, '01:05']
No improvement since epoch 15: early stopping

Tiempo de entrenamiento: 1514.55 segundos
/mnt/homeGPU/haoweihu/TFG/lib/python3.10/site-packages/fastai/learner.py:455: UserWarning: load_learner` uses Python's insecure pickle module, which can execute malicious arbitrary code when loading. Only load files you trust.
If you only need to load model weights and optimizer state, use the safe `Learner.load` instead.
  warn("load_learner` uses Python's insecure pickle module, which can execute malicious arbitrary code when loading. Only load files you trust.\nIf you only need to load model weights and optimizer state, use the safe `Learner.load` instead.")
Loss: 0.7734
Accuracy: 0.7861
Recall: 0.7861
F1-Score: 0.7865
Loss: 3.586986780166626
Accuracy: 0.6257011294364929
Recall (macro): 0.6257053759985671
F1 Score (macro): 0.6166396734263901
---------------------------------------------------------------------------
--------------------------distilld 99 CIFAR---------------------------------------
---------------------------------------------------------------------------
---------------------------------------------------------------------------
Ejecutando: cifar_dist99_quant_ex1
---------------------------------------------------------------------------
Número total de imágenes en entrenamiento: 13600
Número total de imágenes en validación: 10000

Clases: ['airplane', 'automobile', 'bird', 'cat', 'deer', 'dog', 'frog', 'horse', 'ship', 'truck']
[0, 2.2878780364990234, 2.286689519882202, 0.1468999981880188, 0.1469, 0.10029305878603445, '02:27']
[1, 2.0466270446777344, 2.206392765045166, 0.21449999511241913, 0.2145, 0.21109771392619633, '01:07']
[2, 1.9093247652053833, 2.140505075454712, 0.2378000020980835, 0.2378, 0.22592480264015719, '01:07']
[3, 1.8287889957427979, 2.0891449451446533, 0.26080000400543213, 0.2608, 0.24647840934152537, '01:07']
[4, 1.7417676448822021, 2.020636558532715, 0.28290000557899475, 0.2829, 0.27324909023372523, '01:08']
[5, 1.6911706924438477, 1.9624712467193604, 0.3034000098705292, 0.3034, 0.293018577866027, '00:58']
[6, 1.6366422176361084, 1.9333351850509644, 0.3203999996185303, 0.32039999999999996, 0.31639672555244525, '00:56']
[7, 1.5884312391281128, 1.9227010011672974, 0.32499998807907104, 0.32500000000000007, 0.3183645957929178, '01:00']
[8, 1.559299349784851, 1.8835387229919434, 0.34150001406669617, 0.34149999999999997, 0.3387173867176182, '01:07']
[9, 1.5108791589736938, 1.9060012102127075, 0.3472999930381775, 0.34729999999999994, 0.34161350158050796, '01:04']
[10, 1.4818532466888428, 1.88606858253479, 0.34689998626708984, 0.3469, 0.34829060142620877, '01:05']
[11, 1.4312819242477417, 1.9803218841552734, 0.33980000019073486, 0.3398, 0.33206869050988563, '01:15']
[12, 1.4132407903671265, 1.8737298250198364, 0.35670000314712524, 0.3567, 0.3561999451287916, '01:18']
[13, 1.410963535308838, 1.9186742305755615, 0.3540000021457672, 0.354, 0.35234974854861906, '00:56']
[14, 1.3446166515350342, 1.8521007299423218, 0.37229999899864197, 0.37229999999999996, 0.3670143745123259, '01:08']
[15, 1.3088775873184204, 1.8617113828659058, 0.3790000081062317, 0.37899999999999995, 0.3731481824865222, '00:55']
[16, 1.305106520652771, 1.8583852052688599, 0.3785000145435333, 0.37850000000000006, 0.3738237399645944, '01:07']
[17, 1.290523648262024, 1.883286714553833, 0.3702999949455261, 0.37029999999999996, 0.3700688588166682, '01:07']
[18, 1.2618228197097778, 1.8563718795776367, 0.3806999921798706, 0.3806999999999999, 0.3802968252723148, '01:06']
[19, 1.2305506467819214, 1.8713873624801636, 0.38769999146461487, 0.3877, 0.38573975561116436, '00:55']
No improvement since epoch 14: early stopping

Tiempo de entrenamiento: 1381.81 segundos
/mnt/homeGPU/haoweihu/TFG/lib/python3.10/site-packages/fastai/learner.py:455: UserWarning: load_learner` uses Python's insecure pickle module, which can execute malicious arbitrary code when loading. Only load files you trust.
If you only need to load model weights and optimizer state, use the safe `Learner.load` instead.
  warn("load_learner` uses Python's insecure pickle module, which can execute malicious arbitrary code when loading. Only load files you trust.\nIf you only need to load model weights and optimizer state, use the safe `Learner.load` instead.")
Loss: 1.8714
Accuracy: 0.3877
Recall: 0.3877
F1-Score: 0.3857
Loss: 1.8910757303237915
Accuracy: 0.38401442766189575
Recall (macro): 0.3840325219997504
F1 Score (macro): 0.38029464802677115
---------------------------------------------------------------------------
Ejecutando: cifar_dist99_quant_ex2
---------------------------------------------------------------------------
Número total de imágenes en entrenamiento: 13600
Número total de imágenes en validación: 10000

Clases: ['airplane', 'automobile', 'bird', 'cat', 'deer', 'dog', 'frog', 'horse', 'ship', 'truck']
[0, 2.275940179824829, 2.272129774093628, 0.17980000376701355, 0.1798, 0.13931706242254957, '02:14']
[1, 2.0381622314453125, 2.168278932571411, 0.21119999885559082, 0.2112, 0.19415115855241089, '01:20']
[2, 1.908092975616455, 2.1024279594421387, 0.25029999017715454, 0.2503, 0.23682972562169416, '01:13']
[3, 1.821405053138733, 2.0706067085266113, 0.2687000036239624, 0.26870000000000005, 0.2550261339156489, '00:58']
[4, 1.742624044418335, 1.9738329648971558, 0.30140000581741333, 0.3014, 0.29286139174067066, '00:56']
[5, 1.6678675413131714, 1.945876121520996, 0.30140000581741333, 0.3014, 0.2953917069159028, '01:02']
[6, 1.602071762084961, 1.9433969259262085, 0.3176000118255615, 0.3176, 0.31341206952127765, '00:55']
[7, 1.566633939743042, 1.912778377532959, 0.33550000190734863, 0.3355, 0.3295189159541044, '00:56']
[8, 1.520763635635376, 1.8590571880340576, 0.3472999930381775, 0.3473, 0.34272031774897715, '00:56']
[9, 1.4811043739318848, 1.9344388246536255, 0.3343999981880188, 0.33440000000000003, 0.32170497695847317, '00:59']
[10, 1.4549142122268677, 1.8451697826385498, 0.35830000042915344, 0.3583, 0.3532803036260175, '01:01']
[11, 1.4396452903747559, 1.831767201423645, 0.3637999892234802, 0.36379999999999996, 0.36235738067678913, '00:57']
[12, 1.3848727941513062, 1.8741052150726318, 0.367000013589859, 0.367, 0.36312478518874003, '00:56']
[13, 1.3735955953598022, 1.844128131866455, 0.36640000343322754, 0.3664, 0.36383865742930965, '01:01']
[14, 1.3318549394607544, 1.823154330253601, 0.37549999356269836, 0.3755, 0.3698296893131929, '01:12']
[15, 1.3180150985717773, 1.8307945728302002, 0.37790000438690186, 0.3779, 0.37324308761418623, '01:29']
[16, 1.3119919300079346, 1.8180705308914185, 0.38359999656677246, 0.38360000000000005, 0.38307606902109265, '01:08']
[17, 1.2604516744613647, 1.8953183889389038, 0.37560001015663147, 0.3756, 0.37442999243981157, '01:06']
[18, 1.2525638341903687, 1.8462029695510864, 0.3840999901294708, 0.3841, 0.3826349592343357, '00:56']
[19, 1.2394949197769165, 1.8413724899291992, 0.3856000006198883, 0.3856, 0.3824444768569094, '00:54']
[20, 1.2128117084503174, 1.8960790634155273, 0.3831000030040741, 0.3831, 0.38066230626759345, '00:55']
[21, 1.1911349296569824, 1.8430145978927612, 0.38920000195503235, 0.3892, 0.3881792149021917, '00:56']
No improvement since epoch 16: early stopping

Tiempo de entrenamiento: 1450.41 segundos
/mnt/homeGPU/haoweihu/TFG/lib/python3.10/site-packages/fastai/learner.py:455: UserWarning: load_learner` uses Python's insecure pickle module, which can execute malicious arbitrary code when loading. Only load files you trust.
If you only need to load model weights and optimizer state, use the safe `Learner.load` instead.
  warn("load_learner` uses Python's insecure pickle module, which can execute malicious arbitrary code when loading. Only load files you trust.\nIf you only need to load model weights and optimizer state, use the safe `Learner.load` instead.")
Loss: 1.8430
Accuracy: 0.3892
Recall: 0.3892
F1-Score: 0.3882
Loss: 1.8639261722564697
Accuracy: 0.390625
Recall (macro): 0.3906387083508903
F1 Score (macro): 0.38881543961808573
---------------------------------------------------------------------------
Ejecutando: cifar_dist99_quant_ex3
---------------------------------------------------------------------------
Número total de imágenes en entrenamiento: 13600
Número total de imágenes en validación: 10000

Clases: ['airplane', 'automobile', 'bird', 'cat', 'deer', 'dog', 'frog', 'horse', 'ship', 'truck']
[0, 2.2953097820281982, 2.292698621749878, 0.14059999585151672, 0.1406, 0.06564459787342287, '02:14']
[1, 2.070382595062256, 2.219481945037842, 0.17630000412464142, 0.17629999999999996, 0.16685949043021908, '00:58']
[2, 1.9230024814605713, 2.153787612915039, 0.23559999465942383, 0.23559999999999998, 0.22118628156743708, '00:59']
[3, 1.8336236476898193, 2.0917980670928955, 0.2581999897956848, 0.2582, 0.2518882576140691, '01:19']
[4, 1.7672510147094727, 2.0390889644622803, 0.28380000591278076, 0.28379999999999994, 0.27499207964370553, '01:18']
[5, 1.7022749185562134, 2.027076005935669, 0.29600000381469727, 0.296, 0.28399422095534793, '00:55']
[6, 1.645508050918579, 1.9523255825042725, 0.31040000915527344, 0.3104, 0.2974120275268413, '00:56']
[7, 1.590317726135254, 1.8904173374176025, 0.3278999924659729, 0.32789999999999997, 0.31632985396382474, '00:55']
[8, 1.558339238166809, 1.876276969909668, 0.3418999910354614, 0.3419, 0.3339292371123764, '01:06']
[9, 1.525498628616333, 1.8833154439926147, 0.3391999900341034, 0.33920000000000006, 0.33839218592433695, '01:06']
[10, 1.484959363937378, 1.8756775856018066, 0.35179999470710754, 0.3518, 0.34163534002773405, '00:58']
[11, 1.4455105066299438, 1.8731597661972046, 0.3578000068664551, 0.35779999999999995, 0.34441970588668525, '00:58']
[12, 1.4032642841339111, 1.817680835723877, 0.3707999885082245, 0.3707999999999999, 0.36998403322874285, '01:00']
[13, 1.3870314359664917, 1.8354084491729736, 0.3702999949455261, 0.3703, 0.3694333327560986, '00:56']
[14, 1.3332467079162598, 1.8510160446166992, 0.3686999976634979, 0.36869999999999997, 0.36942671534723315, '00:57']
[15, 1.3323886394500732, 1.8549140691757202, 0.3734999895095825, 0.3735, 0.36482686971155387, '01:10']
[16, 1.28914475440979, 1.8537652492523193, 0.3817000091075897, 0.3817, 0.3743830985297394, '01:15']
[17, 1.2725008726119995, 1.8244447708129883, 0.3889000117778778, 0.3889, 0.38614618636446335, '01:22']
No improvement since epoch 12: early stopping

Tiempo de entrenamiento: 1232.94 segundos
/mnt/homeGPU/haoweihu/TFG/lib/python3.10/site-packages/fastai/learner.py:455: UserWarning: load_learner` uses Python's insecure pickle module, which can execute malicious arbitrary code when loading. Only load files you trust.
If you only need to load model weights and optimizer state, use the safe `Learner.load` instead.
  warn("load_learner` uses Python's insecure pickle module, which can execute malicious arbitrary code when loading. Only load files you trust.\nIf you only need to load model weights and optimizer state, use the safe `Learner.load` instead.")
Loss: 1.8244
Accuracy: 0.3889
Recall: 0.3889
F1-Score: 0.3861
Loss: 1.838276982307434
Accuracy: 0.38361379504203796
Recall (macro): 0.38358747432284435
F1 Score (macro): 0.3804156329907365
mail: cannot send message: Process exited with a non-zero status
