---------------------------------------------------------------------------
--------------------------MNIST DISTILLED 10--------------------------------
---------------------------------------------------------------------------
---------------------------------------------------------------------------
Ejecutando: mnist_dist1_only_ex1
---------------------------------------------------------------------------
Número total de imágenes en entrenamiento: 110
Número total de imágenes en validación: 11996

Clases: ['0', '1', '2', '3', '4', '5', '6', '7', '8', '9']
[0, 2.2941641807556152, 2.3071670532226562, 0.09753251075744629, 0.1, 0.017773051800091144, '02:09']
[1, 2.2950491905212402, 2.3069653511047363, 0.09753251075744629, 0.1, 0.017773051800091144, '00:41']
[2, 2.303098678588867, 2.306476593017578, 0.09753251075744629, 0.1, 0.017773051800091144, '00:40']
[3, 2.3050665855407715, 2.3056230545043945, 0.09753251075744629, 0.1, 0.017773051800091144, '00:46']
[4, 2.304764747619629, 2.304462194442749, 0.09753251075744629, 0.1, 0.017773051800091144, '00:43']
[5, 2.304802894592285, 2.302931070327759, 0.09753251075744629, 0.1, 0.017773051800091144, '00:39']
[6, 2.304455041885376, 2.3011343479156494, 0.09753251075744629, 0.1, 0.017773051800091144, '00:39']
[7, 2.3038132190704346, 2.299151659011841, 0.09753251075744629, 0.1, 0.017773051800091144, '00:56']
[8, 2.303622007369995, 2.297001600265503, 0.0988662913441658, 0.10135135135135136, 0.020461343472750318, '00:39']
[9, 2.302612781524658, 2.2945098876953125, 0.14521506428718567, 0.14830777893277894, 0.08112461689180747, '00:52']
[10, 2.3009512424468994, 2.291658639907837, 0.17497499287128448, 0.17843858281358282, 0.08839396328047602, '00:41']
[11, 2.299417495727539, 2.288311243057251, 0.1852284073829651, 0.18879427771115428, 0.07598290894311543, '00:41']
[12, 2.2973880767822266, 2.284700632095337, 0.18756252527236938, 0.1911129210735634, 0.07190126724768794, '00:42']
[13, 2.2961537837982178, 2.280693531036377, 0.21932311356067657, 0.22027717151025367, 0.12058927410270748, '00:40']
[14, 2.2950117588043213, 2.276273488998413, 0.2806769013404846, 0.27539886260295493, 0.18417735288060977, '00:41']
[15, 2.2928221225738525, 2.271611452102661, 0.30385127663612366, 0.2975040488042281, 0.21296394948873626, '00:40']
[16, 2.29026198387146, 2.266742467880249, 0.31927308440208435, 0.3121673165730076, 0.23104025588457544, '00:40']
[17, 2.288602590560913, 2.2617995738983154, 0.3342781066894531, 0.3265289163478203, 0.24301964161992246, '00:40']
[18, 2.286651134490967, 2.2567355632781982, 0.3512004017829895, 0.3427629143942091, 0.2486731391827559, '00:41']
[19, 2.2835426330566406, 2.2518527507781982, 0.3660386800765991, 0.3566990719713449, 0.2570119764115529, '00:41']
[20, 2.2812247276306152, 2.2472338676452637, 0.38604533672332764, 0.3757843145127185, 0.27591429973222886, '00:41']
[21, 2.2782814502716064, 2.243070602416992, 0.4012170732021332, 0.39015408327492535, 0.29209435152993374, '00:37']
[22, 2.275608777999878, 2.239393711090088, 0.41013669967651367, 0.39850015688666707, 0.3027573741753403, '00:43']
[23, 2.273181915283203, 2.236318826675415, 0.41530510783195496, 0.4032413274226589, 0.3112031284310893, '00:42']
[24, 2.2707138061523438, 2.2338619232177734, 0.41805601119995117, 0.40569880489441745, 0.31718698879376805, '00:40']
[25, 2.2681901454925537, 2.2320566177368164, 0.41997331380844116, 0.4073532240568299, 0.32112415053325993, '00:40']
[26, 2.265807867050171, 2.2308449745178223, 0.4215571880340576, 0.40885937820963625, 0.3242913154285905, '00:41']
[27, 2.263733148574829, 2.2301406860351562, 0.42230743169784546, 0.40954082032721867, 0.32542918312509067, '00:41']
[28, 2.261286735534668, 2.229823112487793, 0.422557532787323, 0.4097699736002798, 0.3257451067936682, '00:39']
[29, 2.2592103481292725, 2.2297403812408447, 0.42272424697875977, 0.40993134812849197, 0.32590344897439755, '00:41']

Tiempo de entrenamiento: 1351.20 segundos
/mnt/homeGPU/haoweihu/TFG/lib/python3.10/site-packages/fastai/learner.py:455: UserWarning: load_learner` uses Python's insecure pickle module, which can execute malicious arbitrary code when loading. Only load files you trust.
If you only need to load model weights and optimizer state, use the safe `Learner.load` instead.
  warn("load_learner` uses Python's insecure pickle module, which can execute malicious arbitrary code when loading. Only load files you trust.\nIf you only need to load model weights and optimizer state, use the safe `Learner.load` instead.")
Loss: 2.2297
Accuracy: 0.4227
Recall: 0.4099
F1-Score: 0.3259
Loss: 2.2281625270843506
Accuracy: 0.4322916567325592
Recall (macro): 0.42007483844820753
F1 Score (macro): 0.3362691808412571
---------------------------------------------------------------------------
Ejecutando: mnist_dist1_only_ex2
---------------------------------------------------------------------------
Número total de imágenes en entrenamiento: 110
Número total de imágenes en validación: 11996

Clases: ['0', '1', '2', '3', '4', '5', '6', '7', '8', '9']
[0, 2.303342819213867, 2.3038125038146973, 0.09753251075744629, 0.1, 0.017773051800091144, '01:43']
[1, 2.302426338195801, 2.303596258163452, 0.09753251075744629, 0.1, 0.017773051800091144, '00:39']
[2, 2.303283929824829, 2.303117036819458, 0.09753251075744629, 0.1, 0.017773051800091144, '00:34']
[3, 2.301790475845337, 2.302377700805664, 0.09753251075744629, 0.1, 0.017773051800091144, '00:41']
[4, 2.30155873298645, 2.301342248916626, 0.09753251075744629, 0.1, 0.017773051800091144, '00:39']
[5, 2.3013980388641357, 2.2999815940856934, 0.09753251075744629, 0.1, 0.017773051800091144, '00:37']
[6, 2.3008718490600586, 2.2982499599456787, 0.09753251075744629, 0.1, 0.017773051800091144, '00:40']
[7, 2.3007147312164307, 2.29604434967041, 0.09753251075744629, 0.1, 0.017773051800091144, '00:37']
[8, 2.3000223636627197, 2.2932541370391846, 0.09753251075744629, 0.1, 0.017773051800091144, '00:39']
[9, 2.2992818355560303, 2.289863348007202, 0.09753251075744629, 0.1, 0.017773051800091144, '00:39']
[10, 2.2984371185302734, 2.285996437072754, 0.09753251075744629, 0.1, 0.017773051800091144, '00:40']
[11, 2.2967476844787598, 2.2815160751342773, 0.09753251075744629, 0.1, 0.017773051800091144, '00:39']
[12, 2.2950050830841064, 2.276435375213623, 0.10920307040214539, 0.11143950332877739, 0.037851028441259274, '00:40']
[13, 2.293214797973633, 2.2707676887512207, 0.1673891246318817, 0.16852420975687696, 0.09165753173779073, '00:40']
[14, 2.291548013687134, 2.264723062515259, 0.20115038752555847, 0.20124122879466286, 0.1300442854224492, '00:41']
[15, 2.2893974781036377, 2.2584755420684814, 0.2284928262233734, 0.22814255004994957, 0.1774542667649526, '00:39']
[16, 2.2871932983398438, 2.251788854598999, 0.30010002851486206, 0.29809011335968, 0.2670871327831193, '00:42']
[17, 2.2843375205993652, 2.245177984237671, 0.37987661361694336, 0.3740819498399058, 0.3549269305090977, '00:35']
[18, 2.2813162803649902, 2.2385408878326416, 0.4323941171169281, 0.42412793047725683, 0.40097380924234977, '00:41']
[19, 2.278329610824585, 2.2322137355804443, 0.4585695266723633, 0.4490517901747892, 0.4226520060890201, '00:40']
[20, 2.275352716445923, 2.226069450378418, 0.4855785369873047, 0.47523692067511086, 0.44333185272404696, '00:47']
[21, 2.272368907928467, 2.220599889755249, 0.5103367567062378, 0.4994287332746955, 0.46143995701168505, '00:44']
[22, 2.2692699432373047, 2.215834856033325, 0.5229243040084839, 0.5116411288658942, 0.46868942781028516, '01:22']
[23, 2.265820264816284, 2.2118353843688965, 0.5307602286338806, 0.5192357214649003, 0.4724752686801156, '01:08']
[24, 2.2626421451568604, 2.20867657661438, 0.533677875995636, 0.5219667936336589, 0.47292101938854547, '00:41']
[25, 2.2599353790283203, 2.206357002258301, 0.5387629270553589, 0.5269335709606324, 0.4768320791692374, '00:43']
[26, 2.256819248199463, 2.2048044204711914, 0.5416805744171143, 0.5298166695426484, 0.47899285352482374, '00:50']
[27, 2.253422260284424, 2.2039129734039307, 0.5434311628341675, 0.5315578835660538, 0.48041321226914596, '00:48']
[28, 2.2505407333374023, 2.2035024166107178, 0.5435144901275635, 0.5316490328295247, 0.48038622398957836, '01:21']
[29, 2.2480006217956543, 2.203399419784546, 0.5436812043190002, 0.5318214800296797, 0.4805080103692755, '01:10']

Tiempo de entrenamiento: 1435.57 segundos
/mnt/homeGPU/haoweihu/TFG/lib/python3.10/site-packages/fastai/learner.py:455: UserWarning: load_learner` uses Python's insecure pickle module, which can execute malicious arbitrary code when loading. Only load files you trust.
If you only need to load model weights and optimizer state, use the safe `Learner.load` instead.
  warn("load_learner` uses Python's insecure pickle module, which can execute malicious arbitrary code when loading. Only load files you trust.\nIf you only need to load model weights and optimizer state, use the safe `Learner.load` instead.")
Loss: 2.2034
Accuracy: 0.5437
Recall: 0.5318
F1-Score: 0.4805
Loss: 2.2007157802581787
Accuracy: 0.5543870329856873
Recall (macro): 0.5418292955325237
F1 Score (macro): 0.48991722005592003
---------------------------------------------------------------------------
Ejecutando: mnist_dist1_only_ex3
---------------------------------------------------------------------------
Número total de imágenes en entrenamiento: 110
Número total de imágenes en validación: 11996

Clases: ['0', '1', '2', '3', '4', '5', '6', '7', '8', '9']
[0, 2.299204111099243, 2.305147409439087, 0.09911637008190155, 0.1, 0.018035646568069778, '02:15']
[1, 2.3002371788024902, 2.304922342300415, 0.09911637008190155, 0.1, 0.018035646568069778, '01:14']
[2, 2.3022444248199463, 2.3043904304504395, 0.09911637008190155, 0.1, 0.018037014563106794, '00:41']
[3, 2.3013365268707275, 2.3035433292388916, 0.09911637008190155, 0.1, 0.018038382765683075, '00:57']
[4, 2.3018457889556885, 2.302391767501831, 0.09919973462820053, 0.10008445945945946, 0.0182208107218685, '00:52']
[5, 2.299976110458374, 2.3010239601135254, 0.10511837154626846, 0.10608108108108108, 0.02882351001764739, '01:22']
[6, 2.2997124195098877, 2.2993874549865723, 0.15780259668827057, 0.15946052496988158, 0.07052103834683239, '01:14']
[7, 2.299215316772461, 2.297379732131958, 0.1637212336063385, 0.1654567914213625, 0.07666099424467337, '00:37']
[8, 2.2988903522491455, 2.2948527336120605, 0.18156051635742188, 0.18353502261723456, 0.07523953381854546, '00:39']
[9, 2.2980527877807617, 2.2922043800354004, 0.18972991406917572, 0.191822349578342, 0.07019230611993196, '00:50']
[10, 2.296579599380493, 2.2893929481506348, 0.17614205181598663, 0.1781321744368422, 0.05980060806068745, '00:48']
[11, 2.2951390743255615, 2.285703420639038, 0.1553851217031479, 0.15719091673675356, 0.058253179716038585, '01:19']
[12, 2.294070243835449, 2.2806506156921387, 0.14479826390743256, 0.14650967199327164, 0.05551752588510883, '01:11']
[13, 2.292119026184082, 2.274756908416748, 0.14888295531272888, 0.15063078216989068, 0.05520286356993909, '00:39']
[14, 2.289977788925171, 2.268425464630127, 0.15230076014995575, 0.15413095828571016, 0.06182717750569853, '00:45']
[15, 2.288072347640991, 2.2617757320404053, 0.1511337161064148, 0.15296169301215562, 0.062375505093877716, '00:45']
[16, 2.286102533340454, 2.2548482418060303, 0.1571357101202011, 0.15912834972913398, 0.0726822862004978, '00:38']
[17, 2.2831742763519287, 2.248049259185791, 0.16680559515953064, 0.16893536217164012, 0.08734935589723714, '00:38']
[18, 2.280393123626709, 2.2412023544311523, 0.18347781896591187, 0.18575058120563986, 0.10686410186677478, '00:40']
[19, 2.2774057388305664, 2.234652042388916, 0.1912304162979126, 0.1934675206227115, 0.11175593925791749, '00:40']
[20, 2.274104118347168, 2.2282943725585938, 0.20481827855110168, 0.20711373139862124, 0.12237802882654751, '01:15']
[21, 2.2705485820770264, 2.2224743366241455, 0.21582193672657013, 0.21817015046461438, 0.13367325422056614, '01:18']
[22, 2.267517566680908, 2.217344045639038, 0.2276592254638672, 0.23002697302891373, 0.14748265703775498, '00:57']
[23, 2.265408992767334, 2.213005542755127, 0.23916305601596832, 0.24166826838248928, 0.15933158316770452, '00:55']
[24, 2.2616055011749268, 2.2096121311187744, 0.24591530859470367, 0.24851207660493788, 0.1658772942789664, '01:08']
[25, 2.2582364082336426, 2.2071197032928467, 0.25358453392982483, 0.25627747491449293, 0.17320535675136528, '00:43']
[26, 2.2544240951538086, 2.2054741382598877, 0.2559186518192291, 0.25866979220410957, 0.17547385779596608, '00:43']
[27, 2.2515273094177246, 2.2045068740844727, 0.25808602571487427, 0.26088505957197927, 0.17726729910212075, '00:36']
[28, 2.2487716674804688, 2.204066514968872, 0.2588362693786621, 0.2616521367860589, 0.17813333107332335, '00:45']
[29, 2.2463338375091553, 2.2039544582366943, 0.2594197988510132, 0.26223886168637184, 0.17886011742010138, '01:11']

Tiempo de entrenamiento: 1710.21 segundos
/mnt/homeGPU/haoweihu/TFG/lib/python3.10/site-packages/fastai/learner.py:455: UserWarning: load_learner` uses Python's insecure pickle module, which can execute malicious arbitrary code when loading. Only load files you trust.
If you only need to load model weights and optimizer state, use the safe `Learner.load` instead.
  warn("load_learner` uses Python's insecure pickle module, which can execute malicious arbitrary code when loading. Only load files you trust.\nIf you only need to load model weights and optimizer state, use the safe `Learner.load` instead.")
Loss: 2.2040
Accuracy: 0.2594
Recall: 0.2622
F1-Score: 0.1789
Loss: 2.2024686336517334
Accuracy: 0.2556089758872986
Recall (macro): 0.25613296418749537
F1 Score (macro): 0.17114371309073634
---------------------------------------------------------------------------
--------------------------fmnist distilld 01-----------------------------
---------------------------------------------------------------------------
---------------------------------------------------------------------------
Ejecutando: fmnist_dist1_only_ex1
---------------------------------------------------------------------------
Número total de imágenes en entrenamiento: 100
Número total de imágenes en validación: 12000

Clases: ['Ankle boot', 'Bag', 'Coat', 'Dress', 'Pullover', 'Sandal', 'Shirt', 'Sneaker', 'T-shirt', 'Trouser']
[0, 2.305043935775757, 2.3042328357696533, 0.09716666489839554, 0.09716666666666665, 0.018686472280223538, '01:00']
[1, 2.3065390586853027, 2.304039478302002, 0.09849999845027924, 0.0985, 0.018535293191438124, '00:49']
[2, 2.305227756500244, 2.3036422729492188, 0.09958333522081375, 0.09958333333333333, 0.018328476713921783, '00:50']
[3, 2.3036282062530518, 2.303011894226074, 0.10000000149011612, 0.1, 0.018183195696643686, '00:40']
[4, 2.303582191467285, 2.30220890045166, 0.10000000149011612, 0.1, 0.01818181818181818, '00:36']
[5, 2.3024566173553467, 2.3012421131134033, 0.10000000149011612, 0.1, 0.01818181818181818, '00:42']
[6, 2.3007798194885254, 2.2999918460845947, 0.10000000149011612, 0.1, 0.01818181818181818, '00:39']
[7, 2.3002541065216064, 2.2984259128570557, 0.10000000149011612, 0.1, 0.01818181818181818, '01:19']
[8, 2.299438238143921, 2.2967824935913086, 0.10000000149011612, 0.1, 0.01818181818181818, '01:04']
[9, 2.299463987350464, 2.294466972351074, 0.10000000149011612, 0.1, 0.01818181818181818, '00:35']
[10, 2.2985057830810547, 2.2914888858795166, 0.10000000149011612, 0.1, 0.01818181818181818, '00:36']
[11, 2.2974772453308105, 2.288015127182007, 0.10000000149011612, 0.1, 0.01818181818181818, '00:38']
[12, 2.2960219383239746, 2.284426212310791, 0.10000000149011612, 0.1, 0.01818181818181818, '00:35']
[13, 2.2945377826690674, 2.2802605628967285, 0.10016666352748871, 0.10016666666666667, 0.018674644487046765, '00:34']
[14, 2.2932443618774414, 2.275437355041504, 0.13208332657814026, 0.13208333333333333, 0.06232218405498565, '00:41']
[15, 2.291872501373291, 2.270038604736328, 0.1900833398103714, 0.19008333333333333, 0.130601166875635, '00:49']
[16, 2.290121555328369, 2.264230489730835, 0.24175000190734863, 0.24175, 0.1718865659619392, '01:20']
[17, 2.287708282470703, 2.258045196533203, 0.2824166715145111, 0.28241666666666665, 0.1911737119734863, '01:08']
[18, 2.28556489944458, 2.2519283294677734, 0.3049166798591614, 0.3049166666666666, 0.1918189373859543, '00:35']
[19, 2.2833192348480225, 2.245887279510498, 0.31433331966400146, 0.31433333333333335, 0.18700360621621528, '00:35']
[20, 2.2808728218078613, 2.2401177883148193, 0.3179999887943268, 0.318, 0.18604821804995159, '00:43']
[21, 2.2783639430999756, 2.234893798828125, 0.3330833315849304, 0.33308333333333334, 0.21280770623508455, '00:34']
[22, 2.2757821083068848, 2.230294704437256, 0.35225000977516174, 0.35225, 0.24697645790902537, '00:36']
[23, 2.2727060317993164, 2.226395845413208, 0.36816665530204773, 0.36816666666666664, 0.2762782562615708, '00:41']
[24, 2.2701163291931152, 2.223299503326416, 0.3799166679382324, 0.3799166666666666, 0.2990248646427843, '00:39']
[25, 2.267671823501587, 2.2210004329681396, 0.38874998688697815, 0.38875000000000004, 0.31553380828771826, '01:17']
[26, 2.265021562576294, 2.2194626331329346, 0.3944999873638153, 0.3945, 0.3263913118812051, '01:03']
[27, 2.2626006603240967, 2.218559980392456, 0.39625000953674316, 0.39625, 0.3306192370124793, '00:43']
[28, 2.2602479457855225, 2.2181472778320312, 0.398416668176651, 0.3984166666666666, 0.3339055242367834, '00:48']
[29, 2.2581872940063477, 2.218043565750122, 0.39925000071525574, 0.39925, 0.3352758889334424, '00:48']

Tiempo de entrenamiento: 1432.62 segundos
/mnt/homeGPU/haoweihu/TFG/lib/python3.10/site-packages/fastai/learner.py:455: UserWarning: load_learner` uses Python's insecure pickle module, which can execute malicious arbitrary code when loading. Only load files you trust.
If you only need to load model weights and optimizer state, use the safe `Learner.load` instead.
  warn("load_learner` uses Python's insecure pickle module, which can execute malicious arbitrary code when loading. Only load files you trust.\nIf you only need to load model weights and optimizer state, use the safe `Learner.load` instead.")
Loss: 2.2180
Accuracy: 0.3993
Recall: 0.3992
F1-Score: 0.3353
Loss: 2.2333338260650635
Accuracy: 0.31430289149284363
Recall (macro): 0.3142685859468472
F1 Score (macro): 0.2673542377078101
---------------------------------------------------------------------------
Ejecutando: fmnist_dist1_only_ex2
---------------------------------------------------------------------------
Número total de imágenes en entrenamiento: 100
Número total de imágenes en validación: 12000

Clases: ['Ankle boot', 'Bag', 'Coat', 'Dress', 'Pullover', 'Sandal', 'Shirt', 'Sneaker', 'T-shirt', 'Trouser']
[0, 2.3058876991271973, 2.3039321899414062, 0.04233333468437195, 0.042333333333333334, 0.010542699905725277, '00:26']
[1, 2.3030776977539062, 2.3038485050201416, 0.061000000685453415, 0.061, 0.013263362191136194, '00:16']
[2, 2.3057641983032227, 2.3036811351776123, 0.07699999958276749, 0.077, 0.015551498727605717, '00:37']
[3, 2.3063278198242188, 2.3034560680389404, 0.06750000268220901, 0.0675, 0.015646424729217095, '00:32']
[4, 2.306349277496338, 2.3030734062194824, 0.060083333402872086, 0.060083333333333336, 0.01685485004364943, '00:42']
[5, 2.3062400817871094, 2.302523612976074, 0.08791666477918625, 0.08791666666666667, 0.02251909558005796, '00:21']
[6, 2.3055341243743896, 2.3018105030059814, 0.10599999874830246, 0.10600000000000001, 0.027881706390245398, '00:31']
[7, 2.305776596069336, 2.3009722232818604, 0.10391666740179062, 0.10391666666666666, 0.024317701814431915, '00:19']
[8, 2.3058459758758545, 2.300044298171997, 0.10125000029802322, 0.10124999999999999, 0.02061232824121966, '00:18']
[9, 2.3050074577331543, 2.299023151397705, 0.10491666942834854, 0.10491666666666666, 0.02667074956730129, '00:33']
[10, 2.304325819015503, 2.297797679901123, 0.10691666603088379, 0.10691666666666666, 0.029829101296997774, '00:23']
[11, 2.303385019302368, 2.2963337898254395, 0.12258332967758179, 0.12258333333333334, 0.045964968308029666, '00:38']
[12, 2.3032426834106445, 2.2946979999542236, 0.14100000262260437, 0.141, 0.05370315931251911, '00:16']
[13, 2.3023300170898438, 2.2928714752197266, 0.15000000596046448, 0.15, 0.05493306390502652, '00:16']
[14, 2.3014142513275146, 2.2907934188842773, 0.1509166657924652, 0.15091666666666667, 0.0550554930277786, '00:16']
[15, 2.2999324798583984, 2.2885451316833496, 0.1496666669845581, 0.14966666666666667, 0.05522774089619363, '00:16']
[16, 2.298612594604492, 2.286158800125122, 0.14766666293144226, 0.14766666666666667, 0.06045861385010952, '00:16']
[17, 2.2979722023010254, 2.283688545227051, 0.15016666054725647, 0.15016666666666667, 0.07345448251007473, '00:24']
[18, 2.296471357345581, 2.281240701675415, 0.15141665935516357, 0.15141666666666667, 0.0777656218483989, '00:18']
[19, 2.2951855659484863, 2.2788472175598145, 0.15399999916553497, 0.154, 0.08187382845488492, '00:18']
[20, 2.294034957885742, 2.276621103286743, 0.1574999988079071, 0.1575, 0.08555024241969811, '00:30']
[21, 2.293034315109253, 2.274599552154541, 0.16066665947437286, 0.16066666666666668, 0.08920933426236241, '00:16']
[22, 2.29174542427063, 2.2728421688079834, 0.1613333374261856, 0.16133333333333333, 0.08954470185014077, '00:15']
[23, 2.2904627323150635, 2.2713825702667236, 0.16175000369548798, 0.16175, 0.09008399169108533, '00:15']
[24, 2.2895593643188477, 2.2702250480651855, 0.1628333330154419, 0.16283333333333333, 0.09135298905765277, '00:16']
[25, 2.2885241508483887, 2.2693698406219482, 0.1641666740179062, 0.16416666666666666, 0.09263051480388948, '00:16']
[26, 2.287752628326416, 2.2687861919403076, 0.1655000001192093, 0.1655, 0.09407182458513057, '00:16']
[27, 2.286564826965332, 2.2684438228607178, 0.16633333265781403, 0.16633333333333336, 0.09478990262551942, '00:16']
[28, 2.2857022285461426, 2.2682876586914062, 0.1668333262205124, 0.16683333333333333, 0.09511988309899458, '00:16']
[29, 2.284257650375366, 2.2682480812072754, 0.1668333262205124, 0.16683333333333333, 0.0950692712631511, '00:16']

Tiempo de entrenamiento: 662.19 segundos
/mnt/homeGPU/haoweihu/TFG/lib/python3.10/site-packages/fastai/learner.py:455: UserWarning: load_learner` uses Python's insecure pickle module, which can execute malicious arbitrary code when loading. Only load files you trust.
If you only need to load model weights and optimizer state, use the safe `Learner.load` instead.
  warn("load_learner` uses Python's insecure pickle module, which can execute malicious arbitrary code when loading. Only load files you trust.\nIf you only need to load model weights and optimizer state, use the safe `Learner.load` instead.")
Loss: 2.2682
Accuracy: 0.1668
Recall: 0.1668
F1-Score: 0.0951
Loss: 2.2898521423339844
Accuracy: 0.14032451808452606
Recall (macro): 0.1401
F1 Score (macro): 0.0734042474266596
---------------------------------------------------------------------------
Ejecutando: fmnist_dist1_only_ex3
---------------------------------------------------------------------------
Número total de imágenes en entrenamiento: 100
Número total de imágenes en validación: 12000

Clases: ['Ankle boot', 'Bag', 'Coat', 'Dress', 'Pullover', 'Sandal', 'Shirt', 'Sneaker', 'T-shirt', 'Trouser']
[0, 2.300534725189209, 2.3026936054229736, 0.1029166653752327, 0.10291666666666666, 0.02389177768629652, '00:42']
[1, 2.3033368587493896, 2.3025519847869873, 0.10358333587646484, 0.10358333333333333, 0.025143339529201413, '00:25']
[2, 2.303557872772217, 2.302236557006836, 0.10433333367109299, 0.10433333333333335, 0.026539536578652535, '00:19']
[3, 2.303704023361206, 2.3017241954803467, 0.11666666716337204, 0.11666666666666667, 0.046840102667235824, '00:16']
[4, 2.3038110733032227, 2.3009450435638428, 0.1314166635274887, 0.13141666666666668, 0.06567569629173119, '00:17']
[5, 2.3038952350616455, 2.2999660968780518, 0.15941666066646576, 0.15941666666666668, 0.0889163933848161, '00:20']
[6, 2.3031165599823, 2.2987418174743652, 0.1772499978542328, 0.17725, 0.09737559045423076, '00:26']
[7, 2.302487373352051, 2.297332763671875, 0.1912499964237213, 0.19125, 0.09664362271329811, '00:22']
[8, 2.302283525466919, 2.2959063053131104, 0.18408332765102386, 0.18408333333333332, 0.06894863721070373, '00:16']
[9, 2.301464319229126, 2.294241428375244, 0.26116666197776794, 0.26116666666666666, 0.1534208951083253, '00:16']
[10, 2.3008456230163574, 2.2921574115753174, 0.28591665625572205, 0.2859166666666667, 0.13993836506107873, '00:15']
[11, 2.3000433444976807, 2.289306879043579, 0.2850833237171173, 0.2850833333333333, 0.13973177602002457, '00:15']
[12, 2.29887318611145, 2.2857766151428223, 0.2906666696071625, 0.2906666666666667, 0.1456780744439892, '00:15']
[13, 2.2971322536468506, 2.281813383102417, 0.28841665387153625, 0.28841666666666665, 0.15852202541675103, '00:16']
[14, 2.295804977416992, 2.277407646179199, 0.2750833332538605, 0.27508333333333335, 0.15803182672677393, '00:16']
[15, 2.2938778400421143, 2.2728264331817627, 0.2593333423137665, 0.2593333333333333, 0.15100759657660504, '00:16']
[16, 2.292288303375244, 2.2679972648620605, 0.257833331823349, 0.25783333333333336, 0.1575570401444288, '00:16']
[17, 2.29032826423645, 2.262939214706421, 0.28091666102409363, 0.2809166666666667, 0.1858835462538562, '00:15']
[18, 2.2881760597229004, 2.257843017578125, 0.29783332347869873, 0.29783333333333334, 0.20198871528896994, '00:15']
[19, 2.286705493927002, 2.2526679039001465, 0.3135833442211151, 0.3135833333333333, 0.21277996180537948, '00:16']
[20, 2.2843456268310547, 2.2479500770568848, 0.3190833330154419, 0.31908333333333333, 0.21797810040402105, '00:15']
[21, 2.2824859619140625, 2.243596076965332, 0.3245833218097687, 0.32458333333333333, 0.22588652430107592, '00:15']
[22, 2.279824733734131, 2.2397384643554688, 0.3291666805744171, 0.32916666666666666, 0.2350338350175763, '00:15']
[23, 2.2774734497070312, 2.2364566326141357, 0.3323333263397217, 0.3323333333333333, 0.23821844995312486, '00:17']
[24, 2.2749547958374023, 2.233860731124878, 0.33383333683013916, 0.3338333333333333, 0.23958676488180392, '00:17']
[25, 2.273189067840576, 2.2319490909576416, 0.33633333444595337, 0.3363333333333333, 0.2414368779755313, '00:15']
[26, 2.2706613540649414, 2.2306787967681885, 0.33908334374427795, 0.3390833333333333, 0.24354725663123472, '00:15']
[27, 2.268644332885742, 2.229933500289917, 0.3399166762828827, 0.33991666666666664, 0.24406234942220975, '00:16']
[28, 2.2667412757873535, 2.229590654373169, 0.3399166762828827, 0.33991666666666664, 0.24394368829829136, '00:16']
[29, 2.265418291091919, 2.2295033931732178, 0.3400833308696747, 0.34008333333333335, 0.24405663760011667, '00:15']

Tiempo de entrenamiento: 544.75 segundos
/mnt/homeGPU/haoweihu/TFG/lib/python3.10/site-packages/fastai/learner.py:455: UserWarning: load_learner` uses Python's insecure pickle module, which can execute malicious arbitrary code when loading. Only load files you trust.
If you only need to load model weights and optimizer state, use the safe `Learner.load` instead.
  warn("load_learner` uses Python's insecure pickle module, which can execute malicious arbitrary code when loading. Only load files you trust.\nIf you only need to load model weights and optimizer state, use the safe `Learner.load` instead.")
Loss: 2.2295
Accuracy: 0.3401
Recall: 0.3401
F1-Score: 0.2441
Loss: 2.2545151710510254
Accuracy: 0.2823517620563507
Recall (macro): 0.2824155805061448
F1 Score (macro): 0.21942746457831666
---------------------------------------------------------------------------
--------------------------cifar distilld 01-----------------------------
---------------------------------------------------------------------------
---------------------------------------------------------------------------
Ejecutando: cifar10_dist1_only_ex1
---------------------------------------------------------------------------
Número total de imágenes en entrenamiento: 100
Número total de imágenes en validación: 10000

Clases: ['airplane', 'automobile', 'bird', 'cat', 'deer', 'dog', 'frog', 'horse', 'ship', 'truck']
[0, 2.303940534591675, 2.3039135932922363, 0.10000000149011612, 0.1, 0.01818181818181818, '00:24']
[1, 2.304086446762085, 2.3038878440856934, 0.10000000149011612, 0.1, 0.01818181818181818, '00:14']
[2, 2.303972005844116, 2.3037819862365723, 0.10000000149011612, 0.1, 0.01818181818181818, '00:13']
[3, 2.3043510913848877, 2.303624391555786, 0.10000000149011612, 0.1, 0.01818181818181818, '00:13']
[4, 2.3035528659820557, 2.3034825325012207, 0.10000000149011612, 0.1, 0.01818181818181818, '00:13']
[5, 2.303924322128296, 2.303260087966919, 0.10000000149011612, 0.1, 0.01818181818181818, '00:13']
[6, 2.3038570880889893, 2.3030903339385986, 0.10000000149011612, 0.1, 0.01818181818181818, '00:13']
[7, 2.3038768768310547, 2.3029425144195557, 0.10000000149011612, 0.1, 0.01818181818181818, '00:13']
[8, 2.303802967071533, 2.3027396202087402, 0.10000000149011612, 0.1, 0.01818181818181818, '00:13']
[9, 2.303158760070801, 2.302541971206665, 0.10000000149011612, 0.1, 0.01818181818181818, '00:13']
[10, 2.3026962280273438, 2.302302122116089, 0.10010000318288803, 0.1001, 0.01840222682553481, '00:13']
[11, 2.302659273147583, 2.302103281021118, 0.10010000318288803, 0.1001, 0.018386180006855855, '00:13']
[12, 2.3024179935455322, 2.3019559383392334, 0.10180000215768814, 0.1018, 0.022473818475670305, '00:13']
[13, 2.302788257598877, 2.3018460273742676, 0.10189999639987946, 0.10189999999999999, 0.046941647479607246, '00:13']
[14, 2.302485942840576, 2.301785945892334, 0.09709999710321426, 0.0971, 0.03015791445533153, '00:13']
[15, 2.3022642135620117, 2.3016977310180664, 0.09799999743700027, 0.098, 0.018808129738960448, '00:13']
[16, 2.301872730255127, 2.301635980606079, 0.09989999979734421, 0.0999, 0.018173549208659268, '00:13']
[17, 2.3020052909851074, 2.3014607429504395, 0.10000000149011612, 0.1, 0.018183471224656786, '00:13']
[18, 2.3019542694091797, 2.301201105117798, 0.10010000318288803, 0.1001, 0.01838492476790349, '00:13']
[19, 2.3019025325775146, 2.3010287284851074, 0.10000000149011612, 0.1, 0.01818181818181818, '00:13']
[20, 2.302234411239624, 2.3008644580841064, 0.10000000149011612, 0.1, 0.01818181818181818, '00:13']
[21, 2.3021647930145264, 2.3007028102874756, 0.10010000318288803, 0.1001, 0.018383271424456983, '00:14']
[22, 2.301953077316284, 2.300563097000122, 0.10010000318288803, 0.1001, 0.018383271424456983, '00:13']
[23, 2.3017616271972656, 2.3004510402679443, 0.10010000318288803, 0.1001, 0.018383271424456983, '00:14']
[24, 2.3017256259918213, 2.300365686416626, 0.10010000318288803, 0.1001, 0.018384725366506486, '00:13']
[25, 2.301241636276245, 2.300304412841797, 0.10010000318288803, 0.1001, 0.018386180006855855, '00:13']
[26, 2.3012239933013916, 2.3002607822418213, 0.10000000149011612, 0.1, 0.0183694469122419, '00:13']
[27, 2.301206350326538, 2.3002331256866455, 0.10000000149011612, 0.1, 0.01837090129163188, '00:13']
[28, 2.3012027740478516, 2.300220012664795, 0.10000000149011612, 0.1, 0.01837090129163188, '00:13']
[29, 2.3012332916259766, 2.300217390060425, 0.10000000149011612, 0.1, 0.01837090129163188, '00:13']

Tiempo de entrenamiento: 425.72 segundos
/mnt/homeGPU/haoweihu/TFG/lib/python3.10/site-packages/fastai/learner.py:455: UserWarning: load_learner` uses Python's insecure pickle module, which can execute malicious arbitrary code when loading. Only load files you trust.
If you only need to load model weights and optimizer state, use the safe `Learner.load` instead.
  warn("load_learner` uses Python's insecure pickle module, which can execute malicious arbitrary code when loading. Only load files you trust.\nIf you only need to load model weights and optimizer state, use the safe `Learner.load` instead.")
Loss: 2.3002
Accuracy: 0.1000
Recall: 0.1000
F1-Score: 0.0184
Loss: 2.3000335693359375
Accuracy: 0.10016025602817535
Recall (macro): 0.1
F1 Score (macro): 0.018216595318335003
---------------------------------------------------------------------------
Ejecutando: cifar10_dist1_only_ex2
---------------------------------------------------------------------------
Número total de imágenes en entrenamiento: 100
Número total de imágenes en validación: 10000

Clases: ['airplane', 'automobile', 'bird', 'cat', 'deer', 'dog', 'frog', 'horse', 'ship', 'truck']
[0, 2.302640199661255, 2.3040106296539307, 0.10000000149011612, 0.1, 0.01818181818181818, '00:20']
[1, 2.303582191467285, 2.3039965629577637, 0.10000000149011612, 0.1, 0.01818181818181818, '00:13']
[2, 2.3069074153900146, 2.303936243057251, 0.10000000149011612, 0.1, 0.01818181818181818, '00:13']
[3, 2.3073949813842773, 2.303835153579712, 0.10000000149011612, 0.1, 0.01818181818181818, '00:13']
[4, 2.3062009811401367, 2.3037452697753906, 0.10000000149011612, 0.1, 0.01818181818181818, '00:13']
[5, 2.3047780990600586, 2.3036696910858154, 0.10000000149011612, 0.1, 0.01818181818181818, '00:16']
[6, 2.3044240474700928, 2.303572177886963, 0.10000000149011612, 0.1, 0.01818181818181818, '00:15']
[7, 2.3044631481170654, 2.3034284114837646, 0.10000000149011612, 0.1, 0.01818181818181818, '00:15']
[8, 2.304408311843872, 2.3032636642456055, 0.10000000149011612, 0.1, 0.01818181818181818, '00:13']
[9, 2.30476450920105, 2.303069591522217, 0.10000000149011612, 0.1, 0.01818181818181818, '00:13']
[10, 2.3046748638153076, 2.3028788566589355, 0.09989999979734421, 0.0999, 0.018922510878001574, '00:13']
[11, 2.304517984390259, 2.302690267562866, 0.10119999945163727, 0.1012, 0.022803334848288174, '00:14']
[12, 2.304570198059082, 2.3024888038635254, 0.10670000314712524, 0.10669999999999999, 0.033878782727726264, '00:13']
[13, 2.3043887615203857, 2.3022983074188232, 0.11289999634027481, 0.1129, 0.03932359035266787, '00:13']
[14, 2.304452896118164, 2.302091121673584, 0.11159999668598175, 0.1116, 0.03834330000111952, '00:13']
[15, 2.30405592918396, 2.301910161972046, 0.10490000247955322, 0.1049, 0.03128552944049938, '00:13']
[16, 2.3039047718048096, 2.301757574081421, 0.10090000182390213, 0.10089999999999999, 0.021668345850692487, '00:14']
[17, 2.3036675453186035, 2.30161190032959, 0.10000000149011612, 0.1, 0.01837090129163188, '00:13']
[18, 2.3036229610443115, 2.301471471786499, 0.10000000149011612, 0.1, 0.01818181818181818, '00:13']
[19, 2.3033711910247803, 2.301335573196411, 0.10000000149011612, 0.1, 0.01818181818181818, '00:13']
[20, 2.3032889366149902, 2.3012149333953857, 0.10010000318288803, 0.1001, 0.018383271424456983, '00:13']
[21, 2.303227663040161, 2.301098346710205, 0.10010000318288803, 0.1001, 0.018383271424456983, '00:13']
[22, 2.302945852279663, 2.300999402999878, 0.10010000318288803, 0.1001, 0.018383271424456983, '00:13']
[23, 2.3025925159454346, 2.3009238243103027, 0.10010000318288803, 0.1001, 0.018383271424456983, '00:13']
[24, 2.302441120147705, 2.3008646965026855, 0.10010000318288803, 0.1001, 0.018383271424456983, '00:13']
[25, 2.302208423614502, 2.300823211669922, 0.10010000318288803, 0.1001, 0.018383271424456983, '00:14']
[26, 2.301781177520752, 2.300798177719116, 0.10010000318288803, 0.1001, 0.018383271424456983, '00:14']
[27, 2.3016278743743896, 2.3007850646972656, 0.10010000318288803, 0.1001, 0.018383271424456983, '00:14']
[28, 2.3016209602355957, 2.3007774353027344, 0.10010000318288803, 0.1001, 0.018383271424456983, '00:14']
[29, 2.301637649536133, 2.3007757663726807, 0.10010000318288803, 0.1001, 0.018383271424456983, '00:14']

Tiempo de entrenamiento: 429.95 segundos
/mnt/homeGPU/haoweihu/TFG/lib/python3.10/site-packages/fastai/learner.py:455: UserWarning: load_learner` uses Python's insecure pickle module, which can execute malicious arbitrary code when loading. Only load files you trust.
If you only need to load model weights and optimizer state, use the safe `Learner.load` instead.
  warn("load_learner` uses Python's insecure pickle module, which can execute malicious arbitrary code when loading. Only load files you trust.\nIf you only need to load model weights and optimizer state, use the safe `Learner.load` instead.")
Loss: 2.3008
Accuracy: 0.1001
Recall: 0.1001
F1-Score: 0.0184
Loss: 2.3008387088775635
Accuracy: 0.09985977411270142
Recall (macro): 0.1
F1 Score (macro): 0.018160291438979966
---------------------------------------------------------------------------
Ejecutando: cifar10_dist1_only_ex3
---------------------------------------------------------------------------
Número total de imágenes en entrenamiento: 100
Número total de imágenes en validación: 10000

Clases: ['airplane', 'automobile', 'bird', 'cat', 'deer', 'dog', 'frog', 'horse', 'ship', 'truck']
[0, 2.305600881576538, 2.3048813343048096, 0.1006999984383583, 0.10069999999999998, 0.02043691784485114, '00:21']
[1, 2.3087475299835205, 2.3048651218414307, 0.10040000081062317, 0.1004, 0.01919146546883773, '00:26']
[2, 2.3098902702331543, 2.304814100265503, 0.10010000318288803, 0.1001, 0.018399303012556996, '00:21']
[3, 2.308873176574707, 2.3047409057617188, 0.10000000149011612, 0.1, 0.018183471224656786, '00:18']
[4, 2.3107693195343018, 2.3046040534973145, 0.10000000149011612, 0.1, 0.01818181818181818, '00:14']
[5, 2.309729814529419, 2.3044700622558594, 0.10000000149011612, 0.1, 0.01818181818181818, '00:14']
[6, 2.309220790863037, 2.304328441619873, 0.10000000149011612, 0.1, 0.01818181818181818, '00:15']
[7, 2.3080062866210938, 2.304215431213379, 0.10000000149011612, 0.1, 0.01818181818181818, '00:15']
[8, 2.308378219604492, 2.3040316104888916, 0.10000000149011612, 0.1, 0.01818181818181818, '00:16']
[9, 2.30743145942688, 2.3038759231567383, 0.10000000149011612, 0.1, 0.01818181818181818, '00:14']
[10, 2.307187080383301, 2.3037071228027344, 0.10000000149011612, 0.1, 0.01818181818181818, '00:14']
[11, 2.3068032264709473, 2.3035449981689453, 0.10000000149011612, 0.1, 0.01818181818181818, '00:14']
[12, 2.3065059185028076, 2.3033993244171143, 0.10000000149011612, 0.1, 0.01818181818181818, '00:14']
[13, 2.305579900741577, 2.3033313751220703, 0.10000000149011612, 0.1, 0.01818181818181818, '00:14']
[14, 2.3055896759033203, 2.3032588958740234, 0.10000000149011612, 0.1, 0.01818181818181818, '00:14']
[15, 2.3050107955932617, 2.303205966949463, 0.10000000149011612, 0.1, 0.01818181818181818, '00:14']
[16, 2.30461049079895, 2.30314302444458, 0.10000000149011612, 0.1, 0.01818181818181818, '00:14']
[17, 2.304536819458008, 2.303081750869751, 0.10000000149011612, 0.1, 0.01818181818181818, '00:14']
[18, 2.3044381141662598, 2.3030154705047607, 0.10000000149011612, 0.1, 0.01818181818181818, '00:14']
[19, 2.3046646118164062, 2.3029229640960693, 0.10000000149011612, 0.1, 0.01818181818181818, '00:14']
[20, 2.3046653270721436, 2.302840232849121, 0.10000000149011612, 0.1, 0.01818181818181818, '00:14']
[21, 2.304638147354126, 2.302759885787964, 0.10000000149011612, 0.1, 0.01818181818181818, '00:14']
[22, 2.3048620223999023, 2.3026788234710693, 0.10000000149011612, 0.1, 0.01818181818181818, '00:14']
[23, 2.304865837097168, 2.3026087284088135, 0.10000000149011612, 0.1, 0.01818181818181818, '00:14']
[24, 2.304638624191284, 2.3025543689727783, 0.10000000149011612, 0.1, 0.01818181818181818, '00:14']
[25, 2.3043084144592285, 2.3025169372558594, 0.10000000149011612, 0.1, 0.01818181818181818, '00:14']
[26, 2.304494619369507, 2.3024919033050537, 0.10000000149011612, 0.1, 0.01818181818181818, '00:14']
[27, 2.304508686065674, 2.3024754524230957, 0.10000000149011612, 0.1, 0.01818181818181818, '00:14']
[28, 2.3043434619903564, 2.302469253540039, 0.10000000149011612, 0.1, 0.01818181818181818, '00:14']
[29, 2.3043103218078613, 2.302466869354248, 0.10000000149011612, 0.1, 0.01818181818181818, '00:14']

Tiempo de entrenamiento: 465.94 segundos
/mnt/homeGPU/haoweihu/TFG/lib/python3.10/site-packages/fastai/learner.py:455: UserWarning: load_learner` uses Python's insecure pickle module, which can execute malicious arbitrary code when loading. Only load files you trust.
If you only need to load model weights and optimizer state, use the safe `Learner.load` instead.
  warn("load_learner` uses Python's insecure pickle module, which can execute malicious arbitrary code when loading. Only load files you trust.\nIf you only need to load model weights and optimizer state, use the safe `Learner.load` instead.")
Loss: 2.3025
Accuracy: 0.1000
Recall: 0.1000
F1-Score: 0.0182
Loss: 2.30251145362854
Accuracy: 0.10006009787321091
Recall (macro): 0.1
F1 Score (macro): 0.018191750887735593
---------------------------------------------------------------------------
--------------------------distilld 02-----------------------------
---------------------------------------------------------------------------
---------------------------------------------------------------------------
Ejecutando: mnist_dist2_only_ex1
---------------------------------------------------------------------------
Número total de imágenes en entrenamiento: 59
Número total de imágenes en validación: 11996

Clases: ['0', '1', '2', '3', '4', '5', '6', '7', '8', '9']
[0, nan, 2.3070695400238037, 0.09911637008190155, 0.1, 0.018035646568069778, '00:25']
[1, nan, 2.3070695400238037, 0.09911637008190155, 0.1, 0.018035646568069778, '00:16']
[2, nan, 2.3070695400238037, 0.09911637008190155, 0.1, 0.018035646568069778, '00:16']
[3, nan, 2.3070695400238037, 0.09911637008190155, 0.1, 0.018035646568069778, '00:16']
[4, nan, 2.3070695400238037, 0.09911637008190155, 0.1, 0.018035646568069778, '00:16']
[5, nan, 2.3070695400238037, 0.09911637008190155, 0.1, 0.018035646568069778, '00:16']
No improvement since epoch 0: early stopping

Tiempo de entrenamiento: 108.11 segundos
/mnt/homeGPU/haoweihu/TFG/lib/python3.10/site-packages/fastai/learner.py:455: UserWarning: load_learner` uses Python's insecure pickle module, which can execute malicious arbitrary code when loading. Only load files you trust.
If you only need to load model weights and optimizer state, use the safe `Learner.load` instead.
  warn("load_learner` uses Python's insecure pickle module, which can execute malicious arbitrary code when loading. Only load files you trust.\nIf you only need to load model weights and optimizer state, use the safe `Learner.load` instead.")
Loss: 2.3071
Accuracy: 0.0991
Recall: 0.1000
F1-Score: 0.0180
Loss: 2.307326078414917
Accuracy: 0.10086137801408768
Recall (macro): 0.1
F1 Score (macro): 0.018324083340915294
---------------------------------------------------------------------------
Ejecutando: fmnist_dist2_only_ex1
---------------------------------------------------------------------------
Número total de imágenes en entrenamiento: 50
Número total de imágenes en validación: 12000

Clases: ['Ankle boot', 'Bag', 'Coat', 'Dress', 'Pullover', 'Sandal', 'Shirt', 'Sneaker', 'T-shirt', 'Trouser']
[0, nan, 2.305281162261963, 0.1080833300948143, 0.10808333333333334, 0.031060858239937462, '00:30']
[1, nan, 2.305281162261963, 0.1080833300948143, 0.10808333333333334, 0.031060858239937462, '00:16']
[2, nan, 2.305281162261963, 0.1080833300948143, 0.10808333333333334, 0.031060858239937462, '00:16']
[3, nan, 2.305281162261963, 0.1080833300948143, 0.10808333333333334, 0.031060858239937462, '00:16']
[4, nan, 2.305281162261963, 0.1080833300948143, 0.10808333333333334, 0.031060858239937462, '00:16']
[5, nan, 2.305281162261963, 0.1080833300948143, 0.10808333333333334, 0.031060858239937462, '00:16']
No improvement since epoch 0: early stopping

Tiempo de entrenamiento: 113.44 segundos
/mnt/homeGPU/haoweihu/TFG/lib/python3.10/site-packages/fastai/learner.py:455: UserWarning: load_learner` uses Python's insecure pickle module, which can execute malicious arbitrary code when loading. Only load files you trust.
If you only need to load model weights and optimizer state, use the safe `Learner.load` instead.
  warn("load_learner` uses Python's insecure pickle module, which can execute malicious arbitrary code when loading. Only load files you trust.\nIf you only need to load model weights and optimizer state, use the safe `Learner.load` instead.")
Loss: 2.3053
Accuracy: 0.1081
Recall: 0.1081
F1-Score: 0.0311
Loss: 2.3055105209350586
Accuracy: 0.10777243226766586
Recall (macro): 0.1079079079079079
F1 Score (macro): 0.03074897873040629
---------------------------------------------------------------------------
Ejecutando: cifar10_dist2_only_ex3
---------------------------------------------------------------------------
Número total de imágenes en entrenamiento: 50
Número total de imágenes en validación: 10000

Clases: ['airplane', 'automobile', 'bird', 'cat', 'deer', 'dog', 'frog', 'horse', 'ship', 'truck']
[0, nan, 2.305400848388672, 0.10000000149011612, 0.1, 0.01818181818181818, '00:20']
[1, nan, 2.305400848388672, 0.10000000149011612, 0.1, 0.01818181818181818, '00:14']
[2, nan, 2.305400848388672, 0.10000000149011612, 0.1, 0.01818181818181818, '00:14']
[3, nan, 2.305400848388672, 0.10000000149011612, 0.1, 0.01818181818181818, '00:14']
[4, nan, 2.305400848388672, 0.10000000149011612, 0.1, 0.01818181818181818, '00:14']
[5, nan, 2.305400848388672, 0.10000000149011612, 0.1, 0.01818181818181818, '00:14']
No improvement since epoch 0: early stopping

Tiempo de entrenamiento: 93.03 segundos
/mnt/homeGPU/haoweihu/TFG/lib/python3.10/site-packages/fastai/learner.py:455: UserWarning: load_learner` uses Python's insecure pickle module, which can execute malicious arbitrary code when loading. Only load files you trust.
If you only need to load model weights and optimizer state, use the safe `Learner.load` instead.
  warn("load_learner` uses Python's insecure pickle module, which can execute malicious arbitrary code when loading. Only load files you trust.\nIf you only need to load model weights and optimizer state, use the safe `Learner.load` instead.")
Loss: 2.3054
Accuracy: 0.1000
Recall: 0.1000
F1-Score: 0.0182
Loss: 2.3053481578826904
Accuracy: 0.10006009787321091
Recall (macro): 0.1
F1 Score (macro): 0.018191750887735593
---------------------------------------------------------------------------
--------------------------distilld 04-----------------------------
---------------------------------------------------------------------------
---------------------------------------------------------------------------
Ejecutando: mnist_dist4_only_ex1
---------------------------------------------------------------------------
Número total de imágenes en entrenamiento: 30
Número total de imágenes en validación: 11996

Clases: ['0', '1', '2', '3', '4', '5', '6', '7', '8', '9']
[0, nan, 2.3056743144989014, 0.09911637008190155, 0.1, 0.018035646568069778, '00:31']
[1, nan, 2.3056743144989014, 0.09911637008190155, 0.1, 0.018035646568069778, '00:16']
[2, nan, 2.3056743144989014, 0.09911637008190155, 0.1, 0.018035646568069778, '00:16']
[3, nan, 2.3056743144989014, 0.09911637008190155, 0.1, 0.018035646568069778, '00:16']
[4, nan, 2.3056743144989014, 0.09911637008190155, 0.1, 0.018035646568069778, '00:16']
[5, nan, 2.3056743144989014, 0.09911637008190155, 0.1, 0.018035646568069778, '00:16']
No improvement since epoch 0: early stopping

Tiempo de entrenamiento: 114.30 segundos
/mnt/homeGPU/haoweihu/TFG/lib/python3.10/site-packages/fastai/learner.py:455: UserWarning: load_learner` uses Python's insecure pickle module, which can execute malicious arbitrary code when loading. Only load files you trust.
If you only need to load model weights and optimizer state, use the safe `Learner.load` instead.
  warn("load_learner` uses Python's insecure pickle module, which can execute malicious arbitrary code when loading. Only load files you trust.\nIf you only need to load model weights and optimizer state, use the safe `Learner.load` instead.")
Loss: 2.3057
Accuracy: 0.0991
Recall: 0.1000
F1-Score: 0.0180
Loss: 2.305748462677002
Accuracy: 0.10086137801408768
Recall (macro): 0.1
F1 Score (macro): 0.018324083340915294
---------------------------------------------------------------------------
Ejecutando: fmnist_dist4_only_ex1
---------------------------------------------------------------------------
Número total de imágenes en entrenamiento: 30
Número total de imágenes en validación: 12000

Clases: ['Ankle boot', 'Bag', 'Coat', 'Dress', 'Pullover', 'Sandal', 'Shirt', 'Sneaker', 'T-shirt', 'Trouser']
[0, nan, 2.3047072887420654, 0.10000000149011612, 0.1, 0.01818181818181818, '00:23']
[1, nan, 2.3047072887420654, 0.10000000149011612, 0.1, 0.01818181818181818, '00:16']
[2, nan, 2.3047072887420654, 0.10000000149011612, 0.1, 0.01818181818181818, '00:16']
[3, nan, 2.3047072887420654, 0.10000000149011612, 0.1, 0.01818181818181818, '00:16']
[4, nan, 2.3047072887420654, 0.10000000149011612, 0.1, 0.01818181818181818, '00:16']
[5, nan, 2.3047072887420654, 0.10000000149011612, 0.1, 0.01818181818181818, '00:16']
No improvement since epoch 0: early stopping

Tiempo de entrenamiento: 106.46 segundos
/mnt/homeGPU/haoweihu/TFG/lib/python3.10/site-packages/fastai/learner.py:455: UserWarning: load_learner` uses Python's insecure pickle module, which can execute malicious arbitrary code when loading. Only load files you trust.
If you only need to load model weights and optimizer state, use the safe `Learner.load` instead.
  warn("load_learner` uses Python's insecure pickle module, which can execute malicious arbitrary code when loading. Only load files you trust.\nIf you only need to load model weights and optimizer state, use the safe `Learner.load` instead.")
Loss: 2.3047
Accuracy: 0.1000
Recall: 0.1000
F1-Score: 0.0182
Loss: 2.304631471633911
Accuracy: 0.09985977411270142
Recall (macro): 0.1
F1 Score (macro): 0.01815863764684455
---------------------------------------------------------------------------
Ejecutando: cifar10_dist4_only_ex3
---------------------------------------------------------------------------
Número total de imágenes en entrenamiento: 30
Número total de imágenes en validación: 10000

Clases: ['airplane', 'automobile', 'bird', 'cat', 'deer', 'dog', 'frog', 'horse', 'ship', 'truck']
[0, nan, 2.305248737335205, 0.10010000318288803, 0.1001, 0.01840222682553481, '00:28']
[1, nan, 2.305248737335205, 0.10010000318288803, 0.1001, 0.01840222682553481, '00:14']
[2, nan, 2.305248737335205, 0.10010000318288803, 0.1001, 0.01840222682553481, '00:14']
[3, nan, 2.305248737335205, 0.10010000318288803, 0.1001, 0.01840222682553481, '00:14']
[4, nan, 2.305248737335205, 0.10010000318288803, 0.1001, 0.01840222682553481, '00:14']
[5, nan, 2.305248737335205, 0.10010000318288803, 0.1001, 0.01840222682553481, '00:14']
No improvement since epoch 0: early stopping

Tiempo de entrenamiento: 100.33 segundos
/mnt/homeGPU/haoweihu/TFG/lib/python3.10/site-packages/fastai/learner.py:455: UserWarning: load_learner` uses Python's insecure pickle module, which can execute malicious arbitrary code when loading. Only load files you trust.
If you only need to load model weights and optimizer state, use the safe `Learner.load` instead.
  warn("load_learner` uses Python's insecure pickle module, which can execute malicious arbitrary code when loading. Only load files you trust.\nIf you only need to load model weights and optimizer state, use the safe `Learner.load` instead.")
Loss: 2.3052
Accuracy: 0.1001
Recall: 0.1001
F1-Score: 0.0184
Loss: 2.305246114730835
Accuracy: 0.09995993226766586
Recall (macro): 0.0998998998998999
F1 Score (macro): 0.018190102980041922
mail: cannot send message: Process exited with a non-zero status
