---------------------------------------------------------------------------
--------------------------MODELOS DISTILLED 001-----------------------------
---------------------------------------------------------------------------
---------------------------------------------------------------------------
Ejecutando: fmnist_dist1_exclude_ex1
---------------------------------------------------------------------------
Número total de imágenes en entrenamiento: 9600
Número total de imágenes en validación: 12000

Clases: ['Ankle boot', 'Bag', 'Coat', 'Dress', 'Pullover', 'Sandal', 'Shirt', 'Sneaker', 'T-shirt', 'Trouser']
[0, 2.2560813426971436, 2.2162554264068604, 0.36766666173934937, 0.3676666666666667, 0.3035637538271472, '03:03']
[1, 1.5420764684677124, 1.1373416185379028, 0.6199166774749756, 0.6199166666666667, 0.5814924590025571, '00:56']
[2, 0.9183997511863708, 0.8387439846992493, 0.6860833168029785, 0.6860833333333335, 0.6728538443733589, '00:57']
[3, 0.7783771753311157, 0.7587777376174927, 0.715666651725769, 0.7156666666666667, 0.710145953817308, '00:57']
[4, 0.7283312678337097, 0.7101213335990906, 0.7288333177566528, 0.7288333333333333, 0.6986864400927406, '00:56']
[5, 0.6582908034324646, 0.673186719417572, 0.7462499737739563, 0.7462500000000001, 0.721799467110365, '00:56']
[6, 0.620582640171051, 0.5888128876686096, 0.7750833630561829, 0.7750833333333332, 0.7610441214013395, '00:59']
[7, 0.5744382739067078, 0.565070390701294, 0.7861666679382324, 0.7861666666666666, 0.7686225787234926, '00:58']
[8, 0.5306271314620972, 0.5549076199531555, 0.7829999923706055, 0.783, 0.7771026548462382, '00:58']
[9, 0.5081628561019897, 0.5223965644836426, 0.8063333630561829, 0.8063333333333335, 0.8023854816835371, '00:58']
[10, 0.49162206053733826, 0.4788641035556793, 0.8220833539962769, 0.8220833333333333, 0.8108617616738186, '00:57']
[11, 0.47064903378486633, 0.46905362606048584, 0.8298333287239075, 0.8298333333333334, 0.8280321061247099, '00:57']
[12, 0.4436124563217163, 0.4549471437931061, 0.8364999890327454, 0.8365, 0.8343549158448887, '00:58']
[13, 0.4249435365200043, 0.45153823494911194, 0.8339999914169312, 0.834, 0.8315808205274925, '00:57']
[14, 0.41593900322914124, 0.4318373501300812, 0.8399166464805603, 0.8399166666666666, 0.8358337178736435, '00:58']
[15, 0.39889317750930786, 0.43131864070892334, 0.8412500023841858, 0.8412500000000002, 0.8404116514890557, '00:57']
[16, 0.3779628276824951, 0.42663082480430603, 0.8462499976158142, 0.8462500000000001, 0.8400091964460603, '00:58']
[17, 0.3688414990901947, 0.41792216897010803, 0.8452500104904175, 0.8452500000000001, 0.8482218123020315, '00:56']
[18, 0.35010066628456116, 0.40203040838241577, 0.8529999852180481, 0.853, 0.8537825543273886, '00:59']
[19, 0.3446404039859772, 0.3964693546295166, 0.8544166684150696, 0.8544166666666666, 0.8526776028076579, '00:58']
[20, 0.33316516876220703, 0.3841240108013153, 0.8621666431427002, 0.8621666666666666, 0.8595384779219112, '00:59']
[21, 0.31866025924682617, 0.3930664360523224, 0.8568333387374878, 0.8568333333333333, 0.8577199403364654, '00:59']
[22, 0.3059617280960083, 0.37998780608177185, 0.8603333234786987, 0.8603333333333334, 0.8599224524492671, '01:03']
[23, 0.3117065131664276, 0.37713003158569336, 0.8631666898727417, 0.8631666666666666, 0.8605959180503258, '01:08']
[24, 0.2918551564216614, 0.37985315918922424, 0.8629166483879089, 0.8629166666666667, 0.8625892152736103, '01:16']
[25, 0.292135626077652, 0.37471285462379456, 0.8650000095367432, 0.865, 0.8638657881721261, '01:17']
[26, 0.2862682640552521, 0.37383246421813965, 0.8622499704360962, 0.8622500000000001, 0.8617233621829001, '01:20']
[27, 0.28221747279167175, 0.37279027700424194, 0.8646666407585144, 0.8646666666666667, 0.8635369006012465, '01:11']
[28, 0.2781900465488434, 0.37235161662101746, 0.8654166460037231, 0.8654166666666667, 0.8647591349227113, '01:13']
[29, 0.2811625003814697, 0.37226536870002747, 0.8653333187103271, 0.8653333333333334, 0.8646036017659087, '01:06']

Tiempo de entrenamiento: 1979.05 segundos
/mnt/homeGPU/haoweihu/TFG/lib/python3.10/site-packages/fastai/learner.py:455: UserWarning: load_learner` uses Python's insecure pickle module, which can execute malicious arbitrary code when loading. Only load files you trust.
If you only need to load model weights and optimizer state, use the safe `Learner.load` instead.
  warn("load_learner` uses Python's insecure pickle module, which can execute malicious arbitrary code when loading. Only load files you trust.\nIf you only need to load model weights and optimizer state, use the safe `Learner.load` instead.")
Loss: 0.3723
Accuracy: 0.8653
Recall: 0.8653
F1-Score: 0.8646
Loss: 2.6226277351379395
Accuracy: 0.6832932829856873
Recall (macro): 0.6833233198999267
F1 Score (macro): 0.6832873182570249
---------------------------------------------------------------------------
Ejecutando: fmnist_dist1_exclude_ex2
---------------------------------------------------------------------------
Número total de imágenes en entrenamiento: 9600
Número total de imágenes en validación: 12000

Clases: ['Ankle boot', 'Bag', 'Coat', 'Dress', 'Pullover', 'Sandal', 'Shirt', 'Sneaker', 'T-shirt', 'Trouser']
[0, 2.283998966217041, 2.266385316848755, 0.2706666588783264, 0.27066666666666667, 0.1740565033444642, '03:38']
[1, 1.6713517904281616, 1.2437714338302612, 0.5892500281333923, 0.5892499999999999, 0.5721953348222579, '01:10']
[2, 0.9900232553482056, 0.8851834535598755, 0.6755833625793457, 0.6755833333333334, 0.6509447049649211, '01:07']
[3, 0.7957224249839783, 0.7503238916397095, 0.684499979019165, 0.6845, 0.6696838696730617, '01:10']
[4, 0.7008782625198364, 0.6621842980384827, 0.7557500004768372, 0.75575, 0.749369847330228, '01:09']
[5, 0.6331244707107544, 0.6225557923316956, 0.765666663646698, 0.7656666666666667, 0.7370829374867486, '01:10']
[6, 0.5779479742050171, 0.5987399220466614, 0.7690833210945129, 0.7690833333333333, 0.7482875693181553, '01:11']
[7, 0.5434783101081848, 0.5423380136489868, 0.8025833368301392, 0.8025833333333334, 0.7869789537810773, '01:10']
[8, 0.5026950836181641, 0.5203530192375183, 0.812333345413208, 0.8123333333333334, 0.8041513980714783, '01:10']
[9, 0.4960354268550873, 0.4864159822463989, 0.8267499804496765, 0.82675, 0.8212483975075839, '01:10']
[10, 0.4574165344238281, 0.46030712127685547, 0.8357499837875366, 0.83575, 0.8357484230545408, '01:10']
[11, 0.4284266531467438, 0.45487019419670105, 0.8360833525657654, 0.8360833333333334, 0.8305281494218562, '01:12']
[12, 0.40334033966064453, 0.4564388394355774, 0.8340833187103271, 0.8340833333333334, 0.822189508000714, '01:10']
[13, 0.38561299443244934, 0.4514022767543793, 0.840583324432373, 0.8405833333333333, 0.8407584077673859, '01:11']
[14, 0.3634393513202667, 0.42017892003059387, 0.8487499952316284, 0.8487499999999999, 0.8473187396524946, '01:11']
[15, 0.35176706314086914, 0.41771936416625977, 0.8547499775886536, 0.8547500000000001, 0.8496652549206566, '01:12']
[16, 0.33847007155418396, 0.40097346901893616, 0.8565833568572998, 0.8565833333333334, 0.854469451455546, '01:12']
[17, 0.3315499722957611, 0.3918502926826477, 0.8600000143051147, 0.86, 0.8587574696967973, '01:15']
[18, 0.31648364663124084, 0.4181021451950073, 0.8508333563804626, 0.8508333333333333, 0.8492353230467928, '01:10']
[19, 0.3003223240375519, 0.3930518329143524, 0.8602499961853027, 0.86025, 0.8590930321890278, '01:10']
[20, 0.29270434379577637, 0.3926558792591095, 0.8600833415985107, 0.8600833333333334, 0.8609258055877694, '01:13']
[21, 0.28104129433631897, 0.38086917996406555, 0.8664166927337646, 0.8664166666666666, 0.8658613674855795, '01:11']
[22, 0.27597975730895996, 0.38006871938705444, 0.8656666874885559, 0.8656666666666666, 0.8653748061851019, '01:13']
[23, 0.26525431871414185, 0.379800021648407, 0.8684166669845581, 0.8684166666666666, 0.8670239314757927, '01:11']
[24, 0.2570168673992157, 0.3825971186161041, 0.8661666512489319, 0.8661666666666665, 0.8642190276784542, '01:10']
[25, 0.2561376392841339, 0.378450483083725, 0.8702499866485596, 0.8702500000000001, 0.8692998396381769, '01:11']
[26, 0.2535928189754486, 0.37961214780807495, 0.8683333396911621, 0.8683333333333334, 0.8667930177814309, '01:13']
[27, 0.2435705065727234, 0.3772910237312317, 0.8703333139419556, 0.8703333333333333, 0.8692614491586527, '01:10']
[28, 0.24365173280239105, 0.3768748342990875, 0.8714166879653931, 0.8714166666666667, 0.8704567841949633, '01:11']
[29, 0.235040545463562, 0.37676793336868286, 0.8714166879653931, 0.8714166666666665, 0.8704563412447284, '01:11']

Tiempo de entrenamiento: 2287.10 segundos
/mnt/homeGPU/haoweihu/TFG/lib/python3.10/site-packages/fastai/learner.py:455: UserWarning: load_learner` uses Python's insecure pickle module, which can execute malicious arbitrary code when loading. Only load files you trust.
If you only need to load model weights and optimizer state, use the safe `Learner.load` instead.
  warn("load_learner` uses Python's insecure pickle module, which can execute malicious arbitrary code when loading. Only load files you trust.\nIf you only need to load model weights and optimizer state, use the safe `Learner.load` instead.")
Loss: 0.3768
Accuracy: 0.8714
Recall: 0.8714
F1-Score: 0.8705
Loss: 3.060255289077759
Accuracy: 0.6856971383094788
Recall (macro): 0.6856048470930693
F1 Score (macro): 0.6850378799426957
---------------------------------------------------------------------------
Ejecutando: fmnist_dist1_exclude_ex3
---------------------------------------------------------------------------
Número total de imágenes en entrenamiento: 9600
Número total de imágenes en validación: 12000

Clases: ['Ankle boot', 'Bag', 'Coat', 'Dress', 'Pullover', 'Sandal', 'Shirt', 'Sneaker', 'T-shirt', 'Trouser']
[0, 2.287034749984741, 2.2698445320129395, 0.39108332991600037, 0.39108333333333334, 0.2586417536269023, '03:28']
[1, 1.6916745901107788, 1.2559272050857544, 0.5598333477973938, 0.5598333333333334, 0.5191407644708141, '01:07']
[2, 0.9732139706611633, 0.8420414328575134, 0.6850000023841858, 0.6849999999999999, 0.6587144735013806, '01:10']
[3, 0.7941648960113525, 0.7322244644165039, 0.7112500071525574, 0.71125, 0.6879365019438566, '01:09']
[4, 0.6941983699798584, 0.6625986099243164, 0.7449166774749756, 0.7449166666666667, 0.739986523025898, '01:09']
[5, 0.6335731744766235, 0.6092421412467957, 0.7706666588783264, 0.7706666666666667, 0.7586436129303554, '01:10']
[6, 0.590808629989624, 0.5812923908233643, 0.781000018119812, 0.7809999999999999, 0.7695422858053977, '01:08']
[7, 0.5504486560821533, 0.5368797779083252, 0.800083339214325, 0.8000833333333333, 0.796972394271348, '01:09']
[8, 0.5324886441230774, 0.5221240520477295, 0.8045833110809326, 0.8045833333333334, 0.7933180758785624, '01:11']
[9, 0.48298466205596924, 0.511205792427063, 0.8089166879653931, 0.8089166666666665, 0.8090794602656288, '01:11']
[10, 0.48116815090179443, 0.48448726534843445, 0.8236666917800903, 0.8236666666666667, 0.8242592331194617, '01:12']
[11, 0.4375075399875641, 0.468788206577301, 0.8299999833106995, 0.8299999999999998, 0.8285612403343174, '01:12']
[12, 0.4182039499282837, 0.48513126373291016, 0.8179166913032532, 0.8179166666666667, 0.8122902335866614, '01:18']
[13, 0.39490628242492676, 0.45121532678604126, 0.8364166617393494, 0.8364166666666668, 0.8368351274205145, '01:18']
[14, 0.3810718059539795, 0.45564985275268555, 0.8358333110809326, 0.8358333333333332, 0.8372269107799133, '01:17']
[15, 0.36616384983062744, 0.41189777851104736, 0.8515833616256714, 0.8515833333333334, 0.8501715984053421, '01:16']
[16, 0.35231468081474304, 0.42012926936149597, 0.8506666421890259, 0.8506666666666668, 0.848180137035623, '01:13']
[17, 0.33848944306373596, 0.4106476604938507, 0.8531666398048401, 0.8531666666666666, 0.8534333796441166, '01:12']
[18, 0.3385412096977234, 0.40165212750434875, 0.8552500009536743, 0.8552500000000001, 0.851831230741257, '01:18']
[19, 0.31284475326538086, 0.4030649960041046, 0.8556666374206543, 0.8556666666666668, 0.8569431614790158, '01:16']
[20, 0.31265079975128174, 0.4007805287837982, 0.8550000190734863, 0.8549999999999999, 0.8534777641735507, '01:17']
[21, 0.2977939546108246, 0.3946320712566376, 0.8575000166893005, 0.8574999999999999, 0.855919645635985, '01:21']
[22, 0.3007180690765381, 0.3863426148891449, 0.862583339214325, 0.8625833333333333, 0.8620998635820193, '01:19']
[23, 0.28072604537010193, 0.38774624466896057, 0.8608333468437195, 0.8608333333333335, 0.8607240450815944, '01:11']
[24, 0.288656085729599, 0.3843573033809662, 0.8628333210945129, 0.8628333333333333, 0.8625058534652041, '01:11']
[25, 0.2791423499584198, 0.3871707320213318, 0.8621666431427002, 0.8621666666666666, 0.8621109967465115, '01:14']
[26, 0.272466778755188, 0.38406676054000854, 0.8633333444595337, 0.8633333333333333, 0.8627726783718895, '01:12']
[27, 0.2549443244934082, 0.3839285969734192, 0.8629999756813049, 0.8630000000000001, 0.8628641375872983, '01:11']
[28, 0.25874224305152893, 0.3839685022830963, 0.8634999990463257, 0.8634999999999999, 0.8628633067658994, '01:12']
[29, 0.2757134437561035, 0.38402873277664185, 0.8629999756813049, 0.8630000000000001, 0.8622387770083453, '01:13']

Tiempo de entrenamiento: 2339.57 segundos
/mnt/homeGPU/haoweihu/TFG/lib/python3.10/site-packages/fastai/learner.py:455: UserWarning: load_learner` uses Python's insecure pickle module, which can execute malicious arbitrary code when loading. Only load files you trust.
If you only need to load model weights and optimizer state, use the safe `Learner.load` instead.
  warn("load_learner` uses Python's insecure pickle module, which can execute malicious arbitrary code when loading. Only load files you trust.\nIf you only need to load model weights and optimizer state, use the safe `Learner.load` instead.")
Loss: 0.3840
Accuracy: 0.8630
Recall: 0.8630
F1-Score: 0.8622
Loss: 2.8458139896392822
Accuracy: 0.6791867017745972
Recall (macro): 0.6792992547853047
F1 Score (macro): 0.679182979881076
---------------------------------------------------------------------------
--------------------------MODELOS DISTILLED 005-----------------------------
---------------------------------------------------------------------------
---------------------------------------------------------------------------
Ejecutando: fmnist_dist5_exclude_ex1
---------------------------------------------------------------------------
Número total de imágenes en entrenamiento: 9600
Número total de imágenes en validación: 12000

Clases: ['Ankle boot', 'Bag', 'Coat', 'Dress', 'Pullover', 'Sandal', 'Shirt', 'Sneaker', 'T-shirt', 'Trouser']
[0, 2.2806479930877686, 2.2590436935424805, 0.32100000977516174, 0.321, 0.22000321627110336, '03:58']
[1, 1.6749261617660522, 1.2704089879989624, 0.5964166522026062, 0.5964166666666667, 0.5397599305359001, '01:26']
[2, 0.9560413956642151, 0.8775481581687927, 0.6820833086967468, 0.6820833333333334, 0.654005568255455, '01:20']
[3, 0.8205956220626831, 0.760182797908783, 0.7159166932106018, 0.7159166666666665, 0.709180297641605, '01:14']
[4, 0.7436039447784424, 0.6912352442741394, 0.7414166927337646, 0.7414166666666666, 0.7132545925404853, '01:15']
[5, 0.6753298044204712, 0.628428041934967, 0.7620000243186951, 0.7619999999999999, 0.7551054733768968, '01:13']
[6, 0.6254847645759583, 0.6037245392799377, 0.7730000019073486, 0.773, 0.752225536359074, '01:12']
[7, 0.5921379327774048, 0.5873967409133911, 0.7761666774749756, 0.7761666666666667, 0.7722171795663024, '01:07']
[8, 0.5369760394096375, 0.5248358249664307, 0.8053333163261414, 0.8053333333333332, 0.801555407502615, '01:06']
[9, 0.49957209825515747, 0.5172618627548218, 0.8088333606719971, 0.8088333333333333, 0.8036938077391224, '01:07']
[10, 0.47367265820503235, 0.48410654067993164, 0.8187500238418579, 0.81875, 0.809572768380348, '01:06']
[11, 0.4488416612148285, 0.4658797085285187, 0.8301666378974915, 0.8301666666666666, 0.8317388220446352, '01:08']
[12, 0.41551393270492554, 0.43504464626312256, 0.8395833373069763, 0.8395833333333333, 0.8406560537281754, '01:07']
[13, 0.40579211711883545, 0.41446077823638916, 0.8498333096504211, 0.8498333333333333, 0.8489362089052758, '01:07']
[14, 0.39858677983283997, 0.4081169068813324, 0.8550833463668823, 0.8550833333333333, 0.8532384611985382, '01:08']
[15, 0.3550442159175873, 0.40506067872047424, 0.8550000190734863, 0.8550000000000001, 0.8544161178971524, '01:11']
[16, 0.34583139419555664, 0.3924329876899719, 0.8605833053588867, 0.8605833333333333, 0.8582075811144498, '01:07']
[17, 0.33047306537628174, 0.3909730911254883, 0.8589166402816772, 0.8589166666666666, 0.8562351194987474, '01:08']
[18, 0.33313220739364624, 0.3754182457923889, 0.8659999966621399, 0.866, 0.8659194658671897, '01:07']
[19, 0.31545141339302063, 0.380275160074234, 0.862416684627533, 0.8624166666666666, 0.8646080567109156, '01:06']
[20, 0.30403149127960205, 0.3743523359298706, 0.8652499914169312, 0.86525, 0.8646338852801497, '01:08']
[21, 0.29918232560157776, 0.3688904941082001, 0.8680833578109741, 0.8680833333333334, 0.8659694090335177, '01:06']
[22, 0.2776951789855957, 0.36632609367370605, 0.8699166774749756, 0.8699166666666667, 0.8684445704518753, '01:09']
[23, 0.284345805644989, 0.3686569929122925, 0.8709166646003723, 0.8709166666666667, 0.8707431603083101, '01:08']
[24, 0.2742556631565094, 0.3647128939628601, 0.8693333268165588, 0.8693333333333333, 0.8690479270250708, '01:07']
[25, 0.2717435956001282, 0.36454617977142334, 0.8721666932106018, 0.8721666666666665, 0.8717279590805831, '01:07']
[26, 0.25611335039138794, 0.36295947432518005, 0.871833324432373, 0.8718333333333333, 0.871985193981988, '01:06']
[27, 0.2501431703567505, 0.3618154227733612, 0.8721666932106018, 0.8721666666666665, 0.8714022705832256, '01:03']
[28, 0.2590690851211548, 0.36183303594589233, 0.8729166388511658, 0.8729166666666666, 0.8722581149560552, '01:04']
[29, 0.25702497363090515, 0.3619574308395386, 0.8724166750907898, 0.8724166666666667, 0.871768418259576, '01:05']

Tiempo de entrenamiento: 2253.03 segundos
/mnt/homeGPU/haoweihu/TFG/lib/python3.10/site-packages/fastai/learner.py:455: UserWarning: load_learner` uses Python's insecure pickle module, which can execute malicious arbitrary code when loading. Only load files you trust.
If you only need to load model weights and optimizer state, use the safe `Learner.load` instead.
  warn("load_learner` uses Python's insecure pickle module, which can execute malicious arbitrary code when loading. Only load files you trust.\nIf you only need to load model weights and optimizer state, use the safe `Learner.load` instead.")
Loss: 0.3620
Accuracy: 0.8724
Recall: 0.8724
F1-Score: 0.8718
Loss: 2.9298110008239746
Accuracy: 0.6846955418586731
Recall (macro): 0.6848569365326356
F1 Score (macro): 0.6845802580100931
---------------------------------------------------------------------------
Ejecutando: fmnist_dist5_exclude_ex2
---------------------------------------------------------------------------
Número total de imágenes en entrenamiento: 9600
Número total de imágenes en validación: 12000

Clases: ['Ankle boot', 'Bag', 'Coat', 'Dress', 'Pullover', 'Sandal', 'Shirt', 'Sneaker', 'T-shirt', 'Trouser']
[0, 2.271507501602173, 2.2438998222351074, 0.20233333110809326, 0.2023333333333333, 0.10492547660878693, '03:22']
[1, 1.6554778814315796, 1.2607097625732422, 0.5700833201408386, 0.5700833333333333, 0.5402382105578645, '01:05']
[2, 0.9358981847763062, 0.8356884717941284, 0.6848333477973938, 0.6848333333333334, 0.6652302872301996, '01:09']
[3, 0.7594072818756104, 0.747796893119812, 0.7204166650772095, 0.7204166666666667, 0.7047132116468434, '01:08']
[4, 0.696209728717804, 0.6569588780403137, 0.7463333606719971, 0.7463333333333333, 0.7335330272524304, '01:04']
[5, 0.6287270784378052, 0.651744544506073, 0.7514166831970215, 0.7514166666666667, 0.7412708778863896, '01:05']
[6, 0.5623094439506531, 0.5659387111663818, 0.778166651725769, 0.7781666666666667, 0.7738750101908207, '01:05']
[7, 0.5330007672309875, 0.5497978329658508, 0.7985833287239075, 0.7985833333333333, 0.79961104146956, '01:05']
[8, 0.4999333918094635, 0.49313998222351074, 0.8168333172798157, 0.8168333333333333, 0.811801106202385, '01:06']
[9, 0.46129724383354187, 0.4779287576675415, 0.8243333101272583, 0.8243333333333334, 0.8174959615550745, '01:03']
[10, 0.44666528701782227, 0.4556579887866974, 0.8345833420753479, 0.8345833333333333, 0.8295163179747055, '01:04']
[11, 0.4189823865890503, 0.44949960708618164, 0.8373333215713501, 0.8373333333333333, 0.8311625660870197, '01:05']
[12, 0.4011929929256439, 0.42483317852020264, 0.843583345413208, 0.8435833333333334, 0.8435805065520215, '01:05']
[13, 0.378741979598999, 0.46308934688568115, 0.8259166479110718, 0.8259166666666667, 0.8254265250428696, '01:06']
[14, 0.37975117564201355, 0.41483598947525024, 0.8490833044052124, 0.8490833333333333, 0.8438852209123338, '01:04']
[15, 0.3519366681575775, 0.390839159488678, 0.859000027179718, 0.859, 0.8582168940317878, '01:04']
[16, 0.3354758024215698, 0.38473814725875854, 0.8635833263397217, 0.8635833333333334, 0.8627247726405078, '01:11']
[17, 0.3226560056209564, 0.3762308657169342, 0.8656666874885559, 0.8656666666666666, 0.8649555306677945, '01:03']
[18, 0.31653186678886414, 0.374217689037323, 0.8675833344459534, 0.8675833333333334, 0.8653713733363873, '01:03']
[19, 0.3009416162967682, 0.3810902237892151, 0.8648333549499512, 0.8648333333333333, 0.8635557396030101, '01:07']
[20, 0.29570242762565613, 0.3702203333377838, 0.8671666383743286, 0.8671666666666665, 0.8648696759526289, '01:07']
[21, 0.2912478744983673, 0.36489275097846985, 0.8701666593551636, 0.8701666666666666, 0.8681273730116654, '01:06']
[22, 0.27475032210350037, 0.3622865378856659, 0.8721666932106018, 0.8721666666666665, 0.8719804354233467, '01:06']
[23, 0.26207831501960754, 0.36864790320396423, 0.8700833320617676, 0.8700833333333333, 0.8668079218110212, '01:04']
[24, 0.2576158940792084, 0.3609466254711151, 0.874916672706604, 0.8749166666666666, 0.8738707273992619, '01:04']
[25, 0.2660291790962219, 0.3602185845375061, 0.871833324432373, 0.8718333333333333, 0.8719613143323685, '01:03']
[26, 0.2560311555862427, 0.3591551184654236, 0.8739166855812073, 0.8739166666666668, 0.8734794902811401, '01:04']
[27, 0.2571857273578644, 0.3582470715045929, 0.875083327293396, 0.8750833333333334, 0.8747169325641695, '01:04']
[28, 0.25515663623809814, 0.35686975717544556, 0.8765000104904175, 0.8765000000000001, 0.8757131772670543, '01:03']
[29, 0.25310710072517395, 0.3569166660308838, 0.8759999871253967, 0.876, 0.8753605763414756, '01:04']

Tiempo de entrenamiento: 2103.59 segundos
/mnt/homeGPU/haoweihu/TFG/lib/python3.10/site-packages/fastai/learner.py:455: UserWarning: load_learner` uses Python's insecure pickle module, which can execute malicious arbitrary code when loading. Only load files you trust.
If you only need to load model weights and optimizer state, use the safe `Learner.load` instead.
  warn("load_learner` uses Python's insecure pickle module, which can execute malicious arbitrary code when loading. Only load files you trust.\nIf you only need to load model weights and optimizer state, use the safe `Learner.load` instead.")
Loss: 0.3569
Accuracy: 0.8760
Recall: 0.8760
F1-Score: 0.8754
Loss: 2.8006012439727783
Accuracy: 0.6915063858032227
Recall (macro): 0.6916186236869729
F1 Score (macro): 0.689806797955466
---------------------------------------------------------------------------
Ejecutando: fmnist_dist5_exclude_ex3
---------------------------------------------------------------------------
Número total de imágenes en entrenamiento: 9600
Número total de imágenes en validación: 12000

Clases: ['Ankle boot', 'Bag', 'Coat', 'Dress', 'Pullover', 'Sandal', 'Shirt', 'Sneaker', 'T-shirt', 'Trouser']
[0, 2.261425018310547, 2.2204911708831787, 0.18916666507720947, 0.18916666666666665, 0.09452802399167895, '03:14']
[1, 1.5355721712112427, 1.1139640808105469, 0.5973333120346069, 0.5973333333333333, 0.5857303406473433, '01:04']
[2, 0.9207668900489807, 0.833788275718689, 0.6691666841506958, 0.6691666666666667, 0.6378378472815037, '01:05']
[3, 0.7773739695549011, 0.7389223575592041, 0.7244166731834412, 0.7244166666666666, 0.7017403354010299, '01:05']
[4, 0.7208319306373596, 0.66520756483078, 0.7475833296775818, 0.7475833333333333, 0.7387057114632044, '01:04']
[5, 0.6576980948448181, 0.6502490639686584, 0.7593333125114441, 0.7593333333333334, 0.7404239942090909, '01:06']
[6, 0.6108506917953491, 0.5829489827156067, 0.7774166464805603, 0.7774166666666668, 0.76971847522356, '01:05']
[7, 0.5680936574935913, 0.5810774564743042, 0.7785000205039978, 0.7785, 0.7772628832286252, '01:09']
[8, 0.541201651096344, 0.5648740530014038, 0.778249979019165, 0.7782500000000001, 0.7693814346500076, '01:04']
[9, 0.5025851726531982, 0.4982643723487854, 0.8132500052452087, 0.81325, 0.8128552048886686, '01:03']
[10, 0.4711783528327942, 0.4994513690471649, 0.8159999847412109, 0.8159999999999998, 0.8170312610913675, '01:07']
[11, 0.4531780779361725, 0.4919124245643616, 0.8229166865348816, 0.8229166666666666, 0.8220499431958318, '01:06']
[12, 0.42337706685066223, 0.44994285702705383, 0.8377500176429749, 0.83775, 0.8336212782550924, '01:06']
[13, 0.42498064041137695, 0.44803160429000854, 0.831166684627533, 0.8311666666666666, 0.8303277394259478, '01:10']
[14, 0.40793076157569885, 0.4431810975074768, 0.8350833058357239, 0.8350833333333334, 0.8296914394936028, '01:06']
[15, 0.38222065567970276, 0.41359391808509827, 0.8522499799728394, 0.85225, 0.8511872964917275, '01:04']
[16, 0.3651854991912842, 0.4341972768306732, 0.8413333296775818, 0.8413333333333333, 0.8335063788601706, '01:04']
[17, 0.35649245977401733, 0.4181002974510193, 0.847083330154419, 0.8470833333333333, 0.840396140566351, '01:04']
[18, 0.3479459285736084, 0.4046025276184082, 0.8543333411216736, 0.8543333333333333, 0.8547502126545872, '01:04']
[19, 0.33575835824012756, 0.40028446912765503, 0.8546666502952576, 0.8546666666666667, 0.8559752662001021, '01:04']
[20, 0.31424540281295776, 0.39271488785743713, 0.8627499938011169, 0.8627499999999999, 0.8618193853719747, '01:05']
[21, 0.31121665239334106, 0.3969901204109192, 0.8586666584014893, 0.8586666666666666, 0.858472496003032, '01:04']
[22, 0.2986010015010834, 0.40672537684440613, 0.8573333621025085, 0.8573333333333333, 0.8554957096538093, '01:04']
[23, 0.2976944148540497, 0.3943048119544983, 0.8566666841506958, 0.8566666666666668, 0.856757281153895, '01:03']
[24, 0.29724931716918945, 0.39340999722480774, 0.8581666946411133, 0.8581666666666667, 0.8587360758448515, '01:04']
[25, 0.27142736315727234, 0.3877295255661011, 0.8627499938011169, 0.8627499999999999, 0.8609761571992554, '01:03']
[26, 0.27210623025894165, 0.3859453797340393, 0.8642500042915344, 0.86425, 0.8640401823414058, '01:05']
[27, 0.27048972249031067, 0.3854535222053528, 0.8630833625793457, 0.8630833333333333, 0.8630127002354273, '01:03']
[28, 0.2709273397922516, 0.3850429356098175, 0.8640000224113464, 0.8640000000000001, 0.8631029414146228, '01:04']
[29, 0.26386138796806335, 0.38514795899391174, 0.8644166588783264, 0.8644166666666667, 0.8633920801913376, '01:05']

Tiempo de entrenamiento: 2088.21 segundos
/mnt/homeGPU/haoweihu/TFG/lib/python3.10/site-packages/fastai/learner.py:455: UserWarning: load_learner` uses Python's insecure pickle module, which can execute malicious arbitrary code when loading. Only load files you trust.
If you only need to load model weights and optimizer state, use the safe `Learner.load` instead.
  warn("load_learner` uses Python's insecure pickle module, which can execute malicious arbitrary code when loading. Only load files you trust.\nIf you only need to load model weights and optimizer state, use the safe `Learner.load` instead.")
Loss: 0.3851
Accuracy: 0.8644
Recall: 0.8644
F1-Score: 0.8634
Loss: 3.029792308807373
Accuracy: 0.6828926205635071
Recall (macro): 0.682956523916533
F1 Score (macro): 0.6827241844488371
---------------------------------------------------------------------------
--------------------------MODELOS DISTILLED 0001----------------------------
---------------------------------------------------------------------------
---------------------------------------------------------------------------
Ejecutando: fmnist_dist01_exclude_ex1
---------------------------------------------------------------------------
Número total de imágenes en entrenamiento: 9600
Número total de imágenes en validación: 12000

Clases: ['Ankle boot', 'Bag', 'Coat', 'Dress', 'Pullover', 'Sandal', 'Shirt', 'Sneaker', 'T-shirt', 'Trouser']
[0, 2.2746365070343018, 2.2433204650878906, 0.2876666784286499, 0.2876666666666666, 0.1691977126635546, '03:15']
[1, 1.5857635736465454, 1.1992475986480713, 0.5821666717529297, 0.5821666666666665, 0.5342159603374804, '01:05']
[2, 0.9206996560096741, 0.8394643664360046, 0.6675000190734863, 0.6675, 0.6476791330116971, '01:03']
[3, 0.7883595824241638, 0.741208016872406, 0.7110000252723694, 0.7110000000000001, 0.7078555197687391, '01:04']
[4, 0.7178670167922974, 0.6782557964324951, 0.734666645526886, 0.7346666666666666, 0.7281648475405709, '01:03']
[5, 0.6581516861915588, 0.6134479641914368, 0.7570000290870667, 0.7569999999999999, 0.7369307624094037, '01:04']
[6, 0.5987988710403442, 0.5884425640106201, 0.7731666564941406, 0.7731666666666667, 0.7570129966559892, '01:05']
[7, 0.5644686818122864, 0.5468303561210632, 0.7961666584014893, 0.7961666666666666, 0.7961853298354999, '01:11']
[8, 0.5268605947494507, 0.5233403444290161, 0.7996666431427002, 0.7996666666666666, 0.790443269700996, '01:04']
[9, 0.50368732213974, 0.5106441378593445, 0.8058333396911621, 0.8058333333333334, 0.7986124613136563, '01:04']
[10, 0.46139758825302124, 0.47304025292396545, 0.8270000219345093, 0.8270000000000002, 0.826296165151228, '01:03']
[11, 0.4501889944076538, 0.46109265089035034, 0.8307499885559082, 0.8307500000000001, 0.8213136047610359, '01:05']
[12, 0.41952231526374817, 0.4424947202205658, 0.840833306312561, 0.8408333333333333, 0.8398200167532248, '01:01']
[13, 0.4040854573249817, 0.4355506896972656, 0.8374999761581421, 0.8375, 0.8314847894241586, '01:08']
[14, 0.3948160707950592, 0.4320530593395233, 0.840833306312561, 0.8408333333333333, 0.840506006964613, '00:59']
[15, 0.3700278103351593, 0.4117344915866852, 0.8487499952316284, 0.8487499999999999, 0.8471810661971901, '00:59']
[16, 0.3521899878978729, 0.40325817465782166, 0.8557500243186951, 0.8557500000000001, 0.8521222127327572, '01:03']
[17, 0.3401053845882416, 0.3911178410053253, 0.8584166765213013, 0.8584166666666666, 0.8578667065407946, '00:58']
[18, 0.327502965927124, 0.40072980523109436, 0.856249988079071, 0.85625, 0.8553590872938284, '00:59']
[19, 0.31450289487838745, 0.3922983705997467, 0.8576666712760925, 0.8576666666666666, 0.8579022410038961, '00:59']
[20, 0.31490272283554077, 0.38023462891578674, 0.8615833520889282, 0.8615833333333333, 0.862017894031116, '00:59']
[21, 0.29448482394218445, 0.38080480694770813, 0.8638333082199097, 0.8638333333333333, 0.8616435871410127, '00:59']
[22, 0.2831744849681854, 0.37200039625167847, 0.8681666851043701, 0.8681666666666666, 0.8658962069308925, '01:07']
[23, 0.27145224809646606, 0.37264615297317505, 0.8655833601951599, 0.8655833333333334, 0.8663596221252522, '01:04']
[24, 0.2721504271030426, 0.3689038157463074, 0.8690000176429749, 0.869, 0.8676107866904001, '01:08']
[25, 0.2733916640281677, 0.3725104033946991, 0.8679166436195374, 0.8679166666666667, 0.8668653596351277, '00:59']
[26, 0.26058050990104675, 0.3673799932003021, 0.8701666593551636, 0.8701666666666668, 0.8688030955495998, '01:02']
[27, 0.2576062083244324, 0.36756062507629395, 0.8694999814033508, 0.8695, 0.8686980647232725, '00:58']
[28, 0.25675490498542786, 0.3675270080566406, 0.8696666955947876, 0.8696666666666667, 0.8687970205106396, '01:00']
[29, 0.2580500841140747, 0.36742642521858215, 0.8691666722297668, 0.8691666666666666, 0.86827973933361, '00:57']

Tiempo de entrenamiento: 2021.77 segundos
/mnt/homeGPU/haoweihu/TFG/lib/python3.10/site-packages/fastai/learner.py:455: UserWarning: load_learner` uses Python's insecure pickle module, which can execute malicious arbitrary code when loading. Only load files you trust.
If you only need to load model weights and optimizer state, use the safe `Learner.load` instead.
  warn("load_learner` uses Python's insecure pickle module, which can execute malicious arbitrary code when loading. Only load files you trust.\nIf you only need to load model weights and optimizer state, use the safe `Learner.load` instead.")
Loss: 0.3674
Accuracy: 0.8692
Recall: 0.8692
F1-Score: 0.8683
Loss: 2.7226297855377197
Accuracy: 0.6854968070983887
Recall (macro): 0.6853778565732845
F1 Score (macro): 0.6851399289615875
---------------------------------------------------------------------------
Ejecutando: fmnist_dist01_exclude_ex2
---------------------------------------------------------------------------
Número total de imágenes en entrenamiento: 9600
Número total de imágenes en validación: 12000

Clases: ['Ankle boot', 'Bag', 'Coat', 'Dress', 'Pullover', 'Sandal', 'Shirt', 'Sneaker', 'T-shirt', 'Trouser']
[0, 2.281425714492798, 2.2607953548431396, 0.26249998807907104, 0.2625, 0.17884071337576055, '02:50']
[1, 1.7184960842132568, 1.2920187711715698, 0.5580833554267883, 0.5580833333333334, 0.5034266459031247, '00:59']
[2, 0.9806034564971924, 0.8807712197303772, 0.6659166812896729, 0.6659166666666667, 0.6438138394867635, '00:58']
[3, 0.8266807794570923, 0.7962817549705505, 0.6948333382606506, 0.6948333333333333, 0.6909135815462257, '00:58']
[4, 0.7520939111709595, 0.7278382778167725, 0.718666672706604, 0.7186666666666667, 0.7130492299586356, '00:57']
[5, 0.7098104953765869, 0.6896564960479736, 0.7360000014305115, 0.7360000000000001, 0.7250771259340395, '00:58']
[6, 0.6486021876335144, 0.6666926741600037, 0.7384999990463257, 0.7384999999999999, 0.7392096296218185, '00:57']
[7, 0.5913448333740234, 0.5941170454025269, 0.7649999856948853, 0.765, 0.7473968791307433, '00:58']
[8, 0.5631335377693176, 0.5769984722137451, 0.7766666412353516, 0.7766666666666666, 0.7656822073895453, '00:59']
[9, 0.5230759382247925, 0.5489429235458374, 0.7894166707992554, 0.7894166666666667, 0.7836836941915108, '00:59']
[10, 0.4968182146549225, 0.541545569896698, 0.7975833415985107, 0.7975833333333333, 0.7903498086183511, '00:56']
[11, 0.4701603949069977, 0.5372323989868164, 0.7928333282470703, 0.7928333333333335, 0.7838959568125634, '00:59']
[12, 0.4494776129722595, 0.4791067838668823, 0.8190000057220459, 0.8190000000000002, 0.8200048612984698, '00:58']
[13, 0.4277162253856659, 0.46786439418792725, 0.827833354473114, 0.8278333333333334, 0.8256732198545998, '00:58']
[14, 0.41850364208221436, 0.4801574647426605, 0.8220000267028809, 0.8219999999999998, 0.8130978259518086, '00:59']
[15, 0.4078669846057892, 0.45657894015312195, 0.8305000066757202, 0.8305, 0.829561893008109, '00:59']
[16, 0.3833323121070862, 0.4493848383426666, 0.8349166512489319, 0.8349166666666668, 0.8340600143740755, '00:58']
[17, 0.3773859441280365, 0.43655771017074585, 0.8394166827201843, 0.8394166666666667, 0.8401712850753732, '00:59']
[18, 0.3791733384132385, 0.4310070276260376, 0.8411666750907898, 0.8411666666666667, 0.837422683821738, '01:00']
[19, 0.3426571786403656, 0.4398915469646454, 0.8384166955947876, 0.8384166666666667, 0.8390073880923096, '01:01']
[20, 0.3456900417804718, 0.4308485984802246, 0.8414166569709778, 0.8414166666666667, 0.8373187673202265, '00:59']
[21, 0.3247877359390259, 0.42878180742263794, 0.8447499871253967, 0.84475, 0.8435659183475318, '00:59']
[22, 0.31899377703666687, 0.41258499026298523, 0.8513333201408386, 0.8513333333333334, 0.8510780503382493, '00:59']
[23, 0.2991127073764801, 0.4129759967327118, 0.8495000004768372, 0.8494999999999999, 0.8474417122810276, '00:58']
[24, 0.3097183406352997, 0.41443875432014465, 0.8506666421890259, 0.8506666666666668, 0.8514177316613365, '00:59']
[25, 0.29723072052001953, 0.4093480110168457, 0.8534166812896729, 0.8534166666666667, 0.8532907157330503, '01:01']
[26, 0.30741989612579346, 0.4105077385902405, 0.8525000214576721, 0.8524999999999998, 0.8511888343188765, '01:01']
[27, 0.2934766411781311, 0.4082653820514679, 0.8534166812896729, 0.8534166666666667, 0.8532866510222401, '00:58']
[28, 0.29718565940856934, 0.40742814540863037, 0.8537499904632568, 0.85375, 0.8531528403182724, '00:59']
[29, 0.2809399366378784, 0.4076225161552429, 0.8534166812896729, 0.8534166666666666, 0.8526115625508682, '00:57']

Tiempo de entrenamiento: 1884.90 segundos
/mnt/homeGPU/haoweihu/TFG/lib/python3.10/site-packages/fastai/learner.py:455: UserWarning: load_learner` uses Python's insecure pickle module, which can execute malicious arbitrary code when loading. Only load files you trust.
If you only need to load model weights and optimizer state, use the safe `Learner.load` instead.
  warn("load_learner` uses Python's insecure pickle module, which can execute malicious arbitrary code when loading. Only load files you trust.\nIf you only need to load model weights and optimizer state, use the safe `Learner.load` instead.")
Loss: 0.4076
Accuracy: 0.8534
Recall: 0.8534
F1-Score: 0.8526
Loss: 2.7646992206573486
Accuracy: 0.6770833134651184
Recall (macro): 0.6770732718952728
F1 Score (macro): 0.6763715824105533
---------------------------------------------------------------------------
Ejecutando: fmnist_dist01_exclude_ex3
---------------------------------------------------------------------------
Número total de imágenes en entrenamiento: 9600
Número total de imágenes en validación: 12000

Clases: ['Ankle boot', 'Bag', 'Coat', 'Dress', 'Pullover', 'Sandal', 'Shirt', 'Sneaker', 'T-shirt', 'Trouser']
[0, 2.273621082305908, 2.236196994781494, 0.3477500081062317, 0.34775, 0.27656594123462197, '02:46']
[1, 1.5656769275665283, 1.1671462059020996, 0.6069999933242798, 0.607, 0.5809934588904916, '00:57']
[2, 0.9239949584007263, 0.8382161259651184, 0.6900833249092102, 0.6900833333333334, 0.6818727378410969, '00:58']
[3, 0.7899399995803833, 0.7407222390174866, 0.7249166369438171, 0.7249166666666668, 0.7206347933125933, '00:57']
[4, 0.6984755396842957, 0.6538472771644592, 0.749916672706604, 0.7499166666666667, 0.7392761940023418, '00:58']
[5, 0.6498761773109436, 0.58970707654953, 0.7692499756813049, 0.7692500000000001, 0.7536583684957203, '01:01']
[6, 0.6179830431938171, 0.5439680218696594, 0.7904166579246521, 0.7904166666666667, 0.7717742750507111, '01:00']
[7, 0.5551978349685669, 0.530887246131897, 0.8025000095367432, 0.8024999999999999, 0.8031932968989344, '00:58']
[8, 0.5192742347717285, 0.5115222334861755, 0.8098333477973938, 0.8098333333333334, 0.8057141728629368, '01:00']
[9, 0.4909897744655609, 0.4763002097606659, 0.8232499957084656, 0.82325, 0.8128505294173112, '00:58']
[10, 0.48523566126823425, 0.4502946436405182, 0.8390833139419556, 0.8390833333333333, 0.8338075342219204, '00:58']
[11, 0.45530936121940613, 0.47059187293052673, 0.8285833597183228, 0.8285833333333332, 0.8266139420115808, '01:00']
[12, 0.43186047673225403, 0.4128367006778717, 0.8515833616256714, 0.8515833333333334, 0.8469058787096578, '00:59']
[13, 0.4075683057308197, 0.4216735363006592, 0.8481666445732117, 0.8481666666666665, 0.8452674030408615, '00:57']
[14, 0.4004194736480713, 0.46601665019989014, 0.8274999856948853, 0.8274999999999999, 0.8271227335332265, '01:00']
[15, 0.3800552785396576, 0.3820607364177704, 0.862333357334137, 0.8623333333333333, 0.8614900751280601, '00:59']
[16, 0.34822821617126465, 0.380673348903656, 0.8638333082199097, 0.8638333333333332, 0.861357257493008, '01:00']
[17, 0.3415606617927551, 0.4012146294116974, 0.8519166707992554, 0.8519166666666665, 0.8540249053433346, '00:59']
[18, 0.33340561389923096, 0.3693300783634186, 0.8675833344459534, 0.8675833333333334, 0.8662385702496268, '00:58']
[19, 0.32448357343673706, 0.37279751896858215, 0.8654999732971191, 0.8654999999999999, 0.8655985231907211, '00:58']
[20, 0.3143547475337982, 0.3676040470600128, 0.8654166460037231, 0.8654166666666667, 0.8643628089605757, '00:54']
[21, 0.30478355288505554, 0.36101046204566956, 0.8715000152587891, 0.8714999999999999, 0.8697568966791082, '00:55']
[22, 0.2988937497138977, 0.3609532117843628, 0.8694999814033508, 0.8695, 0.8694199162252076, '00:58']
[23, 0.2839164733886719, 0.35562825202941895, 0.874833345413208, 0.8748333333333335, 0.8738588286423654, '00:57']
[24, 0.2810458540916443, 0.3568973243236542, 0.8725000023841858, 0.8724999999999999, 0.871545265447387, '00:59']
[25, 0.27793172001838684, 0.35499995946884155, 0.871833324432373, 0.8718333333333333, 0.870864146715086, '00:57']
[26, 0.28034064173698425, 0.3514792025089264, 0.8734999895095825, 0.8735000000000002, 0.8727551414667862, '00:59']
[27, 0.27296456694602966, 0.3512558043003082, 0.8736666440963745, 0.8736666666666666, 0.8726499723874401, '00:54']
[28, 0.268389493227005, 0.350612074136734, 0.875166654586792, 0.8751666666666666, 0.8738955182277405, '00:57']
[29, 0.2664225697517395, 0.3504413664340973, 0.8754166960716248, 0.8754166666666666, 0.8741833760515881, '00:58']

Tiempo de entrenamiento: 1864.56 segundos
/mnt/homeGPU/haoweihu/TFG/lib/python3.10/site-packages/fastai/learner.py:455: UserWarning: load_learner` uses Python's insecure pickle module, which can execute malicious arbitrary code when loading. Only load files you trust.
If you only need to load model weights and optimizer state, use the safe `Learner.load` instead.
  warn("load_learner` uses Python's insecure pickle module, which can execute malicious arbitrary code when loading. Only load files you trust.\nIf you only need to load model weights and optimizer state, use the safe `Learner.load` instead.")
Loss: 0.3504
Accuracy: 0.8754
Recall: 0.8754
F1-Score: 0.8742
Loss: 3.3030238151550293
Accuracy: 0.6856971383094788
Recall (macro): 0.6855077850070539
F1 Score (macro): 0.6852391129761063
mail: cannot send message: Process exited with a non-zero status
