---------------------------------------------------------------------------
--------------------------MODELOS DISTILLED 001-----------------------------
---------------------------------------------------------------------------
---------------------------------------------------------------------------
Ejecutando: mnist_dist1_exclude_ex1
---------------------------------------------------------------------------
Número total de imágenes en entrenamiento: 9604
Número total de imágenes en validación: 11996

Clases: ['0', '1', '2', '3', '4', '5', '6', '7', '8', '9']
[0, 2.287316083908081, 2.2717156410217285, 0.16255418956279755, 0.17270094501180405, 0.08177552827641668, '03:41']
[1, 1.8067965507507324, 1.3073865175247192, 0.7257419228553772, 0.7178403444778055, 0.7078215660941914, '00:56']
[2, 0.6954947113990784, 0.5622620582580566, 0.8314437866210938, 0.8275199191362518, 0.8282509998309584, '00:57']
[3, 0.44274991750717163, 0.4094489514827728, 0.8653717637062073, 0.8609231983059097, 0.8612614695028865, '00:57']
[4, 0.31102198362350464, 0.2752355933189392, 0.9153050780296326, 0.9142989575537026, 0.9136825104264151, '00:57']
[5, 0.24351929128170013, 0.22747072577476501, 0.9286428689956665, 0.9275419134888937, 0.9281517134598314, '00:56']
[6, 0.18424074351787567, 0.17559565603733063, 0.9451484084129333, 0.9445325009635196, 0.9444118605755847, '00:59']
[7, 0.1496441662311554, 0.14249853789806366, 0.9554851651191711, 0.9552853728420176, 0.9550707968650471, '00:56']
[8, 0.11928372085094452, 0.1269550770521164, 0.9607369303703308, 0.9601827226221726, 0.960344877193912, '00:56']
[9, 0.11102396249771118, 0.10704697668552399, 0.9676558971405029, 0.967603623416986, 0.9673742424114327, '00:58']
[10, 0.08659861981868744, 0.12967337667942047, 0.9584028124809265, 0.9583841040697472, 0.9579208051496894, '00:56']
[11, 0.07745613902807236, 0.09233567863702774, 0.972740888595581, 0.9725797007514778, 0.9724958332208639, '00:57']
[12, 0.06491196900606155, 0.10332656651735306, 0.9691563844680786, 0.969163553260676, 0.9689154896768857, '00:58']
[13, 0.050226252526044846, 0.09934081882238388, 0.9699066281318665, 0.9696231651521495, 0.9696361988553754, '00:58']
[14, 0.048891596496105194, 0.09020443260669708, 0.9739079475402832, 0.973625746626477, 0.9736508603162084, '00:58']
[15, 0.03709156811237335, 0.12825384736061096, 0.9643214344978333, 0.9640916777732873, 0.9640689475718466, '00:57']
[16, 0.03382088243961334, 0.0884833112359047, 0.9765755534172058, 0.9763460366609816, 0.9763671936721181, '00:58']
[17, 0.026074973866343498, 0.10357740521430969, 0.9718239307403564, 0.9718194063576078, 0.9715392625087436, '00:57']
[18, 0.019773246720433235, 0.089684396982193, 0.9762420654296875, 0.975992417097977, 0.975956579960425, '00:59']
[19, 0.01617111824452877, 0.10182085633277893, 0.9729076623916626, 0.9727122858212839, 0.9725776944768928, '00:59']
[20, 0.01579805091023445, 0.10279238969087601, 0.9753251075744629, 0.9750163365468942, 0.9751056507276147, '00:59']
[21, 0.009785736910998821, 0.10142580419778824, 0.975908637046814, 0.9757719231219377, 0.9756724112382938, '01:00']
No improvement since epoch 16: early stopping

Tiempo de entrenamiento: 1440.11 segundos
/mnt/homeGPU/haoweihu/TFG/lib/python3.10/site-packages/fastai/learner.py:455: UserWarning: load_learner` uses Python's insecure pickle module, which can execute malicious arbitrary code when loading. Only load files you trust.
If you only need to load model weights and optimizer state, use the safe `Learner.load` instead.
  warn("load_learner` uses Python's insecure pickle module, which can execute malicious arbitrary code when loading. Only load files you trust.\nIf you only need to load model weights and optimizer state, use the safe `Learner.load` instead.")
Loss: 0.1014
Accuracy: 0.9759
Recall: 0.9758
F1-Score: 0.9757
Loss: 0.07307428866624832
Accuracy: 0.9789663553237915
Recall (macro): 0.9788655134984083
F1 Score (macro): 0.9787655169810396
---------------------------------------------------------------------------
Ejecutando: mnist_dist1_exclude_ex2
---------------------------------------------------------------------------
Número total de imágenes en entrenamiento: 9604
Número total de imágenes en validación: 11996

Clases: ['0', '1', '2', '3', '4', '5', '6', '7', '8', '9']
[0, 2.287102460861206, 2.272836685180664, 0.21090362966060638, 0.21075805516971516, 0.1497523524294582, '04:10']
[1, 1.849304437637329, 1.410271167755127, 0.6551350355148315, 0.6470661148779653, 0.6166722944400347, '01:09']
[2, 0.7930685877799988, 0.6189568638801575, 0.8104367852210999, 0.8064625136779133, 0.8057807172000121, '01:13']
[3, 0.46836531162261963, 0.4474236071109772, 0.8674558401107788, 0.8651939622272812, 0.8648978113745353, '01:06']
[4, 0.32758012413978577, 0.31520381569862366, 0.9038846492767334, 0.901367410550751, 0.9015795873946539, '01:13']
[5, 0.25910019874572754, 0.23612532019615173, 0.9307268857955933, 0.9298985480116908, 0.9302049601426514, '01:12']
[6, 0.1916332095861435, 0.1995745748281479, 0.9391463994979858, 0.9386490364370419, 0.9384193951811632, '01:09']
[7, 0.15352654457092285, 0.157017320394516, 0.9519006609916687, 0.9515879909106196, 0.9516633284461372, '01:14']
[8, 0.12269232422113419, 0.1252528429031372, 0.96065354347229, 0.9605641045587424, 0.9604029820397277, '01:12']
[9, 0.10065910220146179, 0.14349396526813507, 0.9554851651191711, 0.9546091687629076, 0.9553034289522897, '01:10']
[10, 0.08727342635393143, 0.10090377926826477, 0.9685728549957275, 0.9684822207965539, 0.9683701800496959, '01:08']
[11, 0.07188455015420914, 0.09604218602180481, 0.9715738296508789, 0.971610461074907, 0.9715005209998365, '01:11']
[12, 0.05723732337355614, 0.09249772876501083, 0.9709903597831726, 0.9708793888429292, 0.970805366986142, '01:11']
[13, 0.048956986516714096, 0.08244534581899643, 0.9736579060554504, 0.9734656818171892, 0.9734639511062897, '01:11']
[14, 0.04098327085375786, 0.09656008332967758, 0.9697399139404297, 0.9695381995341614, 0.9696291176579146, '01:12']
[15, 0.03813100606203079, 0.09258146584033966, 0.9731577038764954, 0.9729937745833904, 0.9730824998992903, '01:10']
[16, 0.026382844895124435, 0.08045034855604172, 0.9771590232849121, 0.9768886665762452, 0.9770026010400599, '01:12']
[17, 0.026480648666620255, 0.08526607602834702, 0.9763254523277283, 0.9758820326626079, 0.976143925529047, '01:10']
[18, 0.020772088319063187, 0.09247002005577087, 0.9740747213363647, 0.9740232370982312, 0.9740157018324055, '01:12']
[19, 0.013998006470501423, 0.08447729051113129, 0.9768255949020386, 0.9765914899450964, 0.9767066647486752, '01:12']
[20, 0.011497007682919502, 0.08111654967069626, 0.978409469127655, 0.978233387760822, 0.9782941978322315, '01:10']
[21, 0.008777647279202938, 0.0876002237200737, 0.9765755534172058, 0.9765255590774314, 0.9765076572106446, '01:13']
No improvement since epoch 16: early stopping

Tiempo de entrenamiento: 1750.48 segundos
/mnt/homeGPU/haoweihu/TFG/lib/python3.10/site-packages/fastai/learner.py:455: UserWarning: load_learner` uses Python's insecure pickle module, which can execute malicious arbitrary code when loading. Only load files you trust.
If you only need to load model weights and optimizer state, use the safe `Learner.load` instead.
  warn("load_learner` uses Python's insecure pickle module, which can execute malicious arbitrary code when loading. Only load files you trust.\nIf you only need to load model weights and optimizer state, use the safe `Learner.load` instead.")
Loss: 0.0876
Accuracy: 0.9766
Recall: 0.9765
F1-Score: 0.9765
Loss: 0.07214933633804321
Accuracy: 0.9799679517745972
Recall (macro): 0.9798768333756713
F1 Score (macro): 0.9799128681516349
---------------------------------------------------------------------------
Ejecutando: mnist_dist1_exclude_ex3
---------------------------------------------------------------------------
Número total de imágenes en entrenamiento: 9604
Número total de imágenes en validación: 11996

Clases: ['0', '1', '2', '3', '4', '5', '6', '7', '8', '9']
[0, 2.2706422805786133, 2.240206003189087, 0.3021840751171112, 0.3037174777862278, 0.21334444909185363, '03:40']
[1, 1.5880279541015625, 1.0558757781982422, 0.7270756959915161, 0.7213376056591752, 0.7166197896681734, '01:10']
[2, 0.6381332874298096, 0.5164133310317993, 0.8351950645446777, 0.8319408629605899, 0.8318256329584621, '01:13']
[3, 0.41952547430992126, 0.34703320264816284, 0.8960486650466919, 0.8952519285627846, 0.8947925931815011, '01:13']
[4, 0.3045305907726288, 0.30304136872291565, 0.9034678339958191, 0.9018798563659353, 0.901664342711905, '01:13']
[5, 0.23629935085773468, 0.22651973366737366, 0.92705899477005, 0.9264129294342641, 0.9271374614366626, '01:12']
[6, 0.1905011683702469, 0.16327902674674988, 0.9515671730041504, 0.9510768817032759, 0.951229964114936, '01:12']
[7, 0.15275578200817108, 0.16143260896205902, 0.9499832987785339, 0.9493314618364159, 0.9495627023158543, '01:12']
[8, 0.12982650101184845, 0.12503351271152496, 0.9609869718551636, 0.960632129011238, 0.9608323790843656, '01:12']
[9, 0.0994533821940422, 0.1017264723777771, 0.9690729975700378, 0.96891317895839, 0.9689141794290699, '01:11']
[10, 0.08090672641992569, 0.11153636127710342, 0.9659886360168457, 0.9655257212589881, 0.9655667721631847, '01:12']
[11, 0.07216888666152954, 0.10662788152694702, 0.9668222665786743, 0.966832321509609, 0.9664509499540062, '01:12']
[12, 0.06457976251840591, 0.08324084430932999, 0.9741580486297607, 0.9738066217351715, 0.9738911530016713, '01:09']
[13, 0.05131436511874199, 0.08989616483449936, 0.9724908471107483, 0.9721578414434544, 0.9722393507454038, '01:13']
[14, 0.039113011211156845, 0.08034417778253555, 0.9749916791915894, 0.9748504742390992, 0.9747652596011598, '01:11']
[15, 0.03712068125605583, 0.08130928128957748, 0.9757419228553772, 0.9752000240220828, 0.9754226916113413, '01:14']
[16, 0.025480762124061584, 0.08473512530326843, 0.9760753512382507, 0.9757496909224711, 0.9758276445407302, '01:09']
[17, 0.019205864518880844, 0.08689002692699432, 0.9764087796211243, 0.9761332525079727, 0.9761390299166541, '01:09']
[18, 0.016753964126110077, 0.07892812043428421, 0.9786595702171326, 0.9783237296735784, 0.9784205651102885, '01:09']
[19, 0.010353404097259045, 0.09422466903924942, 0.9764087796211243, 0.9761136451336402, 0.9761606295262812, '01:10']
[20, 0.009065696969628334, 0.08426763117313385, 0.9793264269828796, 0.9790778996677652, 0.9790792114942544, '01:12']
[21, 0.005507636349648237, 0.08527857810258865, 0.9786595702171326, 0.978403730954194, 0.9784228305865991, '01:08']
[22, 0.005203583277761936, 0.09203823655843735, 0.9769089818000793, 0.9766332101562153, 0.9766732199208391, '01:10']
[23, 0.0031282883137464523, 0.08985671401023865, 0.9789096117019653, 0.9786347227920773, 0.9786931286890204, '01:10']
No improvement since epoch 18: early stopping

Tiempo de entrenamiento: 1869.41 segundos
/mnt/homeGPU/haoweihu/TFG/lib/python3.10/site-packages/fastai/learner.py:455: UserWarning: load_learner` uses Python's insecure pickle module, which can execute malicious arbitrary code when loading. Only load files you trust.
If you only need to load model weights and optimizer state, use the safe `Learner.load` instead.
  warn("load_learner` uses Python's insecure pickle module, which can execute malicious arbitrary code when loading. Only load files you trust.\nIf you only need to load model weights and optimizer state, use the safe `Learner.load` instead.")
Loss: 0.0899
Accuracy: 0.9789
Recall: 0.9786
F1-Score: 0.9787
Loss: 0.06733355671167374
Accuracy: 0.9823718070983887
Recall (macro): 0.9821825202163591
F1 Score (macro): 0.9822605497674257
---------------------------------------------------------------------------
--------------------------MODELOS DISTILLED 005-----------------------------
---------------------------------------------------------------------------
---------------------------------------------------------------------------
Ejecutando: mnist_dist5_exclude_ex1
---------------------------------------------------------------------------
Número total de imágenes en entrenamiento: 9604
Número total de imágenes en validación: 11996

Clases: ['0', '1', '2', '3', '4', '5', '6', '7', '8', '9']
[0, 2.292534112930298, 2.279773712158203, 0.24408136308193207, 0.2510116785516097, 0.15374160109260832, '03:39']
[1, 1.838044285774231, 1.3284482955932617, 0.6888129115104675, 0.6784708827102534, 0.6403868373114614, '01:19']
[2, 0.6754730939865112, 0.5172224044799805, 0.8479493260383606, 0.8465645200676237, 0.846327984887286, '01:18']
[3, 0.43142399191856384, 0.394775390625, 0.8819606304168701, 0.8811236679009868, 0.8802317100217968, '01:17']
[4, 0.3107456564903259, 0.31290724873542786, 0.9054684638977051, 0.9041382892157845, 0.904910303358406, '01:13']
[5, 0.2488490343093872, 0.2576015293598175, 0.9213904738426208, 0.9199241048903621, 0.9210796982060261, '01:12']
[6, 0.2059847116470337, 0.20893211662769318, 0.9356452226638794, 0.9353052065031344, 0.9350439143420545, '01:19']
[7, 0.14735683798789978, 0.15870881080627441, 0.9514838457107544, 0.9503965459606928, 0.9511986733052451, '01:18']
[8, 0.12162410467863083, 0.17235833406448364, 0.9433144330978394, 0.9428029123872659, 0.9423222720578733, '01:18']
[9, 0.10411912947893143, 0.1077713891863823, 0.9659886360168457, 0.9658457439455196, 0.965798678642078, '01:21']
[10, 0.09469710290431976, 0.10813991725444794, 0.9657385945320129, 0.96527773579325, 0.9655185250933, '01:20']
[11, 0.07931863516569138, 0.10098689049482346, 0.9676558971405029, 0.9672373650092136, 0.9673693009139142, '01:12']
[12, 0.06516504287719727, 0.10718163847923279, 0.9668222665786743, 0.9666287307909487, 0.9664747574196435, '01:12']
[13, 0.058476850390434265, 0.09138907492160797, 0.9713237881660461, 0.9708017705247116, 0.9710803661192781, '01:15']
[14, 0.040505848824977875, 0.09533193707466125, 0.9705735445022583, 0.9702492863899266, 0.9703492107123018, '01:13']
[15, 0.03649791330099106, 0.09088000655174255, 0.9741580486297607, 0.9741108834960477, 0.9739691915650542, '01:12']
[16, 0.03106682188808918, 0.0899004265666008, 0.9737412333488464, 0.973329323435539, 0.9734991795967372, '01:12']
[17, 0.029647499322891235, 0.08686921000480652, 0.9762420654296875, 0.9760264528152476, 0.9760359732675689, '01:14']
[18, 0.02029677852988243, 0.08499111235141754, 0.9765755534172058, 0.9763396380711893, 0.9764058466595038, '01:12']
[19, 0.014843404293060303, 0.10603278875350952, 0.9717406034469604, 0.9714467205165661, 0.9714925507123207, '01:15']
[20, 0.010853949934244156, 0.08560903370380402, 0.9761587381362915, 0.9758462373639452, 0.9759731348945373, '01:14']
[21, 0.007663310505449772, 0.0877174437046051, 0.9777425527572632, 0.9776779506447058, 0.9775299325448567, '01:25']
[22, 0.0061128404922783375, 0.08806179463863373, 0.9773257970809937, 0.9772217592950012, 0.977177582512339, '01:29']
[23, 0.004167809616774321, 0.09101284295320511, 0.9770756959915161, 0.9768694464845306, 0.9768770840885365, '01:22']
No improvement since epoch 18: early stopping

Tiempo de entrenamiento: 1993.98 segundos
/mnt/homeGPU/haoweihu/TFG/lib/python3.10/site-packages/fastai/learner.py:455: UserWarning: load_learner` uses Python's insecure pickle module, which can execute malicious arbitrary code when loading. Only load files you trust.
If you only need to load model weights and optimizer state, use the safe `Learner.load` instead.
  warn("load_learner` uses Python's insecure pickle module, which can execute malicious arbitrary code when loading. Only load files you trust.\nIf you only need to load model weights and optimizer state, use the safe `Learner.load` instead.")
Loss: 0.0910
Accuracy: 0.9771
Recall: 0.9769
F1-Score: 0.9769
Loss: 0.07218069583177567
Accuracy: 0.979567289352417
Recall (macro): 0.9794406743426786
F1 Score (macro): 0.9794821806687081
---------------------------------------------------------------------------
Ejecutando: mnist_dist5_exclude_ex2
---------------------------------------------------------------------------
Número total de imágenes en entrenamiento: 9604
Número total de imágenes en validación: 11996

Clases: ['0', '1', '2', '3', '4', '5', '6', '7', '8', '9']
[0, 2.2831931114196777, 2.263354539871216, 0.26833945512771606, 0.2689530441616622, 0.1503312786634536, '03:41']
[1, 1.68357515335083, 1.1672800779342651, 0.7380793690681458, 0.7308979633791639, 0.722554783098342, '01:07']
[2, 0.634266197681427, 0.5138490796089172, 0.8502000570297241, 0.848731554954, 0.8483818630871939, '01:06']
[3, 0.3902624845504761, 0.3683326840400696, 0.8881293535232544, 0.8875912348158375, 0.8868646350024267, '01:08']
[4, 0.2912323474884033, 0.24475759267807007, 0.9254751801490784, 0.924774844542075, 0.9249442866415161, '01:08']
[5, 0.22111284732818604, 0.19726800918579102, 0.9382293820381165, 0.9375276994475176, 0.9375001792854942, '01:09']
[6, 0.1646297723054886, 0.1622544229030609, 0.9503167867660522, 0.9503713448733487, 0.9503897508379691, '01:08']
[7, 0.11900240927934647, 0.12961812317371368, 0.9593197703361511, 0.9590911760523324, 0.9591303602817394, '01:09']
[8, 0.105832040309906, 0.12413457036018372, 0.9608202576637268, 0.9601307990083393, 0.9604111161610447, '01:11']
[9, 0.08792611956596375, 0.09383106976747513, 0.9698233008384705, 0.9696523132718304, 0.9695838559483339, '01:10']
[10, 0.07450080662965775, 0.08967834711074829, 0.9704901576042175, 0.9702997678852835, 0.970361197439279, '01:07']
[11, 0.05889315903186798, 0.12121117860078812, 0.9627375602722168, 0.9622855767208633, 0.9625954140148218, '01:10']
[12, 0.05056443065404892, 0.07707258313894272, 0.9762420654296875, 0.9761607163943677, 0.9760780929298513, '01:07']
[13, 0.04692169651389122, 0.08683346956968307, 0.9737412333488464, 0.9735828496080012, 0.9735789171626509, '01:07']
[14, 0.03528468683362007, 0.07897382974624634, 0.9761587381362915, 0.9759746654206601, 0.9760018664208614, '01:08']
[15, 0.03151586651802063, 0.08610442280769348, 0.9750750064849854, 0.9748097268770459, 0.9749345014451253, '01:07']
[16, 0.025681553408503532, 0.0760003849864006, 0.9776592254638672, 0.9776757255314872, 0.97754715985457, '01:11']
[17, 0.016197387129068375, 0.08296092599630356, 0.9766588807106018, 0.9766823569799901, 0.9765935074849112, '01:08']
[18, 0.013647434301674366, 0.07914285361766815, 0.9779926538467407, 0.9777691526232098, 0.9778963988011519, '01:08']
[19, 0.011695057153701782, 0.09133518487215042, 0.9765755534172058, 0.9766289198854878, 0.9763804673096823, '01:07']
[20, 0.00667280238121748, 0.08364807814359665, 0.979659914970398, 0.9796229486648519, 0.9795214964458937, '01:06']
[21, 0.004132478032261133, 0.08175639063119888, 0.9791597127914429, 0.9791340133868616, 0.9790644631766057, '01:04']
No improvement since epoch 16: early stopping

Tiempo de entrenamiento: 1657.52 segundos
/mnt/homeGPU/haoweihu/TFG/lib/python3.10/site-packages/fastai/learner.py:455: UserWarning: load_learner` uses Python's insecure pickle module, which can execute malicious arbitrary code when loading. Only load files you trust.
If you only need to load model weights and optimizer state, use the safe `Learner.load` instead.
  warn("load_learner` uses Python's insecure pickle module, which can execute malicious arbitrary code when loading. Only load files you trust.\nIf you only need to load model weights and optimizer state, use the safe `Learner.load` instead.")
Loss: 0.0818
Accuracy: 0.9792
Recall: 0.9791
F1-Score: 0.9791
Loss: 0.06970539689064026
Accuracy: 0.9823718070983887
Recall (macro): 0.9822824041989028
F1 Score (macro): 0.9823003152399965
---------------------------------------------------------------------------
Ejecutando: mnist_dist5_exclude_ex3
---------------------------------------------------------------------------
Número total de imágenes en entrenamiento: 9604
Número total de imágenes en validación: 11996

Clases: ['0', '1', '2', '3', '4', '5', '6', '7', '8', '9']
[0, 2.2816011905670166, 2.2631583213806152, 0.32335779070854187, 0.32433781827275004, 0.21185927757357237, '03:23']
[1, 1.8190279006958008, 1.385233998298645, 0.6598032712936401, 0.6519410428782985, 0.6411990348368616, '01:06']
[2, 0.7013505697250366, 0.5305944085121155, 0.8383628129959106, 0.8342125797169271, 0.8340660249934764, '01:06']
[3, 0.4368341863155365, 0.36393222212791443, 0.896548867225647, 0.8949779125647209, 0.8949580710177336, '01:05']
[4, 0.31445762515068054, 0.2846665382385254, 0.9117205739021301, 0.910378193679621, 0.9104136809460093, '01:13']
[5, 0.23361486196517944, 0.20394861698150635, 0.9380626678466797, 0.9378959741844157, 0.9380465634612115, '01:05']
[6, 0.1726752668619156, 0.16507753729820251, 0.9501500725746155, 0.9502344697380785, 0.9499849501004768, '01:04']
[7, 0.13195164501667023, 0.15011811256408691, 0.9521507024765015, 0.9519622991475032, 0.9518531671784469, '01:06']
[8, 0.11297161132097244, 0.11243204027414322, 0.9649049639701843, 0.964789894741871, 0.9647560267256241, '01:05']
[9, 0.10020492970943451, 0.11910486966371536, 0.9637379050254822, 0.9638307888502137, 0.9638148725396345, '01:07']
[10, 0.08144062012434006, 0.09841997176408768, 0.97024005651474, 0.970132759705797, 0.9701106344944241, '01:05']
[11, 0.0711212158203125, 0.08709417283535004, 0.9729909896850586, 0.9729046583531236, 0.9727602745825463, '01:05']
[12, 0.059697605669498444, 0.09846686571836472, 0.9689896702766418, 0.9692769141935104, 0.9688007620595032, '01:04']
[13, 0.04903828352689743, 0.11502817273139954, 0.9665721654891968, 0.966085003873209, 0.9663166321126946, '01:06']
[14, 0.04016725718975067, 0.08116164058446884, 0.9759920239448547, 0.9757665026818959, 0.97582520905441, '01:06']
[15, 0.031354498118162155, 0.10139797627925873, 0.9734078049659729, 0.9729652388113845, 0.9732778456454036, '01:05']
[16, 0.025355171412229538, 0.09946385025978088, 0.974658191204071, 0.9747491484840658, 0.9744073137565202, '01:04']
[17, 0.01806621626019478, 0.08745945245027542, 0.9783260822296143, 0.9781066496617923, 0.9781468797953943, '01:13']
[18, 0.014981446787714958, 0.09294255077838898, 0.9755752086639404, 0.9754357280015039, 0.9754299289889751, '01:04']
[19, 0.01107027567923069, 0.08705846220254898, 0.9779926538467407, 0.9778477279770701, 0.9778235370773786, '01:04']
No improvement since epoch 14: early stopping

Tiempo de entrenamiento: 1466.20 segundos
/mnt/homeGPU/haoweihu/TFG/lib/python3.10/site-packages/fastai/learner.py:455: UserWarning: load_learner` uses Python's insecure pickle module, which can execute malicious arbitrary code when loading. Only load files you trust.
If you only need to load model weights and optimizer state, use the safe `Learner.load` instead.
  warn("load_learner` uses Python's insecure pickle module, which can execute malicious arbitrary code when loading. Only load files you trust.\nIf you only need to load model weights and optimizer state, use the safe `Learner.load` instead.")
Loss: 0.0871
Accuracy: 0.9780
Recall: 0.9778
F1-Score: 0.9778
Loss: 0.0717928484082222
Accuracy: 0.979567289352417
Recall (macro): 0.9794748367864026
F1 Score (macro): 0.979403961041221
---------------------------------------------------------------------------
--------------------------MODELOS DISTILLED 0001----------------------------
---------------------------------------------------------------------------
---------------------------------------------------------------------------
Ejecutando: mnist_dist01_exclude_ex1
---------------------------------------------------------------------------
Número total de imágenes en entrenamiento: 9604
Número total de imágenes en validación: 11996

Clases: ['0', '1', '2', '3', '4', '5', '6', '7', '8', '9']
[0, 2.279101848602295, 2.2528231143951416, 0.24683228135108948, 0.2363950352758401, 0.1453673182050431, '03:18']
[1, 1.6374553442001343, 1.1159533262252808, 0.7635878920555115, 0.7594701896537834, 0.7577801646125942, '01:04']
[2, 0.5749722123146057, 0.4667433500289917, 0.8567022085189819, 0.8545493034691584, 0.8534609839156122, '01:04']
[3, 0.3677571415901184, 0.3617973029613495, 0.8917972445487976, 0.8904618072529337, 0.8910527650340795, '01:04']
[4, 0.26402708888053894, 0.23795917630195618, 0.9255585074424744, 0.9242548876740422, 0.9249558448475174, '01:05']
[5, 0.19270583987236023, 0.19268876314163208, 0.9406468868255615, 0.9410853789601259, 0.9401224456235221, '01:04']
[6, 0.1520310789346695, 0.13533824682235718, 0.9575691819190979, 0.9572550156930324, 0.9573917249330399, '01:04']
[7, 0.12028344720602036, 0.12200634926557541, 0.9618206024169922, 0.9620010415298148, 0.9615541440855655, '01:04']
[8, 0.10161682218313217, 0.12230172008275986, 0.9629876613616943, 0.9625063566942351, 0.9628437187822412, '01:03']
[9, 0.0916130468249321, 0.09582594782114029, 0.9696565270423889, 0.9697036146241921, 0.9695019162960861, '01:07']
[10, 0.06799154728651047, 0.1221824437379837, 0.9601534008979797, 0.9597724397818093, 0.9599443938731552, '01:07']
[11, 0.06707338988780975, 0.0969114825129509, 0.9698233008384705, 0.9695689927092461, 0.9695872689065782, '01:06']
[12, 0.05546273663640022, 0.1072503998875618, 0.9657385945320129, 0.965236460222245, 0.965502338532912, '01:05']
[13, 0.040683500468730927, 0.09697818756103516, 0.9710736870765686, 0.9709298289769508, 0.9709115672206853, '01:05']
[14, 0.03886200860142708, 0.0902436301112175, 0.9718239307403564, 0.9715062549004152, 0.9716395783635197, '01:05']
[15, 0.027639588341116905, 0.10444210469722748, 0.9694064855575562, 0.9690274452289633, 0.9692048050868143, '01:05']
[16, 0.02057412452995777, 0.092289499938488, 0.9757419228553772, 0.9757463572497853, 0.9755429431469906, '01:06']
[17, 0.01841823197901249, 0.09521287679672241, 0.9742414355278015, 0.973964190043365, 0.9740313127527346, '01:05']
[18, 0.013859325088560581, 0.09545452892780304, 0.9751583933830261, 0.9751047447113322, 0.9749272146077506, '01:10']
[19, 0.010983849875628948, 0.10034524649381638, 0.9743247628211975, 0.9740947759925834, 0.9741649464309372, '01:05']
No improvement since epoch 14: early stopping

Tiempo de entrenamiento: 1445.85 segundos
/mnt/homeGPU/haoweihu/TFG/lib/python3.10/site-packages/fastai/learner.py:455: UserWarning: load_learner` uses Python's insecure pickle module, which can execute malicious arbitrary code when loading. Only load files you trust.
If you only need to load model weights and optimizer state, use the safe `Learner.load` instead.
  warn("load_learner` uses Python's insecure pickle module, which can execute malicious arbitrary code when loading. Only load files you trust.\nIf you only need to load model weights and optimizer state, use the safe `Learner.load` instead.")
Loss: 0.1003
Accuracy: 0.9743
Recall: 0.9741
F1-Score: 0.9742
Loss: 0.0806594118475914
Accuracy: 0.9777644276618958
Recall (macro): 0.9776758491709201
F1 Score (macro): 0.9777234870232764
---------------------------------------------------------------------------
Ejecutando: mnist_dist01_exclude_ex2
---------------------------------------------------------------------------
Número total de imágenes en entrenamiento: 9604
Número total de imágenes en validación: 11996

Clases: ['0', '1', '2', '3', '4', '5', '6', '7', '8', '9']
[0, 2.279820442199707, 2.2581839561462402, 0.16388796269893646, 0.16456999485695006, 0.09897155455736528, '03:17']
[1, 1.6703282594680786, 1.1233296394348145, 0.7229076623916626, 0.7137297174917014, 0.6946434271484112, '01:12']
[2, 0.5957074761390686, 0.46797508001327515, 0.8614538311958313, 0.8592767522426016, 0.8596300232718918, '01:04']
[3, 0.35668978095054626, 0.39395374059677124, 0.8723741173744202, 0.8718515608570969, 0.8725510429900991, '01:05']
[4, 0.28844478726387024, 0.24937410652637482, 0.924558162689209, 0.923713342303998, 0.9233321825161827, '01:04']
[5, 0.21086385846138, 0.187241792678833, 0.9436478614807129, 0.9432215253675491, 0.9432650508775863, '01:04']
[6, 0.17135947942733765, 0.17190222442150116, 0.946732223033905, 0.9469505666462344, 0.9465100173600348, '01:05']
[7, 0.13948288559913635, 0.14006367325782776, 0.9569023251533508, 0.9566570826927411, 0.9566756301145523, '01:06']
[8, 0.11597880721092224, 0.11333656311035156, 0.9642381072044373, 0.9638976415209134, 0.9640956143886876, '01:05']
[9, 0.10083439946174622, 0.10861554741859436, 0.966322124004364, 0.9659474531893224, 0.9661217694836951, '01:05']
[10, 0.07948651164770126, 0.09854690730571747, 0.9694898128509521, 0.9692138711580697, 0.9692206515147147, '01:04']
[11, 0.0702882707118988, 0.09479258209466934, 0.972740888595581, 0.9725385790785154, 0.9726198124985226, '01:04']
[12, 0.06435352563858032, 0.09891623258590698, 0.9693230986595154, 0.9692003474083883, 0.9690614204261155, '01:04']
[13, 0.05342062935233116, 0.09753971546888351, 0.9717406034469604, 0.971590599496815, 0.9714357540002183, '01:04']
[14, 0.04619119316339493, 0.09651241451501846, 0.9707402586936951, 0.9707697576356967, 0.9706919521341006, '01:06']
[15, 0.03348391875624657, 0.09739043563604355, 0.9729909896850586, 0.9730341456540534, 0.9727445168927963, '01:05']
[16, 0.027326496317982674, 0.09625682979822159, 0.972074031829834, 0.9719954816929954, 0.9718867539058984, '01:05']
No improvement since epoch 11: early stopping

Tiempo de entrenamiento: 1246.19 segundos
/mnt/homeGPU/haoweihu/TFG/lib/python3.10/site-packages/fastai/learner.py:455: UserWarning: load_learner` uses Python's insecure pickle module, which can execute malicious arbitrary code when loading. Only load files you trust.
If you only need to load model weights and optimizer state, use the safe `Learner.load` instead.
  warn("load_learner` uses Python's insecure pickle module, which can execute malicious arbitrary code when loading. Only load files you trust.\nIf you only need to load model weights and optimizer state, use the safe `Learner.load` instead.")
Loss: 0.0963
Accuracy: 0.9721
Recall: 0.9720
F1-Score: 0.9719
Loss: 0.08316972106695175
Accuracy: 0.9749599099159241
Recall (macro): 0.975010165348739
F1 Score (macro): 0.9747708299988987
---------------------------------------------------------------------------
Ejecutando: mnist_dist01_exclude_ex3
---------------------------------------------------------------------------
Número total de imágenes en entrenamiento: 9604
Número total de imágenes en validación: 11996

Clases: ['0', '1', '2', '3', '4', '5', '6', '7', '8', '9']
[0, 2.289860486984253, 2.27628231048584, 0.16705568134784698, 0.16936749723612735, 0.09982994510993215, '03:23']
[1, 1.90597665309906, 1.4624743461608887, 0.6673891544342041, 0.6570099990196556, 0.620648902664208, '01:05']
[2, 0.6783504486083984, 0.5091783404350281, 0.845115065574646, 0.8428120221361063, 0.8420194939373198, '01:04']
[3, 0.38633644580841064, 0.365747332572937, 0.8917972445487976, 0.890973069060677, 0.890317985505869, '01:04']
[4, 0.30376365780830383, 0.2740635871887207, 0.9203901290893555, 0.919803501670534, 0.9196862855382527, '01:04']
[5, 0.2178315669298172, 0.23676632344722748, 0.928309440612793, 0.9267585753993499, 0.9275165054722365, '01:05']
[6, 0.17189325392246246, 0.17977531254291534, 0.9471490383148193, 0.94703094361058, 0.9466303471004569, '01:02']
[7, 0.1274963766336441, 0.15208624303340912, 0.9559853076934814, 0.9557102227937466, 0.9559967418295475, '01:12']
[8, 0.10600880533456802, 0.13023774325847626, 0.9610703587532043, 0.9611341249073895, 0.9610527698175135, '01:03']
[9, 0.09052981436252594, 0.13605569303035736, 0.9573190808296204, 0.9570384532507207, 0.9571842520345791, '01:03']
[10, 0.06949002295732498, 0.10778291523456573, 0.9677392244338989, 0.9677131403384465, 0.9676542780947349, '01:04']
[11, 0.07224005460739136, 0.09758694469928741, 0.9694064855575562, 0.9693157964803115, 0.969291732291661, '01:05']
[12, 0.061155274510383606, 0.09579672664403915, 0.9699066281318665, 0.9698768178803565, 0.9699031263029283, '01:02']
[13, 0.04453923553228378, 0.09040731191635132, 0.9734078049659729, 0.9730720186937981, 0.973266320125334, '01:10']
[14, 0.03981700539588928, 0.10370159894227982, 0.9697399139404297, 0.9694170303609966, 0.9695517835235796, '00:59']
[15, 0.028378285467624664, 0.07681890577077866, 0.9787428975105286, 0.978740295115052, 0.9786690551766684, '01:00']
[16, 0.022454671561717987, 0.09133810549974442, 0.9747415781021118, 0.9745778689229588, 0.9747065525697364, '01:03']
[17, 0.019102830439805984, 0.0849597156047821, 0.9762420654296875, 0.9762587361672871, 0.9761302882990751, '00:59']
[18, 0.01636187545955181, 0.08331137150526047, 0.9774925112724304, 0.977542721330811, 0.977466020789716, '00:59']
[19, 0.01132411789149046, 0.08165803551673889, 0.9790763854980469, 0.9791288080044863, 0.9790264211956581, '00:59']
[20, 0.008598607033491135, 0.08641277998685837, 0.9779093265533447, 0.9778506445340789, 0.9778316036118184, '00:59']
No improvement since epoch 15: early stopping

Tiempo de entrenamiento: 1476.26 segundos
/mnt/homeGPU/haoweihu/TFG/lib/python3.10/site-packages/fastai/learner.py:455: UserWarning: load_learner` uses Python's insecure pickle module, which can execute malicious arbitrary code when loading. Only load files you trust.
If you only need to load model weights and optimizer state, use the safe `Learner.load` instead.
  warn("load_learner` uses Python's insecure pickle module, which can execute malicious arbitrary code when loading. Only load files you trust.\nIf you only need to load model weights and optimizer state, use the safe `Learner.load` instead.")
Loss: 0.0864
Accuracy: 0.9779
Recall: 0.9779
F1-Score: 0.9778
Loss: 0.06964556127786636
Accuracy: 0.9792668223381042
Recall (macro): 0.9791628373021115
F1 Score (macro): 0.9792193136336522
mail: cannot send message: Process exited with a non-zero status
