---------------------------------------------------------------------------
--------------------------MODELOS DISTILLED 001-----------------------------
---------------------------------------------------------------------------
---------------------------------------------------------------------------
Ejecutando: fmnist_dist1_original_ex1
---------------------------------------------------------------------------
Número total de imágenes en entrenamiento: 10620
Número total de imágenes en validación: 12000

Clases: ['Ankle boot', 'Bag', 'Coat', 'Dress', 'Pullover', 'Sandal', 'Shirt', 'Sneaker', 'T-shirt', 'Trouser']
[0, 2.265902280807495, 2.2310497760772705, 0.2706666588783264, 0.27066666666666667, 0.20610599538033164, '01:41']
[1, 1.4972871541976929, 1.181249976158142, 0.5402500033378601, 0.5402500000000001, 0.4857257400266274, '00:30']
[2, 0.9162564873695374, 0.9097284078598022, 0.656416654586792, 0.6564166666666666, 0.6378627816316684, '00:30']
[3, 0.785433292388916, 0.8515312671661377, 0.6740833520889282, 0.6740833333333334, 0.6256283871442624, '00:30']
[4, 0.7171447277069092, 0.7165952324867249, 0.7270833253860474, 0.7270833333333333, 0.7184548478059696, '00:30']
[5, 0.6467698216438293, 0.6486719846725464, 0.7560833096504211, 0.7560833333333334, 0.7542162103242962, '00:30']
[6, 0.6230642795562744, 0.6371185779571533, 0.768666684627533, 0.7686666666666666, 0.7593322035682315, '00:31']
[7, 0.5445595383644104, 0.5604662895202637, 0.7921666502952576, 0.7921666666666667, 0.7918834817823457, '00:30']
[8, 0.5231821537017822, 0.5308553576469421, 0.8043333292007446, 0.8043333333333333, 0.8006700845379378, '00:30']
[9, 0.4887191951274872, 0.5042929649353027, 0.8108333349227905, 0.8108333333333334, 0.8130272452256466, '00:30']
[10, 0.45375436544418335, 0.4820062220096588, 0.8234999775886536, 0.8234999999999999, 0.81719725877778, '00:30']
[11, 0.44723033905029297, 0.48829832673072815, 0.8235833048820496, 0.8235833333333332, 0.8200250933590685, '00:30']
[12, 0.4084005057811737, 0.4891110360622406, 0.8214166760444641, 0.8214166666666667, 0.8172169237173617, '00:30']
[13, 0.4032036364078522, 0.4653182923793793, 0.8258333206176758, 0.8258333333333333, 0.8279477870673085, '00:30']
[14, 0.379908949136734, 0.4425361454486847, 0.8392500281333923, 0.83925, 0.8377480200514065, '00:30']
[15, 0.36641618609428406, 0.4153573513031006, 0.8516666889190674, 0.8516666666666666, 0.8499150366782404, '00:30']
[16, 0.3592754900455475, 0.41250988841056824, 0.8507500290870667, 0.85075, 0.8522487131247811, '00:30']
[17, 0.34808552265167236, 0.4243488013744354, 0.8481666445732117, 0.8481666666666667, 0.8431338542412069, '00:30']
[18, 0.33484819531440735, 0.39675045013427734, 0.8587499856948853, 0.85875, 0.8587487431760378, '00:30']
[19, 0.3063008785247803, 0.3922704756259918, 0.859666645526886, 0.8596666666666668, 0.8595553507841771, '00:32']
[20, 0.30644693970680237, 0.3989579677581787, 0.8544999957084656, 0.8545, 0.8547413055447116, '00:30']
[21, 0.29198312759399414, 0.3915823698043823, 0.8569166660308838, 0.8569166666666668, 0.857392148728912, '00:30']
[22, 0.27772781252861023, 0.3830071687698364, 0.8599166870117188, 0.8599166666666667, 0.8599927857767581, '00:30']
[23, 0.27236396074295044, 0.3769494593143463, 0.8650000095367432, 0.865, 0.8644912209829163, '00:32']
[24, 0.2661302089691162, 0.37442418932914734, 0.8654166460037231, 0.8654166666666667, 0.8647450058858048, '00:30']
[25, 0.2783749997615814, 0.3742479383945465, 0.8644999861717224, 0.8644999999999999, 0.8638492477514671, '00:30']
[26, 0.2601795494556427, 0.3755161464214325, 0.8659166693687439, 0.8659166666666668, 0.864571249181795, '00:30']
[27, 0.2621329724788666, 0.3744165301322937, 0.8638333082199097, 0.8638333333333333, 0.8640228418395048, '00:30']
[28, 0.26537683606147766, 0.37293851375579834, 0.8654166460037231, 0.8654166666666667, 0.8647690005674347, '00:31']
[29, 0.26853829622268677, 0.37282970547676086, 0.8656666874885559, 0.8656666666666666, 0.8649808272482911, '00:30']

Tiempo de entrenamiento: 992.15 segundos
/mnt/homeGPU/haoweihu/TFG/lib/python3.10/site-packages/fastai/learner.py:455: UserWarning: load_learner` uses Python's insecure pickle module, which can execute malicious arbitrary code when loading. Only load files you trust.
If you only need to load model weights and optimizer state, use the safe `Learner.load` instead.
  warn("load_learner` uses Python's insecure pickle module, which can execute malicious arbitrary code when loading. Only load files you trust.\nIf you only need to load model weights and optimizer state, use the safe `Learner.load` instead.")
Loss: 0.3728
Accuracy: 0.8657
Recall: 0.8657
F1-Score: 0.8650
Loss: 2.543877601623535
Accuracy: 0.6819911599159241
Recall (macro): 0.6817591425575804
F1 Score (macro): 0.681479576894351
---------------------------------------------------------------------------
Ejecutando: fmnist_dist1_original_ex2
---------------------------------------------------------------------------
Número total de imágenes en entrenamiento: 10620
Número total de imágenes en validación: 12000

Clases: ['Ankle boot', 'Bag', 'Coat', 'Dress', 'Pullover', 'Sandal', 'Shirt', 'Sneaker', 'T-shirt', 'Trouser']
[0, 2.2864294052124023, 2.2684762477874756, 0.2212499976158142, 0.22125, 0.1276794507231014, '01:21']
[1, 1.6736857891082764, 1.191310167312622, 0.5957499742507935, 0.59575, 0.5483742530900553, '00:30']
[2, 0.8648443222045898, 0.7976004481315613, 0.6875, 0.6875, 0.6704579252888982, '00:30']
[3, 0.70615154504776, 0.6898705959320068, 0.7333333492279053, 0.7333333333333332, 0.7120286367977607, '00:31']
[4, 0.6267024278640747, 0.6780710220336914, 0.7416666746139526, 0.7416666666666667, 0.7297790115843275, '00:30']
[5, 0.6101577281951904, 0.6136971712112427, 0.7640833258628845, 0.7640833333333334, 0.7576440622481713, '00:30']
[6, 0.5547947287559509, 0.6006722450256348, 0.7627500295639038, 0.76275, 0.7578194397800921, '00:30']
[7, 0.530832827091217, 0.522537350654602, 0.8086666464805603, 0.8086666666666666, 0.8077893280618138, '00:32']
[8, 0.4811060130596161, 0.5395339727401733, 0.8054999709129333, 0.8055, 0.8034207636960895, '00:30']
[9, 0.45270803570747375, 0.5311025977134705, 0.7951666712760925, 0.7951666666666666, 0.7920270065451848, '00:30']
[10, 0.41616418957710266, 0.5026006102561951, 0.8198333382606506, 0.8198333333333334, 0.8161007065481252, '00:30']
[11, 0.39155909419059753, 0.44657963514328003, 0.8412500023841858, 0.8412499999999999, 0.8379726906871697, '00:32']
[12, 0.3729671537876129, 0.4373415410518646, 0.8418333530426025, 0.8418333333333333, 0.841352020831623, '00:30']
[13, 0.3554852306842804, 0.44615450501441956, 0.843999981880188, 0.844, 0.8364909121074726, '00:30']
[14, 0.32744333148002625, 0.4100779592990875, 0.8530833125114441, 0.8530833333333334, 0.8519244062359622, '00:30']
[15, 0.32080620527267456, 0.4153386950492859, 0.8496666550636292, 0.8496666666666668, 0.8473311850205322, '00:31']
[16, 0.30069658160209656, 0.4161459505558014, 0.8520833253860474, 0.8520833333333334, 0.8502672619786349, '00:30']
[17, 0.2907749116420746, 0.39513304829597473, 0.862333357334137, 0.8623333333333335, 0.8604989802479078, '00:30']
[18, 0.2674182951450348, 0.41183140873908997, 0.8579166531562805, 0.8579166666666668, 0.8528077300007307, '00:31']
[19, 0.2671554684638977, 0.39294201135635376, 0.8584166765213013, 0.8584166666666668, 0.8552297886609649, '00:30']
[20, 0.26303979754447937, 0.38124141097068787, 0.8650833368301392, 0.8650833333333334, 0.8641860115324158, '00:30']
[21, 0.24233320355415344, 0.3805985152721405, 0.8684999942779541, 0.8685, 0.8662909899198533, '00:30']
[22, 0.23610742390155792, 0.37753620743751526, 0.8680833578109741, 0.8680833333333332, 0.8673168765329591, '00:30']
[23, 0.23076443374156952, 0.3768078684806824, 0.8673333525657654, 0.8673333333333334, 0.8662871890963787, '00:30']
[24, 0.23716849088668823, 0.3787447512149811, 0.8670833110809326, 0.8670833333333334, 0.8666156153868876, '00:30']
[25, 0.2184523344039917, 0.3817618489265442, 0.8696666955947876, 0.8696666666666667, 0.8680037872604066, '00:32']
[26, 0.2167467325925827, 0.37822383642196655, 0.8689166903495789, 0.8689166666666667, 0.8680423351651703, '00:30']
[27, 0.20966991782188416, 0.37895122170448303, 0.8686666488647461, 0.8686666666666666, 0.8672566042586821, '00:30']
[28, 0.20208853483200073, 0.37843725085258484, 0.8686666488647461, 0.8686666666666667, 0.8674496018504844, '00:30']
No improvement since epoch 23: early stopping

Tiempo de entrenamiento: 944.67 segundos
/mnt/homeGPU/haoweihu/TFG/lib/python3.10/site-packages/fastai/learner.py:455: UserWarning: load_learner` uses Python's insecure pickle module, which can execute malicious arbitrary code when loading. Only load files you trust.
If you only need to load model weights and optimizer state, use the safe `Learner.load` instead.
  warn("load_learner` uses Python's insecure pickle module, which can execute malicious arbitrary code when loading. Only load files you trust.\nIf you only need to load model weights and optimizer state, use the safe `Learner.load` instead.")
Loss: 0.3784
Accuracy: 0.8687
Recall: 0.8687
F1-Score: 0.8674
Loss: 2.8295226097106934
Accuracy: 0.6858974099159241
Recall (macro): 0.6859626853724717
F1 Score (macro): 0.6838111328198335
---------------------------------------------------------------------------
Ejecutando: fmnist_dist1_original_ex3
---------------------------------------------------------------------------
Número total de imágenes en entrenamiento: 10620
Número total de imágenes en validación: 12000

Clases: ['Ankle boot', 'Bag', 'Coat', 'Dress', 'Pullover', 'Sandal', 'Shirt', 'Sneaker', 'T-shirt', 'Trouser']
[0, 2.251417636871338, 2.1979587078094482, 0.2600833475589752, 0.26008333333333333, 0.14852836632826488, '01:20']
[1, 1.4182209968566895, 1.1367450952529907, 0.565666675567627, 0.5656666666666667, 0.5170493662009058, '00:30']
[2, 0.9439689517021179, 0.9290162920951843, 0.6399999856948853, 0.64, 0.6078387642808588, '00:30']
[3, 0.8224678039550781, 0.7853491902351379, 0.7059166431427002, 0.7059166666666667, 0.6991697496941438, '00:31']
[4, 0.7154970169067383, 0.7203922271728516, 0.7278333306312561, 0.7278333333333333, 0.7014887759344056, '00:32']
[5, 0.6642327904701233, 0.6432717442512512, 0.7606666684150696, 0.7606666666666666, 0.7570060982036168, '00:30']
[6, 0.6124041080474854, 0.6635286211967468, 0.7403333187103271, 0.7403333333333333, 0.7165337392900499, '00:30']
[7, 0.5707588195800781, 0.5813581347465515, 0.7839999794960022, 0.784, 0.7739241945685083, '00:30']
[8, 0.5190615057945251, 0.5697370767593384, 0.7889999747276306, 0.7889999999999999, 0.7822369470678778, '00:30']
[9, 0.5003373026847839, 0.5209765434265137, 0.809333324432373, 0.8093333333333333, 0.8068853816376039, '00:30']
[10, 0.4709370732307434, 0.522089421749115, 0.8077499866485596, 0.8077500000000001, 0.8030802758484133, '00:32']
[11, 0.4554165303707123, 0.5005326867103577, 0.8215833306312561, 0.8215833333333334, 0.8162015268224359, '00:30']
[12, 0.44435185194015503, 0.50489342212677, 0.8117499947547913, 0.81175, 0.8012488790014187, '00:31']
[13, 0.4117998778820038, 0.49690383672714233, 0.8194166421890259, 0.8194166666666666, 0.8146592441117722, '00:30']
[14, 0.39908015727996826, 0.4526257812976837, 0.8370000123977661, 0.837, 0.8358563482799195, '00:30']
[15, 0.3813930153846741, 0.45886608958244324, 0.8362500071525574, 0.8362499999999999, 0.8307541127606364, '00:30']
[16, 0.3759418725967407, 0.4554969370365143, 0.8369166851043701, 0.8369166666666666, 0.8382732347132136, '00:30']
[17, 0.36324071884155273, 0.4537898898124695, 0.8375833630561829, 0.8375833333333332, 0.8352360096304231, '00:30']
[18, 0.35472825169563293, 0.4561425447463989, 0.831166684627533, 0.8311666666666666, 0.8263298768301276, '00:30']
[19, 0.3308756351470947, 0.4237055778503418, 0.8475833535194397, 0.8475833333333332, 0.8461436086447754, '00:30']
[20, 0.31488102674484253, 0.42616671323776245, 0.8485000133514404, 0.8484999999999999, 0.848678516663379, '00:32']
[21, 0.2955583333969116, 0.4176791310310364, 0.8553333282470703, 0.8553333333333333, 0.855501501314561, '00:31']
[22, 0.293756365776062, 0.4155273735523224, 0.8543333411216736, 0.8543333333333333, 0.8524679098768603, '00:30']
[23, 0.28404927253723145, 0.4105948209762573, 0.8575000166893005, 0.8574999999999999, 0.8560447851630218, '00:30']
[24, 0.29790744185447693, 0.40800824761390686, 0.8551666736602783, 0.8551666666666667, 0.8548218219539523, '00:31']
[25, 0.2739819586277008, 0.4046376049518585, 0.8598333597183228, 0.8598333333333332, 0.8588811746011873, '00:30']
[26, 0.27836817502975464, 0.4044877588748932, 0.8602499961853027, 0.86025, 0.8596193460780259, '00:30']
[27, 0.26278525590896606, 0.4035845994949341, 0.8600000143051147, 0.86, 0.8597094910274917, '00:31']
[28, 0.2621897757053375, 0.40368160605430603, 0.8602499961853027, 0.86025, 0.8597477729689379, '00:31']
[29, 0.2712550163269043, 0.4035179913043976, 0.8602499961853027, 0.8602500000000001, 0.8597816211303748, '00:30']

Tiempo de entrenamiento: 979.05 segundos
/mnt/homeGPU/haoweihu/TFG/lib/python3.10/site-packages/fastai/learner.py:455: UserWarning: load_learner` uses Python's insecure pickle module, which can execute malicious arbitrary code when loading. Only load files you trust.
If you only need to load model weights and optimizer state, use the safe `Learner.load` instead.
  warn("load_learner` uses Python's insecure pickle module, which can execute malicious arbitrary code when loading. Only load files you trust.\nIf you only need to load model weights and optimizer state, use the safe `Learner.load` instead.")
Loss: 0.4035
Accuracy: 0.8602
Recall: 0.8603
F1-Score: 0.8598
Loss: 2.8863377571105957
Accuracy: 0.6755809187889099
Recall (macro): 0.6756623342035188
F1 Score (macro): 0.6747508690844971
---------------------------------------------------------------------------
--------------------------MODELOS DISTILLED 005-----------------------------
---------------------------------------------------------------------------
---------------------------------------------------------------------------
Ejecutando: fmnist_dist5_original_ex1
---------------------------------------------------------------------------
Número total de imágenes en entrenamiento: 9800
Número total de imágenes en validación: 12000

Clases: ['Ankle boot', 'Bag', 'Coat', 'Dress', 'Pullover', 'Sandal', 'Shirt', 'Sneaker', 'T-shirt', 'Trouser']
[0, 2.2762038707733154, 2.249150037765503, 0.27649998664855957, 0.2765, 0.16460908876984268, '01:18']
[1, 1.6037734746932983, 1.1717723608016968, 0.6324166655540466, 0.6324166666666666, 0.6035592831095545, '00:29']
[2, 0.9445297122001648, 0.8438133001327515, 0.672249972820282, 0.67225, 0.6539858922089304, '00:29']
[3, 0.7899569869041443, 0.7521657943725586, 0.6985833048820496, 0.6985833333333334, 0.6801113607359105, '00:30']
[4, 0.6969347596168518, 0.708090603351593, 0.7206666469573975, 0.7206666666666667, 0.7173093504458601, '00:29']
[5, 0.6585831642150879, 0.6276980638504028, 0.7567499876022339, 0.75675, 0.7391618949331019, '00:29']
[6, 0.5980632305145264, 0.5782952308654785, 0.7789166569709778, 0.7789166666666667, 0.7562837712196018, '00:29']
[7, 0.5581785440444946, 0.5572719573974609, 0.7865833044052124, 0.7865833333333334, 0.7661775472247501, '00:29']
[8, 0.522643506526947, 0.5072457194328308, 0.812250018119812, 0.8122499999999999, 0.8090988387954722, '00:29']
[9, 0.5020288825035095, 0.4809670150279999, 0.8265833258628845, 0.8265833333333333, 0.823712227863612, '00:29']
[10, 0.46186336874961853, 0.47466543316841125, 0.8244166374206543, 0.8244166666666667, 0.8194878537214223, '00:29']
[11, 0.43987539410591125, 0.4485354721546173, 0.8320000171661377, 0.8320000000000001, 0.8326796864677478, '00:29']
[12, 0.41181424260139465, 0.4303883910179138, 0.8403333425521851, 0.8403333333333334, 0.842103768417519, '00:30']
[13, 0.39130041003227234, 0.4384635090827942, 0.8443333506584167, 0.8443333333333334, 0.8429487826509513, '00:29']
[14, 0.37433508038520813, 0.4224817752838135, 0.846916675567627, 0.8469166666666667, 0.8457027252506443, '00:30']
[15, 0.3712409734725952, 0.40402355790138245, 0.8539166450500488, 0.8539166666666667, 0.85160958284511, '00:29']
[16, 0.34741920232772827, 0.39440613985061646, 0.8598333597183228, 0.8598333333333332, 0.8586416553343754, '00:29']
[17, 0.3313230872154236, 0.4258882701396942, 0.846833348274231, 0.8468333333333333, 0.8459983626928083, '00:29']
[18, 0.3234904408454895, 0.3817574381828308, 0.8651666641235352, 0.8651666666666668, 0.8637836814721049, '00:29']
[19, 0.3030838370323181, 0.4016719162464142, 0.8586666584014893, 0.8586666666666666, 0.8596692011161137, '00:31']
[20, 0.29333966970443726, 0.3849431872367859, 0.8654166460037231, 0.8654166666666667, 0.8645782900165884, '00:30']
[21, 0.2796357572078705, 0.37650129199028015, 0.8680833578109741, 0.8680833333333334, 0.8667567528574482, '00:29']
[22, 0.2855816185474396, 0.37402117252349854, 0.8685833215713501, 0.8685833333333333, 0.8678167637384545, '00:29']
[23, 0.270774781703949, 0.3744675815105438, 0.8689166903495789, 0.8689166666666667, 0.8683143217998911, '00:29']
[24, 0.2741948962211609, 0.37043341994285583, 0.8687499761581421, 0.86875, 0.8691353694567614, '00:29']
[25, 0.2616440951824188, 0.3706352114677429, 0.8708333373069763, 0.8708333333333332, 0.8695539720929814, '00:29']
[26, 0.26023465394973755, 0.37007901072502136, 0.8706666827201843, 0.8706666666666667, 0.8698587002737048, '00:29']
[27, 0.25831955671310425, 0.3700738847255707, 0.871749997138977, 0.8717499999999999, 0.8709019354823953, '00:30']
[28, 0.25409233570098877, 0.36965009570121765, 0.871833324432373, 0.8718333333333333, 0.8711701270679539, '00:29']
[29, 0.24576851725578308, 0.36961987614631653, 0.871749997138977, 0.8717500000000001, 0.8710832476440036, '00:29']

Tiempo de entrenamiento: 944.84 segundos
/mnt/homeGPU/haoweihu/TFG/lib/python3.10/site-packages/fastai/learner.py:455: UserWarning: load_learner` uses Python's insecure pickle module, which can execute malicious arbitrary code when loading. Only load files you trust.
If you only need to load model weights and optimizer state, use the safe `Learner.load` instead.
  warn("load_learner` uses Python's insecure pickle module, which can execute malicious arbitrary code when loading. Only load files you trust.\nIf you only need to load model weights and optimizer state, use the safe `Learner.load` instead.")
Loss: 0.3696
Accuracy: 0.8717
Recall: 0.8718
F1-Score: 0.8711
Loss: 3.1339876651763916
Accuracy: 0.6852964758872986
Recall (macro): 0.6854630455159734
F1 Score (macro): 0.6838547462640377
---------------------------------------------------------------------------
Ejecutando: fmnist_dist5_original_ex2
---------------------------------------------------------------------------
Número total de imágenes en entrenamiento: 9800
Número total de imágenes en validación: 12000

Clases: ['Ankle boot', 'Bag', 'Coat', 'Dress', 'Pullover', 'Sandal', 'Shirt', 'Sneaker', 'T-shirt', 'Trouser']
[0, 2.2780613899230957, 2.24936580657959, 0.23849999904632568, 0.2385, 0.1850875209874932, '01:15']
[1, 1.6310310363769531, 1.2656160593032837, 0.5408333539962769, 0.5408333333333333, 0.4867532650235141, '00:29']
[2, 0.9676275253295898, 0.8777177929878235, 0.656416654586792, 0.6564166666666668, 0.6461783484955271, '00:30']
[3, 0.7872490882873535, 0.7652822136878967, 0.7008333206176758, 0.7008333333333334, 0.681275195767289, '00:31']
[4, 0.6887633800506592, 0.6958968639373779, 0.7163333296775818, 0.7163333333333333, 0.6976622581735299, '00:29']
[5, 0.6421301364898682, 0.662151038646698, 0.7425833344459534, 0.7425833333333334, 0.7180290882154567, '00:31']
[6, 0.5955213904380798, 0.6059367060661316, 0.762499988079071, 0.7625, 0.75731512399667, '00:29']
[7, 0.5564197897911072, 0.5578484535217285, 0.7882500290870667, 0.78825, 0.7846665419029175, '00:29']
[8, 0.5298277139663696, 0.5389617681503296, 0.797166645526886, 0.7971666666666666, 0.7980949665860013, '00:30']
[9, 0.48237815499305725, 0.5372399687767029, 0.7977499961853027, 0.79775, 0.7796380159940931, '00:30']
[10, 0.4714023470878601, 0.4895091950893402, 0.8198333382606506, 0.8198333333333332, 0.8179671490890834, '00:29']
[11, 0.45773518085479736, 0.48684293031692505, 0.8163333535194397, 0.8163333333333334, 0.8127250292724663, '00:30']
[12, 0.4231012761592865, 0.45259153842926025, 0.8344166874885559, 0.8344166666666666, 0.8330508507883476, '00:29']
[13, 0.4121710956096649, 0.44679123163223267, 0.8423333168029785, 0.8423333333333334, 0.8430626805793822, '00:29']
[14, 0.40651851892471313, 0.430217981338501, 0.8447499871253967, 0.84475, 0.8437278675628983, '00:29']
[15, 0.3833833634853363, 0.44601771235466003, 0.8347499966621399, 0.83475, 0.8300933912659889, '00:29']
[16, 0.37036916613578796, 0.4214686155319214, 0.8496666550636292, 0.8496666666666666, 0.8484582384255825, '00:29']
[17, 0.34513595700263977, 0.40763530135154724, 0.8572499752044678, 0.85725, 0.8558006553157135, '00:29']
[18, 0.33052924275398254, 0.39999669790267944, 0.8613333106040955, 0.8613333333333333, 0.8601051522819784, '00:29']
[19, 0.33449095487594604, 0.3958587646484375, 0.8587499856948853, 0.85875, 0.8532442237500341, '00:29']
[20, 0.30572596192359924, 0.3901294469833374, 0.8619999885559082, 0.8620000000000001, 0.8611791970016748, '00:31']
[21, 0.3131692111492157, 0.38142284750938416, 0.8647500276565552, 0.8647500000000001, 0.8622440483323353, '00:31']
[22, 0.29212823510169983, 0.38761767745018005, 0.8604166507720947, 0.8604166666666668, 0.861006022781923, '00:29']
[23, 0.2930958569049835, 0.37884658575057983, 0.8650000095367432, 0.865, 0.862974577547563, '00:29']
[24, 0.2873847186565399, 0.37560006976127625, 0.8677499890327454, 0.86775, 0.8661709435557237, '00:29']
[25, 0.27345702052116394, 0.37622207403182983, 0.8689166903495789, 0.8689166666666667, 0.8680408603792715, '00:30']
[26, 0.2776321768760681, 0.37152931094169617, 0.8706666827201843, 0.8706666666666667, 0.8703863974721286, '00:30']
[27, 0.280814528465271, 0.37130504846572876, 0.8704166412353516, 0.8704166666666667, 0.869625614690508, '00:29']
[28, 0.271256685256958, 0.3714403510093689, 0.8694999814033508, 0.8695, 0.8682412359438836, '00:29']
[29, 0.27232158184051514, 0.37122559547424316, 0.8705833554267883, 0.8705833333333335, 0.8695548301665476, '00:30']

Tiempo de entrenamiento: 947.47 segundos
/mnt/homeGPU/haoweihu/TFG/lib/python3.10/site-packages/fastai/learner.py:455: UserWarning: load_learner` uses Python's insecure pickle module, which can execute malicious arbitrary code when loading. Only load files you trust.
If you only need to load model weights and optimizer state, use the safe `Learner.load` instead.
  warn("load_learner` uses Python's insecure pickle module, which can execute malicious arbitrary code when loading. Only load files you trust.\nIf you only need to load model weights and optimizer state, use the safe `Learner.load` instead.")
Loss: 0.3712
Accuracy: 0.8706
Recall: 0.8706
F1-Score: 0.8696
Loss: 2.6304636001586914
Accuracy: 0.6846955418586731
Recall (macro): 0.6848589488074749
F1 Score (macro): 0.6840354651367452
---------------------------------------------------------------------------
Ejecutando: fmnist_dist5_original_ex3
---------------------------------------------------------------------------
Número total de imágenes en entrenamiento: 9800
Número total de imágenes en validación: 12000

Clases: ['Ankle boot', 'Bag', 'Coat', 'Dress', 'Pullover', 'Sandal', 'Shirt', 'Sneaker', 'T-shirt', 'Trouser']
[0, 2.2974674701690674, 2.2909116744995117, 0.18591666221618652, 0.18591666666666667, 0.09314328883046903, '01:19']
[1, 1.9182673692703247, 1.5043339729309082, 0.5323333144187927, 0.5323333333333333, 0.47593613897248155, '00:29']
[2, 0.9907698035240173, 0.8726813793182373, 0.6710000038146973, 0.6709999999999999, 0.6410866185638635, '00:29']
[3, 0.8068211078643799, 0.7471333742141724, 0.7196666598320007, 0.7196666666666667, 0.6982914884338409, '00:29']
[4, 0.6945939660072327, 0.6447611451148987, 0.7483333349227905, 0.7483333333333333, 0.7304428387581885, '00:30']
[5, 0.6322668194770813, 0.5975022315979004, 0.7617499828338623, 0.7617499999999999, 0.7540441315096793, '00:32']
[6, 0.5805659890174866, 0.5626830458641052, 0.7826666831970215, 0.7826666666666666, 0.7796108902841298, '00:29']
[7, 0.5399090051651001, 0.5194235444068909, 0.7979166507720947, 0.7979166666666666, 0.7852029078645409, '00:29']
[8, 0.5228901505470276, 0.5032238364219666, 0.8037499785423279, 0.80375, 0.7871243735336649, '00:30']
[9, 0.48956653475761414, 0.4839536249637604, 0.825083315372467, 0.8250833333333334, 0.8249422708834835, '00:29']
[10, 0.4525808095932007, 0.47560974955558777, 0.8193333148956299, 0.8193333333333334, 0.8135160372702505, '00:31']
[11, 0.439913272857666, 0.4490733742713928, 0.8360833525657654, 0.8360833333333332, 0.8326760996488002, '00:29']
[12, 0.4224361479282379, 0.44384434819221497, 0.8423333168029785, 0.8423333333333334, 0.8407991305532265, '00:29']
[13, 0.4011654555797577, 0.46181613206863403, 0.8341666460037231, 0.8341666666666667, 0.8349994722611337, '00:30']
[14, 0.38905569911003113, 0.4261090159416199, 0.8495000004768372, 0.8495000000000001, 0.8446453294052002, '00:29']
[15, 0.35975655913352966, 0.4373302459716797, 0.8416666388511658, 0.8416666666666666, 0.8393275589706685, '00:29']
[16, 0.3508482575416565, 0.40250253677368164, 0.8575000166893005, 0.8575000000000002, 0.855161095496347, '00:29']
[17, 0.3375319540500641, 0.407062292098999, 0.8536666631698608, 0.8536666666666667, 0.8505644735450508, '00:30']
[18, 0.3361775875091553, 0.3958275616168976, 0.8584166765213013, 0.8584166666666666, 0.8571163715549582, '00:30']
[19, 0.3107989728450775, 0.39441415667533875, 0.8598333597183228, 0.8598333333333332, 0.8599880045045605, '00:30']
[20, 0.3055706322193146, 0.3799269199371338, 0.862416684627533, 0.8624166666666666, 0.8617841192926836, '00:29']
[21, 0.2978222966194153, 0.3844844102859497, 0.862416684627533, 0.8624166666666667, 0.8604387119380604, '00:31']
[22, 0.28411126136779785, 0.3794187009334564, 0.8635833263397217, 0.8635833333333334, 0.8625701081915647, '00:32']
[23, 0.2844555377960205, 0.3775891065597534, 0.8649166822433472, 0.8649166666666666, 0.863780784827855, '00:30']
[24, 0.276230126619339, 0.37777814269065857, 0.8659166693687439, 0.8659166666666666, 0.8661570878057379, '00:29']
[25, 0.27493590116500854, 0.37711361050605774, 0.8659999966621399, 0.866, 0.8658457482507282, '00:29']
[26, 0.2566567063331604, 0.37649989128112793, 0.8663333058357239, 0.8663333333333334, 0.8651079035066207, '00:29']
[27, 0.253622829914093, 0.37538647651672363, 0.8665833473205566, 0.8665833333333334, 0.8658388481416524, '00:30']
[28, 0.2602904736995697, 0.3749941885471344, 0.8664166927337646, 0.8664166666666666, 0.8656821612514868, '00:31']
[29, 0.25536343455314636, 0.37494075298309326, 0.8663333058357239, 0.8663333333333332, 0.8656865973515773, '00:29']

Tiempo de entrenamiento: 956.45 segundos
/mnt/homeGPU/haoweihu/TFG/lib/python3.10/site-packages/fastai/learner.py:455: UserWarning: load_learner` uses Python's insecure pickle module, which can execute malicious arbitrary code when loading. Only load files you trust.
If you only need to load model weights and optimizer state, use the safe `Learner.load` instead.
  warn("load_learner` uses Python's insecure pickle module, which can execute malicious arbitrary code when loading. Only load files you trust.\nIf you only need to load model weights and optimizer state, use the safe `Learner.load` instead.")
Loss: 0.3749
Accuracy: 0.8663
Recall: 0.8663
F1-Score: 0.8657
Loss: 2.592240571975708
Accuracy: 0.6852964758872986
Recall (macro): 0.6852937747115099
F1 Score (macro): 0.685031822564032
---------------------------------------------------------------------------
--------------------------MODELOS DISTILLED 0001----------------------------
---------------------------------------------------------------------------
---------------------------------------------------------------------------
Ejecutando: fmnist_dist01_original_ex1
---------------------------------------------------------------------------
Número total de imágenes en entrenamiento: 22400
Número total de imágenes en validación: 12000

Clases: ['Ankle boot', 'Bag', 'Coat', 'Dress', 'Pullover', 'Sandal', 'Shirt', 'Sneaker', 'T-shirt', 'Trouser']
[0, 2.05686616897583, 1.896128535270691, 0.42366665601730347, 0.42366666666666664, 0.3441155114856081, '01:59']
[1, 0.7343530654907227, 0.8321593999862671, 0.6712499856948853, 0.6712500000000001, 0.6612571412916491, '00:47']
[2, 0.5479754209518433, 0.7691211700439453, 0.7133333086967468, 0.7133333333333334, 0.7035271994754109, '00:48']
[3, 0.47360140085220337, 0.677004337310791, 0.7425833344459534, 0.7425833333333333, 0.7217881642181448, '00:46']
[4, 0.4278047978878021, 0.6578701734542847, 0.7472500205039978, 0.74725, 0.7351904905778561, '00:49']
[5, 0.3733682334423065, 0.5442595481872559, 0.8015833497047424, 0.8015833333333333, 0.8026569554099663, '00:55']
[6, 0.35072755813598633, 0.4965616464614868, 0.8219166398048401, 0.8219166666666666, 0.8194503647389034, '01:15']
[7, 0.32580891251564026, 0.5063828825950623, 0.8226666450500488, 0.8226666666666667, 0.8221176617627529, '01:20']
[8, 0.2934943735599518, 0.4772217571735382, 0.8330000042915344, 0.833, 0.8331763732004165, '01:20']
[9, 0.2698809504508972, 0.4825762212276459, 0.8273333311080933, 0.8273333333333334, 0.8289153193510884, '01:10']
[10, 0.2615540325641632, 0.4819576144218445, 0.8347499966621399, 0.83475, 0.8306297128086666, '01:16']
[11, 0.241428941488266, 0.4164142310619354, 0.8525000214576721, 0.8525, 0.8546924361580496, '01:21']
[12, 0.22618095576763153, 0.42157214879989624, 0.8574166893959045, 0.8574166666666667, 0.8557881005065818, '01:16']
[13, 0.21653243899345398, 0.4019033908843994, 0.8525833487510681, 0.8525833333333332, 0.8539930615906144, '01:13']
[14, 0.19181527197360992, 0.47510865330696106, 0.8377500176429749, 0.8377500000000001, 0.8377187560339753, '01:10']
[15, 0.18088895082473755, 0.38222193717956543, 0.8674166798591614, 0.8674166666666666, 0.8672855203659525, '01:08']
[16, 0.17406874895095825, 0.3872467577457428, 0.8682500123977661, 0.86825, 0.8679349223510636, '01:12']
[17, 0.17472602427005768, 0.38894233107566833, 0.8700833320617676, 0.8700833333333333, 0.8684635540421715, '01:16']
[18, 0.16884738206863403, 0.38582271337509155, 0.8681666851043701, 0.8681666666666666, 0.8693811533337359, '01:12']
[19, 0.15903325378894806, 0.3765871226787567, 0.8721666932106018, 0.8721666666666665, 0.8711373148862617, '01:13']
[20, 0.1490933895111084, 0.38037195801734924, 0.8766666650772095, 0.8766666666666666, 0.8748613887407961, '01:13']
[21, 0.13658922910690308, 0.4018498659133911, 0.8675833344459534, 0.8675833333333334, 0.8690277650298587, '01:14']
[22, 0.138950914144516, 0.3787366449832916, 0.8729166388511658, 0.8729166666666666, 0.8717855066575106, '01:13']
[23, 0.12409310787916183, 0.38541293144226074, 0.8739166855812073, 0.8739166666666668, 0.8739116206836741, '01:12']
[24, 0.12711530923843384, 0.3898496925830841, 0.8759166598320007, 0.8759166666666667, 0.8763846710415203, '01:11']
No improvement since epoch 19: early stopping

Tiempo de entrenamiento: 1782.11 segundos
/mnt/homeGPU/haoweihu/TFG/lib/python3.10/site-packages/fastai/learner.py:455: UserWarning: load_learner` uses Python's insecure pickle module, which can execute malicious arbitrary code when loading. Only load files you trust.
If you only need to load model weights and optimizer state, use the safe `Learner.load` instead.
  warn("load_learner` uses Python's insecure pickle module, which can execute malicious arbitrary code when loading. Only load files you trust.\nIf you only need to load model weights and optimizer state, use the safe `Learner.load` instead.")
Loss: 0.3898
Accuracy: 0.8759
Recall: 0.8759
F1-Score: 0.8764
Loss: 3.377034902572632
Accuracy: 0.698317289352417
Recall (macro): 0.6985308468946831
F1 Score (macro): 0.6935329371883789
---------------------------------------------------------------------------
Ejecutando: fmnist_dist01_original_ex2
---------------------------------------------------------------------------
Número total de imágenes en entrenamiento: 22400
Número total de imágenes en validación: 12000

Clases: ['Ankle boot', 'Bag', 'Coat', 'Dress', 'Pullover', 'Sandal', 'Shirt', 'Sneaker', 'T-shirt', 'Trouser']
[0, 2.093217134475708, 1.9297444820404053, 0.38058334589004517, 0.3805833333333334, 0.31100204814495663, '04:07']
[1, 0.7468764185905457, 0.8531180620193481, 0.6829166412353516, 0.6829166666666666, 0.6586766540368766, '01:10']
[2, 0.5494906902313232, 0.7630859613418579, 0.7276666760444641, 0.7276666666666667, 0.7203289246037997, '01:19']
[3, 0.4931729733943939, 0.690732479095459, 0.7426666617393494, 0.7426666666666666, 0.7410368018450766, '01:08']
[4, 0.43069058656692505, 0.6847360134124756, 0.7439166903495789, 0.7439166666666667, 0.7415284145170176, '01:12']
[5, 0.3908785283565521, 0.6344097256660461, 0.7726666927337646, 0.7726666666666666, 0.7690952882016979, '01:15']
[6, 0.3679421544075012, 0.5471199750900269, 0.8143333196640015, 0.8143333333333335, 0.8130314388356776, '01:13']
[7, 0.3028254508972168, 0.5126003623008728, 0.8223333358764648, 0.8223333333333332, 0.8235251664983206, '01:11']
[8, 0.28021439909935, 0.515886664390564, 0.8302500247955322, 0.83025, 0.8273723043809657, '01:14']
[9, 0.259829044342041, 0.49392959475517273, 0.8344166874885559, 0.8344166666666666, 0.8328424165795589, '01:10']
[10, 0.24290573596954346, 0.46639806032180786, 0.8429166674613953, 0.8429166666666668, 0.8388856509178277, '01:16']
[11, 0.2352263480424881, 0.44990530610084534, 0.8494166731834412, 0.8494166666666668, 0.8470673518056271, '01:12']
[12, 0.21313710510730743, 0.4512172043323517, 0.8475000262260437, 0.8475000000000001, 0.8481036857438877, '01:13']
[13, 0.20681844651699066, 0.4000336229801178, 0.8601666688919067, 0.8601666666666666, 0.8592326892662641, '01:13']
[14, 0.20783913135528564, 0.40668758749961853, 0.8566666841506958, 0.8566666666666667, 0.8547243906259478, '01:24']
[15, 0.19176939129829407, 0.43251535296440125, 0.8507500290870667, 0.85075, 0.8510887104581594, '01:15']
[16, 0.18217341601848602, 0.3959570825099945, 0.862583339214325, 0.8625833333333333, 0.8611454255186783, '01:09']
[17, 0.16742625832557678, 0.3993598222732544, 0.8648333549499512, 0.8648333333333333, 0.8628811754823111, '01:14']
[18, 0.16415558755397797, 0.40992578864097595, 0.862500011920929, 0.8625, 0.8628807585608032, '01:14']
[19, 0.15519756078720093, 0.3894570767879486, 0.8707500100135803, 0.8707499999999999, 0.8697279685321778, '01:09']
[20, 0.14783406257629395, 0.41202330589294434, 0.8653333187103271, 0.8653333333333334, 0.8636284151474667, '01:23']
[21, 0.13910017907619476, 0.3994646370410919, 0.8633333444595337, 0.8633333333333335, 0.86257334532408, '01:15']
[22, 0.1332869976758957, 0.39383479952812195, 0.8669166564941406, 0.8669166666666666, 0.8671492258537528, '01:09']
[23, 0.11925030499696732, 0.4067198634147644, 0.8688333630561829, 0.8688333333333332, 0.8677574127684606, '01:14']
[24, 0.1311751753091812, 0.38935738801956177, 0.8699166774749756, 0.8699166666666667, 0.8696413526837914, '01:12']
[25, 0.11526621133089066, 0.40215593576431274, 0.8709166646003723, 0.8709166666666667, 0.8696470631046287, '01:08']
[26, 0.11281561851501465, 0.40192461013793945, 0.8687499761581421, 0.86875, 0.868533957196186, '01:15']
[27, 0.12385290861129761, 0.3975546360015869, 0.8679166436195374, 0.8679166666666666, 0.8678733004769013, '01:11']
[28, 0.11223816126585007, 0.4004371762275696, 0.8684166669845581, 0.8684166666666666, 0.8681542587132686, '01:07']
[29, 0.11058148741722107, 0.40038084983825684, 0.8684999942779541, 0.8684999999999998, 0.8683594346170249, '01:09']
No improvement since epoch 24: early stopping

Tiempo de entrenamiento: 2377.31 segundos
/mnt/homeGPU/haoweihu/TFG/lib/python3.10/site-packages/fastai/learner.py:455: UserWarning: load_learner` uses Python's insecure pickle module, which can execute malicious arbitrary code when loading. Only load files you trust.
If you only need to load model weights and optimizer state, use the safe `Learner.load` instead.
  warn("load_learner` uses Python's insecure pickle module, which can execute malicious arbitrary code when loading. Only load files you trust.\nIf you only need to load model weights and optimizer state, use the safe `Learner.load` instead.")
Loss: 0.4004
Accuracy: 0.8685
Recall: 0.8685
F1-Score: 0.8684
Loss: 3.277019500732422
Accuracy: 0.6922075152397156
Recall (macro): 0.6922237543179527
F1 Score (macro): 0.6911538460725818
---------------------------------------------------------------------------
Ejecutando: fmnist_dist01_original_ex3
---------------------------------------------------------------------------
Número total de imágenes en entrenamiento: 22400
Número total de imágenes en validación: 12000

Clases: ['Ankle boot', 'Bag', 'Coat', 'Dress', 'Pullover', 'Sandal', 'Shirt', 'Sneaker', 'T-shirt', 'Trouser']
[0, 2.028991937637329, 1.8179535865783691, 0.4805833399295807, 0.4805833333333333, 0.4087529805129382, '04:06']
[1, 0.8101083636283875, 0.9163840413093567, 0.6546666622161865, 0.6546666666666667, 0.6291091580289299, '01:08']
[2, 0.5946503281593323, 0.7924127578735352, 0.7002500295639038, 0.7002499999999999, 0.7025663569767051, '01:11']
[3, 0.5008038282394409, 0.7228877544403076, 0.7415000200271606, 0.7414999999999999, 0.7215170770054137, '01:08']
[4, 0.43846315145492554, 0.6307470798492432, 0.7640833258628845, 0.7640833333333333, 0.7541288537834132, '01:17']
[5, 0.42358827590942383, 0.5891232490539551, 0.7881666421890259, 0.7881666666666667, 0.780435787766768, '01:14']
[6, 0.37916406989097595, 0.530314028263092, 0.8088333606719971, 0.8088333333333333, 0.802826801790774, '01:12']
[7, 0.3365185260772705, 0.47479283809661865, 0.8301666378974915, 0.8301666666666666, 0.8282711905015944, '01:18']
[8, 0.3077041506767273, 0.5050063729286194, 0.8234999775886536, 0.8234999999999999, 0.8211146328470214, '01:12']
[9, 0.28970953822135925, 0.43392789363861084, 0.8477500081062317, 0.8477500000000001, 0.8436156214167407, '01:11']
[10, 0.2603227496147156, 0.4526318907737732, 0.8424166440963745, 0.8424166666666666, 0.8397134699909984, '01:17']
[11, 0.2578066885471344, 0.4496660530567169, 0.8422499895095825, 0.8422499999999999, 0.8402591876428451, '01:12']
[12, 0.24875323474407196, 0.4024549126625061, 0.8527500033378601, 0.85275, 0.8538805680066572, '01:12']
[13, 0.2184358835220337, 0.37233707308769226, 0.8678333163261414, 0.8678333333333335, 0.8649830151632099, '01:19']
[14, 0.21955396234989166, 0.3920913636684418, 0.8634999990463257, 0.8634999999999999, 0.8623996264195736, '01:13']
[15, 0.196481853723526, 0.38110899925231934, 0.8683333396911621, 0.8683333333333334, 0.8672126610151054, '01:17']
[16, 0.18291142582893372, 0.36230912804603577, 0.8728333115577698, 0.8728333333333333, 0.8734149833131649, '01:08']
[17, 0.1788879930973053, 0.353954017162323, 0.8766666650772095, 0.8766666666666667, 0.8761630759907792, '01:16']
[18, 0.16390326619148254, 0.35905611515045166, 0.8789166808128357, 0.8789166666666667, 0.8783144471670375, '01:11']
[19, 0.16796518862247467, 0.37108609080314636, 0.8734999895095825, 0.8734999999999999, 0.8732176349465675, '01:13']
[20, 0.15494227409362793, 0.3588156998157501, 0.8820000290870667, 0.882, 0.8804780309065585, '01:17']
[21, 0.14991217851638794, 0.361034631729126, 0.8797500133514404, 0.8797499999999999, 0.8780065013635582, '01:13']
[22, 0.13621635735034943, 0.3575879633426666, 0.877916693687439, 0.8779166666666667, 0.8780673473073002, '01:13']
No improvement since epoch 17: early stopping

Tiempo de entrenamiento: 1869.80 segundos
/mnt/homeGPU/haoweihu/TFG/lib/python3.10/site-packages/fastai/learner.py:455: UserWarning: load_learner` uses Python's insecure pickle module, which can execute malicious arbitrary code when loading. Only load files you trust.
If you only need to load model weights and optimizer state, use the safe `Learner.load` instead.
  warn("load_learner` uses Python's insecure pickle module, which can execute malicious arbitrary code when loading. Only load files you trust.\nIf you only need to load model weights and optimizer state, use the safe `Learner.load` instead.")
Loss: 0.3576
Accuracy: 0.8779
Recall: 0.8779
F1-Score: 0.8781
Loss: 2.7418603897094727
Accuracy: 0.6940104365348816
Recall (macro): 0.6938838835015942
F1 Score (macro): 0.690907902477359
mail: cannot send message: Process exited with a non-zero status
