---------------------------------------------------------------------------
--------------------------MODELOS DISTILLED 001-----------------------------
---------------------------------------------------------------------------
---------------------------------------------------------------------------
Ejecutando: mnist_dist1_original_ex1
---------------------------------------------------------------------------
Número total de imágenes en entrenamiento: 10622
Número total de imágenes en validación: 11996

Clases: ['0', '1', '2', '3', '4', '5', '6', '7', '8', '9']
[0, 2.2712619304656982, 2.244446277618408, 0.4267255663871765, 0.4128674706197505, 0.3543305431270009, '00:50']
[1, 1.5457779169082642, 1.0735045671463013, 0.7374958395957947, 0.7311351985987807, 0.7228698182880049, '00:30']
[2, 0.5771856904029846, 0.5076673030853271, 0.8485328555107117, 0.8452952627793007, 0.8456169979571377, '00:31']
[3, 0.3812461793422699, 0.3803744614124298, 0.882710874080658, 0.881260544693296, 0.8810956779646434, '00:31']
[4, 0.28601908683776855, 0.26379865407943726, 0.9193897843360901, 0.918214177563953, 0.9184554953528566, '00:31']
[5, 0.21589842438697815, 0.22472815215587616, 0.9303934574127197, 0.9297372160800752, 0.9298257984253221, '00:31']
[6, 0.16393400728702545, 0.16764184832572937, 0.9468989372253418, 0.9464312829065991, 0.9463196581538421, '00:31']
[7, 0.12504947185516357, 0.12975355982780457, 0.9604868292808533, 0.9602375085506472, 0.9603080888047435, '00:33']
[8, 0.10719809681177139, 0.12483193725347519, 0.9616538882255554, 0.9615043730180644, 0.9612854387181697, '00:31']
[9, 0.0870613157749176, 0.10923360288143158, 0.9654884934425354, 0.9654230628447273, 0.9653815339931917, '00:30']
[10, 0.07268805801868439, 0.11312083899974823, 0.9649049639701843, 0.9644159491447015, 0.964514894848248, '00:31']
[11, 0.062213070690631866, 0.09362679719924927, 0.9724074602127075, 0.9724670567785976, 0.9722823059295063, '00:33']
[12, 0.05203338712453842, 0.09331472218036652, 0.9724074602127075, 0.9723292799841771, 0.9722841266530937, '00:31']
[13, 0.03694659844040871, 0.08313379436731339, 0.975908637046814, 0.9756148883221755, 0.9757451858976017, '00:31']
[14, 0.030865037813782692, 0.08552088588476181, 0.9771590232849121, 0.9769955892297189, 0.9769300297764512, '00:31']
[15, 0.03535280004143715, 0.10083555430173874, 0.9722407460212708, 0.9723037102941678, 0.9719960727222926, '00:31']
[16, 0.021814802661538124, 0.08540965616703033, 0.9771590232849121, 0.9770345504100071, 0.9770466078658808, '00:31']
[17, 0.01525756623595953, 0.09577225893735886, 0.9766588807106018, 0.9764361465010012, 0.9764375161659821, '00:31']
[18, 0.017347440123558044, 0.09664007276296616, 0.9752417206764221, 0.9750384094377097, 0.9749589245895918, '00:31']
No improvement since epoch 13: early stopping

Tiempo de entrenamiento: 616.46 segundos
/mnt/homeGPU/haoweihu/TFG/lib/python3.10/site-packages/fastai/learner.py:455: UserWarning: load_learner` uses Python's insecure pickle module, which can execute malicious arbitrary code when loading. Only load files you trust.
If you only need to load model weights and optimizer state, use the safe `Learner.load` instead.
  warn("load_learner` uses Python's insecure pickle module, which can execute malicious arbitrary code when loading. Only load files you trust.\nIf you only need to load model weights and optimizer state, use the safe `Learner.load` instead.")
Loss: 0.0966
Accuracy: 0.9752
Recall: 0.9750
F1-Score: 0.9750
Loss: 0.06017018482089043
Accuracy: 0.9817708134651184
Recall (macro): 0.9817163560341082
F1 Score (macro): 0.981654459088847
---------------------------------------------------------------------------
Ejecutando: mnist_dist1_original_ex2
---------------------------------------------------------------------------
Número total de imágenes en entrenamiento: 10622
Número total de imágenes en validación: 11996

Clases: ['0', '1', '2', '3', '4', '5', '6', '7', '8', '9']
[0, 2.2894797325134277, 2.2746524810791016, 0.1114538162946701, 0.11255766657412983, 0.04137272310782435, '00:39']
[1, 1.7881044149398804, 1.3554338216781616, 0.6311270594596863, 0.6222013526915202, 0.5977289784557733, '00:31']
[2, 0.6680545806884766, 0.536182165145874, 0.8351950645446777, 0.8336023559026158, 0.8326568535247766, '00:30']
[3, 0.3938824236392975, 0.3799515664577484, 0.8818773031234741, 0.8817430374316848, 0.8807310265461064, '00:31']
[4, 0.2611103355884552, 0.27947157621383667, 0.9163888096809387, 0.9163916431280082, 0.916370229997719, '00:32']
[5, 0.19648368656635284, 0.19188861548900604, 0.9407302141189575, 0.9402994182034595, 0.939891700111018, '00:31']
[6, 0.1467641144990921, 0.14883749186992645, 0.9529843330383301, 0.9525500290331254, 0.9527281290485441, '00:32']
[7, 0.12233560532331467, 0.12189783155918121, 0.9635711908340454, 0.9633805599142196, 0.9633648410866046, '00:31']
[8, 0.09794168174266815, 0.1162789911031723, 0.9647382497787476, 0.9648601297417108, 0.9645929324254002, '00:30']
[9, 0.07358662784099579, 0.11753685027360916, 0.9622374176979065, 0.9623166440054145, 0.9621167148006011, '00:30']
[10, 0.06717334687709808, 0.08942490816116333, 0.9729909896850586, 0.9727667136508945, 0.9728923289901987, '00:31']
[11, 0.05791587382555008, 0.10322931408882141, 0.9676558971405029, 0.9676182101825136, 0.9676707282248842, '00:31']
[12, 0.051158975809812546, 0.10420089215040207, 0.96832275390625, 0.9681237912239447, 0.9684202337271252, '00:31']
[13, 0.03795252740383148, 0.11426836252212524, 0.9660720229148865, 0.9656981437319377, 0.9656717669156304, '00:31']
[14, 0.03601063787937164, 0.08936837315559387, 0.9726575613021851, 0.9725533328314825, 0.9725042476704594, '00:31']
[15, 0.02544824779033661, 0.08524906635284424, 0.9753251075744629, 0.9752438230308517, 0.9753033418595918, '00:31']
[16, 0.020156506448984146, 0.08132221549749374, 0.9769089818000793, 0.9767532656642108, 0.9767965730559377, '00:31']
[17, 0.018365273252129555, 0.08213629573583603, 0.977825939655304, 0.9776548594312306, 0.9777044664595025, '00:31']
[18, 0.010809178464114666, 0.0833544060587883, 0.9784928560256958, 0.9783770386270841, 0.9783446545075251, '00:31']
[19, 0.011237305589020252, 0.08207915723323822, 0.977825939655304, 0.977738876173422, 0.9776479965375874, '00:31']
[20, 0.005780563689768314, 0.0819166973233223, 0.9794098138809204, 0.9793449272400208, 0.9793094416483262, '00:31']
[21, 0.004595162812620401, 0.0877060815691948, 0.9769923090934753, 0.9769953607574602, 0.97688608842221, '00:32']
No improvement since epoch 16: early stopping

Tiempo de entrenamiento: 701.27 segundos
/mnt/homeGPU/haoweihu/TFG/lib/python3.10/site-packages/fastai/learner.py:455: UserWarning: load_learner` uses Python's insecure pickle module, which can execute malicious arbitrary code when loading. Only load files you trust.
If you only need to load model weights and optimizer state, use the safe `Learner.load` instead.
  warn("load_learner` uses Python's insecure pickle module, which can execute malicious arbitrary code when loading. Only load files you trust.\nIf you only need to load model weights and optimizer state, use the safe `Learner.load` instead.")
Loss: 0.0877
Accuracy: 0.9770
Recall: 0.9770
F1-Score: 0.9769
Loss: 0.07922033220529556
Accuracy: 0.9790664911270142
Recall (macro): 0.9790877418622834
F1 Score (macro): 0.9789783991021114
---------------------------------------------------------------------------
Ejecutando: mnist_dist1_original_ex3
---------------------------------------------------------------------------
Número total de imágenes en entrenamiento: 10622
Número total de imágenes en validación: 11996

Clases: ['0', '1', '2', '3', '4', '5', '6', '7', '8', '9']
[0, 2.28072452545166, 2.2558279037475586, 0.3661220371723175, 0.364973048500355, 0.25960180533940425, '00:42']
[1, 1.5251903533935547, 1.0022087097167969, 0.7545015215873718, 0.7472810749009392, 0.7437752635674173, '00:31']
[2, 0.5236325263977051, 0.4337369501590729, 0.8733744621276855, 0.8720146678994073, 0.8711703252719711, '00:31']
[3, 0.33186769485473633, 0.3065488040447235, 0.9103034138679504, 0.909827392981349, 0.9097103591208592, '00:31']
[4, 0.24089552462100983, 0.22212930023670197, 0.9336445331573486, 0.9324551460805571, 0.9328966124988632, '00:31']
[5, 0.18290235102176666, 0.17490223050117493, 0.9463154673576355, 0.9462777540224436, 0.9459424285937494, '00:31']
[6, 0.13151732087135315, 0.15157802402973175, 0.9518172740936279, 0.9517033957768252, 0.9514378786779945, '00:31']
[7, 0.12195218354463577, 0.1489107459783554, 0.9534011483192444, 0.9527387398715126, 0.9522017717823623, '00:33']
[8, 0.10208112001419067, 0.12824447453022003, 0.9613204598426819, 0.9610410667003739, 0.9606923776817444, '00:31']
[9, 0.07811681181192398, 0.10835042595863342, 0.9669889807701111, 0.9667577865853246, 0.9668230954838524, '00:31']
[10, 0.07205521315336227, 0.09445042163133621, 0.9724074602127075, 0.9717972571070439, 0.9720552474298471, '00:31']
[11, 0.052721019834280014, 0.1005280390381813, 0.9695731997489929, 0.9693783296430801, 0.9694904534900681, '00:31']
[12, 0.045238472521305084, 0.08730760961771011, 0.9744914770126343, 0.9744882985315186, 0.9741994904848351, '00:32']
[13, 0.038234781473875046, 0.08620794862508774, 0.9738246202468872, 0.9736809127427989, 0.9735717308342302, '00:31']
[14, 0.0369209349155426, 0.08932659775018692, 0.973991334438324, 0.9736763041720211, 0.9736980412314103, '00:32']
[15, 0.02328352816402912, 0.10114939510822296, 0.9736579060554504, 0.9734246711439194, 0.9733934117850879, '00:31']
[16, 0.023871226236224174, 0.08400997519493103, 0.9767422676086426, 0.9764220364981858, 0.9766178607358349, '00:31']
[17, 0.01913701929152012, 0.09107832610607147, 0.9747415781021118, 0.974734792731344, 0.974559397955851, '00:31']
[18, 0.014147180132567883, 0.09861618280410767, 0.9748249650001526, 0.9747827353287345, 0.9746762046655334, '00:31']
[19, 0.008669007569551468, 0.08410122245550156, 0.9782427549362183, 0.9780962388699951, 0.9780424058286667, '00:31']
[20, 0.0070397150702774525, 0.08629105985164642, 0.9784928560256958, 0.9782458937005, 0.9783588955661957, '00:31']
[21, 0.0049910275265574455, 0.08356432616710663, 0.9794098138809204, 0.9792177955596664, 0.9792397925342049, '00:32']
[22, 0.003903606440871954, 0.08469855040311813, 0.9804101586341858, 0.9803409141580965, 0.9802907148043859, '00:31']
[23, 0.0028023752383887768, 0.08734570443630219, 0.9798266291618347, 0.9796554669769646, 0.9796733910643625, '00:31']
[24, 0.0019285973394289613, 0.08600017428398132, 0.980326771736145, 0.98019881652917, 0.9802064997003809, '00:32']
[25, 0.0011998559348285198, 0.08577258139848709, 0.9811604022979736, 0.9809972433306425, 0.9810495390071147, '00:31']
[26, 0.0010820036986842752, 0.08967369049787521, 0.980326771736145, 0.9802173805901815, 0.9802268974211483, '00:31']
No improvement since epoch 21: early stopping

Tiempo de entrenamiento: 864.74 segundos
/mnt/homeGPU/haoweihu/TFG/lib/python3.10/site-packages/fastai/learner.py:455: UserWarning: load_learner` uses Python's insecure pickle module, which can execute malicious arbitrary code when loading. Only load files you trust.
If you only need to load model weights and optimizer state, use the safe `Learner.load` instead.
  warn("load_learner` uses Python's insecure pickle module, which can execute malicious arbitrary code when loading. Only load files you trust.\nIf you only need to load model weights and optimizer state, use the safe `Learner.load` instead.")
Loss: 0.0897
Accuracy: 0.9803
Recall: 0.9802
F1-Score: 0.9802
Loss: 0.06908047944307327
Accuracy: 0.9828726053237915
Recall (macro): 0.98272060294054
F1 Score (macro): 0.9827212335258271
---------------------------------------------------------------------------
--------------------------MODELOS DISTILLED 005-----------------------------
---------------------------------------------------------------------------
---------------------------------------------------------------------------
Ejecutando: mnist_dist5_original_ex1
---------------------------------------------------------------------------
Número total de imágenes en entrenamiento: 9814
Número total de imágenes en validación: 11996

Clases: ['0', '1', '2', '3', '4', '5', '6', '7', '8', '9']
[0, 2.2865889072418213, 2.2681076526641846, 0.12370790541172028, 0.12225519287833828, 0.0547957154294899, '00:39']
[1, 1.798656702041626, 1.3914238214492798, 0.6291263699531555, 0.6198407136216898, 0.6073380838588678, '00:31']
[2, 0.6750632524490356, 0.5190929770469666, 0.843281090259552, 0.8418560350603652, 0.8406163035597236, '00:30']
[3, 0.390308678150177, 0.3581218123435974, 0.8887128829956055, 0.8874313609426137, 0.8869366076112521, '00:30']
[4, 0.27139678597450256, 0.2588590085506439, 0.9217239022254944, 0.921394409377512, 0.9211308934289469, '00:30']
[5, 0.2077585756778717, 0.20851188898086548, 0.9366455674171448, 0.9358646336997765, 0.9364356223305184, '00:29']
[6, 0.15685518085956573, 0.1903311163187027, 0.942230761051178, 0.9426162853110729, 0.9418184126500295, '00:29']
[7, 0.13580898940563202, 0.12727022171020508, 0.9620707035064697, 0.9620903712269275, 0.9619225004233367, '00:30']
[8, 0.11205542832612991, 0.116948202252388, 0.9649883508682251, 0.9648399885060408, 0.9649454049043156, '00:30']
[9, 0.08753599971532822, 0.10365081578493118, 0.9689896702766418, 0.9689735922266053, 0.9687782294978462, '00:30']
[10, 0.09479992836713791, 0.10857384651899338, 0.9654884934425354, 0.9655831673281877, 0.9652759345500741, '00:31']
[11, 0.07460291683673859, 0.11184103041887283, 0.96640545129776, 0.9660672355031277, 0.9661259806761839, '00:31']
[12, 0.063950315117836, 0.10680755227804184, 0.9674057960510254, 0.9668501793118441, 0.9671368525817601, '00:30']
[13, 0.049446847289800644, 0.08878272771835327, 0.9737412333488464, 0.9735451028632008, 0.9736330235193347, '00:31']
[14, 0.042026594281196594, 0.08982416987419128, 0.9743247628211975, 0.9740619807946169, 0.9741887177918832, '00:30']
[15, 0.03559699282050133, 0.08820542693138123, 0.9750750064849854, 0.9749597749245842, 0.9748970131778011, '00:30']
[16, 0.032802533358335495, 0.08438435941934586, 0.9752417206764221, 0.9749838253949301, 0.974989346243691, '00:30']
[17, 0.022358115762472153, 0.08234605938196182, 0.9776592254638672, 0.9775644593755078, 0.9775137084673187, '00:31']
[18, 0.02110612578690052, 0.07878964394330978, 0.978409469127655, 0.9781763207628117, 0.9782561626462574, '00:30']
[19, 0.015367409214377403, 0.09179951250553131, 0.976492166519165, 0.9761137776194525, 0.9763664755258299, '00:30']
[20, 0.012173572555184364, 0.0835144892334938, 0.9798266291618347, 0.9794526213630286, 0.9796864281305682, '00:30']
[21, 0.008902553468942642, 0.07990961521863937, 0.9804101586341858, 0.9801902207744039, 0.9802621314778908, '00:30']
[22, 0.008552555926144123, 0.08479821681976318, 0.9801600575447083, 0.979968325577534, 0.9800365310782919, '00:30']
[23, 0.004423433914780617, 0.08300799876451492, 0.9808269143104553, 0.9806310178757505, 0.9806910861885252, '00:29']
No improvement since epoch 18: early stopping

Tiempo de entrenamiento: 740.79 segundos
/mnt/homeGPU/haoweihu/TFG/lib/python3.10/site-packages/fastai/learner.py:455: UserWarning: load_learner` uses Python's insecure pickle module, which can execute malicious arbitrary code when loading. Only load files you trust.
If you only need to load model weights and optimizer state, use the safe `Learner.load` instead.
  warn("load_learner` uses Python's insecure pickle module, which can execute malicious arbitrary code when loading. Only load files you trust.\nIf you only need to load model weights and optimizer state, use the safe `Learner.load` instead.")
Loss: 0.0830
Accuracy: 0.9808
Recall: 0.9806
F1-Score: 0.9807
Loss: 0.0615706704556942
Accuracy: 0.9828726053237915
Recall (macro): 0.9827918736443422
F1 Score (macro): 0.9827855285622743
---------------------------------------------------------------------------
Ejecutando: mnist_dist5_original_ex2
---------------------------------------------------------------------------
Número total de imágenes en entrenamiento: 9814
Número total de imágenes en validación: 11996

Clases: ['0', '1', '2', '3', '4', '5', '6', '7', '8', '9']
[0, 2.2851474285125732, 2.265673875808716, 0.09961654245853424, 0.10051672292821182, 0.0194435657885215, '00:38']
[1, 1.7067495584487915, 1.1736083030700684, 0.7293264269828796, 0.7211457795039055, 0.7080859088330567, '00:30']
[2, 0.6059168577194214, 0.4822634160518646, 0.8595365285873413, 0.85809098752061, 0.8584639403382219, '00:31']
[3, 0.4030860662460327, 0.36067768931388855, 0.8961320519447327, 0.8951536801733451, 0.8948905542382063, '00:31']
[4, 0.2995484471321106, 0.3692849278450012, 0.8839613199234009, 0.8815711937144227, 0.8830249756555307, '00:30']
[5, 0.2446046769618988, 0.24246780574321747, 0.9252250790596008, 0.9251030019481584, 0.9250545865630349, '00:31']
[6, 0.19198326766490936, 0.17721454799175262, 0.9449816346168518, 0.9446651968989552, 0.9444616524594028, '00:30']
[7, 0.14993563294410706, 0.16280919313430786, 0.9489830136299133, 0.9486190132714165, 0.9488082485826668, '00:31']
[8, 0.12451198697090149, 0.1450493335723877, 0.9534844756126404, 0.952925097288448, 0.953254253018042, '00:30']
[9, 0.10294628143310547, 0.13185662031173706, 0.9587362408638, 0.9582422356856805, 0.9582829224218358, '00:30']
[10, 0.08540969341993332, 0.1321406364440918, 0.9589029550552368, 0.9590947277502405, 0.9589279577950961, '00:30']
[11, 0.08426809310913086, 0.10051744431257248, 0.9689062833786011, 0.9688614701391633, 0.9687724129172481, '00:30']
[12, 0.06970204412937164, 0.11220787465572357, 0.9656552076339722, 0.9654239592648836, 0.9653438724076387, '00:30']
[13, 0.05708352476358414, 0.09878372400999069, 0.9694064855575562, 0.9691651414048146, 0.9692692831051548, '00:29']
[14, 0.049492448568344116, 0.08751728385686874, 0.9730743765830994, 0.9729291076557345, 0.972930134757612, '00:30']
[15, 0.042480405420064926, 0.09579271078109741, 0.9728242754936218, 0.9727923020448698, 0.9727231379003808, '00:30']
[16, 0.028958162292838097, 0.0840015560388565, 0.9772424101829529, 0.9771931247683898, 0.9770790386971389, '00:30']
[17, 0.02281658537685871, 0.08648700267076492, 0.9742414355278015, 0.974042109174696, 0.9741051096237584, '00:29']
[18, 0.027085933834314346, 0.08886849880218506, 0.9751583933830261, 0.9750951428294259, 0.9750499152099021, '00:29']
[19, 0.018740423023700714, 0.0818210169672966, 0.9781593680381775, 0.9778803681204022, 0.9780195430644408, '00:31']
[20, 0.009556526318192482, 0.08193586021661758, 0.9779093265533447, 0.9777266584220781, 0.9777556676134112, '00:32']
[21, 0.009477960877120495, 0.08460554480552673, 0.9774925112724304, 0.9773315025730003, 0.9773576556773269, '00:31']
[22, 0.005863778758794069, 0.08387307077646255, 0.9774925112724304, 0.97742869965543, 0.9773670259940591, '00:32']
[23, 0.005536447279155254, 0.08480048179626465, 0.9791597127914429, 0.9790322340069274, 0.9790261635596371, '00:31']
[24, 0.003884286619722843, 0.08417998254299164, 0.9787428975105286, 0.9786524301128476, 0.9786297259730526, '00:30']
No improvement since epoch 19: early stopping

Tiempo de entrenamiento: 777.41 segundos
/mnt/homeGPU/haoweihu/TFG/lib/python3.10/site-packages/fastai/learner.py:455: UserWarning: load_learner` uses Python's insecure pickle module, which can execute malicious arbitrary code when loading. Only load files you trust.
If you only need to load model weights and optimizer state, use the safe `Learner.load` instead.
  warn("load_learner` uses Python's insecure pickle module, which can execute malicious arbitrary code when loading. Only load files you trust.\nIf you only need to load model weights and optimizer state, use the safe `Learner.load` instead.")
Loss: 0.0842
Accuracy: 0.9787
Recall: 0.9787
F1-Score: 0.9786
Loss: 0.07673916220664978
Accuracy: 0.9793669581413269
Recall (macro): 0.979272033709246
F1 Score (macro): 0.9792807024492388
---------------------------------------------------------------------------
Ejecutando: mnist_dist5_original_ex3
---------------------------------------------------------------------------
Número total de imágenes en entrenamiento: 9814
Número total de imágenes en validación: 11996

Clases: ['0', '1', '2', '3', '4', '5', '6', '7', '8', '9']
[0, 2.2834465503692627, 2.2638142108917236, 0.33369457721710205, 0.3285948327340592, 0.21331865766560565, '00:38']
[1, 1.7703707218170166, 1.2887333631515503, 0.6721407175064087, 0.6619421899820273, 0.6362799717523366, '00:30']
[2, 0.6979817152023315, 0.5468170642852783, 0.8389463424682617, 0.8364202971202065, 0.8359835710406565, '00:30']
[3, 0.4467170834541321, 0.4056462049484253, 0.8740413188934326, 0.8724672936170579, 0.8717209743361238, '00:30']
[4, 0.31723999977111816, 0.270159512758255, 0.9195564985275269, 0.9188748079034683, 0.9186772500149492, '00:30']
[5, 0.25135940313339233, 0.22493970394134521, 0.932727575302124, 0.9316268594844065, 0.9323678077085178, '00:30']
[6, 0.1779296100139618, 0.21605581045150757, 0.9295598268508911, 0.9292365601616585, 0.9293671885995485, '00:30']
[7, 0.14030827581882477, 0.13756680488586426, 0.9578192830085754, 0.9573094321632153, 0.957562934369343, '00:30']
[8, 0.11825612187385559, 0.1258852779865265, 0.9613204598426819, 0.9609815587799236, 0.9607881867138689, '00:30']
[9, 0.09972132742404938, 0.10820402950048447, 0.9694064855575562, 0.969266985648232, 0.9691870010130692, '00:30']
[10, 0.08071207255125046, 0.10508331656455994, 0.9680727124214172, 0.9675357359737861, 0.9679097949832534, '00:32']
[11, 0.07860660552978516, 0.10817229747772217, 0.9667389392852783, 0.9662665695601312, 0.9664184954727395, '00:31']
[12, 0.05529279261827469, 0.11038395017385483, 0.968239426612854, 0.9681153821845738, 0.9682329976969379, '00:31']
[13, 0.05311380699276924, 0.09875165671110153, 0.9724074602127075, 0.972259082770794, 0.9723264217095962, '00:30']
[14, 0.042260054498910904, 0.09379892796278, 0.9735745191574097, 0.9732166483293032, 0.9734692283643174, '00:30']
[15, 0.03327816352248192, 0.09267707914113998, 0.9754084944725037, 0.9752206339285049, 0.975280668452274, '00:30']
[16, 0.02985517494380474, 0.09101028740406036, 0.9758252501487732, 0.9755695938815867, 0.9755860214114044, '00:30']
[17, 0.023928338661789894, 0.08465372025966644, 0.9781593680381775, 0.9780113762077838, 0.9779867260866378, '00:30']
[18, 0.020390072837471962, 0.0878109559416771, 0.9779093265533447, 0.9776952157316622, 0.9777922144845892, '00:30']
[19, 0.015059906989336014, 0.09494869410991669, 0.976492166519165, 0.9761509671210608, 0.9763319855813754, '00:30']
[20, 0.014676033519208431, 0.09241820871829987, 0.9776592254638672, 0.9775029393389312, 0.9775327497080293, '00:30']
[21, 0.008582904003560543, 0.09528471529483795, 0.9779926538467407, 0.9778400305984085, 0.9777784210417643, '00:30']
[22, 0.006544685922563076, 0.0905568078160286, 0.9794098138809204, 0.9791802395131415, 0.9792877964831019, '00:31']
No improvement since epoch 17: early stopping

Tiempo de entrenamiento: 710.88 segundos
/mnt/homeGPU/haoweihu/TFG/lib/python3.10/site-packages/fastai/learner.py:455: UserWarning: load_learner` uses Python's insecure pickle module, which can execute malicious arbitrary code when loading. Only load files you trust.
If you only need to load model weights and optimizer state, use the safe `Learner.load` instead.
  warn("load_learner` uses Python's insecure pickle module, which can execute malicious arbitrary code when loading. Only load files you trust.\nIf you only need to load model weights and optimizer state, use the safe `Learner.load` instead.")
Loss: 0.0906
Accuracy: 0.9794
Recall: 0.9792
F1-Score: 0.9793
Loss: 0.0771351009607315
Accuracy: 0.9803686141967773
Recall (macro): 0.9801249557196012
F1 Score (macro): 0.9803187735846957
---------------------------------------------------------------------------
--------------------------MODELOS DISTILLED 0001----------------------------
---------------------------------------------------------------------------
---------------------------------------------------------------------------
Ejecutando: mnist_dist01_original_ex1
---------------------------------------------------------------------------
Número total de imágenes en entrenamiento: 21714
Número total de imágenes en validación: 11996

Clases: ['0', '1', '2', '3', '4', '5', '6', '7', '8', '9']
[0, 2.039045572280884, 1.869624137878418, 0.5460153222084045, 0.5352157698852041, 0.5070608039387838, '00:59']
[1, 0.44820600748062134, 0.5908299088478088, 0.8151884078979492, 0.8129286239340981, 0.8130432860323948, '00:47']
[2, 0.25059905648231506, 0.4117167592048645, 0.8721240162849426, 0.8707787869460158, 0.8703649533895235, '00:49']
[3, 0.18945755064487457, 0.30058223009109497, 0.9063020944595337, 0.9054845016315343, 0.9057864550083765, '00:46']
[4, 0.12805964052677155, 0.21807505190372467, 0.9313104152679443, 0.9307516932672388, 0.9309608692805661, '00:47']
[5, 0.09601034969091415, 0.1656886488199234, 0.9475658535957336, 0.9468776102345833, 0.9472661107526077, '00:47']
[6, 0.08623061329126358, 0.11936958134174347, 0.9629876613616943, 0.9627586818774129, 0.962865444769186, '00:47']
[7, 0.06527358293533325, 0.11301808804273605, 0.9662387371063232, 0.9662399348003831, 0.9661475734463407, '00:47']
[8, 0.052208829671144485, 0.12666934728622437, 0.9630710482597351, 0.962870516263188, 0.9628677440972837, '00:46']
[9, 0.045884180814027786, 0.10944604873657227, 0.968239426612854, 0.9683067095938622, 0.9679098993039668, '00:47']
[10, 0.03246305137872696, 0.09412505477666855, 0.9728242754936218, 0.9726893374415141, 0.9725914386309004, '00:46']
[11, 0.0306350439786911, 0.13508547842502594, 0.9630710482597351, 0.9622235126927396, 0.962442967404374, '00:47']
[12, 0.02373022399842739, 0.11096814274787903, 0.9708235859870911, 0.9705307814517953, 0.9706586888675283, '00:48']
[13, 0.016791773959994316, 0.1008039265871048, 0.974574863910675, 0.9741754385896935, 0.9742774219261745, '00:46']
[14, 0.015901589766144753, 0.10024895519018173, 0.9753251075744629, 0.975354746170255, 0.9751499135009574, '00:47']
[15, 0.013224907219409943, 0.10760782659053802, 0.9750750064849854, 0.9748849352451936, 0.974872943933053, '00:46']
No improvement since epoch 10: early stopping

Tiempo de entrenamiento: 769.54 segundos
/mnt/homeGPU/haoweihu/TFG/lib/python3.10/site-packages/fastai/learner.py:455: UserWarning: load_learner` uses Python's insecure pickle module, which can execute malicious arbitrary code when loading. Only load files you trust.
If you only need to load model weights and optimizer state, use the safe `Learner.load` instead.
  warn("load_learner` uses Python's insecure pickle module, which can execute malicious arbitrary code when loading. Only load files you trust.\nIf you only need to load model weights and optimizer state, use the safe `Learner.load` instead.")
Loss: 0.1076
Accuracy: 0.9751
Recall: 0.9749
F1-Score: 0.9749
Loss: 0.0834067091345787
Accuracy: 0.9791666865348816
Recall (macro): 0.9789464087375513
F1 Score (macro): 0.9790477507039836
---------------------------------------------------------------------------
Ejecutando: mnist_dist01_original_ex2
---------------------------------------------------------------------------
Número total de imágenes en entrenamiento: 21714
Número total de imágenes en validación: 11996

Clases: ['0', '1', '2', '3', '4', '5', '6', '7', '8', '9']
[0, 2.1654715538024902, 2.065702199935913, 0.5658552646636963, 0.5696579036278819, 0.5746524053330139, '00:59']
[1, 0.4672432541847229, 0.5626742243766785, 0.8336111903190613, 0.8311171264871712, 0.8316331112272085, '00:48']
[2, 0.21864648163318634, 0.4022148847579956, 0.8780426979064941, 0.8770980713935034, 0.8767531147861058, '00:46']
[3, 0.18754471838474274, 0.30725395679473877, 0.9019673466682434, 0.9015084585571328, 0.9016362399688731, '00:47']
[4, 0.14625367522239685, 0.24702981114387512, 0.9229743480682373, 0.9225916322136227, 0.9225309168165022, '00:48']
[5, 0.0974237397313118, 0.20078414678573608, 0.9375625252723694, 0.9374435354519246, 0.9371158809861102, '00:47']
[6, 0.07374892383813858, 0.15418978035449982, 0.9558185935020447, 0.9560868436929436, 0.9557057612027856, '00:47']
[7, 0.06512897461652756, 0.1279917061328888, 0.9592363834381104, 0.9591664384846041, 0.9589180966887886, '00:47']
[8, 0.05362436920404434, 0.11075358092784882, 0.9674057960510254, 0.9669568682139367, 0.9673213940524874, '00:47']
[9, 0.044406693428754807, 0.11278343200683594, 0.9688229560852051, 0.9683193090656992, 0.9686952994886517, '00:47']
[10, 0.03885705769062042, 0.08958227932453156, 0.9734911918640137, 0.9730322224443497, 0.9732354063075659, '00:46']
[11, 0.026612570509314537, 0.09674219787120819, 0.9738246202468872, 0.9734879709192915, 0.9737682832155334, '00:47']
[12, 0.0237150676548481, 0.0864250585436821, 0.9762420654296875, 0.9759048058013826, 0.9761323334392193, '00:49']
[13, 0.023212067782878876, 0.09283753484487534, 0.9758252501487732, 0.9757267486521222, 0.975633032313526, '00:47']
[14, 0.013896160759031773, 0.09580805152654648, 0.9763254523277283, 0.9761064429861117, 0.9762042680147267, '00:46']
[15, 0.013139964081346989, 0.09002349525690079, 0.9776592254638672, 0.9774734681501634, 0.977518603648087, '00:46']
[16, 0.012019534595310688, 0.10226327180862427, 0.9765755534172058, 0.9763637921284793, 0.9763560314206167, '00:47']
[17, 0.007697427645325661, 0.10683091729879379, 0.9736579060554504, 0.9737378338337427, 0.9735254835754036, '00:47']
No improvement since epoch 12: early stopping

Tiempo de entrenamiento: 867.59 segundos
/mnt/homeGPU/haoweihu/TFG/lib/python3.10/site-packages/fastai/learner.py:455: UserWarning: load_learner` uses Python's insecure pickle module, which can execute malicious arbitrary code when loading. Only load files you trust.
If you only need to load model weights and optimizer state, use the safe `Learner.load` instead.
  warn("load_learner` uses Python's insecure pickle module, which can execute malicious arbitrary code when loading. Only load files you trust.\nIf you only need to load model weights and optimizer state, use the safe `Learner.load` instead.")
Loss: 0.1068
Accuracy: 0.9737
Recall: 0.9737
F1-Score: 0.9735
Loss: 0.09135076403617859
Accuracy: 0.9757612347602844
Recall (macro): 0.9756432547723204
F1 Score (macro): 0.975551982433988
---------------------------------------------------------------------------
Ejecutando: mnist_dist01_original_ex3
---------------------------------------------------------------------------
Número total de imágenes en entrenamiento: 21714
Número total de imágenes en validación: 11996

Clases: ['0', '1', '2', '3', '4', '5', '6', '7', '8', '9']
[0, 2.1956734657287598, 2.1127288341522217, 0.50575190782547, 0.49756787395579394, 0.4619516958245005, '00:59']
[1, 0.477237343788147, 0.5580738186836243, 0.8191063404083252, 0.8164699858925198, 0.8178876243581644, '00:48']
[2, 0.2301308661699295, 0.391277939081192, 0.8842114210128784, 0.8833124644099432, 0.883651263397819, '00:47']
[3, 0.17124195396900177, 0.27489331364631653, 0.9180560111999512, 0.917209944507691, 0.9173135535733946, '00:46']
[4, 0.11791685968637466, 0.21743789315223694, 0.9342280626296997, 0.9345098194171293, 0.9339175510115376, '00:48']
[5, 0.08286391943693161, 0.15631628036499023, 0.954318106174469, 0.9539450015358562, 0.9541353996997419, '00:47']
[6, 0.06870338320732117, 0.14909082651138306, 0.956235408782959, 0.9559802393644068, 0.9561096295216156, '00:47']
[7, 0.054080765694379807, 0.16200709342956543, 0.952400803565979, 0.9528051738151202, 0.9524642040250383, '00:46']
[8, 0.047217532992362976, 0.11632054299116135, 0.9657385945320129, 0.9654954401468299, 0.9656092132089723, '00:47']
[9, 0.035821229219436646, 0.13173991441726685, 0.9636545777320862, 0.9630421098182887, 0.9635074503979835, '00:48']
[10, 0.03254085034132004, 0.11822115629911423, 0.9674057960510254, 0.9672290808258502, 0.9674322788897548, '00:47']
[11, 0.029522161930799484, 0.1025828868150711, 0.9724074602127075, 0.9724140605056224, 0.9723693031511139, '00:47']
[12, 0.02307966537773609, 0.11196193099021912, 0.9705735445022583, 0.9706610540344827, 0.9704149056033053, '00:47']
[13, 0.01521150954067707, 0.10043863952159882, 0.9738246202468872, 0.9737164378810448, 0.9737979775985239, '00:47']
[14, 0.014757608994841576, 0.10409225523471832, 0.9742414355278015, 0.9740644431338031, 0.9741598927289346, '00:47']
[15, 0.00899419840425253, 0.12830287218093872, 0.9712404012680054, 0.970972637831412, 0.9712416852326866, '00:47']
[16, 0.008491871878504753, 0.1081894114613533, 0.9764087796211243, 0.9764983612064754, 0.9764153683393321, '00:47']
[17, 0.004524645861238241, 0.11387628316879272, 0.9754918217658997, 0.9754343131179238, 0.975452468208433, '00:47']
[18, 0.004569450858980417, 0.1210799515247345, 0.9754918217658997, 0.9755023002699927, 0.9754294463478468, '00:48']
No improvement since epoch 13: early stopping

Tiempo de entrenamiento: 915.98 segundos
/mnt/homeGPU/haoweihu/TFG/lib/python3.10/site-packages/fastai/learner.py:455: UserWarning: load_learner` uses Python's insecure pickle module, which can execute malicious arbitrary code when loading. Only load files you trust.
If you only need to load model weights and optimizer state, use the safe `Learner.load` instead.
  warn("load_learner` uses Python's insecure pickle module, which can execute malicious arbitrary code when loading. Only load files you trust.\nIf you only need to load model weights and optimizer state, use the safe `Learner.load` instead.")
Loss: 0.1211
Accuracy: 0.9755
Recall: 0.9755
F1-Score: 0.9754
Loss: 0.09332304447889328
Accuracy: 0.9789663553237915
Recall (macro): 0.9788962673439491
F1 Score (macro): 0.9788526309369777
mail: cannot send message: Process exited with a non-zero status
