/mnt/homeGPU/haoweihu/TFG/lib/python3.10/site-packages/torchvision/models/_utils.py:208: UserWarning: The parameter 'pretrained' is deprecated since 0.13 and may be removed in the future, please use 'weights' instead.
  warnings.warn(
/mnt/homeGPU/haoweihu/TFG/lib/python3.10/site-packages/torchvision/models/_utils.py:223: UserWarning: Arguments other than a weight enum or `None` for 'weights' are deprecated since 0.13 and may be removed in the future. The current behavior is equivalent to passing `weights=EfficientNet_V2_S_Weights.IMAGENET1K_V1`. You can also use `weights=EfficientNet_V2_S_Weights.DEFAULT` to get the most up-to-date weights.
  warnings.warn(msg)
---------------------------------------------------------------------------
Ejecutando: cifar_10pct_effnetv2s_fps
---------------------------------------------------------------------------
False
Número total de imágenes en entrenamiento: 3931
Número total de imágenes en validación: 10000
Clases: ['airplane', 'automobile', 'bird', 'cat', 'deer', 'dog', 'frog', 'horse', 'ship', 'truck']
weights = None
[0, 3.321148633956909, 2.22072434425354, 0.329800009727478, 0.32980000000000004, 0.3136300694938488, '00:59']
[1, 2.6185641288757324, nan, 0.5892000198364258, 0.5892, 0.5806447578487977, '00:52']
[2, 2.0589380264282227, nan, 0.6915000081062317, 0.6915, 0.6880885140447611, '00:53']
[3, 1.7324950695037842, nan, 0.7310000061988831, 0.731, 0.730447897745641, '00:57']
[4, 1.4770033359527588, nan, 0.7720999717712402, 0.7721000000000001, 0.7709107749925301, '00:56']
[5, 1.3220876455307007, nan, 0.7958999872207642, 0.7959, 0.7945056142275901, '00:56']
No improvement since epoch 0: early stopping

Tiempo de entrenamiento: 335.84 segundos
/mnt/homeGPU/haoweihu/TFG/lib/python3.10/site-packages/fastai/learner.py:455: UserWarning: load_learner` uses Python's insecure pickle module, which can execute malicious arbitrary code when loading. Only load files you trust.
If you only need to load model weights and optimizer state, use the safe `Learner.load` instead.
  warn("load_learner` uses Python's insecure pickle module, which can execute malicious arbitrary code when loading. Only load files you trust.\nIf you only need to load model weights and optimizer state, use the safe `Learner.load` instead.")
Loss (valid): nan
Accuracy (valid): 0.7959
Recall (valid): 0.7959
F1-Score (valid): 0.7945
/mnt/homeGPU/haoweihu/TFG/lib/python3.10/site-packages/torchvision/models/_utils.py:208: UserWarning: The parameter 'pretrained' is deprecated since 0.13 and may be removed in the future, please use 'weights' instead.
  warnings.warn(
/mnt/homeGPU/haoweihu/TFG/lib/python3.10/site-packages/torchvision/models/_utils.py:223: UserWarning: Arguments other than a weight enum or `None` for 'weights' are deprecated since 0.13 and may be removed in the future. The current behavior is equivalent to passing `weights=EfficientNet_V2_S_Weights.IMAGENET1K_V1`. You can also use `weights=EfficientNet_V2_S_Weights.DEFAULT` to get the most up-to-date weights.
  warnings.warn(msg)
Loss (test): 0.6269
Accuracy (test): 0.7985
Recall (test): 0.7985
F1-Score (test): 0.7970
---------------------------------------------------------------------------
Ejecutando: cifar_20pct_effnetv2s_fps
---------------------------------------------------------------------------
False
Número total de imágenes en entrenamiento: 7679
Número total de imágenes en validación: 10000
Clases: ['airplane', 'automobile', 'bird', 'cat', 'deer', 'dog', 'frog', 'horse', 'ship', 'truck']
weights = None
[0, 2.881369113922119, 1.4925991296768188, 0.4977000057697296, 0.49770000000000003, 0.4896899613438855, '01:48']
[1, 2.0310146808624268, nan, 0.682699978351593, 0.6827, 0.679360062292173, '01:14']
[2, 1.621225357055664, nan, 0.7452999949455261, 0.7453000000000001, 0.7435636800294225, '01:14']
[3, 1.3667056560516357, 0.6415754556655884, 0.7936000227928162, 0.7936, 0.7928853669605422, '01:16']
[4, 1.1326653957366943, 0.5218544602394104, 0.8321999907493591, 0.8321999999999999, 0.8316031274316847, '01:14']
[5, 0.956818163394928, nan, 0.8511999845504761, 0.8512000000000001, 0.8512211265010411, '01:14']
[6, 0.7926840782165527, 0.34872984886169434, 0.8860999941825867, 0.8861000000000001, 0.8859707993074087, '01:13']
[7, 0.6731787323951721, 0.31400567293167114, 0.8967000246047974, 0.8966999999999998, 0.8965188582070038, '01:13']
[8, 0.567271888256073, 0.2558040916919708, 0.9158999919891357, 0.9159, 0.9156649300641689, '01:12']
[9, 0.4920635223388672, 0.21285434067249298, 0.929099977016449, 0.9291, 0.9288067400355988, '01:13']
[10, 0.44188159704208374, 0.20337635278701782, 0.9308000206947327, 0.9308, 0.9304056781790548, '01:13']
[11, 0.39006921648979187, 0.1813705414533615, 0.9398999810218811, 0.9399, 0.9395802270088287, '01:13']
[12, 0.3721483647823334, 0.17389804124832153, 0.9399999976158142, 0.9399999999999998, 0.9397045832180856, '01:15']
[13, 0.32336974143981934, 0.16761291027069092, 0.9437000155448914, 0.9437, 0.9433871014155824, '01:13']
[14, 0.2962138056755066, 0.15205110609531403, 0.9491999745368958, 0.9492, 0.9490573352300133, '01:13']
[15, 0.27730056643486023, 0.1469346135854721, 0.9513999819755554, 0.9513999999999999, 0.9512027530886284, '01:15']
[16, 0.24355243146419525, 0.1429489105939865, 0.954200029373169, 0.9541999999999999, 0.9540969189401933, '01:14']
[17, 0.2217894345521927, 0.13997724652290344, 0.9549000263214111, 0.9549, 0.9548270993360862, '01:15']
[18, 0.1983620822429657, 0.1393229365348816, 0.9560999870300293, 0.9561, 0.9559807235902105, '01:14']
[19, 0.1886308640241623, 0.1355527937412262, 0.9557999968528748, 0.9558, 0.9557062762910832, '01:14']
[20, 0.1857779622077942, 0.1305902898311615, 0.9571999907493591, 0.9571999999999999, 0.9570901446509016, '01:14']
[21, 0.16786804795265198, 0.13419349491596222, 0.9563999772071838, 0.9564, 0.9562874636156437, '01:15']
[22, 0.15935638546943665, 0.12594160437583923, 0.9588000178337097, 0.9588000000000001, 0.9587309147543758, '01:18']
[23, 0.1501779705286026, 0.13231725990772247, 0.9562000036239624, 0.9562000000000002, 0.9560490898044393, '01:20']
[24, 0.15191875398159027, 0.1286550909280777, 0.9595000147819519, 0.9595, 0.959388141838595, '01:20']
[25, 0.14325696229934692, 0.12598899006843567, 0.9599999785423279, 0.96, 0.959935978922404, '01:22']
[26, 0.14219656586647034, 0.12624093890190125, 0.958899974822998, 0.9589000000000001, 0.9588306025595992, '01:30']
[27, 0.1363842934370041, 0.12580882012844086, 0.9607999920845032, 0.9608000000000001, 0.9606778246361408, '01:27']
[28, 0.13424064218997955, 0.12588535249233246, 0.9603000283241272, 0.9603000000000002, 0.9602271605076783, '01:30']
[29, 0.1373659074306488, 0.12276662886142731, 0.9620000123977661, 0.962, 0.9619143222091273, '01:30']

Tiempo de entrenamiento: 2347.52 segundos
/mnt/homeGPU/haoweihu/TFG/lib/python3.10/site-packages/fastai/learner.py:455: UserWarning: load_learner` uses Python's insecure pickle module, which can execute malicious arbitrary code when loading. Only load files you trust.
If you only need to load model weights and optimizer state, use the safe `Learner.load` instead.
  warn("load_learner` uses Python's insecure pickle module, which can execute malicious arbitrary code when loading. Only load files you trust.\nIf you only need to load model weights and optimizer state, use the safe `Learner.load` instead.")
Loss (valid): 0.1228
Accuracy (valid): 0.9620
Recall (valid): 0.9620
F1-Score (valid): 0.9619
/mnt/homeGPU/haoweihu/TFG/lib/python3.10/site-packages/torchvision/models/_utils.py:208: UserWarning: The parameter 'pretrained' is deprecated since 0.13 and may be removed in the future, please use 'weights' instead.
  warnings.warn(
/mnt/homeGPU/haoweihu/TFG/lib/python3.10/site-packages/torchvision/models/_utils.py:223: UserWarning: Arguments other than a weight enum or `None` for 'weights' are deprecated since 0.13 and may be removed in the future. The current behavior is equivalent to passing `weights=EfficientNet_V2_S_Weights.IMAGENET1K_V1`. You can also use `weights=EfficientNet_V2_S_Weights.DEFAULT` to get the most up-to-date weights.
  warnings.warn(msg)
Loss (test): 0.1304
Accuracy (test): 0.9547
Recall (test): 0.9547
F1-Score (test): 0.9546
---------------------------------------------------------------------------
Ejecutando: cifar_30pct_effnetv2s_fps
---------------------------------------------------------------------------
False
Número total de imágenes en entrenamiento: 11251
Número total de imágenes en validación: 10000
Clases: ['airplane', 'automobile', 'bird', 'cat', 'deer', 'dog', 'frog', 'horse', 'ship', 'truck']
weights = None
[0, 2.4900567531585693, 1.3162076473236084, 0.5670999884605408, 0.5670999999999999, 0.5591576456270955, '02:13']
[1, 1.7927342653274536, 0.8746777176856995, 0.7103999853134155, 0.7104000000000001, 0.7083746631309757, '01:32']
[2, 1.4329791069030762, 0.6720033884048462, 0.7802000045776367, 0.7802, 0.7788786206534382, '01:30']
[3, 1.1382991075515747, 0.5321208834648132, 0.8260999917984009, 0.8261, 0.8248407485697047, '01:30']
[4, 0.9257612824440002, 0.4233465790748596, 0.8618999719619751, 0.8619000000000001, 0.8612502339415741, '01:30']
[5, 0.7178886532783508, 0.30072441697120667, 0.8989999890327454, 0.899, 0.8987188067645546, '01:31']
[6, 0.5705229043960571, 0.25763264298439026, 0.9118000268936157, 0.9118, 0.9114212893263934, '01:30']
[7, 0.507806122303009, 0.22138230502605438, 0.9233999848365784, 0.9234, 0.9230418053876497, '01:30']
[8, 0.4157736301422119, 0.17588768899440765, 0.9426000118255615, 0.9426, 0.9424764239413921, '01:30']
[9, 0.3612034022808075, 0.16615375876426697, 0.9442999958992004, 0.9442999999999999, 0.9441589169532332, '01:30']
[10, 0.334695965051651, 0.149541437625885, 0.9505000114440918, 0.9504999999999999, 0.9502450529919766, '01:32']
[11, 0.2791619598865509, 0.14103202521800995, 0.9545000195503235, 0.9545, 0.9542379719006415, '01:30']
[12, 0.24150286614894867, 0.13133135437965393, 0.9584000110626221, 0.9583999999999999, 0.9582527029521568, '01:31']
[13, 0.22132660448551178, 0.12865924835205078, 0.9577999711036682, 0.9578, 0.9576866482634634, '01:30']
[14, 0.21865639090538025, 0.12684032320976257, 0.9589999914169312, 0.959, 0.9588801433201688, '01:31']
[15, 0.1918768286705017, 0.11837967485189438, 0.9603000283241272, 0.9602999999999999, 0.9602576300122061, '01:30']
[16, 0.18597158789634705, 0.12082123011350632, 0.9610999822616577, 0.9610999999999998, 0.9610489082186124, '01:31']
[17, 0.16574439406394958, 0.11650418490171432, 0.9621999859809875, 0.9621999999999999, 0.9621048337678353, '01:31']
[18, 0.15976682305335999, 0.11426348984241486, 0.9620000123977661, 0.962, 0.9619616426187747, '01:33']
[19, 0.14047075808048248, 0.11207319051027298, 0.9639999866485596, 0.9639999999999999, 0.9639477847962828, '01:32']
[20, 0.14140188694000244, 0.1121237650513649, 0.9627000093460083, 0.9626999999999999, 0.9626767962856594, '01:32']
[21, 0.134357750415802, 0.10877537727355957, 0.965499997138977, 0.9654999999999999, 0.9654494041565244, '01:32']
[22, 0.11476314812898636, 0.1098419800400734, 0.9674000144004822, 0.9673999999999999, 0.9673214640817086, '01:31']
[23, 0.10752251744270325, 0.10649807006120682, 0.9670000076293945, 0.967, 0.966974545303086, '01:31']
[24, 0.10947813838720322, 0.10874068737030029, 0.9668999910354614, 0.9669000000000001, 0.9668509945876528, '01:30']
[25, 0.11300453543663025, 0.11143289506435394, 0.9653000235557556, 0.9653, 0.9652213848824823, '01:30']
[26, 0.11266236752271652, 0.10654684156179428, 0.9671000242233276, 0.9671, 0.9670468286380981, '01:29']
[27, 0.10817032307386398, 0.10497093200683594, 0.9668999910354614, 0.9669000000000001, 0.9668573419167645, '01:30']
[28, 0.11214924603700638, 0.10794926434755325, 0.9664999842643738, 0.9664999999999999, 0.9664178477005183, '01:34']
[29, 0.1140691339969635, 0.10477440059185028, 0.9678000211715698, 0.9678000000000001, 0.9677359544814799, '01:33']

Tiempo de entrenamiento: 2786.18 segundos
/mnt/homeGPU/haoweihu/TFG/lib/python3.10/site-packages/fastai/learner.py:455: UserWarning: load_learner` uses Python's insecure pickle module, which can execute malicious arbitrary code when loading. Only load files you trust.
If you only need to load model weights and optimizer state, use the safe `Learner.load` instead.
  warn("load_learner` uses Python's insecure pickle module, which can execute malicious arbitrary code when loading. Only load files you trust.\nIf you only need to load model weights and optimizer state, use the safe `Learner.load` instead.")
Loss (valid): 0.1048
Accuracy (valid): 0.9678
Recall (valid): 0.9678
F1-Score (valid): 0.9677
/mnt/homeGPU/haoweihu/TFG/lib/python3.10/site-packages/torchvision/models/_utils.py:208: UserWarning: The parameter 'pretrained' is deprecated since 0.13 and may be removed in the future, please use 'weights' instead.
  warnings.warn(
/mnt/homeGPU/haoweihu/TFG/lib/python3.10/site-packages/torchvision/models/_utils.py:223: UserWarning: Arguments other than a weight enum or `None` for 'weights' are deprecated since 0.13 and may be removed in the future. The current behavior is equivalent to passing `weights=EfficientNet_V2_S_Weights.IMAGENET1K_V1`. You can also use `weights=EfficientNet_V2_S_Weights.DEFAULT` to get the most up-to-date weights.
  warnings.warn(msg)
Loss (test): 0.1055
Accuracy (test): 0.9655
Recall (test): 0.9655
F1-Score (test): 0.9655
---------------------------------------------------------------------------
Ejecutando: cifar_40pct_effnetv2s_fps
---------------------------------------------------------------------------
False
Número total de imágenes en entrenamiento: 14882
Número total de imágenes en validación: 10000
Clases: ['airplane', 'automobile', 'bird', 'cat', 'deer', 'dog', 'frog', 'horse', 'ship', 'truck']
weights = None
[0, 2.2312891483306885, nan, 0.6146000027656555, 0.6145999999999999, 0.6088770025933234, '02:31']
[1, 1.5845043659210205, nan, 0.7473000288009644, 0.7473, 0.745772037503603, '01:48']
[2, 1.2694133520126343, nan, 0.8069999814033508, 0.807, 0.8062260263567704, '01:49']
[3, 0.9813161492347717, nan, 0.8562999963760376, 0.8563000000000001, 0.8555906324338862, '01:48']
[4, 0.7146945595741272, nan, 0.888700008392334, 0.8887, 0.888364180167834, '01:49']
No improvement since epoch -1: early stopping

Tiempo de entrenamiento: 587.25 segundos
/mnt/homeGPU/haoweihu/TFG/lib/python3.10/site-packages/fastai/learner.py:455: UserWarning: load_learner` uses Python's insecure pickle module, which can execute malicious arbitrary code when loading. Only load files you trust.
If you only need to load model weights and optimizer state, use the safe `Learner.load` instead.
  warn("load_learner` uses Python's insecure pickle module, which can execute malicious arbitrary code when loading. Only load files you trust.\nIf you only need to load model weights and optimizer state, use the safe `Learner.load` instead.")
Loss (valid): nan
Accuracy (valid): 0.8887
Recall (valid): 0.8887
F1-Score (valid): 0.8884
/mnt/homeGPU/haoweihu/TFG/lib/python3.10/site-packages/torchvision/models/_utils.py:208: UserWarning: The parameter 'pretrained' is deprecated since 0.13 and may be removed in the future, please use 'weights' instead.
  warnings.warn(
/mnt/homeGPU/haoweihu/TFG/lib/python3.10/site-packages/torchvision/models/_utils.py:223: UserWarning: Arguments other than a weight enum or `None` for 'weights' are deprecated since 0.13 and may be removed in the future. The current behavior is equivalent to passing `weights=EfficientNet_V2_S_Weights.IMAGENET1K_V1`. You can also use `weights=EfficientNet_V2_S_Weights.DEFAULT` to get the most up-to-date weights.
  warnings.warn(msg)
Loss (test): 2.1895
Accuracy (test): 0.8885
Recall (test): 0.8885
F1-Score (test): 0.8883
---------------------------------------------------------------------------
Ejecutando: cifar_50pct_effnetv2s_fps
---------------------------------------------------------------------------
False
Número total de imágenes en entrenamiento: 18078
Número total de imágenes en validación: 10000
Clases: ['airplane', 'automobile', 'bird', 'cat', 'deer', 'dog', 'frog', 'horse', 'ship', 'truck']
weights = None
[0, 2.120012044906616, 1.1115765571594238, 0.6320000290870667, 0.6319999999999999, 0.6289011506853688, '02:47']
[1, 1.4885178804397583, 0.7525068521499634, 0.7545999884605408, 0.7546, 0.7533650466646916, '02:03']
[2, 1.0979093313217163, nan, 0.8295000195503235, 0.8295, 0.8285105793130259, '02:03']
[3, 0.8629254698753357, 0.3759079873561859, 0.8805999755859375, 0.8806, 0.8794342432666694, '02:07']
[4, 0.6019563674926758, 0.2796173095703125, 0.9083999991416931, 0.9084, 0.9075885004917785, '02:03']
[5, 0.45837685465812683, 0.1976165473461151, 0.9336000084877014, 0.9336, 0.9334965813616634, '02:03']
[6, 0.39083734154701233, 0.16694414615631104, 0.9441999793052673, 0.9442, 0.9441263716710082, '02:04']
[7, 0.34084734320640564, 0.13400216400623322, 0.9559000134468079, 0.9559000000000001, 0.955887256035566, '02:13']
[8, 0.29171961545944214, 0.12222234159708023, 0.9592000246047974, 0.9591999999999998, 0.9591486856719538, '02:19']
[9, 0.2538575232028961, 0.11154645681381226, 0.9645000100135803, 0.9644999999999999, 0.9645001319342443, '02:13']
[10, 0.23270490765571594, 0.10999200493097305, 0.9628999829292297, 0.9629, 0.9628663938317532, '02:16']
[11, 0.1987198144197464, 0.10289809852838516, 0.9664000272750854, 0.9664000000000001, 0.9663901811700576, '02:04']
[12, 0.16173365712165833, 0.09859605133533478, 0.9672999978065491, 0.9672999999999998, 0.9672686869771816, '02:04']
[13, 0.16231215000152588, 0.09440340846776962, 0.970300018787384, 0.9702999999999999, 0.9702920313933916, '02:04']
[14, 0.15869329869747162, 0.09558460116386414, 0.970300018787384, 0.9702999999999999, 0.970286128402487, '02:04']
[15, 0.1401098668575287, 0.09469471871852875, 0.9696000218391418, 0.9696, 0.9695922937936006, '02:03']
[16, 0.1288161724805832, 0.08688371628522873, 0.9715999960899353, 0.9715999999999999, 0.9715887598848425, '02:04']
[17, 0.12233508378267288, 0.08743533492088318, 0.9721999764442444, 0.9722, 0.9721811906706341, '02:04']
[18, 0.11437220126390457, 0.0896621122956276, 0.9710000157356262, 0.9710000000000001, 0.9709374739976365, '02:04']
[19, 0.10638352483510971, 0.08243952691555023, 0.9733999967575073, 0.9733999999999998, 0.9733923241679772, '02:04']
[20, 0.10280067473649979, 0.08267713338136673, 0.9724000096321106, 0.9724, 0.9724092600867984, '02:04']
[21, 0.10553333908319473, 0.08321737498044968, 0.9722999930381775, 0.9723, 0.9722641548878203, '02:04']
[22, 0.0847829058766365, 0.0833805575966835, 0.9718000292778015, 0.9718, 0.9717855963778923, '02:11']
[23, 0.08225215971469879, 0.08749770373106003, 0.9715999960899353, 0.9715999999999999, 0.9715643087433865, '02:03']
[24, 0.08051111549139023, 0.08424030244350433, 0.9722999930381775, 0.9722999999999999, 0.9722793459838821, '02:06']
No improvement since epoch 19: early stopping

Tiempo de entrenamiento: 3206.12 segundos
/mnt/homeGPU/haoweihu/TFG/lib/python3.10/site-packages/fastai/learner.py:455: UserWarning: load_learner` uses Python's insecure pickle module, which can execute malicious arbitrary code when loading. Only load files you trust.
If you only need to load model weights and optimizer state, use the safe `Learner.load` instead.
  warn("load_learner` uses Python's insecure pickle module, which can execute malicious arbitrary code when loading. Only load files you trust.\nIf you only need to load model weights and optimizer state, use the safe `Learner.load` instead.")
Loss (valid): 0.0842
Accuracy (valid): 0.9723
Recall (valid): 0.9723
F1-Score (valid): 0.9723
/mnt/homeGPU/haoweihu/TFG/lib/python3.10/site-packages/torchvision/models/_utils.py:208: UserWarning: The parameter 'pretrained' is deprecated since 0.13 and may be removed in the future, please use 'weights' instead.
  warnings.warn(
/mnt/homeGPU/haoweihu/TFG/lib/python3.10/site-packages/torchvision/models/_utils.py:223: UserWarning: Arguments other than a weight enum or `None` for 'weights' are deprecated since 0.13 and may be removed in the future. The current behavior is equivalent to passing `weights=EfficientNet_V2_S_Weights.IMAGENET1K_V1`. You can also use `weights=EfficientNet_V2_S_Weights.DEFAULT` to get the most up-to-date weights.
  warnings.warn(msg)
Loss (test): 0.0883
Accuracy (test): 0.9725
Recall (test): 0.9725
F1-Score (test): 0.9724
---------------------------------------------------------------------------
Ejecutando: cifar_60pct_effnetv2s_fps
---------------------------------------------------------------------------
False
Número total de imágenes en entrenamiento: 21041
Número total de imágenes en validación: 10000
Clases: ['airplane', 'automobile', 'bird', 'cat', 'deer', 'dog', 'frog', 'horse', 'ship', 'truck']
weights = None
[0, 1.9288184642791748, nan, 0.6624000072479248, 0.6624, 0.6600364423304471, '02:52']
[1, 1.3720396757125854, 0.6811953783035278, 0.7797999978065491, 0.7798, 0.7784166280130738, '02:18']
[2, 1.0324044227600098, 0.49443677067756653, 0.8432999849319458, 0.8432999999999999, 0.8421198475795633, '02:20']
[3, 0.7523505687713623, 0.3370046615600586, 0.8860999941825867, 0.8861000000000001, 0.8859125757996328, '02:17']
[4, 0.5605851411819458, nan, 0.9175000190734863, 0.9175000000000001, 0.9171266502078577, '02:18']
[5, 0.41729122400283813, 0.1810637265443802, 0.940500020980835, 0.9404999999999999, 0.9402506523793809, '02:18']
[6, 0.32449448108673096, 0.14535197615623474, 0.9526000022888184, 0.9526, 0.9525897127869076, '02:17']
[7, 0.2955893278121948, 0.12325365841388702, 0.9585000276565552, 0.9585000000000001, 0.958407191403379, '02:17']
[8, 0.23599563539028168, 0.11825516074895859, 0.9638000130653381, 0.9638, 0.9637177698018711, '02:18']
[9, 0.22301095724105835, 0.10137604176998138, 0.9674000144004822, 0.9674000000000001, 0.9673819971608515, '02:18']
[10, 0.19386665523052216, 0.10047242790460587, 0.9692999720573425, 0.9693000000000002, 0.9692514299284886, '02:18']
[11, 0.19212470948696136, 0.09022708237171173, 0.9707000255584717, 0.9706999999999999, 0.970686514247227, '02:18']
[12, 0.16122573614120483, 0.09388738125562668, 0.9693999886512756, 0.9694, 0.9693429897781624, '02:17']
[13, 0.14499914646148682, 0.09251625835895538, 0.9706000089645386, 0.9705999999999999, 0.9705393835281683, '02:17']
[14, 0.1427527219057083, 0.08845801651477814, 0.9715999960899353, 0.9716000000000001, 0.9715724057766261, '02:18']
[15, 0.13284848630428314, 0.08693334460258484, 0.9721999764442444, 0.9721999999999997, 0.9721802059496627, '02:20']
[16, 0.13152548670768738, 0.08656694740056992, 0.9732999801635742, 0.9733, 0.9732729435254491, '02:18']
[17, 0.1118486225605011, 0.08674625307321548, 0.9732000231742859, 0.9732000000000001, 0.9731666837889748, '02:19']
[18, 0.10873688012361526, 0.08232367783784866, 0.9750999808311462, 0.9751, 0.9750940887469897, '02:18']
[19, 0.08987266570329666, 0.081980861723423, 0.9753000140190125, 0.9753000000000001, 0.9752830251963752, '02:17']
[20, 0.0866815596818924, 0.08188770711421967, 0.9750999808311462, 0.9751000000000001, 0.9750944211052074, '02:17']
[21, 0.09351445734500885, 0.08132427930831909, 0.9761999845504761, 0.9762000000000001, 0.9761838287073941, '02:18']
[22, 0.08763663470745087, 0.08023809641599655, 0.9768999814987183, 0.9769, 0.9768795324184151, '02:17']
[23, 0.07655099779367447, 0.0810004323720932, 0.9768000245094299, 0.9767999999999999, 0.9767784364106833, '02:18']
[24, 0.07992701232433319, 0.08276379853487015, 0.9750000238418579, 0.975, 0.9749837749612391, '02:18']
[25, 0.07311420142650604, 0.08147678524255753, 0.9764000177383423, 0.9763999999999999, 0.9763918546812226, '02:18']
[26, 0.06995247304439545, 0.07972068339586258, 0.9768999814987183, 0.9769, 0.9768903036595178, '02:17']
[27, 0.07351163774728775, 0.08094555884599686, 0.9765999913215637, 0.9766, 0.9765746698930062, '02:20']
[28, 0.06709813326597214, 0.08031144738197327, 0.9767000079154968, 0.9766999999999999, 0.9766792445482935, '02:17']
[29, 0.07230313867330551, 0.08192375302314758, 0.9763000011444092, 0.9762999999999998, 0.9762843713465743, '02:17']

Tiempo de entrenamiento: 4186.39 segundos
/mnt/homeGPU/haoweihu/TFG/lib/python3.10/site-packages/fastai/learner.py:455: UserWarning: load_learner` uses Python's insecure pickle module, which can execute malicious arbitrary code when loading. Only load files you trust.
If you only need to load model weights and optimizer state, use the safe `Learner.load` instead.
  warn("load_learner` uses Python's insecure pickle module, which can execute malicious arbitrary code when loading. Only load files you trust.\nIf you only need to load model weights and optimizer state, use the safe `Learner.load` instead.")
Loss (valid): 0.0819
Accuracy (valid): 0.9763
Recall (valid): 0.9763
F1-Score (valid): 0.9763
/mnt/homeGPU/haoweihu/TFG/lib/python3.10/site-packages/torchvision/models/_utils.py:208: UserWarning: The parameter 'pretrained' is deprecated since 0.13 and may be removed in the future, please use 'weights' instead.
  warnings.warn(
/mnt/homeGPU/haoweihu/TFG/lib/python3.10/site-packages/torchvision/models/_utils.py:223: UserWarning: Arguments other than a weight enum or `None` for 'weights' are deprecated since 0.13 and may be removed in the future. The current behavior is equivalent to passing `weights=EfficientNet_V2_S_Weights.IMAGENET1K_V1`. You can also use `weights=EfficientNet_V2_S_Weights.DEFAULT` to get the most up-to-date weights.
  warnings.warn(msg)
Loss (test): 0.0819
Accuracy (test): 0.9745
Recall (test): 0.9745
F1-Score (test): 0.9744
---------------------------------------------------------------------------
Ejecutando: cifar_70pct_effnetv2s_fps
---------------------------------------------------------------------------
False
Número total de imágenes en entrenamiento: 23765
Número total de imágenes en validación: 10000
Clases: ['airplane', 'automobile', 'bird', 'cat', 'deer', 'dog', 'frog', 'horse', 'ship', 'truck']
weights = None
[0, 1.8746031522750854, 1.0089499950408936, 0.6639000177383423, 0.6638999999999999, 0.6622050857492459, '03:42']
[1, 1.3339582681655884, 0.659121036529541, 0.7817999720573425, 0.7817999999999999, 0.7821429519976599, '02:30']
[2, 0.9611864686012268, 0.473095178604126, 0.8496000170707703, 0.8496, 0.8493231508520409, '02:30']
[3, 0.6699587106704712, nan, 0.8971999883651733, 0.8972, 0.8965588601249788, '02:30']
[4, 0.5027035474777222, 0.769228458404541, 0.9248999953269958, 0.9248999999999998, 0.9245741256484358, '02:30']
[5, 0.38582679629325867, 0.18528825044631958, 0.9387999773025513, 0.9388, 0.9385827349929506, '02:31']
[6, 0.2905537784099579, nan, 0.9513999819755554, 0.9514000000000001, 0.9513783838264438, '02:30']
[7, 0.26434993743896484, 0.12345962971448898, 0.9606000185012817, 0.9606, 0.9605427331453633, '02:33']
[8, 0.22551597654819489, 0.11134704947471619, 0.9628000259399414, 0.9628, 0.9626908647332199, '02:30']
[9, 0.20607112348079681, 0.10400658845901489, 0.9652000069618225, 0.9652, 0.9651250201206363, '02:30']
[10, 0.1835305243730545, 0.10051941871643066, 0.9682999849319458, 0.9682999999999999, 0.9681902027635045, '02:30']
[11, 0.15885217487812042, 0.09113074094057083, 0.9706000089645386, 0.9705999999999999, 0.9705536778047359, '02:30']
[12, 0.1431550681591034, 0.09771770983934402, 0.968999981880188, 0.969, 0.9689472845272634, '02:30']
[13, 0.12068487703800201, 0.09188878536224365, 0.9714000225067139, 0.9714, 0.9713691111492917, '02:30']
[14, 0.13651308417320251, 0.09106703847646713, 0.97079998254776, 0.9708, 0.9708076832928306, '02:31']
[15, 0.11162629723548889, 0.08808741718530655, 0.9728999733924866, 0.9729000000000001, 0.9728851094586586, '02:31']
[16, 0.1147141084074974, 0.08801749348640442, 0.9725000262260437, 0.9724999999999998, 0.972474289356178, '02:30']
[17, 0.1019291877746582, 0.08960020542144775, 0.9699000120162964, 0.9699, 0.9698325136132888, '02:29']
[18, 0.08416508138179779, 0.08719591796398163, 0.9742000102996826, 0.9742, 0.9741889236984287, '02:32']
[19, 0.07812918722629547, 0.08878812193870544, 0.972599983215332, 0.9725999999999999, 0.972571126235142, '02:30']
[20, 0.08568862080574036, 0.08702234923839569, 0.9726999998092651, 0.9727, 0.9726398143772599, '02:29']
[21, 0.07516943663358688, 0.08485844731330872, 0.9746999740600586, 0.9747000000000001, 0.9746684087106035, '02:30']
[22, 0.08724204450845718, 0.08308523148298264, 0.9750000238418579, 0.975, 0.9749602795755719, '02:30']
[23, 0.06895381212234497, 0.08322243392467499, 0.9739000201225281, 0.9738999999999999, 0.973897772994271, '02:30']
[24, 0.07165388762950897, 0.08488480746746063, 0.9740999937057495, 0.9741, 0.9740653030939793, '02:30']
[25, 0.06841123104095459, 0.08183938264846802, 0.9750999808311462, 0.9751, 0.9750856994266552, '02:30']
[26, 0.0731327012181282, 0.08498004078865051, 0.9739999771118164, 0.9739999999999999, 0.973954767288675, '02:31']
[27, 0.0654471293091774, 0.08343400806188583, 0.9740999937057495, 0.9741, 0.9740753649178749, '02:29']
[28, 0.06875250488519669, 0.08688054233789444, 0.9735999703407288, 0.9736, 0.9735693206814477, '02:30']
[29, 0.062088627368211746, 0.08256233483552933, 0.9751999974250793, 0.9752000000000001, 0.975193207904692, '02:30']

Tiempo de entrenamiento: 4590.45 segundos
/mnt/homeGPU/haoweihu/TFG/lib/python3.10/site-packages/fastai/learner.py:455: UserWarning: load_learner` uses Python's insecure pickle module, which can execute malicious arbitrary code when loading. Only load files you trust.
If you only need to load model weights and optimizer state, use the safe `Learner.load` instead.
  warn("load_learner` uses Python's insecure pickle module, which can execute malicious arbitrary code when loading. Only load files you trust.\nIf you only need to load model weights and optimizer state, use the safe `Learner.load` instead.")
Loss (valid): 0.0826
Accuracy (valid): 0.9752
Recall (valid): 0.9752
F1-Score (valid): 0.9752
/mnt/homeGPU/haoweihu/TFG/lib/python3.10/site-packages/torchvision/models/_utils.py:208: UserWarning: The parameter 'pretrained' is deprecated since 0.13 and may be removed in the future, please use 'weights' instead.
  warnings.warn(
/mnt/homeGPU/haoweihu/TFG/lib/python3.10/site-packages/torchvision/models/_utils.py:223: UserWarning: Arguments other than a weight enum or `None` for 'weights' are deprecated since 0.13 and may be removed in the future. The current behavior is equivalent to passing `weights=EfficientNet_V2_S_Weights.IMAGENET1K_V1`. You can also use `weights=EfficientNet_V2_S_Weights.DEFAULT` to get the most up-to-date weights.
  warnings.warn(msg)
Loss (test): 0.0862
Accuracy (test): 0.9748
Recall (test): 0.9748
F1-Score (test): 0.9748
---------------------------------------------------------------------------
Ejecutando: cifar_80pct_effnetv2s_fps
---------------------------------------------------------------------------
False
Número total de imágenes en entrenamiento: 26187
Número total de imágenes en validación: 10000
Clases: ['airplane', 'automobile', 'bird', 'cat', 'deer', 'dog', 'frog', 'horse', 'ship', 'truck']
weights = None
[0, 1.7828044891357422, 0.9685015678405762, 0.6879000067710876, 0.6879000000000001, 0.68549179443287, '03:26']
[1, 1.2046773433685303, 1.0447583198547363, 0.7910000085830688, 0.791, 0.7901317857369181, '02:43']
[2, 0.898127019405365, 0.44470155239105225, 0.8578000068664551, 0.8577999999999999, 0.8574435733738296, '02:46']
[3, 0.627490222454071, 0.3090248703956604, 0.9017999768257141, 0.9018, 0.9015515591463863, '02:44']
[4, 0.42128685116767883, 0.21743594110012054, 0.9307000041007996, 0.9307000000000001, 0.9305296535832831, '02:42']
[5, 0.3374084532260895, 0.15733154118061066, 0.9473999738693237, 0.9474, 0.947374406865665, '02:43']
[6, 0.2661285996437073, 0.13265016674995422, 0.9562000036239624, 0.9561999999999999, 0.9561145151289223, '02:40']
[7, 0.24198061227798462, 0.1229710578918457, 0.960099995136261, 0.9601, 0.959984195644739, '02:40']
[8, 0.1880921870470047, 0.11062734574079514, 0.9642999768257141, 0.9642999999999999, 0.9642343793642689, '02:42']
[9, 0.17638050019741058, 0.10329244285821915, 0.9678999781608582, 0.9679, 0.9678347850757503, '02:39']
[10, 0.16155846416950226, 0.1000620648264885, 0.9674999713897705, 0.9675, 0.9674818083669157, '02:39']
[11, 0.14663244783878326, 0.09617505222558975, 0.968500018119812, 0.9684999999999999, 0.9684385905630108, '02:40']
[12, 0.133340522646904, 0.0923742949962616, 0.9697999954223633, 0.9698, 0.9697690088514193, '02:40']
[13, 0.10884172469377518, 0.08919710665941238, 0.9713000059127808, 0.9713, 0.9712752111466788, '02:39']
[14, 0.11752477288246155, 0.08778514713048935, 0.9711999893188477, 0.9712, 0.9711735991281438, '02:39']
[15, 0.10931125283241272, 0.08939272910356522, 0.9729999899864197, 0.9730000000000001, 0.9729597343911827, '02:39']
[16, 0.10237151384353638, 0.08964867144823074, 0.9732000231742859, 0.9732000000000001, 0.9731686371922006, '02:39']
[17, 0.08608974516391754, 0.08488915115594864, 0.9735999703407288, 0.9735999999999999, 0.9735998594690027, '02:39']
[18, 0.08522090315818787, 0.08470210433006287, 0.9746000170707703, 0.9746, 0.9745589092825441, '02:39']
[19, 0.06628832221031189, 0.08664408326148987, 0.9750000238418579, 0.975, 0.9749670912888313, '02:42']
[20, 0.07635413855314255, 0.08744746446609497, 0.9742000102996826, 0.9742, 0.9741565408961886, '02:40']
[21, 0.0730113759636879, 0.08722606301307678, 0.9740999937057495, 0.9741, 0.9740787832878341, '02:40']
[22, 0.07276668399572372, 0.0842694565653801, 0.9753000140190125, 0.9753000000000001, 0.9752749316702587, '02:40']
[23, 0.057023804634809494, 0.08524397760629654, 0.9751999974250793, 0.9752000000000001, 0.9751742994745252, '02:40']
[24, 0.0782458633184433, 0.0860668271780014, 0.974399983882904, 0.9744000000000002, 0.9743592911537343, '02:41']
[25, 0.05688108131289482, 0.08625232428312302, 0.9747999906539917, 0.9747999999999999, 0.9747702753100776, '02:41']
[26, 0.06289437413215637, 0.08531217277050018, 0.9750999808311462, 0.9751000000000001, 0.975080954398382, '02:41']
[27, 0.06110008805990219, 0.08473515510559082, 0.9761999845504761, 0.9762000000000001, 0.9761710709846474, '02:41']
No improvement since epoch 22: early stopping

Tiempo de entrenamiento: 4559.06 segundos
/mnt/homeGPU/haoweihu/TFG/lib/python3.10/site-packages/fastai/learner.py:455: UserWarning: load_learner` uses Python's insecure pickle module, which can execute malicious arbitrary code when loading. Only load files you trust.
If you only need to load model weights and optimizer state, use the safe `Learner.load` instead.
  warn("load_learner` uses Python's insecure pickle module, which can execute malicious arbitrary code when loading. Only load files you trust.\nIf you only need to load model weights and optimizer state, use the safe `Learner.load` instead.")
Loss (valid): 0.0847
Accuracy (valid): 0.9762
Recall (valid): 0.9762
F1-Score (valid): 0.9762
/mnt/homeGPU/haoweihu/TFG/lib/python3.10/site-packages/torchvision/models/_utils.py:208: UserWarning: The parameter 'pretrained' is deprecated since 0.13 and may be removed in the future, please use 'weights' instead.
  warnings.warn(
/mnt/homeGPU/haoweihu/TFG/lib/python3.10/site-packages/torchvision/models/_utils.py:223: UserWarning: Arguments other than a weight enum or `None` for 'weights' are deprecated since 0.13 and may be removed in the future. The current behavior is equivalent to passing `weights=EfficientNet_V2_S_Weights.IMAGENET1K_V1`. You can also use `weights=EfficientNet_V2_S_Weights.DEFAULT` to get the most up-to-date weights.
  warnings.warn(msg)
Loss (test): 0.0876
Accuracy (test): 0.9737
Recall (test): 0.9737
F1-Score (test): 0.9737
---------------------------------------------------------------------------
Ejecutando: cifar_90pct_effnetv2s_fps
---------------------------------------------------------------------------
False
Número total de imágenes en entrenamiento: 28477
Número total de imágenes en validación: 10000
Clases: ['airplane', 'automobile', 'bird', 'cat', 'deer', 'dog', 'frog', 'horse', 'ship', 'truck']
weights = None
[0, 1.7284877300262451, 0.9421241283416748, 0.6887000203132629, 0.6886999999999999, 0.6870831780684273, '04:50']
[1, 1.1971920728683472, nan, 0.7912999987602234, 0.7913, 0.7909382705208309, '02:58']
[2, 0.8373333215713501, 0.476210355758667, 0.8452000021934509, 0.8452, 0.8448366906780794, '02:59']
[3, 0.5486737489700317, 0.29797643423080444, 0.9009000062942505, 0.9008999999999998, 0.9008418916545471, '02:58']
[4, 0.39651328325271606, 0.21140925586223602, 0.9279999732971191, 0.9280000000000002, 0.9277830646124763, '02:59']
[5, 0.30561721324920654, 0.16106995940208435, 0.945900022983551, 0.9459, 0.9457022314755863, '02:58']
[6, 0.2559933364391327, 0.1334346979856491, 0.9562000036239624, 0.9562000000000002, 0.9561315055450821, '02:58']
[7, 0.21656103432178497, 0.11763862520456314, 0.9611999988555908, 0.9612, 0.9611441005283776, '03:02']
[8, 0.17816360294818878, 0.10865433514118195, 0.9643999934196472, 0.9644000000000001, 0.964348402028586, '03:02']
[9, 0.17654217779636383, 0.10617151856422424, 0.9674999713897705, 0.9674999999999999, 0.967508095929853, '03:02']
[10, 0.14587637782096863, 0.11402986198663712, 0.96670001745224, 0.9667, 0.9666932602329386, '02:56']
[11, 0.12244444340467453, 0.09644084423780441, 0.9693999886512756, 0.9694, 0.9694025189647097, '02:56']
[12, 0.12174750864505768, 0.08952542394399643, 0.9732999801635742, 0.9732999999999998, 0.9732981339794241, '02:56']
[13, 0.11617081612348557, 0.08989818394184113, 0.9722999930381775, 0.9723, 0.9722997809547257, '02:57']
[14, 0.10441985726356506, 0.09198518842458725, 0.9729999899864197, 0.9730000000000001, 0.9730056718983626, '02:56']
[15, 0.09551556408405304, 0.09280302375555038, 0.9728999733924866, 0.9728999999999999, 0.972857908203047, '02:56']
[16, 0.08954382687807083, 0.08551932126283646, 0.9740999937057495, 0.9741000000000002, 0.974066967684015, '02:57']
[17, 0.0821944996714592, 0.08570873737335205, 0.9736999869346619, 0.9737, 0.9737036537570457, '02:57']
[18, 0.07881015539169312, 0.08505100756883621, 0.9740999937057495, 0.9741, 0.9740758755271619, '02:59']
[19, 0.0728163793683052, 0.08605256676673889, 0.9742000102996826, 0.9742, 0.9741886027346258, '02:56']
[20, 0.0708853229880333, 0.08600150793790817, 0.9747999906539917, 0.9748000000000001, 0.974773398478282, '02:56']
[21, 0.06622301787137985, 0.08397237211465836, 0.9750999808311462, 0.9751, 0.9750951016415623, '02:56']
[22, 0.0690869688987732, 0.08173633366823196, 0.9757999777793884, 0.9758000000000001, 0.9757935084109801, '02:57']
[23, 0.06688258051872253, 0.08344826102256775, 0.9757000207901001, 0.9757, 0.9757045763623609, '02:57']
[24, 0.056192755699157715, 0.08245351165533066, 0.9747999906539917, 0.9747999999999999, 0.9747819894362071, '02:57']
[25, 0.05789809674024582, 0.08247432112693787, 0.9760000109672546, 0.976, 0.9760060127896024, '02:57']
[26, 0.05760200694203377, 0.08274202793836594, 0.9764000177383423, 0.9763999999999999, 0.9763837659932898, '02:57']
[27, 0.05989866703748703, 0.08141544461250305, 0.9764999747276306, 0.9765, 0.9764804003885368, '03:02']
[28, 0.05800743028521538, 0.0817713513970375, 0.9758999943733215, 0.9759, 0.9758886104554823, '02:56']
[29, 0.053419068455696106, 0.08301759511232376, 0.9758999943733215, 0.9759, 0.9758944519962999, '02:56']

Tiempo de entrenamiento: 5455.17 segundos
/mnt/homeGPU/haoweihu/TFG/lib/python3.10/site-packages/fastai/learner.py:455: UserWarning: load_learner` uses Python's insecure pickle module, which can execute malicious arbitrary code when loading. Only load files you trust.
If you only need to load model weights and optimizer state, use the safe `Learner.load` instead.
  warn("load_learner` uses Python's insecure pickle module, which can execute malicious arbitrary code when loading. Only load files you trust.\nIf you only need to load model weights and optimizer state, use the safe `Learner.load` instead.")
Loss (valid): 0.0830
Accuracy (valid): 0.9759
Recall (valid): 0.9759
F1-Score (valid): 0.9759
Loss (test): 0.0827
Accuracy (test): 0.9755
Recall (test): 0.9755
F1-Score (test): 0.9755
mail: cannot send message: Process exited with a non-zero status
