---------------------------------------------------------------------------
--------------------------MODELOS Quantize Otsu-----------------------------
---------------------------------------------------------------------------
---------------------------------------------------------------------------
Ejecutando: mnist_base_otsu
---------------------------------------------------------------------------
Número total de imágenes en entrenamiento: 48000
Número total de imágenes en validación: 12000

Clases: ['0', '1', '2', '3', '4', '5', '6', '7', '8', '9']
[0, 1.0142602920532227, 0.8532739877700806, 0.7838333249092102, 0.7803738311074172, 0.7797598091182592, '06:11']
[1, 0.3447607755661011, 0.33641618490219116, 0.8968333601951599, 0.8957685203234851, 0.8950224249860546, '02:46']
[2, 0.1992902159690857, 0.17742881178855896, 0.9480000138282776, 0.947831953432483, 0.9474228092373412, '02:27']
[3, 0.12092246860265732, 0.12205725163221359, 0.9618333578109741, 0.9611258840706816, 0.9613845951848818, '02:47']
[4, 0.08596999943256378, 0.10913381725549698, 0.965666651725769, 0.9653406381922842, 0.9652611149774304, '02:41']
[5, 0.0639767050743103, 0.07787983119487762, 0.9769166707992554, 0.9762853474607448, 0.9766663892068351, '02:43']
[6, 0.0607747919857502, 0.07223503291606903, 0.9760000109672546, 0.9754118717903321, 0.9755946150248096, '03:05']
[7, 0.04536876454949379, 0.06493920087814331, 0.9809166789054871, 0.9802985994624125, 0.9806067826235523, '02:39']
[8, 0.03424747660756111, 0.046813562512397766, 0.98458331823349, 0.9846417955144202, 0.9845002128825142, '02:35']
[9, 0.030559400096535683, 0.052730780094861984, 0.9838333129882812, 0.9837596842485057, 0.9836829457891287, '02:45']
[10, 0.02905302122235298, 0.04500662907958031, 0.9865833520889282, 0.9864979984556534, 0.9864493164879405, '02:32']
[11, 0.027724089100956917, 0.05560484156012535, 0.984000027179718, 0.9837633166387393, 0.9838507558602021, '02:37']
[12, 0.018631771206855774, 0.0454833060503006, 0.9870833158493042, 0.9870496887693765, 0.9869810912336939, '02:46']
[13, 0.02114465832710266, 0.04513151943683624, 0.9878333210945129, 0.987554965583139, 0.9877005610929057, '02:41']
[14, 0.014315345324575901, 0.04807319492101669, 0.9869166612625122, 0.9868279104403251, 0.9867856836580178, '02:40']
[15, 0.014229997992515564, 0.04853202402591705, 0.9885833263397217, 0.9886060446247174, 0.988521218934569, '02:47']
No improvement since epoch 10: early stopping

Tiempo de entrenamiento: 2811.10 segundos
/mnt/homeGPU/haoweihu/TFG/lib/python3.10/site-packages/fastai/learner.py:455: UserWarning: load_learner` uses Python's insecure pickle module, which can execute malicious arbitrary code when loading. Only load files you trust.
If you only need to load model weights and optimizer state, use the safe `Learner.load` instead.
  warn("load_learner` uses Python's insecure pickle module, which can execute malicious arbitrary code when loading. Only load files you trust.\nIf you only need to load model weights and optimizer state, use the safe `Learner.load` instead.")
Loss: 0.0485
Accuracy: 0.9886
Recall: 0.9886
F1-Score: 0.9885
Loss: 0.03909481316804886
Accuracy: 0.9890825152397156
Recall (macro): 0.9891428097935145
F1 Score (macro): 0.9890703708963325
---------------------------------------------------------------------------
Ejecutando: fmnist_base_otsu
---------------------------------------------------------------------------
Número total de imágenes en entrenamiento: 48000
Número total de imágenes en validación: 12000

Clases: ['Ankle boot', 'Bag', 'Coat', 'Dress', 'Pullover', 'Sandal', 'Shirt', 'Sneaker', 'Trouser', 'top']
[0, 1.0563926696777344, 0.9907887578010559, 0.6486666798591614, 0.6481313706384738, 0.6042321420803558, '06:04']
[1, 0.7402485013008118, 0.72469562292099, 0.7274166941642761, 0.7259057351269391, 0.7236253370844551, '02:51']
[2, 0.6290749907493591, 0.6124767661094666, 0.7750833630561829, 0.7735186937442731, 0.7751554173977343, '02:31']
[3, 0.5581323504447937, 0.5322460532188416, 0.8027499914169312, 0.8019883570888633, 0.7960456982478895, '02:46']
[4, 0.47068825364112854, 0.46616312861442566, 0.8288333415985107, 0.8280197372749585, 0.827885750786311, '02:49']
[5, 0.45511117577552795, 0.4361764192581177, 0.8369166851043701, 0.8353637827694584, 0.8366500378963965, '02:46']
[6, 0.42563965916633606, 0.4094228148460388, 0.8460000157356262, 0.8447860428386831, 0.8453689262258998, '02:50']
[7, 0.4012617766857147, 0.3947511315345764, 0.856083333492279, 0.8557545722307035, 0.852876023675304, '02:43']
[8, 0.3406730890274048, 0.36935561895370483, 0.8619166612625122, 0.8610440250404018, 0.8588388886521694, '02:22']
[9, 0.33970868587493896, 0.35325247049331665, 0.8723333477973938, 0.8715544380293245, 0.8703041632714921, '02:34']
[10, 0.3284921646118164, 0.3428839147090912, 0.871666669845581, 0.8712949762856199, 0.8692830900409279, '02:30']
[11, 0.31347399950027466, 0.33824393153190613, 0.8744999766349792, 0.8735629142990453, 0.8744141284811796, '02:33']
[12, 0.3067646622657776, 0.3550339341163635, 0.8689166903495789, 0.868096913388435, 0.8684391348167138, '02:34']
[13, 0.29494592547416687, 0.33011505007743835, 0.8795833587646484, 0.8787269060312022, 0.8786644541056985, '02:43']
[14, 0.28371334075927734, 0.34073910117149353, 0.8724166750907898, 0.8720126547859735, 0.8688939095989572, '02:35']
[15, 0.2678768038749695, 0.3346315324306488, 0.8796666860580444, 0.8787362212437582, 0.8794340665407676, '02:20']
[16, 0.24833543598651886, 0.3419936001300812, 0.8792499899864197, 0.8784957543335159, 0.877464792239031, '02:42']
[17, 0.24756672978401184, 0.33540260791778564, 0.878250002861023, 0.877783808554901, 0.8761575746766125, '02:33']
[18, 0.23581905663013458, 0.3369779884815216, 0.8804166913032532, 0.8797969094491895, 0.8791653279609959, '02:20']
No improvement since epoch 13: early stopping

Tiempo de entrenamiento: 3194.07 segundos
/mnt/homeGPU/haoweihu/TFG/lib/python3.10/site-packages/fastai/learner.py:455: UserWarning: load_learner` uses Python's insecure pickle module, which can execute malicious arbitrary code when loading. Only load files you trust.
If you only need to load model weights and optimizer state, use the safe `Learner.load` instead.
  warn("load_learner` uses Python's insecure pickle module, which can execute malicious arbitrary code when loading. Only load files you trust.\nIf you only need to load model weights and optimizer state, use the safe `Learner.load` instead.")
Loss: 0.3370
Accuracy: 0.8804
Recall: 0.8798
F1-Score: 0.8792
Loss: 0.362693727016449
Accuracy: 0.8692908883094788
Recall (macro): 0.8693276477336888
F1 Score (macro): 0.8689931286295149
---------------------------------------------------------------------------
Ejecutando: cifar_base_otsu
---------------------------------------------------------------------------
Número total de imágenes en entrenamiento: 40000
Número total de imágenes en validación: 10000

Clases: ['airplane', 'automobile', 'bird', 'cat', 'deer', 'dog', 'frog', 'horse', 'ship', 'truck']
[0, 2.211920976638794, 2.1978647708892822, 0.20669999718666077, 0.2063593602899651, 0.1732520511392697, '04:54']
[1, 2.0684397220611572, 2.054271697998047, 0.26600000262260437, 0.2658813696785286, 0.25059857831537385, '02:21']
[2, 1.920531153678894, 1.919481873512268, 0.30889999866485596, 0.30764724603171717, 0.30136372249604754, '02:02']
[3, 1.8204234838485718, 1.8680802583694458, 0.33149999380111694, 0.3303595700076876, 0.31408964041816495, '02:08']
[4, 1.775717854499817, 1.8044685125350952, 0.35249999165534973, 0.3514408479139624, 0.34178591125162294, '02:07']
[5, 1.7389140129089355, 1.7331730127334595, 0.38429999351501465, 0.38313062233848044, 0.3786024539647804, '02:04']
[6, 1.68808913230896, 1.7470366954803467, 0.3856000006198883, 0.3834607630022326, 0.37553814403153724, '02:07']
[7, 1.6181352138519287, 1.6782742738723755, 0.4032000005245209, 0.4029483369697055, 0.3904731518534451, '02:00']
[8, 1.576460361480713, 1.6397175788879395, 0.41659998893737793, 0.41411728974479906, 0.4036140289130838, '01:59']
[9, 1.5434495210647583, 1.6369736194610596, 0.42100000381469727, 0.42128740278817417, 0.42263776860458374, '02:10']
[10, 1.5073214769363403, 1.6207406520843506, 0.4307999908924103, 0.4309940652595771, 0.4311299621128682, '02:15']
[11, 1.4822983741760254, 1.6033653020858765, 0.4350999891757965, 0.43401713597957164, 0.43529245833349994, '01:58']
[12, 1.432736873626709, 1.5794304609298706, 0.4399000108242035, 0.4391848182099431, 0.43387690089599396, '02:19']
[13, 1.3950614929199219, 1.5594770908355713, 0.4577000141143799, 0.45640517127293145, 0.45474893717208137, '02:17']
[14, 1.3918888568878174, 1.5636166334152222, 0.4514999985694885, 0.4489738447563917, 0.4454477357750399, '02:08']
[15, 1.3516831398010254, 1.56648850440979, 0.4629000127315521, 0.4620273928644288, 0.45399651398339114, '02:12']
[16, 1.324367880821228, 1.5702393054962158, 0.4627000093460083, 0.462522816224131, 0.45604143327652336, '02:02']
[17, 1.2844280004501343, 1.5564489364624023, 0.4691999852657318, 0.4688724786616473, 0.4620868727447941, '02:15']
[18, 1.2615238428115845, 1.5667752027511597, 0.460999995470047, 0.46105697094286124, 0.45765920072964406, '01:59']
[19, 1.2448774576187134, 1.5576539039611816, 0.47119998931884766, 0.4703013872259098, 0.46463030645906994, '02:19']
[20, 1.2160334587097168, 1.5536394119262695, 0.4715999960899353, 0.4715521225287952, 0.46690976182276656, '02:08']
[21, 1.2151552438735962, 1.5647774934768677, 0.46720001101493835, 0.46730937193663113, 0.4619409264373152, '02:21']
[22, 1.1870439052581787, 1.5580074787139893, 0.47380000352859497, 0.4733190619988569, 0.47238456736502943, '02:24']
[23, 1.1378449201583862, 1.568305492401123, 0.4731000065803528, 0.4725809712144204, 0.4698173176266547, '02:12']
[24, 1.1294927597045898, 1.566884994506836, 0.47510001063346863, 0.4747998638523791, 0.47124653955879436, '02:19']
[25, 1.1329165697097778, 1.5656546354293823, 0.4724999964237213, 0.47213831976078363, 0.46970615800170845, '02:10']
No improvement since epoch 20: early stopping

Tiempo de entrenamiento: 3561.29 segundos
/mnt/homeGPU/haoweihu/TFG/lib/python3.10/site-packages/fastai/learner.py:455: UserWarning: load_learner` uses Python's insecure pickle module, which can execute malicious arbitrary code when loading. Only load files you trust.
If you only need to load model weights and optimizer state, use the safe `Learner.load` instead.
  warn("load_learner` uses Python's insecure pickle module, which can execute malicious arbitrary code when loading. Only load files you trust.\nIf you only need to load model weights and optimizer state, use the safe `Learner.load` instead.")
Loss: 1.5657
Accuracy: 0.4725
Recall: 0.4721
F1-Score: 0.4697
Loss: 1.5529423952102661
Accuracy: 0.4772636294364929
Recall (macro): 0.4772044310380969
F1 Score (macro): 0.47346723005513436
mail: cannot send message: Process exited with a non-zero status
